
 Primary working directories    : /scratch/saurabh/PBS_8115404.helios
 Secondary working directories  : /scratch/saurabh/PBS_8115404.helios
 Wavefunction directory         : /scratch/saurabh/PBS_8115404.helios/
 Main file repository           : /scratch/saurabh/PBS_8115404.helios/

 SHA1      : f6387f0c468d0184d0b38d85973bdb066f718752
 NAME      : 2015.1.44
 ARCHNAME  : linux/x86_64
 FC        : /opt/may/bin/gfortran
 BLASLIB   : -Wl,-_start-group /opt/intel/mkl/lib/intel64/libmkl_gf_ilp64.a /opt/intel/mkl/lib/intel64/libmkl_gnu_thread.a /opt/intel/mkl/lib/intel64/libmkl_core.a -Wl,-_end-group
 id        : ramakrishnan

 Nodes             nprocs
 hel07.tifrh.res.in    8

 Using DEFAULT tuning parameter for ncache   :   16384
 Using DEFAULT tuning parameter for mflopdgm :   10000
 Using DEFAULT tuning parameter for mflopdgv :    4000
 Using DEFAULT tuning parameter for mflopmxm :    5000
 Using DEFAULT tuning parameter for mflopmxv :    4000
 Using DEFAULT tuning parameter for mindgm   :       1
 Using DEFAULT tuning parameter for mindgc   :       4
 Using DEFAULT tuning parameter for mindgf   :    5000
 Using DEFAULT tuning parameter for mindgl   :       4
 Using DEFAULT tuning parameter for mindgr   :       1
 Using DEFAULT tuning parameter for mindgv   :      20
 Using DEFAULT tuning parameter for mincuda  :     500
 Using DEFAULT tuning parameter for mxmblk   :      64
 Using DEFAULT tuning parameter for mxmbln   :      64
 Using DEFAULT tuning parameter for nroll    :       2
 Using custom tuning parameter for ngpus     :       0
 Using customized tuning parameters: mindgm=1; mindgv=20; mindgc=4; mindgr=1; noblas=0; minvec=7
 default implementation of scratch files=sf  

 ***,TS_03
 memory,64,g
 geometry={
 C  2.125538   0.317637   -0.439337
 C  1.753148   -1.013855  -0.192889
 C  0.551413   -1.304265  0.400823
 C  -0.388931  -0.257113  0.701808
 C  0.071230   1.096344   0.545220
 C  1.280295   1.364514   -0.051183
 H  -0.575937  1.902832   0.862965
 H  0.265764   -2.327483  0.600119
 H  2.431758   -1.814259  -0.457002
 O  -1.608256  -0.477850  -0.596988
 H  -1.107861  -0.448549  1.487497
 O  -2.802062  0.170289   -0.210945
 H  -2.752171  1.004793   -0.697993
 H  3.074573   0.534362   -0.910113
 H  1.590261   2.389220   -0.208657
  }
 basis={
                                                                            ! oxygen               (10s,5p,4d,2f) -&gt; [10s,5p,4d,2f]
 s, O , 0.1533000000E+05, 0.2299000000E+04, 0.5224000000E+03, 0.1473000000E+03, 0.4755000000E+02, 0.1676000000E+02, 0.6207000000E+01, 0.1752000000E+01, 0.6882000000E+00, 0.2384000000E+00
 c, 1.1, 0.1000000000E+01
 c, 2.2, 0.1000000000E+01
 c, 3.3, 0.1000000000E+01
 c, 4.4, 0.1000000000E+01
 c, 5.5, 0.1000000000E+01
 c, 6.6, 0.1000000000E+01
 c, 7.7, 0.1000000000E+01
 c, 8.8, 0.1000000000E+01
 c, 9.9, 0.1000000000E+01
 c, 10.10, 0.1000000000E+01
 p, O , 0.3446000000E+02, 0.7749000000E+01, 0.2280000000E+01, 0.7156000000E+00, 0.2140000000E+00
 c, 1.1, 0.1000000000E+01
 c, 2.2, 0.1000000000E+01
 c, 3.3, 0.1000000000E+01
 c, 4.4, 0.1000000000E+01
 c, 5.5, 0.1000000000E+01
 d, O , 0.2100000000E+02, 0.7000000000E+01, 0.2314000000E+01, 0.6450000000E+00
 c, 1.1, 0.1000000000E+01
 c, 2.2, 0.1000000000E+01
 c, 3.3, 0.1000000000E+01
 c, 4.4, 0.1000000000E+01
 f, O , 0.4300000000E+01, 0.1428000000E+01
 c, 1.1, 0.1000000000E+01
 c, 2.2, 0.1000000000E+01
                                                                                 ! hydrogen             (5s,2p,1d) -&gt; [5s,2p,1d]
 s, H , 0.3387000000E+02, 0.5095000000E+01, 0.1159000000E+01, 0.3258000000E+00, 0.1027000000E+00
 c, 1.1, 0.1000000000E+01
 c, 2.2, 0.1000000000E+01
 c, 3.3, 0.1000000000E+01
 c, 4.4, 0.1000000000E+01
 c, 5.5, 0.1000000000E+01
 p, H , 0.1407000000E+01, 0.3880000000E+00
 c, 1.1, 0.1000000000E+01
 c, 2.2, 0.1000000000E+01
 d, H , 0.1057000000E+01
 c, 1.1, 0.1000000000E+01
                                                                            ! carbon               (10s,5p,4d,2f) -&gt; [10s,5p,4d,2f]
 s, C , 0.8236000000E+04, 0.1235000000E+04, 0.2808000000E+03, 0.7927000000E+02, 0.2559000000E+02, 0.8997000000E+01, 0.3319000000E+01, 0.9059000000E+00, 0.3643000000E+00, 0.1285000000E+00
 c, 1.1, 0.1000000000E+01
 c, 2.2, 0.1000000000E+01
 c, 3.3, 0.1000000000E+01
 c, 4.4, 0.1000000000E+01
 c, 5.5, 0.1000000000E+01
 c, 6.6, 0.1000000000E+01
 c, 7.7, 0.1000000000E+01
 c, 8.8, 0.1000000000E+01
 c, 9.9, 0.1000000000E+01
 c, 10.10, 0.1000000000E+01
 p, C , 0.1871000000E+02, 0.4133000000E+01, 0.1200000000E+01, 0.3827000000E+00, 0.1209000000E+00
 c, 1.1, 0.1000000000E+01
 c, 2.2, 0.1000000000E+01
 c, 3.3, 0.1000000000E+01
 c, 4.4, 0.1000000000E+01
 c, 5.5, 0.1000000000E+01
 d, C , 0.1000000000E+02, 0.3300000000E+01, 0.1097000000E+01, 0.3180000000E+00
 c, 1.1, 0.1000000000E+01
 c, 2.2, 0.1000000000E+01
 c, 3.3, 0.1000000000E+01
 c, 4.4, 0.1000000000E+01
 f, C , 0.2300000000E+01, 0.7610000000E+00
 c, 1.1, 0.1000000000E+01
 c, 2.2, 0.1000000000E+01
 }
 DKROLL=1
 DKHO=2
 {rhf
 wf,59,1,1
 }
 {uccsd(t)
 core}
 

 Fortran compiler diagnostic
 ***************************

 integer size                  8
 double precision size         8
 logical size                  8

 diagnostic completed successfully

 Variables initialized (889), CPU time= 0.02 sec
 Commands  initialized (702), CPU time= 0.02 sec, 572 directives.
 Default parameters read. Elapsed time= 0.12 sec

 Using DEFAULT tuning parameter for mpplat   :       3
 Using DEFAULT tuning parameter for mppspeed :    1600
 Checking input...
 Passed
1


                                         ***  PROGRAM SYSTEM MOLPRO  ***
                                       Copyright, TTI GmbH Stuttgart, 2015
                                    Version 2015.1 linked Jun  9 2019 06:55:40


 **********************************************************************************************************************************
 LABEL *   TS_03                                                                         
  64 bit mpp version                                                                     DATE: 07-Jan-22          TIME: 08:35:45  
 **********************************************************************************************************************************

 SHA1:             f6387f0c468d0184d0b38d85973bdb066f718752
 **********************************************************************************************************************************

Geometry recognized as XYZ


 Variable memory set to ********** words,  buffer space   230000 words

 SETTING BASIS          =    USERDEF
 SETTING DKROLL         =         1.00000000                                  
 SETTING DKHO           =         2.00000000                                  


 Recomputing integrals since basis changed


 Using spherical harmonics



 PROGRAM * SEWARD (Integral evaluation for generally contracted gaussian basis sets)     Author: Roland Lindh, 1990

 Geometry written to block  1 of record 700


 Point group  C1  



 ATOMIC COORDINATES

 NR  ATOM    CHARGE       X              Y              Z

   1  C       6.00    4.016684687    0.600246937   -0.830226606
   2  C       6.00    3.312969576   -1.915908280   -0.364507382
   3  C       6.00    1.042019552   -2.464703644    0.757445694
   4  C       6.00   -0.734973071   -0.485873153    1.326224912
   5  C       6.00    0.134605192    2.071789898    1.030316478
   6  C       6.00    2.419406909    2.578557753   -0.096721852
   7  H       1.00   -1.088363195    3.595831341    1.630767505
   8  H       1.00    0.502221174   -4.398305430    1.134060552
   9  H       1.00    4.595356621   -3.428452629   -0.863608618
  10  O       8.00   -3.039163378   -0.903005629   -1.128143820
  11  H       1.00   -2.093553874   -0.847634763    2.810961941
  12  O       8.00   -5.295129764    0.321799572   -0.398628277
  13  H       1.00   -5.200849438    1.898783582   -1.319015607
  14  H       1.00    5.810100920    1.009797831   -1.719864312
  15  H       1.00    3.005157757    4.514971451   -0.394304584

 Bond lengths in Bohr (Angstrom)

  1- 2  2.653892694   1- 6  2.646325606   1-14  2.043411110   2- 3  2.591750195   2- 9  2.044849380
       ( 1.404379534)       ( 1.400375203)       ( 1.081326592)       ( 1.371495139)       ( 1.082087691)

  3- 4  2.719739453   3- 8  2.042556463   4- 5  2.717603437   4-10  3.392229111   4-11  2.044763386
       ( 1.439224138)       ( 1.080874332)       ( 1.438093807)       ( 1.795090340)       ( 1.082042186)

  5- 6  2.597565772   5- 7  2.044234681   6-15  2.044836802  10-12  2.668656036  12-13  1.828354502
       ( 1.374572610)       ( 1.081762407)       ( 1.082081036)       ( 1.412191958)       ( 0.967523536)

 Bond angles

  1- 2- 3  120.60163479   1- 2- 9  119.48339053   1- 6- 5  120.35293063   1- 6-15  119.64961563

  2- 1- 6  120.00536229   2- 1-14  119.94355775   2- 3- 4  120.59487712   2- 3- 8  120.78614700

  3- 2- 9  119.90340374   3- 4- 5  116.93144997   3- 4-10  101.71388554   3- 4-11  117.20911583

  4- 3- 8  118.52487374   4- 5- 6  120.81763585   4- 5- 7  118.57069935   4-10-12  108.66231065

  5- 4-10  104.73189098   5- 4-11  117.26929418   5- 6-15  119.99034559   6- 1-14  120.03858161

  6- 5- 7  120.54497260  10- 4-11   92.99787176  10-12-13  102.39544226

 NUCLEAR CHARGE:                   59
 NUMBER OF PRIMITIVE AOS:         671
 NUMBER OF SYMMETRY AOS:          584
 NUMBER OF CONTRACTIONS:          584   ( 584A   )
 NUMBER OF CORE ORBITALS:           8   (   8A   )
 NUMBER OF VALENCE ORBITALS:       39   (  39A   )


 NUCLEAR REPULSION ENERGY  349.76126910

 One-electron integrals computed with SEWARD

 2nd-order Douglas-Kroll-Hess method activated. Optimal DKH parametrization is used.

 Computing Douglas-Kroll / X2C integrals

 AO integral compression algorithm  1   Integral accuracy      1.0D-11

     19744.162 MB (compressed) written to integral file ( 16.4%)

     Node minimum: 2329.149 MB, node maximum: 2617.508 MB


 NUMBER OF SORTED TWO-ELECTRON INTEGRALS: 1823717024.     BUFFER LENGTH:  32768
 NUMBER OF SEGMENTS:  58  SEGMENT LENGTH:   31996696      RECORD LENGTH: 524288

 Memory used in sort:      32.55 MW

 SORT1 READ 15007604949. AND WROTE   634433980. INTEGRALS IN   1844 RECORDS. CPU TIME:   289.13 SEC, REAL TIME:   301.03 SEC
 SORT2 READ  5080493842. AND WROTE 14589821610. INTEGRALS IN  79880 RECORDS. CPU TIME:    28.58 SEC, REAL TIME:   432.48 SEC

 Node minimum:  1823652968.  Node maximum:  1823802436. integrals

 OPERATOR DM      FOR CENTER  0  COORDINATES:    0.000000    0.000000    0.000000


 Eigenvalues of metric

         1 0.420E-04 0.287E-03 0.349E-03 0.366E-03 0.505E-03 0.522E-03 0.578E-03 0.616E-03


 **********************************************************************************************************************************
 DATASETS  * FILE   NREC   LENGTH (MB)   RECORD NAMES
              1      22       42.16       500      610      700      900      950      970     1000      129      960     1700   
                                          VAR    BASINP    GEOM    SYMINP    ZMAT    AOBASIS   BASIS     P2S    ABASIS    OPER   
                                         1101     1401     1411     1412     1650     1100     1400     1410     1200     1210   
                                          SR      EKINR    POTR     PVPR    MOLCAS      S      EKIN      POT      H0       H01  
                                         1080     1600   
                                         AOSYM     SMH  

 PROGRAMS   *        TOTAL       INT
 CPU TIMES  *       380.22    380.03
 REAL TIME  *       835.03 SEC
 DISK USED  *        79.79 GB      
 GA USED    *         0.01 MB       (max)       0.00 MB       (current)
 **********************************************************************************************************************************


 PROGRAM * RHF-SCF (OPEN SHELL)       Authors: W. Meyer, H.-J. Werner


 NUMBER OF ELECTRONS:      30+   29-    SPACE SYMMETRY=1    SPIN SYMMETRY: Doublet 
 CONVERGENCE THRESHOLDS:    1.00E-05 (Density)    1.18E-07 (Energy)
 MAX. NUMBER OF ITERATIONS:       60
 INTERPOLATION TYPE:            DIIS
 INTERPOLATION STEPS:              2 (START)      1 (STEP)
 LEVEL SHIFTS:                 -0.60 (CLOSED) -0.30 (OPEN) 



 Orbital guess generated from atomic densities. Full valence occupancy:   30

 Molecular orbital dump at record        2100.2

 Initial alpha occupancy:  30
 Initial beta  occupancy:  29
 Wave function symmetry:    1

 ITERATION    DDIFF          GRAD             ENERGY        2-EL.EN.            DIPOLE MOMENTS         DIIS   ORB.
    1      0.000D+00      0.000D+00      -381.03788059    966.491880    0.66218    1.00156    0.17929    0    start
    2      0.000D+00      0.204D-02      -381.10693539    964.895027    0.93491    0.75672    0.16704    1    diag,B
    3      0.652D-03      0.698D-03      -381.12048171    964.844721    0.93389    0.68520    0.18141    2    diag,B
    4      0.322D-03      0.298D-03      -381.12442449    964.922963    1.00123    0.66362    0.20713    3    diag,B
    5      0.255D-03      0.924D-04      -381.12490421    964.887126    1.02375    0.65831    0.21293    4    diag,B
    6      0.985D-04      0.420D-04      -381.12510914    964.897114    1.05019    0.66063    0.22405    5    diag,B
    7      0.640D-04      0.280D-04      -381.12524282    964.897070    1.07081    0.66167    0.23148    6    fixocc
    8      0.389D-04      0.226D-04      -381.12538015    964.897845    1.09151    0.66343    0.24006    7    diag,B
    9      0.346D-04      0.204D-04      -381.12558972    964.901450    1.12255    0.66645    0.25257    8    diag,B
   10      0.517D-04      0.176D-04      -381.12588086    964.902010    1.16877    0.67125    0.27069    9    orth
   11      0.829D-04      0.133D-04      -381.12601497    964.904725    1.19411    0.67420    0.27984    9    diag,B
   12      0.468D-04      0.104D-04      -381.12612162    964.899754    1.22814    0.67726    0.28984    9    diag,B
   13      0.697D-04      0.846D-05      -381.12612449    964.906907    1.22453    0.67731    0.28779    9    diag,B
   14      0.206D-04      0.646D-05      -381.12614643    964.902582    1.24419    0.67900    0.29229    9    diag,B
   15      0.424D-04      0.414D-05      -381.12614859    964.905689    1.24253    0.67903    0.29124    9    diag,B
   16      0.879D-05      0.143D-05      -381.12614932    964.905861    1.24408    0.67915    0.29134    9    diag,B
   17      0.348D-05      0.104D-05      -381.12614972    964.905785    1.24505    0.67913    0.29147    9    diag,B
   18      0.254D-05      0.775D-06      -381.12615003    964.905991    1.24516    0.67898    0.29142    9    diag,B
   19      0.148D-05      0.585D-06      -381.12615027    964.905928    1.24563    0.67879    0.29153    9    diag,B
   20      0.213D-05      0.339D-06      -381.12615033    964.905876    1.24580    0.67867    0.29160    9    orth
   21      0.109D-05      0.195D-06      -381.12615034    964.905916    1.24577    0.67862    0.29161    0    orth

 Final alpha occupancy:  30
 Final beta  occupancy:  29

 !RHF STATE 1.1 Energy               -381.126150337019
 Nuclear energy                       349.76126910
 One-electron energy                -1213.34037734
 Two-electron energy                  482.45295790
 Virial quotient                       -0.99766763
 !RHF STATE 1.1 Dipole moment           1.24577438     0.67861722     0.29160980
 Dipole moment /Debye                   3.16623524     1.72475996     0.74114964

 Orbital energies:

         1.1          2.1          3.1          4.1          5.1          6.1          7.1          8.1          9.1         10.1
    -20.602606   -20.596013   -11.303504   -11.266357   -11.259062   -11.256268   -11.254458   -11.254303    -1.430088    -1.177670

        11.1         12.1         13.1         14.1         15.1         16.1         17.1         18.1         19.1         20.1
     -1.123051    -1.036724    -1.020741    -0.850671    -0.839217    -0.727936    -0.682760    -0.665060    -0.641896    -0.607610

        21.1         22.1         23.1         24.1         25.1         26.1         27.1         28.1         29.1         30.1
     -0.605685    -0.590385    -0.564424    -0.523317    -0.506412    -0.485886    -0.438895    -0.401446    -0.361562    -0.286463

        31.1         32.1
      0.106892     0.133371

 HOMO     30.1    -0.286463 =      -7.7951eV
 LUMO     31.1     0.106892 =       2.9087eV
 LUMO-HOMO         0.393356 =      10.7038eV


 **********************************************************************************************************************************
 DATASETS  * FILE   NREC   LENGTH (MB)   RECORD NAMES
              1      22       42.16       500      610      700      900      950      970     1000      129      960     1700   
                                          VAR    BASINP    GEOM    SYMINP    ZMAT    AOBASIS   BASIS     P2S    ABASIS    OPER   
                                         1101     1401     1411     1412     1650     1100     1400     1410     1200     1210   
                                          SR      EKINR    POTR     PVPR    MOLCAS      S      EKIN      POT      H0       H01  
                                         1080     1600   
                                         AOSYM     SMH  

              2       4       12.64       700     1000      520     2100   
                                         GEOM     BASIS   MCVARS     RHF  

 PROGRAMS   *        TOTAL       RHF       INT
 CPU TIMES  *       736.00    355.77    380.03
 REAL TIME  *      1233.11 SEC
 DISK USED  *        80.63 GB      
 SF USED    *         1.37 MB      
 GA USED    *         0.01 MB       (max)       0.00 MB       (current)
 **********************************************************************************************************************************


 PROGRAM * CCSD (Unrestricted open-shell coupled cluster)     Authors: C. Hampel, H.-J. Werner, 1991, M. Deegan, P.J. Knowles, 1992


 Convergence thresholds:  THRVAR = 1.00D-08  THRDEN = 1.18D-06

 CCSD(T)     terms to be evaluated (factor= 1.000)


 Number of closed-shell orbitals:  29 (  29 )
 Number of active  orbitals:        1 (   1 )
 Number of external orbitals:     554 ( 554 )

 Memory could be reduced to 7616.94 Mwords without degradation in triples

 Number of N-1 electron functions:              59
 Number of N-2 electron functions:            1711
 Number of singly external CSFs:             32745
 Number of doubly external CSFs:         397272885
 Total number of CSFs:                   397305630

 Molecular orbitals read from record     2100.2  Type=RHF/CANONICAL (state 1.1)

 Integral transformation finished. Total CPU:1106.99 sec, npass=  1  Memory used:3351.72 MW

 Starting RMP2 calculation

 ITER.      SQ.NORM     CORR.ENERGY   TOTAL ENERGY   ENERGY CHANGE        DEN1      VAR(S)    VAR(P)  DIIS     TIME
   1      1.47185615    -1.89298159  -383.01913193    -1.89298159    -0.00574182  0.18D-03  0.25D-02  1  1  1243.27
   2      1.47839466    -1.89916599  -383.02531633    -0.00618440    -0.00001689  0.38D-05  0.11D-04  2  2  1509.47
   3      1.47875277    -1.89932452  -383.02547486    -0.00015853    -0.00000013  0.56D-07  0.75D-07  3  3  1637.39
   4      1.47877011    -1.89932720  -383.02547754    -0.00000268    -0.00000000  0.56D-09  0.30D-09  4  4  1790.82
   5      1.47877055    -1.89932730  -383.02547763    -0.00000009    -0.00000000  0.10D-10  0.12D-11  5  5  1926.30

 Norm of t1 vector:      0.09260734      S-energy:    -0.00634847      T1 diagnostic:  0.00020409
 Norm of t2 vector:      0.68570725      P-energy:    -1.89297883
                                         Alpha-Beta:  -1.47538208
                                         Alpha-Alpha: -0.21616259
                                         Beta-Beta:   -0.20143416

 Spin contamination <S**2-Sz**2-Sz>     0.00272709
  Reference energy                   -381.126150337016
  RHF-RMP2 correlation energy          -1.899327295899
 !RHF-RMP2 energy                    -383.025477632914

 Starting UCCSD calculation

 ITER.      SQ.NORM     CORR.ENERGY   TOTAL ENERGY   ENERGY CHANGE        DEN1      VAR(S)    VAR(P)  DIIS     TIME
   1      1.45295225    -1.87301609  -382.99916642    -1.87301609    -0.04709608  0.10D-01  0.85D-02  0  0  5331.49
   2      1.49480189    -1.91567639  -383.04182672    -0.04266030    -0.00508206  0.86D-03  0.17D-02  1  1  8836.54
   3      1.51175382    -1.92038123  -383.04653157    -0.00470484    -0.00125633  0.92D-03  0.26D-03  2  2 12178.85
   4      1.52791933    -1.92648424  -383.05263457    -0.00610301    -0.00033787  0.26D-03  0.72D-04  3  3 15633.26
   5      1.54070003    -1.92847732  -383.05462766    -0.00199309    -0.00014914  0.19D-03  0.16D-04  4  4 19037.84
   6      1.55049628    -1.92899462  -383.05514495    -0.00051729    -0.00005723  0.60D-04  0.98D-05  5  5 22546.18
   7      1.55988309    -1.92949687  -383.05564721    -0.00050225    -0.00001887  0.18D-04  0.42D-05  6  6 26048.15
   8      1.56292349    -1.92961636  -383.05576670    -0.00011949    -0.00000685  0.58D-05  0.17D-05  6  1 29473.53
   9      1.56562848    -1.92972028  -383.05587062    -0.00010392    -0.00000222  0.20D-05  0.40D-06  6  3 32945.50
  10      1.56638892    -1.92972819  -383.05587852    -0.00000791    -0.00000057  0.47D-06  0.13D-06  6  5 36409.78
  11      1.56689028    -1.92975866  -383.05590900    -0.00003048    -0.00000021  0.16D-06  0.60D-07  6  2 39775.39
  12      1.56708196    -1.92976666  -383.05591699    -0.00000799    -0.00000007  0.55D-07  0.15D-07  6  4 43279.90
  13      1.56715509    -1.92976968  -383.05592002    -0.00000303    -0.00000003  0.27D-07  0.53D-08  6  6 46831.30
  14      1.56717124    -1.92976771  -383.05591805     0.00000197    -0.00000001  0.13D-07  0.25D-08  6  1 50315.68
  15      1.56715295    -1.92976400  -383.05591433     0.00000372    -0.00000001  0.57D-08  0.12D-08  6  3 53874.72
  16      1.56713536    -1.92976216  -383.05591249     0.00000184    -0.00000000  0.22D-08  0.55D-09  6  5 57492.40
  17      1.56711842    -1.92976107  -383.05591141     0.00000109    -0.00000000  0.80D-09  0.20D-09  6  2 60919.65

 Norm of t1 vector:      0.26757441      S-energy:    -0.00993485      T1 diagnostic:  0.01986992
                                                                       D1 diagnostic:  0.12156983
 Norm of t2 vector:      0.70393349      P-energy:    -1.91982622
                                         Alpha-Beta:  -1.54688721
                                         Alpha-Alpha: -0.19298391
                                         Beta-Beta:   -0.17995510

 Singles amplitudes (print threshold =  0.500E-01):

         I         SYM. A    A   T(IA) [Alpha-Alpha]

        29         1         2     -0.06614847

         I         SYM. A    A   T(IA) [Beta-Beta]

        28         1         1      0.16917721
        28         1         4      0.09691280
        29         1         2      0.05740083

 Doubles amplitudes (print threshold =  0.500E-01):

         I         J         SYM. A    SYM. B    A         B      T(IJ, AB) [Alpha-Beta]

        29        29         1         1         2         2     -0.07088947
        30        28         1         1         4         1      0.05840633
        30        29         1         1         2         1      0.05595975

 Spin contamination <S**2-Sz**2-Sz>     0.02603878

 Memory could be reduced to 8178.34 Mwords without degradation in triples


  Correlated core orbitals:             1.1       2.1       3.1       4.1       5.1       6.1       7.1       8.1
  Orbital energies:                   -20.6029  -20.5994  -11.3040  -11.2695  -11.2610  -11.2577  -11.2545  -11.2546

  UCCSD core-core energy               -0.295480750704
  UCCSD core-valence energy            -0.117436440993
  UCCSD valence correlation energy     -1.516843878547


 RESULTS
 =======

  Reference energy                   -381.126150337016
  UCCSD singles energy                 -0.009934854814
  UCCSD pair energy                    -1.919826215430
  UCCSD correlation energy             -1.929761070244
  Triples (T) contribution             -0.083322524294
  Total correlation energy             -2.013083594538

  RHF-UCCSD energy                   -383.055911407260
  RHF-UCCSD[T] energy                -383.142875969402
  RHF-UCCSD-T energy                 -383.138577088538
 !RHF-UCCSD(T) energy                -383.139233931554

 Program statistics:

 Available memory in ccsd:             63999992400
 Min. memory needed in ccsd:            1080539128
 Max. memory used in ccsd:              1597354003
 Max. memory used in cckext:            1187133809 (17 integral passes)
 Max. memory used in cckint:            3351715156 ( 1 integral passes)



 **********************************************************************************************************************************
 DATASETS  * FILE   NREC   LENGTH (MB)   RECORD NAMES
              1      22       42.16       500      610      700      900      950      970     1000      129      960     1700   
                                          VAR    BASINP    GEOM    SYMINP    ZMAT    AOBASIS   BASIS     P2S    ABASIS    OPER   
                                         1101     1401     1411     1412     1650     1100     1400     1410     1200     1210   
                                          SR      EKINR    POTR     PVPR    MOLCAS      S      EKIN      POT      H0       H01  
                                         1080     1600   
                                         AOSYM     SMH  

              2       4       12.64       700     1000      520     2100   
                                         GEOM     BASIS   MCVARS     RHF  

 PROGRAMS   *        TOTAL  UCCSD(T)       RHF       INT
 CPU TIMES  *    172491.10 171755.08    355.77    380.03
 REAL TIME  *    246857.21 SEC
 DISK USED  *       485.02 GB      
 SF USED    *       163.90 GB      
 GA USED    *         0.01 MB       (max)       0.00 MB       (current)
 **********************************************************************************************************************************

 UCCSD(T)/USERDEF energy=   -383.139233931554

        UCCSD(T)        RHF-SCF 
   -383.13923393   -381.12615034
 **********************************************************************************************************************************
 Molpro calculation terminated
 Variable memory released

 Fortran compiler diagnostic
 ***************************

 integer size                  8
 double precision size         8
 logical size                  8

 diagnostic completed successfully
