
 Primary working directories    : /scratch/saurabh/PBS_8115110.helios
 Secondary working directories  : /scratch/saurabh/PBS_8115110.helios
 Wavefunction directory         : /scratch/saurabh/PBS_8115110.helios/
 Main file repository           : /scratch/saurabh/PBS_8115110.helios/

 SHA1      : f6387f0c468d0184d0b38d85973bdb066f718752
 NAME      : 2015.1.44
 ARCHNAME  : linux/x86_64
 FC        : /opt/may/bin/gfortran
 BLASLIB   : -Wl,-_start-group /opt/intel/mkl/lib/intel64/libmkl_gf_ilp64.a /opt/intel/mkl/lib/intel64/libmkl_gnu_thread.a /opt/intel/mkl/lib/intel64/libmkl_core.a -Wl,-_end-group
 id        : ramakrishnan

 Nodes             nprocs
 hel11.tifrh.res.in    8

 Using DEFAULT tuning parameter for ncache   :   16384
 Using DEFAULT tuning parameter for mflopdgm :   10000
 Using DEFAULT tuning parameter for mflopdgv :    4000
 Using DEFAULT tuning parameter for mflopmxm :    5000
 Using DEFAULT tuning parameter for mflopmxv :    4000
 Using DEFAULT tuning parameter for mindgm   :       1
 Using DEFAULT tuning parameter for mindgc   :       4
 Using DEFAULT tuning parameter for mindgf   :    5000
 Using DEFAULT tuning parameter for mindgl   :       4
 Using DEFAULT tuning parameter for mindgr   :       1
 Using DEFAULT tuning parameter for mindgv   :      20
 Using DEFAULT tuning parameter for mincuda  :     500
 Using DEFAULT tuning parameter for mxmblk   :      64
 Using DEFAULT tuning parameter for mxmbln   :      64
 Using DEFAULT tuning parameter for nroll    :       2
 Using custom tuning parameter for ngpus     :       0
 Using customized tuning parameters: mindgm=1; mindgv=20; mindgc=4; mindgr=1; noblas=0; minvec=7
 default implementation of scratch files=sf  

 ***,TS_01
 memory,1,g
 geometry={
 C  2.039109   -0.170311  0.264779
 C  1.459844   1.148259   0.238985
 C  0.210315   1.358437   -0.208726
 C  -0.663977  0.250077   -0.742509
 C  -0.094025  -1.147665  -0.388138
 C  1.294520   -1.264931  -0.068494
 H  -0.527346  -1.965046  -0.959297
 H  -0.821505  -1.095132  0.674189
 H  -0.222812  2.350635   -0.217540
 H  2.059142   1.982964   0.579788
 O  -1.928004  0.251190   -0.233245
 H  -0.788689  0.385322   -1.825738
 O  -1.821466  -0.272379  1.067373
 H  1.746741   -2.248614  -0.051809
 H  3.075517   -0.283816  0.551998
  }
 basis,O=AVDZ,C=AVDZ,H=VDZ
 {uhf
 wf,59,1,1
 }
 
 {rhf
 wf,59,1,1
 }
 uccsd(t);
 

 Fortran compiler diagnostic
 ***************************

 integer size                  8
 double precision size         8
 logical size                  8

 diagnostic completed successfully

 Variables initialized (889), CPU time= 0.01 sec
 Commands  initialized (702), CPU time= 0.02 sec, 572 directives.
 Default parameters read. Elapsed time= 0.09 sec

 Using DEFAULT tuning parameter for mpplat   :       3
 Using DEFAULT tuning parameter for mppspeed :    1600
 Checking input...
 Passed
1


                                         ***  PROGRAM SYSTEM MOLPRO  ***
                                       Copyright, TTI GmbH Stuttgart, 2015
                                    Version 2015.1 linked Jun  9 2019 06:55:40


 **********************************************************************************************************************************
 LABEL *   TS_01                                                                         
  64 bit mpp version                                                                     DATE: 04-Aug-22          TIME: 22:05:39  
 **********************************************************************************************************************************

 SHA1:             f6387f0c468d0184d0b38d85973bdb066f718752
 **********************************************************************************************************************************

Geometry recognized as XYZ


 Variable memory set to 1000000000 words,  buffer space   230000 words

 SETTING BASIS          =    O=AVDZ,C=AVDZ,H=VDZ


 Recomputing integrals since basis changed


 Using spherical harmonics

 Library entry C      S aug-cc-pVDZ          selected for orbital group  1
 Library entry C      P aug-cc-pVDZ          selected for orbital group  1
 Library entry C      D aug-cc-pVDZ          selected for orbital group  1
 Library entry H      S cc-pVDZ              selected for orbital group  2
 Library entry H      P cc-pVDZ              selected for orbital group  2
 Library entry O      S aug-cc-pVDZ          selected for orbital group  3
 Library entry O      P aug-cc-pVDZ          selected for orbital group  3
 Library entry O      D aug-cc-pVDZ          selected for orbital group  3


 PROGRAM * SEWARD (Integral evaluation for generally contracted gaussian basis sets)     Author: Roland Lindh, 1990

 Geometry written to block  1 of record 700


 Point group  C1  



 ATOMIC COORDINATES

 NR  ATOM    CHARGE       X              Y              Z

   1  C       6.00    3.853357548   -0.321841146    0.500359794
   2  C       6.00    2.758705345    2.169895030    0.451616198
   3  C       6.00    0.397437750    2.567073887   -0.394434975
   4  C       6.00   -1.254734683    0.472577040   -1.403138655
   5  C       6.00   -0.177681499   -2.168772533   -0.733474519
   6  C       6.00    2.446288263   -2.390373156   -0.129434901
   7  H       1.00   -0.996539513   -3.713398762   -1.812808602
   8  H       1.00   -1.552419460   -2.069499550    1.274032566
   9  H       1.00   -0.421053657    4.442056369   -0.411091021
  10  H       1.00    3.891214432    3.747258875    1.095640530
  11  O       8.00   -3.643399527    0.474680305   -0.440769170
  12  H       1.00   -1.490406207    0.728153050   -3.450144795
  13  O       8.00   -3.442071885   -0.514721712    2.017042643
  14  H       1.00    3.300862101   -4.249264620   -0.097904821
  15  H       1.00    5.811884821   -0.536334510    1.043125041

 Bond lengths in Bohr (Angstrom)

  1- 2  2.722019206   1- 6  2.579788753   1-15  2.043631718   2- 3  2.539515364   2-10  2.045830118
       ( 1.440430531)       ( 1.365165417)       ( 1.081443333)       ( 1.343853658)       ( 1.082606676)

  3- 4  2.852029787   3- 9  2.045914200   4- 5  2.930054809   4-11  2.575243520   4-12  2.076317486
       ( 1.509229168)       ( 1.082651170)       ( 1.550518232)       ( 1.362760183)       ( 1.098739896)

  5- 6  2.701700947   5- 7  2.054595021   5- 8  2.435127159   6-14  2.046159344   8-13  2.557378421
       ( 1.429678572)       ( 1.087244863)       ( 1.288613798)       ( 1.082780895)       ( 1.353306380)

 11-13  2.657120260
       ( 1.406087488)

 Bond angles

  1- 2- 3  121.53736257   1- 2-10  118.52438400   1- 6- 5  121.23447364   1- 6-14  119.79397640

  2- 1- 6  120.68229486   2- 1-15  119.09333564   2- 3- 4  122.79319071   2- 3- 9  121.19994263

  3- 2-10  119.93419200   3- 4- 5  111.60779573   3- 4-11  113.86334494   3- 4-12  108.90758285

  4-3-9  116.00170091   4-5-6  118.81947576   4-5-7  114.27708206   4-5-8   86.79810607

  4-11-13  105.96712317   5- 4-11  104.84962227   5- 4-12  112.21041514   5- 6-14  118.92029783

  5- 8-13  132.95660391   6- 1-15  120.22436220   6- 5- 7  116.28715859   6- 5- 8  111.55102008

  7- 5- 8  103.81137562   8-13-11   90.78047009  11- 4-12  105.25071552

 NUCLEAR CHARGE:                   59
 NUMBER OF PRIMITIVE AOS:         345
 NUMBER OF SYMMETRY AOS:          329
 NUMBER OF CONTRACTIONS:          219   ( 219A   )
 NUMBER OF CORE ORBITALS:           8   (   8A   )
 NUMBER OF VALENCE ORBITALS:       39   (  39A   )


 NUCLEAR REPULSION ENERGY  365.43252374


 Eigenvalues of metric

         1 0.181E-04 0.208E-04 0.321E-04 0.605E-04 0.766E-04 0.889E-04 0.928E-04 0.110E-03


 Contracted 2-electron integrals neglected if value below      1.0D-12
 AO integral compression algorithm  1   Integral accuracy      1.0D-12

     1487.405 MB (compressed) written to integral file ( 58.1%)

     Node minimum: 179.831 MB, node maximum: 197.132 MB


 NUMBER OF SORTED TWO-ELECTRON INTEGRALS:   36276528.     BUFFER LENGTH:  32768
 NUMBER OF SEGMENTS:   3  SEGMENT LENGTH:   15992000      RECORD LENGTH: 524288

 Memory used in sort:      16.55 MW

 SORT1 READ   319720812. AND WROTE    35696366. INTEGRALS IN    104 RECORDS. CPU TIME:     4.04 SEC, REAL TIME:     4.46 SEC
 SORT2 READ   285646303. AND WROTE   290176095. INTEGRALS IN   5632 RECORDS. CPU TIME:     0.55 SEC, REAL TIME:     0.84 SEC

 Node minimum:    36261473.  Node maximum:    36282552. integrals

 OPERATOR DM      FOR CENTER  0  COORDINATES:    0.000000    0.000000    0.000000


 **********************************************************************************************************************************
 DATASETS  * FILE   NREC   LENGTH (MB)   RECORD NAMES
              1      18       21.92       500      610      700      900      950      970     1000      129      960     1100   
                                          VAR    BASINP    GEOM    SYMINP    ZMAT    AOBASIS   BASIS     P2S    ABASIS      S 
                                         1400     1410     1200     1210     1080     1600     1650     1700   
                                           T        V       H0       H01     AOSYM     SMH    MOLCAS    OPER   

 PROGRAMS   *        TOTAL       INT
 CPU TIMES  *         6.81      6.65
 REAL TIME  *         8.22 SEC
 DISK USED  *         4.89 GB      
 GA USED    *         0.01 MB       (max)       0.00 MB       (current)
 **********************************************************************************************************************************


 PROGRAM * UHF-SCF       Authors: W. Meyer, H.-J. Werner


 NUMBER OF ELECTRONS:      30+   29-    SPACE SYMMETRY=1    SPIN SYMMETRY: Doublet 
 CONVERGENCE THRESHOLDS:    1.00E-05 (Density)    1.18E-07 (Energy)
 MAX. NUMBER OF ITERATIONS:       60
 INTERPOLATION TYPE:            DIIS
 INTERPOLATION STEPS:              2 (START)      1 (STEP)
 LEVEL SHIFTS:                  0.20 (ALPHA)   0.20 (BETA) 



 Orbital guess generated from atomic densities. Full valence occupancy:   47

 Molecular orbital dump at record        2200.2

 Initial alpha occupation  30
 Initial beta  occupation  29

 ITERATION    DDIFF          GRAD             ENERGY        2-EL.EN.            DIPOLE MOMENTS         DIIS
    1      0.000D+00      0.000D+00      -380.69940833    994.122223    2.30162   -0.13728   -1.26178    0
    2      0.601D-02      0.169D-02      -380.77638934    994.491494    2.14919   -0.11555   -0.79595    1
    3      0.259D-02      0.670D-03      -380.79442879    994.406342    2.04789   -0.10281   -0.82471    2
    4      0.157D-02      0.371D-03      -380.80323813    994.399391    1.98608   -0.11932   -0.75166    3
    5      0.919D-03      0.220D-03      -380.80809908    994.379419    1.94900   -0.13393   -0.74086    4
    6      0.104D-02      0.193D-03      -380.81502257    994.272005    1.82714   -0.15569   -0.70421    5
    7      0.847D-03      0.160D-03      -380.82020747    994.240073    1.70340   -0.16595   -0.67763    6
    8      0.132D-02      0.139D-03      -380.82629731    994.158072    1.50857   -0.17493   -0.63687    7
    9      0.119D-02      0.100D-03      -380.83007311    994.127566    1.34143   -0.18430   -0.59341    8
   10      0.101D-02      0.681D-04      -380.83180990    994.072765    1.21576   -0.17654   -0.55917    9
   11      0.304D-03      0.459D-04      -380.83191982    994.052689    1.20138   -0.17935   -0.54453    9
   12      0.446D-03      0.346D-04      -380.83220990    994.058092    1.15238   -0.17015   -0.53096    9
   13      0.111D-03      0.190D-04      -380.83224950    994.051915    1.14173   -0.16448   -0.52585    9
   14      0.939D-04      0.126D-04      -380.83226896    994.046301    1.13698   -0.16085   -0.52264    9
   15      0.945D-04      0.871D-05      -380.83228248    994.048557    1.12811   -0.15695   -0.52028    9
   16      0.419D-04      0.603D-05      -380.83228728    994.045645    1.12907   -0.15569   -0.52035    9
   17      0.463D-04      0.460D-05      -380.83229187    994.046018    1.12556   -0.15435   -0.51955    9
   18      0.262D-04      0.363D-05      -380.83229427    994.045220    1.12617   -0.15407   -0.51943    9
   19      0.254D-04      0.248D-05      -380.83229594    994.044311    1.12513   -0.15388   -0.51919    9
   20      0.197D-04      0.170D-05      -380.83229667    994.044326    1.12451   -0.15390   -0.51888    9
   21      0.130D-04      0.114D-05      -380.83229698    994.043523    1.12397   -0.15387   -0.51869    9
   22      0.662D-05      0.770D-06      -380.83229708    994.043446    1.12359   -0.15383   -0.51851    9
   23      0.628D-05      0.574D-06      -380.83229716    994.043246    1.12321   -0.15371   -0.51836    9
   24      0.440D-05      0.397D-06      -380.83229720    994.043122    1.12303   -0.15360   -0.51828    9
   25      0.326D-05      0.273D-06      -380.83229722    994.043049    1.12294   -0.15352   -0.51823    9
   26      0.203D-05      0.179D-06      -380.83229723    994.043010    1.12292   -0.15349   -0.51820    9
   27      0.121D-05      0.106D-06      -380.83229723    994.042924    1.12288   -0.15349   -0.51818    9
   28      0.520D-06      0.596D-07      -380.83229723    994.042944    1.12287   -0.15349   -0.51817    9

 Final alpha occupancy:  30
 Final beta  occupancy:  29

 !UHF STATE 1.1 Energy               -380.832297228119
 Nuclear energy                       365.43252374
 One-electron energy                -1243.28629303
 Two-electron energy                  497.02147206
 Virial quotient                       -1.00005320
 !UHF STATE 1.1 Dipole moment           1.12286523    -0.15349430    -0.51817242
 Dipole moment /Debye                   2.85385181    -0.39011804    -1.31697667

 Orbital energies for positive spin:

         1.1          2.1          3.1          4.1          5.1          6.1          7.1          8.1          9.1         10.1
    -20.667047   -20.635932   -11.309623   -11.270069   -11.256840   -11.249906   -11.242707   -11.239208    -1.527770    -1.239741

        11.1         12.1         13.1         14.1         15.1         16.1         17.1         18.1         19.1         20.1
     -1.147953    -1.039879    -1.018411    -0.857260    -0.842670    -0.746303    -0.719322    -0.692733    -0.689171    -0.635991

        21.1         22.1         23.1         24.1         25.1         26.1         27.1         28.1         29.1         30.1
     -0.613481    -0.597579    -0.563807    -0.553370    -0.524756    -0.501447    -0.483161    -0.444050    -0.434545    -0.341864

        31.1         32.1
      0.058980     0.064649

 Orbital energies for negative spin:

         1.1          2.1          3.1          4.1          5.1          6.1          7.1          8.1          9.1         10.1
    -20.636472   -20.632124   -11.312827   -11.258649   -11.256152   -11.252759   -11.240726   -11.234559    -1.492284    -1.170107

        11.1         12.1         13.1         14.1         15.1         16.1         17.1         18.1         19.1         20.1
     -1.137899    -1.036837    -0.990952    -0.844782    -0.833252    -0.716235    -0.697399    -0.678579    -0.667789    -0.625679

        21.1         22.1         23.1         24.1         25.1         26.1         27.1         28.1         29.1         30.1
     -0.599268    -0.572561    -0.551664    -0.520284    -0.504745    -0.480252    -0.448059    -0.419578    -0.344301     0.043919

        31.1         32.1
      0.059142     0.064450

 HOMO     30.1    -0.341864 =      -9.3026eV
 LUMO    -30.1     0.043919 =       1.1951eV
 LUMO-HOMO         0.385783 =      10.4977eV

 EXPECTATION VALUE OF S**2:             1.36603604

 Occupation number threshold for canonical orbitals:  1.999000 (occupied),  0.001000 (virtual)

 Number of pseudo-canonical orbitals per symmetry:   22
 Number of active natural orbitals per symmetry:     15

 Natural orbitals saved to record    2200.2 (Orbital set 3)

 Orbital spaces for UNO-CAS (Min. occupation: 0.020  Max. occupation: 1.980):

 Closed:       26
 Active:        7


 **********************************************************************************************************************************
 DATASETS  * FILE   NREC   LENGTH (MB)   RECORD NAMES
              1      18       21.92       500      610      700      900      950      970     1000      129      960     1100   
                                          VAR    BASINP    GEOM    SYMINP    ZMAT    AOBASIS   BASIS     P2S    ABASIS      S 
                                         1400     1410     1200     1210     1080     1600     1650     1700   
                                           T        V       H0       H01     AOSYM     SMH    MOLCAS    OPER   

              2       4        4.95       700     1000      520     2200   
                                         GEOM     BASIS   MCVARS     UHF  

 PROGRAMS   *        TOTAL       UHF       INT
 CPU TIMES  *        16.98     10.16      6.65
 REAL TIME  *        19.53 SEC
 DISK USED  *         4.89 GB      
 SF USED    *        13.30 MB      
 GA USED    *         0.01 MB       (max)       0.00 MB       (current)
 **********************************************************************************************************************************


 PROGRAM * RHF-SCF (OPEN SHELL)       Authors: W. Meyer, H.-J. Werner


 NUMBER OF ELECTRONS:      30+   29-    SPACE SYMMETRY=1    SPIN SYMMETRY: Doublet 
 CONVERGENCE THRESHOLDS:    1.00E-05 (Density)    1.18E-07 (Energy)
 MAX. NUMBER OF ITERATIONS:       60
 INTERPOLATION TYPE:            DIIS
 INTERPOLATION STEPS:              2 (START)      1 (STEP)
 LEVEL SHIFTS:                 -0.60 (CLOSED) -0.30 (OPEN) 



 Molecular orbitals read from record     2200.2  Type=UHF/NATURAL (state 1.1)

 Molecular orbital dump at record        2100.2

 ITERATION    DDIFF          GRAD             ENERGY        2-EL.EN.            DIPOLE MOMENTS         DIIS   ORB.
    1      0.000D+00      0.000D+00      -380.78891546    994.266330    1.19181   -0.17875   -0.53818    0    start
    2      0.000D+00      0.500D-03      -380.79476032    994.023269    1.27253   -0.13814   -0.56440    1    diag,B
    3      0.904D-03      0.285D-03      -380.79821736    993.979292    1.27069   -0.12564   -0.56230    2    diag,B
    4      0.931D-03      0.143D-03      -380.79934519    993.974450    1.24905   -0.12351   -0.55854    3    diag,B
    5      0.420D-03      0.993D-04      -380.80016230    993.942767    1.20094   -0.12180   -0.54186    4    diag,B
    6      0.379D-03      0.787D-04      -380.80055205    993.925402    1.16752   -0.11939   -0.53236    5    diag,B
    7      0.263D-03      0.690D-04      -380.80107001    993.898396    1.11418   -0.11260   -0.51367    6    diag,B
    8      0.391D-03      0.658D-04      -380.80149968    993.877773    1.06727   -0.10596   -0.49774    7    orth
    9      0.324D-03      0.608D-04      -380.80235482    993.837314    0.96524   -0.09237   -0.46133    8    diag,B
   10      0.715D-03      0.473D-04      -380.80276137    993.811897    0.89749   -0.08712   -0.43460    9    diag,B
   11      0.482D-03      0.340D-04      -380.80298341    993.789705    0.83168   -0.08450   -0.40908    9    diag,B
   12      0.516D-03      0.198D-04      -380.80297251    993.793880    0.84368   -0.08856   -0.41124    9    diag,B
   13      0.222D-03      0.235D-04      -380.80302560    993.784760    0.82061   -0.08639   -0.40373    9    diag,B
   14      0.235D-03      0.147D-04      -380.80303767    993.786971    0.82798   -0.09022   -0.40459    9    diag,B
   15      0.155D-03      0.187D-04      -380.80307636    993.783184    0.81853   -0.08993   -0.40104    9    diag,B
   16      0.123D-03      0.133D-04      -380.80311962    993.780152    0.81181   -0.09020   -0.39773    9    diag,B
   17      0.146D-03      0.115D-04      -380.80318705    993.774009    0.79691   -0.08763   -0.39060    9    diag,B
   18      0.274D-03      0.800D-05      -380.80322509    993.769105    0.78621   -0.08494   -0.38476    9    orth
   19      0.234D-03      0.548D-05      -380.80324349    993.763767    0.77284   -0.08189   -0.37845    9    diag,B
   20      0.225D-03      0.343D-05      -380.80324669    993.761848    0.76918   -0.08084   -0.37678    9    diag,B
   21      0.877D-04      0.147D-05      -380.80324708    993.761210    0.76846   -0.08031   -0.37650    9    diag,B
   22      0.402D-04      0.777D-06      -380.80324711    993.761059    0.76795   -0.08020   -0.37639    9    diag,B
   23      0.860D-05      0.422D-06      -380.80324712    993.760880    0.76771   -0.08012   -0.37631    0    orth

 Final alpha occupancy:  30
 Final beta  occupancy:  29

 !RHF STATE 1.1 Energy               -380.803247116671
 Nuclear energy                       365.43252374
 One-electron energy                -1243.11621101
 Two-electron energy                  496.88044015
 Virial quotient                       -1.00040608
 !RHF STATE 1.1 Dipole moment           0.76770724    -0.08011791    -0.37630585
 Dipole moment /Debye                   1.95118938    -0.20362607    -0.95641142

 Orbital energies:

         1.1          2.1          3.1          4.1          5.1          6.1          7.1          8.1          9.1         10.1
    -20.675550   -20.654789   -11.311002   -11.255929   -11.251885   -11.249919   -11.248212   -11.246212    -1.524280    -1.219986

        11.1         12.1         13.1         14.1         15.1         16.1         17.1         18.1         19.1         20.1
     -1.140775    -1.032853    -1.002817    -0.850834    -0.838515    -0.721159    -0.717008    -0.685912    -0.676658    -0.635496

        21.1         22.1         23.1         24.1         25.1         26.1         27.1         28.1         29.1         30.1
     -0.597545    -0.579333    -0.559779    -0.534302    -0.519945    -0.483986    -0.456041    -0.430598    -0.319498    -0.513606

        31.1         32.1
      0.061265     0.065652

 HOMO     30.1    -0.513606 =     -13.9759eV
 LUMO     31.1     0.061265 =       1.6671eV
 LUMO-HOMO         0.574871 =      15.6430eV


 **********************************************************************************************************************************
 DATASETS  * FILE   NREC   LENGTH (MB)   RECORD NAMES
              1      18       21.92       500      610      700      900      950      970     1000      129      960     1100   
                                          VAR    BASINP    GEOM    SYMINP    ZMAT    AOBASIS   BASIS     P2S    ABASIS      S 
                                         1400     1410     1200     1210     1080     1600     1650     1700   
                                           T        V       H0       H01     AOSYM     SMH    MOLCAS    OPER   

              2       5        8.79       700     1000      520     2200     2100   
                                         GEOM     BASIS   MCVARS     UHF      RHF  

 PROGRAMS   *        TOTAL       RHF       UHF       INT
 CPU TIMES  *        25.08      8.09     10.16      6.65
 REAL TIME  *        28.42 SEC
 DISK USED  *         5.19 GB      
 SF USED    *        13.30 MB      
 GA USED    *         0.01 MB       (max)       0.00 MB       (current)
 **********************************************************************************************************************************


 PROGRAM * CCSD (Unrestricted open-shell coupled cluster)     Authors: C. Hampel, H.-J. Werner, 1991, M. Deegan, P.J. Knowles, 1992


 Convergence thresholds:  THRVAR = 1.00D-08  THRDEN = 1.18D-06

 CCSD(T)     terms to be evaluated (factor= 1.000)


 Number of core orbitals:           8 (   8 )
 Number of closed-shell orbitals:  21 (  21 )
 Number of active  orbitals:        1 (   1 )
 Number of external orbitals:     189 ( 189 )

 Memory could be reduced to 290.66 Mwords without degradation in triples

 Number of N-1 electron functions:              43
 Number of N-2 electron functions:             903
 Number of singly external CSFs:              8170
 Number of doubly external CSFs:          24596355
 Total number of CSFs:                    24604525

 Molecular orbitals read from record     2100.2  Type=RHF/CANONICAL (state 1.1)

 Integral transformation finished. Total CPU:  15.16 sec, npass=  1  Memory used: 141.93 MW

 Starting RMP2 calculation

 ITER.      SQ.NORM     CORR.ENERGY   TOTAL ENERGY   ENERGY CHANGE        DEN1      VAR(S)    VAR(P)  DIIS     TIME
   1      1.41591494    -1.20831872  -382.01156584    -1.20831872    -0.00626429  0.15D-03  0.27D-02  1  1    18.78
   2      1.42316919    -1.21520828  -382.01845540    -0.00688956    -0.00004327  0.13D-04  0.21D-04  2  2    21.89
   3      1.42372199    -1.21543842  -382.01868554    -0.00023014    -0.00000121  0.11D-05  0.32D-06  3  3    25.21
   4      1.42377645    -1.21544942  -382.01869654    -0.00001100    -0.00000006  0.61D-07  0.90D-08  4  4    28.73
   5      1.42378434    -1.21545040  -382.01869751    -0.00000097    -0.00000000  0.25D-08  0.39D-09  5  5    32.59

 Norm of t1 vector:      0.07128367      S-energy:    -0.00600117      T1 diagnostic:  0.00172932
 Norm of t2 vector:      0.64707262      P-energy:    -1.20944923
                                         Alpha-Beta:  -0.89219744
                                         Alpha-Alpha: -0.16099366
                                         Beta-Beta:   -0.15625813

 Spin contamination <S**2-Sz**2-Sz>     0.00318863
  Reference energy                   -380.803247116675
  RHF-RMP2 correlation energy          -1.215450396532
 !RHF-RMP2 energy                    -382.018697513207

 Starting UCCSD calculation

 ITER.      SQ.NORM     CORR.ENERGY   TOTAL ENERGY   ENERGY CHANGE        DEN1      VAR(S)    VAR(P)  DIIS     TIME
   1      1.42999633    -1.21816743  -382.02141455    -1.21816743    -0.04087883  0.11D-01  0.91D-02  1  1   103.93
   2      1.48021977    -1.25778975  -382.06103687    -0.03962232    -0.00554371  0.11D-02  0.19D-02  2  2   174.55
   3      1.51176821    -1.26745246  -382.07069958    -0.00966271    -0.00159784  0.15D-02  0.25D-03  3  3   245.34
   4      1.53499207    -1.27163622  -382.07488334    -0.00418376    -0.00072675  0.68D-03  0.11D-03  4  4   323.31
   5      1.56508722    -1.27489985  -382.07814697    -0.00326363    -0.00035909  0.42D-03  0.44D-04  5  5   391.87
   6      1.59406645    -1.27683647  -382.08008358    -0.00193662    -0.00015578  0.16D-03  0.26D-04  6  6   459.97
   7      1.62266500    -1.27820686  -382.08145398    -0.00137040    -0.00006114  0.63D-04  0.12D-04  6  1   528.38
   8      1.63699407    -1.27877378  -382.08202090    -0.00056692    -0.00002561  0.24D-04  0.50D-05  6  2   596.45
   9      1.64594833    -1.27899540  -382.08224252    -0.00022162    -0.00000961  0.97D-05  0.15D-05  6  3   664.35
  10      1.65288799    -1.27926495  -382.08251206    -0.00026955    -0.00000386  0.35D-05  0.58D-06  6  4   732.28
  11      1.65430597    -1.27921001  -382.08245713     0.00005493    -0.00000181  0.16D-05  0.26D-06  6  6   801.53
  12      1.65647069    -1.27929054  -382.08253765    -0.00008052    -0.00000100  0.95D-06  0.13D-06  6  1   873.13
  13      1.65710169    -1.27927568  -382.08252280     0.00001485    -0.00000060  0.62D-06  0.64D-07  6  5   944.35
  14      1.65759992    -1.27928417  -382.08253129    -0.00000849    -0.00000045  0.49D-06  0.48D-07  6  3  1015.52
  15      1.65735091    -1.27926167  -382.08250879     0.00002250    -0.00000032  0.35D-06  0.33D-07  6  6  1086.71
  16      1.65736899    -1.27925692  -382.08250403     0.00000475    -0.00000022  0.23D-06  0.27D-07  6  2  1157.83
  17      1.65796371    -1.27926784  -382.08251496    -0.00001092    -0.00000012  0.13D-06  0.16D-07  6  4  1229.02
  18      1.65823162    -1.27927259  -382.08251971    -0.00000475    -0.00000007  0.61D-07  0.12D-07  6  5  1300.17
  19      1.65859542    -1.27927549  -382.08252261    -0.00000290    -0.00000003  0.32D-07  0.54D-08  6  1  1371.63
  20      1.65861521    -1.27927397  -382.08252109     0.00000152    -0.00000002  0.16D-07  0.31D-08  6  6  1440.35
  21      1.65855365    -1.27926900  -382.08251611     0.00000497    -0.00000001  0.78D-08  0.14D-08  6  3  1508.64
  22      1.65838364    -1.27926241  -382.08250953     0.00000659    -0.00000000  0.19D-08  0.71D-09  6  4  1577.22
  23      1.65828515    -1.27925818  -382.08250529     0.00000423    -0.00000000  0.56D-09  0.18D-09  6  2  1645.76
  24      1.65822922    -1.27925562  -382.08250273     0.00000256    -0.00000000  0.15D-09  0.54D-10  6  5  1725.22
  25      1.65820709    -1.27925472  -382.08250184     0.00000090    -0.00000000  0.72D-10  0.15D-10  6  1  1797.85

 Norm of t1 vector:      0.38963397      S-energy:    -0.00824963      T1 diagnostic:  0.03888109
                                                                       D1 diagnostic:  0.22454879
 Norm of t2 vector:      0.71161258      P-energy:    -1.27100509
                                         Alpha-Beta:  -0.98335222
                                         Alpha-Alpha: -0.14429566
                                         Beta-Beta:   -0.14335721

 Singles amplitudes (print threshold =  0.500E-01):

         I         SYM. A    A   T(IA) [Alpha-Alpha]

        22         1         5      0.05816542

         I         SYM. A    A   T(IA) [Beta-Beta]

        11         1         1      0.08529491
        14         1         1     -0.07882276
        16         1         1      0.12285583
        19         1         1      0.13896734
        20         1         1     -0.05727310
        21         1         1      0.20919505
        21         1         5      0.05885512

 Spin contamination <S**2-Sz**2-Sz>     0.02286722

 Memory could be reduced to 327.13 Mwords without degradation in triples


 RESULTS
 =======

  Reference energy                   -380.803247116675
  UCCSD singles energy                 -0.008249629196
  UCCSD pair energy                    -1.271005092909
  UCCSD correlation energy             -1.279254722105
  Triples (T) contribution             -0.058166481773
  Total correlation energy             -1.337421203878

  RHF-UCCSD energy                   -382.082501838780
  RHF-UCCSD[T] energy                -382.145437784955
  RHF-UCCSD-T energy                 -382.140550958688
 !RHF-UCCSD(T) energy                -382.140668320552

 Program statistics:

 Available memory in ccsd:               999995808
 Min. memory needed in ccsd:              68460589
 Max. memory used in ccsd:               100012107
 Max. memory used in cckext:              89428834 (25 integral passes)
 Max. memory used in cckint:             141928215 ( 1 integral passes)



 **********************************************************************************************************************************
 DATASETS  * FILE   NREC   LENGTH (MB)   RECORD NAMES
              1      18       21.92       500      610      700      900      950      970     1000      129      960     1100   
                                          VAR    BASINP    GEOM    SYMINP    ZMAT    AOBASIS   BASIS     P2S    ABASIS      S 
                                         1400     1410     1200     1210     1080     1600     1650     1700   
                                           T        V       H0       H01     AOSYM     SMH    MOLCAS    OPER   

              2       5        8.79       700     1000      520     2200     2100   
                                         GEOM     BASIS   MCVARS     UHF      RHF  

 PROGRAMS   *        TOTAL  UCCSD(T)       RHF       UHF       INT
 CPU TIMES  *      2590.05   2564.96      8.09     10.16      6.65
 REAL TIME  *      2699.57 SEC
 DISK USED  *        30.18 GB      
 SF USED    *         6.46 GB      
 GA USED    *         0.01 MB       (max)       0.00 MB       (current)
 **********************************************************************************************************************************

 UCCSD(T)/O=AVDZ,C=AVDZ,H=VDZ energy=   -382.140668320552

        UCCSD(T)        RHF-SCF         UHF-SCF 
   -382.14066832   -380.80324712   -380.83229723
 **********************************************************************************************************************************
 Molpro calculation terminated
 Variable memory released

 Fortran compiler diagnostic
 ***************************

 integer size                  8
 double precision size         8
 logical size                  8

 diagnostic completed successfully
