
 Primary working directories    : /scratch/saurabh/PBS_8115381.helios
 Secondary working directories  : /scratch/saurabh/PBS_8115381.helios
 Wavefunction directory         : /scratch/saurabh/PBS_8115381.helios/
 Main file repository           : /scratch/saurabh/PBS_8115381.helios/

 SHA1      : f6387f0c468d0184d0b38d85973bdb066f718752
 NAME      : 2015.1.44
 ARCHNAME  : linux/x86_64
 FC        : /opt/may/bin/gfortran
 BLASLIB   : -Wl,-_start-group /opt/intel/mkl/lib/intel64/libmkl_gf_ilp64.a /opt/intel/mkl/lib/intel64/libmkl_gnu_thread.a /opt/intel/mkl/lib/intel64/libmkl_core.a -Wl,-_end-group
 id        : ramakrishnan

 Nodes             nprocs
 hel01.tifrh.res.in    8

 Using DEFAULT tuning parameter for ncache   :   16384
 Using DEFAULT tuning parameter for mflopdgm :   10000
 Using DEFAULT tuning parameter for mflopdgv :    4000
 Using DEFAULT tuning parameter for mflopmxm :    5000
 Using DEFAULT tuning parameter for mflopmxv :    4000
 Using DEFAULT tuning parameter for mindgm   :       1
 Using DEFAULT tuning parameter for mindgc   :       4
 Using DEFAULT tuning parameter for mindgf   :    5000
 Using DEFAULT tuning parameter for mindgl   :       4
 Using DEFAULT tuning parameter for mindgr   :       1
 Using DEFAULT tuning parameter for mindgv   :      20
 Using DEFAULT tuning parameter for mincuda  :     500
 Using DEFAULT tuning parameter for mxmblk   :      64
 Using DEFAULT tuning parameter for mxmbln   :      64
 Using DEFAULT tuning parameter for nroll    :       2
 Using custom tuning parameter for ngpus     :       0
 Using customized tuning parameters: mindgm=1; mindgv=20; mindgc=4; mindgr=1; noblas=0; minvec=7
 default implementation of scratch files=sf  

 ***,TS_01
 memory,64,g
 geometry={
 C  2.039109   -0.170311  0.264779
 C  1.459844   1.148259   0.238985
 C  0.210315   1.358437   -0.208726
 C  -0.663977  0.250077   -0.742509
 C  -0.094025  -1.147665  -0.388138
 C  1.294520   -1.264931  -0.068494
 H  -0.527346  -1.965046  -0.959297
 H  -0.821505  -1.095132  0.674189
 H  -0.222812  2.350635   -0.217540
 H  2.059142   1.982964   0.579788
 O  -1.928004  0.251190   -0.233245
 H  -0.788689  0.385322   -1.825738
 O  -1.821466  -0.272379  1.067373
 H  1.746741   -2.248614  -0.051809
 H  3.075517   -0.283816  0.551998
  }
 basis={
                                                                            ! oxygen               (10s,5p,4d,2f) -&gt; [10s,5p,4d,2f]
 s, O , 0.1533000000E+05, 0.2299000000E+04, 0.5224000000E+03, 0.1473000000E+03, 0.4755000000E+02, 0.1676000000E+02, 0.6207000000E+01, 0.1752000000E+01, 0.6882000000E+00, 0.2384000000E+00
 c, 1.1, 0.1000000000E+01
 c, 2.2, 0.1000000000E+01
 c, 3.3, 0.1000000000E+01
 c, 4.4, 0.1000000000E+01
 c, 5.5, 0.1000000000E+01
 c, 6.6, 0.1000000000E+01
 c, 7.7, 0.1000000000E+01
 c, 8.8, 0.1000000000E+01
 c, 9.9, 0.1000000000E+01
 c, 10.10, 0.1000000000E+01
 p, O , 0.3446000000E+02, 0.7749000000E+01, 0.2280000000E+01, 0.7156000000E+00, 0.2140000000E+00
 c, 1.1, 0.1000000000E+01
 c, 2.2, 0.1000000000E+01
 c, 3.3, 0.1000000000E+01
 c, 4.4, 0.1000000000E+01
 c, 5.5, 0.1000000000E+01
 d, O , 0.2100000000E+02, 0.7000000000E+01, 0.2314000000E+01, 0.6450000000E+00
 c, 1.1, 0.1000000000E+01
 c, 2.2, 0.1000000000E+01
 c, 3.3, 0.1000000000E+01
 c, 4.4, 0.1000000000E+01
 f, O , 0.4300000000E+01, 0.1428000000E+01
 c, 1.1, 0.1000000000E+01
 c, 2.2, 0.1000000000E+01
                                                                                 ! hydrogen             (5s,2p,1d) -&gt; [5s,2p,1d]
 s, H , 0.3387000000E+02, 0.5095000000E+01, 0.1159000000E+01, 0.3258000000E+00, 0.1027000000E+00
 c, 1.1, 0.1000000000E+01
 c, 2.2, 0.1000000000E+01
 c, 3.3, 0.1000000000E+01
 c, 4.4, 0.1000000000E+01
 c, 5.5, 0.1000000000E+01
 p, H , 0.1407000000E+01, 0.3880000000E+00
 c, 1.1, 0.1000000000E+01
 c, 2.2, 0.1000000000E+01
 d, H , 0.1057000000E+01
 c, 1.1, 0.1000000000E+01
                                                                            ! carbon               (10s,5p,4d,2f) -&gt; [10s,5p,4d,2f]
 s, C , 0.8236000000E+04, 0.1235000000E+04, 0.2808000000E+03, 0.7927000000E+02, 0.2559000000E+02, 0.8997000000E+01, 0.3319000000E+01, 0.9059000000E+00, 0.3643000000E+00, 0.1285000000E+00
 c, 1.1, 0.1000000000E+01
 c, 2.2, 0.1000000000E+01
 c, 3.3, 0.1000000000E+01
 c, 4.4, 0.1000000000E+01
 c, 5.5, 0.1000000000E+01
 c, 6.6, 0.1000000000E+01
 c, 7.7, 0.1000000000E+01
 c, 8.8, 0.1000000000E+01
 c, 9.9, 0.1000000000E+01
 c, 10.10, 0.1000000000E+01
 p, C , 0.1871000000E+02, 0.4133000000E+01, 0.1200000000E+01, 0.3827000000E+00, 0.1209000000E+00
 c, 1.1, 0.1000000000E+01
 c, 2.2, 0.1000000000E+01
 c, 3.3, 0.1000000000E+01
 c, 4.4, 0.1000000000E+01
 c, 5.5, 0.1000000000E+01
 d, C , 0.1000000000E+02, 0.3300000000E+01, 0.1097000000E+01, 0.3180000000E+00
 c, 1.1, 0.1000000000E+01
 c, 2.2, 0.1000000000E+01
 c, 3.3, 0.1000000000E+01
 c, 4.4, 0.1000000000E+01
 f, C , 0.2300000000E+01, 0.7610000000E+00
 c, 1.1, 0.1000000000E+01
 c, 2.2, 0.1000000000E+01
 }
 DKROLL=1
 DKHO=2
 {uhf
 wf,59,1,1
 }
 
 {rhf
 wf,59,1,1
 }
 {uccsd(t)
 core}
 

 Fortran compiler diagnostic
 ***************************

 integer size                  8
 double precision size         8
 logical size                  8

 diagnostic completed successfully

 Variables initialized (889), CPU time= 0.02 sec
 Commands  initialized (702), CPU time= 0.01 sec, 572 directives.
 Default parameters read. Elapsed time= 0.11 sec

 Using DEFAULT tuning parameter for mpplat   :       3
 Using DEFAULT tuning parameter for mppspeed :    1600
 Checking input...
 Passed
1


                                         ***  PROGRAM SYSTEM MOLPRO  ***
                                       Copyright, TTI GmbH Stuttgart, 2015
                                    Version 2015.1 linked Jun  9 2019 06:55:40


 **********************************************************************************************************************************
 LABEL *   TS_01                                                                         
  64 bit mpp version                                                                     DATE: 08-Aug-22          TIME: 12:53:19  
 **********************************************************************************************************************************

 SHA1:             f6387f0c468d0184d0b38d85973bdb066f718752
 **********************************************************************************************************************************

Geometry recognized as XYZ


 Variable memory set to ********** words,  buffer space   230000 words

 SETTING BASIS          =    USERDEF
 SETTING DKROLL         =         1.00000000                                  
 SETTING DKHO           =         2.00000000                                  


 Recomputing integrals since basis changed


 Using spherical harmonics



 PROGRAM * SEWARD (Integral evaluation for generally contracted gaussian basis sets)     Author: Roland Lindh, 1990

 Geometry written to block  1 of record 700


 Point group  C1  



 ATOMIC COORDINATES

 NR  ATOM    CHARGE       X              Y              Z

   1  C       6.00    3.853357548   -0.321841146    0.500359794
   2  C       6.00    2.758705345    2.169895030    0.451616198
   3  C       6.00    0.397437750    2.567073887   -0.394434975
   4  C       6.00   -1.254734683    0.472577040   -1.403138655
   5  C       6.00   -0.177681499   -2.168772533   -0.733474519
   6  C       6.00    2.446288263   -2.390373156   -0.129434901
   7  H       1.00   -0.996539513   -3.713398762   -1.812808602
   8  H       1.00   -1.552419460   -2.069499550    1.274032566
   9  H       1.00   -0.421053657    4.442056369   -0.411091021
  10  H       1.00    3.891214432    3.747258875    1.095640530
  11  O       8.00   -3.643399527    0.474680305   -0.440769170
  12  H       1.00   -1.490406207    0.728153050   -3.450144795
  13  O       8.00   -3.442071885   -0.514721712    2.017042643
  14  H       1.00    3.300862101   -4.249264620   -0.097904821
  15  H       1.00    5.811884821   -0.536334510    1.043125041

 Bond lengths in Bohr (Angstrom)

  1- 2  2.722019206   1- 6  2.579788753   1-15  2.043631718   2- 3  2.539515364   2-10  2.045830118
       ( 1.440430531)       ( 1.365165417)       ( 1.081443333)       ( 1.343853658)       ( 1.082606676)

  3- 4  2.852029787   3- 9  2.045914200   4- 5  2.930054809   4-11  2.575243520   4-12  2.076317486
       ( 1.509229168)       ( 1.082651170)       ( 1.550518232)       ( 1.362760183)       ( 1.098739896)

  5- 6  2.701700947   5- 7  2.054595021   5- 8  2.435127159   6-14  2.046159344   8-13  2.557378421
       ( 1.429678572)       ( 1.087244863)       ( 1.288613798)       ( 1.082780895)       ( 1.353306380)

 11-13  2.657120260
       ( 1.406087488)

 Bond angles

  1- 2- 3  121.53736257   1- 2-10  118.52438400   1- 6- 5  121.23447364   1- 6-14  119.79397640

  2- 1- 6  120.68229486   2- 1-15  119.09333564   2- 3- 4  122.79319071   2- 3- 9  121.19994263

  3- 2-10  119.93419200   3- 4- 5  111.60779573   3- 4-11  113.86334494   3- 4-12  108.90758285

  4-3-9  116.00170091   4-5-6  118.81947576   4-5-7  114.27708206   4-5-8   86.79810607

  4-11-13  105.96712317   5- 4-11  104.84962227   5- 4-12  112.21041514   5- 6-14  118.92029783

  5- 8-13  132.95660391   6- 1-15  120.22436220   6- 5- 7  116.28715859   6- 5- 8  111.55102008

  7- 5- 8  103.81137562   8-13-11   90.78047009  11- 4-12  105.25071552

 NUCLEAR CHARGE:                   59
 NUMBER OF PRIMITIVE AOS:         671
 NUMBER OF SYMMETRY AOS:          584
 NUMBER OF CONTRACTIONS:          584   ( 584A   )
 NUMBER OF CORE ORBITALS:           8   (   8A   )
 NUMBER OF VALENCE ORBITALS:       39   (  39A   )


 NUCLEAR REPULSION ENERGY  365.43252374

 One-electron integrals computed with SEWARD

 2nd-order Douglas-Kroll-Hess method activated. Optimal DKH parametrization is used.

 Computing Douglas-Kroll / X2C integrals

 AO integral compression algorithm  1   Integral accuracy      1.0D-11

     21538.800 MB (compressed) written to integral file ( 17.5%)

     Node minimum: 2488.271 MB, node maximum: 2897.215 MB


 NUMBER OF SORTED TWO-ELECTRON INTEGRALS: 1823717024.     BUFFER LENGTH:  32768
 NUMBER OF SEGMENTS:  58  SEGMENT LENGTH:   31996696      RECORD LENGTH: 524288

 Memory used in sort:      32.55 MW

 SORT1 READ 15357097291. AND WROTE   706640436. INTEGRALS IN   2046 RECORDS. CPU TIME:   308.97 SEC, REAL TIME:   322.26 SEC
 SORT2 READ  5660411175. AND WROTE 14589821610. INTEGRALS IN  79112 RECORDS. CPU TIME:    32.77 SEC, REAL TIME:   488.19 SEC

 Node minimum:  1823652968.  Node maximum:  1823802436. integrals

 OPERATOR DM      FOR CENTER  0  COORDINATES:    0.000000    0.000000    0.000000


 Eigenvalues of metric

         1 0.541E-04 0.310E-03 0.356E-03 0.478E-03 0.531E-03 0.589E-03 0.620E-03 0.750E-03


 **********************************************************************************************************************************
 DATASETS  * FILE   NREC   LENGTH (MB)   RECORD NAMES
              1      22       42.16       500      610      700      900      950      970     1000      129      960     1700   
                                          VAR    BASINP    GEOM    SYMINP    ZMAT    AOBASIS   BASIS     P2S    ABASIS    OPER   
                                         1101     1401     1411     1412     1650     1100     1400     1410     1200     1210   
                                          SR      EKINR    POTR     PVPR    MOLCAS      S      EKIN      POT      H0       H01  
                                         1080     1600   
                                         AOSYM     SMH  

 PROGRAMS   *        TOTAL       INT
 CPU TIMES  *       402.75    402.56
 REAL TIME  *       916.94 SEC
 DISK USED  *        88.49 GB      
 GA USED    *         0.01 MB       (max)       0.00 MB       (current)
 **********************************************************************************************************************************


 PROGRAM * UHF-SCF       Authors: W. Meyer, H.-J. Werner


 NUMBER OF ELECTRONS:      30+   29-    SPACE SYMMETRY=1    SPIN SYMMETRY: Doublet 
 CONVERGENCE THRESHOLDS:    1.00E-05 (Density)    1.18E-07 (Energy)
 MAX. NUMBER OF ITERATIONS:       60
 INTERPOLATION TYPE:            DIIS
 INTERPOLATION STEPS:              2 (START)      1 (STEP)
 LEVEL SHIFTS:                  0.20 (ALPHA)   0.20 (BETA) 



 Orbital guess generated from atomic densities. Full valence occupancy:   30

 Molecular orbital dump at record        2200.2

 Initial alpha occupation  30
 Initial beta  occupation  29

 ITERATION    DDIFF          GRAD             ENERGY        2-EL.EN.            DIPOLE MOMENTS         DIIS
    1      0.000D+00      0.000D+00      -380.97403880    995.608788    2.38178   -0.14176   -1.26651    0
    2      0.654D-03      0.684D-03      -381.05391752    995.302054    2.15358   -0.10804   -0.78270    1
    3      0.310D-03      0.265D-03      -381.07187606    995.325423    2.04603   -0.09685   -0.81224    2
    4      0.234D-03      0.144D-03      -381.08094134    995.332984    1.97191   -0.11240   -0.73932    3
    5      0.143D-03      0.869D-04      -381.08573382    995.316722    1.92907   -0.12550   -0.72723    4
    6      0.166D-03      0.766D-04      -381.09232125    995.238222    1.82987   -0.15165   -0.69512    5
    7      0.172D-03      0.671D-04      -381.09891354    995.164605    1.67892   -0.16658   -0.66150    6
    8      0.214D-03      0.578D-04      -381.10517995    995.059532    1.49226   -0.17693   -0.62520    7
    9      0.221D-03      0.440D-04      -381.10949234    994.995202    1.31047   -0.17239   -0.58032    8
   10      0.114D-03      0.287D-04      -381.11086835    994.942695    1.21740   -0.17237   -0.55192    9
   11      0.146D-03      0.199D-04      -381.11171513    994.912921    1.12040   -0.15665   -0.52324    9
   12      0.432D-04      0.132D-04      -381.11172244    994.888766    1.11991   -0.15704   -0.51427    9
   13      0.620D-04      0.108D-04      -381.11185927    994.896135    1.08691   -0.14969   -0.50488    9
   14      0.121D-04      0.452D-05      -381.11187698    994.888580    1.08405   -0.14652   -0.50222    9
   15      0.133D-04      0.346D-05      -381.11189095    994.888928    1.07793   -0.14313   -0.50023    9
   16      0.722D-05      0.220D-05      -381.11189767    994.888254    1.07678   -0.14110   -0.49995    9
   17      0.600D-05      0.172D-05      -381.11190208    994.887994    1.07567   -0.13976   -0.49949    9
   18      0.511D-05      0.130D-05      -381.11190492    994.886756    1.07449   -0.13910   -0.49910    9
   19      0.473D-05      0.925D-06      -381.11190665    994.885597    1.07287   -0.13881   -0.49862    9
   20      0.279D-05      0.611D-06      -381.11190726    994.885047    1.07248   -0.13886   -0.49844    9
   21      0.150D-05      0.399D-06      -381.11190746    994.884586    1.07214   -0.13882   -0.49834    9
   22      0.102D-05      0.294D-06      -381.11190757    994.884662    1.07207   -0.13881   -0.49824    9
   23      0.106D-05      0.227D-06      -381.11190766    994.884519    1.07207   -0.13882   -0.49824    9

 Final alpha occupancy:  30
 Final beta  occupancy:  29

 !UHF STATE 1.1 Energy               -381.111907656161
 Nuclear energy                       365.43252374
 One-electron energy                -1243.98669076
 Two-electron energy                  497.44225936
 Virial quotient                       -0.99671117
 !UHF STATE 1.1 Dipole moment           1.07207423    -0.13881560    -0.49824185
 Dipole moment /Debye                   2.72476241    -0.35281096    -1.26632152

 Orbital energies for positive spin:

         1.1          2.1          3.1          4.1          5.1          6.1          7.1          8.1          9.1         10.1
    -20.670730   -20.638977   -11.305732   -11.265822   -11.251730   -11.245204   -11.237660   -11.234881    -1.523221    -1.236496

        11.1         12.1         13.1         14.1         15.1         16.1         17.1         18.1         19.1         20.1
     -1.143773    -1.035990    -1.014785    -0.853900    -0.839629    -0.744874    -0.716496    -0.690515    -0.687248    -0.633289

        21.1         22.1         23.1         24.1         25.1         26.1         27.1         28.1         29.1         30.1
     -0.611654    -0.595429    -0.561481    -0.552210    -0.523200    -0.500169    -0.481433    -0.442958    -0.433603    -0.341414

        31.1         32.1
      0.117958     0.137855

 Orbital energies for negative spin:

         1.1          2.1          3.1          4.1          5.1          6.1          7.1          8.1          9.1         10.1
    -20.639408   -20.636622   -11.308889   -11.253300   -11.252222   -11.247997   -11.236238   -11.230407    -1.486952    -1.165716

        11.1         12.1         13.1         14.1         15.1         16.1         17.1         18.1         19.1         20.1
     -1.133875    -1.033214    -0.987533    -0.842005    -0.829989    -0.713535    -0.695033    -0.676362    -0.665697    -0.623159

        21.1         22.1         23.1         24.1         25.1         26.1         27.1         28.1         29.1         30.1
     -0.597327    -0.571228    -0.549805    -0.518601    -0.503791    -0.479273    -0.446718    -0.419406    -0.343334     0.056333

        31.1         32.1
      0.129228     0.140219

 HOMO     30.1    -0.341414 =      -9.2903eV
 LUMO    -30.1     0.056333 =       1.5329eV
 LUMO-HOMO         0.397747 =      10.8232eV

 EXPECTATION VALUE OF S**2:             1.38014805

 Occupation number threshold for canonical orbitals:  1.999000 (occupied),  0.001000 (virtual)

 Number of pseudo-canonical orbitals per symmetry:   22
 Number of active natural orbitals per symmetry:     15

 Natural orbitals saved to record    2200.2 (Orbital set 3)

 Orbital spaces for UNO-CAS (Min. occupation: 0.020  Max. occupation: 1.980):

 Closed:       26
 Active:        7


 **********************************************************************************************************************************
 DATASETS  * FILE   NREC   LENGTH (MB)   RECORD NAMES
              1      22       42.16       500      610      700      900      950      970     1000      129      960     1700   
                                          VAR    BASINP    GEOM    SYMINP    ZMAT    AOBASIS   BASIS     P2S    ABASIS    OPER   
                                         1101     1401     1411     1412     1650     1100     1400     1410     1200     1210   
                                          SR      EKINR    POTR     PVPR    MOLCAS      S      EKIN      POT      H0       H01  
                                         1080     1600   
                                         AOSYM     SMH  

              2       4       16.75       700     1000      520     2200   
                                         GEOM     BASIS   MCVARS     UHF  

 PROGRAMS   *        TOTAL       UHF       INT
 CPU TIMES  *       818.45    415.70    402.56
 REAL TIME  *      1387.28 SEC
 DISK USED  *        88.49 GB      
 SF USED    *        94.29 MB      
 GA USED    *         0.01 MB       (max)       0.00 MB       (current)
 **********************************************************************************************************************************


 PROGRAM * RHF-SCF (OPEN SHELL)       Authors: W. Meyer, H.-J. Werner


 NUMBER OF ELECTRONS:      30+   29-    SPACE SYMMETRY=1    SPIN SYMMETRY: Doublet 
 CONVERGENCE THRESHOLDS:    1.00E-05 (Density)    1.18E-07 (Energy)
 MAX. NUMBER OF ITERATIONS:       60
 INTERPOLATION TYPE:            DIIS
 INTERPOLATION STEPS:              2 (START)      1 (STEP)
 LEVEL SHIFTS:                 -0.60 (CLOSED) -0.30 (OPEN) 



 Molecular orbitals read from record     2200.2  Type=UHF/NATURAL (state 1.1)

 Molecular orbital dump at record        2100.2

 ITERATION    DDIFF          GRAD             ENERGY        2-EL.EN.            DIPOLE MOMENTS         DIIS   ORB.
    1      0.000D+00      0.000D+00      -381.06746791    995.116083    1.13858   -0.16396   -0.51859    0    start
    2      0.000D+00      0.307D-03      -381.07356167    994.875066    1.21367   -0.12431   -0.54311    1    diag,B
    3      0.123D-03      0.170D-03      -381.07707349    994.842749    1.20727   -0.11277   -0.53987    2    diag,B
    4      0.124D-03      0.879D-04      -381.07835470    994.836055    1.18121   -0.11018   -0.53418    3    diag,B
    5      0.737D-04      0.620D-04      -381.07926237    994.810737    1.13169   -0.10840   -0.51708    4    diag,B
    6      0.693D-04      0.506D-04      -381.07974262    994.794876    1.09552   -0.10572   -0.50604    5    diag,B
    7      0.451D-04      0.445D-04      -381.08039724    994.764415    1.03668   -0.09832   -0.48465    6    diag,B
    8      0.701D-04      0.414D-04      -381.08095382    994.737802    0.98185   -0.09067   -0.46548    7    orth
    9      0.686D-04      0.361D-04      -381.08183168    994.692352    0.87431   -0.07712   -0.42583    8    diag,B
   10      0.144D-03      0.238D-04      -381.08196709    994.681985    0.84589   -0.07750   -0.41269    9    diag,B
   11      0.314D-04      0.184D-04      -381.08212283    994.663230    0.79546   -0.07610   -0.39344    9    diag,B
   12      0.726D-04      0.117D-04      -381.08212758    994.667500    0.80433   -0.07998   -0.39446    9    diag,B
   13      0.264D-04      0.114D-04      -381.08216170    994.662164    0.79194   -0.07980   -0.39001    9    diag,B
   14      0.232D-04      0.813D-05      -381.08218976    994.662086    0.79118   -0.08223   -0.38833    9    diag,B
   15      0.144D-04      0.789D-05      -381.08223006    994.659022    0.78470   -0.08281   -0.38514    9    diag,B
   16      0.222D-04      0.654D-05      -381.08226513    994.656794    0.78063   -0.08267   -0.38264    9    diag,B
   17      0.207D-04      0.587D-05      -381.08233257    994.649758    0.76693   -0.07964   -0.37535    9    diag,B
   18      0.550D-04      0.425D-05      -381.08235497    994.646419    0.75988   -0.07794   -0.37155    9    orth
   19      0.277D-04      0.300D-05      -381.08237167    994.641425    0.74982   -0.07515   -0.36628    9    diag,B
   20      0.389D-04      0.155D-05      -381.08237321    994.639657    0.74540   -0.07435   -0.36458    9    diag,B
   21      0.130D-04      0.798D-06      -381.08237338    994.639325    0.74507   -0.07409   -0.36438    9    diag,B
   22      0.373D-05      0.291D-06      -381.08237339    994.639316    0.74494   -0.07402   -0.36438    9    diag,B
   23      0.825D-06      0.137D-06      -381.08237339    994.639282    0.74491   -0.07398   -0.36438    0    orth

 Final alpha occupancy:  30
 Final beta  occupancy:  29

 !RHF STATE 1.1 Energy               -381.082373391556
 Nuclear energy                       365.43252374
 One-electron energy                -1243.83453825
 Two-electron energy                  497.31964112
 Virial quotient                       -0.99703334
 !RHF STATE 1.1 Dipole moment           0.74490792    -0.07397709    -0.36438003
 Dipole moment /Debye                   1.89324308    -0.18801869    -0.92610101

 Orbital energies:

         1.1          2.1          3.1          4.1          5.1          6.1          7.1          8.1          9.1         10.1
    -20.679363   -20.657094   -11.306965   -11.251809   -11.246632   -11.245029   -11.242714   -11.241002    -1.518606    -1.215664

        11.1         12.1         13.1         14.1         15.1         16.1         17.1         18.1         19.1         20.1
     -1.136528    -1.028958    -0.999049    -0.847465    -0.835252    -0.718491    -0.713918    -0.683301    -0.674244    -0.632703

        21.1         22.1         23.1         24.1         25.1         26.1         27.1         28.1         29.1         30.1
     -0.595496    -0.577392    -0.557395    -0.531978    -0.518332    -0.482338    -0.454392    -0.429569    -0.317877    -0.516128

        31.1         32.1
      0.094576     0.140085

 HOMO     30.1    -0.516128 =     -14.0446eV
 LUMO     31.1     0.094576 =       2.5736eV
 LUMO-HOMO         0.610705 =      16.6181eV


 **********************************************************************************************************************************
 DATASETS  * FILE   NREC   LENGTH (MB)   RECORD NAMES
              1      22       42.16       500      610      700      900      950      970     1000      129      960     1700   
                                          VAR    BASINP    GEOM    SYMINP    ZMAT    AOBASIS   BASIS     P2S    ABASIS    OPER   
                                         1101     1401     1411     1412     1650     1100     1400     1410     1200     1210   
                                          SR      EKINR    POTR     PVPR    MOLCAS      S      EKIN      POT      H0       H01  
                                         1080     1600   
                                         AOSYM     SMH  

              2       5       28.81       700     1000      520     2200     2100   
                                         GEOM     BASIS   MCVARS     UHF      RHF  

 PROGRAMS   *        TOTAL       RHF       UHF       INT
 CPU TIMES  *      1208.48    390.03    415.70    402.56
 REAL TIME  *      1793.00 SEC
 DISK USED  *        89.45 GB      
 SF USED    *        94.29 MB      
 GA USED    *         0.01 MB       (max)       0.00 MB       (current)
 **********************************************************************************************************************************


 PROGRAM * CCSD (Unrestricted open-shell coupled cluster)     Authors: C. Hampel, H.-J. Werner, 1991, M. Deegan, P.J. Knowles, 1992


 Convergence thresholds:  THRVAR = 1.00D-08  THRDEN = 1.18D-06

 CCSD(T)     terms to be evaluated (factor= 1.000)


 Number of closed-shell orbitals:  29 (  29 )
 Number of active  orbitals:        1 (   1 )
 Number of external orbitals:     554 ( 554 )

 Memory could be reduced to 7616.94 Mwords without degradation in triples

 Number of N-1 electron functions:              59
 Number of N-2 electron functions:            1711
 Number of singly external CSFs:             32745
 Number of doubly external CSFs:         397272885
 Total number of CSFs:                   397305630

 Molecular orbitals read from record     2100.2  Type=RHF/CANONICAL (state 1.1)

 Integral transformation finished. Total CPU:1124.16 sec, npass=  1  Memory used:3351.72 MW

 Starting RMP2 calculation

 ITER.      SQ.NORM     CORR.ENERGY   TOTAL ENERGY   ENERGY CHANGE        DEN1      VAR(S)    VAR(P)  DIIS     TIME
   1      1.44988763    -1.87192353  -382.95429692    -1.87192353    -0.00643159  0.14D-03  0.27D-02  1  1  1239.09
   2      1.45708454    -1.87895289  -382.96132628    -0.00702935    -0.00004449  0.12D-04  0.22D-04  2  2  1409.66
   3      1.45765303    -1.87921333  -382.96158672    -0.00026044    -0.00000125  0.11D-05  0.35D-06  3  3  1573.38
   4      1.45770752    -1.87922335  -382.96159674    -0.00001002    -0.00000005  0.58D-07  0.87D-08  4  4  1749.17
   5      1.45771486    -1.87922434  -382.96159773    -0.00000099    -0.00000000  0.24D-08  0.35D-09  5  5  1943.32

 Norm of t1 vector:      0.06979958      S-energy:    -0.00620000      T1 diagnostic:  0.00142879
 Norm of t2 vector:      0.67293601      P-energy:    -1.87302433
                                         Alpha-Beta:  -1.46220975
                                         Alpha-Alpha: -0.21038620
                                         Beta-Beta:   -0.20042838

 Spin contamination <S**2-Sz**2-Sz>     0.00268315
  Reference energy                   -381.082373391559
  RHF-RMP2 correlation energy          -1.879224335379
 !RHF-RMP2 energy                    -382.961597726938

 Starting UCCSD calculation

 ITER.      SQ.NORM     CORR.ENERGY   TOTAL ENERGY   ENERGY CHANGE        DEN1      VAR(S)    VAR(P)  DIIS     TIME
   1      1.44766514    -1.86568530  -382.94805869    -1.86568530    -0.04796921  0.12D-01  0.81D-02  0  0  5618.54
   2      1.49086189    -1.90861585  -382.99098924    -0.04293055    -0.00620478  0.11D-02  0.19D-02  1  1  9379.00
   3      1.51336727    -1.91447253  -382.99684592    -0.00585668    -0.00202996  0.17D-02  0.33D-03  2  2 13112.72
   4      1.53494419    -1.92121019  -383.00358359    -0.00673767    -0.00082944  0.76D-03  0.12D-03  3  3 16665.52
   5      1.56248811    -1.92536333  -383.00773672    -0.00415313    -0.00042471  0.49D-03  0.43D-04  4  4 20416.44
   6      1.58759510    -1.92694454  -383.00931793    -0.00158121    -0.00019663  0.21D-03  0.26D-04  5  5 24020.87
   7      1.61884194    -1.92860018  -383.01097357    -0.00165564    -0.00007611  0.79D-04  0.13D-04  6  6 27670.76
   8      1.63151902    -1.92920042  -383.01157381    -0.00060024    -0.00003494  0.35D-04  0.61D-05  6  1 31310.33
   9      1.64069205    -1.92939678  -383.01177017    -0.00019636    -0.00001435  0.15D-04  0.19D-05  6  2 35004.69
  10      1.65091873    -1.92989733  -383.01227072    -0.00050055    -0.00000553  0.51D-05  0.76D-06  6  3 38717.13
  11      1.65195549    -1.92982735  -383.01220074     0.00006998    -0.00000253  0.22D-05  0.39D-06  6  5 42193.23
  12      1.65575064    -1.92997949  -383.01235289    -0.00015215    -0.00000127  0.11D-05  0.16D-06  6  4 45669.22
  13      1.65517338    -1.92991550  -383.01228889     0.00006399    -0.00000076  0.73D-06  0.78D-07  6  6 49347.56
  14      1.65624680    -1.92992838  -383.01230178    -0.00001288    -0.00000054  0.56D-06  0.51D-07  6  2 52942.71
  15      1.65624886    -1.92990931  -383.01228270     0.00001908    -0.00000039  0.41D-06  0.41D-07  6  1 56520.98
  16      1.65643350    -1.92991100  -383.01228439    -0.00000169    -0.00000029  0.30D-06  0.35D-07  6  3 60321.22
  17      1.65655660    -1.92990949  -383.01228288     0.00000151    -0.00000019  0.21D-06  0.21D-07  6  4 64006.49
  18      1.65674638    -1.92991451  -383.01228791    -0.00000502    -0.00000012  0.11D-06  0.19D-07  6  5 67651.68
  19      1.65702049    -1.92991528  -383.01228867    -0.00000076    -0.00000007  0.65D-07  0.10D-07  6  6 71161.59
  20      1.65712192    -1.92991545  -383.01228884    -0.00000017    -0.00000003  0.19D-07  0.60D-08  6  1 74776.48
  21      1.65728275    -1.92991293  -383.01228632     0.00000252    -0.00000001  0.61D-08  0.12D-08  6  2 78285.17
  22      1.65720749    -1.92991001  -383.01228341     0.00000291    -0.00000000  0.19D-08  0.42D-09  6  5 81778.01
  23      1.65716216    -1.92990860  -383.01228200     0.00000141    -0.00000000  0.86D-09  0.15D-09  6  2 85390.82
  24      1.65713258    -1.92990751  -383.01228090     0.00000110    -0.00000000  0.42D-09  0.74D-10  6  3 88914.00

 Norm of t1 vector:      0.37739418      S-energy:    -0.00838596      T1 diagnostic:  0.03206571
                                                                       D1 diagnostic:  0.21817573
 Norm of t2 vector:      0.71743028      P-energy:    -1.92152154
                                         Alpha-Beta:  -1.54561274
                                         Alpha-Alpha: -0.19120868
                                         Beta-Beta:   -0.18470012

 Singles amplitudes (print threshold =  0.500E-01):

         I         SYM. A    A   T(IA) [Alpha-Alpha]

        29         1         2     -0.05908064
        30         1         2      0.07427849

         I         SYM. A    A   T(IA) [Beta-Beta]

        19         1         1     -0.08300198
        22         1         1     -0.07333678
        24         1         1      0.12376682
        27         1         1      0.13409054
        28         1         1      0.05092307
        29         1         1      0.20361839
        29         1         2      0.08014003

 Doubles amplitudes (print threshold =  0.500E-01):

         I         J         SYM. A    SYM. B    A         B      T(IJ, AB) [Alpha-Beta]

        29        29         1         1         2         2     -0.08203186

 Spin contamination <S**2-Sz**2-Sz>     0.02367991

 Memory could be reduced to 8178.34 Mwords without degradation in triples


  Correlated core orbitals:             1.1       2.1       3.1       4.1       5.1       6.1       7.1       8.1
  Orbital energies:                   -20.6941  -20.6581  -11.3071  -11.2534  -11.2467  -11.2450  -11.2429  -11.2411

  UCCSD core-core energy               -0.295557963818
  UCCSD core-valence energy            -0.117485845138
  UCCSD valence correlation energy     -1.516863699692


 RESULTS
 =======

  Reference energy                   -381.082373391559
  UCCSD singles energy                 -0.008385964047
  UCCSD pair energy                    -1.921521544600
  UCCSD correlation energy             -1.929907508648
  Triples (T) contribution             -0.083598775781
  Total correlation energy             -2.013506284429

  RHF-UCCSD energy                   -383.012280900207
  RHF-UCCSD[T] energy                -383.101176812161
  RHF-UCCSD-T energy                 -383.095592838144
 !RHF-UCCSD(T) energy                -383.095879675988

 Program statistics:

 Available memory in ccsd:             63999992400
 Min. memory needed in ccsd:            1080539128
 Max. memory used in ccsd:              1597354003
 Max. memory used in cckext:            1187133809 (24 integral passes)
 Max. memory used in cckint:            3351715156 ( 1 integral passes)



 **********************************************************************************************************************************
 DATASETS  * FILE   NREC   LENGTH (MB)   RECORD NAMES
              1      22       42.16       500      610      700      900      950      970     1000      129      960     1700   
                                          VAR    BASINP    GEOM    SYMINP    ZMAT    AOBASIS   BASIS     P2S    ABASIS    OPER   
                                         1101     1401     1411     1412     1650     1100     1400     1410     1200     1210   
                                          SR      EKINR    POTR     PVPR    MOLCAS      S      EKIN      POT      H0       H01  
                                         1080     1600   
                                         AOSYM     SMH  

              2       5       28.81       700     1000      520     2200     2100   
                                         GEOM     BASIS   MCVARS     UHF      RHF  

 PROGRAMS   *        TOTAL  UCCSD(T)       RHF       UHF       INT
 CPU TIMES  *    195080.19 193871.65    390.03    415.70    402.56
 REAL TIME  *    275315.05 SEC
 DISK USED  *       493.85 GB      
 SF USED    *       163.90 GB      
 GA USED    *         0.01 MB       (max)       0.00 MB       (current)
 **********************************************************************************************************************************

 UCCSD(T)/USERDEF energy=   -383.095879675988

        UCCSD(T)        RHF-SCF         UHF-SCF 
   -383.09587968   -381.08237339   -381.11190766
 **********************************************************************************************************************************
 Molpro calculation terminated
 Variable memory released

 Fortran compiler diagnostic
 ***************************

 integer size                  8
 double precision size         8
 logical size                  8

 diagnostic completed successfully
