
 Primary working directories    : /scratch/saurabh/PBS_8054353.helios
 Secondary working directories  : /scratch/saurabh/PBS_8054353.helios
 Wavefunction directory         : /scratch/saurabh/PBS_8054353.helios/
 Main file repository           : /scratch/saurabh/PBS_8054353.helios/

 SHA1      : f6387f0c468d0184d0b38d85973bdb066f718752
 NAME      : 2015.1.44
 ARCHNAME  : linux/x86_64
 FC        : /opt/may/bin/gfortran
 BLASLIB   : -Wl,-_start-group /opt/intel/mkl/lib/intel64/libmkl_gf_ilp64.a /opt/intel/mkl/lib/intel64/libmkl_gnu_thread.a /opt/intel/mkl/lib/intel64/libmkl_core.a -Wl,-_end-group
 id        : ramakrishnan

 Nodes             nprocs
 hel09.tifrh.res.in    8

 Using DEFAULT tuning parameter for ncache   :   16384
 Using DEFAULT tuning parameter for mflopdgm :   10000
 Using DEFAULT tuning parameter for mflopdgv :    4000
 Using DEFAULT tuning parameter for mflopmxm :    5000
 Using DEFAULT tuning parameter for mflopmxv :    4000
 Using DEFAULT tuning parameter for mindgm   :       1
 Using DEFAULT tuning parameter for mindgc   :       4
 Using DEFAULT tuning parameter for mindgf   :    5000
 Using DEFAULT tuning parameter for mindgl   :       4
 Using DEFAULT tuning parameter for mindgr   :       1
 Using DEFAULT tuning parameter for mindgv   :      20
 Using DEFAULT tuning parameter for mincuda  :     500
 Using DEFAULT tuning parameter for mxmblk   :      64
 Using DEFAULT tuning parameter for mxmbln   :      64
 Using DEFAULT tuning parameter for nroll    :       2
 Using custom tuning parameter for ngpus     :       0
 Using customized tuning parameters: mindgm=1; mindgv=20; mindgc=4; mindgr=1; noblas=0; minvec=7
 default implementation of scratch files=sf  

 ***,Mol_02
 memory,25,g
 geometry={
 C  1.984858   -0.899222  -0.165417
 C  0.742102   -0.013183  -0.287945
 C  -0.357775  -0.558890  0.614675
 C  1.056898   1.451677   0.021474
 H  1.768017   -1.936283  -0.426410
 H  2.382673   -0.884290  0.852243
 H  2.773082   -0.545688  -0.830684
 H  0.365338   -0.084380  -1.311772
 H  1.451260   1.560560   1.034976
 H  0.169099   2.077616   -0.062996
 H  1.807262   1.837690   -0.669400
 O  -1.609731  0.169672   0.452971
 O  -2.213630  -0.153516  -0.673092
 H  -0.116441  -0.429904  1.671111
 H  -0.569894  -1.606855  0.407174
  }
 basis,O=AVDZ,C=AVDZ,H=VDZ
 {rhf
 wf,49,1,1
 }
 uccsd(t);
 

 Fortran compiler diagnostic
 ***************************

 integer size                  8
 double precision size         8
 logical size                  8

 diagnostic completed successfully

 Variables initialized (889), CPU time= 0.01 sec
 Commands  initialized (702), CPU time= 0.02 sec, 572 directives.
 Default parameters read. Elapsed time= 0.08 sec

 Using DEFAULT tuning parameter for mpplat   :       3
 Using DEFAULT tuning parameter for mppspeed :    1600
 Checking input...
 Passed
1


                                         ***  PROGRAM SYSTEM MOLPRO  ***
                                       Copyright, TTI GmbH Stuttgart, 2015
                                    Version 2015.1 linked Jun  9 2019 06:55:40


 **********************************************************************************************************************************
 LABEL *   Mol_02                                                                        
  64 bit mpp version                                                                     DATE: 11-Apr-22          TIME: 17:33:16  
 **********************************************************************************************************************************

 SHA1:             f6387f0c468d0184d0b38d85973bdb066f718752
 **********************************************************************************************************************************

Geometry recognized as XYZ


 Variable memory set to ********** words,  buffer space   230000 words

 SETTING BASIS          =    O=AVDZ,C=AVDZ,H=VDZ


 Recomputing integrals since basis changed


 Using spherical harmonics

 Library entry C      S aug-cc-pVDZ          selected for orbital group  1
 Library entry C      P aug-cc-pVDZ          selected for orbital group  1
 Library entry C      D aug-cc-pVDZ          selected for orbital group  1
 Library entry H      S cc-pVDZ              selected for orbital group  2
 Library entry H      P cc-pVDZ              selected for orbital group  2
 Library entry O      S aug-cc-pVDZ          selected for orbital group  3
 Library entry O      P aug-cc-pVDZ          selected for orbital group  3
 Library entry O      D aug-cc-pVDZ          selected for orbital group  3


 PROGRAM * SEWARD (Integral evaluation for generally contracted gaussian basis sets)     Author: Roland Lindh, 1990

 Geometry written to block  1 of record 700


 Point group  C1  



 ATOMIC COORDINATES

 NR  ATOM    CHARGE       X              Y              Z

   1  C       6.00    3.750838016   -1.699283305   -0.312592826
   2  C       6.00    1.402369536   -0.024912260   -0.544137189
   3  C       6.00   -0.676096764   -1.056149034    1.161567406
   4  C       6.00    1.997247762    2.743271951    0.040579979
   5  H       1.00    3.341067914   -3.659044570   -0.805798117
   6  H       1.00    4.502599414   -1.671065915    1.610505862
   7  H       1.00    5.240365501   -1.031200869   -1.569765256
   8  H       1.00    0.690388763   -0.159455090   -2.478889818
   9  H       1.00    2.742483936    2.949031001    1.955821185
  10  H       1.00    0.319550798    3.926125232   -0.119045187
  11  H       1.00    3.415230215    3.472730802   -1.264982668
  12  O       8.00   -3.041950724    0.320633611    0.855991132
  13  O       8.00   -4.183154441   -0.290103196   -1.271959537
  14  H       1.00   -0.220041600   -0.812400820    3.157942114
  15  H       1.00   -1.076943580   -3.036515872    0.769447345

 Bond lengths in Bohr (Angstrom)

 1-2  2.893516095  1-5  2.061995929  1-6  2.065006050  1-7  2.060463246  2-3  2.879739504
     ( 1.531182777)     ( 1.091161254)     ( 1.092754142)     ( 1.090350194)     ( 1.523892519)

  2- 4  2.891127478   2- 8  2.065983091   3-12  2.754300686   3-14  2.062258830   3-15  2.058224751
       ( 1.529918775)       ( 1.093271170)       ( 1.457513155)       ( 1.091300376)       ( 1.089165633)

  4- 9  2.065396480   4-10  2.058953418   4-11  2.060892593  12-13  2.490686536
       ( 1.092960749)       ( 1.089551227)       ( 1.090577394)       ( 1.318014554)

 Bond angles

  1-2-3  109.34049920   1-2-4  111.76931874   1-2-8  108.47915892   2-1-5  111.68731462

  2- 1- 6  111.22850324   2- 1- 7  110.50480809   2- 3-12  112.03958892   2- 3-14  111.80520175

  2- 3-15  111.85601742   2- 4- 9  110.92649907   2- 4-10  111.51369876   2- 4-11  110.63122530

  3- 2- 4  111.81362346   3- 2- 8  106.41761221   3-12-13  111.45589363   4- 2- 8  108.82396307

  5- 1- 6  107.94378679   5- 1- 7  107.81139238   6- 1- 7  107.49409871   9- 4-10  107.97884463

  9- 4-11  107.69304479  10- 4-11  107.94967966  12- 3-14  103.78470061  12- 3-15  107.00973089

 14- 3-15  109.95119139

 NUCLEAR CHARGE:                   49
 NUMBER OF PRIMITIVE AOS:         285
 NUMBER OF SYMMETRY AOS:          273
 NUMBER OF CONTRACTIONS:          183   ( 183A   )
 NUMBER OF CORE ORBITALS:           6   (   6A   )
 NUMBER OF VALENCE ORBITALS:       33   (  33A   )


 NUCLEAR REPULSION ENERGY  250.65390075


 Eigenvalues of metric

         1 0.122E-03 0.152E-03 0.177E-03 0.222E-03 0.296E-03 0.322E-03 0.625E-03 0.128E-02


 Contracted 2-electron integrals neglected if value below      1.0D-11
 AO integral compression algorithm  1   Integral accuracy      1.0D-11

     627.048 MB (compressed) written to integral file ( 49.6%)

     Node minimum: 62.915 MB, node maximum: 88.343 MB


 NUMBER OF SORTED TWO-ELECTRON INTEGRALS:   17715680.     BUFFER LENGTH:  32768
 NUMBER OF SEGMENTS:   2  SEGMENT LENGTH:   15992000      RECORD LENGTH: 524288

 Memory used in sort:      16.55 MW

 SORT1 READ   158043054. AND WROTE    17209527. INTEGRALS IN     50 RECORDS. CPU TIME:     1.91 SEC, REAL TIME:     2.44 SEC
 SORT2 READ   137523517. AND WROTE   141733866. INTEGRALS IN   2696 RECORDS. CPU TIME:     0.36 SEC, REAL TIME:     0.55 SEC

 Node minimum:    17709368.  Node maximum:    17724100. integrals

 OPERATOR DM      FOR CENTER  0  COORDINATES:    0.000000    0.000000    0.000000


 **********************************************************************************************************************************
 DATASETS  * FILE   NREC   LENGTH (MB)   RECORD NAMES
              1      18       21.38       500      610      700      900      950      970     1000      129      960     1100   
                                          VAR    BASINP    GEOM    SYMINP    ZMAT    AOBASIS   BASIS     P2S    ABASIS      S 
                                         1400     1410     1200     1210     1080     1600     1650     1700   
                                           T        V       H0       H01     AOSYM     SMH    MOLCAS    OPER   

 PROGRAMS   *        TOTAL       INT
 CPU TIMES  *        52.76     52.63
 REAL TIME  *        71.39 SEC
 DISK USED  *         2.28 GB      
 GA USED    *         0.01 MB       (max)       0.00 MB       (current)
 **********************************************************************************************************************************


 PROGRAM * RHF-SCF (OPEN SHELL)       Authors: W. Meyer, H.-J. Werner


 NUMBER OF ELECTRONS:      25+   24-    SPACE SYMMETRY=1    SPIN SYMMETRY: Doublet 
 CONVERGENCE THRESHOLDS:    1.00E-05 (Density)    1.00E-07 (Energy)
 MAX. NUMBER OF ITERATIONS:       60
 INTERPOLATION TYPE:            DIIS
 INTERPOLATION STEPS:              2 (START)      1 (STEP)
 LEVEL SHIFTS:                 -0.60 (CLOSED) -0.30 (OPEN) 



 Orbital guess generated from atomic densities. Full valence occupancy:   39

 Molecular orbital dump at record        2100.2

 Initial alpha occupancy:  25
 Initial beta  occupancy:  24
 Wave function symmetry:    1

 ITERATION    DDIFF          GRAD             ENERGY        2-EL.EN.            DIPOLE MOMENTS         DIIS   ORB.
    1      0.000D+00      0.000D+00      -306.21702109    712.801745    1.45871   -0.23036    0.94621    0    start
    2      0.000D+00      0.465D-02      -306.30709525    714.623068    1.29290   -0.33738    0.35671    1    diag,B
    3      0.618D-02      0.202D-02      -306.32487037    714.303699    1.22060   -0.27849    0.42123    2    diag,B
    4      0.257D-02      0.843D-03      -306.33458004    714.433700    1.11220   -0.30091    0.30527    3    diag,B
    5      0.186D-02      0.454D-03      -306.33863852    714.466194    1.05627   -0.30650    0.26417    4    diag,B
    6      0.103D-02      0.306D-03      -306.34221722    714.496704    1.00249   -0.31416    0.22098    5    diag,B
    7      0.880D-03      0.240D-03      -306.34553058    714.538579    0.93825   -0.31882    0.17767    6    fixocc
    8      0.105D-02      0.110D-03      -306.34602808    714.583662    0.91683   -0.32010    0.16121    7    diag,B
    9      0.397D-03      0.517D-04      -306.34609418    714.587614    0.90865   -0.31933    0.15897    8    diag,B
   10      0.237D-03      0.157D-04      -306.34609716    714.585983    0.90993   -0.31911    0.16041    9    orth
   11      0.825D-04      0.811D-05      -306.34609779    714.583606    0.90917   -0.31873    0.16095    9    diag,B
   12      0.412D-04      0.580D-05      -306.34609816    714.584346    0.91003   -0.31886    0.16102    9    diag,B
   13      0.174D-04      0.205D-05      -306.34609823    714.584080    0.90992   -0.31881    0.16104    9    diag,B
   14      0.109D-04      0.655D-06      -306.34609824    714.584107    0.90992   -0.31881    0.16103    9    diag,B
   15      0.417D-05      0.413D-06      -306.34609826    714.584157    0.90992   -0.31881    0.16102    0    orth

 Final alpha occupancy:  25
 Final beta  occupancy:  24

 !RHF STATE 1.1 Energy               -306.346098258324
 Nuclear energy                       250.65390075
 One-electron energy                 -914.29207746
 Two-electron energy                  357.29207845
 Virial quotient                       -1.00098597
 !RHF STATE 1.1 Dipole moment           0.90991594    -0.31880883     0.16101847
 Dipole moment /Debye                   2.31262415    -0.81027814     0.40924132

 Orbital energies:

         1.1          2.1          3.1          4.1          5.1          6.1          7.1          8.1          9.1         10.1
    -20.661403   -20.654610   -11.297838   -11.244711   -11.232379   -11.224910    -1.536349    -1.172562    -1.082444    -0.942590

        11.1         12.1         13.1         14.1         15.1         16.1         17.1         18.1         19.1         20.1
     -0.922276    -0.792147    -0.703089    -0.683735    -0.654900    -0.623805    -0.578637    -0.563034    -0.547532    -0.538089

        21.1         22.1         23.1         24.1         25.1         26.1         27.1
     -0.496021    -0.480094    -0.477667    -0.461576    -0.563153     0.061479     0.066987

 HOMO     25.1    -0.563153 =     -15.3242eV
 LUMO     26.1     0.061479 =       1.6729eV
 LUMO-HOMO         0.624632 =      16.9971eV


 **********************************************************************************************************************************
 DATASETS  * FILE   NREC   LENGTH (MB)   RECORD NAMES
              1      18       21.38       500      610      700      900      950      970     1000      129      960     1100   
                                          VAR    BASINP    GEOM    SYMINP    ZMAT    AOBASIS   BASIS     P2S    ABASIS      S 
                                         1400     1410     1200     1210     1080     1600     1650     1700   
                                           T        V       H0       H01     AOSYM     SMH    MOLCAS    OPER   

              2       4        3.95       700     1000      520     2100   
                                         GEOM     BASIS   MCVARS     RHF  

 PROGRAMS   *        TOTAL       RHF       INT
 CPU TIMES  *        58.42      5.66     52.63
 REAL TIME  *        77.61 SEC
 DISK USED  *         2.52 GB      
 SF USED    *         0.13 MB      
 GA USED    *         0.01 MB       (max)       0.00 MB       (current)
 **********************************************************************************************************************************


 PROGRAM * CCSD (Unrestricted open-shell coupled cluster)     Authors: C. Hampel, H.-J. Werner, 1991, M. Deegan, P.J. Knowles, 1992


 Convergence thresholds:  THRVAR = 1.00D-08  THRDEN = 1.00D-06

 CCSD(T)     terms to be evaluated (factor= 1.000)


 Number of core orbitals:           6 (   6 )
 Number of closed-shell orbitals:  18 (  18 )
 Number of active  orbitals:        1 (   1 )
 Number of external orbitals:     158 ( 158 )

 Memory could be reduced to 152.34 Mwords without degradation in triples

 Number of N-1 electron functions:              37
 Number of N-2 electron functions:             666
 Number of singly external CSFs:              5883
 Number of doubly external CSFs:          12715866
 Total number of CSFs:                    12721749

 Molecular orbitals read from record     2100.2  Type=RHF/CANONICAL (state 1.1)

 Integral transformation finished. Total CPU:   9.66 sec, npass=  1  Memory used:  72.68 MW

 Starting RMP2 calculation

 ITER.      SQ.NORM     CORR.ENERGY   TOTAL ENERGY   ENERGY CHANGE        DEN1      VAR(S)    VAR(P)  DIIS     TIME
   1      1.30095817    -0.95695503  -307.30305329    -0.95695503    -0.00381317  0.31D-04  0.14D-02  1  1    13.01
   2      1.30435074    -0.96107984  -307.30717810    -0.00412481    -0.00000727  0.13D-05  0.26D-05  2  2    15.73
   3      1.30443905    -0.96113163  -307.30722989    -0.00005179    -0.00000009  0.65D-07  0.14D-07  3  3    18.65
   4      1.30444152    -0.96113177  -307.30723003    -0.00000014    -0.00000000  0.17D-08  0.18D-09  4  4    21.77

 Norm of t1 vector:      0.04708260      S-energy:    -0.00423330      T1 diagnostic:  0.00072045
 Norm of t2 vector:      0.54974971      P-energy:    -0.95689847
                                         Alpha-Beta:  -0.72165330
                                         Alpha-Alpha: -0.12006192
                                         Beta-Beta:   -0.11518325

 Spin contamination <S**2-Sz**2-Sz>     0.00157080
  Reference energy                   -306.346098258324
  RHF-RMP2 correlation energy          -0.961131768238
 !RHF-RMP2 energy                    -307.307230026561

 Starting UCCSD calculation

 ITER.      SQ.NORM     CORR.ENERGY   TOTAL ENERGY   ENERGY CHANGE        DEN1      VAR(S)    VAR(P)  DIIS     TIME
   1      1.32790057    -0.98730313  -307.33340139    -0.98730313    -0.03262703  0.72D-02  0.71D-02  1  1    63.82
   2      1.36441786    -1.02033252  -307.36643077    -0.03302938    -0.00357678  0.64D-03  0.10D-02  2  2   108.13
   3      1.38324357    -1.02738206  -307.37348032    -0.00704954    -0.00096144  0.80D-03  0.85D-04  3  3   151.51
   4      1.39695785    -1.03036707  -307.37646533    -0.00298501    -0.00035915  0.29D-03  0.34D-04  4  4   194.06
   5      1.41327293    -1.03236921  -307.37846747    -0.00200214    -0.00010448  0.88D-04  0.95D-05  5  5   235.65
   6      1.42402258    -1.03327236  -307.37937062    -0.00090315    -0.00001723  0.86D-05  0.34D-05  6  6   278.00
   7      1.42745908    -1.03351055  -307.37960881    -0.00023819    -0.00000318  0.16D-05  0.69D-06  6  1   321.57
   8      1.42812969    -1.03354682  -307.37964508    -0.00003628    -0.00000058  0.24D-06  0.15D-06  6  2   368.19
   9      1.42843705    -1.03356564  -307.37966390    -0.00001882    -0.00000011  0.51D-07  0.29D-07  6  3   410.77
  10      1.42843412    -1.03355974  -307.37965800     0.00000591    -0.00000002  0.98D-08  0.52D-08  6  4   454.11
  11      1.42847970    -1.03355979  -307.37965805    -0.00000006    -0.00000000  0.19D-08  0.98D-09  6  5   497.16

 Norm of t1 vector:      0.24455157      S-energy:    -0.00488213      T1 diagnostic:  0.02754039
                                                                       D1 diagnostic:  0.15044925
 Norm of t2 vector:      0.60718550      P-energy:    -1.02867766
                                         Alpha-Beta:  -0.81026515
                                         Alpha-Alpha: -0.10988657
                                         Beta-Beta:   -0.10852595

 Singles amplitudes (print threshold =  0.500E-01):

         I         SYM. A    A   T(IA) [Beta-Beta]

         8         1         1      0.05331257
         9         1         1     -0.09942340
        11         1         1      0.09793549
        12         1         1     -0.09058356
        15         1         1     -0.05056600
        17         1         1      0.08694926

 Spin contamination <S**2-Sz**2-Sz>     0.00198262

 Memory could be reduced to 171.29 Mwords without degradation in triples


 RESULTS
 =======

  Reference energy                   -306.346098258324
  UCCSD singles energy                 -0.004882129677
  UCCSD pair energy                    -1.028677664946
  UCCSD correlation energy             -1.033559794623
  Triples (T) contribution             -0.035163110527
  Total correlation energy             -1.068722905150

  RHF-UCCSD energy                   -307.379658052946
  RHF-UCCSD[T] energy                -307.418253855426
  RHF-UCCSD-T energy                 -307.414319292755
 !RHF-UCCSD(T) energy                -307.414821163474

 Program statistics:

 Available memory in ccsd:             24999996822
 Min. memory needed in ccsd:              35682518
 Max. memory used in ccsd:                51889415
 Max. memory used in cckext:              46326347 (11 integral passes)
 Max. memory used in cckint:              72677837 ( 1 integral passes)



 **********************************************************************************************************************************
 DATASETS  * FILE   NREC   LENGTH (MB)   RECORD NAMES
              1      18       21.38       500      610      700      900      950      970     1000      129      960     1100   
                                          VAR    BASINP    GEOM    SYMINP    ZMAT    AOBASIS   BASIS     P2S    ABASIS      S 
                                         1400     1410     1200     1210     1080     1600     1650     1700   
                                           T        V       H0       H01     AOSYM     SMH    MOLCAS    OPER   

              2       4        3.95       700     1000      520     2100   
                                         GEOM     BASIS   MCVARS     RHF  

 PROGRAMS   *        TOTAL  UCCSD(T)       RHF       INT
 CPU TIMES  *       866.45    807.97      5.66     52.63
 REAL TIME  *       928.64 SEC
 DISK USED  *        15.42 GB      
 SF USED    *         3.30 GB      
 GA USED    *         0.01 MB       (max)       0.00 MB       (current)
 **********************************************************************************************************************************

 UCCSD(T)/O=AVDZ,C=AVDZ,H=VDZ energy=   -307.414821163474

        UCCSD(T)        RHF-SCF 
   -307.41482116   -306.34609826
 **********************************************************************************************************************************
 Molpro calculation terminated
 Variable memory released

 Fortran compiler diagnostic
 ***************************

 integer size                  8
 double precision size         8
 logical size                  8

 diagnostic completed successfully
