
 Primary working directories    : /scratch/saurabh/PBS_8054367.helios
 Secondary working directories  : /scratch/saurabh/PBS_8054367.helios
 Wavefunction directory         : /scratch/saurabh/PBS_8054367.helios/
 Main file repository           : /scratch/saurabh/PBS_8054367.helios/

 SHA1      : f6387f0c468d0184d0b38d85973bdb066f718752
 NAME      : 2015.1.44
 ARCHNAME  : linux/x86_64
 FC        : /opt/may/bin/gfortran
 BLASLIB   : -Wl,-_start-group /opt/intel/mkl/lib/intel64/libmkl_gf_ilp64.a /opt/intel/mkl/lib/intel64/libmkl_gnu_thread.a /opt/intel/mkl/lib/intel64/libmkl_core.a -Wl,-_end-group
 id        : ramakrishnan

 Nodes             nprocs
 hel09.tifrh.res.in    8

 Using DEFAULT tuning parameter for ncache   :   16384
 Using DEFAULT tuning parameter for mflopdgm :   10000
 Using DEFAULT tuning parameter for mflopdgv :    4000
 Using DEFAULT tuning parameter for mflopmxm :    5000
 Using DEFAULT tuning parameter for mflopmxv :    4000
 Using DEFAULT tuning parameter for mindgm   :       1
 Using DEFAULT tuning parameter for mindgc   :       4
 Using DEFAULT tuning parameter for mindgf   :    5000
 Using DEFAULT tuning parameter for mindgl   :       4
 Using DEFAULT tuning parameter for mindgr   :       1
 Using DEFAULT tuning parameter for mindgv   :      20
 Using DEFAULT tuning parameter for mincuda  :     500
 Using DEFAULT tuning parameter for mxmblk   :      64
 Using DEFAULT tuning parameter for mxmbln   :      64
 Using DEFAULT tuning parameter for nroll    :       2
 Using custom tuning parameter for ngpus     :       0
 Using customized tuning parameters: mindgm=1; mindgv=20; mindgc=4; mindgr=1; noblas=0; minvec=7
 default implementation of scratch files=sf  

 ***,Mol_01
 memory,25,g
 geometry={
 C  -1.268755  -0.679206  0.101502
 C  -0.000003  0.059715   -0.346127
 C  -0.000020  1.480077   0.101187
 C  1.268776   -0.679160  0.101437
 H  -2.166973  -0.166159  -0.245760
 H  -1.316887  -0.738399  1.190674
 H  -1.289134  -1.696251  -0.293322
 H  -0.925833  2.030515   0.198930
 H  0.925807   2.030322   0.199678
 H  -0.000067  0.052067   -1.449569
 H  1.317008   -0.738263  1.190615
 H  2.166963   -0.166147  -0.245950
 H  1.289122   -1.696240  -0.293291
  }
 basis={
                                                                            ! oxygen               (10s,5p,4d,2f) -&gt; [10s,5p,4d,2f]
 s, O , 0.1533000000E+05, 0.2299000000E+04, 0.5224000000E+03, 0.1473000000E+03, 0.4755000000E+02, 0.1676000000E+02, 0.6207000000E+01, 0.1752000000E+01, 0.6882000000E+00, 0.2384000000E+00
 c, 1.1, 0.1000000000E+01
 c, 2.2, 0.1000000000E+01
 c, 3.3, 0.1000000000E+01
 c, 4.4, 0.1000000000E+01
 c, 5.5, 0.1000000000E+01
 c, 6.6, 0.1000000000E+01
 c, 7.7, 0.1000000000E+01
 c, 8.8, 0.1000000000E+01
 c, 9.9, 0.1000000000E+01
 c, 10.10, 0.1000000000E+01
 p, O , 0.3446000000E+02, 0.7749000000E+01, 0.2280000000E+01, 0.7156000000E+00, 0.2140000000E+00
 c, 1.1, 0.1000000000E+01
 c, 2.2, 0.1000000000E+01
 c, 3.3, 0.1000000000E+01
 c, 4.4, 0.1000000000E+01
 c, 5.5, 0.1000000000E+01
 d, O , 0.2100000000E+02, 0.7000000000E+01, 0.2314000000E+01, 0.6450000000E+00
 c, 1.1, 0.1000000000E+01
 c, 2.2, 0.1000000000E+01
 c, 3.3, 0.1000000000E+01
 c, 4.4, 0.1000000000E+01
 f, O , 0.4300000000E+01, 0.1428000000E+01
 c, 1.1, 0.1000000000E+01
 c, 2.2, 0.1000000000E+01
                                                                                 ! hydrogen             (5s,2p,1d) -&gt; [5s,2p,1d]
 s, H , 0.3387000000E+02, 0.5095000000E+01, 0.1159000000E+01, 0.3258000000E+00, 0.1027000000E+00
 c, 1.1, 0.1000000000E+01
 c, 2.2, 0.1000000000E+01
 c, 3.3, 0.1000000000E+01
 c, 4.4, 0.1000000000E+01
 c, 5.5, 0.1000000000E+01
 p, H , 0.1407000000E+01, 0.3880000000E+00
 c, 1.1, 0.1000000000E+01
 c, 2.2, 0.1000000000E+01
 d, H , 0.1057000000E+01
 c, 1.1, 0.1000000000E+01
                                                                            ! carbon               (10s,5p,4d,2f) -&gt; [10s,5p,4d,2f]
 s, C , 0.8236000000E+04, 0.1235000000E+04, 0.2808000000E+03, 0.7927000000E+02, 0.2559000000E+02, 0.8997000000E+01, 0.3319000000E+01, 0.9059000000E+00, 0.3643000000E+00, 0.1285000000E+00
 c, 1.1, 0.1000000000E+01
 c, 2.2, 0.1000000000E+01
 c, 3.3, 0.1000000000E+01
 c, 4.4, 0.1000000000E+01
 c, 5.5, 0.1000000000E+01
 c, 6.6, 0.1000000000E+01
 c, 7.7, 0.1000000000E+01
 c, 8.8, 0.1000000000E+01
 c, 9.9, 0.1000000000E+01
 c, 10.10, 0.1000000000E+01
 p, C , 0.1871000000E+02, 0.4133000000E+01, 0.1200000000E+01, 0.3827000000E+00, 0.1209000000E+00
 c, 1.1, 0.1000000000E+01
 c, 2.2, 0.1000000000E+01
 c, 3.3, 0.1000000000E+01
 c, 4.4, 0.1000000000E+01
 c, 5.5, 0.1000000000E+01
 d, C , 0.1000000000E+02, 0.3300000000E+01, 0.1097000000E+01, 0.3180000000E+00
 c, 1.1, 0.1000000000E+01
 c, 2.2, 0.1000000000E+01
 c, 3.3, 0.1000000000E+01
 c, 4.4, 0.1000000000E+01
 f, C , 0.2300000000E+01, 0.7610000000E+00
 c, 1.1, 0.1000000000E+01
 c, 2.2, 0.1000000000E+01
 }
 DKROLL=1
 DKHO=2
 {rhf
 wf,33,1,1
 }
 {uccsd(t)
 core}
 

 Fortran compiler diagnostic
 ***************************

 integer size                  8
 double precision size         8
 logical size                  8

 diagnostic completed successfully

 Variables initialized (889), CPU time= 0.01 sec
 Commands  initialized (702), CPU time= 0.02 sec, 572 directives.
 Default parameters read. Elapsed time= 0.10 sec

 Using DEFAULT tuning parameter for mpplat   :       3
 Using DEFAULT tuning parameter for mppspeed :    1600
 Checking input...
 Passed
1


                                         ***  PROGRAM SYSTEM MOLPRO  ***
                                       Copyright, TTI GmbH Stuttgart, 2015
                                    Version 2015.1 linked Jun  9 2019 06:55:40


 **********************************************************************************************************************************
 LABEL *   Mol_01                                                                        
  64 bit mpp version                                                                     DATE: 12-Apr-22          TIME: 12:59:44  
 **********************************************************************************************************************************

 SHA1:             f6387f0c468d0184d0b38d85973bdb066f718752
 **********************************************************************************************************************************

Geometry recognized as XYZ


 Variable memory set to ********** words,  buffer space   230000 words

 SETTING BASIS          =    USERDEF
 SETTING DKROLL         =         1.00000000                                  
 SETTING DKHO           =         2.00000000                                  


 Recomputing integrals since basis changed


 Using spherical harmonics



 PROGRAM * SEWARD (Integral evaluation for generally contracted gaussian basis sets)     Author: Roland Lindh, 1990

 Geometry written to block  1 of record 700


 Point group  C1  



 ATOMIC COORDINATES

 NR  ATOM    CHARGE       X              Y              Z

   1  C       6.00   -2.397599469   -1.283513322    0.191810981
   2  C       6.00   -0.000005669    0.112844996   -0.654085234
   3  C       6.00   -0.000037795    2.796940173    0.191215717
   4  C       6.00    2.397639153   -1.283426395    0.191688149
   5  H       1.00   -4.094985489   -0.313995003   -0.464419092
   6  H       1.00   -2.488555767   -1.395371881    2.250047764
   7  H       1.00   -2.436110198   -3.205449829   -0.554298246
   8  H       1.00   -1.749570807    3.837117242    0.375923218
   9  H       1.00    1.749521674    3.836752525    0.377336733
  10  H       1.00   -0.000126612    0.098392370   -2.739288409
  11  H       1.00    2.488784424   -1.395114878    2.249936270
  12  H       1.00    4.094966592   -0.313972326   -0.464778140
  13  H       1.00    2.436087521   -3.205429042   -0.554239665

 Bond lengths in Bohr (Angstrom)

 1-2  2.900657337  1-5  2.061970655  1-6  2.063279922  1-7  2.062038310  2-3  2.814054126
     ( 1.534961760)     ( 1.091147880)     ( 1.091840715)     ( 1.091183681)     ( 1.489133314)

  2- 4  2.900621848   2-10  2.085253263   3- 8  2.043759026   3- 9  2.043724319   4-11  2.063290359
       ( 1.534942980)       ( 1.103468506)       ( 1.081510701)       ( 1.081492335)       ( 1.091846237)

  4-12  2.061967413   4-13  2.062033160
       ( 1.091146165)       ( 1.091180957)

 Bond angles

  1- 2- 3  111.81145473   1- 2- 4  111.49862134   1- 2-10  106.75206769   2- 1- 5  111.17783580

  2-1-6  110.69821202   2-1-7  111.01457000   2-3-8  120.83756340   2-3-9  120.83934521

  2- 4-11  110.69803281   2- 4-12  111.17815213   2- 4-13  111.01512831   3- 2- 4  111.81192095

  3- 2-10  107.87786927   4- 2-10  106.75549453   5- 1- 6  107.85914518   5- 1- 7  107.92163486

  6- 1- 7  108.03468930   8- 3- 9  117.75200182  11- 4-12  107.85916775  11- 4-13  108.03397529

 12- 4-13  107.92159111

 NUCLEAR CHARGE:                   33
 NUMBER OF PRIMITIVE AOS:         429
 NUMBER OF SYMMETRY AOS:          380
 NUMBER OF CONTRACTIONS:          380   ( 380A   )
 NUMBER OF CORE ORBITALS:           4   (   4A   )
 NUMBER OF VALENCE ORBITALS:       25   (  25A   )


 NUCLEAR REPULSION ENERGY  126.47946001

 One-electron integrals computed with SEWARD

 2nd-order Douglas-Kroll-Hess method activated. Optimal DKH parametrization is used.

 Computing Douglas-Kroll / X2C integrals

 AO integral compression algorithm  1   Integral accuracy      1.0D-11

     5695.341 MB (compressed) written to integral file ( 25.2%)

     Node minimum: 608.698 MB, node maximum: 802.161 MB


 NUMBER OF SORTED TWO-ELECTRON INTEGRALS:  327501408.     BUFFER LENGTH:  32768
 NUMBER OF SEGMENTS:  11  SEGMENT LENGTH:   31996696      RECORD LENGTH: 524288

 Memory used in sort:      32.55 MW

 SORT1 READ  2829750295. AND WROTE   186761624. INTEGRALS IN    540 RECORDS. CPU TIME:    38.61 SEC, REAL TIME:    41.18 SEC
 SORT2 READ  1502469669. AND WROTE  2620192245. INTEGRALS IN  18576 RECORDS. CPU TIME:     6.54 SEC, REAL TIME:    33.49 SEC

 Node minimum:   327492360.  Node maximum:   327555702. integrals

 OPERATOR DM      FOR CENTER  0  COORDINATES:    0.000000    0.000000    0.000000


 Eigenvalues of metric

         1 0.505E-03 0.569E-03 0.687E-03 0.835E-03 0.116E-02 0.119E-02 0.136E-02 0.152E-02


 **********************************************************************************************************************************
 DATASETS  * FILE   NREC   LENGTH (MB)   RECORD NAMES
              1      22       29.45       500      610      700      900      950      970     1000      129      960     1700   
                                          VAR    BASINP    GEOM    SYMINP    ZMAT    AOBASIS   BASIS     P2S    ABASIS    OPER   
                                         1101     1401     1411     1412     1650     1100     1400     1410     1200     1210   
                                          SR      EKINR    POTR     PVPR    MOLCAS      S      EKIN      POT      H0       H01  
                                         1080     1600   
                                         AOSYM     SMH  

 PROGRAMS   *        TOTAL       INT
 CPU TIMES  *        78.20     78.04
 REAL TIME  *       132.27 SEC
 DISK USED  *        23.61 GB      
 GA USED    *         0.01 MB       (max)       0.00 MB       (current)
 **********************************************************************************************************************************


 PROGRAM * RHF-SCF (OPEN SHELL)       Authors: W. Meyer, H.-J. Werner


 NUMBER OF ELECTRONS:      17+   16-    SPACE SYMMETRY=1    SPIN SYMMETRY: Doublet 
 CONVERGENCE THRESHOLDS:    1.00E-05 (Density)    1.00E-07 (Energy)
 MAX. NUMBER OF ITERATIONS:       60
 INTERPOLATION TYPE:            DIIS
 INTERPOLATION STEPS:              2 (START)      1 (STEP)
 LEVEL SHIFTS:                 -0.60 (CLOSED) -0.30 (OPEN) 



 Orbital guess generated from atomic densities. Full valence occupancy:   17

 Molecular orbital dump at record        2100.2

 Initial alpha occupancy:  17
 Initial beta  occupancy:  16
 Wave function symmetry:    1

 ITERATION    DDIFF          GRAD             ENERGY        2-EL.EN.            DIPOLE MOMENTS         DIIS   ORB.
    1      0.000D+00      0.000D+00      -156.71596468    356.601647   -0.00003   -0.20413   -0.20162    0    start
    2      0.000D+00      0.228D-02      -156.76250420    354.458466   -0.00001   -0.11853   -0.09565    1    diag,B
    3      0.503D-03      0.941D-03      -156.77516858    354.497768    0.00001   -0.07012   -0.09329    2    diag,B
    4      0.305D-03      0.394D-03      -156.77850441    354.475282    0.00001   -0.04771   -0.08929    3    diag,B
    5      0.236D-03      0.108D-03      -156.77881474    354.469550    0.00002   -0.04154   -0.08613    4    diag,B
    6      0.110D-03      0.359D-04      -156.77885165    354.458445    0.00002   -0.03975   -0.08496    5    diag,B
    7      0.533D-04      0.112D-04      -156.77885493    354.455940    0.00002   -0.03924   -0.08444    6    fixocc
    8      0.181D-04      0.380D-05      -156.77885536    354.454965    0.00002   -0.03915   -0.08431    7    diag,B
    9      0.782D-05      0.136D-05      -156.77885542    354.454820    0.00002   -0.03917   -0.08430    8    diag,B
   10      0.350D-05      0.481D-06      -156.77885543    354.454826    0.00002   -0.03920   -0.08428    0    orth

 Final alpha occupancy:  17
 Final beta  occupancy:  16

 !RHF STATE 1.1 Energy               -156.778855427860
 Nuclear energy                       126.47946001
 One-electron energy                 -460.48572828
 Two-electron energy                  177.22741284
 Virial quotient                       -0.99818086
 !RHF STATE 1.1 Dipole moment           0.00001914    -0.03919633    -0.08427715
 Dipole moment /Debye                   0.00004866    -0.09962062    -0.21419712

 Orbital energies:

         1.1          2.1          3.1          4.1          5.1          6.1          7.1          8.1          9.1         10.1
    -11.233676   -11.217810   -11.214336   -11.214315    -1.078587    -0.929303    -0.899588    -0.757925    -0.620136    -0.602370

        11.1         12.1         13.1         14.1         15.1         16.1         17.1         18.1         19.1
     -0.591934    -0.536490    -0.518539    -0.483239    -0.474776    -0.467533    -0.349792     0.140347     0.177877

 HOMO     17.1    -0.349792 =      -9.5183eV
 LUMO     18.1     0.140347 =       3.8190eV
 LUMO-HOMO         0.490139 =      13.3374eV


 **********************************************************************************************************************************
 DATASETS  * FILE   NREC   LENGTH (MB)   RECORD NAMES
              1      22       29.45       500      610      700      900      950      970     1000      129      960     1700   
                                          VAR    BASINP    GEOM    SYMINP    ZMAT    AOBASIS   BASIS     P2S    ABASIS    OPER   
                                         1101     1401     1411     1412     1650     1100     1400     1410     1200     1210   
                                          SR      EKINR    POTR     PVPR    MOLCAS      S      EKIN      POT      H0       H01  
                                         1080     1600   
                                         AOSYM     SMH  

              2       4        7.06       700     1000      520     2100   
                                         GEOM     BASIS   MCVARS     RHF  

 PROGRAMS   *        TOTAL       RHF       INT
 CPU TIMES  *       117.26     39.06     78.04
 REAL TIME  *       173.41 SEC
 DISK USED  *        24.06 GB      
 SF USED    *         0.58 MB      
 GA USED    *         0.01 MB       (max)       0.00 MB       (current)
 **********************************************************************************************************************************


 PROGRAM * CCSD (Unrestricted open-shell coupled cluster)     Authors: C. Hampel, H.-J. Werner, 1991, M. Deegan, P.J. Knowles, 1992


 Convergence thresholds:  THRVAR = 1.00D-08  THRDEN = 1.00D-06

 CCSD(T)     terms to be evaluated (factor= 1.000)


 Number of closed-shell orbitals:  16 (  16 )
 Number of active  orbitals:        1 (   1 )
 Number of external orbitals:     363 ( 363 )

 Memory could be reduced to 1306.85 Mwords without degradation in triples

 Number of N-1 electron functions:              33
 Number of N-2 electron functions:             528
 Number of singly external CSFs:             12012
 Number of doubly external CSFs:          52951808
 Total number of CSFs:                    52963820

 Molecular orbitals read from record     2100.2  Type=RHF/CANONICAL (state 1.1)

 Integral transformation finished. Total CPU: 135.96 sec, npass=  1  Memory used: 534.41 MW

 Starting RMP2 calculation

 ITER.      SQ.NORM     CORR.ENERGY   TOTAL ENERGY   ENERGY CHANGE        DEN1      VAR(S)    VAR(P)  DIIS     TIME
   1      1.21779967    -0.89319098  -157.67204640    -0.89319098    -0.00260786  0.12D-04  0.97D-03  1  1   147.11
   2      1.22012378    -0.89599515  -157.67485058    -0.00280417    -0.00000291  0.18D-06  0.12D-05  2  2   158.25
   3      1.22017522    -0.89603087  -157.67488630    -0.00003572    -0.00000001  0.72D-08  0.42D-08  3  3   170.61
   4      1.22017581    -0.89603075  -157.67488618     0.00000012    -0.00000000  0.19D-09  0.16D-10  4  4   183.74

 Norm of t1 vector:      0.04202884      S-energy:    -0.00282723      T1 diagnostic:  0.00028380
 Norm of t2 vector:      0.46734290      P-energy:    -0.89320352
                                         Alpha-Beta:  -0.72282163
                                         Alpha-Alpha: -0.09306622
                                         Beta-Beta:   -0.07731567

 Spin contamination <S**2-Sz**2-Sz>     0.00114222
  Reference energy                   -156.778855427860
  RHF-RMP2 correlation energy          -0.896030752191
 !RHF-RMP2 energy                    -157.674886180050

 Starting UCCSD calculation

 ITER.      SQ.NORM     CORR.ENERGY   TOTAL ENERGY   ENERGY CHANGE        DEN1      VAR(S)    VAR(P)  DIIS     TIME
   1      1.23858459    -0.92453222  -157.70338765    -0.92453222    -0.02130248  0.24D-02  0.47D-02  1  1   425.62
   2      1.25796193    -0.94584048  -157.72469591    -0.02130826    -0.00141502  0.11D-03  0.42D-03  2  2   658.80
   3      1.26414030    -0.94971718  -157.72857261    -0.00387670    -0.00014829  0.43D-04  0.40D-04  3  3   885.24
   4      1.26653779    -0.95094829  -157.72980372    -0.00123111    -0.00001896  0.60D-05  0.54D-05  4  4  1113.67
   5      1.26717922    -0.95108047  -157.72993590    -0.00013218    -0.00000431  0.32D-05  0.75D-06  5  5  1343.96
   6      1.26742251    -0.95110049  -157.72995592    -0.00002002    -0.00000093  0.56D-06  0.20D-06  6  6  1588.92
   7      1.26754227    -0.95111846  -157.72997389    -0.00001797    -0.00000014  0.10D-06  0.24D-07  6  1  1837.87
   8      1.26758146    -0.95112167  -157.72997710    -0.00000321    -0.00000002  0.96D-08  0.47D-08  6  2  2070.29
   9      1.26759241    -0.95112223  -157.72997766    -0.00000056    -0.00000000  0.14D-08  0.98D-09  6  3  2300.93

 Norm of t1 vector:      0.08923716      S-energy:    -0.00326746      T1 diagnostic:  0.00895371
                                                                       D1 diagnostic:  0.02674971
 Norm of t2 vector:      0.50953816      P-energy:    -0.94785477
                                         Alpha-Beta:  -0.78531706
                                         Alpha-Alpha: -0.08921979
                                         Beta-Beta:   -0.07331792

 Spin contamination <S**2-Sz**2-Sz>     0.00079005

 Memory could be reduced to 1386.48 Mwords without degradation in triples


  Correlated core orbitals:             1.1       2.1       3.1       4.1
  Orbital energies:                   -11.2338  -11.2268  -11.2145  -11.2145

  UCCSD core-core energy               -0.148515121211
  UCCSD core-valence energy            -0.052902382001
  UCCSD valence correlation energy     -0.749704727662


 RESULTS
 =======

  Reference energy                   -156.778855427860
  UCCSD singles energy                 -0.003267461624
  UCCSD pair energy                    -0.947854769250
  UCCSD correlation energy             -0.951122230874
  Triples (T) contribution             -0.030526912163
  Total correlation energy             -0.981649143037

  RHF-UCCSD energy                   -157.729977658733
  RHF-UCCSD[T] energy                -157.761328115233
  RHF-UCCSD-T energy                 -157.760186198125
 !RHF-UCCSD(T) energy                -157.760504570896

 Program statistics:

 Available memory in ccsd:             24999997418
 Min. memory needed in ccsd:             146869165
 Max. memory used in ccsd:               214378169
 Max. memory used in cckext:             157121452 ( 9 integral passes)
 Max. memory used in cckint:             534407754 ( 1 integral passes)



 **********************************************************************************************************************************
 DATASETS  * FILE   NREC   LENGTH (MB)   RECORD NAMES
              1      22       29.45       500      610      700      900      950      970     1000      129      960     1700   
                                          VAR    BASINP    GEOM    SYMINP    ZMAT    AOBASIS   BASIS     P2S    ABASIS    OPER   
                                         1101     1401     1411     1412     1650     1100     1400     1410     1200     1210   
                                          SR      EKINR    POTR     PVPR    MOLCAS      S      EKIN      POT      H0       H01  
                                         1080     1600   
                                         AOSYM     SMH  

              2       4        7.06       700     1000      520     2100   
                                         GEOM     BASIS   MCVARS     RHF  

 PROGRAMS   *        TOTAL  UCCSD(T)       RHF       INT
 CPU TIMES  *      6541.29   6424.02     39.06     78.04
 REAL TIME  *      6786.83 SEC
 DISK USED  *        77.64 GB      
 SF USED    *        25.18 GB      
 GA USED    *         0.01 MB       (max)       0.00 MB       (current)
 **********************************************************************************************************************************

 UCCSD(T)/USERDEF energy=   -157.760504570896

        UCCSD(T)        RHF-SCF 
   -157.76050457   -156.77885543
 **********************************************************************************************************************************
 Molpro calculation terminated
 Variable memory released

 Fortran compiler diagnostic
 ***************************

 integer size                  8
 double precision size         8
 logical size                  8

 diagnostic completed successfully
