
 Primary working directories    : /scratch/saurabh/PBS_8054354.helios
 Secondary working directories  : /scratch/saurabh/PBS_8054354.helios
 Wavefunction directory         : /scratch/saurabh/PBS_8054354.helios/
 Main file repository           : /scratch/saurabh/PBS_8054354.helios/

 SHA1      : f6387f0c468d0184d0b38d85973bdb066f718752
 NAME      : 2015.1.44
 ARCHNAME  : linux/x86_64
 FC        : /opt/may/bin/gfortran
 BLASLIB   : -Wl,-_start-group /opt/intel/mkl/lib/intel64/libmkl_gf_ilp64.a /opt/intel/mkl/lib/intel64/libmkl_gnu_thread.a /opt/intel/mkl/lib/intel64/libmkl_core.a -Wl,-_end-group
 id        : ramakrishnan

 Nodes             nprocs
 hel09.tifrh.res.in    8

 Using DEFAULT tuning parameter for ncache   :   16384
 Using DEFAULT tuning parameter for mflopdgm :   10000
 Using DEFAULT tuning parameter for mflopdgv :    4000
 Using DEFAULT tuning parameter for mflopmxm :    5000
 Using DEFAULT tuning parameter for mflopmxv :    4000
 Using DEFAULT tuning parameter for mindgm   :       1
 Using DEFAULT tuning parameter for mindgc   :       4
 Using DEFAULT tuning parameter for mindgf   :    5000
 Using DEFAULT tuning parameter for mindgl   :       4
 Using DEFAULT tuning parameter for mindgr   :       1
 Using DEFAULT tuning parameter for mindgv   :      20
 Using DEFAULT tuning parameter for mincuda  :     500
 Using DEFAULT tuning parameter for mxmblk   :      64
 Using DEFAULT tuning parameter for mxmbln   :      64
 Using DEFAULT tuning parameter for nroll    :       2
 Using custom tuning parameter for ngpus     :       0
 Using customized tuning parameters: mindgm=1; mindgv=20; mindgc=4; mindgr=1; noblas=0; minvec=7
 default implementation of scratch files=sf  

 ***,Mol_03
 memory,25,g
 geometry={
 C  1.747753   -1.148068  -0.170438
 C  0.828672   -0.004333  0.084194
 C  -0.384257  -0.177993  0.931730
 C  1.258994   1.375988   -0.282916
 H  1.242046   -2.107979  -0.061594
 H  2.603225   -1.152270  0.522119
 H  2.178246   -1.100358  -1.175375
 H  2.047683   1.744907   0.390221
 H  0.431620   2.083978   -0.230015
 H  1.680466   1.414577   -1.291300
 O  -1.580275  0.388399   0.371828
 O  -1.970741  -0.435894  -0.756588
 H  -0.307879  0.380120   1.875954
 H  -0.563479  -1.228642  1.169149
 H  -1.610767  0.072063   -1.496499
  }
 basis,O=AVDZ,C=AVDZ,H=VDZ
 {rhf
 wf,49,1,1
 }
 uccsd(t);
 

 Fortran compiler diagnostic
 ***************************

 integer size                  8
 double precision size         8
 logical size                  8

 diagnostic completed successfully

 Variables initialized (889), CPU time= 0.01 sec
 Commands  initialized (702), CPU time= 0.02 sec, 572 directives.
 Default parameters read. Elapsed time= 0.10 sec

 Using DEFAULT tuning parameter for mpplat   :       3
 Using DEFAULT tuning parameter for mppspeed :    1600
 Checking input...
 Passed
1


                                         ***  PROGRAM SYSTEM MOLPRO  ***
                                       Copyright, TTI GmbH Stuttgart, 2015
                                    Version 2015.1 linked Jun  9 2019 06:55:40


 **********************************************************************************************************************************
 LABEL *   Mol_03                                                                        
  64 bit mpp version                                                                     DATE: 11-Apr-22          TIME: 17:48:52  
 **********************************************************************************************************************************

 SHA1:             f6387f0c468d0184d0b38d85973bdb066f718752
 **********************************************************************************************************************************

Geometry recognized as XYZ


 Variable memory set to ********** words,  buffer space   230000 words

 SETTING BASIS          =    O=AVDZ,C=AVDZ,H=VDZ


 Recomputing integrals since basis changed


 Using spherical harmonics

 Library entry C      S aug-cc-pVDZ          selected for orbital group  1
 Library entry C      P aug-cc-pVDZ          selected for orbital group  1
 Library entry C      D aug-cc-pVDZ          selected for orbital group  1
 Library entry H      S cc-pVDZ              selected for orbital group  2
 Library entry H      P cc-pVDZ              selected for orbital group  2
 Library entry O      S aug-cc-pVDZ          selected for orbital group  3
 Library entry O      P aug-cc-pVDZ          selected for orbital group  3
 Library entry O      D aug-cc-pVDZ          selected for orbital group  3


 PROGRAM * SEWARD (Integral evaluation for generally contracted gaussian basis sets)     Author: Roland Lindh, 1990

 Geometry written to block  1 of record 700


 Point group  C1  



 ATOMIC COORDINATES

 NR  ATOM    CHARGE       X              Y              Z

   1  C       6.00    3.302774503   -2.169534092   -0.322081141
   2  C       6.00    1.565963127   -0.008188183    0.159103601
   3  C       6.00   -0.726140491   -0.336358022    1.760714522
   4  C       6.00    2.379153852    2.600240471   -0.534633756
   5  H       1.00    2.347126774   -3.983502986   -0.116395791
   6  H       1.00    4.919382291   -2.177474722    0.986661914
   7  H       1.00    4.116288372   -2.079375259   -2.221136844
   8  H       1.00    3.869560060    3.297396343    0.737410818
   9  H       1.00    0.815643590    3.938147670   -0.434665355
  10  H       1.00    3.175620502    2.673163112   -2.440203345
  11  O       8.00   -2.986286951    0.733967737    0.702653085
  12  O       8.00   -3.724160752   -0.823720279   -1.429744109
  13  H       1.00   -0.581806990    0.718322694    3.545039282
  14  H       1.00   -1.064820987   -2.321796885    2.209371409
  15  H       1.00   -3.043908480    0.136179334   -2.827973256

 Bond lengths in Bohr (Angstrom)

 1-2  2.814155051  1-5  2.060595107  1-6  2.079974081  1-7  2.067932782  2-3  2.815420392
     ( 1.489186721)     ( 1.090419971)     ( 1.100674883)     ( 1.094302902)     ( 1.489856311)

  2- 4  2.818944966   3-11  2.715391916   3-13  2.077738777   3-14  2.063483695   4- 8  2.079767865
       ( 1.491721435)       ( 1.436923520)       ( 1.099492011)       ( 1.091948546)       ( 1.100565758)

  4- 9  2.060231466   4-10  2.066608887  11-12  2.741891227  12-15  1.827346482
       ( 1.090227541)       ( 1.093602327)       ( 1.450946352)       ( 0.966990115)

 Bond angles

  1-2-3  120.67718771   1-2-4  119.37702068   2-1-5  111.88900491   2-1-6  112.02583826

  2- 1- 7  111.48946628   2- 3-11  114.20648552   2- 3-13  111.88926049   2- 3-14  111.68253524

  2- 4- 8  111.49260060   2- 4- 9  111.71785093   2- 4-10  111.76183026   3- 2- 4  118.86244030

  3-11-12  107.64391806   5- 1- 6  107.11485397   5- 1- 7  108.20952704   6- 1- 7  105.79743258

  8- 4- 9  107.24648546   8- 4-10  106.01892235   9- 4-10  108.31890078  11- 3-13  101.09071963

 11- 3-14  109.10918617  11-12-15  101.33090195  13- 3-14  108.24556981

 NUCLEAR CHARGE:                   49
 NUMBER OF PRIMITIVE AOS:         285
 NUMBER OF SYMMETRY AOS:          273
 NUMBER OF CONTRACTIONS:          183   ( 183A   )
 NUMBER OF CORE ORBITALS:           6   (   6A   )
 NUMBER OF VALENCE ORBITALS:       33   (  33A   )


 NUCLEAR REPULSION ENERGY  248.82874312


 Eigenvalues of metric

         1 0.106E-03 0.127E-03 0.134E-03 0.154E-03 0.185E-03 0.301E-03 0.842E-03 0.133E-02


 Contracted 2-electron integrals neglected if value below      1.0D-11
 AO integral compression algorithm  1   Integral accuracy      1.0D-11

     626.524 MB (compressed) written to integral file ( 49.7%)

     Node minimum: 71.565 MB, node maximum: 89.129 MB


 NUMBER OF SORTED TWO-ELECTRON INTEGRALS:   17715680.     BUFFER LENGTH:  32768
 NUMBER OF SEGMENTS:   2  SEGMENT LENGTH:   15992000      RECORD LENGTH: 524288

 Memory used in sort:      16.55 MW

 SORT1 READ   157614355. AND WROTE    17206988. INTEGRALS IN     50 RECORDS. CPU TIME:     2.21 SEC, REAL TIME:     2.44 SEC
 SORT2 READ   137781548. AND WROTE   141733866. INTEGRALS IN   2232 RECORDS. CPU TIME:     0.38 SEC, REAL TIME:     0.56 SEC

 Node minimum:    17709368.  Node maximum:    17724100. integrals

 OPERATOR DM      FOR CENTER  0  COORDINATES:    0.000000    0.000000    0.000000


 **********************************************************************************************************************************
 DATASETS  * FILE   NREC   LENGTH (MB)   RECORD NAMES
              1      18       21.38       500      610      700      900      950      970     1000      129      960     1100   
                                          VAR    BASINP    GEOM    SYMINP    ZMAT    AOBASIS   BASIS     P2S    ABASIS      S 
                                         1400     1410     1200     1210     1080     1600     1650     1700   
                                           T        V       H0       H01     AOSYM     SMH    MOLCAS    OPER   

 PROGRAMS   *        TOTAL       INT
 CPU TIMES  *        37.21     37.03
 REAL TIME  *        71.69 SEC
 DISK USED  *         2.27 GB      
 GA USED    *         0.01 MB       (max)       0.00 MB       (current)
 **********************************************************************************************************************************


 PROGRAM * RHF-SCF (OPEN SHELL)       Authors: W. Meyer, H.-J. Werner


 NUMBER OF ELECTRONS:      25+   24-    SPACE SYMMETRY=1    SPIN SYMMETRY: Doublet 
 CONVERGENCE THRESHOLDS:    1.00E-05 (Density)    1.00E-07 (Energy)
 MAX. NUMBER OF ITERATIONS:       60
 INTERPOLATION TYPE:            DIIS
 INTERPOLATION STEPS:              2 (START)      1 (STEP)
 LEVEL SHIFTS:                 -0.60 (CLOSED) -0.30 (OPEN) 



 Orbital guess generated from atomic densities. Full valence occupancy:   39

 Molecular orbital dump at record        2100.2

 Initial alpha occupancy:  25
 Initial beta  occupancy:  24
 Wave function symmetry:    1

 ITERATION    DDIFF          GRAD             ENERGY        2-EL.EN.            DIPOLE MOMENTS         DIIS   ORB.
    1      0.000D+00      0.000D+00      -306.22782691    712.873012    1.36044    0.25553   -0.28600    0    start
    2      0.000D+00      0.372D-02      -306.29650854    711.947170    1.15935    0.11220   -0.24136    1    diag,B
    3      0.542D-02      0.137D-02      -306.31347227    711.885385    1.05090    0.10589   -0.19233    2    diag,B
    4      0.236D-02      0.601D-03      -306.31840943    711.902138    1.01073    0.08330   -0.18302    3    diag,B
    5      0.149D-02      0.214D-03      -306.31913952    711.884600    1.00278    0.08590   -0.17580    4    diag,B
    6      0.729D-03      0.826D-04      -306.31927053    711.872423    1.00209    0.08376   -0.17473    5    diag,B
    7      0.460D-03      0.260D-04      -306.31928382    711.871093    1.00199    0.08329   -0.17415    6    fixocc
    8      0.181D-03      0.939D-05      -306.31928567    711.870605    1.00197    0.08310   -0.17395    7    diag,B
    9      0.664D-04      0.330D-05      -306.31928591    711.870950    1.00205    0.08311   -0.17385    8    diag,B
   10      0.190D-04      0.129D-05      -306.31928595    711.870818    1.00211    0.08313   -0.17379    9    orth
   11      0.985D-05      0.452D-06      -306.31928596    711.870836    1.00212    0.08313   -0.17379    0    orth

 Final alpha occupancy:  25
 Final beta  occupancy:  24

 !RHF STATE 1.1 Energy               -306.319285956467
 Nuclear energy                       248.82874312
 One-electron energy                 -911.08344705
 Two-electron energy                  355.93541797
 Virial quotient                       -1.00117278
 !RHF STATE 1.1 Dipole moment           1.00212464     0.08312737    -0.17379201
 Dipole moment /Debye                   2.54697995     0.21127487    -0.44170629

 Orbital energies:

         1.1          2.1          3.1          4.1          5.1          6.1          7.1          8.1          9.1         10.1
    -20.628967   -20.626810   -11.291287   -11.233179   -11.232434   -11.230831    -1.470235    -1.226248    -1.074125    -0.950118

        11.1         12.1         13.1         14.1         15.1         16.1         17.1         18.1         19.1         20.1
     -0.924833    -0.746597    -0.719073    -0.655745    -0.639841    -0.617047    -0.580519    -0.572413    -0.540972    -0.534966

        21.1         22.1         23.1         24.1         25.1         26.1         27.1
     -0.510452    -0.500969    -0.476974    -0.451340    -0.340667     0.060813     0.063686

 HOMO     25.1    -0.340667 =      -9.2700eV
 LUMO     26.1     0.060813 =       1.6548eV
 LUMO-HOMO         0.401480 =      10.9248eV


 **********************************************************************************************************************************
 DATASETS  * FILE   NREC   LENGTH (MB)   RECORD NAMES
              1      18       21.38       500      610      700      900      950      970     1000      129      960     1100   
                                          VAR    BASINP    GEOM    SYMINP    ZMAT    AOBASIS   BASIS     P2S    ABASIS      S 
                                         1400     1410     1200     1210     1080     1600     1650     1700   
                                           T        V       H0       H01     AOSYM     SMH    MOLCAS    OPER   

              2       4        3.95       700     1000      520     2100   
                                         GEOM     BASIS   MCVARS     RHF  

 PROGRAMS   *        TOTAL       RHF       INT
 CPU TIMES  *        39.67      2.46     37.03
 REAL TIME  *        74.87 SEC
 DISK USED  *         2.51 GB      
 SF USED    *         0.13 MB      
 GA USED    *         0.01 MB       (max)       0.00 MB       (current)
 **********************************************************************************************************************************


 PROGRAM * CCSD (Unrestricted open-shell coupled cluster)     Authors: C. Hampel, H.-J. Werner, 1991, M. Deegan, P.J. Knowles, 1992


 Convergence thresholds:  THRVAR = 1.00D-08  THRDEN = 1.00D-06

 CCSD(T)     terms to be evaluated (factor= 1.000)


 Number of core orbitals:           6 (   6 )
 Number of closed-shell orbitals:  18 (  18 )
 Number of active  orbitals:        1 (   1 )
 Number of external orbitals:     158 ( 158 )

 Memory could be reduced to 152.34 Mwords without degradation in triples

 Number of N-1 electron functions:              37
 Number of N-2 electron functions:             666
 Number of singly external CSFs:              5883
 Number of doubly external CSFs:          12715866
 Total number of CSFs:                    12721749

 Molecular orbitals read from record     2100.2  Type=RHF/CANONICAL (state 1.1)

 Integral transformation finished. Total CPU:   9.88 sec, npass=  1  Memory used:  72.68 MW

 Starting RMP2 calculation

 ITER.      SQ.NORM     CORR.ENERGY   TOTAL ENERGY   ENERGY CHANGE        DEN1      VAR(S)    VAR(P)  DIIS     TIME
   1      1.30702750    -0.97008943  -307.28937539    -0.97008943    -0.00375469  0.18D-04  0.14D-02  1  1    13.88
   2      1.31036282    -0.97413374  -307.29341970    -0.00404432    -0.00000494  0.38D-06  0.21D-05  2  2    16.74
   3      1.31043926    -0.97418223  -307.29346819    -0.00004849    -0.00000003  0.12D-07  0.73D-08  3  3    19.91
   4      1.31044002    -0.97418211  -307.29346807     0.00000012    -0.00000000  0.24D-09  0.32D-10  4  4    23.36

 Norm of t1 vector:      0.04395315      S-energy:    -0.00283468      T1 diagnostic:  0.00040099
 Norm of t2 vector:      0.55543509      P-energy:    -0.97134743
                                         Alpha-Beta:  -0.73148959
                                         Alpha-Alpha: -0.12594521
                                         Beta-Beta:   -0.11391263

 Spin contamination <S**2-Sz**2-Sz>     0.00093312
  Reference energy                   -306.319285956462
  RHF-RMP2 correlation energy          -0.974182112030
 !RHF-RMP2 energy                    -307.293468068492

 Starting UCCSD calculation

 ITER.      SQ.NORM     CORR.ENERGY   TOTAL ENERGY   ENERGY CHANGE        DEN1      VAR(S)    VAR(P)  DIIS     TIME
   1      1.33078461    -0.99793209  -307.31721805    -0.99793209    -0.03064000  0.49D-02  0.71D-02  1  1    66.86
   2      1.36546051    -1.03081061  -307.35009657    -0.03287852    -0.00220850  0.18D-03  0.74D-03  2  2   110.46
   3      1.37612208    -1.03585683  -307.35514279    -0.00504622    -0.00027870  0.13D-03  0.56D-04  3  3   155.45
   4      1.38034858    -1.03733014  -307.35661610    -0.00147331    -0.00003763  0.14D-04  0.99D-05  4  4   200.73
   5      1.38172557    -1.03758264  -307.35686860    -0.00025250    -0.00000814  0.51D-05  0.15D-05  5  5   245.84
   6      1.38229181    -1.03765623  -307.35694219    -0.00007359    -0.00000154  0.86D-06  0.33D-06  6  6   289.98
   7      1.38252180    -1.03768404  -307.35697000    -0.00002781    -0.00000031  0.20D-06  0.61D-07  6  1   334.20
   8      1.38258345    -1.03768627  -307.35697222    -0.00000222    -0.00000007  0.42D-07  0.15D-07  6  2   378.37
   9      1.38260798    -1.03768671  -307.35697266    -0.00000044    -0.00000002  0.15D-07  0.30D-08  6  3   423.88
  10      1.38261523    -1.03768726  -307.35697321    -0.00000055    -0.00000001  0.37D-08  0.90D-09  6  4   469.32

 Norm of t1 vector:      0.13184957      S-energy:    -0.00338144      T1 diagnostic:  0.01388611
                                                                       D1 diagnostic:  0.03731739
 Norm of t2 vector:      0.60434338      P-energy:    -1.03430582
                                         Alpha-Beta:  -0.81569829
                                         Alpha-Alpha: -0.11500284
                                         Beta-Beta:   -0.10360468

 Spin contamination <S**2-Sz**2-Sz>     0.00089113

 Memory could be reduced to 171.29 Mwords without degradation in triples


 RESULTS
 =======

  Reference energy                   -306.319285956462
  UCCSD singles energy                 -0.003381440735
  UCCSD pair energy                    -1.034305815396
  UCCSD correlation energy             -1.037687256131
  Triples (T) contribution             -0.035009122759
  Total correlation energy             -1.072696378890

  RHF-UCCSD energy                   -307.356973212593
  RHF-UCCSD[T] energy                -307.393615856036
  RHF-UCCSD-T energy                 -307.391341783423
 !RHF-UCCSD(T) energy                -307.391982335352

 Program statistics:

 Available memory in ccsd:             24999996822
 Min. memory needed in ccsd:              35682518
 Max. memory used in ccsd:                51889415
 Max. memory used in cckext:              46326347 (10 integral passes)
 Max. memory used in cckint:              72677837 ( 1 integral passes)



 **********************************************************************************************************************************
 DATASETS  * FILE   NREC   LENGTH (MB)   RECORD NAMES
              1      18       21.38       500      610      700      900      950      970     1000      129      960     1100   
                                          VAR    BASINP    GEOM    SYMINP    ZMAT    AOBASIS   BASIS     P2S    ABASIS      S 
                                         1400     1410     1200     1210     1080     1600     1650     1700   
                                           T        V       H0       H01     AOSYM     SMH    MOLCAS    OPER   

              2       4        3.95       700     1000      520     2100   
                                         GEOM     BASIS   MCVARS     RHF  

 PROGRAMS   *        TOTAL  UCCSD(T)       RHF       INT
 CPU TIMES  *       939.83    899.88      2.46     37.03
 REAL TIME  *      1021.46 SEC
 DISK USED  *        15.40 GB      
 SF USED    *         3.30 GB      
 GA USED    *         0.01 MB       (max)       0.00 MB       (current)
 **********************************************************************************************************************************

 UCCSD(T)/O=AVDZ,C=AVDZ,H=VDZ energy=   -307.391982335352

        UCCSD(T)        RHF-SCF 
   -307.39198234   -306.31928596
 **********************************************************************************************************************************
 Molpro calculation terminated
 Variable memory released

 Fortran compiler diagnostic
 ***************************

 integer size                  8
 double precision size         8
 logical size                  8

 diagnostic completed successfully
