
 Primary working directories    : /scratch/saurabh/PBS_8054362.helios
 Secondary working directories  : /scratch/saurabh/PBS_8054362.helios
 Wavefunction directory         : /scratch/saurabh/PBS_8054362.helios/
 Main file repository           : /scratch/saurabh/PBS_8054362.helios/

 SHA1      : f6387f0c468d0184d0b38d85973bdb066f718752
 NAME      : 2015.1.44
 ARCHNAME  : linux/x86_64
 FC        : /opt/may/bin/gfortran
 BLASLIB   : -Wl,-_start-group /opt/intel/mkl/lib/intel64/libmkl_gf_ilp64.a /opt/intel/mkl/lib/intel64/libmkl_gnu_thread.a /opt/intel/mkl/lib/intel64/libmkl_core.a -Wl,-_end-group
 id        : ramakrishnan

 Nodes             nprocs
 hel06.tifrh.res.in    8

 Using DEFAULT tuning parameter for ncache   :   16384
 Using DEFAULT tuning parameter for mflopdgm :   10000
 Using DEFAULT tuning parameter for mflopdgv :    4000
 Using DEFAULT tuning parameter for mflopmxm :    5000
 Using DEFAULT tuning parameter for mflopmxv :    4000
 Using DEFAULT tuning parameter for mindgm   :       1
 Using DEFAULT tuning parameter for mindgc   :       4
 Using DEFAULT tuning parameter for mindgf   :    5000
 Using DEFAULT tuning parameter for mindgl   :       4
 Using DEFAULT tuning parameter for mindgr   :       1
 Using DEFAULT tuning parameter for mindgv   :      20
 Using DEFAULT tuning parameter for mincuda  :     500
 Using DEFAULT tuning parameter for mxmblk   :      64
 Using DEFAULT tuning parameter for mxmbln   :      64
 Using DEFAULT tuning parameter for nroll    :       2
 Using custom tuning parameter for ngpus     :       0
 Using customized tuning parameters: mindgm=1; mindgv=20; mindgc=4; mindgr=1; noblas=0; minvec=7
 default implementation of scratch files=sf  

 ***,Mol_01
 memory,25,g
 geometry={
 C  -1.268755  -0.679206  0.101502
 C  -0.000003  0.059715   -0.346127
 C  -0.000020  1.480077   0.101187
 C  1.268776   -0.679160  0.101437
 H  -2.166973  -0.166159  -0.245760
 H  -1.316887  -0.738399  1.190674
 H  -1.289134  -1.696251  -0.293322
 H  -0.925833  2.030515   0.198930
 H  0.925807   2.030322   0.199678
 H  -0.000067  0.052067   -1.449569
 H  1.317008   -0.738263  1.190615
 H  2.166963   -0.166147  -0.245950
 H  1.289122   -1.696240  -0.293291
  }
 basis={
                                                                            ! oxygen               (10s,5p,4d,2f) -&gt; [10s,5p,4d,2f]
 s, O , 0.1533000000E+05, 0.2299000000E+04, 0.5224000000E+03, 0.1473000000E+03, 0.4755000000E+02, 0.1676000000E+02, 0.6207000000E+01, 0.1752000000E+01, 0.6882000000E+00, 0.2384000000E+00
 c, 1.1, 0.1000000000E+01
 c, 2.2, 0.1000000000E+01
 c, 3.3, 0.1000000000E+01
 c, 4.4, 0.1000000000E+01
 c, 5.5, 0.1000000000E+01
 c, 6.6, 0.1000000000E+01
 c, 7.7, 0.1000000000E+01
 c, 8.8, 0.1000000000E+01
 c, 9.9, 0.1000000000E+01
 c, 10.10, 0.1000000000E+01
 p, O , 0.3446000000E+02, 0.7749000000E+01, 0.2280000000E+01, 0.7156000000E+00, 0.2140000000E+00
 c, 1.1, 0.1000000000E+01
 c, 2.2, 0.1000000000E+01
 c, 3.3, 0.1000000000E+01
 c, 4.4, 0.1000000000E+01
 c, 5.5, 0.1000000000E+01
 d, O , 0.2100000000E+02, 0.7000000000E+01, 0.2314000000E+01, 0.6450000000E+00
 c, 1.1, 0.1000000000E+01
 c, 2.2, 0.1000000000E+01
 c, 3.3, 0.1000000000E+01
 c, 4.4, 0.1000000000E+01
 f, O , 0.4300000000E+01, 0.1428000000E+01
 c, 1.1, 0.1000000000E+01
 c, 2.2, 0.1000000000E+01
                                                                                 ! hydrogen             (5s,2p,1d) -&gt; [5s,2p,1d]
 s, H , 0.3387000000E+02, 0.5095000000E+01, 0.1159000000E+01, 0.3258000000E+00, 0.1027000000E+00
 c, 1.1, 0.1000000000E+01
 c, 2.2, 0.1000000000E+01
 c, 3.3, 0.1000000000E+01
 c, 4.4, 0.1000000000E+01
 c, 5.5, 0.1000000000E+01
 p, H , 0.1407000000E+01, 0.3880000000E+00
 c, 1.1, 0.1000000000E+01
 c, 2.2, 0.1000000000E+01
 d, H , 0.1057000000E+01
 c, 1.1, 0.1000000000E+01
                                                                            ! carbon               (10s,5p,4d,2f) -&gt; [10s,5p,4d,2f]
 s, C , 0.8236000000E+04, 0.1235000000E+04, 0.2808000000E+03, 0.7927000000E+02, 0.2559000000E+02, 0.8997000000E+01, 0.3319000000E+01, 0.9059000000E+00, 0.3643000000E+00, 0.1285000000E+00
 c, 1.1, 0.1000000000E+01
 c, 2.2, 0.1000000000E+01
 c, 3.3, 0.1000000000E+01
 c, 4.4, 0.1000000000E+01
 c, 5.5, 0.1000000000E+01
 c, 6.6, 0.1000000000E+01
 c, 7.7, 0.1000000000E+01
 c, 8.8, 0.1000000000E+01
 c, 9.9, 0.1000000000E+01
 c, 10.10, 0.1000000000E+01
 p, C , 0.1871000000E+02, 0.4133000000E+01, 0.1200000000E+01, 0.3827000000E+00, 0.1209000000E+00
 c, 1.1, 0.1000000000E+01
 c, 2.2, 0.1000000000E+01
 c, 3.3, 0.1000000000E+01
 c, 4.4, 0.1000000000E+01
 c, 5.5, 0.1000000000E+01
 d, C , 0.1000000000E+02, 0.3300000000E+01, 0.1097000000E+01, 0.3180000000E+00
 c, 1.1, 0.1000000000E+01
 c, 2.2, 0.1000000000E+01
 c, 3.3, 0.1000000000E+01
 c, 4.4, 0.1000000000E+01
 f, C , 0.2300000000E+01, 0.7610000000E+00
 c, 1.1, 0.1000000000E+01
 c, 2.2, 0.1000000000E+01
 }
 {rhf
 wf,33,1,1
 }
 uccsd(t);
 

 Fortran compiler diagnostic
 ***************************

 integer size                  8
 double precision size         8
 logical size                  8

 diagnostic completed successfully

 Variables initialized (889), CPU time= 0.01 sec
 Commands  initialized (702), CPU time= 0.01 sec, 572 directives.
 Default parameters read. Elapsed time= 0.09 sec

 Using DEFAULT tuning parameter for mpplat   :       3
 Using DEFAULT tuning parameter for mppspeed :    1600
 Checking input...
 Passed
1


                                         ***  PROGRAM SYSTEM MOLPRO  ***
                                       Copyright, TTI GmbH Stuttgart, 2015
                                    Version 2015.1 linked Jun  9 2019 06:55:40


 **********************************************************************************************************************************
 LABEL *   Mol_01                                                                        
  64 bit mpp version                                                                     DATE: 11-Apr-22          TIME: 23:21:44  
 **********************************************************************************************************************************

 SHA1:             f6387f0c468d0184d0b38d85973bdb066f718752
 **********************************************************************************************************************************

Geometry recognized as XYZ


 Variable memory set to ********** words,  buffer space   230000 words

 SETTING BASIS          =    USERDEF


 Recomputing integrals since basis changed


 Using spherical harmonics



 PROGRAM * SEWARD (Integral evaluation for generally contracted gaussian basis sets)     Author: Roland Lindh, 1990

 Geometry written to block  1 of record 700


 Point group  C1  



 ATOMIC COORDINATES

 NR  ATOM    CHARGE       X              Y              Z

   1  C       6.00   -2.397599469   -1.283513322    0.191810981
   2  C       6.00   -0.000005669    0.112844996   -0.654085234
   3  C       6.00   -0.000037795    2.796940173    0.191215717
   4  C       6.00    2.397639153   -1.283426395    0.191688149
   5  H       1.00   -4.094985489   -0.313995003   -0.464419092
   6  H       1.00   -2.488555767   -1.395371881    2.250047764
   7  H       1.00   -2.436110198   -3.205449829   -0.554298246
   8  H       1.00   -1.749570807    3.837117242    0.375923218
   9  H       1.00    1.749521674    3.836752525    0.377336733
  10  H       1.00   -0.000126612    0.098392370   -2.739288409
  11  H       1.00    2.488784424   -1.395114878    2.249936270
  12  H       1.00    4.094966592   -0.313972326   -0.464778140
  13  H       1.00    2.436087521   -3.205429042   -0.554239665

 Bond lengths in Bohr (Angstrom)

 1-2  2.900657337  1-5  2.061970655  1-6  2.063279922  1-7  2.062038310  2-3  2.814054126
     ( 1.534961760)     ( 1.091147880)     ( 1.091840715)     ( 1.091183681)     ( 1.489133314)

  2- 4  2.900621848   2-10  2.085253263   3- 8  2.043759026   3- 9  2.043724319   4-11  2.063290359
       ( 1.534942980)       ( 1.103468506)       ( 1.081510701)       ( 1.081492335)       ( 1.091846237)

  4-12  2.061967413   4-13  2.062033160
       ( 1.091146165)       ( 1.091180957)

 Bond angles

  1- 2- 3  111.81145473   1- 2- 4  111.49862134   1- 2-10  106.75206769   2- 1- 5  111.17783580

  2-1-6  110.69821202   2-1-7  111.01457000   2-3-8  120.83756340   2-3-9  120.83934521

  2- 4-11  110.69803281   2- 4-12  111.17815213   2- 4-13  111.01512831   3- 2- 4  111.81192095

  3- 2-10  107.87786927   4- 2-10  106.75549453   5- 1- 6  107.85914518   5- 1- 7  107.92163486

  6- 1- 7  108.03468930   8- 3- 9  117.75200182  11- 4-12  107.85916775  11- 4-13  108.03397529

 12- 4-13  107.92159111

 NUCLEAR CHARGE:                   33
 NUMBER OF PRIMITIVE AOS:         429
 NUMBER OF SYMMETRY AOS:          380
 NUMBER OF CONTRACTIONS:          380   ( 380A   )
 NUMBER OF CORE ORBITALS:           4   (   4A   )
 NUMBER OF VALENCE ORBITALS:       25   (  25A   )


 NUCLEAR REPULSION ENERGY  126.47946001


 Eigenvalues of metric

         1 0.505E-03 0.569E-03 0.687E-03 0.835E-03 0.116E-02 0.119E-02 0.136E-02 0.152E-02


 Contracted 2-electron integrals neglected if value below      1.0D-11
 AO integral compression algorithm  1   Integral accuracy      1.0D-11

     5695.341 MB (compressed) written to integral file ( 25.2%)

     Node minimum: 637.796 MB, node maximum: 859.308 MB


 NUMBER OF SORTED TWO-ELECTRON INTEGRALS:  327501408.     BUFFER LENGTH:  32768
 NUMBER OF SEGMENTS:  11  SEGMENT LENGTH:   31996696      RECORD LENGTH: 524288

 Memory used in sort:      32.55 MW

 SORT1 READ  2829750295. AND WROTE   186761624. INTEGRALS IN    540 RECORDS. CPU TIME:    38.16 SEC, REAL TIME:    40.78 SEC
 SORT2 READ  1502469669. AND WROTE  2620192245. INTEGRALS IN  26224 RECORDS. CPU TIME:     5.78 SEC, REAL TIME:    45.68 SEC

 Node minimum:   327492360.  Node maximum:   327555702. integrals

 OPERATOR DM      FOR CENTER  0  COORDINATES:    0.000000    0.000000    0.000000


 **********************************************************************************************************************************
 DATASETS  * FILE   NREC   LENGTH (MB)   RECORD NAMES
              1      18       25.40       500      610      700      900      950      970     1000      129      960     1100   
                                          VAR    BASINP    GEOM    SYMINP    ZMAT    AOBASIS   BASIS     P2S    ABASIS      S 
                                         1400     1410     1200     1210     1080     1600     1650     1700   
                                           T        V       H0       H01     AOSYM     SMH    MOLCAS    OPER   

 PROGRAMS   *        TOTAL       INT
 CPU TIMES  *       380.26    380.12
 REAL TIME  *       534.26 SEC
 DISK USED  *        23.58 GB      
 GA USED    *         0.01 MB       (max)       0.00 MB       (current)
 **********************************************************************************************************************************


 PROGRAM * RHF-SCF (OPEN SHELL)       Authors: W. Meyer, H.-J. Werner


 NUMBER OF ELECTRONS:      17+   16-    SPACE SYMMETRY=1    SPIN SYMMETRY: Doublet 
 CONVERGENCE THRESHOLDS:    1.00E-05 (Density)    1.00E-07 (Energy)
 MAX. NUMBER OF ITERATIONS:       60
 INTERPOLATION TYPE:            DIIS
 INTERPOLATION STEPS:              2 (START)      1 (STEP)
 LEVEL SHIFTS:                 -0.60 (CLOSED) -0.30 (OPEN) 



 Orbital guess generated from atomic densities. Full valence occupancy:   17

 Molecular orbital dump at record        2100.2

 Initial alpha occupancy:  17
 Initial beta  occupancy:  16
 Wave function symmetry:    1

 ITERATION    DDIFF          GRAD             ENERGY        2-EL.EN.            DIPOLE MOMENTS         DIIS   ORB.
    1      0.000D+00      0.000D+00      -156.65765742    356.536694   -0.00003   -0.20410   -0.20158    0    start
    2      0.000D+00      0.227D-02      -156.70401654    354.411803   -0.00001   -0.11856   -0.09574    1    diag,B
    3      0.502D-03      0.940D-03      -156.71667995    354.451112    0.00001   -0.07006   -0.09330    2    diag,B
    4      0.305D-03      0.392D-03      -156.71999578    354.429085    0.00001   -0.04770   -0.08928    3    diag,B
    5      0.235D-03      0.108D-03      -156.72030538    354.423349    0.00002   -0.04153   -0.08612    4    diag,B
    6      0.110D-03      0.358D-04      -156.72034208    354.412265    0.00002   -0.03974   -0.08496    5    diag,B
    7      0.532D-04      0.112D-04      -156.72034533    354.409780    0.00002   -0.03923   -0.08444    6    fixocc
    8      0.180D-04      0.379D-05      -156.72034575    354.408809    0.00002   -0.03914   -0.08431    7    diag,B
    9      0.780D-05      0.136D-05      -156.72034582    354.408663    0.00002   -0.03916   -0.08430    8    diag,B
   10      0.349D-05      0.479D-06      -156.72034583    354.408669    0.00002   -0.03919   -0.08428    0    orth

 Final alpha occupancy:  17
 Final beta  occupancy:  16

 !RHF STATE 1.1 Energy               -156.720345825816
 Nuclear energy                       126.47946001
 One-electron energy                 -460.40414056
 Two-electron energy                  177.20433473
 Virial quotient                       -1.00081737
 !RHF STATE 1.1 Dipole moment           0.00001909    -0.03918727    -0.08427705
 Dipole moment /Debye                   0.00004851    -0.09959758    -0.21419686

 Orbital energies:

         1.1          2.1          3.1          4.1          5.1          6.1          7.1          8.1          9.1         10.1
    -11.229334   -11.213549   -11.210038   -11.210017    -1.078195    -0.928953    -0.899234    -0.757704    -0.620233    -0.602472

        11.1         12.1         13.1         14.1         15.1         16.1         17.1         18.1         19.1
     -0.592036    -0.536573    -0.518620    -0.483349    -0.474850    -0.467645    -0.349869     0.140412     0.177921

 HOMO     17.1    -0.349869 =      -9.5204eV
 LUMO     18.1     0.140412 =       3.8208eV
 LUMO-HOMO         0.490282 =      13.3412eV


 **********************************************************************************************************************************
 DATASETS  * FILE   NREC   LENGTH (MB)   RECORD NAMES
              1      18       25.40       500      610      700      900      950      970     1000      129      960     1100   
                                          VAR    BASINP    GEOM    SYMINP    ZMAT    AOBASIS   BASIS     P2S    ABASIS      S 
                                         1400     1410     1200     1210     1080     1600     1650     1700   
                                           T        V       H0       H01     AOSYM     SMH    MOLCAS    OPER   

              2       4        7.06       700     1000      520     2100   
                                         GEOM     BASIS   MCVARS     RHF  

 PROGRAMS   *        TOTAL       RHF       INT
 CPU TIMES  *       442.65     62.38    380.12
 REAL TIME  *       600.57 SEC
 DISK USED  *        24.00 GB      
 SF USED    *         0.58 MB      
 GA USED    *         0.01 MB       (max)       0.00 MB       (current)
 **********************************************************************************************************************************


 PROGRAM * CCSD (Unrestricted open-shell coupled cluster)     Authors: C. Hampel, H.-J. Werner, 1991, M. Deegan, P.J. Knowles, 1992


 Convergence thresholds:  THRVAR = 1.00D-08  THRDEN = 1.00D-06

 CCSD(T)     terms to be evaluated (factor= 1.000)


 Number of core orbitals:           4 (   4 )
 Number of closed-shell orbitals:  12 (  12 )
 Number of active  orbitals:        1 (   1 )
 Number of external orbitals:     363 ( 363 )

 Memory could be reduced to 1031.69 Mwords without degradation in triples

 Number of N-1 electron functions:              25
 Number of N-2 electron functions:             300
 Number of singly external CSFs:              9100
 Number of doubly external CSFs:          30182880
 Total number of CSFs:                    30191980

 Molecular orbitals read from record     2100.2  Type=RHF/CANONICAL (state 1.1)

 Integral transformation finished. Total CPU:  95.97 sec, npass=  1  Memory used: 410.04 MW

 Starting RMP2 calculation

 ITER.      SQ.NORM     CORR.ENERGY   TOTAL ENERGY   ENERGY CHANGE        DEN1      VAR(S)    VAR(P)  DIIS     TIME
   1      1.21329305    -0.70205138  -157.42239721    -0.70205138    -0.00260070  0.12D-04  0.97D-03  1  1   105.53
   2      1.21561878    -0.70485221  -157.42519803    -0.00280082    -0.00000280  0.18D-06  0.12D-05  2  2   110.97
   3      1.21566667    -0.70488387  -157.42522970    -0.00003166    -0.00000001  0.68D-08  0.37D-08  3  3   117.33
   4      1.21566715    -0.70488378  -157.42522961     0.00000009    -0.00000000  0.16D-09  0.13D-10  4  4   123.82

 Norm of t1 vector:      0.04200316      S-energy:    -0.00278954      T1 diagnostic:  0.00032614
 Norm of t2 vector:      0.46249636      P-energy:    -0.70209424
                                         Alpha-Beta:  -0.55137181
                                         Alpha-Alpha: -0.08271789
                                         Beta-Beta:   -0.06800454

 Spin contamination <S**2-Sz**2-Sz>     0.00116711
  Reference energy                   -156.720345825815
  RHF-RMP2 correlation energy          -0.704883784520
 !RHF-RMP2 energy                    -157.425229610335

 Starting UCCSD calculation

 ITER.      SQ.NORM     CORR.ENERGY   TOTAL ENERGY   ENERGY CHANGE        DEN1      VAR(S)    VAR(P)  DIIS     TIME
   1      1.23470399    -0.72645403  -157.44679985    -0.72645403    -0.01994779  0.20D-02  0.48D-02  1  1   230.12
   2      1.25493311    -0.74714577  -157.46749160    -0.02069175    -0.00124519  0.10D-03  0.37D-03  2  2   334.89
   3      1.26104613    -0.75088200  -157.47122783    -0.00373623    -0.00012514  0.37D-04  0.33D-04  3  3   430.35
   4      1.26293021    -0.75163356  -157.47197938    -0.00075156    -0.00001682  0.54D-05  0.49D-05  4  4   529.66
   5      1.26351521    -0.75176283  -157.47210865    -0.00012927    -0.00000403  0.29D-05  0.73D-06  5  5   629.42
   6      1.26378265    -0.75180553  -157.47215136    -0.00004270    -0.00000077  0.44D-06  0.17D-06  6  6   733.67
   7      1.26388371    -0.75181391  -157.47215973    -0.00000838    -0.00000012  0.80D-07  0.22D-07  6  1   833.46
   8      1.26391725    -0.75181495  -157.47216077    -0.00000104    -0.00000002  0.76D-08  0.41D-08  6  2   932.53
   9      1.26392439    -0.75181409  -157.47215991     0.00000086    -0.00000000  0.12D-08  0.92D-09  6  4  1033.43

 Norm of t1 vector:      0.08631023      S-energy:    -0.00324148      T1 diagnostic:  0.00975966
                                                                       D1 diagnostic:  0.02680850
 Norm of t2 vector:      0.50643354      P-energy:    -0.74857261
                                         Alpha-Beta:  -0.60602056
                                         Alpha-Alpha: -0.07870854
                                         Beta-Beta:   -0.06384351

 Spin contamination <S**2-Sz**2-Sz>     0.00078334

 Memory could be reduced to 1079.08 Mwords without degradation in triples


 RESULTS
 =======

  Reference energy                   -156.720345825815
  UCCSD singles energy                 -0.003241481730
  UCCSD pair energy                    -0.748572606176
  UCCSD correlation energy             -0.751814087906
  Triples (T) contribution             -0.028828815897
  Total correlation energy             -0.780642903803

  RHF-UCCSD energy                   -157.472159913721
  RHF-UCCSD[T] energy                -157.501661691245
  RHF-UCCSD-T energy                 -157.500707957577
 !RHF-UCCSD(T) energy                -157.500988729618

 Program statistics:

 Available memory in ccsd:             24999998418
 Min. memory needed in ccsd:              85322979
 Max. memory used in ccsd:               123199103
 Max. memory used in cckext:              90164498 ( 9 integral passes)
 Max. memory used in cckint:             410038686 ( 1 integral passes)



 **********************************************************************************************************************************
 DATASETS  * FILE   NREC   LENGTH (MB)   RECORD NAMES
              1      18       25.40       500      610      700      900      950      970     1000      129      960     1100   
                                          VAR    BASINP    GEOM    SYMINP    ZMAT    AOBASIS   BASIS     P2S    ABASIS      S 
                                         1400     1410     1200     1210     1080     1600     1650     1700   
                                           T        V       H0       H01     AOSYM     SMH    MOLCAS    OPER   

              2       4        7.06       700     1000      520     2100   
                                         GEOM     BASIS   MCVARS     RHF  

 PROGRAMS   *        TOTAL  UCCSD(T)       RHF       INT
 CPU TIMES  *      3232.68   2789.76     62.38    380.12
 REAL TIME  *      3639.69 SEC
 DISK USED  *        54.37 GB      
 SF USED    *        18.28 GB      
 GA USED    *         0.01 MB       (max)       0.00 MB       (current)
 **********************************************************************************************************************************

 UCCSD(T)/USERDEF energy=   -157.500988729618

        UCCSD(T)        RHF-SCF 
   -157.50098873   -156.72034583
 **********************************************************************************************************************************
 Molpro calculation terminated
 Variable memory released

 Fortran compiler diagnostic
 ***************************

 integer size                  8
 double precision size         8
 logical size                  8

 diagnostic completed successfully
