
 Primary working directories    : /scratch/saurabh/PBS_8055642.helios
 Secondary working directories  : /scratch/saurabh/PBS_8055642.helios
 Wavefunction directory         : /scratch/saurabh/PBS_8055642.helios/
 Main file repository           : /scratch/saurabh/PBS_8055642.helios/

 SHA1      : f6387f0c468d0184d0b38d85973bdb066f718752
 NAME      : 2015.1.44
 ARCHNAME  : linux/x86_64
 FC        : /opt/may/bin/gfortran
 BLASLIB   : -Wl,-_start-group /opt/intel/mkl/lib/intel64/libmkl_gf_ilp64.a /opt/intel/mkl/lib/intel64/libmkl_gnu_thread.a /opt/intel/mkl/lib/intel64/libmkl_core.a -Wl,-_end-group
 id        : ramakrishnan

 Nodes             nprocs
 hel09.tifrh.res.in    8

 Using DEFAULT tuning parameter for ncache   :   16384
 Using DEFAULT tuning parameter for mflopdgm :   10000
 Using DEFAULT tuning parameter for mflopdgv :    4000
 Using DEFAULT tuning parameter for mflopmxm :    5000
 Using DEFAULT tuning parameter for mflopmxv :    4000
 Using DEFAULT tuning parameter for mindgm   :       1
 Using DEFAULT tuning parameter for mindgc   :       4
 Using DEFAULT tuning parameter for mindgf   :    5000
 Using DEFAULT tuning parameter for mindgl   :       4
 Using DEFAULT tuning parameter for mindgr   :       1
 Using DEFAULT tuning parameter for mindgv   :      20
 Using DEFAULT tuning parameter for mincuda  :     500
 Using DEFAULT tuning parameter for mxmblk   :      64
 Using DEFAULT tuning parameter for mxmbln   :      64
 Using DEFAULT tuning parameter for nroll    :       2
 Using custom tuning parameter for ngpus     :       0
 Using customized tuning parameters: mindgm=1; mindgv=20; mindgc=4; mindgr=1; noblas=0; minvec=7
 default implementation of scratch files=sf  

 ***,Mol_05
 memory,64,g
 geometry={
 C  -1.272636  -0.676750  0.000001
 C  -0.000007  0.124048   0.000004
 C  -0.000110  1.454215   -0.000002
 C  1.272735   -0.676582  0.000001
 H  -2.153991  -0.037135  0.000036
 H  -1.322215  -1.329609  0.876239
 H  -1.322239  -1.329555  -0.876275
 H  1.322437   -1.329441  0.876233
 H  2.154004   -0.036844  0.000024
 H  1.322420   -1.329365  -0.876288
 H  -0.922249  2.021111   -0.000001
 H  0.921944   2.021249   0.000008
  }
 basis,O=AVQZ,C=AVQZ,H=VQZ
 hf;
 ccsd(t);
 

 Fortran compiler diagnostic
 ***************************

 integer size                  8
 double precision size         8
 logical size                  8

 diagnostic completed successfully

 Variables initialized (889), CPU time= 0.02 sec
 Commands  initialized (702), CPU time= 0.02 sec, 572 directives.
 Default parameters read. Elapsed time= 0.10 sec

 Using DEFAULT tuning parameter for mpplat   :       3
 Using DEFAULT tuning parameter for mppspeed :    1600
 Checking input...
 Passed
1


                                         ***  PROGRAM SYSTEM MOLPRO  ***
                                       Copyright, TTI GmbH Stuttgart, 2015
                                    Version 2015.1 linked Jun  9 2019 06:55:40


 **********************************************************************************************************************************
 LABEL *   Mol_05                                                                        
  64 bit mpp version                                                                     DATE: 15-Apr-22          TIME: 18:05:02  
 **********************************************************************************************************************************

 SHA1:             f6387f0c468d0184d0b38d85973bdb066f718752
 **********************************************************************************************************************************

Geometry recognized as XYZ


 Variable memory set to ********** words,  buffer space   230000 words

 SETTING BASIS          =    O=AVQZ,C=AVQZ,H=VQZ


 Recomputing integrals since basis changed


 Using spherical harmonics

 Library entry C      S aug-cc-pVQZ          selected for orbital group  1
 Library entry C      P aug-cc-pVQZ          selected for orbital group  1
 Library entry C      D aug-cc-pVQZ          selected for orbital group  1
 Library entry C      F aug-cc-pVQZ          selected for orbital group  1
 Library entry C      G aug-cc-pVQZ          selected for orbital group  1
 Library entry H      S cc-pVQZ              selected for orbital group  2
 Library entry H      P cc-pVQZ              selected for orbital group  2
 Library entry H      D cc-pVQZ              selected for orbital group  2
 Library entry H      F cc-pVQZ              selected for orbital group  2


 PROGRAM * SEWARD (Integral evaluation for generally contracted gaussian basis sets)     Author: Roland Lindh, 1990

 Geometry written to block  1 of record 700


 Point group  C1  



 ATOMIC COORDINATES

 NR  ATOM    CHARGE       X              Y              Z

   1  C       6.00   -2.404933496   -1.278872155    0.000001890
   2  C       6.00   -0.000013228    0.234416746    0.000007559
   3  C       6.00   -0.000207870    2.748068076   -0.000003779
   4  C       6.00    2.405120579   -1.278554681    0.000001890
   5  H       1.00   -4.070453065   -0.070174980    0.000068030
   6  H       1.00   -2.498624228   -2.512596863    1.655851730
   7  H       1.00   -2.498669581   -2.512494818   -1.655919760
   8  H       1.00    2.499043747   -2.512279389    1.655840391
   9  H       1.00    4.070477631   -0.069625069    0.000045353
  10  H       1.00    2.499011622   -2.512135770   -1.655944326
  11  H       1.00   -1.742798029    3.819346257   -0.000001890
  12  H       1.00    1.742221662    3.819607040    0.000015118

 Bond lengths in Bohr (Angstrom)

 1-2  2.841423023  1-5  2.057888311  1-6  2.067049419  1-7  2.067048097  2-3  2.513651337
     ( 1.503616310)     ( 1.088987597)     ( 1.093835446)     ( 1.093834747)     ( 1.330167004)

  2- 4  2.841434703   3-11  2.045545747   3-12  2.045545508   4- 8  2.067050885   4- 9  2.057893320
       ( 1.503622491)       ( 1.082456193)       ( 1.082456067)       ( 1.093836222)       ( 1.088990248)

  4-10  2.067050000
       ( 1.093835754)

 Bond angles

  1-2-3  122.17559590   1-2-4  115.64764640   2-1-5  111.85090785   2-1-6  110.86909328

  2- 1- 7  110.86882978   2- 3-11  121.58605639   2- 3-12  121.58576207   2- 4- 8  110.87094418

  2- 4- 9  111.85072411   2- 4-10  110.86807435   3- 2- 4  122.17675770   5- 1- 6  108.29147027

  5- 1- 7  108.29176842   6- 1- 7  106.46804464   8- 4- 9  108.29073617   8- 4-10  106.46853236

  9- 4-10  108.29108215  11- 3-12  116.82818153

 NUCLEAR CHARGE:                   32
 NUMBER OF PRIMITIVE AOS:         768
 NUMBER OF SYMMETRY AOS:          628
 NUMBER OF CONTRACTIONS:          560   ( 560A   )
 NUMBER OF CORE ORBITALS:           4   (   4A   )
 NUMBER OF VALENCE ORBITALS:       24   (  24A   )


 NUCLEAR REPULSION ENERGY  119.88432360


 Eigenvalues of metric

         1 0.371E-05 0.760E-05 0.999E-05 0.148E-04 0.224E-04 0.298E-04 0.351E-04 0.451E-04


 Contracted 2-electron integrals neglected if value below      1.0D-12
 AO integral compression algorithm  1   Integral accuracy      1.0D-12

     41546.940 MB (compressed) written to integral file ( 39.7%)

     Node minimum: 4857.528 MB, node maximum: 5604.114 MB


 NUMBER OF SORTED TWO-ELECTRON INTEGRALS: 1542211440.     BUFFER LENGTH:  32768
 NUMBER OF SEGMENTS:  49  SEGMENT LENGTH:   31996696      RECORD LENGTH: 524288

 Memory used in sort:      32.55 MW

 SORT1 READ 13090726908. AND WROTE  1309898549. INTEGRALS IN   3776 RECORDS. CPU TIME:   745.62 SEC, REAL TIME:   774.71 SEC
 SORT2 READ 10481443214. AND WROTE 12337141740. INTEGRALS IN 159680 RECORDS. CPU TIME:    88.73 SEC, REAL TIME:  1357.37 SEC

 Node minimum:  1542073995.  Node maximum:  1542211440. integrals

 OPERATOR DM      FOR CENTER  0  COORDINATES:    0.000000    0.000000    0.000000


 **********************************************************************************************************************************
 DATASETS  * FILE   NREC   LENGTH (MB)   RECORD NAMES
              1      18       31.54       500      610      700      900      950      970     1000      129      960     1100   
                                          VAR    BASINP    GEOM    SYMINP    ZMAT    AOBASIS   BASIS     P2S    ABASIS      S 
                                         1400     1410     1200     1210     1080     1600     1650     1700   
                                           T        V       H0       H01     AOSYM     SMH    MOLCAS    OPER   

 PROGRAMS   *        TOTAL       INT
 CPU TIMES  *       954.16    954.00
 REAL TIME  *      2328.96 SEC
 DISK USED  *       166.68 GB      
 GA USED    *         0.01 MB       (max)       0.00 MB       (current)
 **********************************************************************************************************************************


 PROGRAM * RHF-SCF (CLOSED SHELL)       Authors: W. Meyer, H.-J. Werner


 NUMBER OF ELECTRONS:      16+   16-    SPACE SYMMETRY=1    SPIN SYMMETRY: Singlet 
 CONVERGENCE THRESHOLDS:    1.00E-05 (Density)    1.00E-07 (Energy)
 MAX. NUMBER OF ITERATIONS:       60
 INTERPOLATION TYPE:            DIIS
 INTERPOLATION STEPS:              2 (START)      1 (STEP)
 LEVEL SHIFTS:                  0.00 (CLOSED)  0.00 (OPEN) 



 Orbital guess generated from atomic densities. Full valence occupancy:   28

 Molecular orbital dump at record        2100.2

 Initial occupancy:  16

 ITERATION    DDIFF          GRAD             ENERGY        2-EL.EN.            DIPOLE MOMENTS         DIIS   ORB.
    1      0.000D+00      0.000D+00      -156.11880505    343.762084    0.00005   -0.54336   -0.00001    0    start
    2      0.000D+00      0.208D-02      -156.17165241    339.681729    0.00002   -0.19760    0.00000    1    diag
    3      0.188D-02      0.783D-03      -156.17804493    341.334717    0.00002   -0.25600    0.00000    2    diag
    4      0.549D-03      0.234D-03      -156.17902177    340.981056    0.00002   -0.23510    0.00000    3    diag
    5      0.218D-03      0.430D-04      -156.17904987    341.020919    0.00002   -0.22810    0.00000    4    diag
    6      0.409D-04      0.173D-04      -156.17905322    341.010626    0.00002   -0.22973    0.00000    5    diag
    7      0.148D-04      0.333D-05      -156.17905345    341.013904    0.00002   -0.22861    0.00000    6    diag
    8      0.448D-05      0.161D-05      -156.17905349    341.013409    0.00002   -0.22862    0.00000    7    diag
    9      0.181D-05      0.407D-06      -156.17905349    341.013439    0.00002   -0.22849    0.00000    0    orth

 Final occupancy:  16

 !RHF STATE 1.1 Energy               -156.179053491032
 Nuclear energy                       119.88432360
 One-electron energy                 -446.57009639
 Two-electron energy                  170.50671930
 Virial quotient                       -1.00097893
 !RHF STATE 1.1 Dipole moment           0.00002003    -0.22849090     0.00000081
 Dipole moment /Debye                   0.00005091    -0.58072791     0.00000205

 Orbital energies:

         1.1          2.1          3.1          4.1          5.1          6.1          7.1          8.1          9.1         10.1
    -11.236936   -11.218006   -11.217979   -11.206379    -1.089545    -0.941593    -0.927026    -0.718888    -0.619896    -0.610570

        11.1         12.1         13.1         14.1         15.1         16.1         17.1         18.1
     -0.590121    -0.536865    -0.521530    -0.516166    -0.479123    -0.347707     0.045548     0.049131

 HOMO     16.1    -0.347707 =      -9.4616eV
 LUMO     17.1     0.045548 =       1.2394eV
 LUMO-HOMO         0.393254 =      10.7010eV


 **********************************************************************************************************************************
 DATASETS  * FILE   NREC   LENGTH (MB)   RECORD NAMES
              1      18       31.54       500      610      700      900      950      970     1000      129      960     1100   
                                          VAR    BASINP    GEOM    SYMINP    ZMAT    AOBASIS   BASIS     P2S    ABASIS      S 
                                         1400     1410     1200     1210     1080     1600     1650     1700   
                                           T        V       H0       H01     AOSYM     SMH    MOLCAS    OPER   

              2       4        9.31       700     1000      520     2100   
                                         GEOM     BASIS   MCVARS     RHF  

 PROGRAMS   *        TOTAL        HF       INT
 CPU TIMES  *      1150.14    195.97    954.00
 REAL TIME  *      2669.16 SEC
 DISK USED  *       167.17 GB      
 SF USED    *         1.26 MB      
 GA USED    *         0.01 MB       (max)       0.00 MB       (current)
 **********************************************************************************************************************************


 PROGRAM * CCSD (Closed-shell coupled cluster)     Authors: C. Hampel, H.-J. Werner, 1991, M. Deegan, P.J. Knowles, 1992


 Convergence thresholds:  THRVAR = 1.00D-08  THRDEN = 1.00D-06

 CCSD(T)     terms to be evaluated (factor= 1.000)


 Number of core orbitals:           4 (   4 )
 Number of closed-shell orbitals:  12 (  12 )
 Number of external orbitals:     544 ( 544 )

 Molecular orbitals read from record     2100.2  Type=RHF/CANONICAL (state 1.1)

 Number of N-1 electron functions:              12
 Number of N-2 electron functions:              78
 Number of singly external CSFs:              6528
 Number of doubly external CSFs:          21310656
 Total number of CSFs:                    21317185

 Length of J-op  integral file:               0.00 MB
 Length of K-op  integral file:              21.57 MB
 Length of 3-ext integral record:             0.00 MB

 Memory could be reduced to 2390.68 Mwords without degradation in triples

 Integral transformation finished. Total CPU: 446.07 sec, npass=  1  Memory used:1191.03 MW

 Reference energy:                   -156.17905349

 MP2 singlet pair energy:              -0.49598272
 MP2 triplet pair energy:              -0.23465628
 MP2 correlation energy:               -0.73063900
 MP2 total energy:                   -156.90969250

 SCS-MP2 correlation energy:           -0.74118762   (PS=  1.200000  PT=  0.333333)
 SCS-MP2 total energy:               -156.92024111

 ITER.      SQ.NORM     CORR.ENERGY   TOTAL ENERGY   ENERGY CHANGE        DEN1      VAR(S)    VAR(P)  DIIS     TIME  TIME/IT
   1      1.24237492    -0.76095533  -156.94000882    -0.03031632    -0.01175677  0.26D-02  0.36D-02  1  1   589.91   251.60
   2      1.25928251    -0.76412544  -156.94317893    -0.00317011    -0.01692238  0.55D-04  0.51D-03  2  2   733.78   265.97
   3      1.26611153    -0.76427183  -156.94332532    -0.00014639    -0.00398524  0.21D-04  0.43D-04  3  3   867.10   263.16
   4      1.26841948    -0.76430894  -156.94336243    -0.00003711    -0.00086293  0.26D-05  0.48D-05  4  4   990.37   250.72
   5      1.26903683    -0.76432574  -156.94337923    -0.00001680    -0.00012965  0.54D-06  0.50D-06  5  5  1111.27   242.55
   6      1.26919130    -0.76432092  -156.94337441     0.00000482    -0.00002131  0.88D-07  0.42D-07  6  6  1225.89   234.12
   7      1.26921876    -0.76431949  -156.94337298     0.00000143    -0.00000245  0.15D-07  0.50D-08  6  2  1349.55   230.06
   8      1.26922510    -0.76431953  -156.94337302    -0.00000003    -0.00000041  0.31D-08  0.70D-09  6  1  1464.41   226.37
   9      1.26922738    -0.76431956  -156.94337305    -0.00000003    -0.00000030  0.35D-09  0.13D-09  6  3  1579.11   222.63

 Norm of t1 vector:      0.07045592      S-energy:    -0.00000026      T1 diagnostic:  0.01016944
                                                                       D1 diagnostic:  0.03120446

 Doubles amplitudes (print threshold =  0.500E-01):

         I         J         SYM. A    SYM. B    A         B      T(IJ, AB)

        12        12         1         1        15        15     -0.07523096

   CPU time for triples:   2177.93 sec for i =  1 - 11 / 12 (~  78.1 % done)
   CPU time for triples:    508.14 sec for i = 12 - 12 / 12 (  100.0 % done)

 Total CPU time for triples:   2728.80 sec


 RESULTS
 =======

  Reference energy                   -156.179053491030
  CCSD singlet pair energy             -0.547399814295
  CCSD triplet pair energy             -0.216919482224
  CCSD correlation energy              -0.764319560092

  Triples (T) contribution             -0.033266256091
  Total correlation energy             -0.797585816184

  CCSD total energy                  -156.943373051122
  CCSD[T] energy                     -156.977439459034
  CCSD-T energy                      -156.976347117917
 !CCSD(T) total energy               -156.976639307213

 Timing summary (sec):

 STEP                 CPU(USER)    SYS     CPU(TOT)    WALL
 Transformation        447.83     21.94    469.77    551.15
 CCSD iterations      1131.55     65.25   1196.80   2004.58
 Triples              2728.81     52.83   2781.64   2981.65

 Program statistics:

 Available memory in ccsd:             63999999324
 Min. memory needed in ccsd:              54261015
 Max. memory used in ccsd:                73623063
 Max. memory used in cckext:              51483224 ( 9 integral passes)



 **********************************************************************************************************************************
 DATASETS  * FILE   NREC   LENGTH (MB)   RECORD NAMES
              1      19     8072.31       500      610      700      900      950      970     1000      129      960     1100   
                                          VAR    BASINP    GEOM    SYMINP    ZMAT    AOBASIS   BASIS     P2S    ABASIS      S 
                                         1400     1410     1200     1210     1080     1600     1650     1700     1380   
                                           T        V       H0       H01     AOSYM     SMH    MOLCAS    OPER     JKOP   

              2       4        9.31       700     1000      520     2100   
                                         GEOM     BASIS   MCVARS     RHF  

 PROGRAMS   *        TOTAL   CCSD(T)        HF       INT
 CPU TIMES  *      5458.46   4308.25    195.97    954.00
 REAL TIME  *      8207.12 SEC
 DISK USED  *       177.41 GB      
 SF USED    *         9.89 GB      
 GA USED    *         0.01 MB       (max)       0.00 MB       (current)
 **********************************************************************************************************************************

 CCSD(T)/O=AVQZ,C=AVQZ,H=VQZ energy=   -156.976639307213

        CCSD(T)         HF-SCF  
   -156.97663931   -156.17905349
 **********************************************************************************************************************************
 Molpro calculation terminated
 Variable memory released

 Fortran compiler diagnostic
 ***************************

 integer size                  8
 double precision size         8
 logical size                  8

 diagnostic completed successfully
