
 Primary working directories    : /scratch/saurabh/PBS_8054355.helios
 Secondary working directories  : /scratch/saurabh/PBS_8054355.helios
 Wavefunction directory         : /scratch/saurabh/PBS_8054355.helios/
 Main file repository           : /scratch/saurabh/PBS_8054355.helios/

 SHA1      : f6387f0c468d0184d0b38d85973bdb066f718752
 NAME      : 2015.1.44
 ARCHNAME  : linux/x86_64
 FC        : /opt/may/bin/gfortran
 BLASLIB   : -Wl,-_start-group /opt/intel/mkl/lib/intel64/libmkl_gf_ilp64.a /opt/intel/mkl/lib/intel64/libmkl_gnu_thread.a /opt/intel/mkl/lib/intel64/libmkl_core.a -Wl,-_end-group
 id        : ramakrishnan

 Nodes             nprocs
 hel09.tifrh.res.in    8

 Using DEFAULT tuning parameter for ncache   :   16384
 Using DEFAULT tuning parameter for mflopdgm :   10000
 Using DEFAULT tuning parameter for mflopdgv :    4000
 Using DEFAULT tuning parameter for mflopmxm :    5000
 Using DEFAULT tuning parameter for mflopmxv :    4000
 Using DEFAULT tuning parameter for mindgm   :       1
 Using DEFAULT tuning parameter for mindgc   :       4
 Using DEFAULT tuning parameter for mindgf   :    5000
 Using DEFAULT tuning parameter for mindgl   :       4
 Using DEFAULT tuning parameter for mindgr   :       1
 Using DEFAULT tuning parameter for mindgv   :      20
 Using DEFAULT tuning parameter for mincuda  :     500
 Using DEFAULT tuning parameter for mxmblk   :      64
 Using DEFAULT tuning parameter for mxmbln   :      64
 Using DEFAULT tuning parameter for nroll    :       2
 Using custom tuning parameter for ngpus     :       0
 Using customized tuning parameters: mindgm=1; mindgv=20; mindgc=4; mindgr=1; noblas=0; minvec=7
 default implementation of scratch files=sf  

 ***,Mol_04
 memory,25,g
 geometry={
 C  -0.930698  -1.279992  -0.049036
 C  -0.131144  0.000000   -0.054913
 C  1.237579   -0.000000  -0.582716
 C  -0.930698  1.279992   -0.049036
 H  -0.272060  -2.146381  -0.014050
 H  -1.555426  -1.351676  -0.941587
 H  -1.587027  -1.314167  0.822839
 H  -1.555426  1.351676   -0.941587
 H  -0.272060  2.146381   -0.014050
 H  -1.587027  1.314167   0.822839
 O  1.004512   -0.000000  0.830447
 H  1.661345   0.916464   -0.981890
 H  1.661345   -0.916464  -0.981890
  }
 basis,O=AVDZ,C=AVDZ,H=VDZ
 hf;
 ccsd(t);
 

 Fortran compiler diagnostic
 ***************************

 integer size                  8
 double precision size         8
 logical size                  8

 diagnostic completed successfully

 Variables initialized (889), CPU time= 0.01 sec
 Commands  initialized (702), CPU time= 0.02 sec, 572 directives.
 Default parameters read. Elapsed time= 0.10 sec

 Using DEFAULT tuning parameter for mpplat   :       3
 Using DEFAULT tuning parameter for mppspeed :    1600
 Checking input...
 Passed
1


                                         ***  PROGRAM SYSTEM MOLPRO  ***
                                       Copyright, TTI GmbH Stuttgart, 2015
                                    Version 2015.1 linked Jun  9 2019 06:55:40


 **********************************************************************************************************************************
 LABEL *   Mol_04                                                                        
  64 bit mpp version                                                                     DATE: 11-Apr-22          TIME: 18:06:00  
 **********************************************************************************************************************************

 SHA1:             f6387f0c468d0184d0b38d85973bdb066f718752
 **********************************************************************************************************************************

Geometry recognized as XYZ


 Variable memory set to ********** words,  buffer space   230000 words

 SETTING BASIS          =    O=AVDZ,C=AVDZ,H=VDZ


 Recomputing integrals since basis changed


 Using spherical harmonics

 Library entry C      S aug-cc-pVDZ          selected for orbital group  1
 Library entry C      P aug-cc-pVDZ          selected for orbital group  1
 Library entry C      D aug-cc-pVDZ          selected for orbital group  1
 Library entry H      S cc-pVDZ              selected for orbital group  2
 Library entry H      P cc-pVDZ              selected for orbital group  2
 Library entry O      S aug-cc-pVDZ          selected for orbital group  3
 Library entry O      P aug-cc-pVDZ          selected for orbital group  3
 Library entry O      D aug-cc-pVDZ          selected for orbital group  3


 PROGRAM * SEWARD (Integral evaluation for generally contracted gaussian basis sets)     Author: Roland Lindh, 1990

 Geometry written to block  1 of record 700


 Point group  Cs  



 ATOMIC COORDINATES

 NR  ATOM    CHARGE       X              Y              Z

   1  C       6.00   -1.758764325   -2.418834322   -0.092664610
   2  C       6.00   -1.758764325    2.418834322   -0.092664610
   3  C       6.00   -0.247826243    0.000000000   -0.103770531
   4  C       6.00    2.338685368    0.000000000   -1.101173648
   5  H       1.00   -0.514118889   -4.056072249   -0.026550652
   6  H       1.00   -0.514118889    4.056072249   -0.026550652
   7  H       1.00   -2.939329147   -2.554297449   -1.779341552
   8  H       1.00   -2.939329147    2.554297449   -1.779341552
   9  H       1.00   -2.999046382   -2.483415712    1.554940355
  10  H       1.00   -2.999046382    2.483415712    1.554940355
  11  O       8.00    1.898252569    0.000000000    1.569317391
  12  H       1.00    3.139487048    1.731865963   -1.855503184
  13  H       1.00    3.139487048   -1.731865963   -1.855503184

 Bond lengths in Bohr (Angstrom)

 1-3  2.851984696  1-5  2.057683490  1-7  2.063240816  1-9  2.063267423  2-3  2.851984696
     ( 1.509205307)     ( 1.088879210)     ( 1.091820021)     ( 1.091834100)     ( 1.509205307)

  2- 6  2.057683490   2- 8  2.063240816   2-10  2.063267423   3- 4  2.772157155   3-11  2.721190449
       ( 1.088879210)       ( 1.091820021)       ( 1.091834100)       ( 1.466962391)       ( 1.439991972)

  4-11  2.706566726   4-12  2.051744647   4-13  2.051744647
       ( 1.432253431)       ( 1.085736510)       ( 1.085736510)

 Bond angles

  1- 3- 2  116.01623764   1- 3- 4  119.71639974   1- 3-11  114.54594868   2- 3- 4  119.71639974

  2- 3-11  114.54594868   3- 1- 5  110.76262151   3- 1- 7  110.83254390   3- 1- 9  110.37257089

  3- 2- 6  110.76262151   3- 2- 8  110.83254390   3- 2-10  110.37257089   3- 4-11   59.54726276

  3- 4-12  119.76501268   3- 4-13  119.76501268   3-11- 4   61.42518485   4- 3-11   59.02755239

  5- 1- 7  108.67080573   5- 1- 9  108.24280413   6- 2- 8  108.67080573   6- 2-10  108.24280413

  7- 1- 9  107.86567666   8- 2-10  107.86567666  11- 4-12  115.23077952  11- 4-13  115.23077952

 12- 4-13  115.15005434

 NUCLEAR CHARGE:                   40
 NUMBER OF PRIMITIVE AOS:         241
 NUMBER OF SYMMETRY AOS:          231
 NUMBER OF CONTRACTIONS:          155   (  91A'  +  64A"  )
 NUMBER OF CORE ORBITALS:           5   (   4A'  +   1A"  )
 NUMBER OF VALENCE ORBITALS:       28   (  17A'  +  11A"  )


 NUCLEAR REPULSION ENERGY  185.91277793

 Eigenvalues of metric

         1 0.642E-04 0.835E-04 0.208E-03 0.335E-03 0.146E-02 0.169E-02 0.239E-02 0.329E-02
         2 0.153E-03 0.220E-03 0.137E-02 0.375E-02 0.441E-02 0.743E-02 0.936E-02 0.100E-01


 Contracted 2-electron integrals neglected if value below      1.0D-11
 AO integral compression algorithm  1   Integral accuracy      1.0D-11

     186.384 MB (compressed) written to integral file ( 53.4%)

     Node minimum: 18.874 MB, node maximum: 25.690 MB


 NUMBER OF SORTED TWO-ELECTRON INTEGRALS:    4632728.     BUFFER LENGTH:  32768
 NUMBER OF SEGMENTS:   1  SEGMENT LENGTH:    4632728      RECORD LENGTH: 524288

 Memory used in sort:       5.19 MW

 SORT1 READ    43548802. AND WROTE     4595517. INTEGRALS IN     14 RECORDS. CPU TIME:     0.58 SEC, REAL TIME:     0.64 SEC
 SORT2 READ    36741810. AND WROTE    37048271. INTEGRALS IN    744 RECORDS. CPU TIME:     0.22 SEC, REAL TIME:     0.26 SEC

 Node minimum:     4628813.  Node maximum:     4632728. integrals

 OPERATOR DM      FOR CENTER  0  COORDINATES:    0.000000    0.000000    0.000000


 **********************************************************************************************************************************
 DATASETS  * FILE   NREC   LENGTH (MB)   RECORD NAMES
              1      18       20.57       500      610      700      900      950      970     1000      129      960     1100   
                                          VAR    BASINP    GEOM    SYMINP    ZMAT    AOBASIS   BASIS     P2S    ABASIS      S 
                                         1400     1410     1200     1210     1080     1600     1650     1700   
                                           T        V       H0       H01     AOSYM     SMH    MOLCAS    OPER   

 PROGRAMS   *        TOTAL       INT
 CPU TIMES  *        19.89     19.72
 REAL TIME  *        55.42 SEC
 DISK USED  *       636.60 MB      
 GA USED    *         0.00 MB       (max)       0.00 MB       (current)
 **********************************************************************************************************************************


 PROGRAM * RHF-SCF (CLOSED SHELL)       Authors: W. Meyer, H.-J. Werner


 NUMBER OF ELECTRONS:      20+   20-
 CONVERGENCE THRESHOLDS:    1.00E-05 (Density)    1.00E-07 (Energy)
 MAX. NUMBER OF ITERATIONS:       60
 INTERPOLATION TYPE:            DIIS
 INTERPOLATION STEPS:              2 (START)      1 (STEP)
 LEVEL SHIFTS:                  0.00 (CLOSED)  0.00 (OPEN) 



 Orbital guess generated from atomic densities. Full valence occupancy:   21  12

 Molecular orbital dump at record        2100.2

 Initial occupancy:  13   7

 ITERATION    DDIFF          GRAD             ENERGY        2-EL.EN.            DIPOLE MOMENTS         DIIS   ORB.
    1      0.000D+00      0.000D+00      -230.91085710    530.388116   -0.65094    0.00000   -1.12816    0    start
    2      0.000D+00      0.599D-02      -230.96759690    528.498417   -0.41747    0.00000   -0.57389    1    diag
    3      0.119D-01      0.279D-02      -230.97681610    529.323057   -0.45277    0.00000   -0.85590    2    diag
    4      0.419D-02      0.986D-03      -230.97837893    529.171437   -0.42492    0.00000   -0.77915    3    diag
    5      0.185D-02      0.232D-03      -230.97848528    529.179819   -0.43510    0.00000   -0.79539    4    diag
    6      0.558D-03      0.536D-04      -230.97849093    529.169076   -0.43162    0.00000   -0.79530    5    diag
    7      0.184D-03      0.100D-04      -230.97849124    529.173138   -0.43241    0.00000   -0.79518    6    diag
    8      0.507D-04      0.307D-05      -230.97849126    529.171953   -0.43231    0.00000   -0.79537    7    diag
    9      0.938D-05      0.957D-06      -230.97849127    529.172040   -0.43235    0.00000   -0.79536    0    orth

 Final occupancy:  13   7

 !RHF STATE 1.1 Energy               -230.978491266988
 Nuclear energy                       185.91277793
 One-electron energy                 -681.47728922
 Two-electron energy                  264.58602003
 Virial quotient                       -1.00129678
 !RHF STATE 1.1 Dipole moment          -0.43234814     0.00000000    -0.79536136
 Dipole moment /Debye                  -1.09884737     0.00000000    -2.02147452

 Orbital energies:

         1.1          2.1          3.1          4.1          5.1          6.1          7.1          8.1          9.1         10.1
    -20.570695   -11.296204   -11.283174   -11.229608    -1.408020    -1.042726    -0.906331    -0.773321    -0.642152    -0.605395

        11.1         12.1         13.1         14.1         15.1
     -0.574783    -0.507952    -0.422194     0.065286     0.068498

         1.2          2.2          3.2          4.2          5.2          6.2          7.2          8.2          9.2
    -11.229632    -0.953412    -0.676248    -0.549605    -0.538919    -0.504612    -0.437642     0.067516     0.103545

 HOMO     13.1    -0.422194 =     -11.4885eV
 LUMO     14.1     0.065286 =       1.7765eV
 LUMO-HOMO         0.487479 =      13.2650eV


 **********************************************************************************************************************************
 DATASETS  * FILE   NREC   LENGTH (MB)   RECORD NAMES
              1      18       20.57       500      610      700      900      950      970     1000      129      960     1100   
                                          VAR    BASINP    GEOM    SYMINP    ZMAT    AOBASIS   BASIS     P2S    ABASIS      S 
                                         1400     1410     1200     1210     1080     1600     1650     1700   
                                           T        V       H0       H01     AOSYM     SMH    MOLCAS    OPER   

              2       4        3.22       700     1000      520     2100   
                                         GEOM     BASIS   MCVARS     RHF  

 PROGRAMS   *        TOTAL        HF       INT
 CPU TIMES  *        20.23      0.34     19.72
 REAL TIME  *        56.09 SEC
 DISK USED  *       833.88 MB      
 SF USED    *         0.05 MB      
 GA USED    *         0.00 MB       (max)       0.00 MB       (current)
 **********************************************************************************************************************************


 PROGRAM * CCSD (Closed-shell coupled cluster)     Authors: C. Hampel, H.-J. Werner, 1991, M. Deegan, P.J. Knowles, 1992


 Convergence thresholds:  THRVAR = 1.00D-08  THRDEN = 1.00D-06

 CCSD(T)     terms to be evaluated (factor= 1.000)


 Number of core orbitals:           5 (   4   1 )
 Number of closed-shell orbitals:  15 (   9   6 )
 Number of external orbitals:     135 (  78  57 )

 Molecular orbitals read from record     2100.2  Type=RHF/CANONICAL (state 1.1)

 Number of N-1 electron functions:              15
 Number of N-2 electron functions:             120
 Number of singly external CSFs:              1044
 Number of doubly external CSFs:           1027161
 Total number of CSFs:                     1028206

 Length of J-op  integral file:               0.00 MB
 Length of K-op  integral file:               0.85 MB
 Length of 3-ext integral record:             0.00 MB

 Memory could be reduced to 24.33 Mwords without degradation in triples

 Integral transformation finished. Total CPU:   1.15 sec, npass=  1  Memory used:  12.14 MW

 Reference energy:                   -230.97849127

 MP2 singlet pair energy:              -0.49357549
 MP2 triplet pair energy:              -0.28673952
 MP2 correlation energy:               -0.78031501
 MP2 total energy:                   -231.75880628

 SCS-MP2 correlation energy:           -0.77070629   (PS=  1.200000  PT=  0.333333)
 SCS-MP2 total energy:               -231.74919756

 ITER.      SQ.NORM     CORR.ENERGY   TOTAL ENERGY   ENERGY CHANGE        DEN1      VAR(S)    VAR(P)  DIIS     TIME  TIME/IT
   1      1.27503287    -0.82642845  -231.80491972    -0.04611344    -0.02242684  0.42D-02  0.50D-02  1  1     1.70     0.55
   2      1.29670366    -0.82960448  -231.80809575    -0.00317603    -0.02243047  0.11D-03  0.67D-03  2  2     2.23     0.59
   3      1.30314280    -0.82988830  -231.80837957    -0.00028382    -0.00365361  0.51D-04  0.33D-04  3  3     2.78     0.61
   4      1.30499689    -0.82980306  -231.80829433     0.00008524    -0.00082357  0.19D-05  0.37D-05  4  4     3.25     0.60
   5      1.30544258    -0.82981748  -231.80830875    -0.00001442    -0.00013710  0.41D-06  0.24D-06  5  5     3.85     0.62
   6      1.30552323    -0.82981038  -231.80830165     0.00000710    -0.00001901  0.44D-07  0.26D-07  6  6     4.40     0.63
   7      1.30553749    -0.82980747  -231.80829874     0.00000291    -0.00000112  0.76D-08  0.32D-08  6  1     4.97     0.64
   8      1.30554335    -0.82980753  -231.80829880    -0.00000006    -0.00000122  0.14D-08  0.51D-09  6  2     5.49     0.64
   9      1.30554463    -0.82980731  -231.80829857     0.00000023     0.00000055  0.13D-09  0.84D-10  6  4     5.98     0.64

 Norm of t1 vector:      0.08595248      S-energy:    -0.00000013      T1 diagnostic:  0.01109642
                                                                       D1 diagnostic:  0.03310170


 Total CPU time for triples:      8.28 sec


 RESULTS
 =======

  Reference energy                   -230.978491266989
  CCSD singlet pair energy             -0.569212675662
  CCSD triplet pair energy             -0.260594504274
  CCSD correlation energy              -0.829807306460

  Triples (T) contribution             -0.028939799078
  Total correlation energy             -0.858747105537

  CCSD total energy                  -231.808298573449
  CCSD[T] energy                     -231.838517160938
  CCSD-T energy                      -231.836684193213
 !CCSD(T) total energy               -231.837238372526

 Timing summary (sec):

 STEP                 CPU(USER)    SYS     CPU(TOT)    WALL
 Transformation          1.16      0.24      1.40      1.40
 CCSD iterations         4.84      1.04      5.88      5.87
 Triples                 8.28      0.67      8.95      8.95

 Program statistics:

 Available memory in ccsd:             24999999000
 Min. memory needed in ccsd:               2668869
 Max. memory used in ccsd:                 3591882
 Max. memory used in cckext:               3556096 ( 9 integral passes)



 **********************************************************************************************************************************
 DATASETS  * FILE   NREC   LENGTH (MB)   RECORD NAMES
              1      19      112.75       500      610      700      900      950      970     1000      129      960     1100   
                                          VAR    BASINP    GEOM    SYMINP    ZMAT    AOBASIS   BASIS     P2S    ABASIS      S 
                                         1400     1410     1200     1210     1080     1600     1650     1700     1380   
                                           T        V       H0       H01     AOSYM     SMH    MOLCAS    OPER     JKOP   

              2       4        3.22       700     1000      520     2100   
                                         GEOM     BASIS   MCVARS     RHF  

 PROGRAMS   *        TOTAL   CCSD(T)        HF       INT
 CPU TIMES  *        34.55     14.31      0.34     19.72
 REAL TIME  *        72.44 SEC
 DISK USED  *         1.03 GB      
 SF USED    *       185.87 MB      
 GA USED    *         0.00 MB       (max)       0.00 MB       (current)
 **********************************************************************************************************************************

 CCSD(T)/O=AVDZ,C=AVDZ,H=VDZ energy=   -231.837238372526

        CCSD(T)         HF-SCF  
   -231.83723837   -230.97849127
 **********************************************************************************************************************************
 Molpro calculation terminated
 Variable memory released

 Fortran compiler diagnostic
 ***************************

 integer size                  8
 double precision size         8
 logical size                  8

 diagnostic completed successfully
