
 Primary working directories    : /scratch/saurabh/PBS_8054358.helios
 Secondary working directories  : /scratch/saurabh/PBS_8054358.helios
 Wavefunction directory         : /scratch/saurabh/PBS_8054358.helios/
 Main file repository           : /scratch/saurabh/PBS_8054358.helios/

 SHA1      : f6387f0c468d0184d0b38d85973bdb066f718752
 NAME      : 2015.1.44
 ARCHNAME  : linux/x86_64
 FC        : /opt/may/bin/gfortran
 BLASLIB   : -Wl,-_start-group /opt/intel/mkl/lib/intel64/libmkl_gf_ilp64.a /opt/intel/mkl/lib/intel64/libmkl_gnu_thread.a /opt/intel/mkl/lib/intel64/libmkl_core.a -Wl,-_end-group
 id        : ramakrishnan

 Nodes             nprocs
 hel09.tifrh.res.in    8

 Using DEFAULT tuning parameter for ncache   :   16384
 Using DEFAULT tuning parameter for mflopdgm :   10000
 Using DEFAULT tuning parameter for mflopdgv :    4000
 Using DEFAULT tuning parameter for mflopmxm :    5000
 Using DEFAULT tuning parameter for mflopmxv :    4000
 Using DEFAULT tuning parameter for mindgm   :       1
 Using DEFAULT tuning parameter for mindgc   :       4
 Using DEFAULT tuning parameter for mindgf   :    5000
 Using DEFAULT tuning parameter for mindgl   :       4
 Using DEFAULT tuning parameter for mindgr   :       1
 Using DEFAULT tuning parameter for mindgv   :      20
 Using DEFAULT tuning parameter for mincuda  :     500
 Using DEFAULT tuning parameter for mxmblk   :      64
 Using DEFAULT tuning parameter for mxmbln   :      64
 Using DEFAULT tuning parameter for nroll    :       2
 Using custom tuning parameter for ngpus     :       0
 Using customized tuning parameters: mindgm=1; mindgv=20; mindgc=4; mindgr=1; noblas=0; minvec=7
 default implementation of scratch files=sf  

 ***,Mol_02
 memory,25,g
 geometry={
 C  1.984858   -0.899222  -0.165417
 C  0.742102   -0.013183  -0.287945
 C  -0.357775  -0.558890  0.614675
 C  1.056898   1.451677   0.021474
 H  1.768017   -1.936283  -0.426410
 H  2.382673   -0.884290  0.852243
 H  2.773082   -0.545688  -0.830684
 H  0.365338   -0.084380  -1.311772
 H  1.451260   1.560560   1.034976
 H  0.169099   2.077616   -0.062996
 H  1.807262   1.837690   -0.669400
 O  -1.609731  0.169672   0.452971
 O  -2.213630  -0.153516  -0.673092
 H  -0.116441  -0.429904  1.671111
 H  -0.569894  -1.606855  0.407174
  }
 basis,O=AVTZ,C=AVTZ,H=VTZ
 {rhf
 wf,49,1,1
 }
 uccsd(t);
 

 Fortran compiler diagnostic
 ***************************

 integer size                  8
 double precision size         8
 logical size                  8

 diagnostic completed successfully

 Variables initialized (889), CPU time= 0.01 sec
 Commands  initialized (702), CPU time= 0.02 sec, 572 directives.
 Default parameters read. Elapsed time= 0.11 sec

 Using DEFAULT tuning parameter for mpplat   :       3
 Using DEFAULT tuning parameter for mppspeed :    1600
 Checking input...
 Passed
1


                                         ***  PROGRAM SYSTEM MOLPRO  ***
                                       Copyright, TTI GmbH Stuttgart, 2015
                                    Version 2015.1 linked Jun  9 2019 06:55:40


 **********************************************************************************************************************************
 LABEL *   Mol_02                                                                        
  64 bit mpp version                                                                     DATE: 11-Apr-22          TIME: 18:45:50  
 **********************************************************************************************************************************

 SHA1:             f6387f0c468d0184d0b38d85973bdb066f718752
 **********************************************************************************************************************************

Geometry recognized as XYZ


 Variable memory set to ********** words,  buffer space   230000 words

 SETTING BASIS          =    O=AVTZ,C=AVTZ,H=VTZ


 Recomputing integrals since basis changed


 Using spherical harmonics

 Library entry C      S aug-cc-pVTZ          selected for orbital group  1
 Library entry C      P aug-cc-pVTZ          selected for orbital group  1
 Library entry C      D aug-cc-pVTZ          selected for orbital group  1
 Library entry C      F aug-cc-pVTZ          selected for orbital group  1
 Library entry H      S cc-pVTZ              selected for orbital group  2
 Library entry H      P cc-pVTZ              selected for orbital group  2
 Library entry H      D cc-pVTZ              selected for orbital group  2
 Library entry O      S aug-cc-pVTZ          selected for orbital group  3
 Library entry O      P aug-cc-pVTZ          selected for orbital group  3
 Library entry O      D aug-cc-pVTZ          selected for orbital group  3
 Library entry O      F aug-cc-pVTZ          selected for orbital group  3


 PROGRAM * SEWARD (Integral evaluation for generally contracted gaussian basis sets)     Author: Roland Lindh, 1990

 Geometry written to block  1 of record 700


 Point group  C1  



 ATOMIC COORDINATES

 NR  ATOM    CHARGE       X              Y              Z

   1  C       6.00    3.750838016   -1.699283305   -0.312592826
   2  C       6.00    1.402369536   -0.024912260   -0.544137189
   3  C       6.00   -0.676096764   -1.056149034    1.161567406
   4  C       6.00    1.997247762    2.743271951    0.040579979
   5  H       1.00    3.341067914   -3.659044570   -0.805798117
   6  H       1.00    4.502599414   -1.671065915    1.610505862
   7  H       1.00    5.240365501   -1.031200869   -1.569765256
   8  H       1.00    0.690388763   -0.159455090   -2.478889818
   9  H       1.00    2.742483936    2.949031001    1.955821185
  10  H       1.00    0.319550798    3.926125232   -0.119045187
  11  H       1.00    3.415230215    3.472730802   -1.264982668
  12  O       8.00   -3.041950724    0.320633611    0.855991132
  13  O       8.00   -4.183154441   -0.290103196   -1.271959537
  14  H       1.00   -0.220041600   -0.812400820    3.157942114
  15  H       1.00   -1.076943580   -3.036515872    0.769447345

 Bond lengths in Bohr (Angstrom)

 1-2  2.893516095  1-5  2.061995929  1-6  2.065006050  1-7  2.060463246  2-3  2.879739504
     ( 1.531182777)     ( 1.091161254)     ( 1.092754142)     ( 1.090350194)     ( 1.523892519)

  2- 4  2.891127478   2- 8  2.065983091   3-12  2.754300686   3-14  2.062258830   3-15  2.058224751
       ( 1.529918775)       ( 1.093271170)       ( 1.457513155)       ( 1.091300376)       ( 1.089165633)

  4- 9  2.065396480   4-10  2.058953418   4-11  2.060892593  12-13  2.490686536
       ( 1.092960749)       ( 1.089551227)       ( 1.090577394)       ( 1.318014554)

 Bond angles

  1-2-3  109.34049920   1-2-4  111.76931874   1-2-8  108.47915892   2-1-5  111.68731462

  2- 1- 6  111.22850324   2- 1- 7  110.50480809   2- 3-12  112.03958892   2- 3-14  111.80520175

  2- 3-15  111.85601742   2- 4- 9  110.92649907   2- 4-10  111.51369876   2- 4-11  110.63122530

  3- 2- 4  111.81362346   3- 2- 8  106.41761221   3-12-13  111.45589363   4- 2- 8  108.82396307

  5- 1- 6  107.94378679   5- 1- 7  107.81139238   6- 1- 7  107.49409871   9- 4-10  107.97884463

  9- 4-11  107.69304479  10- 4-11  107.94967966  12- 3-14  103.78470061  12- 3-15  107.00973089

 14- 3-15  109.95119139

 NUCLEAR CHARGE:                   49
 NUMBER OF PRIMITIVE AOS:         555
 NUMBER OF SYMMETRY AOS:          492
 NUMBER OF CONTRACTIONS:          402   ( 402A   )
 NUMBER OF CORE ORBITALS:           6   (   6A   )
 NUMBER OF VALENCE ORBITALS:       33   (  33A   )


 NUCLEAR REPULSION ENERGY  250.65390075


 Eigenvalues of metric

         1 0.233E-04 0.260E-04 0.319E-04 0.635E-04 0.142E-03 0.158E-03 0.183E-03 0.238E-03


 Contracted 2-electron integrals neglected if value below      1.0D-12
 AO integral compression algorithm  1   Integral accuracy      1.0D-12

     13322.945 MB (compressed) written to integral file ( 47.2%)

     Node minimum: 1538.261 MB, node maximum: 1796.997 MB


 NUMBER OF SORTED TWO-ELECTRON INTEGRALS:  410103000.     BUFFER LENGTH:  32768
 NUMBER OF SEGMENTS:  13  SEGMENT LENGTH:   31996696      RECORD LENGTH: 524288

 Memory used in sort:      32.55 MW

 SORT1 READ  3530144910. AND WROTE   374206145. INTEGRALS IN   1077 RECORDS. CPU TIME:    64.07 SEC, REAL TIME:    70.48 SEC
 SORT2 READ  2988735735. AND WROTE  3280783506. INTEGRALS IN  50088 RECORDS. CPU TIME:     9.24 SEC, REAL TIME:    40.72 SEC

 Node minimum:   410062500.  Node maximum:   410133378. integrals

 OPERATOR DM      FOR CENTER  0  COORDINATES:    0.000000    0.000000    0.000000


 **********************************************************************************************************************************
 DATASETS  * FILE   NREC   LENGTH (MB)   RECORD NAMES
              1      18       26.07       500      610      700      900      950      970     1000      129      960     1100   
                                          VAR    BASINP    GEOM    SYMINP    ZMAT    AOBASIS   BASIS     P2S    ABASIS      S 
                                         1400     1410     1200     1210     1080     1600     1650     1700   
                                           T        V       H0       H01     AOSYM     SMH    MOLCAS    OPER   

 PROGRAMS   *        TOTAL       INT
 CPU TIMES  *       120.70    120.54
 REAL TIME  *       198.91 SEC
 DISK USED  *        49.05 GB      
 GA USED    *         0.01 MB       (max)       0.00 MB       (current)
 **********************************************************************************************************************************


 PROGRAM * RHF-SCF (OPEN SHELL)       Authors: W. Meyer, H.-J. Werner


 NUMBER OF ELECTRONS:      25+   24-    SPACE SYMMETRY=1    SPIN SYMMETRY: Doublet 
 CONVERGENCE THRESHOLDS:    1.00E-05 (Density)    1.00E-07 (Energy)
 MAX. NUMBER OF ITERATIONS:       60
 INTERPOLATION TYPE:            DIIS
 INTERPOLATION STEPS:              2 (START)      1 (STEP)
 LEVEL SHIFTS:                 -0.60 (CLOSED) -0.30 (OPEN) 



 Orbital guess generated from atomic densities. Full valence occupancy:   39

 Molecular orbital dump at record        2100.2

 Initial alpha occupancy:  25
 Initial beta  occupancy:  24
 Wave function symmetry:    1

 ITERATION    DDIFF          GRAD             ENERGY        2-EL.EN.            DIPOLE MOMENTS         DIIS   ORB.
    1      0.000D+00      0.000D+00      -306.29128770    713.492622    1.48503   -0.24054    0.95144    0    start
    2      0.000D+00      0.311D-02      -306.38175048    715.000261    1.30311   -0.33549    0.36493    1    diag,B
    3      0.263D-02      0.140D-02      -306.39972566    714.679889    1.22667   -0.27704    0.42669    2    diag,B
    4      0.989D-03      0.565D-03      -306.40945527    714.810272    1.11710   -0.29577    0.31582    3    diag,B
    5      0.646D-03      0.310D-03      -306.41390466    714.851427    1.05455   -0.30081    0.27000    4    diag,B
    6      0.386D-03      0.203D-03      -306.41746775    714.882775    1.00065   -0.30857    0.22625    5    diag,B
    7      0.332D-03      0.164D-03      -306.42096951    714.923264    0.93730   -0.31377    0.18273    6    fixocc
    8      0.421D-03      0.822D-04      -306.42170219    714.967511    0.91064   -0.31527    0.16335    7    diag,B
    9      0.209D-03      0.365D-04      -306.42178107    714.978769    0.90287   -0.31498    0.15975    8    diag,B
   10      0.985D-04      0.131D-04      -306.42178583    714.973987    0.90164   -0.31427    0.16120    9    orth
   11      0.406D-04      0.601D-05      -306.42178640    714.974457    0.90327   -0.31438    0.16178    9    diag,B
   12      0.210D-04      0.451D-05      -306.42178701    714.973067    0.90265   -0.31417    0.16198    9    diag,B
   13      0.109D-04      0.142D-05      -306.42178707    714.973316    0.90297   -0.31420    0.16201    9    diag,B
   14      0.396D-05      0.524D-06      -306.42178708    714.973282    0.90294   -0.31419    0.16199    0    orth

 Final alpha occupancy:  25
 Final beta  occupancy:  24

 !RHF STATE 1.1 Energy               -306.421787083430
 Nuclear energy                       250.65390075
 One-electron energy                 -914.56232881
 Two-electron energy                  357.48664097
 Virial quotient                       -1.00122493
 !RHF STATE 1.1 Dipole moment           0.90293540    -0.31419248     0.16199228
 Dipole moment /Debye                   2.29488255    -0.79854532     0.41171634

 Orbital energies:

         1.1          2.1          3.1          4.1          5.1          6.1          7.1          8.1          9.1         10.1
    -20.653628   -20.646653   -11.290803   -11.239391   -11.224895   -11.217642    -1.530335    -1.168479    -1.080478    -0.941329

        11.1         12.1         13.1         14.1         15.1         16.1         17.1         18.1         19.1         20.1
     -0.920272    -0.791268    -0.702307    -0.682102    -0.654216    -0.623857    -0.578583    -0.563228    -0.547995    -0.538504

        21.1         22.1         23.1         24.1         25.1         26.1         27.1
     -0.496299    -0.480861    -0.478021    -0.461428    -0.563886     0.047503     0.055210

 HOMO     25.1    -0.563886 =     -15.3441eV
 LUMO     26.1     0.047503 =       1.2926eV
 LUMO-HOMO         0.611389 =      16.6368eV


 **********************************************************************************************************************************
 DATASETS  * FILE   NREC   LENGTH (MB)   RECORD NAMES
              1      18       26.07       500      610      700      900      950      970     1000      129      960     1100   
                                          VAR    BASINP    GEOM    SYMINP    ZMAT    AOBASIS   BASIS     P2S    ABASIS      S 
                                         1400     1410     1200     1210     1080     1600     1650     1700   
                                           T        V       H0       H01     AOSYM     SMH    MOLCAS    OPER   

              2       4        7.59       700     1000      520     2100   
                                         GEOM     BASIS   MCVARS     RHF  

 PROGRAMS   *        TOTAL       RHF       INT
 CPU TIMES  *       222.41    101.71    120.54
 REAL TIME  *       348.63 SEC
 DISK USED  *        49.50 GB      
 SF USED    *         0.65 MB      
 GA USED    *         0.01 MB       (max)       0.00 MB       (current)
 **********************************************************************************************************************************


 PROGRAM * CCSD (Unrestricted open-shell coupled cluster)     Authors: C. Hampel, H.-J. Werner, 1991, M. Deegan, P.J. Knowles, 1992


 Convergence thresholds:  THRVAR = 1.00D-08  THRDEN = 1.00D-06

 CCSD(T)     terms to be evaluated (factor= 1.000)


 Number of core orbitals:           6 (   6 )
 Number of closed-shell orbitals:  18 (  18 )
 Number of active  orbitals:        1 (   1 )
 Number of external orbitals:     377 ( 377 )

 Memory could be reduced to 1621.64 Mwords without degradation in triples

 Number of N-1 electron functions:              37
 Number of N-2 electron functions:             666
 Number of singly external CSFs:             13986
 Number of doubly external CSFs:          71952300
 Total number of CSFs:                    71966286

 Molecular orbitals read from record     2100.2  Type=RHF/CANONICAL (state 1.1)

 Integral transformation finished. Total CPU: 197.35 sec, npass=  1  Memory used: 704.67 MW

 Starting RMP2 calculation

 ITER.      SQ.NORM     CORR.ENERGY   TOTAL ENERGY   ENERGY CHANGE        DEN1      VAR(S)    VAR(P)  DIIS     TIME
   1      1.32491645    -1.15993453  -307.58172161    -1.15993453    -0.00393153  0.31D-04  0.14D-02  1  1   218.10
   2      1.32835381    -1.16417053  -307.58595762    -0.00423601    -0.00000788  0.14D-05  0.28D-05  2  2   234.59
   3      1.32845353    -1.16423408  -307.58602116    -0.00006354    -0.00000010  0.73D-07  0.16D-07  3  3   251.31
   4      1.32845627    -1.16423401  -307.58602109     0.00000007    -0.00000000  0.22D-08  0.19D-09  4  4   268.91

 Norm of t1 vector:      0.04788268      S-energy:    -0.00458286      T1 diagnostic:  0.00072493
 Norm of t2 vector:      0.57110728      P-energy:    -1.15965115
                                         Alpha-Beta:  -0.88663890
                                         Alpha-Alpha: -0.14077048
                                         Beta-Beta:   -0.13224177

 Spin contamination <S**2-Sz**2-Sz>     0.00148417
  Reference energy                   -306.421787083425
  RHF-RMP2 correlation energy          -1.164234008189
 !RHF-RMP2 energy                    -307.586021091614

 Starting UCCSD calculation

 ITER.      SQ.NORM     CORR.ENERGY   TOTAL ENERGY   ENERGY CHANGE        DEN1      VAR(S)    VAR(P)  DIIS     TIME
   1      1.34241558    -1.17497751  -307.59676460    -1.17497751    -0.03425445  0.72D-02  0.65D-02  1  1   694.76
   2      1.37417150    -1.20651175  -307.62829883    -0.03153424    -0.00406707  0.67D-03  0.11D-02  2  2  1085.14
   3      1.39278597    -1.21430941  -307.63609649    -0.00779765    -0.00097814  0.79D-03  0.89D-04  3  3  1447.47
   4      1.40464159    -1.21718904  -307.63897612    -0.00287964    -0.00041014  0.33D-03  0.37D-04  4  4  1818.56
   5      1.42022173    -1.21930431  -307.64109140    -0.00211527    -0.00013248  0.11D-03  0.10D-04  5  5  2182.39
   6      1.43237571    -1.22038945  -307.64217653    -0.00108513    -0.00002288  0.13D-04  0.38D-05  6  6  2597.84
   7      1.43681328    -1.22067831  -307.64246539    -0.00028886    -0.00000401  0.21D-05  0.79D-06  6  1  2959.39
   8      1.43754235    -1.22073064  -307.64251772    -0.00005233    -0.00000085  0.36D-06  0.20D-06  6  2  3309.30
   9      1.43790683    -1.22075072  -307.64253781    -0.00002008    -0.00000019  0.85D-07  0.43D-07  6  4  3661.76
  10      1.43787440    -1.22074805  -307.64253514     0.00000267    -0.00000004  0.22D-07  0.66D-08  6  6  4401.80
  11      1.43795325    -1.22075489  -307.64254197    -0.00000684    -0.00000001  0.31D-08  0.17D-08  6  3  4819.62
  12      1.43795831    -1.22075307  -307.64254015     0.00000182    -0.00000000  0.85D-09  0.32D-09  6  5  5242.94
  13      1.43795914    -1.22075212  -307.64253920     0.00000095    -0.00000000  0.32D-09  0.56D-10  6  1  5584.77

 Norm of t1 vector:      0.23889863      S-energy:    -0.00522153      T1 diagnostic:  0.02686550
                                                                       D1 diagnostic:  0.14762720
 Norm of t2 vector:      0.61716010      P-energy:    -1.21553058
                                         Alpha-Beta:  -0.96268518
                                         Alpha-Alpha: -0.12899023
                                         Beta-Beta:   -0.12385518

 Singles amplitudes (print threshold =  0.500E-01):

         I         SYM. A    A   T(IA) [Beta-Beta]

         8         1         1      0.05392978
         9         1         1     -0.09618630
        11         1         1      0.09652983
        12         1         1     -0.08828036
        17         1         1      0.08706220

 Spin contamination <S**2-Sz**2-Sz>     0.00201157

 Memory could be reduced to 1728.35 Mwords without degradation in triples


 RESULTS
 =======

  Reference energy                   -306.421787083425
  UCCSD singles energy                 -0.005221532631
  UCCSD pair energy                    -1.215530584453
  UCCSD correlation energy             -1.220752117084
  Triples (T) contribution             -0.050873148985
  Total correlation energy             -1.271625266069

  RHF-UCCSD energy                   -307.642539200509
  RHF-UCCSD[T] energy                -307.696949145606
  RHF-UCCSD-T energy                 -307.692852140631
 !RHF-UCCSD(T) energy                -307.693412349494

 Program statistics:

 Available memory in ccsd:             24999996822
 Min. memory needed in ccsd:             198669241
 Max. memory used in ccsd:               290766235
 Max. memory used in cckext:             221032500 (13 integral passes)
 Max. memory used in cckint:             704667795 ( 1 integral passes)



 **********************************************************************************************************************************
 DATASETS  * FILE   NREC   LENGTH (MB)   RECORD NAMES
              1      18       26.07       500      610      700      900      950      970     1000      129      960     1100   
                                          VAR    BASINP    GEOM    SYMINP    ZMAT    AOBASIS   BASIS     P2S    ABASIS      S 
                                         1400     1410     1200     1210     1080     1600     1650     1700   
                                           T        V       H0       H01     AOSYM     SMH    MOLCAS    OPER   

              2       4        7.59       700     1000      520     2100   
                                         GEOM     BASIS   MCVARS     RHF  

 PROGRAMS   *        TOTAL  UCCSD(T)       RHF       INT
 CPU TIMES  *     12597.88  12375.46    101.71    120.54
 REAL TIME  *     13269.02 SEC
 DISK USED  *       122.41 GB      
 SF USED    *        32.32 GB      
 GA USED    *         0.01 MB       (max)       0.00 MB       (current)
 **********************************************************************************************************************************

 UCCSD(T)/O=AVTZ,C=AVTZ,H=VTZ energy=   -307.693412349494

        UCCSD(T)        RHF-SCF 
   -307.69341235   -306.42178708
 **********************************************************************************************************************************
 Molpro calculation terminated
 Variable memory released

 Fortran compiler diagnostic
 ***************************

 integer size                  8
 double precision size         8
 logical size                  8

 diagnostic completed successfully
