
 Primary working directories    : /scratch/saurabh/PBS_8054296.helios
 Secondary working directories  : /scratch/saurabh/PBS_8054296.helios
 Wavefunction directory         : /scratch/saurabh/PBS_8054296.helios/
 Main file repository           : /scratch/saurabh/PBS_8054296.helios/

 SHA1      : f6387f0c468d0184d0b38d85973bdb066f718752
 NAME      : 2015.1.44
 ARCHNAME  : linux/x86_64
 FC        : /opt/may/bin/gfortran
 BLASLIB   : -Wl,-_start-group /opt/intel/mkl/lib/intel64/libmkl_gf_ilp64.a /opt/intel/mkl/lib/intel64/libmkl_gnu_thread.a /opt/intel/mkl/lib/intel64/libmkl_core.a -Wl,-_end-group
 id        : ramakrishnan

 Nodes             nprocs
 hel06.tifrh.res.in    8

 Using DEFAULT tuning parameter for ncache   :   16384
 Using DEFAULT tuning parameter for mflopdgm :   10000
 Using DEFAULT tuning parameter for mflopdgv :    4000
 Using DEFAULT tuning parameter for mflopmxm :    5000
 Using DEFAULT tuning parameter for mflopmxv :    4000
 Using DEFAULT tuning parameter for mindgm   :       1
 Using DEFAULT tuning parameter for mindgc   :       4
 Using DEFAULT tuning parameter for mindgf   :    5000
 Using DEFAULT tuning parameter for mindgl   :       4
 Using DEFAULT tuning parameter for mindgr   :       1
 Using DEFAULT tuning parameter for mindgv   :      20
 Using DEFAULT tuning parameter for mincuda  :     500
 Using DEFAULT tuning parameter for mxmblk   :      64
 Using DEFAULT tuning parameter for mxmbln   :      64
 Using DEFAULT tuning parameter for nroll    :       2
 Using custom tuning parameter for ngpus     :       0
 Using customized tuning parameters: mindgm=1; mindgv=20; mindgc=4; mindgr=1; noblas=0; minvec=7
 default implementation of scratch files=sf  

 ***,Mol_03
 memory,25,g
 geometry={
 C  2.224674   0.297077   -0.240221
 C  1.777279   -1.034396  -0.093365
 C  0.488253   -1.316405  0.235847
 C  -0.521703  -0.240470  0.461840
 C  0.025238   1.140450   0.296675
 C  1.322809   1.366364   -0.042275
 H  -0.660488  1.961840   0.453300
 H  0.143445   -2.336356  0.334018
 H  2.477762   -1.845669  -0.245703
 O  -1.597659  -0.521667  -0.485234
 H  -0.977684  -0.352737  1.455528
 O  -2.768974  0.219996   -0.045508
 H  -2.876867  0.831415   -0.785842
 H  3.251400   0.496563   -0.511848
 H  1.676194   2.382593   -0.164520
  }
 basis,O=AVTZ,C=AVTZ,H=VTZ
 {rhf
 wf,59,1,1
 }
 uccsd(t);
 

 Fortran compiler diagnostic
 ***************************

 integer size                  8
 double precision size         8
 logical size                  8

 diagnostic completed successfully

 Variables initialized (889), CPU time= 0.01 sec
 Commands  initialized (702), CPU time= 0.02 sec, 572 directives.
 Default parameters read. Elapsed time= 0.11 sec

 Using DEFAULT tuning parameter for mpplat   :       3
 Using DEFAULT tuning parameter for mppspeed :    1600
 Checking input...
 Passed
1


                                         ***  PROGRAM SYSTEM MOLPRO  ***
                                       Copyright, TTI GmbH Stuttgart, 2015
                                    Version 2015.1 linked Jun  9 2019 06:55:40


 **********************************************************************************************************************************
 LABEL *   Mol_03                                                                        
  64 bit mpp version                                                                     DATE: 10-Apr-22          TIME: 14:46:05  
 **********************************************************************************************************************************

 SHA1:             f6387f0c468d0184d0b38d85973bdb066f718752
 **********************************************************************************************************************************

Geometry recognized as XYZ


 Variable memory set to ********** words,  buffer space   230000 words

 SETTING BASIS          =    O=AVTZ,C=AVTZ,H=VTZ


 Recomputing integrals since basis changed


 Using spherical harmonics

 Library entry C      S aug-cc-pVTZ          selected for orbital group  1
 Library entry C      P aug-cc-pVTZ          selected for orbital group  1
 Library entry C      D aug-cc-pVTZ          selected for orbital group  1
 Library entry C      F aug-cc-pVTZ          selected for orbital group  1
 Library entry H      S cc-pVTZ              selected for orbital group  2
 Library entry H      P cc-pVTZ              selected for orbital group  2
 Library entry H      D cc-pVTZ              selected for orbital group  2
 Library entry O      S aug-cc-pVTZ          selected for orbital group  3
 Library entry O      P aug-cc-pVTZ          selected for orbital group  3
 Library entry O      D aug-cc-pVTZ          selected for orbital group  3
 Library entry O      F aug-cc-pVTZ          selected for orbital group  3


 PROGRAM * SEWARD (Integral evaluation for generally contracted gaussian basis sets)     Author: Roland Lindh, 1990

 Geometry written to block  1 of record 700


 Point group  C1  



 ATOMIC COORDINATES

 NR  ATOM    CHARGE       X              Y              Z

   1  C       6.00    4.204024576    0.561394168   -0.453951899
   2  C       6.00    3.358570557   -1.954725144   -0.176434280
   3  C       6.00    0.922664449   -2.487644919    0.445686237
   4  C       6.00   -0.985875788   -0.454422441    0.872751113
   5  C       6.00    0.047692908    2.155138159    0.560634498
   6  C       6.00    2.499746725    2.582053746   -0.079888172
   7  H       1.00   -1.248141429    3.707340300    0.856612852
   8  H       1.00    0.271071764   -4.415072969    0.631202541
   9  H       1.00    4.682291582   -3.487808927   -0.464311378
  10  O       8.00   -3.019137950   -0.985807758   -0.916959366
  11  H       1.00   -1.847554996   -0.666576324    2.750549287
  12  O       8.00   -5.232602506    0.415732188   -0.085997656
  13  H       1.00   -5.436490727    1.571146646   -1.485026157
  14  H       1.00    6.144255521    0.938368074   -0.967252537
  15  H       1.00    3.167547592    4.502448236   -0.310897742

 Bond lengths in Bohr (Angstrom)

  1- 2  2.668832127   1- 6  2.669747516   1-14  2.042078106   2- 3  2.569956418   2- 9  2.045838815
       ( 1.412285141)       ( 1.412769544)       ( 1.080621197)       ( 1.359962369)       ( 1.082611278)

  3- 4  2.821152937   3- 8  2.043029177   4- 5  2.824090572   4-10  2.760360298   4-11  2.076927131
       ( 1.492889843)       ( 1.081124482)       ( 1.494444372)       ( 1.460719764)       ( 1.099062506)

  5- 6  2.570037769   5- 7  2.043556043   6-15  2.046274277  10-12  2.748497212  12-13  1.825878890
       ( 1.360005418)       ( 1.081403287)       ( 1.082841715)       ( 1.454442089)       ( 0.966213498)

 Bond angles

  1- 2- 3  121.39504927   1- 2- 9  119.13596488   1- 6- 5  121.21523668   1- 6-15  119.08878336

  2- 1- 6  119.78637540   2- 1-14  120.07718244   2- 3- 4  121.89870964   2- 3- 8  121.32635873

  3- 2- 9  119.46895582   3- 4- 5  113.68053106   3- 4-10  105.15459474   3- 4-11  110.11582611

  4- 3- 8  116.77048844   4- 5- 6  122.02031002   4- 5- 7  116.98649353   4-10-12  107.39873122

  5- 4-10  112.07414876   5- 4-11  110.25207819   5- 6-15  119.69596964   6- 1-14  120.13415359

  6- 5- 7  120.99222107  10- 4-11  105.12556960  10-12-13  100.42551861

 NUCLEAR CHARGE:                   59
 NUMBER OF PRIMITIVE AOS:         655
 NUMBER OF SYMMETRY AOS:          576
 NUMBER OF CONTRACTIONS:          466   ( 466A   )
 NUMBER OF CORE ORBITALS:           8   (   8A   )
 NUMBER OF VALENCE ORBITALS:       39   (  39A   )


 NUCLEAR REPULSION ENERGY  353.55766893


 Eigenvalues of metric

         1 0.303E-05 0.524E-05 0.731E-05 0.865E-05 0.192E-04 0.245E-04 0.254E-04 0.269E-04


 Contracted 2-electron integrals neglected if value below      1.0D-12
 AO integral compression algorithm  1   Integral accuracy      1.0D-12

     23164.879 MB (compressed) written to integral file ( 46.2%)

     Node minimum: 2572.943 MB, node maximum: 3111.649 MB


 NUMBER OF SORTED TWO-ELECTRON INTEGRALS:  740003208.     BUFFER LENGTH:  32768
 NUMBER OF SEGMENTS:  24  SEGMENT LENGTH:   31996696      RECORD LENGTH: 524288

 Memory used in sort:      32.55 MW

 SORT1 READ  6272666341. AND WROTE   659026566. INTEGRALS IN   1897 RECORDS. CPU TIME:   322.06 SEC, REAL TIME:   356.89 SEC
 SORT2 READ  5262443986. AND WROTE  5919971266. INTEGRALS IN  94960 RECORDS. CPU TIME:   192.92 SEC, REAL TIME:   264.90 SEC

 Node minimum:   739948804.  Node maximum:   740044014. integrals

 OPERATOR DM      FOR CENTER  0  COORDINATES:    0.000000    0.000000    0.000000


 **********************************************************************************************************************************
 DATASETS  * FILE   NREC   LENGTH (MB)   RECORD NAMES
              1      18       28.09       500      610      700      900      950      970     1000      129      960     1100   
                                          VAR    BASINP    GEOM    SYMINP    ZMAT    AOBASIS   BASIS     P2S    ABASIS      S 
                                         1400     1410     1200     1210     1080     1600     1650     1700   
                                           T        V       H0       H01     AOSYM     SMH    MOLCAS    OPER   

 PROGRAMS   *        TOTAL       INT
 CPU TIMES  *       555.51    555.34
 REAL TIME  *       681.75 SEC
 DISK USED  *        86.23 GB      
 GA USED    *         0.01 MB       (max)       0.00 MB       (current)
 **********************************************************************************************************************************


 PROGRAM * RHF-SCF (OPEN SHELL)       Authors: W. Meyer, H.-J. Werner


 NUMBER OF ELECTRONS:      30+   29-    SPACE SYMMETRY=1    SPIN SYMMETRY: Doublet 
 CONVERGENCE THRESHOLDS:    1.00E-05 (Density)    1.18E-07 (Energy)
 MAX. NUMBER OF ITERATIONS:       60
 INTERPOLATION TYPE:            DIIS
 INTERPOLATION STEPS:              2 (START)      1 (STEP)
 LEVEL SHIFTS:                 -0.60 (CLOSED) -0.30 (OPEN) 



 Orbital guess generated from atomic densities. Full valence occupancy:   47

 Molecular orbital dump at record        2100.2

 Initial alpha occupancy:  30
 Initial beta  occupancy:  29
 Wave function symmetry:    1

 ITERATION    DDIFF          GRAD             ENERGY        2-EL.EN.            DIPOLE MOMENTS         DIIS   ORB.
    1      0.000D+00      0.000D+00      -380.87364232    972.753799    0.39076    0.66812   -0.06668    0    start
    2      0.000D+00      0.232D-02      -380.94814377    971.719642    0.58628    0.58268   -0.05478    1    diag,B
    3      0.232D-02      0.816D-03      -380.96339728    971.624169    0.56969    0.53116   -0.05415    2    diag,B
    4      0.855D-03      0.362D-03      -380.96853963    971.643037    0.58713    0.52511   -0.04105    3    diag,B
    5      0.550D-03      0.130D-03      -380.96963245    971.605390    0.59779    0.52053   -0.04663    4    diag,B
    6      0.236D-03      0.689D-04      -380.97026340    971.589709    0.60817    0.52212   -0.04720    5    diag,B
    7      0.170D-03      0.446D-04      -380.97073153    971.584181    0.62097    0.52282   -0.05032    6    fixocc
    8      0.122D-03      0.303D-04      -380.97104894    971.586861    0.63324    0.52410   -0.05345    7    diag,B
    9      0.107D-03      0.178D-04      -380.97116664    971.599951    0.64363    0.52574   -0.05645    8    diag,B
   10      0.822D-04      0.805D-05      -380.97118204    971.605901    0.64787    0.52681   -0.05771    9    orth
   11      0.428D-04      0.283D-05      -380.97118286    971.607543    0.64893    0.52724   -0.05798    9    diag,B
   12      0.207D-04      0.101D-05      -380.97118293    971.607783    0.64920    0.52739   -0.05801    9    diag,B
   13      0.877D-05      0.387D-06      -380.97118294    971.607833    0.64923    0.52747   -0.05800    0    orth

 Final alpha occupancy:  30
 Final beta  occupancy:  29

 !RHF STATE 1.1 Energy               -380.971182935262
 Nuclear energy                       353.55766893
 One-electron energy                -1220.33276820
 Two-electron energy                  485.80391633
 Virial quotient                       -1.00149708
 !RHF STATE 1.1 Dipole moment           0.64923493     0.52746782    -0.05799783
 Dipole moment /Debye                   1.65008252     1.34060165    -0.14740612

 Orbital energies:

         1.1          2.1          3.1          4.1          5.1          6.1          7.1          8.1          9.1         10.1
    -20.622076   -20.621575   -11.299768   -11.247222   -11.244155   -11.243994   -11.242555   -11.242228    -1.465557    -1.229076

        11.1         12.1         13.1         14.1         15.1         16.1         17.1         18.1         19.1         20.1
     -1.136366    -1.028059    -0.995285    -0.846673    -0.826167    -0.727106    -0.705163    -0.670605    -0.651929    -0.634534

        21.1         22.1         23.1         24.1         25.1         26.1         27.1         28.1         29.1         30.1
     -0.598334    -0.592088    -0.572465    -0.526710    -0.498175    -0.487171    -0.451916    -0.448514    -0.363454    -0.287127

        31.1         32.1
      0.048678     0.053214

 HOMO     30.1    -0.287127 =      -7.8131eV
 LUMO     31.1     0.048678 =       1.3246eV
 LUMO-HOMO         0.335805 =       9.1377eV


 **********************************************************************************************************************************
 DATASETS  * FILE   NREC   LENGTH (MB)   RECORD NAMES
              1      18       28.09       500      610      700      900      950      970     1000      129      960     1100   
                                          VAR    BASINP    GEOM    SYMINP    ZMAT    AOBASIS   BASIS     P2S    ABASIS      S 
                                         1400     1410     1200     1210     1080     1600     1650     1700   
                                           T        V       H0       H01     AOSYM     SMH    MOLCAS    OPER   

              2       4        9.16       700     1000      520     2100   
                                         GEOM     BASIS   MCVARS     RHF  

 PROGRAMS   *        TOTAL       RHF       INT
 CPU TIMES  *       676.54    121.03    555.34
 REAL TIME  *       814.73 SEC
 DISK USED  *        86.78 GB      
 SF USED    *         0.87 MB      
 GA USED    *         0.01 MB       (max)       0.00 MB       (current)
 **********************************************************************************************************************************


 PROGRAM * CCSD (Unrestricted open-shell coupled cluster)     Authors: C. Hampel, H.-J. Werner, 1991, M. Deegan, P.J. Knowles, 1992


 Convergence thresholds:  THRVAR = 1.00D-08  THRDEN = 1.18D-06

 CCSD(T)     terms to be evaluated (factor= 1.000)


 Number of core orbitals:           8 (   8 )
 Number of closed-shell orbitals:  21 (  21 )
 Number of active  orbitals:        1 (   1 )
 Number of external orbitals:     436 ( 436 )

 Memory could be reduced to 2826.20 Mwords without degradation in triples

 Number of N-1 electron functions:              43
 Number of N-2 electron functions:             903
 Number of singly external CSFs:             18791
 Number of doubly external CSFs:         130239984
 Total number of CSFs:                   130258775

 Molecular orbitals read from record     2100.2  Type=RHF/CANONICAL (state 1.1)

 Integral transformation finished. Total CPU: 390.19 sec, npass=  1  Memory used:1259.52 MW

 Starting RMP2 calculation

 ITER.      SQ.NORM     CORR.ENERGY   TOTAL ENERGY   ENERGY CHANGE        DEN1      VAR(S)    VAR(P)  DIIS     TIME
   1      1.44563630    -1.45131452  -382.42249745    -1.45131452    -0.00548966  0.13D-03  0.23D-02  1  1   427.02
   2      1.45155895    -1.45723775  -382.42842069    -0.00592323    -0.00001892  0.45D-05  0.11D-04  2  2   454.80
   3      1.45189041    -1.45738809  -382.42857102    -0.00015033    -0.00000022  0.13D-06  0.10D-06  3  3   486.47
   4      1.45190783    -1.45739088  -382.42857381    -0.00000279    -0.00000000  0.22D-08  0.52D-09  4  4   618.93
   5      1.45190845    -1.45739104  -382.42857397    -0.00000016    -0.00000000  0.31D-10  0.51D-11  5  5   648.39

 Norm of t1 vector:      0.08049592      S-energy:    -0.00527517      T1 diagnostic:  0.00083633
 Norm of t2 vector:      0.66740457      P-energy:    -1.45211587
                                         Alpha-Beta:  -1.08997804
                                         Alpha-Alpha: -0.18879191
                                         Beta-Beta:   -0.17334591

 Spin contamination <S**2-Sz**2-Sz>     0.00241053
  Reference energy                   -380.971182935266
  RHF-RMP2 correlation energy          -1.457391036654
 !RHF-RMP2 energy                    -382.428573971920

 Starting UCCSD calculation

 ITER.      SQ.NORM     CORR.ENERGY   TOTAL ENERGY   ENERGY CHANGE        DEN1      VAR(S)    VAR(P)  DIIS     TIME
   1      1.44211003    -1.44053986  -382.41172280    -1.44053986    -0.03975925  0.72D-02  0.81D-02  1  1  1390.88
   2      1.48284218    -1.47835934  -382.44954227    -0.03781948    -0.00385465  0.56D-03  0.13D-02  2  2  2137.42
   3      1.50141176    -1.48571727  -382.45690021    -0.00735793    -0.00057682  0.35D-03  0.14D-03  3  3  2885.44
   4      1.51188974    -1.48841125  -382.45959418    -0.00269398    -0.00015072  0.11D-03  0.37D-04  4  4  3539.41
   5      1.51800534    -1.48920775  -382.46039068    -0.00079650    -0.00005434  0.54D-04  0.88D-05  5  5  4182.75
   6      1.52245147    -1.48958283  -382.46076576    -0.00037508    -0.00001728  0.15D-04  0.34D-05  6  6  4827.26
   7      1.52549122    -1.48977876  -382.46096169    -0.00019593    -0.00000439  0.27D-05  0.13D-05  6  1  5473.38
   8      1.52650539    -1.48982642  -382.46100935    -0.00004766    -0.00000100  0.49D-06  0.35D-06  6  2  6179.46
   9      1.52690673    -1.48983265  -382.46101558    -0.00000623    -0.00000017  0.75D-07  0.61D-07  6  3  7133.87
  10      1.52701868    -1.48984261  -382.46102555    -0.00000996    -0.00000003  0.10D-07  0.11D-07  6  4  7894.62
  11      1.52699842    -1.48983662  -382.46101956     0.00000599    -0.00000001  0.31D-08  0.17D-08  6  5  8662.76
  12      1.52701379    -1.48983681  -382.46101974    -0.00000018    -0.00000000  0.71D-09  0.35D-09  6  6  9463.43

 Norm of t1 vector:      0.20645786      S-energy:    -0.00770518      T1 diagnostic:  0.01704059
                                                                       D1 diagnostic:  0.06387117
 Norm of t2 vector:      0.69598056      P-energy:    -1.48213162
                                         Alpha-Beta:  -1.16028184
                                         Alpha-Alpha: -0.16847009
                                         Beta-Beta:   -0.15337969

 Singles amplitudes (print threshold =  0.500E-01):

         I         SYM. A    A   T(IA) [Beta-Beta]

        19         1         1      0.07182016
        20         1         1     -0.05334968

 Spin contamination <S**2-Sz**2-Sz>     0.01407320

 Memory could be reduced to 3014.67 Mwords without degradation in triples


 RESULTS
 =======

  Reference energy                   -380.971182935266
  UCCSD singles energy                 -0.007705182184
  UCCSD pair energy                    -1.482131623474
  UCCSD correlation energy             -1.489836805658
  Triples (T) contribution             -0.073778397494
  Total correlation energy             -1.563615203152

  RHF-UCCSD energy                   -382.461019740923
  RHF-UCCSD[T] energy                -382.536883059327
  RHF-UCCSD-T energy                 -382.534048144368
 !RHF-UCCSD(T) energy                -382.534798138418

 Program statistics:

 Available memory in ccsd:             24999995808
 Min. memory needed in ccsd:             357356870
 Max. memory used in ccsd:               525033421
 Max. memory used in cckext:             400952657 (12 integral passes)
 Max. memory used in cckint:            1259516241 ( 1 integral passes)



 **********************************************************************************************************************************
 DATASETS  * FILE   NREC   LENGTH (MB)   RECORD NAMES
              1      18       28.09       500      610      700      900      950      970     1000      129      960     1100   
                                          VAR    BASINP    GEOM    SYMINP    ZMAT    AOBASIS   BASIS     P2S    ABASIS      S 
                                         1400     1410     1200     1210     1080     1600     1650     1700   
                                           T        V       H0       H01     AOSYM     SMH    MOLCAS    OPER   

              2       4        9.16       700     1000      520     2100   
                                         GEOM     BASIS   MCVARS     RHF  

 PROGRAMS   *        TOTAL  UCCSD(T)       RHF       INT
 CPU TIMES  *     29869.84  29193.25    121.03    555.34
 REAL TIME  *     31824.21 SEC
 DISK USED  *       218.98 GB      
 SF USED    *        57.99 GB      
 GA USED    *         0.01 MB       (max)       0.00 MB       (current)
 **********************************************************************************************************************************

 UCCSD(T)/O=AVTZ,C=AVTZ,H=VTZ energy=   -382.534798138418

        UCCSD(T)        RHF-SCF 
   -382.53479814   -380.97118294
 **********************************************************************************************************************************
 Molpro calculation terminated
 Variable memory released

 Fortran compiler diagnostic
 ***************************

 integer size                  8
 double precision size         8
 logical size                  8

 diagnostic completed successfully
