
 Primary working directories    : /scratch/saurabh/PBS_8054295.helios
 Secondary working directories  : /scratch/saurabh/PBS_8054295.helios
 Wavefunction directory         : /scratch/saurabh/PBS_8054295.helios/
 Main file repository           : /scratch/saurabh/PBS_8054295.helios/

 SHA1      : f6387f0c468d0184d0b38d85973bdb066f718752
 NAME      : 2015.1.44
 ARCHNAME  : linux/x86_64
 FC        : /opt/may/bin/gfortran
 BLASLIB   : -Wl,-_start-group /opt/intel/mkl/lib/intel64/libmkl_gf_ilp64.a /opt/intel/mkl/lib/intel64/libmkl_gnu_thread.a /opt/intel/mkl/lib/intel64/libmkl_core.a -Wl,-_end-group
 id        : ramakrishnan

 Nodes             nprocs
 hel02.tifrh.res.in    8

 Using DEFAULT tuning parameter for ncache   :   16384
 Using DEFAULT tuning parameter for mflopdgm :   10000
 Using DEFAULT tuning parameter for mflopdgv :    4000
 Using DEFAULT tuning parameter for mflopmxm :    5000
 Using DEFAULT tuning parameter for mflopmxv :    4000
 Using DEFAULT tuning parameter for mindgm   :       1
 Using DEFAULT tuning parameter for mindgc   :       4
 Using DEFAULT tuning parameter for mindgf   :    5000
 Using DEFAULT tuning parameter for mindgl   :       4
 Using DEFAULT tuning parameter for mindgr   :       1
 Using DEFAULT tuning parameter for mindgv   :      20
 Using DEFAULT tuning parameter for mincuda  :     500
 Using DEFAULT tuning parameter for mxmblk   :      64
 Using DEFAULT tuning parameter for mxmbln   :      64
 Using DEFAULT tuning parameter for nroll    :       2
 Using custom tuning parameter for ngpus     :       0
 Using customized tuning parameters: mindgm=1; mindgv=20; mindgc=4; mindgr=1; noblas=0; minvec=7
 default implementation of scratch files=sf  

 ***,Mol_02
 memory,25,g
 geometry={
 C  1.956865   0.346859   -0.518726
 C  1.645193   -1.028658  -0.148662
 C  0.474853   -1.363847  0.407190
 C  -0.583171  -0.330359  0.610632
 C  -0.050841  1.093203   0.707940
 C  1.164037   1.350083   -0.131338
 H  0.200104   1.292701   1.757759
 H  -0.865296  1.778180   0.465905
 H  0.242576   -2.390223  0.654831
 H  2.389706   -1.791640  -0.338855
 O  -1.490077  -0.452921  -0.583589
 H  -1.231379  -0.554826  1.454818
 O  -2.589509  0.246342   -0.427325
 H  1.406020   2.376141   -0.376396
 H  2.853345   0.538614   -1.092958
  }
 basis,O=AVTZ,C=AVTZ,H=VTZ
 {rhf
 wf,59,1,1
 }
 uccsd(t);
 

 Fortran compiler diagnostic
 ***************************

 integer size                  8
 double precision size         8
 logical size                  8

 diagnostic completed successfully

 Variables initialized (889), CPU time= 0.01 sec
 Commands  initialized (702), CPU time= 0.02 sec, 572 directives.
 Default parameters read. Elapsed time= 0.11 sec

 Using DEFAULT tuning parameter for mpplat   :       3
 Using DEFAULT tuning parameter for mppspeed :    1600
 Checking input...
 Passed
1


                                         ***  PROGRAM SYSTEM MOLPRO  ***
                                       Copyright, TTI GmbH Stuttgart, 2015
                                    Version 2015.1 linked Jun  9 2019 06:55:40


 **********************************************************************************************************************************
 LABEL *   Mol_02                                                                        
  64 bit mpp version                                                                     DATE: 10-Apr-22          TIME: 15:28:01  
 **********************************************************************************************************************************

 SHA1:             f6387f0c468d0184d0b38d85973bdb066f718752
 **********************************************************************************************************************************

Geometry recognized as XYZ


 Variable memory set to ********** words,  buffer space   230000 words

 SETTING BASIS          =    O=AVTZ,C=AVTZ,H=VTZ


 Recomputing integrals since basis changed


 Using spherical harmonics

 Library entry C      S aug-cc-pVTZ          selected for orbital group  1
 Library entry C      P aug-cc-pVTZ          selected for orbital group  1
 Library entry C      D aug-cc-pVTZ          selected for orbital group  1
 Library entry C      F aug-cc-pVTZ          selected for orbital group  1
 Library entry H      S cc-pVTZ              selected for orbital group  2
 Library entry H      P cc-pVTZ              selected for orbital group  2
 Library entry H      D cc-pVTZ              selected for orbital group  2
 Library entry O      S aug-cc-pVTZ          selected for orbital group  3
 Library entry O      P aug-cc-pVTZ          selected for orbital group  3
 Library entry O      D aug-cc-pVTZ          selected for orbital group  3
 Library entry O      F aug-cc-pVTZ          selected for orbital group  3


 PROGRAM * SEWARD (Integral evaluation for generally contracted gaussian basis sets)     Author: Roland Lindh, 1990

 Geometry written to block  1 of record 700


 Point group  C1  



 ATOMIC COORDINATES

 NR  ATOM    CHARGE       X              Y              Z

   1  C       6.00    3.697938913    0.655468514   -0.980250074
   2  C       6.00    3.108964192   -1.943881896   -0.280930465
   3  C       6.00    0.897342119   -2.577297306    0.769477581
   4  C       6.00   -1.102033474   -0.624288033    1.153927243
   5  C       6.00   -0.096075566    2.065854269    1.337812713
   6  C       6.00    2.199711129    2.551287115   -0.248192850
   7  H       1.00    0.378141756    2.442850851    3.321683103
   8  H       1.00   -1.635172457    3.360273200    0.880432850
   9  H       1.00    0.458402204   -4.516866847    1.237451248
  10  H       1.00    4.515889858   -3.385708914   -0.640343146
  11  O       8.00   -2.815837435   -0.855896646   -1.102823379
  12  H       1.00   -2.326969066   -1.048469187    2.749207581
  13  O       8.00   -4.893462807    0.465518913   -0.807527216
  14  H       1.00    2.656992726    4.490255723   -0.711285354
  15  H       1.00    5.392040589    1.017832947   -2.065391286

 Bond lengths in Bohr (Angstrom)

  1- 2  2.755460341   1- 6  2.524821269   1-15  2.044216212   2- 3  2.529000660   2-10  2.046333906
       ( 1.458126818)       ( 1.336077877)       ( 1.081752634)       ( 1.338289515)       ( 1.082873269)

  3- 4  2.821267362   3- 9  2.042938473   4- 5  2.877956007   4-11  2.843183064   4-12  2.055557397
       ( 1.492950394)       ( 1.081076483)       ( 1.522948733)       ( 1.504547684)       ( 1.087754130)

  5- 6  2.832259741   5- 7  2.074307166   5- 8  2.062410228   6-14  2.045277582  11-13  2.479892355
       ( 1.498767310)       ( 1.097676081)       ( 1.091380492)       ( 1.082314287)       ( 1.312302520)

 Bond angles

  1- 2- 3  121.91137307   1- 2-10  118.23811018   1- 6- 5  120.97527252   1- 6-14  120.89875723

  2- 1- 6  120.52456230   2- 1-15  118.62550232   2- 3- 4  120.19614653   2- 3- 9  121.38754322

  3- 2-10  119.84993305   3- 4- 5  114.08336140   3- 4-11  105.22574588   3- 4-12  112.65722860

  4-3-9  118.27729277   4-5-6  114.06423423   4-5-7  108.11370112   4-5-8  108.15861685

  4-11-13  111.53545632   5- 4-11  109.72795009   5- 4-12  110.58516644   5- 6-14  118.06714994

  6- 1-15  120.83569640   6- 5- 7  108.60867084   6- 5- 8  111.91005477   7- 5- 8  105.58329812

 11- 4-12  103.88621905

 NUCLEAR CHARGE:                   59
 NUMBER OF PRIMITIVE AOS:         655
 NUMBER OF SYMMETRY AOS:          576
 NUMBER OF CONTRACTIONS:          466   ( 466A   )
 NUMBER OF CORE ORBITALS:           8   (   8A   )
 NUMBER OF VALENCE ORBITALS:       39   (  39A   )


 NUCLEAR REPULSION ENERGY  358.07714257


 Eigenvalues of metric

         1 0.732E-05 0.810E-05 0.895E-05 0.139E-04 0.210E-04 0.232E-04 0.279E-04 0.367E-04


 Contracted 2-electron integrals neglected if value below      1.0D-12
 AO integral compression algorithm  1   Integral accuracy      1.0D-12

     24153.948 MB (compressed) written to integral file ( 47.9%)

     Node minimum: 2809.922 MB, node maximum: 3298.558 MB


 NUMBER OF SORTED TWO-ELECTRON INTEGRALS:  740003208.     BUFFER LENGTH:  32768
 NUMBER OF SEGMENTS:  24  SEGMENT LENGTH:   31996696      RECORD LENGTH: 524288

 Memory used in sort:      32.55 MW

 SORT1 READ  6302894930. AND WROTE   680024258. INTEGRALS IN   1957 RECORDS. CPU TIME:   262.30 SEC, REAL TIME:   293.71 SEC
 SORT2 READ  5423832410. AND WROTE  5919971266. INTEGRALS IN  85752 RECORDS. CPU TIME:    19.82 SEC, REAL TIME:   145.27 SEC

 Node minimum:   739948804.  Node maximum:   740044014. integrals

 OPERATOR DM      FOR CENTER  0  COORDINATES:    0.000000    0.000000    0.000000


 **********************************************************************************************************************************
 DATASETS  * FILE   NREC   LENGTH (MB)   RECORD NAMES
              1      18       28.09       500      610      700      900      950      970     1000      129      960     1100   
                                          VAR    BASINP    GEOM    SYMINP    ZMAT    AOBASIS   BASIS     P2S    ABASIS      S 
                                         1400     1410     1200     1210     1080     1600     1650     1700   
                                           T        V       H0       H01     AOSYM     SMH    MOLCAS    OPER   

 PROGRAMS   *        TOTAL       INT
 CPU TIMES  *       325.02    324.85
 REAL TIME  *       495.29 SEC
 DISK USED  *        89.16 GB      
 GA USED    *         0.01 MB       (max)       0.00 MB       (current)
 **********************************************************************************************************************************


 PROGRAM * RHF-SCF (OPEN SHELL)       Authors: W. Meyer, H.-J. Werner


 NUMBER OF ELECTRONS:      30+   29-    SPACE SYMMETRY=1    SPIN SYMMETRY: Doublet 
 CONVERGENCE THRESHOLDS:    1.00E-05 (Density)    1.18E-07 (Energy)
 MAX. NUMBER OF ITERATIONS:       60
 INTERPOLATION TYPE:            DIIS
 INTERPOLATION STEPS:              2 (START)      1 (STEP)
 LEVEL SHIFTS:                 -0.60 (CLOSED) -0.30 (OPEN) 



 Orbital guess generated from atomic densities. Full valence occupancy:   47

 Molecular orbital dump at record        2100.2

 Initial alpha occupancy:  30
 Initial beta  occupancy:  29
 Wave function symmetry:    1

 ITERATION    DDIFF          GRAD             ENERGY        2-EL.EN.            DIPOLE MOMENTS         DIIS   ORB.
    1      0.000D+00      0.000D+00      -380.83528534    978.565120    1.37413   -0.12177    0.87282    0    start
    2      0.000D+00      0.273D-02      -380.93442159    980.035280    1.19906    0.13748    0.81331    1    diag,B
    3      0.247D-02      0.120D-02      -380.95433710    979.608378    1.18984    0.05408    0.71004    2    diag,B
    4      0.970D-03      0.518D-03      -380.96522382    979.818535    1.07850    0.09634    0.69434    3    diag,B
    5      0.692D-03      0.282D-03      -380.96994779    979.846224    1.02083    0.10669    0.67776    4    diag,B
    6      0.440D-03      0.177D-03      -380.97365311    979.875435    0.95460    0.12458    0.66876    5    diag,B
    7      0.395D-03      0.137D-03      -380.97669319    979.909281    0.88788    0.13757    0.65687    6    fixocc
    8      0.369D-03      0.801D-04      -380.97780197    979.957417    0.84364    0.14354    0.64784    7    diag,B
    9      0.264D-03      0.339D-04      -380.97790819    979.979573    0.83239    0.14425    0.64662    8    diag,B
   10      0.106D-03      0.164D-04      -380.97792095    979.971120    0.82876    0.14233    0.64459    9    orth
   11      0.497D-04      0.748D-05      -380.97792248    979.973857    0.83051    0.14246    0.64561    9    diag,B
   12      0.297D-04      0.437D-05      -380.97792341    979.971584    0.82974    0.14199    0.64515    9    diag,B
   13      0.149D-04      0.114D-05      -380.97792348    979.971843    0.82985    0.14201    0.64526    9    diag,B
   14      0.596D-05      0.567D-06      -380.97792351    979.971695    0.82977    0.14200    0.64525    0    orth

 Final alpha occupancy:  30
 Final beta  occupancy:  29

 !RHF STATE 1.1 Energy               -380.977923510519
 Nuclear energy                       358.07714257
 One-electron energy                -1229.04091368
 Two-electron energy                  489.98584760
 Virial quotient                       -1.00124208
 !RHF STATE 1.1 Dipole moment           0.82976525     0.14199545     0.64524755
 Dipole moment /Debye                   2.10891477     0.36089279     1.63994827

 Orbital energies:

         1.1          2.1          3.1          4.1          5.1          6.1          7.1          8.1          9.1         10.1
    -20.648427   -20.641238   -11.305693   -11.250669   -11.246411   -11.243522   -11.239585   -11.237310    -1.524957    -1.178521

        11.1         12.1         13.1         14.1         15.1         16.1         17.1         18.1         19.1         20.1
     -1.114421    -1.030929    -1.003771    -0.857973    -0.828994    -0.719682    -0.705578    -0.671290    -0.659111    -0.628038

        21.1         22.1         23.1         24.1         25.1         26.1         27.1         28.1         29.1         30.1
     -0.599077    -0.595850    -0.570393    -0.549291    -0.496973    -0.477347    -0.463600    -0.442738    -0.325275    -0.555811

        31.1         32.1
      0.048492     0.053081

 HOMO     30.1    -0.555811 =     -15.1244eV
 LUMO     31.1     0.048492 =       1.3195eV
 LUMO-HOMO         0.604303 =      16.4439eV


 **********************************************************************************************************************************
 DATASETS  * FILE   NREC   LENGTH (MB)   RECORD NAMES
              1      18       28.09       500      610      700      900      950      970     1000      129      960     1100   
                                          VAR    BASINP    GEOM    SYMINP    ZMAT    AOBASIS   BASIS     P2S    ABASIS      S 
                                         1400     1410     1200     1210     1080     1600     1650     1700   
                                           T        V       H0       H01     AOSYM     SMH    MOLCAS    OPER   

              2       4        9.16       700     1000      520     2100   
                                         GEOM     BASIS   MCVARS     RHF  

 PROGRAMS   *        TOTAL       RHF       INT
 CPU TIMES  *       479.54    154.52    324.85
 REAL TIME  *       660.38 SEC
 DISK USED  *        89.71 GB      
 SF USED    *         0.87 MB      
 GA USED    *         0.01 MB       (max)       0.00 MB       (current)
 **********************************************************************************************************************************


 PROGRAM * CCSD (Unrestricted open-shell coupled cluster)     Authors: C. Hampel, H.-J. Werner, 1991, M. Deegan, P.J. Knowles, 1992


 Convergence thresholds:  THRVAR = 1.00D-08  THRDEN = 1.18D-06

 CCSD(T)     terms to be evaluated (factor= 1.000)


 Number of core orbitals:           8 (   8 )
 Number of closed-shell orbitals:  21 (  21 )
 Number of active  orbitals:        1 (   1 )
 Number of external orbitals:     436 ( 436 )

 Memory could be reduced to 2826.20 Mwords without degradation in triples

 Number of N-1 electron functions:              43
 Number of N-2 electron functions:             903
 Number of singly external CSFs:             18791
 Number of doubly external CSFs:         130239984
 Total number of CSFs:                   130258775

 Molecular orbitals read from record     2100.2  Type=RHF/CANONICAL (state 1.1)

 Integral transformation finished. Total CPU: 400.01 sec, npass=  1  Memory used:1259.52 MW

 Starting RMP2 calculation

 ITER.      SQ.NORM     CORR.ENERGY   TOTAL ENERGY   ENERGY CHANGE        DEN1      VAR(S)    VAR(P)  DIIS     TIME
   1      1.42700816    -1.42239702  -382.40032053    -1.42239702    -0.00547920  0.32D-04  0.22D-02  1  1   440.09
   2      1.43249820    -1.42832317  -382.40624668    -0.00592615    -0.00001296  0.13D-05  0.66D-05  2  2   471.65
   3      1.43270789    -1.42843713  -382.40636064    -0.00011395    -0.00000012  0.69D-07  0.30D-07  3  3   506.26
   4      1.43271359    -1.42843783  -382.40636134    -0.00000070    -0.00000000  0.22D-08  0.28D-09  4  4   581.14

 Norm of t1 vector:      0.04827954      S-energy:    -0.00462755      T1 diagnostic:  0.00067560
 Norm of t2 vector:      0.65603557      P-energy:    -1.42381028
                                         Alpha-Beta:  -1.07154265
                                         Alpha-Alpha: -0.18026119
                                         Beta-Beta:   -0.17200645

 Spin contamination <S**2-Sz**2-Sz>     0.00114425
  Reference energy                   -380.977923510522
  RHF-RMP2 correlation energy          -1.428437830008
 !RHF-RMP2 energy                    -382.406361340531

 Starting UCCSD calculation

 ITER.      SQ.NORM     CORR.ENERGY   TOTAL ENERGY   ENERGY CHANGE        DEN1      VAR(S)    VAR(P)  DIIS     TIME
   1      1.43322451    -1.42078676  -382.39871027    -1.42078676    -0.04123281  0.92D-02  0.80D-02  1  1  1418.14
   2      1.47335366    -1.45821773  -382.43614124    -0.03743097    -0.00498348  0.74D-03  0.16D-02  2  2  2223.06
   3      1.49731028    -1.46749928  -382.44542279    -0.00928155    -0.00114162  0.83D-03  0.16D-03  3  3  3026.73
   4      1.51235510    -1.47111953  -382.44904304    -0.00362025    -0.00043316  0.32D-03  0.52D-04  4  4  3843.54
   5      1.52908279    -1.47352470  -382.45144821    -0.00240517    -0.00013864  0.12D-03  0.11D-04  5  5  4660.58
   6      1.54071290    -1.47458169  -382.45250520    -0.00105699    -0.00003023  0.18D-04  0.58D-05  6  6  5403.74
   7      1.54562492    -1.47491950  -382.45284301    -0.00033781    -0.00000596  0.27D-05  0.17D-05  6  1  6049.36
   8      1.54657790    -1.47498331  -382.45290682    -0.00006381    -0.00000121  0.47D-06  0.37D-06  6  2  6807.31
   9      1.54701339    -1.47499766  -382.45292117    -0.00001435    -0.00000025  0.10D-06  0.74D-07  6  4  7664.12
  10      1.54700539    -1.47499642  -382.45291993     0.00000124    -0.00000005  0.32D-07  0.11D-07  6  3  8561.14
  11      1.54703120    -1.47499792  -382.45292143    -0.00000150    -0.00000002  0.11D-07  0.31D-08  6  5  9349.70
  12      1.54705068    -1.47499698  -382.45292049     0.00000094    -0.00000001  0.67D-08  0.73D-09  6  6 10304.00

 Norm of t1 vector:      0.24872671      S-energy:    -0.00524973      T1 diagnostic:  0.02600706
                                                                       D1 diagnostic:  0.14680867
 Norm of t2 vector:      0.69655273      P-energy:    -1.46974725
                                         Alpha-Beta:  -1.15002492
                                         Alpha-Alpha: -0.16230688
                                         Beta-Beta:   -0.15741545

 Singles amplitudes (print threshold =  0.500E-01):

         I         SYM. A    A   T(IA) [Beta-Beta]

        11         1         1      0.06809925
        12         1         1      0.09108400
        16         1         1      0.12986585
        18         1         1     -0.07762011

 Doubles amplitudes (print threshold =  0.500E-01):

         I         J         SYM. A    SYM. B    A         B      T(IJ, AB) [Alpha-Beta]

        21        21         1         1         7         7     -0.05479710

 Spin contamination <S**2-Sz**2-Sz>     0.00167886

 Memory could be reduced to 3014.67 Mwords without degradation in triples


 RESULTS
 =======

  Reference energy                   -380.977923510522
  UCCSD singles energy                 -0.005249726304
  UCCSD pair energy                    -1.469747250104
  UCCSD correlation energy             -1.474996976408
  Triples (T) contribution             -0.072271040031
  Total correlation energy             -1.547268016439

  RHF-UCCSD energy                   -382.452920486930
  RHF-UCCSD[T] energy                -382.529251585505
  RHF-UCCSD-T energy                 -382.524433133426
 !RHF-UCCSD(T) energy                -382.525191526961

 Program statistics:

 Available memory in ccsd:             24999995808
 Min. memory needed in ccsd:             357356870
 Max. memory used in ccsd:               525033421
 Max. memory used in cckext:             400952657 (12 integral passes)
 Max. memory used in cckint:            1259516241 ( 1 integral passes)



 **********************************************************************************************************************************
 DATASETS  * FILE   NREC   LENGTH (MB)   RECORD NAMES
              1      18       28.09       500      610      700      900      950      970     1000      129      960     1100   
                                          VAR    BASINP    GEOM    SYMINP    ZMAT    AOBASIS   BASIS     P2S    ABASIS      S 
                                         1400     1410     1200     1210     1080     1600     1650     1700   
                                           T        V       H0       H01     AOSYM     SMH    MOLCAS    OPER   

              2       4        9.16       700     1000      520     2100   
                                         GEOM     BASIS   MCVARS     RHF  

 PROGRAMS   *        TOTAL  UCCSD(T)       RHF       INT
 CPU TIMES  *     31388.14  30908.56    154.52    324.85
 REAL TIME  *     35325.16 SEC
 DISK USED  *       221.91 GB      
 SF USED    *        57.99 GB      
 GA USED    *         0.01 MB       (max)       0.00 MB       (current)
 **********************************************************************************************************************************

 UCCSD(T)/O=AVTZ,C=AVTZ,H=VTZ energy=   -382.525191526961

        UCCSD(T)        RHF-SCF 
   -382.52519153   -380.97792351
 **********************************************************************************************************************************
 Molpro calculation terminated
 Variable memory released

 Fortran compiler diagnostic
 ***************************

 integer size                  8
 double precision size         8
 logical size                  8

 diagnostic completed successfully
