
 Primary working directories    : /scratch/saurabh/PBS_8054294.helios
 Secondary working directories  : /scratch/saurabh/PBS_8054294.helios
 Wavefunction directory         : /scratch/saurabh/PBS_8054294.helios/
 Main file repository           : /scratch/saurabh/PBS_8054294.helios/

 SHA1      : f6387f0c468d0184d0b38d85973bdb066f718752
 NAME      : 2015.1.44
 ARCHNAME  : linux/x86_64
 FC        : /opt/may/bin/gfortran
 BLASLIB   : -Wl,-_start-group /opt/intel/mkl/lib/intel64/libmkl_gf_ilp64.a /opt/intel/mkl/lib/intel64/libmkl_gnu_thread.a /opt/intel/mkl/lib/intel64/libmkl_core.a -Wl,-_end-group
 id        : ramakrishnan

 Nodes             nprocs
 hel02.tifrh.res.in    8

 Using DEFAULT tuning parameter for ncache   :   16384
 Using DEFAULT tuning parameter for mflopdgm :   10000
 Using DEFAULT tuning parameter for mflopdgv :    4000
 Using DEFAULT tuning parameter for mflopmxm :    5000
 Using DEFAULT tuning parameter for mflopmxv :    4000
 Using DEFAULT tuning parameter for mindgm   :       1
 Using DEFAULT tuning parameter for mindgc   :       4
 Using DEFAULT tuning parameter for mindgf   :    5000
 Using DEFAULT tuning parameter for mindgl   :       4
 Using DEFAULT tuning parameter for mindgr   :       1
 Using DEFAULT tuning parameter for mindgv   :      20
 Using DEFAULT tuning parameter for mincuda  :     500
 Using DEFAULT tuning parameter for mxmblk   :      64
 Using DEFAULT tuning parameter for mxmbln   :      64
 Using DEFAULT tuning parameter for nroll    :       2
 Using custom tuning parameter for ngpus     :       0
 Using customized tuning parameters: mindgm=1; mindgv=20; mindgc=4; mindgr=1; noblas=0; minvec=7
 default implementation of scratch files=sf  

 ***,Mol_01
 memory,25,g
 geometry={
 C  -0.737889  1.221604   -0.000038
 C  -1.450248  0.000031   -0.000067
 C  -0.737926  -1.221599  -0.000028
 C  0.621460   -1.251915  0.000036
 C  1.443130   -0.000017  0.000064
 C  0.621497   1.251898   0.000024
 H  2.130147   -0.000036  -0.862556
 H  2.130077   -0.000027  0.862740
 H  1.146183   -2.198753  0.000065
 H  -1.291116  -2.152801  -0.000050
 H  -2.530657  0.000054   -0.000118
 H  1.146249   2.198707   0.000045
 H  -1.291031  2.152836   -0.000066
  }
 basis,O=AVTZ,C=AVTZ,H=VTZ
 {rhf
 wf,43,1,1
 }
 uccsd(t);
 

 Fortran compiler diagnostic
 ***************************

 integer size                  8
 double precision size         8
 logical size                  8

 diagnostic completed successfully

 Variables initialized (889), CPU time= 0.02 sec
 Commands  initialized (702), CPU time= 0.02 sec, 572 directives.
 Default parameters read. Elapsed time= 0.12 sec

 Using DEFAULT tuning parameter for mpplat   :       3
 Using DEFAULT tuning parameter for mppspeed :    1600
 Checking input...
 Passed
1


                                         ***  PROGRAM SYSTEM MOLPRO  ***
                                       Copyright, TTI GmbH Stuttgart, 2015
                                    Version 2015.1 linked Jun  9 2019 06:55:40


 **********************************************************************************************************************************
 LABEL *   Mol_01                                                                        
  64 bit mpp version                                                                     DATE: 10-Apr-22          TIME: 15:28:01  
 **********************************************************************************************************************************

 SHA1:             f6387f0c468d0184d0b38d85973bdb066f718752
 **********************************************************************************************************************************

Geometry recognized as XYZ


 Variable memory set to ********** words,  buffer space   230000 words

 SETTING BASIS          =    O=AVTZ,C=AVTZ,H=VTZ


 Recomputing integrals since basis changed


 Using spherical harmonics

 Library entry C      S aug-cc-pVTZ          selected for orbital group  1
 Library entry C      P aug-cc-pVTZ          selected for orbital group  1
 Library entry C      D aug-cc-pVTZ          selected for orbital group  1
 Library entry C      F aug-cc-pVTZ          selected for orbital group  1
 Library entry H      S cc-pVTZ              selected for orbital group  2
 Library entry H      P cc-pVTZ              selected for orbital group  2
 Library entry H      D cc-pVTZ              selected for orbital group  2


 PROGRAM * SEWARD (Integral evaluation for generally contracted gaussian basis sets)     Author: Roland Lindh, 1990

 Geometry written to block  1 of record 700


 Point group  C1  



 ATOMIC COORDINATES

 NR  ATOM    CHARGE       X              Y              Z

   1  C       6.00   -1.394408120    2.308496993   -0.000071810
   2  C       6.00   -2.740571533    0.000058582   -0.000126612
   3  C       6.00   -1.394478040   -2.308487544   -0.000052912
   4  C       6.00    1.174389197   -2.365776481    0.000068030
   5  C       6.00    2.727120462   -0.000032125    0.000120942
   6  C       6.00    1.174459117    2.365744356    0.000045353
   7  H       1.00    4.025394435   -0.000068030   -1.629994607
   8  H       1.00    4.025262154   -0.000051023    1.630342317
   9  H       1.00    2.165971959   -4.155040986    0.000122832
  10  H       1.00   -2.439855635   -4.068204291   -0.000094486
  11  H       1.00   -4.782248645    0.000102045   -0.000222988
  12  H       1.00    2.166096681    4.154954058    0.000085038
  13  H       1.00   -2.439695008    4.068270431   -0.000124722

 Bond lengths in Bohr (Angstrom)

  1- 2  2.672273159   1- 6  2.569505042   1-13  2.046809037   2- 3  2.672330988   2-11  2.041677115
       ( 1.414106057)       ( 1.359723511)       ( 1.083124698)       ( 1.414136659)       ( 1.080409001)

  3- 4  2.569505968   3-10  2.046806622   4- 5  2.829791643   4- 9  2.045654869   5- 6  2.829780136
       ( 1.359724002)       ( 1.083123419)       ( 1.497461249)       ( 1.082513938)       ( 1.497455160)

  5- 7  2.083936663   5- 8  2.083937039   6-12  2.045633500
       ( 1.102771791)       ( 1.102771990)       ( 1.082502630)

 Bond angles

  1- 2- 3  119.50535060   1- 2-11  120.24733416   1- 6- 5  122.00029967   1- 6-12  120.27325860

  2- 1- 6  121.52518252   2- 1-13  119.04158035   2- 3- 4  121.52365095   2- 3-10  119.04104523

  3- 2-11  120.24731524   3- 4- 5  122.00091331   3- 4- 9  120.27209884   4- 3-10  119.43530382

  4-5-6  113.44460294   4-5-7  109.98728468   4-5-8  109.98735692   5-4-9  117.72698786

  5- 6-12  117.72644172   6- 1-13  119.43323713   6- 5- 7  109.98780513   6- 5- 8  109.98780987

  7-5-8  102.93487705

 NUCLEAR CHARGE:                   43
 NUMBER OF PRIMITIVE AOS:         521
 NUMBER OF SYMMETRY AOS:          460
 NUMBER OF CONTRACTIONS:          374   ( 374A   )
 NUMBER OF CORE ORBITALS:           6   (   6A   )
 NUMBER OF VALENCE ORBITALS:       31   (  31A   )


 NUCLEAR REPULSION ENERGY  210.33435309


 Eigenvalues of metric

         1 0.384E-05 0.700E-05 0.826E-05 0.100E-04 0.228E-04 0.296E-04 0.313E-04 0.331E-04


 Contracted 2-electron integrals neglected if value below      1.0D-12
 AO integral compression algorithm  1   Integral accuracy      1.0D-12

     9540.731 MB (compressed) written to integral file ( 45.2%)

     Node minimum: 1102.578 MB, node maximum: 1312.293 MB


 NUMBER OF SORTED TWO-ELECTRON INTEGRALS:  307335960.     BUFFER LENGTH:  32768
 NUMBER OF SEGMENTS:  10  SEGMENT LENGTH:   31996696      RECORD LENGTH: 524288

 Memory used in sort:      32.55 MW

 SORT1 READ  2639649747. AND WROTE   284504585. INTEGRALS IN    817 RECORDS. CPU TIME:   104.74 SEC, REAL TIME:   117.00 SEC
 SORT2 READ  2275932905. AND WROTE  2458792875. INTEGRALS IN  37640 RECORDS. CPU TIME:    10.57 SEC, REAL TIME:   140.01 SEC

 Node minimum:   307318430.  Node maximum:   307379790. integrals

 OPERATOR DM      FOR CENTER  0  COORDINATES:    0.000000    0.000000    0.000000


 **********************************************************************************************************************************
 DATASETS  * FILE   NREC   LENGTH (MB)   RECORD NAMES
              1      18       25.24       500      610      700      900      950      970     1000      129      960     1100   
                                          VAR    BASINP    GEOM    SYMINP    ZMAT    AOBASIS   BASIS     P2S    ABASIS      S 
                                         1400     1410     1200     1210     1080     1600     1650     1700   
                                           T        V       H0       H01     AOSYM     SMH    MOLCAS    OPER   

 PROGRAMS   *        TOTAL       INT
 CPU TIMES  *       147.19    147.02
 REAL TIME  *       301.84 SEC
 DISK USED  *        36.78 GB      
 GA USED    *         0.01 MB       (max)       0.00 MB       (current)
 **********************************************************************************************************************************


 PROGRAM * RHF-SCF (OPEN SHELL)       Authors: W. Meyer, H.-J. Werner


 NUMBER OF ELECTRONS:      22+   21-    SPACE SYMMETRY=1    SPIN SYMMETRY: Doublet 
 CONVERGENCE THRESHOLDS:    1.00E-05 (Density)    1.00E-07 (Energy)
 MAX. NUMBER OF ITERATIONS:       60
 INTERPOLATION TYPE:            DIIS
 INTERPOLATION STEPS:              2 (START)      1 (STEP)
 LEVEL SHIFTS:                 -0.60 (CLOSED) -0.30 (OPEN) 



 Orbital guess generated from atomic densities. Full valence occupancy:   37

 Molecular orbital dump at record        2100.2

 Initial alpha occupancy:  22
 Initial beta  occupancy:  21
 Wave function symmetry:    1

 ITERATION    DDIFF          GRAD             ENERGY        2-EL.EN.            DIPOLE MOMENTS         DIIS   ORB.
    1      0.000D+00      0.000D+00      -231.22720674    575.623760    0.71379   -0.00005    0.00003    0    start
    2      0.000D+00      0.227D-02      -231.28228022    572.299752    0.33177   -0.00001    0.00001    1    diag,B
    3      0.253D-02      0.914D-03      -231.29494781    572.380979    0.27054   -0.00001    0.00001    2    diag,B
    4      0.967D-03      0.395D-03      -231.29906286    572.294814    0.21456   -0.00000    0.00001    3    diag,B
    5      0.589D-03      0.126D-03      -231.29994493    572.276784    0.20637   -0.00000    0.00001    4    diag,B
    6      0.258D-03      0.684D-04      -231.30044663    572.262057    0.19734   -0.00000    0.00001    5    diag,B
    7      0.146D-03      0.462D-04      -231.30079837    572.255762    0.19035   -0.00000    0.00001    6    fixocc
    8      0.112D-03      0.302D-04      -231.30101352    572.261526    0.18084   -0.00000    0.00001    7    diag,B
    9      0.128D-03      0.138D-04      -231.30104783    572.269371    0.17628   -0.00000    0.00001    8    diag,B
   10      0.700D-04      0.469D-05      -231.30104943    572.271744    0.17485   -0.00000    0.00001    9    orth
   11      0.330D-04      0.154D-05      -231.30104954    572.272323    0.17444   -0.00000    0.00001    9    diag,B
   12      0.120D-04      0.629D-06      -231.30104956    572.272556    0.17425   -0.00000    0.00001    9    diag,B
   13      0.509D-05      0.223D-06      -231.30104956    572.272547    0.17421   -0.00000    0.00001    0    orth

 Final alpha occupancy:  22
 Final beta  occupancy:  21

 !RHF STATE 1.1 Energy               -231.301049559545
 Nuclear energy                       210.33435309
 One-electron energy                 -727.77167626
 Two-electron energy                  286.13627362
 Virial quotient                       -1.00120128
 !RHF STATE 1.1 Dipole moment           0.17420682    -0.00000369     0.00000583
 Dipole moment /Debye                   0.44276057    -0.00000939     0.00001483

 Orbital energies:

         1.1          2.1          3.1          4.1          5.1          6.1          7.1          8.1          9.1         10.1
    -11.236218   -11.233777   -11.233669   -11.228570   -11.227961   -11.227051    -1.135052    -1.013288    -1.007145    -0.844225

        11.1         12.1         13.1         14.1         15.1         16.1         17.1         18.1         19.1         20.1
     -0.804346    -0.696204    -0.650713    -0.607175    -0.584853    -0.581170    -0.560907    -0.495783    -0.469782    -0.429194

        21.1         22.1         23.1         24.1
     -0.353208    -0.258543     0.054520     0.056645

 HOMO     22.1    -0.258543 =      -7.0353eV
 LUMO     23.1     0.054520 =       1.4836eV
 LUMO-HOMO         0.313063 =       8.5189eV


 **********************************************************************************************************************************
 DATASETS  * FILE   NREC   LENGTH (MB)   RECORD NAMES
              1      18       25.24       500      610      700      900      950      970     1000      129      960     1100   
                                          VAR    BASINP    GEOM    SYMINP    ZMAT    AOBASIS   BASIS     P2S    ABASIS      S 
                                         1400     1410     1200     1210     1080     1600     1650     1700   
                                           T        V       H0       H01     AOSYM     SMH    MOLCAS    OPER   

              2       4        6.94       700     1000      520     2100   
                                         GEOM     BASIS   MCVARS     RHF  

 PROGRAMS   *        TOTAL       RHF       INT
 CPU TIMES  *       201.82     54.64    147.02
 REAL TIME  *       476.09 SEC
 DISK USED  *        37.20 GB      
 SF USED    *         0.56 MB      
 GA USED    *         0.01 MB       (max)       0.00 MB       (current)
 **********************************************************************************************************************************


 PROGRAM * CCSD (Unrestricted open-shell coupled cluster)     Authors: C. Hampel, H.-J. Werner, 1991, M. Deegan, P.J. Knowles, 1992


 Convergence thresholds:  THRVAR = 1.00D-08  THRDEN = 1.00D-06

 CCSD(T)     terms to be evaluated (factor= 1.000)


 Number of core orbitals:           6 (   6 )
 Number of closed-shell orbitals:  15 (  15 )
 Number of active  orbitals:        1 (   1 )
 Number of external orbitals:     352 ( 352 )

 Memory could be reduced to 1135.57 Mwords without degradation in triples

 Number of N-1 electron functions:              31
 Number of N-2 electron functions:             465
 Number of singly external CSFs:             10943
 Number of doubly external CSFs:          43884960
 Total number of CSFs:                    43895903

 Molecular orbitals read from record     2100.2  Type=RHF/CANONICAL (state 1.1)

 Integral transformation finished. Total CPU: 119.64 sec, npass=  1  Memory used: 480.10 MW

 Starting RMP2 calculation

 ITER.      SQ.NORM     CORR.ENERGY   TOTAL ENERGY   ENERGY CHANGE        DEN1      VAR(S)    VAR(P)  DIIS     TIME
   1      1.32686937    -0.96641775  -232.26746731    -0.96641775    -0.00422483  0.13D-03  0.19D-02  1  1   131.51
   2      1.33178010    -0.97100421  -232.27205377    -0.00458646    -0.00001639  0.45D-05  0.94D-05  2  2   138.92
   3      1.33207032    -0.97112698  -232.27217654    -0.00012276    -0.00000017  0.11D-06  0.76D-07  3  3   147.51
   4      1.33208509    -0.97112963  -232.27217919    -0.00000265    -0.00000000  0.15D-08  0.49D-09  4  4   159.23
   5      1.33208560    -0.97112975  -232.27217931    -0.00000012    -0.00000000  0.20D-10  0.36D-11  5  5   171.13

 Norm of t1 vector:      0.08059073      S-energy:    -0.00531997      T1 diagnostic:  0.00097951
 Norm of t2 vector:      0.57060559      P-energy:    -0.96580978
                                         Alpha-Beta:  -0.73273949
                                         Alpha-Alpha: -0.12339991
                                         Beta-Beta:   -0.10967038

 Spin contamination <S**2-Sz**2-Sz>     0.00324810
  Reference energy                   -231.301049559545
  RHF-RMP2 correlation energy          -0.971129753671
 !RHF-RMP2 energy                    -232.272179313216

 Starting UCCSD calculation

 ITER.      SQ.NORM     CORR.ENERGY   TOTAL ENERGY   ENERGY CHANGE        DEN1      VAR(S)    VAR(P)  DIIS     TIME
   1      1.33329287    -0.97342452  -232.27447408    -0.97342452    -0.02666309  0.44D-02  0.63D-02  1  1   355.19
   2      1.36547755    -1.00056250  -232.30161206    -0.02713798    -0.00237577  0.47D-03  0.85D-03  2  2   537.17
   3      1.37854519    -1.00525185  -232.30630141    -0.00468936    -0.00041226  0.26D-03  0.11D-03  3  3   716.27
   4      1.38707592    -1.00718859  -232.30823814    -0.00193673    -0.00010966  0.85D-04  0.26D-04  4  4   880.50
   5      1.39276763    -1.00786655  -232.30891611    -0.00067797    -0.00003510  0.35D-04  0.57D-05  5  5  1090.36
   6      1.39665968    -1.00815736  -232.30920692    -0.00029081    -0.00000930  0.69D-05  0.24D-05  6  6  1266.86
   7      1.39847704    -1.00826709  -232.30931665    -0.00010974    -0.00000214  0.10D-05  0.82D-06  6  1  1462.34
   8      1.39909255    -1.00828482  -232.30933438    -0.00001773    -0.00000031  0.12D-06  0.13D-06  6  2  1654.41
   9      1.39926254    -1.00829060  -232.30934016    -0.00000578    -0.00000005  0.83D-08  0.24D-07  6  3  1869.54
  10      1.39922525    -1.00828056  -232.30933012     0.00001003    -0.00000001  0.31D-08  0.29D-08  6  5  2039.41
  11      1.39925203    -1.00828140  -232.30933096    -0.00000084    -0.00000000  0.29D-09  0.49D-09  6  4  2210.56

 Norm of t1 vector:      0.18555844      S-energy:    -0.00769686      T1 diagnostic:  0.01660884
                                                                       D1 diagnostic:  0.05816926
 Norm of t2 vector:      0.60400339      P-energy:    -1.00058454
                                         Alpha-Beta:  -0.78997348
                                         Alpha-Alpha: -0.11209863
                                         Beta-Beta:   -0.09851243

 Singles amplitudes (print threshold =  0.500E-01):

         I         SYM. A    A   T(IA) [Beta-Beta]

        14         1         1      0.08219501

 Doubles amplitudes (print threshold =  0.500E-01):

         I         J         SYM. A    SYM. B    A         B      T(IJ, AB) [Alpha-Beta]

        16        14         1         1        28         1     -0.05685954

 Spin contamination <S**2-Sz**2-Sz>     0.01746976

 Memory could be reduced to 1201.38 Mwords without degradation in triples


 RESULTS
 =======

  Reference energy                   -231.301049559545
  UCCSD singles energy                 -0.007696859890
  UCCSD pair energy                    -1.000584543106
  UCCSD correlation energy             -1.008281402996
  Triples (T) contribution             -0.050714983623
  Total correlation energy             -1.058996386618

  RHF-UCCSD energy                   -232.309330962541
  RHF-UCCSD[T] energy                -232.361003341899
  RHF-UCCSD-T energy                 -232.359774097801
 !RHF-UCCSD(T) energy                -232.360045946164

 Program statistics:

 Available memory in ccsd:             24999997692
 Min. memory needed in ccsd:             122272242
 Max. memory used in ccsd:               177982723
 Max. memory used in cckext:             134277818 (11 integral passes)
 Max. memory used in cckint:             480095296 ( 1 integral passes)



 **********************************************************************************************************************************
 DATASETS  * FILE   NREC   LENGTH (MB)   RECORD NAMES
              1      18       25.24       500      610      700      900      950      970     1000      129      960     1100   
                                          VAR    BASINP    GEOM    SYMINP    ZMAT    AOBASIS   BASIS     P2S    ABASIS      S 
                                         1400     1410     1200     1210     1080     1600     1650     1700   
                                           T        V       H0       H01     AOSYM     SMH    MOLCAS    OPER   

              2       4        6.94       700     1000      520     2100   
                                         GEOM     BASIS   MCVARS     RHF  

 PROGRAMS   *        TOTAL  UCCSD(T)       RHF       INT
 CPU TIMES  *      5473.70   5271.86     54.64    147.02
 REAL TIME  *      5958.93 SEC
 DISK USED  *        81.55 GB      
 SF USED    *        21.62 GB      
 GA USED    *         0.01 MB       (max)       0.00 MB       (current)
 **********************************************************************************************************************************

 UCCSD(T)/O=AVTZ,C=AVTZ,H=VTZ energy=   -232.360045946164

        UCCSD(T)        RHF-SCF 
   -232.36004595   -231.30104956
 **********************************************************************************************************************************
 Molpro calculation terminated
 Variable memory released

 Fortran compiler diagnostic
 ***************************

 integer size                  8
 double precision size         8
 logical size                  8

 diagnostic completed successfully
