
 Primary working directories    : /scratch/saurabh/PBS_8056153.helios
 Secondary working directories  : /scratch/saurabh/PBS_8056153.helios
 Wavefunction directory         : /scratch/saurabh/PBS_8056153.helios/
 Main file repository           : /scratch/saurabh/PBS_8056153.helios/

 SHA1      : f6387f0c468d0184d0b38d85973bdb066f718752
 NAME      : 2015.1.44
 ARCHNAME  : linux/x86_64
 FC        : /opt/may/bin/gfortran
 BLASLIB   : -Wl,-_start-group /opt/intel/mkl/lib/intel64/libmkl_gf_ilp64.a /opt/intel/mkl/lib/intel64/libmkl_gnu_thread.a /opt/intel/mkl/lib/intel64/libmkl_core.a -Wl,-_end-group
 id        : ramakrishnan

 Nodes             nprocs
 hel02.tifrh.res.in    8

 Using DEFAULT tuning parameter for ncache   :   16384
 Using DEFAULT tuning parameter for mflopdgm :   10000
 Using DEFAULT tuning parameter for mflopdgv :    4000
 Using DEFAULT tuning parameter for mflopmxm :    5000
 Using DEFAULT tuning parameter for mflopmxv :    4000
 Using DEFAULT tuning parameter for mindgm   :       1
 Using DEFAULT tuning parameter for mindgc   :       4
 Using DEFAULT tuning parameter for mindgf   :    5000
 Using DEFAULT tuning parameter for mindgl   :       4
 Using DEFAULT tuning parameter for mindgr   :       1
 Using DEFAULT tuning parameter for mindgv   :      20
 Using DEFAULT tuning parameter for mincuda  :     500
 Using DEFAULT tuning parameter for mxmblk   :      64
 Using DEFAULT tuning parameter for mxmbln   :      64
 Using DEFAULT tuning parameter for nroll    :       2
 Using custom tuning parameter for ngpus     :       0
 Using customized tuning parameters: mindgm=1; mindgv=20; mindgc=4; mindgr=1; noblas=0; minvec=7
 default implementation of scratch files=sf  

 ***,Mol_02_a
 memory,25,g
 geometry={
 C  2.228748   0.198312   -0.238886
 C  1.592807   -1.143497  -0.061105
 C  0.314169   -1.311252  0.258684
 C  -0.620007  -0.169102  0.474350
 C  0.002104   1.174176   0.287855
 C  1.279746   1.336952   -0.037290
 H  -0.100679  -2.304224  0.376153
 H  2.228669   -2.010579  -0.196552
 O  -1.723917  -0.324882  -0.533133
 H  -1.145225  -0.241851  1.428123
 O  -2.844762  0.214891   -0.113636
 H  -0.653608  2.024800   0.422241
 H  2.674955   0.262984   -1.239328
 H  3.082065   0.298134   0.443988
 H  1.677856   2.337136   -0.162114
  }
 basis,O=AVTZ,C=AVTZ,H=VTZ
 {rhf
 wf,59,1,1
 }
 uccsd(t);
 

 Fortran compiler diagnostic
 ***************************

 integer size                  8
 double precision size         8
 logical size                  8

 diagnostic completed successfully

 Variables initialized (889), CPU time= 0.02 sec
 Commands  initialized (702), CPU time= 0.01 sec, 572 directives.
 Default parameters read. Elapsed time= 0.13 sec

 Using DEFAULT tuning parameter for mpplat   :       3
 Using DEFAULT tuning parameter for mppspeed :    1600
 Checking input...
 Passed
1


                                         ***  PROGRAM SYSTEM MOLPRO  ***
                                       Copyright, TTI GmbH Stuttgart, 2015
                                    Version 2015.1 linked Jun  9 2019 06:55:40


 **********************************************************************************************************************************
 LABEL *   Mol_02_a                                                                      
  64 bit mpp version                                                                     DATE: 22-Apr-22          TIME: 20:31:11  
 **********************************************************************************************************************************

 SHA1:             f6387f0c468d0184d0b38d85973bdb066f718752
 **********************************************************************************************************************************

Geometry recognized as XYZ


 Variable memory set to ********** words,  buffer space   230000 words

 SETTING BASIS          =    O=AVTZ,C=AVTZ,H=VTZ


 Recomputing integrals since basis changed


 Using spherical harmonics

 Library entry C      S aug-cc-pVTZ          selected for orbital group  1
 Library entry C      P aug-cc-pVTZ          selected for orbital group  1
 Library entry C      D aug-cc-pVTZ          selected for orbital group  1
 Library entry C      F aug-cc-pVTZ          selected for orbital group  1
 Library entry H      S cc-pVTZ              selected for orbital group  2
 Library entry H      P cc-pVTZ              selected for orbital group  2
 Library entry H      D cc-pVTZ              selected for orbital group  2
 Library entry O      S aug-cc-pVTZ          selected for orbital group  3
 Library entry O      P aug-cc-pVTZ          selected for orbital group  3
 Library entry O      D aug-cc-pVTZ          selected for orbital group  3
 Library entry O      F aug-cc-pVTZ          selected for orbital group  3


 PROGRAM * SEWARD (Integral evaluation for generally contracted gaussian basis sets)     Author: Roland Lindh, 1990

 Geometry written to block  1 of record 700


 Point group  C1  



 ATOMIC COORDINATES

 NR  ATOM    CHARGE       X              Y              Z

   1  C       6.00    4.211723321    0.374755367   -0.451429115
   2  C       6.00    3.009968999   -2.160896154   -0.115471715
   3  C       6.00    0.593693367   -2.477907160    0.488841913
   4  C       6.00   -1.171643425   -0.319556467    0.896391587
   5  C       6.00    0.003975984    2.218871062    0.543967114
   6  C       6.00    2.418369449    2.526473122   -0.070467887
   7  H       1.00   -0.190255736   -4.354352290    0.710826151
   8  H       1.00    4.211574032   -3.799443662   -0.371429449
   9  O       8.00   -3.257730991   -0.613938003   -1.007475358
  10  H       1.00   -2.164161601   -0.457032153    2.698761342
  11  O       8.00   -5.375821070    0.406085137   -0.214740918
  12  H       1.00   -1.235140113    3.826317457    0.797919849
  13  H       1.00    5.054932346    0.496967735   -2.341990499
  14  H       1.00    5.824258748    0.563391608    0.839015723
  15  H       1.00    3.170688316    4.416546956   -0.306351061

 Bond lengths in Bohr (Angstrom)

  1- 2  2.826058998   1- 6  2.826860248   1-13  2.073682634   1-14  2.073909838   2- 3  2.510792479
       ( 1.495486019)       ( 1.495910022)       ( 1.097345593)       ( 1.097465824)       ( 1.328654161)

 2-8  2.047976306  3-4  2.817975948  3-7  2.045702696  4-5  2.819556406  4-9  2.839565313
     ( 1.083742390)     ( 1.491208652)     ( 1.082539247)     ( 1.492044995)     ( 1.502633253)

  4-10  2.062166004   5- 6  2.510267954   5-12  2.045430176   6-15  2.047926671   9-11  2.480963659
       ( 1.091251254)       ( 1.328376595)       ( 1.082395036)       ( 1.083716124)       ( 1.312869429)

 Bond angles

  1- 2- 3  123.44455531   1- 2- 8  116.96888232   1- 6- 5  123.35896771   1- 6-15  116.99584797

  2- 1- 6  113.40066030   2- 1-13  109.52221062   2- 1-14  109.77208034   2- 3- 4  122.75021109

  2-3-7  120.71193013   3-2-8  119.58436106   3-4-5  114.22215745   3-4-9  106.49034133

  3- 4-10  112.13909842   4- 3- 7  116.53785520   4- 5- 6  122.81589288   4- 5-12  116.06613458

  4- 9-11  111.73651447   5- 4- 9  108.41173889   5- 4-10  111.71211031   5- 6-15  119.64411411

  6- 1-13  109.63128899   6- 1-14  109.88771486   6- 5-12  121.11455592   9- 4-10  103.03300337

 13- 1-14  104.22653246

 NUCLEAR CHARGE:                   59
 NUMBER OF PRIMITIVE AOS:         655
 NUMBER OF SYMMETRY AOS:          576
 NUMBER OF CONTRACTIONS:          466   ( 466A   )
 NUMBER OF CORE ORBITALS:           8   (   8A   )
 NUMBER OF VALENCE ORBITALS:       39   (  39A   )


 NUCLEAR REPULSION ENERGY  353.18541546


 Eigenvalues of metric

         1 0.375E-05 0.639E-05 0.798E-05 0.907E-05 0.169E-04 0.246E-04 0.269E-04 0.307E-04


 Contracted 2-electron integrals neglected if value below      1.0D-12
 AO integral compression algorithm  1   Integral accuracy      1.0D-12

     23273.406 MB (compressed) written to integral file ( 46.3%)

     Node minimum: 2799.698 MB, node maximum: 3116.630 MB


 NUMBER OF SORTED TWO-ELECTRON INTEGRALS:  740003208.     BUFFER LENGTH:  32768
 NUMBER OF SEGMENTS:  24  SEGMENT LENGTH:   31996696      RECORD LENGTH: 524288

 Memory used in sort:      32.55 MW

 SORT1 READ  6280962421. AND WROTE   660373824. INTEGRALS IN   1901 RECORDS. CPU TIME:    75.30 SEC, REAL TIME:   102.30 SEC
 SORT2 READ  5282102409. AND WROTE  5919971266. INTEGRALS IN  86624 RECORDS. CPU TIME:    12.61 SEC, REAL TIME:   283.75 SEC

 Node minimum:   739948804.  Node maximum:   740044014. integrals

 OPERATOR DM      FOR CENTER  0  COORDINATES:    0.000000    0.000000    0.000000


 **********************************************************************************************************************************
 DATASETS  * FILE   NREC   LENGTH (MB)   RECORD NAMES
              1      18       28.09       500      610      700      900      950      970     1000      129      960     1100   
                                          VAR    BASINP    GEOM    SYMINP    ZMAT    AOBASIS   BASIS     P2S    ABASIS      S 
                                         1400     1410     1200     1210     1080     1600     1650     1700   
                                           T        V       H0       H01     AOSYM     SMH    MOLCAS    OPER   

 PROGRAMS   *        TOTAL       INT
 CPU TIMES  *       121.27    121.08
 REAL TIME  *       432.29 SEC
 DISK USED  *        86.31 GB      
 GA USED    *         0.01 MB       (max)       0.00 MB       (current)
 **********************************************************************************************************************************


 PROGRAM * RHF-SCF (OPEN SHELL)       Authors: W. Meyer, H.-J. Werner


 NUMBER OF ELECTRONS:      30+   29-    SPACE SYMMETRY=1    SPIN SYMMETRY: Doublet 
 CONVERGENCE THRESHOLDS:    1.00E-05 (Density)    1.18E-07 (Energy)
 MAX. NUMBER OF ITERATIONS:       60
 INTERPOLATION TYPE:            DIIS
 INTERPOLATION STEPS:              2 (START)      1 (STEP)
 LEVEL SHIFTS:                 -0.60 (CLOSED) -0.30 (OPEN) 



 Orbital guess generated from atomic densities. Full valence occupancy:   47

 Molecular orbital dump at record        2100.2

 Initial alpha occupancy:  30
 Initial beta  occupancy:  29
 Wave function symmetry:    1

 ITERATION    DDIFF          GRAD             ENERGY        2-EL.EN.            DIPOLE MOMENTS         DIIS   ORB.
    1      0.000D+00      0.000D+00      -380.83103868    968.821395    2.26275   -0.23056    0.23139    0    start
    2      0.000D+00      0.279D-02      -380.93430027    970.195630    1.86175    0.01638    0.42624    1    diag,B
    3      0.264D-02      0.125D-02      -380.95555917    969.768267    1.76646   -0.04521    0.34540    2    diag,B
    4      0.983D-03      0.531D-03      -380.96713535    969.958322    1.58227   -0.00488    0.38535    3    diag,B
    5      0.715D-03      0.280D-03      -380.97179760    969.980039    1.48495    0.00798    0.39503    4    diag,B
    6      0.439D-03      0.172D-03      -380.97521907    970.008163    1.39919    0.02385    0.40629    5    diag,B
    7      0.374D-03      0.136D-03      -380.97814903    970.045031    1.31388    0.03671    0.41261    6    fixocc
    8      0.344D-03      0.818D-04      -380.97936686    970.094684    1.25006    0.04428    0.41449    7    diag,B
    9      0.276D-03      0.326D-04      -380.97943562    970.123667    1.24224    0.04592    0.41556    8    diag,B
   10      0.986D-04      0.220D-04      -380.97945689    970.113489    1.23420    0.04473    0.41362    9    orth
   11      0.582D-04      0.863D-05      -380.97945952    970.115849    1.23794    0.04459    0.41393    9    diag,B
   12      0.315D-04      0.427D-05      -380.97946045    970.113958    1.23697    0.04434    0.41364    9    diag,B
   13      0.156D-04      0.125D-05      -380.97946057    970.114214    1.23736    0.04437    0.41371    9    diag,B
   14      0.501D-05      0.785D-06      -380.97946066    970.114072    1.23723    0.04437    0.41370    9    diag,B
   15      0.330D-05      0.621D-06      -380.97946078    970.114172    1.23722    0.04437    0.41371    0    orth

 Final alpha occupancy:  30
 Final beta  occupancy:  29

 !RHF STATE 1.1 Energy               -380.979460784490
 Nuclear energy                       353.18541546
 One-electron energy                -1219.22196220
 Two-electron energy                  485.05708596
 Virial quotient                       -1.00123943
 !RHF STATE 1.1 Dipole moment           1.23721542     0.04437339     0.41371355
 Dipole moment /Debye                   3.14448198     0.11277853     1.05148607

 Orbital energies:

         1.1          2.1          3.1          4.1          5.1          6.1          7.1          8.1          9.1         10.1
    -20.648507   -20.642136   -11.306042   -11.249658   -11.248184   -11.246970   -11.239114   -11.237158    -1.524885    -1.178138

        11.1         12.1         13.1         14.1         15.1         16.1         17.1         18.1         19.1         20.1
     -1.115940    -1.035145    -1.000175    -0.874301    -0.817718    -0.721404    -0.689846    -0.677938    -0.658196    -0.629296

        21.1         22.1         23.1         24.1         25.1         26.1         27.1         28.1         29.1         30.1
     -0.603397    -0.600560    -0.576761    -0.549179    -0.519479    -0.471630    -0.466888    -0.380236    -0.367630    -0.554816

        31.1         32.1
      0.045783     0.053119

 HOMO     30.1    -0.554816 =     -15.0973eV
 LUMO     31.1     0.045783 =       1.2458eV
 LUMO-HOMO         0.600599 =      16.3431eV


 **********************************************************************************************************************************
 DATASETS  * FILE   NREC   LENGTH (MB)   RECORD NAMES
              1      18       28.09       500      610      700      900      950      970     1000      129      960     1100   
                                          VAR    BASINP    GEOM    SYMINP    ZMAT    AOBASIS   BASIS     P2S    ABASIS      S 
                                         1400     1410     1200     1210     1080     1600     1650     1700   
                                           T        V       H0       H01     AOSYM     SMH    MOLCAS    OPER   

              2       4        9.16       700     1000      520     2100   
                                         GEOM     BASIS   MCVARS     RHF  

 PROGRAMS   *        TOTAL       RHF       INT
 CPU TIMES  *       268.70    147.43    121.08
 REAL TIME  *       590.21 SEC
 DISK USED  *        86.86 GB      
 SF USED    *         0.87 MB      
 GA USED    *         0.01 MB       (max)       0.00 MB       (current)
 **********************************************************************************************************************************


 PROGRAM * CCSD (Unrestricted open-shell coupled cluster)     Authors: C. Hampel, H.-J. Werner, 1991, M. Deegan, P.J. Knowles, 1992


 Convergence thresholds:  THRVAR = 1.00D-08  THRDEN = 1.18D-06

 CCSD(T)     terms to be evaluated (factor= 1.000)


 Number of core orbitals:           8 (   8 )
 Number of closed-shell orbitals:  21 (  21 )
 Number of active  orbitals:        1 (   1 )
 Number of external orbitals:     436 ( 436 )

 Memory could be reduced to 2826.20 Mwords without degradation in triples

 Number of N-1 electron functions:              43
 Number of N-2 electron functions:             903
 Number of singly external CSFs:             18791
 Number of doubly external CSFs:         130239984
 Total number of CSFs:                   130258775

 Molecular orbitals read from record     2100.2  Type=RHF/CANONICAL (state 1.1)

 Integral transformation finished. Total CPU: 391.61 sec, npass=  1  Memory used:1259.52 MW

 Starting RMP2 calculation

 ITER.      SQ.NORM     CORR.ENERGY   TOTAL ENERGY   ENERGY CHANGE        DEN1      VAR(S)    VAR(P)  DIIS     TIME
   1      1.42382367    -1.41849597  -382.39795676    -1.41849597    -0.00541282  0.32D-04  0.22D-02  1  1   430.85
   2      1.42915418    -1.42434871  -382.40380949    -0.00585273    -0.00001229  0.14D-05  0.58D-05  2  2   458.76
   3      1.42934660    -1.42445724  -382.40391802    -0.00010853    -0.00000012  0.73D-07  0.25D-07  3  3   493.70
   4      1.42935098    -1.42445755  -382.40391833    -0.00000031    -0.00000000  0.23D-08  0.29D-09  4  4   521.48

 Norm of t1 vector:      0.04854073      S-energy:    -0.00465500      T1 diagnostic:  0.00068309
 Norm of t2 vector:      0.65344837      P-energy:    -1.41980255
                                         Alpha-Beta:  -1.06961835
                                         Alpha-Alpha: -0.17916005
                                         Beta-Beta:   -0.17102416

 Spin contamination <S**2-Sz**2-Sz>     0.00116801
  Reference energy                   -380.979460784471
  RHF-RMP2 correlation energy          -1.424457548247
 !RHF-RMP2 energy                    -382.403918332718

 Starting UCCSD calculation

 ITER.      SQ.NORM     CORR.ENERGY   TOTAL ENERGY   ENERGY CHANGE        DEN1      VAR(S)    VAR(P)  DIIS     TIME
   1      1.43172529    -1.41856091  -382.39802170    -1.41856091    -0.04117601  0.91D-02  0.80D-02  1  1  1306.53
   2      1.47170422    -1.45599794  -382.43545872    -0.03743703    -0.00496722  0.74D-03  0.15D-02  2  2  2084.53
   3      1.49537967    -1.46529277  -382.44475355    -0.00929483    -0.00112773  0.82D-03  0.15D-03  3  3  2723.36
   4      1.51005900    -1.46890118  -382.44836196    -0.00360841    -0.00042382  0.31D-03  0.48D-04  4  4  3363.38
   5      1.52595371    -1.47122282  -382.45068361    -0.00232164    -0.00013905  0.12D-03  0.11D-04  5  5  4004.54
   6      1.53692586    -1.47224185  -382.45170263    -0.00101902    -0.00003218  0.19D-04  0.57D-05  6  6  4646.44
   7      1.54204707    -1.47259407  -382.45205486    -0.00035223    -0.00000628  0.29D-05  0.17D-05  6  1  5288.69
   8      1.54305424    -1.47266640  -382.45212718    -0.00007232    -0.00000121  0.47D-06  0.33D-06  6  2  5930.51
   9      1.54340912    -1.47267840  -382.45213918    -0.00001200    -0.00000034  0.19D-06  0.77D-07  6  1  6572.54
  10      1.54348233    -1.47267825  -382.45213903     0.00000015    -0.00000005  0.30D-07  0.12D-07  6  3  7214.39
  11      1.54351047    -1.47268147  -382.45214226    -0.00000323    -0.00000002  0.13D-07  0.27D-08  6  5  8224.11
  12      1.54352630    -1.47268131  -382.45214209     0.00000017    -0.00000001  0.76D-08  0.80D-09  6  4  9003.07

 Norm of t1 vector:      0.24631541      S-energy:    -0.00527907      T1 diagnostic:  0.02573938
                                                                       D1 diagnostic:  0.14565122
 Norm of t2 vector:      0.69487770      P-energy:    -1.46740224
                                         Alpha-Beta:  -1.14933219
                                         Alpha-Alpha: -0.16145687
                                         Beta-Beta:   -0.15661318

 Singles amplitudes (print threshold =  0.500E-01):

         I         SYM. A    A   T(IA) [Beta-Beta]

        11         1         1      0.07968300
        12         1         1      0.05077424
        13         1         1     -0.06959194
        15         1         1      0.09436549
        16         1         1     -0.09685768
        17         1         1      0.05918127
        18         1         1     -0.05181565

 Spin contamination <S**2-Sz**2-Sz>     0.00163969

 Memory could be reduced to 3014.67 Mwords without degradation in triples


 RESULTS
 =======

  Reference energy                   -380.979460784471
  UCCSD singles energy                 -0.005279070328
  UCCSD pair energy                    -1.467402236440
  UCCSD correlation energy             -1.472681306768
  Triples (T) contribution             -0.071292753445
  Total correlation energy             -1.543974060213

  RHF-UCCSD energy                   -382.452142091239
  RHF-UCCSD[T] energy                -382.527440726606
  RHF-UCCSD-T energy                 -382.522680634781
 !RHF-UCCSD(T) energy                -382.523434844685

 Program statistics:

 Available memory in ccsd:             24999995808
 Min. memory needed in ccsd:             357356870
 Max. memory used in ccsd:               525033421
 Max. memory used in cckext:             400952657 (12 integral passes)
 Max. memory used in cckint:            1259516241 ( 1 integral passes)



 **********************************************************************************************************************************
 DATASETS  * FILE   NREC   LENGTH (MB)   RECORD NAMES
              1      18       28.09       500      610      700      900      950      970     1000      129      960     1100   
                                          VAR    BASINP    GEOM    SYMINP    ZMAT    AOBASIS   BASIS     P2S    ABASIS      S 
                                         1400     1410     1200     1210     1080     1600     1650     1700   
                                           T        V       H0       H01     AOSYM     SMH    MOLCAS    OPER   

              2       4        9.16       700     1000      520     2100   
                                         GEOM     BASIS   MCVARS     RHF  

 PROGRAMS   *        TOTAL  UCCSD(T)       RHF       INT
 CPU TIMES  *     25634.45  25365.74    147.43    121.08
 REAL TIME  *     26674.71 SEC
 DISK USED  *       219.06 GB      
 SF USED    *        57.99 GB      
 GA USED    *         0.01 MB       (max)       0.00 MB       (current)
 **********************************************************************************************************************************

 UCCSD(T)/O=AVTZ,C=AVTZ,H=VTZ energy=   -382.523434844685

        UCCSD(T)        RHF-SCF 
   -382.52343484   -380.97946078
 **********************************************************************************************************************************
 Molpro calculation terminated
 Variable memory released

 Fortran compiler diagnostic
 ***************************

 integer size                  8
 double precision size         8
 logical size                  8

 diagnostic completed successfully
