
 Primary working directories    : /scratch/saurabh/PBS_8054709.helios
 Secondary working directories  : /scratch/saurabh/PBS_8054709.helios
 Wavefunction directory         : /scratch/saurabh/PBS_8054709.helios/
 Main file repository           : /scratch/saurabh/PBS_8054709.helios/

 SHA1      : f6387f0c468d0184d0b38d85973bdb066f718752
 NAME      : 2015.1.44
 ARCHNAME  : linux/x86_64
 FC        : /opt/may/bin/gfortran
 BLASLIB   : -Wl,-_start-group /opt/intel/mkl/lib/intel64/libmkl_gf_ilp64.a /opt/intel/mkl/lib/intel64/libmkl_gnu_thread.a /opt/intel/mkl/lib/intel64/libmkl_core.a -Wl,-_end-group
 id        : ramakrishnan

 Nodes             nprocs
 hel06.tifrh.res.in    8

 Using DEFAULT tuning parameter for ncache   :   16384
 Using DEFAULT tuning parameter for mflopdgm :   10000
 Using DEFAULT tuning parameter for mflopdgv :    4000
 Using DEFAULT tuning parameter for mflopmxm :    5000
 Using DEFAULT tuning parameter for mflopmxv :    4000
 Using DEFAULT tuning parameter for mindgm   :       1
 Using DEFAULT tuning parameter for mindgc   :       4
 Using DEFAULT tuning parameter for mindgf   :    5000
 Using DEFAULT tuning parameter for mindgl   :       4
 Using DEFAULT tuning parameter for mindgr   :       1
 Using DEFAULT tuning parameter for mindgv   :      20
 Using DEFAULT tuning parameter for mincuda  :     500
 Using DEFAULT tuning parameter for mxmblk   :      64
 Using DEFAULT tuning parameter for mxmbln   :      64
 Using DEFAULT tuning parameter for nroll    :       2
 Using custom tuning parameter for ngpus     :       0
 Using customized tuning parameters: mindgm=1; mindgv=20; mindgc=4; mindgr=1; noblas=0; minvec=7
 default implementation of scratch files=sf  

 ***,Mol_02
 memory,25,g
 geometry={
 C  1.956865   0.346859   -0.518726
 C  1.645193   -1.028658  -0.148662
 C  0.474853   -1.363847  0.407190
 C  -0.583171  -0.330359  0.610632
 C  -0.050841  1.093203   0.707940
 C  1.164037   1.350083   -0.131338
 H  0.200104   1.292701   1.757759
 H  -0.865296  1.778180   0.465905
 H  0.242576   -2.390223  0.654831
 H  2.389706   -1.791640  -0.338855
 O  -1.490077  -0.452921  -0.583589
 H  -1.231379  -0.554826  1.454818
 O  -2.589509  0.246342   -0.427325
 H  1.406020   2.376141   -0.376396
 H  2.853345   0.538614   -1.092958
  }
 basis={
                                                                            ! oxygen               (10s,5p,4d,2f) -&gt; [10s,5p,4d,2f]
 s, O , 0.1533000000E+05, 0.2299000000E+04, 0.5224000000E+03, 0.1473000000E+03, 0.4755000000E+02, 0.1676000000E+02, 0.6207000000E+01, 0.1752000000E+01, 0.6882000000E+00, 0.2384000000E+00
 c, 1.1, 0.1000000000E+01
 c, 2.2, 0.1000000000E+01
 c, 3.3, 0.1000000000E+01
 c, 4.4, 0.1000000000E+01
 c, 5.5, 0.1000000000E+01
 c, 6.6, 0.1000000000E+01
 c, 7.7, 0.1000000000E+01
 c, 8.8, 0.1000000000E+01
 c, 9.9, 0.1000000000E+01
 c, 10.10, 0.1000000000E+01
 p, O , 0.3446000000E+02, 0.7749000000E+01, 0.2280000000E+01, 0.7156000000E+00, 0.2140000000E+00
 c, 1.1, 0.1000000000E+01
 c, 2.2, 0.1000000000E+01
 c, 3.3, 0.1000000000E+01
 c, 4.4, 0.1000000000E+01
 c, 5.5, 0.1000000000E+01
 d, O , 0.2100000000E+02, 0.7000000000E+01, 0.2314000000E+01, 0.6450000000E+00
 c, 1.1, 0.1000000000E+01
 c, 2.2, 0.1000000000E+01
 c, 3.3, 0.1000000000E+01
 c, 4.4, 0.1000000000E+01
 f, O , 0.4300000000E+01, 0.1428000000E+01
 c, 1.1, 0.1000000000E+01
 c, 2.2, 0.1000000000E+01
                                                                                 ! hydrogen             (5s,2p,1d) -&gt; [5s,2p,1d]
 s, H , 0.3387000000E+02, 0.5095000000E+01, 0.1159000000E+01, 0.3258000000E+00, 0.1027000000E+00
 c, 1.1, 0.1000000000E+01
 c, 2.2, 0.1000000000E+01
 c, 3.3, 0.1000000000E+01
 c, 4.4, 0.1000000000E+01
 c, 5.5, 0.1000000000E+01
 p, H , 0.1407000000E+01, 0.3880000000E+00
 c, 1.1, 0.1000000000E+01
 c, 2.2, 0.1000000000E+01
 d, H , 0.1057000000E+01
 c, 1.1, 0.1000000000E+01
                                                                            ! carbon               (10s,5p,4d,2f) -&gt; [10s,5p,4d,2f]
 s, C , 0.8236000000E+04, 0.1235000000E+04, 0.2808000000E+03, 0.7927000000E+02, 0.2559000000E+02, 0.8997000000E+01, 0.3319000000E+01, 0.9059000000E+00, 0.3643000000E+00, 0.1285000000E+00
 c, 1.1, 0.1000000000E+01
 c, 2.2, 0.1000000000E+01
 c, 3.3, 0.1000000000E+01
 c, 4.4, 0.1000000000E+01
 c, 5.5, 0.1000000000E+01
 c, 6.6, 0.1000000000E+01
 c, 7.7, 0.1000000000E+01
 c, 8.8, 0.1000000000E+01
 c, 9.9, 0.1000000000E+01
 c, 10.10, 0.1000000000E+01
 p, C , 0.1871000000E+02, 0.4133000000E+01, 0.1200000000E+01, 0.3827000000E+00, 0.1209000000E+00
 c, 1.1, 0.1000000000E+01
 c, 2.2, 0.1000000000E+01
 c, 3.3, 0.1000000000E+01
 c, 4.4, 0.1000000000E+01
 c, 5.5, 0.1000000000E+01
 d, C , 0.1000000000E+02, 0.3300000000E+01, 0.1097000000E+01, 0.3180000000E+00
 c, 1.1, 0.1000000000E+01
 c, 2.2, 0.1000000000E+01
 c, 3.3, 0.1000000000E+01
 c, 4.4, 0.1000000000E+01
 f, C , 0.2300000000E+01, 0.7610000000E+00
 c, 1.1, 0.1000000000E+01
 c, 2.2, 0.1000000000E+01
 }
 DKROLL=1
 DKHO=2
 {rhf
 wf,59,1,1
 }
 {uccsd(t)
 core}
 

 Fortran compiler diagnostic
 ***************************

 integer size                  8
 double precision size         8
 logical size                  8

 diagnostic completed successfully

 Variables initialized (889), CPU time= 0.01 sec
 Commands  initialized (702), CPU time= 0.02 sec, 572 directives.
 Default parameters read. Elapsed time= 0.10 sec

 Using DEFAULT tuning parameter for mpplat   :       3
 Using DEFAULT tuning parameter for mppspeed :    1600
 Checking input...
 Passed
1


                                         ***  PROGRAM SYSTEM MOLPRO  ***
                                       Copyright, TTI GmbH Stuttgart, 2015
                                    Version 2015.1 linked Jun  9 2019 06:55:40


 **********************************************************************************************************************************
 LABEL *   Mol_02                                                                        
  64 bit mpp version                                                                     DATE: 14-Apr-22          TIME: 00:25:16  
 **********************************************************************************************************************************

 SHA1:             f6387f0c468d0184d0b38d85973bdb066f718752
 **********************************************************************************************************************************

Geometry recognized as XYZ


 Variable memory set to ********** words,  buffer space   230000 words

 SETTING BASIS          =    USERDEF
 SETTING DKROLL         =         1.00000000                                  
 SETTING DKHO           =         2.00000000                                  


 Recomputing integrals since basis changed


 Using spherical harmonics



 PROGRAM * SEWARD (Integral evaluation for generally contracted gaussian basis sets)     Author: Roland Lindh, 1990

 Geometry written to block  1 of record 700


 Point group  C1  



 ATOMIC COORDINATES

 NR  ATOM    CHARGE       X              Y              Z

   1  C       6.00    3.697938913    0.655468514   -0.980250074
   2  C       6.00    3.108964192   -1.943881896   -0.280930465
   3  C       6.00    0.897342119   -2.577297306    0.769477581
   4  C       6.00   -1.102033474   -0.624288033    1.153927243
   5  C       6.00   -0.096075566    2.065854269    1.337812713
   6  C       6.00    2.199711129    2.551287115   -0.248192850
   7  H       1.00    0.378141756    2.442850851    3.321683103
   8  H       1.00   -1.635172457    3.360273200    0.880432850
   9  H       1.00    0.458402204   -4.516866847    1.237451248
  10  H       1.00    4.515889858   -3.385708914   -0.640343146
  11  O       8.00   -2.815837435   -0.855896646   -1.102823379
  12  H       1.00   -2.326969066   -1.048469187    2.749207581
  13  O       8.00   -4.893462807    0.465518913   -0.807527216
  14  H       1.00    2.656992726    4.490255723   -0.711285354
  15  H       1.00    5.392040589    1.017832947   -2.065391286

 Bond lengths in Bohr (Angstrom)

  1- 2  2.755460341   1- 6  2.524821269   1-15  2.044216212   2- 3  2.529000660   2-10  2.046333906
       ( 1.458126818)       ( 1.336077877)       ( 1.081752634)       ( 1.338289515)       ( 1.082873269)

  3- 4  2.821267362   3- 9  2.042938473   4- 5  2.877956007   4-11  2.843183064   4-12  2.055557397
       ( 1.492950394)       ( 1.081076483)       ( 1.522948733)       ( 1.504547684)       ( 1.087754130)

  5- 6  2.832259741   5- 7  2.074307166   5- 8  2.062410228   6-14  2.045277582  11-13  2.479892355
       ( 1.498767310)       ( 1.097676081)       ( 1.091380492)       ( 1.082314287)       ( 1.312302520)

 Bond angles

  1- 2- 3  121.91137307   1- 2-10  118.23811018   1- 6- 5  120.97527252   1- 6-14  120.89875723

  2- 1- 6  120.52456230   2- 1-15  118.62550232   2- 3- 4  120.19614653   2- 3- 9  121.38754322

  3- 2-10  119.84993305   3- 4- 5  114.08336140   3- 4-11  105.22574588   3- 4-12  112.65722860

  4-3-9  118.27729277   4-5-6  114.06423423   4-5-7  108.11370112   4-5-8  108.15861685

  4-11-13  111.53545632   5- 4-11  109.72795009   5- 4-12  110.58516644   5- 6-14  118.06714994

  6- 1-15  120.83569640   6- 5- 7  108.60867084   6- 5- 8  111.91005477   7- 5- 8  105.58329812

 11- 4-12  103.88621905

 NUCLEAR CHARGE:                   59
 NUMBER OF PRIMITIVE AOS:         671
 NUMBER OF SYMMETRY AOS:          584
 NUMBER OF CONTRACTIONS:          584   ( 584A   )
 NUMBER OF CORE ORBITALS:           8   (   8A   )
 NUMBER OF VALENCE ORBITALS:       39   (  39A   )


 NUCLEAR REPULSION ENERGY  358.07714257

 One-electron integrals computed with SEWARD

 2nd-order Douglas-Kroll-Hess method activated. Optimal DKH parametrization is used.

 Computing Douglas-Kroll / X2C integrals

 AO integral compression algorithm  1   Integral accuracy      1.0D-11

     20893.139 MB (compressed) written to integral file ( 17.1%)

     Node minimum: 2486.436 MB, node maximum: 2788.164 MB


 NUMBER OF SORTED TWO-ELECTRON INTEGRALS: 1823717024.     BUFFER LENGTH:  32768
 NUMBER OF SEGMENTS:  58  SEGMENT LENGTH:   31996696      RECORD LENGTH: 524288

 Memory used in sort:      32.55 MW

 SORT1 READ 15228137812. AND WROTE   678410625. INTEGRALS IN   1965 RECORDS. CPU TIME:   580.99 SEC, REAL TIME:   618.96 SEC
 SORT2 READ  5432779270. AND WROTE 14589821610. INTEGRALS IN  77448 RECORDS. CPU TIME:    79.67 SEC, REAL TIME:    85.79 SEC

 Node minimum:  1823652968.  Node maximum:  1823802436. integrals

 OPERATOR DM      FOR CENTER  0  COORDINATES:    0.000000    0.000000    0.000000


 Eigenvalues of metric

         1 0.716E-04 0.304E-03 0.402E-03 0.500E-03 0.555E-03 0.603E-03 0.647E-03 0.727E-03


 **********************************************************************************************************************************
 DATASETS  * FILE   NREC   LENGTH (MB)   RECORD NAMES
              1      22       42.16       500      610      700      900      950      970     1000      129      960     1700   
                                          VAR    BASINP    GEOM    SYMINP    ZMAT    AOBASIS   BASIS     P2S    ABASIS    OPER   
                                         1101     1401     1411     1412     1650     1100     1400     1410     1200     1210   
                                          SR      EKINR    POTR     PVPR    MOLCAS      S      EKIN      POT      H0       H01  
                                         1080     1600   
                                         AOSYM     SMH  

 PROGRAMS   *        TOTAL       INT
 CPU TIMES  *       712.24    712.05
 REAL TIME  *       772.24 SEC
 DISK USED  *        85.10 GB      
 GA USED    *         0.01 MB       (max)       0.00 MB       (current)
 **********************************************************************************************************************************


 PROGRAM * RHF-SCF (OPEN SHELL)       Authors: W. Meyer, H.-J. Werner


 NUMBER OF ELECTRONS:      30+   29-    SPACE SYMMETRY=1    SPIN SYMMETRY: Doublet 
 CONVERGENCE THRESHOLDS:    1.00E-05 (Density)    1.18E-07 (Energy)
 MAX. NUMBER OF ITERATIONS:       60
 INTERPOLATION TYPE:            DIIS
 INTERPOLATION STEPS:              2 (START)      1 (STEP)
 LEVEL SHIFTS:                 -0.60 (CLOSED) -0.30 (OPEN) 



 Orbital guess generated from atomic densities. Full valence occupancy:   30

 Molecular orbital dump at record        2100.2

 Initial alpha occupancy:  30
 Initial beta  occupancy:  29
 Wave function symmetry:    1

 ITERATION    DDIFF          GRAD             ENERGY        2-EL.EN.            DIPOLE MOMENTS         DIIS   ORB.
    1      0.000D+00      0.000D+00      -381.02642659    979.064685    1.36256   -0.12646    0.85654    0    start
    2      0.000D+00      0.247D-02      -381.12531796    980.398862    1.18011    0.13302    0.79808    1    diag,B
    3      0.648D-03      0.107D-02      -381.14522279    979.980498    1.17212    0.05112    0.69930    2    diag,B
    4      0.270D-03      0.460D-03      -381.15604989    980.199976    1.06297    0.09427    0.68741    3    diag,B
    5      0.258D-03      0.253D-03      -381.16076262    980.233049    1.00780    0.10479    0.67274    4    diag,B
    6      0.184D-03      0.158D-03      -381.16442607    980.272278    0.94595    0.12171    0.66487    5    diag,B
    7      0.164D-03      0.122D-03      -381.16748477    980.312298    0.88337    0.13280    0.65282    6    fixocc
    8      0.167D-03      0.689D-04      -381.16848465    980.357717    0.84562    0.13687    0.64426    7    diag,B
    9      0.102D-03      0.293D-04      -381.16858460    980.373245    0.83522    0.13711    0.64279    8    diag,B
   10      0.404D-04      0.125D-04      -381.16859403    980.365581    0.83254    0.13547    0.64124    9    orth
   11      0.152D-04      0.573D-05      -381.16859497    980.367151    0.83359    0.13578    0.64212    9    diag,B
   12      0.968D-05      0.364D-05      -381.16859579    980.365130    0.83277    0.13537    0.64164    9    diag,B
   13      0.477D-05      0.107D-05      -381.16859585    980.365474    0.83277    0.13546    0.64174    9    diag,B
   14      0.144D-05      0.486D-06      -381.16859586    980.365346    0.83266    0.13545    0.64171    0    orth

 Final alpha occupancy:  30
 Final beta  occupancy:  29

 !RHF STATE 1.1 Energy               -381.168595864277
 Nuclear energy                       358.07714257
 One-electron energy                -1229.42841162
 Two-electron energy                  490.18267319
 Virial quotient                       -0.99741811
 !RHF STATE 1.1 Dipole moment           0.83265889     0.13544899     0.64171316
 Dipole moment /Debye                   2.11626918     0.34425444     1.63096533

 Orbital energies:

         1.1          2.1          3.1          4.1          5.1          6.1          7.1          8.1          9.1         10.1
    -20.658390   -20.650908   -11.307627   -11.252700   -11.248363   -11.245944   -11.241423   -11.239407    -1.523289    -1.177272

        11.1         12.1         13.1         14.1         15.1         16.1         17.1         18.1         19.1         20.1
     -1.113368    -1.029867    -1.002763    -0.856705    -0.827779    -0.717926    -0.703547    -0.669214    -0.657023    -0.626008

        21.1         22.1         23.1         24.1         25.1         26.1         27.1         28.1         29.1         30.1
     -0.597137    -0.594347    -0.568881    -0.547394    -0.495452    -0.475866    -0.461109    -0.441372    -0.324087    -0.552667

        31.1         32.1
      0.092390     0.137320

 HOMO     30.1    -0.552667 =     -15.0388eV
 LUMO     31.1     0.092390 =       2.5141eV
 LUMO-HOMO         0.645057 =      17.5529eV


 **********************************************************************************************************************************
 DATASETS  * FILE   NREC   LENGTH (MB)   RECORD NAMES
              1      22       42.16       500      610      700      900      950      970     1000      129      960     1700   
                                          VAR    BASINP    GEOM    SYMINP    ZMAT    AOBASIS   BASIS     P2S    ABASIS    OPER   
                                         1101     1401     1411     1412     1650     1100     1400     1410     1200     1210   
                                          SR      EKINR    POTR     PVPR    MOLCAS      S      EKIN      POT      H0       H01  
                                         1080     1600   
                                         AOSYM     SMH  

              2       4       12.64       700     1000      520     2100   
                                         GEOM     BASIS   MCVARS     RHF  

 PROGRAMS   *        TOTAL       RHF       INT
 CPU TIMES  *       977.17    264.93    712.05
 REAL TIME  *      1047.09 SEC
 DISK USED  *        85.93 GB      
 SF USED    *         1.37 MB      
 GA USED    *         0.01 MB       (max)       0.00 MB       (current)
 **********************************************************************************************************************************


 PROGRAM * CCSD (Unrestricted open-shell coupled cluster)     Authors: C. Hampel, H.-J. Werner, 1991, M. Deegan, P.J. Knowles, 1992


 Convergence thresholds:  THRVAR = 1.00D-08  THRDEN = 1.18D-06

 CCSD(T)     terms to be evaluated (factor= 1.000)


 Number of closed-shell orbitals:  29 (  29 )
 Number of active  orbitals:        1 (   1 )
 Number of external orbitals:     554 ( 554 )

 Memory could be reduced to 7616.94 Mwords without degradation in triples

 Number of N-1 electron functions:              59
 Number of N-2 electron functions:            1711
 Number of singly external CSFs:             32745
 Number of doubly external CSFs:         397272885
 Total number of CSFs:                   397305630

 Molecular orbitals read from record     2100.2  Type=RHF/CANONICAL (state 1.1)

 Integral transformation finished. Total CPU:1164.28 sec, npass=  1  Memory used:3351.72 MW

 Starting RMP2 calculation

 ITER.      SQ.NORM     CORR.ENERGY   TOTAL ENERGY   ENERGY CHANGE        DEN1      VAR(S)    VAR(P)  DIIS     TIME
   1      1.43117360    -1.84214099  -383.01073685    -1.84214099    -0.00543191  0.28D-04  0.22D-02  1  1  1287.88
   2      1.43653387    -1.84800482  -383.01660068    -0.00586383    -0.00001242  0.11D-05  0.64D-05  2  2  1738.23
   3      1.43673894    -1.84812297  -383.01671884    -0.00011815    -0.00000011  0.57D-07  0.29D-07  3  3  1878.97
   4      1.43674417    -1.84812333  -383.01671920    -0.00000036    -0.00000000  0.18D-08  0.20D-09  4  4  2125.27

 Norm of t1 vector:      0.04664955      S-energy:    -0.00462455      T1 diagnostic:  0.00054839
 Norm of t2 vector:      0.65921771      P-energy:    -1.84349879
                                         Alpha-Beta:  -1.44432806
                                         Alpha-Alpha: -0.20452613
                                         Beta-Beta:   -0.19464459

 Spin contamination <S**2-Sz**2-Sz>     0.00092686
  Reference energy                   -381.168595864284
  RHF-RMP2 correlation energy          -1.848123334635
 !RHF-RMP2 energy                    -383.016719198918

 Starting UCCSD calculation

 ITER.      SQ.NORM     CORR.ENERGY   TOTAL ENERGY   ENERGY CHANGE        DEN1      VAR(S)    VAR(P)  DIIS     TIME
   1      1.43382966    -1.84445793  -383.01305380    -1.84445793    -0.04494283  0.99D-02  0.76D-02  0  0  5912.05
   2      1.47165878    -1.88436442  -383.05296029    -0.03990649    -0.00523154  0.73D-03  0.16D-02  1  1  9576.41
   3      1.49064058    -1.89101244  -383.05960830    -0.00664802    -0.00144641  0.97D-03  0.22D-03  2  2 13040.42
   4      1.50643418    -1.89709529  -383.06569115    -0.00608285    -0.00048347  0.35D-03  0.60D-04  3  3 16727.47
   5      1.52323373    -1.89989656  -383.06849243    -0.00280127    -0.00015581  0.14D-03  0.10D-04  4  4 20592.64
   6      1.53406599    -1.90069680  -383.06929267    -0.00080024    -0.00004054  0.25D-04  0.67D-05  5  5 24461.06
   7      1.54027343    -1.90124508  -383.06984095    -0.00054828    -0.00000659  0.29D-05  0.19D-05  6  6 28166.84
   8      1.54094468    -1.90127827  -383.06987414    -0.00003319    -0.00000143  0.55D-06  0.44D-06  6  2 31869.82
   9      1.54148995    -1.90132653  -383.06992239    -0.00004826    -0.00000030  0.12D-06  0.90D-07  6  1 35274.07
  10      1.54161119    -1.90134098  -383.06993684    -0.00001445    -0.00000006  0.33D-07  0.12D-07  6  3 39017.49
  11      1.54158949    -1.90133473  -383.06993060     0.00000624    -0.00000002  0.11D-07  0.38D-08  6  4 43604.12
  12      1.54162120    -1.90133479  -383.06993065    -0.00000006    -0.00000001  0.49D-08  0.70D-09  6  5 48269.78

 Norm of t1 vector:      0.24219347      S-energy:    -0.00510432      T1 diagnostic:  0.02168819
                                                                       D1 diagnostic:  0.14260382
 Norm of t2 vector:      0.69495577      P-energy:    -1.89623047
                                         Alpha-Beta:  -1.53019475
                                         Alpha-Alpha: -0.18636995
                                         Beta-Beta:   -0.17966576

 Singles amplitudes (print threshold =  0.500E-01):

         I         SYM. A    A   T(IA) [Beta-Beta]

        19         1         1      0.06361887
        20         1         1      0.08870390
        24         1         1      0.12683153
        26         1         1     -0.07535702

 Doubles amplitudes (print threshold =  0.500E-01):

         I         J         SYM. A    SYM. B    A         B      T(IJ, AB) [Alpha-Beta]

        29        29         1         1         2         2     -0.08414573

 Spin contamination <S**2-Sz**2-Sz>     0.00127435

 Memory could be reduced to 8178.34 Mwords without degradation in triples


  Correlated core orbitals:             1.1       2.1       3.1       4.1       5.1       6.1       7.1       8.1
  Orbital energies:                   -20.6749  -20.6537  -11.3076  -11.2527  -11.2484  -11.2460  -11.2414  -11.2394

  UCCSD core-core energy               -0.295590717719
  UCCSD core-valence energy            -0.117408114936
  UCCSD valence correlation energy     -1.488335956416


 RESULTS
 =======

  Reference energy                   -381.168595864284
  UCCSD singles energy                 -0.005104321409
  UCCSD pair energy                    -1.896230467663
  UCCSD correlation energy             -1.901334789071
  Triples (T) contribution             -0.076687694766
  Total correlation energy             -1.978022483837

  RHF-UCCSD energy                   -383.069930653355
  RHF-UCCSD[T] energy                -383.150851118651
  RHF-UCCSD-T energy                 -383.145773661631
 !RHF-UCCSD(T) energy                -383.146618348120

 Program statistics:

 Available memory in ccsd:             24999992400
 Min. memory needed in ccsd:            1080539128
 Max. memory used in ccsd:              1597354003
 Max. memory used in cckext:            1187133809 (12 integral passes)
 Max. memory used in cckint:            3351715156 ( 1 integral passes)



 **********************************************************************************************************************************
 DATASETS  * FILE   NREC   LENGTH (MB)   RECORD NAMES
              1      22       42.16       500      610      700      900      950      970     1000      129      960     1700   
                                          VAR    BASINP    GEOM    SYMINP    ZMAT    AOBASIS   BASIS     P2S    ABASIS    OPER   
                                         1101     1401     1411     1412     1650     1100     1400     1410     1200     1210   
                                          SR      EKINR    POTR     PVPR    MOLCAS      S      EKIN      POT      H0       H01  
                                         1080     1600   
                                         AOSYM     SMH  

              2       4       12.64       700     1000      520     2100   
                                         GEOM     BASIS   MCVARS     RHF  

 PROGRAMS   *        TOTAL  UCCSD(T)       RHF       INT
 CPU TIMES  *    174148.20 173170.99    264.93    712.05
 REAL TIME  *    209451.48 SEC
 DISK USED  *       490.32 GB      
 SF USED    *       163.90 GB      
 GA USED    *         0.01 MB       (max)       0.00 MB       (current)
 **********************************************************************************************************************************

 UCCSD(T)/USERDEF energy=   -383.146618348120

        UCCSD(T)        RHF-SCF 
   -383.14661835   -381.16859586
 **********************************************************************************************************************************
 Molpro calculation terminated
 Variable memory released

 Fortran compiler diagnostic
 ***************************

 integer size                  8
 double precision size         8
 logical size                  8

 diagnostic completed successfully
