
 Primary working directories    : /scratch/saurabh/PBS_8057419.helios
 Secondary working directories  : /scratch/saurabh/PBS_8057419.helios
 Wavefunction directory         : /scratch/saurabh/PBS_8057419.helios/
 Main file repository           : /scratch/saurabh/PBS_8057419.helios/

 SHA1      : f6387f0c468d0184d0b38d85973bdb066f718752
 NAME      : 2015.1.44
 ARCHNAME  : linux/x86_64
 FC        : /opt/may/bin/gfortran
 BLASLIB   : -Wl,-_start-group /opt/intel/mkl/lib/intel64/libmkl_gf_ilp64.a /opt/intel/mkl/lib/intel64/libmkl_gnu_thread.a /opt/intel/mkl/lib/intel64/libmkl_core.a -Wl,-_end-group
 id        : ramakrishnan

 Nodes             nprocs
 hel06.tifrh.res.in    8

 Using DEFAULT tuning parameter for ncache   :   16384
 Using DEFAULT tuning parameter for mflopdgm :   10000
 Using DEFAULT tuning parameter for mflopdgv :    4000
 Using DEFAULT tuning parameter for mflopmxm :    5000
 Using DEFAULT tuning parameter for mflopmxv :    4000
 Using DEFAULT tuning parameter for mindgm   :       1
 Using DEFAULT tuning parameter for mindgc   :       4
 Using DEFAULT tuning parameter for mindgf   :    5000
 Using DEFAULT tuning parameter for mindgl   :       4
 Using DEFAULT tuning parameter for mindgr   :       1
 Using DEFAULT tuning parameter for mindgv   :      20
 Using DEFAULT tuning parameter for mincuda  :     500
 Using DEFAULT tuning parameter for mxmblk   :      64
 Using DEFAULT tuning parameter for mxmbln   :      64
 Using DEFAULT tuning parameter for nroll    :       2
 Using custom tuning parameter for ngpus     :       0
 Using customized tuning parameters: mindgm=1; mindgv=20; mindgc=4; mindgr=1; noblas=0; minvec=7
 default implementation of scratch files=sf  

 ***,Mol_04_a
 memory,64,g
 geometry={
 C        -0.000000   -1.060785    0.328601
 C         1.246287   -0.662391   -0.498404
 C         1.246287    0.662391   -0.498404
 C         0.000001    1.060785    0.328602
 C        -1.246287    0.662392   -0.498403
 C        -1.246288   -0.662391   -0.498404
 H        -1.909396    1.348313   -1.000076
 H         1.909396    1.348309   -1.000080
 H         1.909394   -1.348312   -1.000081
 O         0.000001   -0.000000    1.302326
 H         0.000002    2.037501    0.800095
 H        -1.909399   -1.348310   -1.000078
 H        -0.000000   -2.037502    0.800094
  }
 basis={
                                                                            ! oxygen               (10s,5p,4d,2f) -&gt; [10s,5p,4d,2f]
 s, O , 0.1533000000E+05, 0.2299000000E+04, 0.5224000000E+03, 0.1473000000E+03, 0.4755000000E+02, 0.1676000000E+02, 0.6207000000E+01, 0.1752000000E+01, 0.6882000000E+00, 0.2384000000E+00
 c, 1.1, 0.1000000000E+01
 c, 2.2, 0.1000000000E+01
 c, 3.3, 0.1000000000E+01
 c, 4.4, 0.1000000000E+01
 c, 5.5, 0.1000000000E+01
 c, 6.6, 0.1000000000E+01
 c, 7.7, 0.1000000000E+01
 c, 8.8, 0.1000000000E+01
 c, 9.9, 0.1000000000E+01
 c, 10.10, 0.1000000000E+01
 p, O , 0.3446000000E+02, 0.7749000000E+01, 0.2280000000E+01, 0.7156000000E+00, 0.2140000000E+00
 c, 1.1, 0.1000000000E+01
 c, 2.2, 0.1000000000E+01
 c, 3.3, 0.1000000000E+01
 c, 4.4, 0.1000000000E+01
 c, 5.5, 0.1000000000E+01
 d, O , 0.2100000000E+02, 0.7000000000E+01, 0.2314000000E+01, 0.6450000000E+00
 c, 1.1, 0.1000000000E+01
 c, 2.2, 0.1000000000E+01
 c, 3.3, 0.1000000000E+01
 c, 4.4, 0.1000000000E+01
 f, O , 0.4300000000E+01, 0.1428000000E+01
 c, 1.1, 0.1000000000E+01
 c, 2.2, 0.1000000000E+01
                                                                                 ! hydrogen             (5s,2p,1d) -&gt; [5s,2p,1d]
 s, H , 0.3387000000E+02, 0.5095000000E+01, 0.1159000000E+01, 0.3258000000E+00, 0.1027000000E+00
 c, 1.1, 0.1000000000E+01
 c, 2.2, 0.1000000000E+01
 c, 3.3, 0.1000000000E+01
 c, 4.4, 0.1000000000E+01
 c, 5.5, 0.1000000000E+01
 p, H , 0.1407000000E+01, 0.3880000000E+00
 c, 1.1, 0.1000000000E+01
 c, 2.2, 0.1000000000E+01
 d, H , 0.1057000000E+01
 c, 1.1, 0.1000000000E+01
                                                                            ! carbon               (10s,5p,4d,2f) -&gt; [10s,5p,4d,2f]
 s, C , 0.8236000000E+04, 0.1235000000E+04, 0.2808000000E+03, 0.7927000000E+02, 0.2559000000E+02, 0.8997000000E+01, 0.3319000000E+01, 0.9059000000E+00, 0.3643000000E+00, 0.1285000000E+00
 c, 1.1, 0.1000000000E+01
 c, 2.2, 0.1000000000E+01
 c, 3.3, 0.1000000000E+01
 c, 4.4, 0.1000000000E+01
 c, 5.5, 0.1000000000E+01
 c, 6.6, 0.1000000000E+01
 c, 7.7, 0.1000000000E+01
 c, 8.8, 0.1000000000E+01
 c, 9.9, 0.1000000000E+01
 c, 10.10, 0.1000000000E+01
 p, C , 0.1871000000E+02, 0.4133000000E+01, 0.1200000000E+01, 0.3827000000E+00, 0.1209000000E+00
 c, 1.1, 0.1000000000E+01
 c, 2.2, 0.1000000000E+01
 c, 3.3, 0.1000000000E+01
 c, 4.4, 0.1000000000E+01
 c, 5.5, 0.1000000000E+01
 d, C , 0.1000000000E+02, 0.3300000000E+01, 0.1097000000E+01, 0.3180000000E+00
 c, 1.1, 0.1000000000E+01
 c, 2.2, 0.1000000000E+01
 c, 3.3, 0.1000000000E+01
 c, 4.4, 0.1000000000E+01
 f, C , 0.2300000000E+01, 0.7610000000E+00
 c, 1.1, 0.1000000000E+01
 c, 2.2, 0.1000000000E+01
 }
 hf;
 ccsd(t);
 

 Fortran compiler diagnostic
 ***************************

 integer size                  8
 double precision size         8
 logical size                  8

 diagnostic completed successfully

 Variables initialized (889), CPU time= 0.02 sec
 Commands  initialized (702), CPU time= 0.02 sec, 572 directives.
 Default parameters read. Elapsed time= 0.12 sec

 Using DEFAULT tuning parameter for mpplat   :       3
 Using DEFAULT tuning parameter for mppspeed :    1600
 Checking input...
 Passed
1


                                         ***  PROGRAM SYSTEM MOLPRO  ***
                                       Copyright, TTI GmbH Stuttgart, 2015
                                    Version 2015.1 linked Jun  9 2019 06:55:40


 **********************************************************************************************************************************
 LABEL *   Mol_04_a                                                                      
  64 bit mpp version                                                                     DATE: 24-Apr-22          TIME: 20:24:48  
 **********************************************************************************************************************************

 SHA1:             f6387f0c468d0184d0b38d85973bdb066f718752
 **********************************************************************************************************************************

Geometry recognized as XYZ


 Variable memory set to ********** words,  buffer space   230000 words

 SETTING BASIS          =    USERDEF


 Recomputing integrals since basis changed


 Using spherical harmonics



 PROGRAM * SEWARD (Integral evaluation for generally contracted gaussian basis sets)     Author: Roland Lindh, 1990

 Geometry written to block  1 of record 700


 Point group  C1  



 ATOMIC COORDINATES

 NR  ATOM    CHARGE       X              Y              Z

   1  C       6.00   -0.000000000   -2.004593127    0.620965894
   2  C       6.00    2.355141103   -1.251737577   -0.941847059
   3  C       6.00    2.355141103    1.251737577   -0.941847059
   4  C       6.00    0.000001890    2.004593127    0.620967784
   5  C       6.00   -2.355141103    1.251739467   -0.941845170
   6  C       6.00   -2.355142992   -1.251737577   -0.941847059
   7  H       1.00   -3.608235503    2.547942300   -1.889869744
   8  H       1.00    3.608235503    2.547934741   -1.889877303
   9  H       1.00    3.608231724   -2.547940410   -1.889879192
  10  O       8.00    0.000001890   -0.000000000    2.461039465
  11  H       1.00    0.000003779    3.850318869    1.511960424
  12  H       1.00   -3.608241173   -2.547936631   -1.889873523
  13  H       1.00   -0.000000000   -3.850320758    1.511958534

 Bond lengths in Bohr (Angstrom)

  1- 2  2.925041097   1- 4  4.009186254   1- 6  2.925042619   1-10  2.721077792   1-13  2.049531257
       ( 1.547865090)       ( 2.121570000)       ( 1.547865895)       ( 1.439932357)       ( 1.084565234)

 2-3  2.503475155  2-9  2.036944480  3-4  2.925040585  3-8  2.036942318  4-5  2.925042132
     ( 1.324782000)     ( 1.077904599)     ( 1.547864819)     ( 1.077903455)     ( 1.547865637)

  4-10  2.721076514   4-11  2.049529555   5- 6  2.503477044   5- 7  2.036943287   6-12  2.036944087
       ( 1.439931680)       ( 1.084564334)       ( 1.324783000)       ( 1.077903967)       ( 1.077904391)

 Bond angles

  1-2-3  104.91482896   1-2-9  125.46499023   1-4-3   75.08517594   1-4-5   75.08517731

  1- 4-10   42.54971273   1- 4-11  154.23189203   1- 6- 5  104.91476107   1- 6-12  125.46514402

  1-10- 4   94.90059923   2- 1- 4   75.08516347   2- 1- 6  107.25243412   2- 1-10   99.88602948

  2- 1-13  117.64938792   2- 3- 4  104.91483163   2- 3- 8  129.51977948   3- 2- 9  129.51993604

  3- 4- 5  107.25239825   3- 4-10   99.88607227   3- 4-11  117.64937290   4- 1- 6   75.08521641

  4- 1-10   42.54968803   4- 1-13  154.23186098   4- 3- 8  125.46515451   4- 5- 6  104.91484520

  4- 5- 7  125.46502219   5- 4-10   99.88606926   5- 4-11  117.64939726   5- 6-12  129.51986794

  6- 1-10   99.88608933   6- 1-13  117.64937231   6- 5- 7  129.51990313  10- 1-13  111.68217295

 10- 4-11  111.68217930

 NUCLEAR CHARGE:                   50
 NUMBER OF PRIMITIVE AOS:         585
 NUMBER OF SYMMETRY AOS:          509
 NUMBER OF CONTRACTIONS:          509   ( 509A   )
 NUMBER OF CORE ORBITALS:           7   (   7A   )
 NUMBER OF VALENCE ORBITALS:       34   (  34A   )


 NUCLEAR REPULSION ENERGY  291.81528244


 Eigenvalues of metric

         1 0.587E-04 0.168E-03 0.459E-03 0.597E-03 0.601E-03 0.633E-03 0.837E-03 0.844E-03


 Contracted 2-electron integrals neglected if value below      1.0D-11
 AO integral compression algorithm  1   Integral accuracy      1.0D-11

     15324.414 MB (compressed) written to integral file ( 21.1%)

     Node minimum: 1801.978 MB, node maximum: 1990.197 MB


 NUMBER OF SORTED TWO-ELECTRON INTEGRALS: 1052937600.     BUFFER LENGTH:  32768
 NUMBER OF SEGMENTS:  33  SEGMENT LENGTH:   31996696      RECORD LENGTH: 524288

 Memory used in sort:      32.55 MW

 SORT1 READ  9071360550. AND WROTE   507670653. INTEGRALS IN   1468 RECORDS. CPU TIME:   172.38 SEC, REAL TIME:   180.46 SEC
 SORT2 READ  4065344513. AND WROTE  8423435910. INTEGRALS IN  60656 RECORDS. CPU TIME:    22.32 SEC, REAL TIME:   239.75 SEC

 Node minimum:  1052872704.  Node maximum:  1052986275. integrals

 OPERATOR DM      FOR CENTER  0  COORDINATES:    0.000000    0.000000    0.000000


 **********************************************************************************************************************************
 DATASETS  * FILE   NREC   LENGTH (MB)   RECORD NAMES
              1      18       29.58       500      610      700      900      950      970     1000      129      960     1100   
                                          VAR    BASINP    GEOM    SYMINP    ZMAT    AOBASIS   BASIS     P2S    ABASIS      S 
                                         1400     1410     1200     1210     1080     1600     1650     1700   
                                           T        V       H0       H01     AOSYM     SMH    MOLCAS    OPER   

 PROGRAMS   *        TOTAL       INT
 CPU TIMES  *       234.28    234.09
 REAL TIME  *       490.24 SEC
 DISK USED  *        63.59 GB      
 GA USED    *         0.01 MB       (max)       0.00 MB       (current)
 **********************************************************************************************************************************


 PROGRAM * RHF-SCF (CLOSED SHELL)       Authors: W. Meyer, H.-J. Werner


 NUMBER OF ELECTRONS:      25+   25-    SPACE SYMMETRY=1    SPIN SYMMETRY: Singlet 
 CONVERGENCE THRESHOLDS:    1.00E-05 (Density)    1.00E-07 (Energy)
 MAX. NUMBER OF ITERATIONS:       60
 INTERPOLATION TYPE:            DIIS
 INTERPOLATION STEPS:              2 (START)      1 (STEP)
 LEVEL SHIFTS:                  0.00 (CLOSED)  0.00 (OPEN) 



 Orbital guess generated from atomic densities. Full valence occupancy:   25

 Molecular orbital dump at record        2100.2

 Initial occupancy:  25

 ITERATION    DDIFF          GRAD             ENERGY        2-EL.EN.            DIPOLE MOMENTS         DIIS   ORB.
    1      0.000D+00      0.000D+00      -305.48443014    793.596165   -0.00000   -0.00000   -1.03762    0    start
    2      0.000D+00      0.233D-02      -305.55247781    791.120821   -0.00000    0.00000   -0.72497    1    diag
    3      0.880D-03      0.102D-02      -305.56281809    792.413654   -0.00000   -0.00000   -0.83236    2    diag
    4      0.324D-03      0.347D-03      -305.56448605    792.219529   -0.00000    0.00000   -0.77611    3    diag
    5      0.159D-03      0.859D-04      -305.56460601    792.181387   -0.00000    0.00000   -0.79779    4    diag
    6      0.476D-04      0.232D-04      -305.56461745    792.187162   -0.00000    0.00000   -0.78982    5    diag
    7      0.192D-04      0.483D-05      -305.56461813    792.184054   -0.00000    0.00000   -0.79078    6    diag
    8      0.558D-05      0.936D-06      -305.56461815    792.184091   -0.00000    0.00000   -0.79043    7    diag
    9      0.100D-05      0.268D-06      -305.56461816    792.183940   -0.00000    0.00000   -0.79047    0    orth

 Final occupancy:  25

 !RHF STATE 1.1 Energy               -305.564618155612
 Nuclear energy                       291.81528244
 One-electron energy                 -993.47187063
 Two-electron energy                  396.09197004
 Virial quotient                       -1.00114005
 !RHF STATE 1.1 Dipole moment          -0.00000132     0.00000027    -0.79047453
 Dipole moment /Debye                  -0.00000337     0.00000068    -2.00905426

 Orbital energies:

         1.1          2.1          3.1          4.1          5.1          6.1          7.1          8.1          9.1         10.1
    -20.548108   -11.292279   -11.292254   -11.230610   -11.230591   -11.228776   -11.228767    -1.392136    -1.094176    -1.032245

        11.1         12.1         13.1         14.1         15.1         16.1         17.1         18.1         19.1         20.1
     -0.983452    -0.804170    -0.771460    -0.732523    -0.725100    -0.673050    -0.587049    -0.558968    -0.554364    -0.530240

        21.1         22.1         23.1         24.1         25.1         26.1         27.1
     -0.529529    -0.475417    -0.435100    -0.385695    -0.327906     0.115322     0.147700

 HOMO     25.1    -0.327906 =      -8.9228eV
 LUMO     26.1     0.115322 =       3.1381eV
 LUMO-HOMO         0.443229 =      12.0609eV


 **********************************************************************************************************************************
 DATASETS  * FILE   NREC   LENGTH (MB)   RECORD NAMES
              1      18       29.58       500      610      700      900      950      970     1000      129      960     1100   
                                          VAR    BASINP    GEOM    SYMINP    ZMAT    AOBASIS   BASIS     P2S    ABASIS      S 
                                         1400     1410     1200     1210     1080     1600     1650     1700   
                                           T        V       H0       H01     AOSYM     SMH    MOLCAS    OPER   

              2       4        8.22       700     1000      520     2100   
                                         GEOM     BASIS   MCVARS     RHF  

 PROGRAMS   *        TOTAL        HF       INT
 CPU TIMES  *       342.64    108.33    234.09
 REAL TIME  *       619.08 SEC
 DISK USED  *        64.03 GB      
 SF USED    *         1.04 MB      
 GA USED    *         0.01 MB       (max)       0.00 MB       (current)
 **********************************************************************************************************************************


 PROGRAM * CCSD (Closed-shell coupled cluster)     Authors: C. Hampel, H.-J. Werner, 1991, M. Deegan, P.J. Knowles, 1992


 Convergence thresholds:  THRVAR = 1.00D-08  THRDEN = 1.00D-06

 CCSD(T)     terms to be evaluated (factor= 1.000)


 Number of core orbitals:           7 (   7 )
 Number of closed-shell orbitals:  18 (  18 )
 Number of external orbitals:     484 ( 484 )

 Molecular orbitals read from record     2100.2  Type=RHF/CANONICAL (state 1.1)

 Number of N-1 electron functions:              18
 Number of N-2 electron functions:             171
 Number of singly external CSFs:              8712
 Number of doubly external CSFs:          37953828
 Total number of CSFs:                    37962541

 Length of J-op  integral file:               0.00 MB
 Length of K-op  integral file:              17.79 MB
 Length of 3-ext integral record:             0.00 MB

 Memory could be reduced to 2416.91 Mwords without degradation in triples

 Integral transformation finished. Total CPU: 468.26 sec, npass=  1  Memory used:1332.93 MW

 Reference energy:                   -305.56461816

 MP2 singlet pair energy:              -0.77343269
 MP2 triplet pair energy:              -0.45565439
 MP2 correlation energy:               -1.22908707
 MP2 total energy:                   -306.79370523

 SCS-MP2 correlation energy:           -1.21163751   (PS=  1.200000  PT=  0.333333)
 SCS-MP2 total energy:               -306.77625567

 ITER.      SQ.NORM     CORR.ENERGY   TOTAL ENERGY   ENERGY CHANGE        DEN1      VAR(S)    VAR(P)  DIIS     TIME  TIME/IT
   1      1.37574784    -1.24658537  -306.81120352    -0.01749829     0.01732926  0.64D-02  0.72D-02  1  1   610.02   147.53
   2      1.40206581    -1.24920167  -306.81381983    -0.00261630    -0.02887040  0.12D-03  0.10D-02  2  2   733.71   156.52
   3      1.41450350    -1.24950875  -306.81412691    -0.00030708    -0.00684571  0.65D-04  0.97D-04  3  3   857.80   156.93
   4      1.41882397    -1.24948540  -306.81410356     0.00002335    -0.00160228  0.41D-05  0.16D-04  4  4   978.44   155.28
   5      1.42047144    -1.24954205  -306.81416020    -0.00005665    -0.00035693  0.80D-06  0.16D-05  5  5  1113.80   158.27
   6      1.42092657    -1.24952972  -306.81414788     0.00001232    -0.00009009  0.54D-07  0.12D-06  6  6  1240.57   157.60
   7      1.42098752    -1.24952686  -306.81414501     0.00000286    -0.00000330  0.96D-08  0.11D-07  6  2  1362.10   156.42
   8      1.42099840    -1.24952632  -306.81414448     0.00000053    -0.00000052  0.19D-08  0.11D-08  6  1  1490.64   157.28
   9      1.42100174    -1.24952620  -306.81414436     0.00000012    -0.00000020  0.30D-09  0.14D-09  6  3  1634.12   159.57

 Norm of t1 vector:      0.10270713      S-energy:    -0.00000014      T1 diagnostic:  0.01210415
                                                                       D1 diagnostic:  0.03142404

 Doubles amplitudes (print threshold =  0.500E-01):

         I         J         SYM. A    SYM. B    A         B      T(IJ, AB)

        18        18         1         1         1         1     -0.05513602

   CPU time for triples:   1945.17 sec for i =  1 - 14 / 18 (~  48.7 % done)
   CPU time for triples:   2482.24 sec for i = 15 - 18 / 18 (  100.0 % done)

 Total CPU time for triples:   4443.02 sec


 RESULTS
 =======

  Reference energy                   -305.564618155614
  CCSD singlet pair energy             -0.844486218060
  CCSD triplet pair energy             -0.405039847720
  CCSD correlation energy              -1.249526201432

  Triples (T) contribution             -0.064092136539
  Total correlation energy             -1.313618337971

  CCSD total energy                  -306.814144357046
  CCSD[T] energy                     -306.880054373056
  CCSD-T energy                      -306.877404312753
 !CCSD(T) total energy               -306.878236493586

 Timing summary (sec):

 STEP                 CPU(USER)    SYS     CPU(TOT)    WALL
 Transformation        470.01     19.13    489.14    500.65
 CCSD iterations      1164.49     45.66   1210.15   1437.13
 Triples              4443.03     81.23   4524.26   4627.36

 Program statistics:

 Available memory in ccsd:             63999998604
 Min. memory needed in ccsd:              89527662
 Max. memory used in ccsd:               125013456
 Max. memory used in cckext:              90948240 ( 9 integral passes)



 **********************************************************************************************************************************
 DATASETS  * FILE   NREC   LENGTH (MB)   RECORD NAMES
              1      19     8745.93       500      610      700      900      950      970     1000      129      960     1100   
                                          VAR    BASINP    GEOM    SYMINP    ZMAT    AOBASIS   BASIS     P2S    ABASIS      S 
                                         1400     1410     1200     1210     1080     1600     1650     1700     1380   
                                           T        V       H0       H01     AOSYM     SMH    MOLCAS    OPER     JKOP   

              2       4        8.22       700     1000      520     2100   
                                         GEOM     BASIS   MCVARS     RHF  

 PROGRAMS   *        TOTAL   CCSD(T)        HF       INT
 CPU TIMES  *      6420.33   6077.62    108.33    234.09
 REAL TIME  *      7184.74 SEC
 DISK USED  *        76.58 GB      
 SF USED    *        12.01 GB      
 GA USED    *         0.01 MB       (max)       0.00 MB       (current)
 **********************************************************************************************************************************

 CCSD(T)/USERDEF energy=   -306.878236493586

        CCSD(T)         HF-SCF  
   -306.87823649   -305.56461816
 **********************************************************************************************************************************
 Molpro calculation terminated
 Variable memory released

 Fortran compiler diagnostic
 ***************************

 integer size                  8
 double precision size         8
 logical size                  8

 diagnostic completed successfully
