
 Primary working directories    : /scratch/saurabh/PBS_8054293.helios
 Secondary working directories  : /scratch/saurabh/PBS_8054293.helios
 Wavefunction directory         : /scratch/saurabh/PBS_8054293.helios/
 Main file repository           : /scratch/saurabh/PBS_8054293.helios/

 SHA1      : f6387f0c468d0184d0b38d85973bdb066f718752
 NAME      : 2015.1.44
 ARCHNAME  : linux/x86_64
 FC        : /opt/may/bin/gfortran
 BLASLIB   : -Wl,-_start-group /opt/intel/mkl/lib/intel64/libmkl_gf_ilp64.a /opt/intel/mkl/lib/intel64/libmkl_gnu_thread.a /opt/intel/mkl/lib/intel64/libmkl_core.a -Wl,-_end-group
 id        : ramakrishnan

 Nodes             nprocs
 hel06.tifrh.res.in    8

 Using DEFAULT tuning parameter for ncache   :   16384
 Using DEFAULT tuning parameter for mflopdgm :   10000
 Using DEFAULT tuning parameter for mflopdgv :    4000
 Using DEFAULT tuning parameter for mflopmxm :    5000
 Using DEFAULT tuning parameter for mflopmxv :    4000
 Using DEFAULT tuning parameter for mindgm   :       1
 Using DEFAULT tuning parameter for mindgc   :       4
 Using DEFAULT tuning parameter for mindgf   :    5000
 Using DEFAULT tuning parameter for mindgl   :       4
 Using DEFAULT tuning parameter for mindgr   :       1
 Using DEFAULT tuning parameter for mindgv   :      20
 Using DEFAULT tuning parameter for mincuda  :     500
 Using DEFAULT tuning parameter for mxmblk   :      64
 Using DEFAULT tuning parameter for mxmbln   :      64
 Using DEFAULT tuning parameter for nroll    :       2
 Using custom tuning parameter for ngpus     :       0
 Using customized tuning parameters: mindgm=1; mindgv=20; mindgc=4; mindgr=1; noblas=0; minvec=7
 default implementation of scratch files=sf  

 ***,Mol_05
 memory,64,g
 geometry={
 C  1.204275   0.000000   0.695286
 C  0.000000   0.000000   1.390572
 C  -1.204275  -0.000000  0.695286
 C  -1.204275  0.000000   -0.695286
 C  0.000000   0.000000   -1.390572
 C  1.204275   -0.000000  -0.695286
 H  -0.000000  -0.000000  -2.472631
 H  -2.141364  -0.000000  1.236319
 H  -0.000000  -0.000000  2.472631
 H  -2.141364  0.000000   -1.236319
 H  2.141364   0.000000   1.236319
 H  2.141364   -0.000000  -1.236319
  }
 basis,O=AVQZ,C=AVQZ,H=VQZ
 hf;
 ccsd(t);
 

 Fortran compiler diagnostic
 ***************************

 integer size                  8
 double precision size         8
 logical size                  8

 diagnostic completed successfully

 Variables initialized (889), CPU time= 0.02 sec
 Commands  initialized (702), CPU time= 0.02 sec, 572 directives.
 Default parameters read. Elapsed time= 0.12 sec

 Using DEFAULT tuning parameter for mpplat   :       3
 Using DEFAULT tuning parameter for mppspeed :    1600
 Checking input...
 Passed
1


                                         ***  PROGRAM SYSTEM MOLPRO  ***
                                       Copyright, TTI GmbH Stuttgart, 2015
                                    Version 2015.1 linked Jun  9 2019 06:55:40


 **********************************************************************************************************************************
 LABEL *   Mol_05                                                                        
  64 bit mpp version                                                                     DATE: 10-Apr-22          TIME: 05:31:57  
 **********************************************************************************************************************************

 SHA1:             f6387f0c468d0184d0b38d85973bdb066f718752
 **********************************************************************************************************************************

Geometry recognized as XYZ


 Variable memory set to ********** words,  buffer space   230000 words

 SETTING BASIS          =    O=AVQZ,C=AVQZ,H=VQZ


 Recomputing integrals since basis changed


 Using spherical harmonics

 Library entry C      S aug-cc-pVQZ          selected for orbital group  1
 Library entry C      P aug-cc-pVQZ          selected for orbital group  1
 Library entry C      D aug-cc-pVQZ          selected for orbital group  1
 Library entry C      F aug-cc-pVQZ          selected for orbital group  1
 Library entry C      G aug-cc-pVQZ          selected for orbital group  1
 Library entry H      S cc-pVQZ              selected for orbital group  2
 Library entry H      P cc-pVQZ              selected for orbital group  2
 Library entry H      D cc-pVQZ              selected for orbital group  2
 Library entry H      F cc-pVQZ              selected for orbital group  2


 PROGRAM * SEWARD (Integral evaluation for generally contracted gaussian basis sets)     Author: Roland Lindh, 1990

 Geometry written to block  1 of record 700


 Point group  D2h 



 ATOMIC COORDINATES

 NR  ATOM    CHARGE       X              Y              Z

   1  C       6.00    2.275749929    0.000000000    1.313900118
   2  C       6.00   -2.275749929    0.000000000    1.313900118
   3  C       6.00   -2.275749929    0.000000000   -1.313900118
   4  C       6.00    2.275749929    0.000000000   -1.313900118
   5  C       6.00    0.000000000    0.000000000    2.627800236
   6  C       6.00    0.000000000    0.000000000   -2.627800236
   7  H       1.00    0.000000000    0.000000000   -4.672595397
   8  H       1.00    0.000000000    0.000000000    4.672595397
   9  H       1.00   -4.046591493    0.000000000    2.336304313
  10  H       1.00   -4.046591493    0.000000000   -2.336304313
  11  H       1.00    4.046591493    0.000000000    2.336304313
  12  H       1.00    4.046591493    0.000000000   -2.336304313

 Bond lengths in Bohr (Angstrom)

  1- 4  2.627800236   1- 5  2.627807310   1-11  2.044795878   2- 3  2.627800236   2- 5  2.627807310
       ( 1.390572000)       ( 1.390575743)       ( 1.082059380)       ( 1.390572000)       ( 1.390575743)

  2- 9  2.044795878   3- 6  2.627807310   3-10  2.044795878   4- 6  2.627807310   4-12  2.044795878
       ( 1.082059380)       ( 1.390575743)       ( 1.082059380)       ( 1.390575743)       ( 1.082059380)

 5-8  2.044795161  6-7  2.044795161
     ( 1.082059000)     ( 1.082059000)

 Bond angles

  1- 4- 6  119.99991096   1- 4-12  120.00020239   1- 5- 2  120.00017809   1- 5- 8  119.99991096

  2- 3- 6  119.99991096   2- 3-10  120.00020239   2- 5- 8  119.99991096   3- 2- 5  119.99991096

  3-2-9  120.00020239   3-6-4  120.00017809   3-6-7  119.99991096   4-1-5  119.99991096

  4- 1-11  120.00020239   4- 6- 7  119.99991096   5- 1-11  119.99988665   5- 2- 9  119.99988665

  6- 3-10  119.99988665   6- 4-12  119.99988665

 NUCLEAR CHARGE:                   42
 NUMBER OF PRIMITIVE AOS:         930
 NUMBER OF SYMMETRY AOS:          750
 NUMBER OF CONTRACTIONS:          660   ( 114Ag  +  96B3u +  66B2u +  54B1g + 114B1u +  96B2g +  66B3g +  54Au  )
 NUMBER OF CORE ORBITALS:           6   (   2Ag  +   1B3u +   0B2u +   0B1g +   2B1u +   1B2g +   0B3g +   0Au  )
 NUMBER OF VALENCE ORBITALS:       30   (   7Ag  +   5B3u +   2B2u +   1B1g +   7B1u +   5B2g +   2B3g +   1Au  )


 NUCLEAR REPULSION ENERGY  204.07660736

 Eigenvalues of metric

         1 0.719E-05 0.101E-04 0.202E-04 0.221E-04 0.516E-04 0.570E-04 0.985E-04 0.168E-03
         2 0.599E-05 0.181E-04 0.320E-04 0.422E-04 0.707E-04 0.169E-03 0.209E-03 0.343E-03
         3 0.290E-03 0.121E-02 0.202E-02 0.285E-02 0.331E-02 0.710E-02 0.712E-02 0.737E-02
         4 0.336E-03 0.183E-02 0.251E-02 0.546E-02 0.668E-02 0.765E-02 0.120E-01 0.176E-01
         5 0.755E-06 0.231E-05 0.320E-05 0.599E-05 0.134E-04 0.178E-04 0.181E-04 0.320E-04
         6 0.472E-06 0.178E-05 0.601E-05 0.719E-05 0.101E-04 0.202E-04 0.221E-04 0.516E-04
         7 0.776E-04 0.241E-03 0.336E-03 0.580E-03 0.183E-02 0.195E-02 0.251E-02 0.259E-02
         8 0.458E-04 0.150E-03 0.290E-03 0.121E-02 0.202E-02 0.213E-02 0.285E-02 0.712E-02


 Contracted 2-electron integrals neglected if value below      1.0D-13
 AO integral compression algorithm  1   Integral accuracy      1.0D-13

     22180.266 MB (compressed) written to integral file ( 74.8%)

     Node minimum: 2552.234 MB, node maximum: 2964.062 MB


 NUMBER OF SORTED TWO-ELECTRON INTEGRALS:  375953610.     BUFFER LENGTH:  32768
 NUMBER OF SEGMENTS:  12  SEGMENT LENGTH:   31994955      RECORD LENGTH: 524288

 Memory used in sort:      32.55 MW

 SORT1 READ  3706898960. AND WROTE   374625333. INTEGRALS IN   1080 RECORDS. CPU TIME:   218.58 SEC, REAL TIME:   287.10 SEC
 SORT2 READ  2997508180. AND WROTE  3007949259. INTEGRALS IN  89064 RECORDS. CPU TIME:    41.70 SEC, REAL TIME:   219.37 SEC

 Node minimum:   375761374.  Node maximum:   376237449. integrals

 OPERATOR DM      FOR CENTER  0  COORDINATES:    0.000000    0.000000    0.000000


 **********************************************************************************************************************************
 DATASETS  * FILE   NREC   LENGTH (MB)   RECORD NAMES
              1      18       22.53       500      610      700      900      950      970     1000      129      960     1100   
                                          VAR    BASINP    GEOM    SYMINP    ZMAT    AOBASIS   BASIS     P2S    ABASIS      S 
                                         1400     1410     1200     1210     1080     1600     1650     1700   
                                           T        V       H0       H01     AOSYM     SMH    MOLCAS    OPER   

 PROGRAMS   *        TOTAL       INT
 CPU TIMES  *       332.28    332.07
 REAL TIME  *       620.68 SEC
 DISK USED  *        58.09 GB      
 GA USED    *         0.00 MB       (max)       0.00 MB       (current)
 **********************************************************************************************************************************


 PROGRAM * RHF-SCF (CLOSED SHELL)       Authors: W. Meyer, H.-J. Werner


 NUMBER OF ELECTRONS:      21+   21-
 CONVERGENCE THRESHOLDS:    1.00E-05 (Density)    1.00E-07 (Energy)
 MAX. NUMBER OF ITERATIONS:       60
 INTERPOLATION TYPE:            DIIS
 INTERPOLATION STEPS:              2 (START)      1 (STEP)
 LEVEL SHIFTS:                  0.00 (CLOSED)  0.00 (OPEN) 



 Orbital guess generated from atomic densities. Full valence occupancy:    9   6   2   1   9   6   2   1


 Molecular orbital dump at record        2100.2

 Initial occupancy:   6   4   1   1   5   3   1   0

 ITERATION    DDIFF          GRAD             ENERGY        2-EL.EN.            DIPOLE MOMENTS         DIIS   ORB.
    1      0.000D+00      0.000D+00      -230.73468236    562.848871    0.00000    0.00000    0.00000    0    start
    2      0.000D+00      0.445D-02      -230.78676347    557.682129    0.00000    0.00000    0.00000    1    diag
    3      0.452D-02      0.181D-02      -230.79370459    560.121178    0.00000    0.00000    0.00000    2    diag
    4      0.124D-02      0.581D-03      -230.79472753    559.553430    0.00000    0.00000    0.00000    3    diag
    5      0.620D-03      0.463D-04      -230.79473897    559.547317    0.00000    0.00000    0.00000    4    diag
    6      0.846D-04      0.659D-05      -230.79473922    559.548380    0.00000    0.00000    0.00000    5    diag
    7      0.113D-04      0.948D-06      -230.79473922    559.548129    0.00000    0.00000    0.00000    6    diag
    8      0.151D-05      0.202D-06      -230.79473922    559.548244    0.00000    0.00000    0.00000    0    orth

 Final occupancy:   6   4   1   1   5   3   1   0

 !RHF STATE 1.1 Energy               -230.794739222147
 Nuclear energy                       204.07660736
 One-electron energy                 -714.64546840
 Two-electron energy                  279.77412181
 Virial quotient                       -1.00103736
 !RHF STATE 1.1 Dipole moment           0.00000000     0.00000000     0.00000000
 Dipole moment /Debye                   0.00000000     0.00000000     0.00000000

 Orbital energies:

         1.1          2.1          3.1          4.1          5.1          6.1          7.1          8.1
    -11.234223   -11.232371    -1.152009    -0.824338    -0.710453    -0.494794     0.048388     0.062086

         1.2          2.2          3.2          4.2          5.2          6.2
    -11.233635    -1.015454    -0.620507    -0.588282     0.046321     0.108084

         1.3          2.3          3.3
     -0.503911     0.086466     0.098810

         1.4          2.4          3.4
     -0.337512     0.090958     0.270216

         1.5          2.5          3.5          4.5          5.5          6.5          7.5
    -11.233635   -11.231751    -1.015453    -0.642990    -0.588281     0.046321     0.083927

         1.6          2.6          3.6          4.6          5.6
    -11.232370    -0.824338    -0.494794     0.062086     0.136931

         1.7          2.7          3.7
     -0.337511     0.090958     0.142839

         1.8          2.8
      0.098811     0.142529

 HOMO      1.7    -0.337511 =      -9.1841eV
 LUMO      5.2     0.046321 =       1.2604eV
 LUMO-HOMO         0.383831 =      10.4446eV


 **********************************************************************************************************************************
 DATASETS  * FILE   NREC   LENGTH (MB)   RECORD NAMES
              1      18       22.58       500      610      700      900      950      970     1000      129      960     1100   
                                          VAR    BASINP    GEOM    SYMINP    ZMAT    AOBASIS   BASIS     P2S    ABASIS      S 
                                         1400     1410     1200     1210     1080     1600     1650     1700   
                                           T        V       H0       H01     AOSYM     SMH    MOLCAS    OPER   

              2       4        4.29       700     1000      520     2100   
                                         GEOM     BASIS   MCVARS     RHF  

 PROGRAMS   *        TOTAL        HF       INT
 CPU TIMES  *       341.19      8.91    332.07
 REAL TIME  *       645.38 SEC
 DISK USED  *        58.34 GB      
 SF USED    *         0.24 MB      
 GA USED    *         0.00 MB       (max)       0.00 MB       (current)
 **********************************************************************************************************************************


 PROGRAM * CCSD (Closed-shell coupled cluster)     Authors: C. Hampel, H.-J. Werner, 1991, M. Deegan, P.J. Knowles, 1992


 Convergence thresholds:  THRVAR = 1.00D-08  THRDEN = 1.00D-06

 CCSD(T)     terms to be evaluated (factor= 1.000)


 Number of core orbitals:           6 (   2   1   0   0   2   1   0   0 )
 Number of closed-shell orbitals:  15 (   4   3   1   1   3   2   1   0 )
 Number of external orbitals:     639 ( 108  92  65  53 109  93  65  54 )

 Molecular orbitals read from record     2100.2  Type=RHF/CANONICAL (state 1.1)

 Number of N-1 electron functions:              15
 Number of N-2 electron functions:             120
 Number of singly external CSFs:              1404
 Number of doubly external CSFs:           5886345
 Total number of CSFs:                     5887750

 Length of J-op  integral file:               0.00 MB
 Length of K-op  integral file:               4.09 MB
 Length of 3-ext integral record:             0.00 MB

 Memory could be reduced to 593.37 Mwords without degradation in triples

 Integral transformation finished. Total CPU:  23.08 sec, npass=  1  Memory used: 176.88 MW

 Reference energy:                   -230.79473922

 MP2 singlet pair energy:              -0.64536366
 MP2 triplet pair energy:              -0.36881211
 MP2 correlation energy:               -1.01417577
 MP2 total energy:                   -231.80891500

 SCS-MP2 correlation energy:           -1.00391949   (PS=  1.200000  PT=  0.333333)
 SCS-MP2 total energy:               -231.79865871

 ITER.      SQ.NORM     CORR.ENERGY   TOTAL ENERGY   ENERGY CHANGE        DEN1      VAR(S)    VAR(P)  DIIS     TIME  TIME/IT
   1      1.32553556    -1.02237174  -231.81711096    -0.00819597     0.01793885  0.40D-02  0.74D-02  1  1    37.90    55.78
   2      1.34726967    -1.02541158  -231.82015080    -0.00303984    -0.02290447  0.68D-04  0.80D-03  2  2    45.31    32.25
   3      1.35599601    -1.02549147  -231.82023069    -0.00007989    -0.00495090  0.23D-04  0.81D-04  3  3    52.56    24.30
   4      1.35926126    -1.02553416  -231.82027339    -0.00004269    -0.00112194  0.22D-05  0.13D-04  4  4    60.14    20.43
   5      1.36052950    -1.02558183  -231.82032106    -0.00004767    -0.00032150  0.20D-06  0.12D-05  5  5    67.58    18.08
   6      1.36082027    -1.02557887  -231.82031810     0.00000296    -0.00003729  0.20D-07  0.89D-07  6  6    74.67    16.45
   7      1.36086494    -1.02557727  -231.82031649     0.00000161    -0.00000477  0.21D-08  0.68D-08  6  2    82.13    15.35
   8      1.36087179    -1.02557724  -231.82031646     0.00000003    -0.00000056  0.27D-09  0.59D-09  6  1    89.69    14.53
   9      1.36087259    -1.02557736  -231.82031658    -0.00000011     0.00000038  0.26D-10  0.45D-10  6  3    97.60    13.93

 Norm of t1 vector:      0.08026566      S-energy:     0.00000029      T1 diagnostic:  0.01036225
                                                                       D1 diagnostic:  0.02831910


 Total CPU time for triples:    275.81 sec


 RESULTS
 =======

  Reference energy                   -230.794739222144
  CCSD singlet pair energy             -0.695919475807
  CCSD triplet pair energy             -0.329658175205
  CCSD correlation energy              -1.025577356610

  Triples (T) contribution             -0.056382474012
  Total correlation energy             -1.081959830622

  CCSD total energy                  -231.820316578754
  CCSD[T] energy                     -231.877733432550
  CCSD-T energy                      -231.876290334600
 !CCSD(T) total energy               -231.876699052766

 Timing summary (sec):

 STEP                 CPU(USER)    SYS     CPU(TOT)    WALL
 Transformation         25.79      6.53     32.32     57.16
 CCSD iterations        71.85     11.24     83.09    125.58
 Triples               275.81     10.49    286.30    286.09

 Program statistics:

 Available memory in ccsd:             63999999000
 Min. memory needed in ccsd:              14369000
 Max. memory used in ccsd:                19828402
 Max. memory used in cckext:              16471213 ( 9 integral passes)



 **********************************************************************************************************************************
 DATASETS  * FILE   NREC   LENGTH (MB)   RECORD NAMES
              1      19     2092.77       500      610      700      900      950      970     1000      129      960     1100   
                                          VAR    BASINP    GEOM    SYMINP    ZMAT    AOBASIS   BASIS     P2S    ABASIS      S 
                                         1400     1410     1200     1210     1080     1600     1650     1700     1380   
                                           T        V       H0       H01     AOSYM     SMH    MOLCAS    OPER     JKOP   

              2       4        4.29       700     1000      520     2100   
                                         GEOM     BASIS   MCVARS     RHF  

 PROGRAMS   *        TOTAL   CCSD(T)        HF       INT
 CPU TIMES  *       714.90    373.63      8.91    332.07
 REAL TIME  *      1114.84 SEC
 DISK USED  *        61.01 GB      
 SF USED    *         2.60 GB      
 GA USED    *         0.00 MB       (max)       0.00 MB       (current)
 **********************************************************************************************************************************

 CCSD(T)/O=AVQZ,C=AVQZ,H=VQZ energy=   -231.876699052766

        CCSD(T)         HF-SCF  
   -231.87669905   -230.79473922
 **********************************************************************************************************************************
 Molpro calculation terminated
 Variable memory released

 Fortran compiler diagnostic
 ***************************

 integer size                  8
 double precision size         8
 logical size                  8

 diagnostic completed successfully
