
 Primary working directories    : /scratch/saurabh/PBS_8054138.helios
 Secondary working directories  : /scratch/saurabh/PBS_8054138.helios
 Wavefunction directory         : /scratch/saurabh/PBS_8054138.helios/
 Main file repository           : /scratch/saurabh/PBS_8054138.helios/

 SHA1      : f6387f0c468d0184d0b38d85973bdb066f718752
 NAME      : 2015.1.44
 ARCHNAME  : linux/x86_64
 FC        : /opt/may/bin/gfortran
 BLASLIB   : -Wl,-_start-group /opt/intel/mkl/lib/intel64/libmkl_gf_ilp64.a /opt/intel/mkl/lib/intel64/libmkl_gnu_thread.a /opt/intel/mkl/lib/intel64/libmkl_core.a -Wl,-_end-group
 id        : ramakrishnan

 Nodes             nprocs
 hel05.tifrh.res.in    8

 Using DEFAULT tuning parameter for ncache   :   16384
 Using DEFAULT tuning parameter for mflopdgm :   10000
 Using DEFAULT tuning parameter for mflopdgv :    4000
 Using DEFAULT tuning parameter for mflopmxm :    5000
 Using DEFAULT tuning parameter for mflopmxv :    4000
 Using DEFAULT tuning parameter for mindgm   :       1
 Using DEFAULT tuning parameter for mindgc   :       4
 Using DEFAULT tuning parameter for mindgf   :    5000
 Using DEFAULT tuning parameter for mindgl   :       4
 Using DEFAULT tuning parameter for mindgr   :       1
 Using DEFAULT tuning parameter for mindgv   :      20
 Using DEFAULT tuning parameter for mincuda  :     500
 Using DEFAULT tuning parameter for mxmblk   :      64
 Using DEFAULT tuning parameter for mxmbln   :      64
 Using DEFAULT tuning parameter for nroll    :       2
 Using custom tuning parameter for ngpus     :       0
 Using customized tuning parameters: mindgm=1; mindgv=20; mindgc=4; mindgr=1; noblas=0; minvec=7
 default implementation of scratch files=sf  

 ***,Mol_01
 memory,64,g
 geometry={
 C  -0.737889  1.221604   -0.000038
 C  -1.450248  0.000031   -0.000067
 C  -0.737926  -1.221599  -0.000028
 C  0.621460   -1.251915  0.000036
 C  1.443130   -0.000017  0.000064
 C  0.621497   1.251898   0.000024
 H  2.130147   -0.000036  -0.862556
 H  2.130077   -0.000027  0.862740
 H  1.146183   -2.198753  0.000065
 H  -1.291116  -2.152801  -0.000050
 H  -2.530657  0.000054   -0.000118
 H  1.146249   2.198707   0.000045
 H  -1.291031  2.152836   -0.000066
  }
 basis,O=AVQZ,C=AVQZ,H=VQZ
 {rhf
 wf,43,1,1
 }
 uccsd(t);
 

 Fortran compiler diagnostic
 ***************************

 integer size                  8
 double precision size         8
 logical size                  8

 diagnostic completed successfully

 Variables initialized (889), CPU time= 0.02 sec
 Commands  initialized (702), CPU time= 0.01 sec, 572 directives.
 Default parameters read. Elapsed time= 0.12 sec

 Using DEFAULT tuning parameter for mpplat   :       3
 Using DEFAULT tuning parameter for mppspeed :    1600
 Checking input...
 Passed
1


                                         ***  PROGRAM SYSTEM MOLPRO  ***
                                       Copyright, TTI GmbH Stuttgart, 2015
                                    Version 2015.1 linked Jun  9 2019 06:55:40


 **********************************************************************************************************************************
 LABEL *   Mol_01                                                                        
  64 bit mpp version                                                                     DATE: 08-Apr-22          TIME: 18:12:54  
 **********************************************************************************************************************************

 SHA1:             f6387f0c468d0184d0b38d85973bdb066f718752
 **********************************************************************************************************************************

Geometry recognized as XYZ


 Variable memory set to ********** words,  buffer space   230000 words

 SETTING BASIS          =    O=AVQZ,C=AVQZ,H=VQZ


 Recomputing integrals since basis changed


 Using spherical harmonics

 Library entry C      S aug-cc-pVQZ          selected for orbital group  1
 Library entry C      P aug-cc-pVQZ          selected for orbital group  1
 Library entry C      D aug-cc-pVQZ          selected for orbital group  1
 Library entry C      F aug-cc-pVQZ          selected for orbital group  1
 Library entry C      G aug-cc-pVQZ          selected for orbital group  1
 Library entry H      S cc-pVQZ              selected for orbital group  2
 Library entry H      P cc-pVQZ              selected for orbital group  2
 Library entry H      D cc-pVQZ              selected for orbital group  2
 Library entry H      F cc-pVQZ              selected for orbital group  2


 PROGRAM * SEWARD (Integral evaluation for generally contracted gaussian basis sets)     Author: Roland Lindh, 1990

 Geometry written to block  1 of record 700


 Point group  C1  



 ATOMIC COORDINATES

 NR  ATOM    CHARGE       X              Y              Z

   1  C       6.00   -1.394408120    2.308496993   -0.000071810
   2  C       6.00   -2.740571533    0.000058582   -0.000126612
   3  C       6.00   -1.394478040   -2.308487544   -0.000052912
   4  C       6.00    1.174389197   -2.365776481    0.000068030
   5  C       6.00    2.727120462   -0.000032125    0.000120942
   6  C       6.00    1.174459117    2.365744356    0.000045353
   7  H       1.00    4.025394435   -0.000068030   -1.629994607
   8  H       1.00    4.025262154   -0.000051023    1.630342317
   9  H       1.00    2.165971959   -4.155040986    0.000122832
  10  H       1.00   -2.439855635   -4.068204291   -0.000094486
  11  H       1.00   -4.782248645    0.000102045   -0.000222988
  12  H       1.00    2.166096681    4.154954058    0.000085038
  13  H       1.00   -2.439695008    4.068270431   -0.000124722

 Bond lengths in Bohr (Angstrom)

  1- 2  2.672273159   1- 6  2.569505042   1-13  2.046809037   2- 3  2.672330988   2-11  2.041677115
       ( 1.414106057)       ( 1.359723511)       ( 1.083124698)       ( 1.414136659)       ( 1.080409001)

  3- 4  2.569505968   3-10  2.046806622   4- 5  2.829791643   4- 9  2.045654869   5- 6  2.829780136
       ( 1.359724002)       ( 1.083123419)       ( 1.497461249)       ( 1.082513938)       ( 1.497455160)

  5- 7  2.083936663   5- 8  2.083937039   6-12  2.045633500
       ( 1.102771791)       ( 1.102771990)       ( 1.082502630)

 Bond angles

  1- 2- 3  119.50535060   1- 2-11  120.24733416   1- 6- 5  122.00029967   1- 6-12  120.27325860

  2- 1- 6  121.52518252   2- 1-13  119.04158035   2- 3- 4  121.52365095   2- 3-10  119.04104523

  3- 2-11  120.24731524   3- 4- 5  122.00091331   3- 4- 9  120.27209884   4- 3-10  119.43530382

  4-5-6  113.44460294   4-5-7  109.98728468   4-5-8  109.98735692   5-4-9  117.72698786

  5- 6-12  117.72644172   6- 1-13  119.43323713   6- 5- 7  109.98780513   6- 5- 8  109.98780987

  7-5-8  102.93487705

 NUCLEAR CHARGE:                   43
 NUMBER OF PRIMITIVE AOS:         967
 NUMBER OF SYMMETRY AOS:          782
 NUMBER OF CONTRACTIONS:          690   ( 690A   )
 NUMBER OF CORE ORBITALS:           6   (   6A   )
 NUMBER OF VALENCE ORBITALS:       31   (  31A   )


 NUCLEAR REPULSION ENERGY  210.33435309


 Eigenvalues of metric

         1 0.921E-06 0.167E-05 0.283E-05 0.296E-05 0.434E-05 0.652E-05 0.653E-05 0.731E-05


 Contracted 2-electron integrals neglected if value below      1.0D-13
 AO integral compression algorithm  1   Integral accuracy      1.0D-13

     108857.655 MB (compressed) written to integral file ( 45.5%)

     Node minimum: 13217.563 MB, node maximum: 13872.136 MB


 NUMBER OF SORTED TWO-ELECTRON INTEGRALS: 3552040800.     BUFFER LENGTH:  32768
 NUMBER OF SEGMENTS: 112  SEGMENT LENGTH:   31998192      RECORD LENGTH: 262144

 Memory used in sort:      32.29 MW

 SORT1 READ 29899502544. AND WROTE  3070639139. INTEGRALS IN  17625 RECORDS. CPU TIME:  1536.34 SEC, REAL TIME:  1733.47 SEC
 SORT2 READ 24559471743. AND WROTE 28416207210. INTEGRALS IN 412904 RECORDS. CPU TIME:   114.03 SEC, REAL TIME:  4677.05 SEC

 Node minimum:  3551921604.  Node maximum:  3552130200. integrals

 OPERATOR DM      FOR CENTER  0  COORDINATES:    0.000000    0.000000    0.000000


 **********************************************************************************************************************************
 DATASETS  * FILE   NREC   LENGTH (MB)   RECORD NAMES
              1      18       37.46       500      610      700      900      950      970     1000      129      960     1100   
                                          VAR    BASINP    GEOM    SYMINP    ZMAT    AOBASIS   BASIS     P2S    ABASIS      S 
                                         1400     1410     1200     1210     1080     1600     1650     1700   
                                           T        V       H0       H01     AOSYM     SMH    MOLCAS    OPER   

 PROGRAMS   *        TOTAL       INT
 CPU TIMES  *      1932.40   1932.19
 REAL TIME  *      6860.10 SEC
 DISK USED  *       402.67 GB      
 GA USED    *         0.01 MB       (max)       0.00 MB       (current)
 **********************************************************************************************************************************


 PROGRAM * RHF-SCF (OPEN SHELL)       Authors: W. Meyer, H.-J. Werner


 NUMBER OF ELECTRONS:      22+   21-    SPACE SYMMETRY=1    SPIN SYMMETRY: Doublet 
 CONVERGENCE THRESHOLDS:    1.00E-05 (Density)    1.00E-07 (Energy)
 MAX. NUMBER OF ITERATIONS:       60
 INTERPOLATION TYPE:            DIIS
 INTERPOLATION STEPS:              2 (START)      1 (STEP)
 LEVEL SHIFTS:                 -0.60 (CLOSED) -0.30 (OPEN) 



 Orbital guess generated from atomic densities. Full valence occupancy:   37

 Molecular orbital dump at record        2100.2

 Initial alpha occupancy:  22
 Initial beta  occupancy:  21
 Wave function symmetry:    1

 ITERATION    DDIFF          GRAD             ENERGY        2-EL.EN.            DIPOLE MOMENTS         DIIS   ORB.
    1      0.000D+00      0.000D+00      -231.23942634    575.768581    0.71565   -0.00005    0.00003    0    start
    2      0.000D+00      0.168D-02      -231.29555557    572.343536    0.33227   -0.00001    0.00001    1    diag,B
    3      0.120D-02      0.668D-03      -231.30819765    572.434113    0.27174   -0.00001    0.00001    2    diag,B
    4      0.479D-03      0.292D-03      -231.31239940    572.349321    0.21518   -0.00000    0.00001    3    diag,B
    5      0.319D-03      0.928D-04      -231.31328794    572.332238    0.20641   -0.00000    0.00001    4    diag,B
    6      0.133D-03      0.501D-04      -231.31379656    572.317635    0.19731   -0.00000    0.00001    5    diag,B
    7      0.871D-04      0.337D-04      -231.31414978    572.311641    0.19028   -0.00000    0.00001    6    fixocc
    8      0.587D-04      0.221D-04      -231.31436707    572.317028    0.18081   -0.00000    0.00001    7    diag,B
    9      0.664D-04      0.104D-04      -231.31440440    572.325331    0.17603   -0.00000    0.00001    8    diag,B
   10      0.390D-04      0.345D-05      -231.31440603    572.327581    0.17460   -0.00000    0.00001    9    orth
   11      0.171D-04      0.117D-05      -231.31440615    572.328146    0.17417   -0.00000    0.00001    9    diag,B
   12      0.738D-05      0.467D-06      -231.31440617    572.328389    0.17397   -0.00000    0.00001    9    diag,B
   13      0.392D-05      0.165D-06      -231.31440617    572.328385    0.17393   -0.00000    0.00001    0    orth

 Final alpha occupancy:  22
 Final beta  occupancy:  21

 !RHF STATE 1.1 Energy               -231.314406166884
 Nuclear energy                       210.33435309
 One-electron energy                 -727.81295179
 Two-electron energy                  286.16419253
 Virial quotient                       -1.00097097
 !RHF STATE 1.1 Dipole moment           0.17393448    -0.00000369     0.00000582
 Dipole moment /Debye                   0.44206840    -0.00000939     0.00001480

 Orbital energies:

         1.1          2.1          3.1          4.1          5.1          6.1          7.1          8.1          9.1         10.1
    -11.235135   -11.232661   -11.232553   -11.227457   -11.226855   -11.225931    -1.134726    -1.012968    -1.006851    -0.844048

        11.1         12.1         13.1         14.1         15.1         16.1         17.1         18.1         19.1         20.1
     -0.804208    -0.696247    -0.650696    -0.607202    -0.584940    -0.581194    -0.560941    -0.495851    -0.469866    -0.429291

        21.1         22.1         23.1         24.1
     -0.353298    -0.258723     0.045845     0.047117

 HOMO     22.1    -0.258723 =      -7.0402eV
 LUMO     23.1     0.045845 =       1.2475eV
 LUMO-HOMO         0.304568 =       8.2877eV


 **********************************************************************************************************************************
 DATASETS  * FILE   NREC   LENGTH (MB)   RECORD NAMES
              1      18       37.46       500      610      700      900      950      970     1000      129      960     1100   
                                          VAR    BASINP    GEOM    SYMINP    ZMAT    AOBASIS   BASIS     P2S    ABASIS      S 
                                         1400     1410     1200     1210     1080     1600     1650     1700   
                                           T        V       H0       H01     AOSYM     SMH    MOLCAS    OPER   

              2       4       16.42       700     1000      520     2100   
                                         GEOM     BASIS   MCVARS     RHF  

 PROGRAMS   *        TOTAL       RHF       INT
 CPU TIMES  *      3417.36   1484.93   1932.19
 REAL TIME  *     14405.51 SEC
 DISK USED  *       403.65 GB      
 SF USED    *         1.91 MB      
 GA USED    *         0.01 MB       (max)       0.00 MB       (current)
 **********************************************************************************************************************************


 PROGRAM * CCSD (Unrestricted open-shell coupled cluster)     Authors: C. Hampel, H.-J. Werner, 1991, M. Deegan, P.J. Knowles, 1992


 Convergence thresholds:  THRVAR = 1.00D-08  THRDEN = 1.00D-06

 CCSD(T)     terms to be evaluated (factor= 1.000)


 Number of core orbitals:           6 (   6 )
 Number of closed-shell orbitals:  15 (  15 )
 Number of active  orbitals:        1 (   1 )
 Number of external orbitals:     668 ( 668 )

 Memory could be reduced to 7178.11 Mwords without degradation in triples

 Number of N-1 electron functions:              31
 Number of N-2 electron functions:             465
 Number of singly external CSFs:             20739
 Number of doubly external CSFs:         157689990
 Total number of CSFs:                   157710729

 Molecular orbitals read from record     2100.2  Type=RHF/CANONICAL (state 1.1)

 Integral transformation finished. Total CPU:1470.43 sec, npass=  1  Memory used:2912.78 MW

 Starting RMP2 calculation

 ITER.      SQ.NORM     CORR.ENERGY   TOTAL ENERGY   ENERGY CHANGE        DEN1      VAR(S)    VAR(P)  DIIS     TIME
   1      1.33207245    -1.02016228  -232.33456845    -1.02016228    -0.00422699  0.13D-03  0.19D-02  1  1  1622.02
   2      1.33696499    -1.02474608  -232.33915224    -0.00458380    -0.00001645  0.44D-05  0.94D-05  2  2  1669.52
   3      1.33725708    -1.02487097  -232.33927714    -0.00012490    -0.00000017  0.11D-06  0.77D-07  3  3  1746.45
   4      1.33727212    -1.02487364  -232.33927980    -0.00000266    -0.00000000  0.15D-08  0.51D-09  4  4  1799.04
   5      1.33727265    -1.02487377  -232.33927993    -0.00000013    -0.00000000  0.24D-10  0.37D-11  5  5  1865.71

 Norm of t1 vector:      0.08061298      S-energy:    -0.00532886      T1 diagnostic:  0.00098128
 Norm of t2 vector:      0.57512972      P-energy:    -1.01954491
                                         Alpha-Beta:  -0.78019575
                                         Alpha-Alpha: -0.12681964
                                         Beta-Beta:   -0.11252951

 Spin contamination <S**2-Sz**2-Sz>     0.00320169
  Reference energy                   -231.314406166877
  RHF-RMP2 correlation energy          -1.024873766747
 !RHF-RMP2 energy                    -232.339279933625

 Starting UCCSD calculation

 ITER.      SQ.NORM     CORR.ENERGY   TOTAL ENERGY   ENERGY CHANGE        DEN1      VAR(S)    VAR(P)  DIIS     TIME
   1      1.33365604    -1.01564244  -232.33004860    -1.01564244    -0.02684119  0.48D-02  0.60D-02  1  1  3289.86
   2      1.36435741    -1.04213195  -232.35653811    -0.02648951    -0.00261896  0.49D-03  0.91D-03  2  2  4771.10
   3      1.37799382    -1.04736583  -232.36177199    -0.00523388    -0.00042415  0.26D-03  0.11D-03  3  3  6165.72
   4      1.38653998    -1.04937999  -232.36378616    -0.00201417    -0.00011584  0.90D-04  0.27D-04  4  4  7570.15
   5      1.39223294    -1.05007241  -232.36447858    -0.00069242    -0.00003785  0.38D-04  0.59D-05  5  5  9009.59
   6      1.39633313    -1.05038728  -232.36479344    -0.00031486    -0.00000997  0.75D-05  0.25D-05  6  6 10434.34
   7      1.39817230    -1.05047739  -232.36488356    -0.00009011    -0.00000245  0.12D-05  0.89D-06  6  2 11894.52
   8      1.39889170    -1.05052263  -232.36492880    -0.00004524    -0.00000034  0.14D-06  0.15D-06  6  1 13367.73
   9      1.39905706    -1.05052224  -232.36492841     0.00000039    -0.00000006  0.11D-07  0.30D-07  6  4 14868.14
  10      1.39906495    -1.05052374  -232.36492990    -0.00000149    -0.00000001  0.22D-08  0.36D-08  6  3 16298.04
  11      1.39907523    -1.05052246  -232.36492863     0.00000127    -0.00000000  0.36D-09  0.81D-09  6  5 17742.24
  12      1.39907483    -1.05052166  -232.36492782     0.00000081    -0.00000000  0.12D-09  0.14D-09  6  6 19221.26

 Norm of t1 vector:      0.18643103      S-energy:    -0.00769270      T1 diagnostic:  0.01677992
                                                                       D1 diagnostic:  0.05839733
 Norm of t2 vector:      0.60358785      P-energy:    -1.04282896
                                         Alpha-Beta:  -0.82695654
                                         Alpha-Alpha: -0.11497262
                                         Beta-Beta:   -0.10089980

 Singles amplitudes (print threshold =  0.500E-01):

         I         SYM. A    A   T(IA) [Alpha-Alpha]

        15         1        20     -0.05170898

         I         SYM. A    A   T(IA) [Beta-Beta]

        14         1         1      0.08250970

 Doubles amplitudes (print threshold =  0.500E-01):

         I         J         SYM. A    SYM. B    A         B      T(IJ, AB) [Alpha-Beta]

        16        15         1         1        20         1      0.05075060

 Spin contamination <S**2-Sz**2-Sz>     0.01791602

 Memory could be reduced to 7413.38 Mwords without degradation in triples


 RESULTS
 =======

  Reference energy                   -231.314406166877
  UCCSD singles energy                 -0.007692695618
  UCCSD pair energy                    -1.042828962404
  UCCSD correlation energy             -1.050521658022
  Triples (T) contribution             -0.053932091604
  Total correlation energy             -1.104453749626

  RHF-UCCSD energy                   -232.364927824900
  RHF-UCCSD[T] energy                -232.419907825719
  RHF-UCCSD-T energy                 -232.418605205875
 !RHF-UCCSD(T) energy                -232.418859916504

 Program statistics:

 Available memory in ccsd:             63999997692
 Min. memory needed in ccsd:             436971046
 Max. memory used in ccsd:               637479679
 Max. memory used in cckext:             454025855 (12 integral passes)
 Max. memory used in cckint:            2912778874 ( 1 integral passes)



 **********************************************************************************************************************************
 DATASETS  * FILE   NREC   LENGTH (MB)   RECORD NAMES
              1      18       37.46       500      610      700      900      950      970     1000      129      960     1100   
                                          VAR    BASINP    GEOM    SYMINP    ZMAT    AOBASIS   BASIS     P2S    ABASIS      S 
                                         1400     1410     1200     1210     1080     1600     1650     1700   
                                           T        V       H0       H01     AOSYM     SMH    MOLCAS    OPER   

              2       4       16.42       700     1000      520     2100   
                                         GEOM     BASIS   MCVARS     RHF  

 PROGRAMS   *        TOTAL  UCCSD(T)       RHF       INT
 CPU TIMES  *     54959.10  51541.72   1484.93   1932.19
 REAL TIME  *     87636.05 SEC
 DISK USED  *       562.95 GB      
 SF USED    *       131.54 GB      
 GA USED    *         0.01 MB       (max)       0.00 MB       (current)
 **********************************************************************************************************************************

 UCCSD(T)/O=AVQZ,C=AVQZ,H=VQZ energy=   -232.418859916504

        UCCSD(T)        RHF-SCF 
   -232.41885992   -231.31440617
 **********************************************************************************************************************************
 Molpro calculation terminated
 Variable memory released

 Fortran compiler diagnostic
 ***************************

 integer size                  8
 double precision size         8
 logical size                  8

 diagnostic completed successfully
