
 Primary working directories    : /scratch/saurabh/PBS_8054301.helios
 Secondary working directories  : /scratch/saurabh/PBS_8054301.helios
 Wavefunction directory         : /scratch/saurabh/PBS_8054301.helios/
 Main file repository           : /scratch/saurabh/PBS_8054301.helios/

 SHA1      : f6387f0c468d0184d0b38d85973bdb066f718752
 NAME      : 2015.1.44
 ARCHNAME  : linux/x86_64
 FC        : /opt/may/bin/gfortran
 BLASLIB   : -Wl,-_start-group /opt/intel/mkl/lib/intel64/libmkl_gf_ilp64.a /opt/intel/mkl/lib/intel64/libmkl_gnu_thread.a /opt/intel/mkl/lib/intel64/libmkl_core.a -Wl,-_end-group
 id        : ramakrishnan

 Nodes             nprocs
 hel06.tifrh.res.in    8

 Using DEFAULT tuning parameter for ncache   :   16384
 Using DEFAULT tuning parameter for mflopdgm :   10000
 Using DEFAULT tuning parameter for mflopdgv :    4000
 Using DEFAULT tuning parameter for mflopmxm :    5000
 Using DEFAULT tuning parameter for mflopmxv :    4000
 Using DEFAULT tuning parameter for mindgm   :       1
 Using DEFAULT tuning parameter for mindgc   :       4
 Using DEFAULT tuning parameter for mindgf   :    5000
 Using DEFAULT tuning parameter for mindgl   :       4
 Using DEFAULT tuning parameter for mindgr   :       1
 Using DEFAULT tuning parameter for mindgv   :      20
 Using DEFAULT tuning parameter for mincuda  :     500
 Using DEFAULT tuning parameter for mxmblk   :      64
 Using DEFAULT tuning parameter for mxmbln   :      64
 Using DEFAULT tuning parameter for nroll    :       2
 Using custom tuning parameter for ngpus     :       0
 Using customized tuning parameters: mindgm=1; mindgv=20; mindgc=4; mindgr=1; noblas=0; minvec=7
 default implementation of scratch files=sf  

 ***,Mol_05
 memory,25,g
 geometry={
 C  1.204275   0.000000   0.695286
 C  0.000000   0.000000   1.390572
 C  -1.204275  -0.000000  0.695286
 C  -1.204275  0.000000   -0.695286
 C  0.000000   0.000000   -1.390572
 C  1.204275   -0.000000  -0.695286
 H  -0.000000  -0.000000  -2.472631
 H  -2.141364  -0.000000  1.236319
 H  -0.000000  -0.000000  2.472631
 H  -2.141364  0.000000   -1.236319
 H  2.141364   0.000000   1.236319
 H  2.141364   -0.000000  -1.236319
  }
 basis={
                                                                            ! oxygen               (10s,5p,4d,2f) -&gt; [10s,5p,4d,2f]
 s, O , 0.1533000000E+05, 0.2299000000E+04, 0.5224000000E+03, 0.1473000000E+03, 0.4755000000E+02, 0.1676000000E+02, 0.6207000000E+01, 0.1752000000E+01, 0.6882000000E+00, 0.2384000000E+00
 c, 1.1, 0.1000000000E+01
 c, 2.2, 0.1000000000E+01
 c, 3.3, 0.1000000000E+01
 c, 4.4, 0.1000000000E+01
 c, 5.5, 0.1000000000E+01
 c, 6.6, 0.1000000000E+01
 c, 7.7, 0.1000000000E+01
 c, 8.8, 0.1000000000E+01
 c, 9.9, 0.1000000000E+01
 c, 10.10, 0.1000000000E+01
 p, O , 0.3446000000E+02, 0.7749000000E+01, 0.2280000000E+01, 0.7156000000E+00, 0.2140000000E+00
 c, 1.1, 0.1000000000E+01
 c, 2.2, 0.1000000000E+01
 c, 3.3, 0.1000000000E+01
 c, 4.4, 0.1000000000E+01
 c, 5.5, 0.1000000000E+01
 d, O , 0.2100000000E+02, 0.7000000000E+01, 0.2314000000E+01, 0.6450000000E+00
 c, 1.1, 0.1000000000E+01
 c, 2.2, 0.1000000000E+01
 c, 3.3, 0.1000000000E+01
 c, 4.4, 0.1000000000E+01
 f, O , 0.4300000000E+01, 0.1428000000E+01
 c, 1.1, 0.1000000000E+01
 c, 2.2, 0.1000000000E+01
                                                                                 ! hydrogen             (5s,2p,1d) -&gt; [5s,2p,1d]
 s, H , 0.3387000000E+02, 0.5095000000E+01, 0.1159000000E+01, 0.3258000000E+00, 0.1027000000E+00
 c, 1.1, 0.1000000000E+01
 c, 2.2, 0.1000000000E+01
 c, 3.3, 0.1000000000E+01
 c, 4.4, 0.1000000000E+01
 c, 5.5, 0.1000000000E+01
 p, H , 0.1407000000E+01, 0.3880000000E+00
 c, 1.1, 0.1000000000E+01
 c, 2.2, 0.1000000000E+01
 d, H , 0.1057000000E+01
 c, 1.1, 0.1000000000E+01
                                                                            ! carbon               (10s,5p,4d,2f) -&gt; [10s,5p,4d,2f]
 s, C , 0.8236000000E+04, 0.1235000000E+04, 0.2808000000E+03, 0.7927000000E+02, 0.2559000000E+02, 0.8997000000E+01, 0.3319000000E+01, 0.9059000000E+00, 0.3643000000E+00, 0.1285000000E+00
 c, 1.1, 0.1000000000E+01
 c, 2.2, 0.1000000000E+01
 c, 3.3, 0.1000000000E+01
 c, 4.4, 0.1000000000E+01
 c, 5.5, 0.1000000000E+01
 c, 6.6, 0.1000000000E+01
 c, 7.7, 0.1000000000E+01
 c, 8.8, 0.1000000000E+01
 c, 9.9, 0.1000000000E+01
 c, 10.10, 0.1000000000E+01
 p, C , 0.1871000000E+02, 0.4133000000E+01, 0.1200000000E+01, 0.3827000000E+00, 0.1209000000E+00
 c, 1.1, 0.1000000000E+01
 c, 2.2, 0.1000000000E+01
 c, 3.3, 0.1000000000E+01
 c, 4.4, 0.1000000000E+01
 c, 5.5, 0.1000000000E+01
 d, C , 0.1000000000E+02, 0.3300000000E+01, 0.1097000000E+01, 0.3180000000E+00
 c, 1.1, 0.1000000000E+01
 c, 2.2, 0.1000000000E+01
 c, 3.3, 0.1000000000E+01
 c, 4.4, 0.1000000000E+01
 f, C , 0.2300000000E+01, 0.7610000000E+00
 c, 1.1, 0.1000000000E+01
 c, 2.2, 0.1000000000E+01
 }
 hf;
 ccsd(t);
 

 Fortran compiler diagnostic
 ***************************

 integer size                  8
 double precision size         8
 logical size                  8

 diagnostic completed successfully

 Variables initialized (889), CPU time= 0.02 sec
 Commands  initialized (702), CPU time= 0.02 sec, 572 directives.
 Default parameters read. Elapsed time= 0.11 sec

 Using DEFAULT tuning parameter for mpplat   :       3
 Using DEFAULT tuning parameter for mppspeed :    1600
 Checking input...
 Passed
1


                                         ***  PROGRAM SYSTEM MOLPRO  ***
                                       Copyright, TTI GmbH Stuttgart, 2015
                                    Version 2015.1 linked Jun  9 2019 06:55:40


 **********************************************************************************************************************************
 LABEL *   Mol_05                                                                        
  64 bit mpp version                                                                     DATE: 10-Apr-22          TIME: 23:36:39  
 **********************************************************************************************************************************

 SHA1:             f6387f0c468d0184d0b38d85973bdb066f718752
 **********************************************************************************************************************************

Geometry recognized as XYZ


 Variable memory set to ********** words,  buffer space   230000 words

 SETTING BASIS          =    USERDEF


 Recomputing integrals since basis changed


 Using spherical harmonics



 PROGRAM * SEWARD (Integral evaluation for generally contracted gaussian basis sets)     Author: Roland Lindh, 1990

 Geometry written to block  1 of record 700


 Point group  D2h 



 ATOMIC COORDINATES

 NR  ATOM    CHARGE       X              Y              Z

   1  C       6.00    2.275749929    0.000000000    1.313900118
   2  C       6.00   -2.275749929    0.000000000    1.313900118
   3  C       6.00   -2.275749929    0.000000000   -1.313900118
   4  C       6.00    2.275749929    0.000000000   -1.313900118
   5  C       6.00    0.000000000    0.000000000    2.627800236
   6  C       6.00    0.000000000    0.000000000   -2.627800236
   7  H       1.00    0.000000000    0.000000000   -4.672595397
   8  H       1.00    0.000000000    0.000000000    4.672595397
   9  H       1.00   -4.046591493    0.000000000    2.336304313
  10  H       1.00   -4.046591493    0.000000000   -2.336304313
  11  H       1.00    4.046591493    0.000000000    2.336304313
  12  H       1.00    4.046591493    0.000000000   -2.336304313

 Bond lengths in Bohr (Angstrom)

  1- 4  2.627800236   1- 5  2.627807310   1-11  2.044795878   2- 3  2.627800236   2- 5  2.627807310
       ( 1.390572000)       ( 1.390575743)       ( 1.082059380)       ( 1.390572000)       ( 1.390575743)

  2- 9  2.044795878   3- 6  2.627807310   3-10  2.044795878   4- 6  2.627807310   4-12  2.044795878
       ( 1.082059380)       ( 1.390575743)       ( 1.082059380)       ( 1.390575743)       ( 1.082059380)

 5-8  2.044795161  6-7  2.044795161
     ( 1.082059000)     ( 1.082059000)

 Bond angles

  1- 4- 6  119.99991096   1- 4-12  120.00020239   1- 5- 2  120.00017809   1- 5- 8  119.99991096

  2- 3- 6  119.99991096   2- 3-10  120.00020239   2- 5- 8  119.99991096   3- 2- 5  119.99991096

  3-2-9  120.00020239   3-6-4  120.00017809   3-6-7  119.99991096   4-1-5  119.99991096

  4- 1-11  120.00020239   4- 6- 7  119.99991096   5- 1-11  119.99988665   5- 2- 9  119.99988665

  6- 3-10  119.99988665   6- 4-12  119.99988665

 NUCLEAR CHARGE:                   42
 NUMBER OF PRIMITIVE AOS:         516
 NUMBER OF SYMMETRY AOS:          450
 NUMBER OF CONTRACTIONS:          450   (  88Ag  +  68B3u +  39B2u +  30B1g +  88B1u +  68B2g +  39B3g +  30Au  )
 NUMBER OF CORE ORBITALS:           6   (   2Ag  +   1B3u +   0B2u +   0B1g +   2B1u +   1B2g +   0B3g +   0Au  )
 NUMBER OF VALENCE ORBITALS:       30   (   7Ag  +   5B3u +   2B2u +   1B1g +   7B1u +   5B2g +   2B3g +   1Au  )


 NUCLEAR REPULSION ENERGY  204.07660736


 Eigenvalues of metric

         1 0.333E-03 0.821E-03 0.114E-02 0.136E-02 0.311E-02 0.648E-02 0.830E-02 0.119E-01
         2 0.597E-03 0.100E-02 0.127E-02 0.832E-02 0.101E-01 0.113E-01 0.232E-01 0.329E-01
         3 0.312E-01 0.535E-01 0.607E-01 0.806E-01 0.130E+00 0.136E+00 0.157E+00 0.169E+00
         4 0.309E-01 0.803E-01 0.120E+00 0.138E+00 0.154E+00 0.174E+00 0.241E+00 0.319E+00
         5 0.289E-04 0.426E-03 0.564E-03 0.597E-03 0.100E-02 0.127E-02 0.206E-02 0.538E-02
         6 0.333E-03 0.353E-03 0.557E-03 0.821E-03 0.114E-02 0.311E-02 0.648E-02 0.119E-01
         7 0.149E-01 0.197E-01 0.309E-01 0.518E-01 0.803E-01 0.972E-01 0.120E+00 0.138E+00
         8 0.195E-01 0.312E-01 0.535E-01 0.607E-01 0.112E+00 0.130E+00 0.157E+00 0.190E+00


 Contracted 2-electron integrals neglected if value below      1.0D-12
 AO integral compression algorithm  1   Integral accuracy      1.0D-12

     3270.509 MB (compressed) written to integral file ( 47.4%)

     Node minimum: 332.923 MB, node maximum: 570.950 MB


 NUMBER OF SORTED TWO-ELECTRON INTEGRALS:   83015879.     BUFFER LENGTH:  32768
 NUMBER OF SEGMENTS:   3  SEGMENT LENGTH:   31996890      RECORD LENGTH: 524288

 Memory used in sort:      32.55 MW

 SORT1 READ   862579760. AND WROTE    71951263. INTEGRALS IN    208 RECORDS. CPU TIME:    36.94 SEC, REAL TIME:    41.02 SEC
 SORT2 READ   586590792. AND WROTE   664201979. INTEGRALS IN  10848 RECORDS. CPU TIME:     6.18 SEC, REAL TIME:     8.46 SEC

 Node minimum:    82937015.  Node maximum:    83211165. integrals

 OPERATOR DM      FOR CENTER  0  COORDINATES:    0.000000    0.000000    0.000000


 **********************************************************************************************************************************
 DATASETS  * FILE   NREC   LENGTH (MB)   RECORD NAMES
              1      18       21.28       500      610      700      900      950      970     1000      129      960     1100   
                                          VAR    BASINP    GEOM    SYMINP    ZMAT    AOBASIS   BASIS     P2S    ABASIS      S 
                                         1400     1410     1200     1210     1080     1600     1650     1700   
                                           T        V       H0       H01     AOSYM     SMH    MOLCAS    OPER   

 PROGRAMS   *        TOTAL       INT
 CPU TIMES  *        83.27     83.10
 REAL TIME  *       102.56 SEC
 DISK USED  *        10.30 GB      
 GA USED    *         0.00 MB       (max)       0.00 MB       (current)
 **********************************************************************************************************************************


 PROGRAM * RHF-SCF (CLOSED SHELL)       Authors: W. Meyer, H.-J. Werner


 NUMBER OF ELECTRONS:      21+   21-
 CONVERGENCE THRESHOLDS:    1.00E-05 (Density)    1.00E-07 (Energy)
 MAX. NUMBER OF ITERATIONS:       60
 INTERPOLATION TYPE:            DIIS
 INTERPOLATION STEPS:              2 (START)      1 (STEP)
 LEVEL SHIFTS:                  0.00 (CLOSED)  0.00 (OPEN) 



 Orbital guess generated from atomic densities. Full valence occupancy:    9   6   2   1   9   6   2   1


 Molecular orbital dump at record        2100.2

 Initial occupancy:   6   4   1   1   5   3   1   0

 ITERATION    DDIFF          GRAD             ENERGY        2-EL.EN.            DIPOLE MOMENTS         DIIS   ORB.
    1      0.000D+00      0.000D+00      -230.72352847    562.759430    0.00000    0.00000    0.00000    0    start
    2      0.000D+00      0.520D-02      -230.77466768    557.885411    0.00000    0.00000    0.00000    1    diag
    3      0.201D-02      0.205D-02      -230.78115017    560.201684    0.00000    0.00000    0.00000    2    diag
    4      0.794D-03      0.674D-03      -230.78210015    559.666469    0.00000    0.00000    0.00000    3    diag
    5      0.352D-03      0.510D-04      -230.78210924    559.660129    0.00000    0.00000    0.00000    4    diag
    6      0.691D-04      0.637D-05      -230.78210937    559.661663    0.00000    0.00000    0.00000    5    diag
    7      0.112D-04      0.738D-06      -230.78210937    559.661316    0.00000    0.00000    0.00000    6    diag
    8      0.943D-06      0.121D-06      -230.78210937    559.661361    0.00000    0.00000    0.00000    0    orth

 Final occupancy:   6   4   1   1   5   3   1   0

 !RHF STATE 1.1 Energy               -230.782109370869
 Nuclear energy                       204.07660736
 One-electron energy                 -714.68939737
 Two-electron energy                  279.83068064
 Virial quotient                       -1.00102168
 !RHF STATE 1.1 Dipole moment           0.00000000     0.00000000     0.00000000
 Dipole moment /Debye                   0.00000000     0.00000000     0.00000000

 Orbital energies:

         1.1          2.1          3.1          4.1          5.1          6.1          7.1          8.1
    -11.232627   -11.230782    -1.150213    -0.822722    -0.708677    -0.493131     0.145595     0.200863

         1.2          2.2          3.2          4.2          5.2          6.2
    -11.232044    -1.013814    -0.618507    -0.586578     0.169895     0.392476

         1.3          2.3          3.3
     -0.502277     0.129329     0.425393

         1.4          2.4          3.4
     -0.335899     0.469035     0.839711

         1.5          2.5          3.5          4.5          5.5          6.5          7.5
    -11.232044   -11.230164    -1.013812    -0.641619    -0.586576     0.169895     0.221026

         1.6          2.6          3.6          4.6          5.6
    -11.230782    -0.822721    -0.493131     0.200863     0.358375

         1.7          2.7          3.7
     -0.335898     0.332075     0.469035

         1.8          2.8
      0.129329     0.569215

 HOMO      1.7    -0.335898 =      -9.1402eV
 LUMO      2.3     0.129329 =       3.5192eV
 LUMO-HOMO         0.465227 =      12.6595eV


 **********************************************************************************************************************************
 DATASETS  * FILE   NREC   LENGTH (MB)   RECORD NAMES
              1      18       21.32       500      610      700      900      950      970     1000      129      960     1100   
                                          VAR    BASINP    GEOM    SYMINP    ZMAT    AOBASIS   BASIS     P2S    ABASIS      S 
                                         1400     1410     1200     1210     1080     1600     1650     1700   
                                           T        V       H0       H01     AOSYM     SMH    MOLCAS    OPER   

              2       4        3.62       700     1000      520     2100   
                                         GEOM     BASIS   MCVARS     RHF  

 PROGRAMS   *        TOTAL        HF       INT
 CPU TIMES  *        85.50      2.23     83.10
 REAL TIME  *       105.19 SEC
 DISK USED  *        10.52 GB      
 SF USED    *         0.12 MB      
 GA USED    *         0.00 MB       (max)       0.00 MB       (current)
 **********************************************************************************************************************************


 PROGRAM * CCSD (Closed-shell coupled cluster)     Authors: C. Hampel, H.-J. Werner, 1991, M. Deegan, P.J. Knowles, 1992


 Convergence thresholds:  THRVAR = 1.00D-08  THRDEN = 1.00D-06

 CCSD(T)     terms to be evaluated (factor= 1.000)


 Number of core orbitals:           6 (   2   1   0   0   2   1   0   0 )
 Number of closed-shell orbitals:  15 (   4   3   1   1   3   2   1   0 )
 Number of external orbitals:     429 (  82  64  38  29  83  65  38  30 )

 Molecular orbitals read from record     2100.2  Type=RHF/CANONICAL (state 1.1)

 Number of N-1 electron functions:              15
 Number of N-2 electron functions:             120
 Number of singly external CSFs:              1004
 Number of doubly external CSFs:           2720887
 Total number of CSFs:                     2721892

 Length of J-op  integral file:               0.00 MB
 Length of K-op  integral file:               2.06 MB
 Length of 3-ext integral record:             0.00 MB

 Memory could be reduced to 186.91 Mwords without degradation in triples

 Integral transformation finished. Total CPU:   6.17 sec, npass=  1  Memory used:  54.43 MW

 Reference energy:                   -230.78210937

 MP2 singlet pair energy:              -0.61563460
 MP2 triplet pair energy:              -0.36306732
 MP2 correlation energy:               -0.97870192
 MP2 total energy:                   -231.76081129

 SCS-MP2 correlation energy:           -0.96467007   (PS=  1.200000  PT=  0.333333)
 SCS-MP2 total energy:               -231.74677944

 ITER.      SQ.NORM     CORR.ENERGY   TOTAL ENERGY   ENERGY CHANGE        DEN1      VAR(S)    VAR(P)  DIIS     TIME  TIME/IT
   1      1.32268488    -0.99370323  -231.77581261    -0.01500131     0.01172674  0.42D-02  0.72D-02  1  1     9.34     2.55
   2      1.34407540    -0.99655698  -231.77866635    -0.00285374    -0.02280966  0.78D-04  0.81D-03  2  2    11.89     2.71
   3      1.35348052    -0.99669335  -231.77880272    -0.00013637    -0.00555384  0.17D-04  0.87D-04  3  3    14.45     2.78
   4      1.35683349    -0.99676412  -231.77887349    -0.00007077    -0.00109993  0.14D-05  0.13D-04  4  4    17.04     2.81
   5      1.35811573    -0.99681063  -231.77892000    -0.00004651    -0.00031740  0.57D-07  0.13D-05  5  5    19.59     2.84
   6      1.35842428    -0.99680678  -231.77891615     0.00000385    -0.00004871  0.92D-08  0.91D-07  6  6    22.18     2.87
   7      1.35846388    -0.99680509  -231.77891446     0.00000170    -0.00000119  0.13D-08  0.59D-08  6  1    24.80     2.89
   8      1.35847017    -0.99680583  -231.77891520    -0.00000075    -0.00000111  0.23D-09  0.57D-09  6  2    27.43     2.90
   9      1.35847063    -0.99680593  -231.77891530    -0.00000010     0.00000062  0.18D-10  0.39D-10  6  3    30.23     2.94

 Norm of t1 vector:      0.08067200      S-energy:     0.00000023      T1 diagnostic:  0.01041471
                                                                       D1 diagnostic:  0.02856096

 Doubles amplitudes (print threshold =  0.500E-01):

         I         J         SYM. A    SYM. B    A         B      T(IJ, AB)

         9         9         8         8         1         1     -0.07943832
        15        15         3         3         1         1     -0.07943911


 Total CPU time for triples:    124.42 sec


 RESULTS
 =======

  Reference energy                   -230.782109370872
  CCSD singlet pair energy             -0.671934618611
  CCSD triplet pair energy             -0.324871546979
  CCSD correlation energy              -0.996805933030

  Triples (T) contribution             -0.053990284739
  Total correlation energy             -1.050796217769

  CCSD total energy                  -231.778915303902
  CCSD[T] energy                     -231.833979107739
  CCSD-T energy                      -231.832463807053
 !CCSD(T) total energy               -231.832905588641

 Timing summary (sec):

 STEP                 CPU(USER)    SYS     CPU(TOT)    WALL
 Transformation          6.20      1.32      7.52      7.52
 CCSD iterations        24.05      3.91     27.96     27.93
 Triples               124.42      4.47    128.89    128.79

 Program statistics:

 Available memory in ccsd:             24999999000
 Min. memory needed in ccsd:               6777739
 Max. memory used in ccsd:                 9306425
 Max. memory used in cckext:               7774399 ( 9 integral passes)



 **********************************************************************************************************************************
 DATASETS  * FILE   NREC   LENGTH (MB)   RECORD NAMES
              1      19      678.99       500      610      700      900      950      970     1000      129      960     1100   
                                          VAR    BASINP    GEOM    SYMINP    ZMAT    AOBASIS   BASIS     P2S    ABASIS      S 
                                         1400     1410     1200     1210     1080     1600     1650     1700     1380   
                                           T        V       H0       H01     AOSYM     SMH    MOLCAS    OPER     JKOP   

              2       4        3.62       700     1000      520     2100   
                                         GEOM     BASIS   MCVARS     RHF  

 PROGRAMS   *        TOTAL   CCSD(T)        HF       INT
 CPU TIMES  *       240.22    154.72      2.23     83.10
 REAL TIME  *       269.67 SEC
 DISK USED  *        11.46 GB      
 SF USED    *       899.85 MB      
 GA USED    *         0.00 MB       (max)       0.00 MB       (current)
 **********************************************************************************************************************************

 CCSD(T)/USERDEF energy=   -231.832905588641

        CCSD(T)         HF-SCF  
   -231.83290559   -230.78210937
 **********************************************************************************************************************************
 Molpro calculation terminated
 Variable memory released

 Fortran compiler diagnostic
 ***************************

 integer size                  8
 double precision size         8
 logical size                  8

 diagnostic completed successfully
