
 Primary working directories    : /scratch/saurabh/PBS_8054306.helios
 Secondary working directories  : /scratch/saurabh/PBS_8054306.helios
 Wavefunction directory         : /scratch/saurabh/PBS_8054306.helios/
 Main file repository           : /scratch/saurabh/PBS_8054306.helios/

 SHA1      : f6387f0c468d0184d0b38d85973bdb066f718752
 NAME      : 2015.1.44
 ARCHNAME  : linux/x86_64
 FC        : /opt/may/bin/gfortran
 BLASLIB   : -Wl,-_start-group /opt/intel/mkl/lib/intel64/libmkl_gf_ilp64.a /opt/intel/mkl/lib/intel64/libmkl_gnu_thread.a /opt/intel/mkl/lib/intel64/libmkl_core.a -Wl,-_end-group
 id        : ramakrishnan

 Nodes             nprocs
 hel09.tifrh.res.in    8

 Using DEFAULT tuning parameter for ncache   :   16384
 Using DEFAULT tuning parameter for mflopdgm :   10000
 Using DEFAULT tuning parameter for mflopdgv :    4000
 Using DEFAULT tuning parameter for mflopmxm :    5000
 Using DEFAULT tuning parameter for mflopmxv :    4000
 Using DEFAULT tuning parameter for mindgm   :       1
 Using DEFAULT tuning parameter for mindgc   :       4
 Using DEFAULT tuning parameter for mindgf   :    5000
 Using DEFAULT tuning parameter for mindgl   :       4
 Using DEFAULT tuning parameter for mindgr   :       1
 Using DEFAULT tuning parameter for mindgv   :      20
 Using DEFAULT tuning parameter for mincuda  :     500
 Using DEFAULT tuning parameter for mxmblk   :      64
 Using DEFAULT tuning parameter for mxmbln   :      64
 Using DEFAULT tuning parameter for nroll    :       2
 Using custom tuning parameter for ngpus     :       0
 Using customized tuning parameters: mindgm=1; mindgv=20; mindgc=4; mindgr=1; noblas=0; minvec=7
 default implementation of scratch files=sf  

 ***,Mol_03
 memory,25,g
 geometry={
 C  2.224674   0.297077   -0.240221
 C  1.777279   -1.034396  -0.093365
 C  0.488253   -1.316405  0.235847
 C  -0.521703  -0.240470  0.461840
 C  0.025238   1.140450   0.296675
 C  1.322809   1.366364   -0.042275
 H  -0.660488  1.961840   0.453300
 H  0.143445   -2.336356  0.334018
 H  2.477762   -1.845669  -0.245703
 O  -1.597659  -0.521667  -0.485234
 H  -0.977684  -0.352737  1.455528
 O  -2.768974  0.219996   -0.045508
 H  -2.876867  0.831415   -0.785842
 H  3.251400   0.496563   -0.511848
 H  1.676194   2.382593   -0.164520
  }
 basis={
                                                                            ! oxygen               (10s,5p,4d,2f) -&gt; [10s,5p,4d,2f]
 s, O , 0.1533000000E+05, 0.2299000000E+04, 0.5224000000E+03, 0.1473000000E+03, 0.4755000000E+02, 0.1676000000E+02, 0.6207000000E+01, 0.1752000000E+01, 0.6882000000E+00, 0.2384000000E+00
 c, 1.1, 0.1000000000E+01
 c, 2.2, 0.1000000000E+01
 c, 3.3, 0.1000000000E+01
 c, 4.4, 0.1000000000E+01
 c, 5.5, 0.1000000000E+01
 c, 6.6, 0.1000000000E+01
 c, 7.7, 0.1000000000E+01
 c, 8.8, 0.1000000000E+01
 c, 9.9, 0.1000000000E+01
 c, 10.10, 0.1000000000E+01
 p, O , 0.3446000000E+02, 0.7749000000E+01, 0.2280000000E+01, 0.7156000000E+00, 0.2140000000E+00
 c, 1.1, 0.1000000000E+01
 c, 2.2, 0.1000000000E+01
 c, 3.3, 0.1000000000E+01
 c, 4.4, 0.1000000000E+01
 c, 5.5, 0.1000000000E+01
 d, O , 0.2100000000E+02, 0.7000000000E+01, 0.2314000000E+01, 0.6450000000E+00
 c, 1.1, 0.1000000000E+01
 c, 2.2, 0.1000000000E+01
 c, 3.3, 0.1000000000E+01
 c, 4.4, 0.1000000000E+01
 f, O , 0.4300000000E+01, 0.1428000000E+01
 c, 1.1, 0.1000000000E+01
 c, 2.2, 0.1000000000E+01
                                                                                 ! hydrogen             (5s,2p,1d) -&gt; [5s,2p,1d]
 s, H , 0.3387000000E+02, 0.5095000000E+01, 0.1159000000E+01, 0.3258000000E+00, 0.1027000000E+00
 c, 1.1, 0.1000000000E+01
 c, 2.2, 0.1000000000E+01
 c, 3.3, 0.1000000000E+01
 c, 4.4, 0.1000000000E+01
 c, 5.5, 0.1000000000E+01
 p, H , 0.1407000000E+01, 0.3880000000E+00
 c, 1.1, 0.1000000000E+01
 c, 2.2, 0.1000000000E+01
 d, H , 0.1057000000E+01
 c, 1.1, 0.1000000000E+01
                                                                            ! carbon               (10s,5p,4d,2f) -&gt; [10s,5p,4d,2f]
 s, C , 0.8236000000E+04, 0.1235000000E+04, 0.2808000000E+03, 0.7927000000E+02, 0.2559000000E+02, 0.8997000000E+01, 0.3319000000E+01, 0.9059000000E+00, 0.3643000000E+00, 0.1285000000E+00
 c, 1.1, 0.1000000000E+01
 c, 2.2, 0.1000000000E+01
 c, 3.3, 0.1000000000E+01
 c, 4.4, 0.1000000000E+01
 c, 5.5, 0.1000000000E+01
 c, 6.6, 0.1000000000E+01
 c, 7.7, 0.1000000000E+01
 c, 8.8, 0.1000000000E+01
 c, 9.9, 0.1000000000E+01
 c, 10.10, 0.1000000000E+01
 p, C , 0.1871000000E+02, 0.4133000000E+01, 0.1200000000E+01, 0.3827000000E+00, 0.1209000000E+00
 c, 1.1, 0.1000000000E+01
 c, 2.2, 0.1000000000E+01
 c, 3.3, 0.1000000000E+01
 c, 4.4, 0.1000000000E+01
 c, 5.5, 0.1000000000E+01
 d, C , 0.1000000000E+02, 0.3300000000E+01, 0.1097000000E+01, 0.3180000000E+00
 c, 1.1, 0.1000000000E+01
 c, 2.2, 0.1000000000E+01
 c, 3.3, 0.1000000000E+01
 c, 4.4, 0.1000000000E+01
 f, C , 0.2300000000E+01, 0.7610000000E+00
 c, 1.1, 0.1000000000E+01
 c, 2.2, 0.1000000000E+01
 }
 DKROLL=1
 DKHO=2
 {rhf
 wf,59,1,1
 }
 {uccsd(t)
 core}
 

 Fortran compiler diagnostic
 ***************************

 integer size                  8
 double precision size         8
 logical size                  8

 diagnostic completed successfully

 Variables initialized (889), CPU time= 0.02 sec
 Commands  initialized (702), CPU time= 0.02 sec, 572 directives.
 Default parameters read. Elapsed time= 0.10 sec

 Using DEFAULT tuning parameter for mpplat   :       3
 Using DEFAULT tuning parameter for mppspeed :    1600
 Checking input...
 Passed
1


                                         ***  PROGRAM SYSTEM MOLPRO  ***
                                       Copyright, TTI GmbH Stuttgart, 2015
                                    Version 2015.1 linked Jun  9 2019 06:55:40


 **********************************************************************************************************************************
 LABEL *   Mol_03                                                                        
  64 bit mpp version                                                                     DATE: 11-Apr-22          TIME: 00:52:15  
 **********************************************************************************************************************************

 SHA1:             f6387f0c468d0184d0b38d85973bdb066f718752
 **********************************************************************************************************************************

Geometry recognized as XYZ


 Variable memory set to ********** words,  buffer space   230000 words

 SETTING BASIS          =    USERDEF
 SETTING DKROLL         =         1.00000000                                  
 SETTING DKHO           =         2.00000000                                  


 Recomputing integrals since basis changed


 Using spherical harmonics



 PROGRAM * SEWARD (Integral evaluation for generally contracted gaussian basis sets)     Author: Roland Lindh, 1990

 Geometry written to block  1 of record 700


 Point group  C1  



 ATOMIC COORDINATES

 NR  ATOM    CHARGE       X              Y              Z

   1  C       6.00    4.204024576    0.561394168   -0.453951899
   2  C       6.00    3.358570557   -1.954725144   -0.176434280
   3  C       6.00    0.922664449   -2.487644919    0.445686237
   4  C       6.00   -0.985875788   -0.454422441    0.872751113
   5  C       6.00    0.047692908    2.155138159    0.560634498
   6  C       6.00    2.499746725    2.582053746   -0.079888172
   7  H       1.00   -1.248141429    3.707340300    0.856612852
   8  H       1.00    0.271071764   -4.415072969    0.631202541
   9  H       1.00    4.682291582   -3.487808927   -0.464311378
  10  O       8.00   -3.019137950   -0.985807758   -0.916959366
  11  H       1.00   -1.847554996   -0.666576324    2.750549287
  12  O       8.00   -5.232602506    0.415732188   -0.085997656
  13  H       1.00   -5.436490727    1.571146646   -1.485026157
  14  H       1.00    6.144255521    0.938368074   -0.967252537
  15  H       1.00    3.167547592    4.502448236   -0.310897742

 Bond lengths in Bohr (Angstrom)

  1- 2  2.668832127   1- 6  2.669747516   1-14  2.042078106   2- 3  2.569956418   2- 9  2.045838815
       ( 1.412285141)       ( 1.412769544)       ( 1.080621197)       ( 1.359962369)       ( 1.082611278)

  3- 4  2.821152937   3- 8  2.043029177   4- 5  2.824090572   4-10  2.760360298   4-11  2.076927131
       ( 1.492889843)       ( 1.081124482)       ( 1.494444372)       ( 1.460719764)       ( 1.099062506)

  5- 6  2.570037769   5- 7  2.043556043   6-15  2.046274277  10-12  2.748497212  12-13  1.825878890
       ( 1.360005418)       ( 1.081403287)       ( 1.082841715)       ( 1.454442089)       ( 0.966213498)

 Bond angles

  1- 2- 3  121.39504927   1- 2- 9  119.13596488   1- 6- 5  121.21523668   1- 6-15  119.08878336

  2- 1- 6  119.78637540   2- 1-14  120.07718244   2- 3- 4  121.89870964   2- 3- 8  121.32635873

  3- 2- 9  119.46895582   3- 4- 5  113.68053106   3- 4-10  105.15459474   3- 4-11  110.11582611

  4- 3- 8  116.77048844   4- 5- 6  122.02031002   4- 5- 7  116.98649353   4-10-12  107.39873122

  5- 4-10  112.07414876   5- 4-11  110.25207819   5- 6-15  119.69596964   6- 1-14  120.13415359

  6- 5- 7  120.99222107  10- 4-11  105.12556960  10-12-13  100.42551861

 NUCLEAR CHARGE:                   59
 NUMBER OF PRIMITIVE AOS:         671
 NUMBER OF SYMMETRY AOS:          584
 NUMBER OF CONTRACTIONS:          584   ( 584A   )
 NUMBER OF CORE ORBITALS:           8   (   8A   )
 NUMBER OF VALENCE ORBITALS:       39   (  39A   )


 NUCLEAR REPULSION ENERGY  353.55766893

 One-electron integrals computed with SEWARD

 2nd-order Douglas-Kroll-Hess method activated. Optimal DKH parametrization is used.

 Computing Douglas-Kroll / X2C integrals

 AO integral compression algorithm  1   Integral accuracy      1.0D-11

     19854.262 MB (compressed) written to integral file ( 16.6%)

     Node minimum: 2383.675 MB, node maximum: 2619.081 MB


 NUMBER OF SORTED TWO-ELECTRON INTEGRALS: 1823717024.     BUFFER LENGTH:  32768
 NUMBER OF SEGMENTS:  58  SEGMENT LENGTH:   31996696      RECORD LENGTH: 524288

 Memory used in sort:      32.55 MW

 SORT1 READ 14976508112. AND WROTE   639816654. INTEGRALS IN   1857 RECORDS. CPU TIME:   355.29 SEC, REAL TIME:   406.80 SEC
 SORT2 READ  5125987813. AND WROTE 14589821610. INTEGRALS IN  73976 RECORDS. CPU TIME:    30.67 SEC, REAL TIME:   219.41 SEC

 Node minimum:  1823652968.  Node maximum:  1823802436. integrals

 OPERATOR DM      FOR CENTER  0  COORDINATES:    0.000000    0.000000    0.000000


 Eigenvalues of metric

         1 0.385E-04 0.276E-03 0.379E-03 0.392E-03 0.483E-03 0.554E-03 0.615E-03 0.650E-03


 **********************************************************************************************************************************
 DATASETS  * FILE   NREC   LENGTH (MB)   RECORD NAMES
              1      22       42.16       500      610      700      900      950      970     1000      129      960     1700   
                                          VAR    BASINP    GEOM    SYMINP    ZMAT    AOBASIS   BASIS     P2S    ABASIS    OPER   
                                         1101     1401     1411     1412     1650     1100     1400     1410     1200     1210   
                                          SR      EKINR    POTR     PVPR    MOLCAS      S      EKIN      POT      H0       H01  
                                         1080     1600   
                                         AOSYM     SMH  

 PROGRAMS   *        TOTAL       INT
 CPU TIMES  *       430.56    430.38
 REAL TIME  *       684.72 SEC
 DISK USED  *        80.42 GB      
 GA USED    *         0.01 MB       (max)       0.00 MB       (current)
 **********************************************************************************************************************************


 PROGRAM * RHF-SCF (OPEN SHELL)       Authors: W. Meyer, H.-J. Werner


 NUMBER OF ELECTRONS:      30+   29-    SPACE SYMMETRY=1    SPIN SYMMETRY: Doublet 
 CONVERGENCE THRESHOLDS:    1.00E-05 (Density)    1.18E-07 (Energy)
 MAX. NUMBER OF ITERATIONS:       60
 INTERPOLATION TYPE:            DIIS
 INTERPOLATION STEPS:              2 (START)      1 (STEP)
 LEVEL SHIFTS:                 -0.60 (CLOSED) -0.30 (OPEN) 



 Orbital guess generated from atomic densities. Full valence occupancy:   30

 Molecular orbital dump at record        2100.2

 Initial alpha occupancy:  30
 Initial beta  occupancy:  29
 Wave function symmetry:    1

 ITERATION    DDIFF          GRAD             ENERGY        2-EL.EN.            DIPOLE MOMENTS         DIIS   ORB.
    1      0.000D+00      0.000D+00      -381.06370351    973.231583    0.38589    0.66858   -0.08286    0    start
    2      0.000D+00      0.211D-02      -381.13831283    972.095704    0.57381    0.58504   -0.07044    1    diag,B
    3      0.554D-03      0.728D-03      -381.15330683    972.037046    0.55870    0.53712   -0.06881    2    diag,B
    4      0.282D-03      0.325D-03      -381.15849286    972.075446    0.57694    0.53148   -0.05476    3    diag,B
    5      0.233D-03      0.114D-03      -381.15954998    972.052969    0.58872    0.52720   -0.05942    4    diag,B
    6      0.104D-03      0.598D-04      -381.16015420    972.048946    0.60000    0.52886   -0.05923    5    diag,B
    7      0.722D-04      0.397D-04      -381.16063423    972.049545    0.61372    0.52959   -0.06171    6    fixocc
    8      0.576D-04      0.272D-04      -381.16097723    972.055373    0.62729    0.53100   -0.06449    7    diag,B
    9      0.555D-04      0.151D-04      -381.16108349    972.066624    0.63693    0.53259   -0.06718    8    diag,B
   10      0.387D-04      0.642D-05      -381.16109423    972.069607    0.63967    0.53346   -0.06824    9    orth
   11      0.155D-04      0.229D-05      -381.16109481    972.069937    0.64011    0.53379   -0.06853    9    diag,B
   12      0.410D-05      0.845D-06      -381.16109487    972.069856    0.64018    0.53393   -0.06860    9    diag,B
   13      0.168D-05      0.339D-06      -381.16109488    972.069858    0.64019    0.53400   -0.06860    0    orth

 Final alpha occupancy:  30
 Final beta  occupancy:  29

 !RHF STATE 1.1 Energy               -381.161094878987
 Nuclear energy                       353.55766893
 One-electron energy                -1220.75369265
 Two-electron energy                  486.03492884
 Virial quotient                       -0.99766387
 !RHF STATE 1.1 Dipole moment           0.64019222     0.53400449    -0.06860467
 Dipole moment /Debye                   1.62709975     1.35721514    -0.17436426

 Orbital energies:

         1.1          2.1          3.1          4.1          5.1          6.1          7.1          8.1          9.1         10.1
    -20.631090   -20.630569   -11.301089   -11.248706   -11.245635   -11.245494   -11.244075   -11.243539    -1.463292    -1.227208

        11.1         12.1         13.1         14.1         15.1         16.1         17.1         18.1         19.1         20.1
     -1.134692    -1.026470    -0.993592    -0.844851    -0.824426    -0.724193    -0.702554    -0.668455    -0.649192    -0.631874

        21.1         22.1         23.1         24.1         25.1         26.1         27.1         28.1         29.1         30.1
     -0.596384    -0.589771    -0.569677    -0.524614    -0.495249    -0.484995    -0.449526    -0.445993    -0.361852    -0.285722

        31.1         32.1
      0.121126     0.140712

 HOMO     30.1    -0.285722 =      -7.7749eV
 LUMO     31.1     0.121126 =       3.2960eV
 LUMO-HOMO         0.406848 =      11.0709eV


 **********************************************************************************************************************************
 DATASETS  * FILE   NREC   LENGTH (MB)   RECORD NAMES
              1      22       42.16       500      610      700      900      950      970     1000      129      960     1700   
                                          VAR    BASINP    GEOM    SYMINP    ZMAT    AOBASIS   BASIS     P2S    ABASIS    OPER   
                                         1101     1401     1411     1412     1650     1100     1400     1410     1200     1210   
                                          SR      EKINR    POTR     PVPR    MOLCAS      S      EKIN      POT      H0       H01  
                                         1080     1600   
                                         AOSYM     SMH  

              2       4       12.64       700     1000      520     2100   
                                         GEOM     BASIS   MCVARS     RHF  

 PROGRAMS   *        TOTAL       RHF       INT
 CPU TIMES  *       679.80    249.24    430.38
 REAL TIME  *       942.99 SEC
 DISK USED  *        81.25 GB      
 SF USED    *         1.37 MB      
 GA USED    *         0.01 MB       (max)       0.00 MB       (current)
 **********************************************************************************************************************************


 PROGRAM * CCSD (Unrestricted open-shell coupled cluster)     Authors: C. Hampel, H.-J. Werner, 1991, M. Deegan, P.J. Knowles, 1992


 Convergence thresholds:  THRVAR = 1.00D-08  THRDEN = 1.18D-06

 CCSD(T)     terms to be evaluated (factor= 1.000)


 Number of closed-shell orbitals:  29 (  29 )
 Number of active  orbitals:        1 (   1 )
 Number of external orbitals:     554 ( 554 )

 Memory could be reduced to 7616.94 Mwords without degradation in triples

 Number of N-1 electron functions:              59
 Number of N-2 electron functions:            1711
 Number of singly external CSFs:             32745
 Number of doubly external CSFs:         397272885
 Total number of CSFs:                   397305630

 Molecular orbitals read from record     2100.2  Type=RHF/CANONICAL (state 1.1)

 Integral transformation finished. Total CPU:1177.74 sec, npass=  1  Memory used:3351.72 MW

 Starting RMP2 calculation

 ITER.      SQ.NORM     CORR.ENERGY   TOTAL ENERGY   ENERGY CHANGE        DEN1      VAR(S)    VAR(P)  DIIS     TIME
   1      1.44891786    -1.87023148  -383.03132636    -1.87023148    -0.00556208  0.13D-03  0.23D-02  1  1  1308.48
   2      1.45487163    -1.87622812  -383.03732300    -0.00599663    -0.00001979  0.47D-05  0.11D-04  2  2  1585.26
   3      1.45521649    -1.87639106  -383.03748594    -0.00016294    -0.00000023  0.13D-06  0.11D-06  3  3  1926.86
   4      1.45523570    -1.87639411  -383.03748899    -0.00000306    -0.00000000  0.20D-08  0.55D-09  4  4  2581.93
   5      1.45523633    -1.87639429  -383.03748917    -0.00000017    -0.00000000  0.29D-10  0.48D-11  5  5  2730.41

 Norm of t1 vector:      0.08053922      S-energy:    -0.00534010      T1 diagnostic:  0.00070361
 Norm of t2 vector:      0.66988788      P-energy:    -1.87105418
                                         Alpha-Beta:  -1.46236602
                                         Alpha-Alpha: -0.21256996
                                         Beta-Beta:   -0.19611820

 Spin contamination <S**2-Sz**2-Sz>     0.00236261
  Reference energy                   -381.161094878979
  RHF-RMP2 correlation energy          -1.876394286062
 !RHF-RMP2 energy                    -383.037489165041

 Starting UCCSD calculation

 ITER.      SQ.NORM     CORR.ENERGY   TOTAL ENERGY   ENERGY CHANGE        DEN1      VAR(S)    VAR(P)  DIIS     TIME
   1      1.44217410    -1.86374233  -383.02483720    -1.86374233    -0.04367988  0.79D-02  0.77D-02  0  0  6493.92
   2      1.47951323    -1.90288423  -383.06397911    -0.03914191    -0.00437705  0.64D-03  0.14D-02  1  1 10199.28
   3      1.49578926    -1.90940626  -383.07050114    -0.00652203    -0.00085266  0.43D-03  0.21D-03  2  2 13934.11
   4      1.50897062    -1.91498625  -383.07608112    -0.00557998    -0.00018065  0.12D-03  0.44D-04  3  3 16979.01
   5      1.51606917    -1.91590861  -383.07700349    -0.00092237    -0.00006024  0.60D-04  0.90D-05  4  4 20241.73
   6      1.52029904    -1.91616654  -383.07726141    -0.00025792    -0.00002185  0.19D-04  0.42D-05  5  5 23779.26
   7      1.52393596    -1.91644036  -383.07753524    -0.00027383    -0.00000514  0.31D-05  0.16D-05  6  6 27675.48
   8      1.52495039    -1.91646950  -383.07756438    -0.00002914    -0.00000123  0.58D-06  0.44D-06  6  2 31385.05
   9      1.52546719    -1.91650986  -383.07760474    -0.00004036    -0.00000025  0.87D-07  0.99D-07  6  1 35962.95
  10      1.52557177    -1.91651872  -383.07761359    -0.00000886    -0.00000003  0.11D-07  0.13D-07  6  3 39340.96
  11      1.52555784    -1.91651220  -383.07760708     0.00000652    -0.00000001  0.34D-08  0.22D-08  6  4 43835.21
  12      1.52557548    -1.91651196  -383.07760684     0.00000024    -0.00000000  0.83D-09  0.38D-09  6  5 48040.42

 Norm of t1 vector:      0.20704917      S-energy:    -0.00788940      T1 diagnostic:  0.01442898
                                                                       D1 diagnostic:  0.06364335
 Norm of t2 vector:      0.69477056      P-energy:    -1.90862257
                                         Alpha-Beta:  -1.54058032
                                         Alpha-Alpha: -0.19206770
                                         Beta-Beta:   -0.17597455

 Singles amplitudes (print threshold =  0.500E-01):

         I         SYM. A    A   T(IA) [Alpha-Alpha]

        29         1         2     -0.06251543

         I         SYM. A    A   T(IA) [Beta-Beta]

        27         1         1      0.07895725
        29         1         2      0.05991922

 Doubles amplitudes (print threshold =  0.500E-01):

         I         J         SYM. A    SYM. B    A         B      T(IJ, AB) [Alpha-Beta]

        29        29         1         1         2         2     -0.06111350
        30        29         1         1         2         1      0.06039910

 Spin contamination <S**2-Sz**2-Sz>     0.01536861

 Memory could be reduced to 8178.34 Mwords without degradation in triples


  Correlated core orbitals:             1.1       2.1       3.1       4.1       5.1       6.1       7.1       8.1
  Orbital energies:                   -20.6316  -20.6307  -11.3012  -11.2539  -11.2461  -11.2463  -11.2449  -11.2449

  UCCSD core-core energy               -0.295569855301
  UCCSD core-valence energy            -0.117472885886
  UCCSD valence correlation energy     -1.503469222444


 RESULTS
 =======

  Reference energy                   -381.161094878979
  UCCSD singles energy                 -0.007889397809
  UCCSD pair energy                    -1.908622565822
  UCCSD correlation energy             -1.916511963631
  Triples (T) contribution             -0.078088968610
  Total correlation energy             -1.994600932241

  RHF-UCCSD energy                   -383.077606842610
  RHF-UCCSD[T] energy                -383.157968487671
  RHF-UCCSD-T energy                 -383.154916173712
 !RHF-UCCSD(T) energy                -383.155695811220

 Program statistics:

 Available memory in ccsd:             24999992400
 Min. memory needed in ccsd:            1080539128
 Max. memory used in ccsd:              1597354003
 Max. memory used in cckext:            1187133809 (12 integral passes)
 Max. memory used in cckint:            3351715156 ( 1 integral passes)



 **********************************************************************************************************************************
 DATASETS  * FILE   NREC   LENGTH (MB)   RECORD NAMES
              1      22       42.16       500      610      700      900      950      970     1000      129      960     1700   
                                          VAR    BASINP    GEOM    SYMINP    ZMAT    AOBASIS   BASIS     P2S    ABASIS    OPER   
                                         1101     1401     1411     1412     1650     1100     1400     1410     1200     1210   
                                          SR      EKINR    POTR     PVPR    MOLCAS      S      EKIN      POT      H0       H01  
                                         1080     1600   
                                         AOSYM     SMH  

              2       4       12.64       700     1000      520     2100   
                                         GEOM     BASIS   MCVARS     RHF  

 PROGRAMS   *        TOTAL  UCCSD(T)       RHF       INT
 CPU TIMES  *    169183.81 168503.94    249.24    430.38
 REAL TIME  *    196107.59 SEC
 DISK USED  *       485.64 GB      
 SF USED    *       163.90 GB      
 GA USED    *         0.01 MB       (max)       0.00 MB       (current)
 **********************************************************************************************************************************

 UCCSD(T)/USERDEF energy=   -383.155695811220

        UCCSD(T)        RHF-SCF 
   -383.15569581   -381.16109488
 **********************************************************************************************************************************
 Molpro calculation terminated
 Variable memory released

 Fortran compiler diagnostic
 ***************************

 integer size                  8
 double precision size         8
 logical size                  8

 diagnostic completed successfully
