
 Primary working directories    : /scratch/saurabh/PBS_8057417.helios
 Secondary working directories  : /scratch/saurabh/PBS_8057417.helios
 Wavefunction directory         : /scratch/saurabh/PBS_8057417.helios/
 Main file repository           : /scratch/saurabh/PBS_8057417.helios/

 SHA1      : f6387f0c468d0184d0b38d85973bdb066f718752
 NAME      : 2015.1.44
 ARCHNAME  : linux/x86_64
 FC        : /opt/may/bin/gfortran
 BLASLIB   : -Wl,-_start-group /opt/intel/mkl/lib/intel64/libmkl_gf_ilp64.a /opt/intel/mkl/lib/intel64/libmkl_gnu_thread.a /opt/intel/mkl/lib/intel64/libmkl_core.a -Wl,-_end-group
 id        : ramakrishnan

 Nodes             nprocs
 hel01.tifrh.res.in    8

 Using DEFAULT tuning parameter for ncache   :   16384
 Using DEFAULT tuning parameter for mflopdgm :   10000
 Using DEFAULT tuning parameter for mflopdgv :    4000
 Using DEFAULT tuning parameter for mflopmxm :    5000
 Using DEFAULT tuning parameter for mflopmxv :    4000
 Using DEFAULT tuning parameter for mindgm   :       1
 Using DEFAULT tuning parameter for mindgc   :       4
 Using DEFAULT tuning parameter for mindgf   :    5000
 Using DEFAULT tuning parameter for mindgl   :       4
 Using DEFAULT tuning parameter for mindgr   :       1
 Using DEFAULT tuning parameter for mindgv   :      20
 Using DEFAULT tuning parameter for mincuda  :     500
 Using DEFAULT tuning parameter for mxmblk   :      64
 Using DEFAULT tuning parameter for mxmbln   :      64
 Using DEFAULT tuning parameter for nroll    :       2
 Using custom tuning parameter for ngpus     :       0
 Using customized tuning parameters: mindgm=1; mindgv=20; mindgc=4; mindgr=1; noblas=0; minvec=7
 default implementation of scratch files=sf  

 ***,Mol_04_a
 memory,64,g
 geometry={
 C        -0.000000   -1.060785    0.328601
 C         1.246287   -0.662391   -0.498404
 C         1.246287    0.662391   -0.498404
 C         0.000001    1.060785    0.328602
 C        -1.246287    0.662392   -0.498403
 C        -1.246288   -0.662391   -0.498404
 H        -1.909396    1.348313   -1.000076
 H         1.909396    1.348309   -1.000080
 H         1.909394   -1.348312   -1.000081
 O         0.000001   -0.000000    1.302326
 H         0.000002    2.037501    0.800095
 H        -1.909399   -1.348310   -1.000078
 H        -0.000000   -2.037502    0.800094
  }
 basis,O=AVQZ,C=AVQZ,H=VQZ
 hf;
 ccsd;
 

 Fortran compiler diagnostic
 ***************************

 integer size                  8
 double precision size         8
 logical size                  8

 diagnostic completed successfully

 Variables initialized (889), CPU time= 0.01 sec
 Commands  initialized (702), CPU time= 0.02 sec, 572 directives.
 Default parameters read. Elapsed time= 0.11 sec

 Using DEFAULT tuning parameter for mpplat   :       3
 Using DEFAULT tuning parameter for mppspeed :    1600
 Checking input...
 Passed
1


                                         ***  PROGRAM SYSTEM MOLPRO  ***
                                       Copyright, TTI GmbH Stuttgart, 2015
                                    Version 2015.1 linked Jun  9 2019 06:55:40


 **********************************************************************************************************************************
 LABEL *   Mol_04_a                                                                      
  64 bit mpp version                                                                     DATE: 24-Apr-22          TIME: 21:06:14  
 **********************************************************************************************************************************

 SHA1:             f6387f0c468d0184d0b38d85973bdb066f718752
 **********************************************************************************************************************************

Geometry recognized as XYZ


 Variable memory set to ********** words,  buffer space   230000 words

 SETTING BASIS          =    O=AVQZ,C=AVQZ,H=VQZ


 Recomputing integrals since basis changed


 Using spherical harmonics

 Library entry C      S aug-cc-pVQZ          selected for orbital group  1
 Library entry C      P aug-cc-pVQZ          selected for orbital group  1
 Library entry C      D aug-cc-pVQZ          selected for orbital group  1
 Library entry C      F aug-cc-pVQZ          selected for orbital group  1
 Library entry C      G aug-cc-pVQZ          selected for orbital group  1
 Library entry H      S cc-pVQZ              selected for orbital group  2
 Library entry H      P cc-pVQZ              selected for orbital group  2
 Library entry H      D cc-pVQZ              selected for orbital group  2
 Library entry H      F cc-pVQZ              selected for orbital group  2
 Library entry O      S aug-cc-pVQZ          selected for orbital group  3
 Library entry O      P aug-cc-pVQZ          selected for orbital group  3
 Library entry O      D aug-cc-pVQZ          selected for orbital group  3
 Library entry O      F aug-cc-pVQZ          selected for orbital group  3
 Library entry O      G aug-cc-pVQZ          selected for orbital group  3


 PROGRAM * SEWARD (Integral evaluation for generally contracted gaussian basis sets)     Author: Roland Lindh, 1990

 Geometry written to block  1 of record 700


 Point group  C1  



 ATOMIC COORDINATES

 NR  ATOM    CHARGE       X              Y              Z

   1  C       6.00   -0.000000000   -2.004593127    0.620965894
   2  C       6.00    2.355141103   -1.251737577   -0.941847059
   3  C       6.00    2.355141103    1.251737577   -0.941847059
   4  C       6.00    0.000001890    2.004593127    0.620967784
   5  C       6.00   -2.355141103    1.251739467   -0.941845170
   6  C       6.00   -2.355142992   -1.251737577   -0.941847059
   7  H       1.00   -3.608235503    2.547942300   -1.889869744
   8  H       1.00    3.608235503    2.547934741   -1.889877303
   9  H       1.00    3.608231724   -2.547940410   -1.889879192
  10  O       8.00    0.000001890   -0.000000000    2.461039465
  11  H       1.00    0.000003779    3.850318869    1.511960424
  12  H       1.00   -3.608241173   -2.547936631   -1.889873523
  13  H       1.00   -0.000000000   -3.850320758    1.511958534

 Bond lengths in Bohr (Angstrom)

  1- 2  2.925041097   1- 4  4.009186254   1- 6  2.925042619   1-10  2.721077792   1-13  2.049531257
       ( 1.547865090)       ( 2.121570000)       ( 1.547865895)       ( 1.439932357)       ( 1.084565234)

 2-3  2.503475155  2-9  2.036944480  3-4  2.925040585  3-8  2.036942318  4-5  2.925042132
     ( 1.324782000)     ( 1.077904599)     ( 1.547864819)     ( 1.077903455)     ( 1.547865637)

  4-10  2.721076514   4-11  2.049529555   5- 6  2.503477044   5- 7  2.036943287   6-12  2.036944087
       ( 1.439931680)       ( 1.084564334)       ( 1.324783000)       ( 1.077903967)       ( 1.077904391)

 Bond angles

  1-2-3  104.91482896   1-2-9  125.46499023   1-4-3   75.08517594   1-4-5   75.08517731

  1- 4-10   42.54971273   1- 4-11  154.23189203   1- 6- 5  104.91476107   1- 6-12  125.46514402

  1-10- 4   94.90059923   2- 1- 4   75.08516347   2- 1- 6  107.25243412   2- 1-10   99.88602948

  2- 1-13  117.64938792   2- 3- 4  104.91483163   2- 3- 8  129.51977948   3- 2- 9  129.51993604

  3- 4- 5  107.25239825   3- 4-10   99.88607227   3- 4-11  117.64937290   4- 1- 6   75.08521641

  4- 1-10   42.54968803   4- 1-13  154.23186098   4- 3- 8  125.46515451   4- 5- 6  104.91484520

  4- 5- 7  125.46502219   5- 4-10   99.88606926   5- 4-11  117.64939726   5- 6-12  129.51986794

  6- 1-10   99.88608933   6- 1-13  117.64937231   6- 5- 7  129.51990313  10- 1-13  111.68217295

 10- 4-11  111.68217930

 NUCLEAR CHARGE:                   50
 NUMBER OF PRIMITIVE AOS:        1048
 NUMBER OF SYMMETRY AOS:          843
 NUMBER OF CONTRACTIONS:          740   ( 740A   )
 NUMBER OF CORE ORBITALS:           7   (   7A   )
 NUMBER OF VALENCE ORBITALS:       34   (  34A   )


 NUCLEAR REPULSION ENERGY  291.81528244


 Eigenvalues of metric

         1 0.808E-06 0.158E-05 0.358E-05 0.502E-05 0.612E-05 0.743E-05 0.104E-04 0.131E-04


 Contracted 2-electron integrals neglected if value below      1.0D-13
 AO integral compression algorithm  1   Integral accuracy      1.0D-13

     171013.833 MB (compressed) written to integral file ( 53.7%)

     Node minimum: 21159.215 MB, node maximum: 21580.218 MB


 NUMBER OF SORTED TWO-ELECTRON INTEGRALS: 4698142848.     BUFFER LENGTH:  32768
 NUMBER OF SEGMENTS: 148  SEGMENT LENGTH:   31998192      RECORD LENGTH: 131072

 Memory used in sort:      32.16 MW

 SORT1 READ 39780837413. AND WROTE  4294116752. INTEGRALS IN  49218 RECORDS. CPU TIME:  2473.12 SEC, REAL TIME:  2811.45 SEC
 SORT2 READ 34349014473. AND WROTE 37584731535. INTEGRALS IN 658576 RECORDS. CPU TIME:   745.87 SEC, REAL TIME:  9258.20 SEC

 Node minimum:  4697971493.  Node maximum:  4698211392. integrals

 OPERATOR DM      FOR CENTER  0  COORDINATES:    0.000000    0.000000    0.000000


 **********************************************************************************************************************************
 DATASETS  * FILE   NREC   LENGTH (MB)   RECORD NAMES
              1      18       40.06       500      610      700      900      950      970     1000      129      960     1100   
                                          VAR    BASINP    GEOM    SYMINP    ZMAT    AOBASIS   BASIS     P2S    ABASIS      S 
                                         1400     1410     1200     1210     1080     1600     1650     1700   
                                           T        V       H0       H01     AOSYM     SMH    MOLCAS    OPER   

 PROGRAMS   *        TOTAL       INT
 CPU TIMES  *      3662.32   3662.17
 REAL TIME  *     12887.59 SEC
 DISK USED  *       582.65 GB      
 GA USED    *         0.01 MB       (max)       0.00 MB       (current)
 **********************************************************************************************************************************


 PROGRAM * RHF-SCF (CLOSED SHELL)       Authors: W. Meyer, H.-J. Werner


 NUMBER OF ELECTRONS:      25+   25-    SPACE SYMMETRY=1    SPIN SYMMETRY: Singlet 
 CONVERGENCE THRESHOLDS:    1.00E-05 (Density)    1.00E-07 (Energy)
 MAX. NUMBER OF ITERATIONS:       60
 INTERPOLATION TYPE:            DIIS
 INTERPOLATION STEPS:              2 (START)      1 (STEP)
 LEVEL SHIFTS:                  0.00 (CLOSED)  0.00 (OPEN) 



 Orbital guess generated from atomic densities. Full valence occupancy:   41

 Molecular orbital dump at record        2100.2

 Initial occupancy:  25

 ITERATION    DDIFF          GRAD             ENERGY        2-EL.EN.            DIPOLE MOMENTS         DIIS   ORB.
    1      0.000D+00      0.000D+00      -305.50180021    793.693443   -0.00000   -0.00000   -1.05384    0    start
    2      0.000D+00      0.192D-02      -305.57058182    790.866040   -0.00000    0.00000   -0.73004    1    diag
    3      0.169D-02      0.854D-03      -305.58121968    792.330446   -0.00000   -0.00000   -0.84346    2    diag
    4      0.560D-03      0.289D-03      -305.58294967    792.078247   -0.00000    0.00000   -0.78647    3    diag
    5      0.218D-03      0.721D-04      -305.58307844    792.041304   -0.00000    0.00000   -0.80931    4    diag
    6      0.584D-04      0.199D-04      -305.58309107    792.046182   -0.00000    0.00000   -0.80135    5    diag
    7      0.198D-04      0.407D-05      -305.58309185    792.041526   -0.00000    0.00000   -0.80242    6    diag
    8      0.562D-05      0.841D-06      -305.58309188    792.042521   -0.00000    0.00000   -0.80209    7    diag
    9      0.106D-05      0.270D-06      -305.58309188    792.041709   -0.00000    0.00000   -0.80212    0    orth

 Final occupancy:  25

 !RHF STATE 1.1 Energy               -305.583091884768
 Nuclear energy                       291.81528244
 One-electron energy                 -993.41922905
 Two-electron energy                  396.02085473
 Virial quotient                       -1.00116689
 !RHF STATE 1.1 Dipole moment          -0.00000129     0.00000026    -0.80211866
 Dipole moment /Debye                  -0.00000328     0.00000065    -2.03864875

 Orbital energies:

         1.1          2.1          3.1          4.1          5.1          6.1          7.1          8.1          9.1         10.1
    -20.550784   -11.293636   -11.293614   -11.232225   -11.232205   -11.230388   -11.230379    -1.394229    -1.095947    -1.033900

        11.1         12.1         13.1         14.1         15.1         16.1         17.1         18.1         19.1         20.1
     -0.985068    -0.805737    -0.772962    -0.734282    -0.726777    -0.674987    -0.589008    -0.560792    -0.556613    -0.532230

        21.1         22.1         23.1         24.1         25.1         26.1         27.1
     -0.531178    -0.477145    -0.437706    -0.387414    -0.329555     0.039391     0.042972

 HOMO     25.1    -0.329555 =      -8.9676eV
 LUMO     26.1     0.039391 =       1.0719eV
 LUMO-HOMO         0.368945 =      10.0395eV


 **********************************************************************************************************************************
 DATASETS  * FILE   NREC   LENGTH (MB)   RECORD NAMES
              1      18       40.06       500      610      700      900      950      970     1000      129      960     1100   
                                          VAR    BASINP    GEOM    SYMINP    ZMAT    AOBASIS   BASIS     P2S    ABASIS      S 
                                         1400     1410     1200     1210     1080     1600     1650     1700   
                                           T        V       H0       H01     AOSYM     SMH    MOLCAS    OPER   

              2       4       14.05       700     1000      520     2100   
                                         GEOM     BASIS   MCVARS     RHF  

 PROGRAMS   *        TOTAL        HF       INT
 CPU TIMES  *      5025.44   1363.09   3662.17
 REAL TIME  *     22431.95 SEC
 DISK USED  *       583.37 GB      
 SF USED    *         2.19 MB      
 GA USED    *         0.01 MB       (max)       0.00 MB       (current)
 **********************************************************************************************************************************


 PROGRAM * CCSD (Closed-shell coupled cluster)     Authors: C. Hampel, H.-J. Werner, 1991, M. Deegan, P.J. Knowles, 1992


 Convergence thresholds:  THRVAR = 1.00D-08  THRDEN = 1.00D-06

 Number of core orbitals:           7 (   7 )
 Number of closed-shell orbitals:  18 (  18 )
 Number of external orbitals:     715 ( 715 )

 Molecular orbitals read from record     2100.2  Type=RHF/CANONICAL (state 1.1)

 Number of N-1 electron functions:              18
 Number of N-2 electron functions:             171
 Number of singly external CSFs:             12870
 Number of doubly external CSFs:          82824885
 Total number of CSFs:                    82837756

 Length of J-op  integral file:               0.00 MB
 Length of K-op  integral file:              37.65 MB
 Length of 3-ext integral record:             0.00 MB

 Integral transformation finished. Total CPU:1953.06 sec, npass=  1  Memory used:4019.13 MW

 Reference energy:                   -305.58309188

 MP2 singlet pair energy:              -0.81340047
 MP2 triplet pair energy:              -0.46451255
 MP2 correlation energy:               -1.27791302
 MP2 total energy:                   -306.86100491

 SCS-MP2 correlation energy:           -1.26511060   (PS=  1.200000  PT=  0.333333)
 SCS-MP2 total energy:               -306.84820248

 ITER.      SQ.NORM     CORR.ENERGY   TOTAL ENERGY   ENERGY CHANGE        DEN1      VAR(S)    VAR(P)  DIIS     TIME  TIME/IT
   1      1.37994110    -1.28762950  -306.87072139    -0.00971648     0.02454417  0.63D-02  0.74D-02  1  1  2720.44  1079.35
   2      1.40661256    -1.29023940  -306.87333128    -0.00260989    -0.02892951  0.12D-03  0.10D-02  2  2  3521.18  1210.62
   3      1.41833473    -1.29054003  -306.87363191    -0.00030063    -0.00608965  0.81D-04  0.94D-04  3  3  4326.48  1261.17
   4      1.42264932    -1.29047578  -306.87356766     0.00006425    -0.00163556  0.67D-05  0.17D-04  4  4  5130.98  1287.25
   5      1.42442295    -1.29053119  -306.87362307    -0.00005541    -0.00040951  0.13D-05  0.16D-05  5  5  5934.13  1302.59
   6      1.42488114    -1.29052121  -306.87361309     0.00000998    -0.00007504  0.14D-06  0.14D-06  6  6  6741.33  1316.65
   7      1.42496306    -1.29051745  -306.87360933     0.00000376    -0.00000893  0.28D-07  0.17D-07  6  2  7553.27  1324.31
   8      1.42497871    -1.29051677  -306.87360865     0.00000068    -0.00000046  0.58D-08  0.21D-08  6  1  8351.18  1330.78
   9      1.42498342    -1.29051659  -306.87360847     0.00000018     0.00000001  0.97D-09  0.35D-09  6  3  9150.47  1332.73

 Norm of t1 vector:      0.10377068      S-energy:    -0.00000060      T1 diagnostic:  0.01222949
                                                                       D1 diagnostic:  0.03256852


 RESULTS
 =======

  Reference energy                   -305.583091884775
  CCSD singlet pair energy             -0.877847580766
  CCSD triplet pair energy             -0.412668410166
  CCSD correlation energy              -1.290516586544

 !CCSD total energy                  -306.873608471319

 Timing summary (sec):

 STEP                 CPU(USER)    SYS     CPU(TOT)    WALL
 Transformation       1957.69     90.12   2047.81   2590.96
 CCSD iterations      7193.67    358.52   7552.19  12000.25

 Program statistics:

 Available memory in ccsd:             63999998604
 Min. memory needed in ccsd:             193431864
 Max. memory used in ccsd:               270994089
 Max. memory used in cckext:             192149884 ( 9 integral passes)



 **********************************************************************************************************************************
 DATASETS  * FILE   NREC   LENGTH (MB)   RECORD NAMES
              1      19    27528.70       500      610      700      900      950      970     1000      129      960     1100   
                                          VAR    BASINP    GEOM    SYMINP    ZMAT    AOBASIS   BASIS     P2S    ABASIS      S 
                                         1400     1410     1200     1210     1080     1600     1650     1700     1380   
                                           T        V       H0       H01     AOSYM     SMH    MOLCAS    OPER     JKOP   

              2       4       14.05       700     1000      520     2100   
                                         GEOM     BASIS   MCVARS     RHF  

 PROGRAMS   *        TOTAL      CCSD        HF       INT
 CPU TIMES  *     14176.97   9151.52   1363.09   3662.17
 REAL TIME  *     37026.30 SEC
 DISK USED  *       619.22 GB      
 SF USED    *        34.61 GB      
 GA USED    *         0.01 MB       (max)       0.00 MB       (current)
 **********************************************************************************************************************************

 CCSD/O=AVQZ,C=AVQZ,H=VQZ energy=   -306.873608471319

        CCSD            HF-SCF  
   -306.87360847   -305.58309188
 **********************************************************************************************************************************
 Molpro calculation terminated
 Variable memory released

 Fortran compiler diagnostic
 ***************************

 integer size                  8
 double precision size         8
 logical size                  8

 diagnostic completed successfully
