
 Primary working directories    : /scratch/saurabh/PBS_8057579.helios
 Secondary working directories  : /scratch/saurabh/PBS_8057579.helios
 Wavefunction directory         : /scratch/saurabh/PBS_8057579.helios/
 Main file repository           : /scratch/saurabh/PBS_8057579.helios/

 SHA1      : f6387f0c468d0184d0b38d85973bdb066f718752
 NAME      : 2015.1.44
 ARCHNAME  : linux/x86_64
 FC        : /opt/may/bin/gfortran
 BLASLIB   : -Wl,-_start-group /opt/intel/mkl/lib/intel64/libmkl_gf_ilp64.a /opt/intel/mkl/lib/intel64/libmkl_gnu_thread.a /opt/intel/mkl/lib/intel64/libmkl_core.a -Wl,-_end-group
 id        : ramakrishnan

 Nodes             nprocs
 hel02.tifrh.res.in    8

 Using DEFAULT tuning parameter for ncache   :   16384
 Using DEFAULT tuning parameter for mflopdgm :   10000
 Using DEFAULT tuning parameter for mflopdgv :    4000
 Using DEFAULT tuning parameter for mflopmxm :    5000
 Using DEFAULT tuning parameter for mflopmxv :    4000
 Using DEFAULT tuning parameter for mindgm   :       1
 Using DEFAULT tuning parameter for mindgc   :       4
 Using DEFAULT tuning parameter for mindgf   :    5000
 Using DEFAULT tuning parameter for mindgl   :       4
 Using DEFAULT tuning parameter for mindgr   :       1
 Using DEFAULT tuning parameter for mindgv   :      20
 Using DEFAULT tuning parameter for mincuda  :     500
 Using DEFAULT tuning parameter for mxmblk   :      64
 Using DEFAULT tuning parameter for mxmbln   :      64
 Using DEFAULT tuning parameter for nroll    :       2
 Using custom tuning parameter for ngpus     :       0
 Using customized tuning parameters: mindgm=1; mindgv=20; mindgc=4; mindgr=1; noblas=0; minvec=7
 default implementation of scratch files=sf  

 ***,TS_02
 memory,64,g
 geometry={
 C  0.721059   -0.000018  0.227831
 C  0.072724   -0.000113  1.458531
 H  -1.179341  -0.000070  0.970425
 H  0.082107   -0.915377  2.042335
 H  0.082110   0.915059   2.042482
 C  1.209909   1.274063   -0.387021
 H  2.276798   1.395786   -0.167934
 H  1.100321   1.262699   -1.471143
 H  0.686663   2.141889   0.010713
 C  1.209909   -1.274006  -0.387214
 H  0.686638   -2.141888  0.010365
 H  1.100352   -1.262464  -1.471336
 H  2.276790   -1.395780  -0.168114
 O  -1.246798  0.000084   -0.950567
 O  -2.052458  -0.000011  0.041747
  }
 basis={
                                                                            ! oxygen               (10s,5p,4d,2f) -&gt; [10s,5p,4d,2f]
 s, O , 0.1533000000E+05, 0.2299000000E+04, 0.5224000000E+03, 0.1473000000E+03, 0.4755000000E+02, 0.1676000000E+02, 0.6207000000E+01, 0.1752000000E+01, 0.6882000000E+00, 0.2384000000E+00
 c, 1.1, 0.1000000000E+01
 c, 2.2, 0.1000000000E+01
 c, 3.3, 0.1000000000E+01
 c, 4.4, 0.1000000000E+01
 c, 5.5, 0.1000000000E+01
 c, 6.6, 0.1000000000E+01
 c, 7.7, 0.1000000000E+01
 c, 8.8, 0.1000000000E+01
 c, 9.9, 0.1000000000E+01
 c, 10.10, 0.1000000000E+01
 p, O , 0.3446000000E+02, 0.7749000000E+01, 0.2280000000E+01, 0.7156000000E+00, 0.2140000000E+00
 c, 1.1, 0.1000000000E+01
 c, 2.2, 0.1000000000E+01
 c, 3.3, 0.1000000000E+01
 c, 4.4, 0.1000000000E+01
 c, 5.5, 0.1000000000E+01
 d, O , 0.2100000000E+02, 0.7000000000E+01, 0.2314000000E+01, 0.6450000000E+00
 c, 1.1, 0.1000000000E+01
 c, 2.2, 0.1000000000E+01
 c, 3.3, 0.1000000000E+01
 c, 4.4, 0.1000000000E+01
 f, O , 0.4300000000E+01, 0.1428000000E+01
 c, 1.1, 0.1000000000E+01
 c, 2.2, 0.1000000000E+01
                                                                                 ! hydrogen             (5s,2p,1d) -&gt; [5s,2p,1d]
 s, H , 0.3387000000E+02, 0.5095000000E+01, 0.1159000000E+01, 0.3258000000E+00, 0.1027000000E+00
 c, 1.1, 0.1000000000E+01
 c, 2.2, 0.1000000000E+01
 c, 3.3, 0.1000000000E+01
 c, 4.4, 0.1000000000E+01
 c, 5.5, 0.1000000000E+01
 p, H , 0.1407000000E+01, 0.3880000000E+00
 c, 1.1, 0.1000000000E+01
 c, 2.2, 0.1000000000E+01
 d, H , 0.1057000000E+01
 c, 1.1, 0.1000000000E+01
                                                                            ! carbon               (10s,5p,4d,2f) -&gt; [10s,5p,4d,2f]
 s, C , 0.8236000000E+04, 0.1235000000E+04, 0.2808000000E+03, 0.7927000000E+02, 0.2559000000E+02, 0.8997000000E+01, 0.3319000000E+01, 0.9059000000E+00, 0.3643000000E+00, 0.1285000000E+00
 c, 1.1, 0.1000000000E+01
 c, 2.2, 0.1000000000E+01
 c, 3.3, 0.1000000000E+01
 c, 4.4, 0.1000000000E+01
 c, 5.5, 0.1000000000E+01
 c, 6.6, 0.1000000000E+01
 c, 7.7, 0.1000000000E+01
 c, 8.8, 0.1000000000E+01
 c, 9.9, 0.1000000000E+01
 c, 10.10, 0.1000000000E+01
 p, C , 0.1871000000E+02, 0.4133000000E+01, 0.1200000000E+01, 0.3827000000E+00, 0.1209000000E+00
 c, 1.1, 0.1000000000E+01
 c, 2.2, 0.1000000000E+01
 c, 3.3, 0.1000000000E+01
 c, 4.4, 0.1000000000E+01
 c, 5.5, 0.1000000000E+01
 d, C , 0.1000000000E+02, 0.3300000000E+01, 0.1097000000E+01, 0.3180000000E+00
 c, 1.1, 0.1000000000E+01
 c, 2.2, 0.1000000000E+01
 c, 3.3, 0.1000000000E+01
 c, 4.4, 0.1000000000E+01
 f, C , 0.2300000000E+01, 0.7610000000E+00
 c, 1.1, 0.1000000000E+01
 c, 2.2, 0.1000000000E+01
 }
 {rhf
 wf,49,1,1
 }
 uccsd(t);
 

 Fortran compiler diagnostic
 ***************************

 integer size                  8
 double precision size         8
 logical size                  8

 diagnostic completed successfully

 Variables initialized (889), CPU time= 0.02 sec
 Commands  initialized (702), CPU time= 0.01 sec, 572 directives.
 Default parameters read. Elapsed time= 0.11 sec

 Using DEFAULT tuning parameter for mpplat   :       3
 Using DEFAULT tuning parameter for mppspeed :    1600
 Checking input...
 Passed
1


                                         ***  PROGRAM SYSTEM MOLPRO  ***
                                       Copyright, TTI GmbH Stuttgart, 2015
                                    Version 2015.1 linked Jun  9 2019 06:55:40


 **********************************************************************************************************************************
 LABEL *   TS_02                                                                         
  64 bit mpp version                                                                     DATE: 28-Apr-22          TIME: 20:50:17  
 **********************************************************************************************************************************

 SHA1:             f6387f0c468d0184d0b38d85973bdb066f718752
 **********************************************************************************************************************************

Geometry recognized as XYZ


 Variable memory set to ********** words,  buffer space   230000 words

 SETTING BASIS          =    USERDEF


 Recomputing integrals since basis changed


 Using spherical harmonics



 PROGRAM * SEWARD (Integral evaluation for generally contracted gaussian basis sets)     Author: Roland Lindh, 1990

 Geometry written to block  1 of record 700


 Point group  C1  



 ATOMIC COORDINATES

 NR  ATOM    CHARGE       X              Y              Z

   1  C       6.00    1.362604030   -0.000034015    0.430538193
   2  C       6.00    0.137428443   -0.000213539    2.756224134
   3  H       1.00   -2.228631497   -0.000132281    1.833837474
   4  H       1.00    0.155159743   -1.729811831    3.859453805
   5  H       1.00    0.155165412    1.729210898    3.859731594
   6  C       6.00    2.286396646    2.407630135   -0.731363694
   7  H       1.00    4.302524661    2.637653269   -0.317349267
   8  H       1.00    2.079305339    2.386155288   -2.780057360
   9  H       1.00    1.297605010    4.047583599    0.020244636
  10  C       6.00    2.286396646   -2.407522421   -0.731728412
  11  H       1.00    1.297557767   -4.047581709    0.019587011
  12  H       1.00    2.079363921   -2.385711202   -2.780422077
  13  H       1.00    4.302509543   -2.637641930   -0.317689418
  14  O       8.00   -2.356106753    0.000158737   -1.796311293
  15  O       8.00   -3.878583502   -0.000020787    0.078890397

 Bond lengths in Bohr (Angstrom)

  1- 2  2.628663225   1- 6  2.828472283   1-10  2.828472535   2- 3  2.539495382   2- 4  2.051570217
       ( 1.391028674)       ( 1.496763074)       ( 1.496763207)       ( 1.343843084)       ( 1.085644205)

  2- 5  2.051573103   3-15  2.408771653   6- 7  2.071012014   6- 8  2.059245909   6- 9  2.057199880
       ( 1.085645733)       ( 1.274667065)       ( 1.095932361)       ( 1.089706007)       ( 1.088623295)

 10-11  2.057199957  10-12  2.059243554  10-13  2.071012915  14-15  2.415433059
       ( 1.088623336)       ( 1.089704760)       ( 1.095932838)       ( 1.278192129)

 Bond angles

  1-2-3   96.48247784   1-2-4  118.15105873   1-2-5  118.15123405   1-6-7  109.29141139

  1- 6- 8  111.52827067   1- 6- 9  111.80883858   1-10-11  111.80872143   1-10-12  111.52824454

  1-10-13  109.29138101   2- 1- 6  121.04585336   2- 1-10  121.04570441   2- 3-15  154.53162511

  3- 2- 4  101.73578221   3- 2- 5  101.73563707   3-15-14   97.69308554   4- 2- 5  114.92034886

  6- 1-10  116.68335792   7- 6- 8  107.33419050   7- 6- 9  107.83836757   8- 6- 9  108.87223710

 11-10-12  108.87228746  11-10-13  107.83836883  12-10-13  107.33432375

 NUCLEAR CHARGE:                   49
 NUMBER OF PRIMITIVE AOS:         567
 NUMBER OF SYMMETRY AOS:          498
 NUMBER OF CONTRACTIONS:          498   ( 498A   )
 NUMBER OF CORE ORBITALS:           6   (   6A   )
 NUMBER OF VALENCE ORBITALS:       33   (  33A   )


 NUCLEAR REPULSION ENERGY  250.39194709


 Eigenvalues of metric

         1 0.252E-03 0.350E-03 0.531E-03 0.767E-03 0.985E-03 0.103E-02 0.118E-02 0.119E-02


 Contracted 2-electron integrals neglected if value below      1.0D-11
 AO integral compression algorithm  1   Integral accuracy      1.0D-11

     11525.423 MB (compressed) written to integral file ( 17.5%)

     Node minimum: 1011.352 MB, node maximum: 1653.080 MB


 NUMBER OF SORTED TWO-ELECTRON INTEGRALS:  964909968.     BUFFER LENGTH:  32768
 NUMBER OF SEGMENTS:  31  SEGMENT LENGTH:   31996696      RECORD LENGTH: 524288

 Memory used in sort:      32.55 MW

 SORT1 READ  8236142054. AND WROTE   380756501. INTEGRALS IN   1106 RECORDS. CPU TIME:   123.38 SEC, REAL TIME:   131.82 SEC
 SORT2 READ  3036045178. AND WROTE  7719217626. INTEGRALS IN  50448 RECORDS. CPU TIME:    15.58 SEC, REAL TIME:    91.93 SEC

 Node minimum:   964847844.  Node maximum:   964956564. integrals

 OPERATOR DM      FOR CENTER  0  COORDINATES:    0.000000    0.000000    0.000000


 **********************************************************************************************************************************
 DATASETS  * FILE   NREC   LENGTH (MB)   RECORD NAMES
              1      18       29.21       500      610      700      900      950      970     1000      129      960     1100   
                                          VAR    BASINP    GEOM    SYMINP    ZMAT    AOBASIS   BASIS     P2S    ABASIS      S 
                                         1400     1410     1200     1210     1080     1600     1650     1700   
                                           T        V       H0       H01     AOSYM     SMH    MOLCAS    OPER   

 PROGRAMS   *        TOTAL       INT
 CPU TIMES  *       192.70    192.50
 REAL TIME  *       309.09 SEC
 DISK USED  *        48.09 GB      
 GA USED    *         0.01 MB       (max)       0.00 MB       (current)
 **********************************************************************************************************************************


 PROGRAM * RHF-SCF (OPEN SHELL)       Authors: W. Meyer, H.-J. Werner


 NUMBER OF ELECTRONS:      25+   24-    SPACE SYMMETRY=1    SPIN SYMMETRY: Doublet 
 CONVERGENCE THRESHOLDS:    1.00E-05 (Density)    1.00E-07 (Energy)
 MAX. NUMBER OF ITERATIONS:       60
 INTERPOLATION TYPE:            DIIS
 INTERPOLATION STEPS:              2 (START)      1 (STEP)
 LEVEL SHIFTS:                 -0.60 (CLOSED) -0.30 (OPEN) 



 Orbital guess generated from atomic densities. Full valence occupancy:   25

 Molecular orbital dump at record        2100.2

 Initial alpha occupancy:  25
 Initial beta  occupancy:  24
 Wave function symmetry:    1

 ITERATION    DDIFF          GRAD             ENERGY        2-EL.EN.            DIPOLE MOMENTS         DIIS   ORB.
    1      0.000D+00      0.000D+00      -306.24567097    715.540455    1.15695   -0.00005    0.56018    0    start
    2      0.000D+00      0.241D-02      -306.31413651    715.295535    1.42277   -0.00004    0.48770    1    diag,B
    3      0.559D-03      0.876D-03      -306.32752947    715.156595    1.40862   -0.00004    0.50051    2    diag,B
    4      0.282D-03      0.440D-03      -306.33373657    715.186405    1.50429   -0.00004    0.46219    3    diag,B
    5      0.258D-03      0.223D-03      -306.33548478    715.223447    1.54827   -0.00004    0.46689    4    diag,B
    6      0.152D-03      0.115D-03      -306.33646626    715.226246    1.60993   -0.00004    0.45030    5    diag,B
    7      0.130D-03      0.821D-04      -306.33708798    715.242319    1.65556   -0.00004    0.43492    6    fixocc
    8      0.897D-04      0.607D-04      -306.33761421    715.251616    1.69106   -0.00003    0.41453    7    diag,B
    9      0.727D-04      0.488D-04      -306.33809646    715.256859    1.71421   -0.00003    0.39215    8    diag,B
   10      0.777D-04      0.365D-04      -306.33850191    715.251267    1.72910   -0.00003    0.36544    9    orth
   11      0.106D-03      0.163D-04      -306.33854212    715.248589    1.72389   -0.00003    0.36110    9    diag,B
   12      0.319D-04      0.104D-04      -306.33855474    715.245233    1.72451   -0.00003    0.35726    9    diag,B
   13      0.242D-04      0.443D-05      -306.33855528    715.245304    1.72200   -0.00003    0.35882    9    diag,B
   14      0.764D-05      0.242D-05      -306.33855579    715.244748    1.72151   -0.00003    0.35858    9    diag,B
   15      0.462D-05      0.954D-06      -306.33855583    715.244868    1.72117   -0.00003    0.35884    9    diag,B
   16      0.132D-05      0.407D-06      -306.33855584    715.244922    1.72120   -0.00003    0.35884    0    orth

 Final alpha occupancy:  25
 Final beta  occupancy:  24

 !RHF STATE 1.1 Energy               -306.338555837381
 Nuclear energy                       250.39194709
 One-electron energy                 -914.35296394
 Two-electron energy                  357.62246101
 Virial quotient                       -1.00080535
 !RHF STATE 1.1 Dipole moment           1.72120461    -0.00002773     0.35884488
 Dipole moment /Debye                   4.37457922    -0.00007048     0.91203298

 Orbital energies:

         1.1          2.1          3.1          4.1          5.1          6.1          7.1          8.1          9.1         10.1
    -20.616919   -20.583771   -11.317809   -11.244551   -11.244533   -11.213395    -1.498043    -1.127740    -1.050523    -0.973417

        11.1         12.1         13.1         14.1         15.1         16.1         17.1         18.1         19.1         20.1
     -0.961285    -0.750064    -0.703955    -0.643345    -0.639844    -0.615191    -0.596944    -0.575597    -0.558541    -0.543803

        21.1         22.1         23.1         24.1         25.1         26.1         27.1
     -0.539345    -0.515797    -0.447241    -0.356226    -0.472311     0.100895     0.127500

 HOMO     25.1    -0.472311 =     -12.8522eV
 LUMO     26.1     0.100895 =       2.7455eV
 LUMO-HOMO         0.573206 =      15.5977eV


 **********************************************************************************************************************************
 DATASETS  * FILE   NREC   LENGTH (MB)   RECORD NAMES
              1      18       29.21       500      610      700      900      950      970     1000      129      960     1100   
                                          VAR    BASINP    GEOM    SYMINP    ZMAT    AOBASIS   BASIS     P2S    ABASIS      S 
                                         1400     1410     1200     1210     1080     1600     1650     1700   
                                           T        V       H0       H01     AOSYM     SMH    MOLCAS    OPER   

              2       4       10.01       700     1000      520     2100   
                                         GEOM     BASIS   MCVARS     RHF  

 PROGRAMS   *        TOTAL       RHF       INT
 CPU TIMES  *       337.52    144.80    192.50
 REAL TIME  *       460.03 SEC
 DISK USED  *        48.69 GB      
 SF USED    *         0.99 MB      
 GA USED    *         0.01 MB       (max)       0.00 MB       (current)
 **********************************************************************************************************************************


 PROGRAM * CCSD (Unrestricted open-shell coupled cluster)     Authors: C. Hampel, H.-J. Werner, 1991, M. Deegan, P.J. Knowles, 1992


 Convergence thresholds:  THRVAR = 1.00D-08  THRDEN = 1.00D-06

 CCSD(T)     terms to be evaluated (factor= 1.000)


 Number of core orbitals:           6 (   6 )
 Number of closed-shell orbitals:  18 (  18 )
 Number of active  orbitals:        1 (   1 )
 Number of external orbitals:     473 ( 473 )

 Memory could be reduced to 3084.96 Mwords without degradation in triples

 Number of N-1 electron functions:              37
 Number of N-2 electron functions:             666
 Number of singly external CSFs:             17538
 Number of doubly external CSFs:         113159916
 Total number of CSFs:                   113177454

 Molecular orbitals read from record     2100.2  Type=RHF/CANONICAL (state 1.1)

 Integral transformation finished. Total CPU: 438.24 sec, npass=  1  Memory used:1319.46 MW

 Starting RMP2 calculation

 ITER.      SQ.NORM     CORR.ENERGY   TOTAL ENERGY   ENERGY CHANGE        DEN1      VAR(S)    VAR(P)  DIIS     TIME
   1      1.35243206    -1.22420152  -307.56275736    -1.22420152    -0.00442175  0.37D-04  0.17D-02  1  1   471.61
   2      1.35678231    -1.22898780  -307.56754364    -0.00478628    -0.00001100  0.12D-05  0.52D-05  2  2   507.02
   3      1.35694815    -1.22907991  -307.56763574    -0.00009211    -0.00000009  0.45D-07  0.26D-07  3  3   532.38
   4      1.35695165    -1.22907979  -307.56763562     0.00000012    -0.00000000  0.11D-08  0.17D-09  4  4   572.46

 Norm of t1 vector:      0.05526256      S-energy:    -0.00564439      T1 diagnostic:  0.00073555
 Norm of t2 vector:      0.59489301      P-energy:    -1.22343540
                                         Alpha-Beta:  -0.92831378
                                         Alpha-Alpha: -0.14907866
                                         Beta-Beta:   -0.14604296

 Spin contamination <S**2-Sz**2-Sz>     0.00155448
  Reference energy                   -306.338555837379
  RHF-RMP2 correlation energy          -1.229079785232
 !RHF-RMP2 energy                    -307.567635622611

 Starting UCCSD calculation

 ITER.      SQ.NORM     CORR.ENERGY   TOTAL ENERGY   ENERGY CHANGE        DEN1      VAR(S)    VAR(P)  DIIS     TIME
   1      1.35738721    -1.21356252  -307.55211836    -1.21356252    -0.03985233  0.12D-01  0.70D-02  1  1  1143.39
   2      1.39123341    -1.24703377  -307.58558961    -0.03347125    -0.00544006  0.11D-02  0.16D-02  2  2  1762.41
   3      1.41727087    -1.25621364  -307.59476948    -0.00917987    -0.00127363  0.12D-02  0.13D-03  3  3  2340.18
   4      1.43273094    -1.25980174  -307.59835758    -0.00358810    -0.00050101  0.42D-03  0.65D-04  4  4  2910.41
   5      1.45222996    -1.26212407  -307.60067991    -0.00232233    -0.00014451  0.13D-03  0.16D-04  5  5  3473.96
   6      1.46423301    -1.26323277  -307.60178861    -0.00110870    -0.00002552  0.16D-04  0.50D-05  6  6  4058.10
   7      1.46886677    -1.26352070  -307.60207653    -0.00028792    -0.00000522  0.26D-05  0.14D-05  6  1  4644.94
   8      1.46953260    -1.26359030  -307.60214614    -0.00006960    -0.00000139  0.97D-06  0.29D-06  6  2  5199.85
   9      1.46954989    -1.26358741  -307.60214324     0.00000289    -0.00000041  0.36D-06  0.69D-07  6  3  5760.30
  10      1.46974683    -1.26361683  -307.60217267    -0.00002942    -0.00000013  0.10D-06  0.29D-07  6  5  6325.16
  11      1.46975135    -1.26360487  -307.60216070     0.00001196    -0.00000003  0.30D-07  0.56D-08  6  1  6916.59
  12      1.46977612    -1.26360799  -307.60216383    -0.00000313    -0.00000001  0.85D-08  0.19D-08  6  4  7494.16
  13      1.46977737    -1.26360781  -307.60216364     0.00000018    -0.00000000  0.31D-08  0.64D-09  6  6  8066.85

 Norm of t1 vector:      0.26962132      S-energy:    -0.00572389      T1 diagnostic:  0.03035371
                                                                       D1 diagnostic:  0.12873953
 Norm of t2 vector:      0.63014420      P-energy:    -1.25788392
                                         Alpha-Beta:  -0.98905379
                                         Alpha-Alpha: -0.13494966
                                         Beta-Beta:   -0.13388046

 Singles amplitudes (print threshold =  0.500E-01):

         I         SYM. A    A   T(IA) [Alpha-Alpha]

        18         1         2      0.08684685

         I         SYM. A    A   T(IA) [Beta-Beta]

        12         1         1     -0.12903561
        13         1         1      0.10265160
        17         1         2     -0.06342503
        18         1         2      0.12877181

 Doubles amplitudes (print threshold =  0.500E-01):

         I         J         SYM. A    SYM. B    A         B      T(IJ, AB) [Alpha-Beta]

        18        18         1         1         2         2     -0.07829933

 Spin contamination <S**2-Sz**2-Sz>     0.00394050

 Memory could be reduced to 3252.30 Mwords without degradation in triples


 RESULTS
 =======

  Reference energy                   -306.338555837379
  UCCSD singles energy                 -0.005723890379
  UCCSD pair energy                    -1.257883916497
  UCCSD correlation energy             -1.263607806875
  Triples (T) contribution             -0.060032109298
  Total correlation energy             -1.323639916174

  RHF-UCCSD energy                   -307.602163644254
  RHF-UCCSD[T] energy                -307.667211996551
  RHF-UCCSD-T energy                 -307.661257757247
 !RHF-UCCSD(T) energy                -307.662195753553

 Program statistics:

 Available memory in ccsd:             63999996822
 Min. memory needed in ccsd:             311723353
 Max. memory used in ccsd:               456654043
 Max. memory used in cckext:             338272747 (13 integral passes)
 Max. memory used in cckint:            1319456657 ( 1 integral passes)



 **********************************************************************************************************************************
 DATASETS  * FILE   NREC   LENGTH (MB)   RECORD NAMES
              1      18       29.21       500      610      700      900      950      970     1000      129      960     1100   
                                          VAR    BASINP    GEOM    SYMINP    ZMAT    AOBASIS   BASIS     P2S    ABASIS      S 
                                         1400     1410     1200     1210     1080     1600     1650     1700   
                                           T        V       H0       H01     AOSYM     SMH    MOLCAS    OPER   

              2       4       10.01       700     1000      520     2100   
                                         GEOM     BASIS   MCVARS     RHF  

 PROGRAMS   *        TOTAL  UCCSD(T)       RHF       INT
 CPU TIMES  *     24496.61  24159.00    144.80    192.50
 REAL TIME  *     35660.41 SEC
 DISK USED  *       163.34 GB      
 SF USED    *        60.53 GB      
 GA USED    *         0.01 MB       (max)       0.00 MB       (current)
 **********************************************************************************************************************************

 UCCSD(T)/USERDEF energy=   -307.662195753553

        UCCSD(T)        RHF-SCF 
   -307.66219575   -306.33855584
 **********************************************************************************************************************************
 Molpro calculation terminated
 Variable memory released

 Fortran compiler diagnostic
 ***************************

 integer size                  8
 double precision size         8
 logical size                  8

 diagnostic completed successfully
