
 Primary working directories    : /scratch/saurabh/PBS_8057578.helios
 Secondary working directories  : /scratch/saurabh/PBS_8057578.helios
 Wavefunction directory         : /scratch/saurabh/PBS_8057578.helios/
 Main file repository           : /scratch/saurabh/PBS_8057578.helios/

 SHA1      : f6387f0c468d0184d0b38d85973bdb066f718752
 NAME      : 2015.1.44
 ARCHNAME  : linux/x86_64
 FC        : /opt/may/bin/gfortran
 BLASLIB   : -Wl,-_start-group /opt/intel/mkl/lib/intel64/libmkl_gf_ilp64.a /opt/intel/mkl/lib/intel64/libmkl_gnu_thread.a /opt/intel/mkl/lib/intel64/libmkl_core.a -Wl,-_end-group
 id        : ramakrishnan

 Nodes             nprocs
 hel09.tifrh.res.in    8

 Using DEFAULT tuning parameter for ncache   :   16384
 Using DEFAULT tuning parameter for mflopdgm :   10000
 Using DEFAULT tuning parameter for mflopdgv :    4000
 Using DEFAULT tuning parameter for mflopmxm :    5000
 Using DEFAULT tuning parameter for mflopmxv :    4000
 Using DEFAULT tuning parameter for mindgm   :       1
 Using DEFAULT tuning parameter for mindgc   :       4
 Using DEFAULT tuning parameter for mindgf   :    5000
 Using DEFAULT tuning parameter for mindgl   :       4
 Using DEFAULT tuning parameter for mindgr   :       1
 Using DEFAULT tuning parameter for mindgv   :      20
 Using DEFAULT tuning parameter for mincuda  :     500
 Using DEFAULT tuning parameter for mxmblk   :      64
 Using DEFAULT tuning parameter for mxmbln   :      64
 Using DEFAULT tuning parameter for nroll    :       2
 Using custom tuning parameter for ngpus     :       0
 Using customized tuning parameters: mindgm=1; mindgv=20; mindgc=4; mindgr=1; noblas=0; minvec=7
 default implementation of scratch files=sf  

 ***,TS_01
 memory,64,g
 geometry={
 C  0.374528   0.007943   0.041163
 C  -0.239334  -0.489943  1.355864
 H  -1.472485  -0.247647  0.809877
 H  -0.216368  -1.563877  1.518701
 H  -0.084712  0.101532   2.251682
 C  0.584397   1.520086   0.059182
 H  1.318278   1.799473   0.816397
 H  0.945472   1.857845   -0.911837
 H  -0.352010  2.030992   0.276632
 C  1.629428   -0.748555  -0.369766
 H  1.437974   -1.819892  -0.408153
 H  1.966037   -0.419234  -1.353630
 H  2.432224   -0.560296  0.343716
 O  -0.642771  -0.355494  -0.933256
 O  -1.865795  -0.009016  -0.299499
  }
 basis={
                                                                            ! oxygen               (10s,5p,4d,2f) -&gt; [10s,5p,4d,2f]
 s, O , 0.1533000000E+05, 0.2299000000E+04, 0.5224000000E+03, 0.1473000000E+03, 0.4755000000E+02, 0.1676000000E+02, 0.6207000000E+01, 0.1752000000E+01, 0.6882000000E+00, 0.2384000000E+00
 c, 1.1, 0.1000000000E+01
 c, 2.2, 0.1000000000E+01
 c, 3.3, 0.1000000000E+01
 c, 4.4, 0.1000000000E+01
 c, 5.5, 0.1000000000E+01
 c, 6.6, 0.1000000000E+01
 c, 7.7, 0.1000000000E+01
 c, 8.8, 0.1000000000E+01
 c, 9.9, 0.1000000000E+01
 c, 10.10, 0.1000000000E+01
 p, O , 0.3446000000E+02, 0.7749000000E+01, 0.2280000000E+01, 0.7156000000E+00, 0.2140000000E+00
 c, 1.1, 0.1000000000E+01
 c, 2.2, 0.1000000000E+01
 c, 3.3, 0.1000000000E+01
 c, 4.4, 0.1000000000E+01
 c, 5.5, 0.1000000000E+01
 d, O , 0.2100000000E+02, 0.7000000000E+01, 0.2314000000E+01, 0.6450000000E+00
 c, 1.1, 0.1000000000E+01
 c, 2.2, 0.1000000000E+01
 c, 3.3, 0.1000000000E+01
 c, 4.4, 0.1000000000E+01
 f, O , 0.4300000000E+01, 0.1428000000E+01
 c, 1.1, 0.1000000000E+01
 c, 2.2, 0.1000000000E+01
                                                                                 ! hydrogen             (5s,2p,1d) -&gt; [5s,2p,1d]
 s, H , 0.3387000000E+02, 0.5095000000E+01, 0.1159000000E+01, 0.3258000000E+00, 0.1027000000E+00
 c, 1.1, 0.1000000000E+01
 c, 2.2, 0.1000000000E+01
 c, 3.3, 0.1000000000E+01
 c, 4.4, 0.1000000000E+01
 c, 5.5, 0.1000000000E+01
 p, H , 0.1407000000E+01, 0.3880000000E+00
 c, 1.1, 0.1000000000E+01
 c, 2.2, 0.1000000000E+01
 d, H , 0.1057000000E+01
 c, 1.1, 0.1000000000E+01
                                                                            ! carbon               (10s,5p,4d,2f) -&gt; [10s,5p,4d,2f]
 s, C , 0.8236000000E+04, 0.1235000000E+04, 0.2808000000E+03, 0.7927000000E+02, 0.2559000000E+02, 0.8997000000E+01, 0.3319000000E+01, 0.9059000000E+00, 0.3643000000E+00, 0.1285000000E+00
 c, 1.1, 0.1000000000E+01
 c, 2.2, 0.1000000000E+01
 c, 3.3, 0.1000000000E+01
 c, 4.4, 0.1000000000E+01
 c, 5.5, 0.1000000000E+01
 c, 6.6, 0.1000000000E+01
 c, 7.7, 0.1000000000E+01
 c, 8.8, 0.1000000000E+01
 c, 9.9, 0.1000000000E+01
 c, 10.10, 0.1000000000E+01
 p, C , 0.1871000000E+02, 0.4133000000E+01, 0.1200000000E+01, 0.3827000000E+00, 0.1209000000E+00
 c, 1.1, 0.1000000000E+01
 c, 2.2, 0.1000000000E+01
 c, 3.3, 0.1000000000E+01
 c, 4.4, 0.1000000000E+01
 c, 5.5, 0.1000000000E+01
 d, C , 0.1000000000E+02, 0.3300000000E+01, 0.1097000000E+01, 0.3180000000E+00
 c, 1.1, 0.1000000000E+01
 c, 2.2, 0.1000000000E+01
 c, 3.3, 0.1000000000E+01
 c, 4.4, 0.1000000000E+01
 f, C , 0.2300000000E+01, 0.7610000000E+00
 c, 1.1, 0.1000000000E+01
 c, 2.2, 0.1000000000E+01
 }
 {rhf
 wf,49,1,1
 }
 uccsd(t);
 

 Fortran compiler diagnostic
 ***************************

 integer size                  8
 double precision size         8
 logical size                  8

 diagnostic completed successfully

 Variables initialized (889), CPU time= 0.02 sec
 Commands  initialized (702), CPU time= 0.01 sec, 572 directives.
 Default parameters read. Elapsed time= 0.10 sec

 Using DEFAULT tuning parameter for mpplat   :       3
 Using DEFAULT tuning parameter for mppspeed :    1600
 Checking input...
 Passed
1


                                         ***  PROGRAM SYSTEM MOLPRO  ***
                                       Copyright, TTI GmbH Stuttgart, 2015
                                    Version 2015.1 linked Jun  9 2019 06:55:40


 **********************************************************************************************************************************
 LABEL *   TS_01                                                                         
  64 bit mpp version                                                                     DATE: 28-Apr-22          TIME: 17:12:27  
 **********************************************************************************************************************************

 SHA1:             f6387f0c468d0184d0b38d85973bdb066f718752
 **********************************************************************************************************************************

Geometry recognized as XYZ


 Variable memory set to ********** words,  buffer space   230000 words

 SETTING BASIS          =    USERDEF


 Recomputing integrals since basis changed


 Using spherical harmonics



 PROGRAM * SEWARD (Integral evaluation for generally contracted gaussian basis sets)     Author: Roland Lindh, 1990

 Geometry written to block  1 of record 700


 Point group  C1  



 ATOMIC COORDINATES

 NR  ATOM    CHARGE       X              Y              Z

   1  C       6.00    0.707755346    0.015010095    0.077786796
   2  C       6.00   -0.452275712   -0.925858087    2.562211622
   3  H       1.00   -2.782593373   -0.467985006    1.530445725
   4  H       1.00   -0.408876262   -2.955299223    2.869928955
   5  H       1.00   -0.160082479    0.191867673    4.255062300
   6  C       6.00    1.104350278    2.872546226    0.111837772
   7  H       1.00    2.491184376    3.400511139    1.542766739
   8  H       1.00    1.786683138    3.510818232   -1.723122200
   9  H       1.00   -0.665202493    3.838018641    0.522758717
  10  C       6.00    3.079172660   -1.414563939   -0.698756470
  11  H       1.00    2.717377034   -3.439097456   -0.771297387
  12  H       1.00    3.715271481   -0.792237442   -2.557989974
  13  H       1.00    4.596237234   -1.058805989    0.649529105
  14  O       8.00   -1.214661151   -0.671786299   -1.763598244
  15  O       8.00   -3.525841555   -0.017037771   -0.565971085

 Bond lengths in Bohr (Angstrom)

  1- 2  2.898839717   1- 6  2.885127337   1-10  2.875816656   1-14  2.749195035   2- 3  2.589318255
       ( 1.533999916)       ( 1.526743637)       ( 1.521816637)       ( 1.454811361)       ( 1.370208212)

  2- 4  2.053096392   2- 5  2.049495346   3-15  2.269523013   6- 7  2.061459064   6- 8  2.059137534
       ( 1.086451822)       ( 1.084546231)       ( 1.200979858)       ( 1.090877158)       ( 1.089648657)

  6- 9  2.057257888  10-11  2.057885862  10-12  2.061228081  10-13  2.060563668  14-15  2.684131388
       ( 1.088653991)       ( 1.088986301)       ( 1.090754927)       ( 1.090403335)       ( 1.420381162)

 Bond angles

  1-2-3   87.77889687   1-2-4  116.15631194   1-2-5  118.28402322   1-6-7  110.75250635

  1- 6- 8  110.00117334   1- 6- 9  110.42200671   1-10-11  110.70706853   1-10-12  110.36219679

  1-10-13  110.15714289   1-14-15  104.02312314   2- 1- 6  111.49108518   2- 1-10  113.58213622

  2- 1-14  102.30584619   2- 3-15  134.26245013   3- 2- 4  104.68713692   3- 2- 5  111.16160895

  3-15-14   94.68625370   4- 2- 5  114.34756744   6- 1-10  112.46896768   6- 1-14  110.57636733

  7- 6- 8  108.43633299   7- 6- 9  108.65204407   8- 6- 9  108.51504475  10- 1-14  105.75792909

 11-10-12  108.63186188  11-10-13  108.80542508  12-10-13  108.11197452

 NUCLEAR CHARGE:                   49
 NUMBER OF PRIMITIVE AOS:         567
 NUMBER OF SYMMETRY AOS:          498
 NUMBER OF CONTRACTIONS:          498   ( 498A   )
 NUMBER OF CORE ORBITALS:           6   (   6A   )
 NUMBER OF VALENCE ORBITALS:       33   (  33A   )


 NUCLEAR REPULSION ENERGY  263.04177098


 Eigenvalues of metric

         1 0.371E-03 0.484E-03 0.603E-03 0.872E-03 0.938E-03 0.113E-02 0.128E-02 0.132E-02


 Contracted 2-electron integrals neglected if value below      1.0D-11
 AO integral compression algorithm  1   Integral accuracy      1.0D-11

     13199.213 MB (compressed) written to integral file ( 19.9%)

     Node minimum: 1583.612 MB, node maximum: 1766.064 MB


 NUMBER OF SORTED TWO-ELECTRON INTEGRALS:  964909968.     BUFFER LENGTH:  32768
 NUMBER OF SEGMENTS:  31  SEGMENT LENGTH:   31996696      RECORD LENGTH: 524288

 Memory used in sort:      32.55 MW

 SORT1 READ  8284914597. AND WROTE   437866792. INTEGRALS IN   1269 RECORDS. CPU TIME:   170.41 SEC, REAL TIME:   180.44 SEC
 SORT2 READ  3486553840. AND WROTE  7719217626. INTEGRALS IN  53896 RECORDS. CPU TIME:    16.43 SEC, REAL TIME:   195.40 SEC

 Node minimum:   964847844.  Node maximum:   964956564. integrals

 OPERATOR DM      FOR CENTER  0  COORDINATES:    0.000000    0.000000    0.000000


 **********************************************************************************************************************************
 DATASETS  * FILE   NREC   LENGTH (MB)   RECORD NAMES
              1      18       29.21       500      610      700      900      950      970     1000      129      960     1100   
                                          VAR    BASINP    GEOM    SYMINP    ZMAT    AOBASIS   BASIS     P2S    ABASIS      S 
                                         1400     1410     1200     1210     1080     1600     1650     1700   
                                           T        V       H0       H01     AOSYM     SMH    MOLCAS    OPER   

 PROGRAMS   *        TOTAL       INT
 CPU TIMES  *       221.22    221.01
 REAL TIME  *       443.92 SEC
 DISK USED  *        54.55 GB      
 GA USED    *         0.01 MB       (max)       0.00 MB       (current)
 **********************************************************************************************************************************


 PROGRAM * RHF-SCF (OPEN SHELL)       Authors: W. Meyer, H.-J. Werner


 NUMBER OF ELECTRONS:      25+   24-    SPACE SYMMETRY=1    SPIN SYMMETRY: Doublet 
 CONVERGENCE THRESHOLDS:    1.00E-05 (Density)    1.00E-07 (Energy)
 MAX. NUMBER OF ITERATIONS:       60
 INTERPOLATION TYPE:            DIIS
 INTERPOLATION STEPS:              2 (START)      1 (STEP)
 LEVEL SHIFTS:                 -0.60 (CLOSED) -0.30 (OPEN) 



 Orbital guess generated from atomic densities. Full valence occupancy:   25

 Molecular orbital dump at record        2100.2

 Initial alpha occupancy:  25
 Initial beta  occupancy:  24
 Wave function symmetry:    1

 ITERATION    DDIFF          GRAD             ENERGY        2-EL.EN.            DIPOLE MOMENTS         DIIS   ORB.
    1      0.000D+00      0.000D+00      -306.24247288    740.179929    1.31042    0.00622    1.27514    0    start
    2      0.000D+00      0.238D-02      -306.31006690    740.538030    1.18717    0.05166    1.07707    1    diag,B
    3      0.583D-03      0.814D-03      -306.32465956    740.359577    1.12330    0.04229    1.04094    2    diag,B
    4      0.298D-03      0.377D-03      -306.33008208    740.415353    1.08659    0.04516    1.03920    3    diag,B
    5      0.255D-03      0.123D-03      -306.33107121    740.418847    1.09464    0.04061    1.05594    4    diag,B
    6      0.107D-03      0.673D-04      -306.33150752    740.424344    1.09747    0.03915    1.06921    5    diag,B
    7      0.617D-04      0.472D-04      -306.33190014    740.439338    1.10513    0.03439    1.08463    6    fixocc
    8      0.597D-04      0.354D-04      -306.33221361    740.459907    1.11262    0.02830    1.10266    7    diag,B
    9      0.616D-04      0.227D-04      -306.33234890    740.485767    1.11928    0.02259    1.11974    8    diag,B
   10      0.513D-04      0.125D-04      -306.33237823    740.495759    1.12251    0.01980    1.12863    9    orth
   11      0.243D-04      0.701D-05      -306.33238592    740.500843    1.12407    0.01892    1.13259    9    diag,B
   12      0.910D-05      0.447D-05      -306.33238923    740.503233    1.12488    0.01843    1.13478    9    diag,B
   13      0.679D-05      0.260D-05      -306.33239048    740.505222    1.12552    0.01824    1.13612    9    diag,B
   14      0.380D-05      0.169D-05      -306.33239097    740.506505    1.12594    0.01801    1.13725    9    diag,B
   15      0.350D-05      0.725D-06      -306.33239104    740.506885    1.12609    0.01796    1.13754    9    diag,B
   16      0.132D-05      0.350D-06      -306.33239106    740.507004    1.12613    0.01794    1.13764    0    orth

 Final alpha occupancy:  25
 Final beta  occupancy:  24

 !RHF STATE 1.1 Energy               -306.332391055158
 Nuclear energy                       263.04177098
 One-electron energy                 -939.62766415
 Two-electron energy                  370.25350212
 Virial quotient                       -1.00114157
 !RHF STATE 1.1 Dipole moment           1.12612874     0.01794308     1.13763879
 Dipole moment /Debye                   2.86214628     0.04560377     2.89140000

 Orbital energies:

         1.1          2.1          3.1          4.1          5.1          6.1          7.1          8.1          9.1         10.1
    -20.602880   -20.600260   -11.309949   -11.271596   -11.229718   -11.222900    -1.458831    -1.175601    -1.067216    -0.954762

        11.1         12.1         13.1         14.1         15.1         16.1         17.1         18.1         19.1         20.1
     -0.953330    -0.772594    -0.679923    -0.655862    -0.647757    -0.607784    -0.595496    -0.554743    -0.544462    -0.541836

        21.1         22.1         23.1         24.1         25.1         26.1         27.1
     -0.509086    -0.495175    -0.485370    -0.414756    -0.416948     0.129157     0.168321

 HOMO     25.1    -0.416948 =     -11.3457eV
 LUMO     26.1     0.129157 =       3.5145eV
 LUMO-HOMO         0.546105 =      14.8603eV


 **********************************************************************************************************************************
 DATASETS  * FILE   NREC   LENGTH (MB)   RECORD NAMES
              1      18       29.21       500      610      700      900      950      970     1000      129      960     1100   
                                          VAR    BASINP    GEOM    SYMINP    ZMAT    AOBASIS   BASIS     P2S    ABASIS      S 
                                         1400     1410     1200     1210     1080     1600     1650     1700   
                                           T        V       H0       H01     AOSYM     SMH    MOLCAS    OPER   

              2       4       10.01       700     1000      520     2100   
                                         GEOM     BASIS   MCVARS     RHF  

 PROGRAMS   *        TOTAL       RHF       INT
 CPU TIMES  *       378.48    157.26    221.01
 REAL TIME  *       615.78 SEC
 DISK USED  *        55.15 GB      
 SF USED    *         0.99 MB      
 GA USED    *         0.01 MB       (max)       0.00 MB       (current)
 **********************************************************************************************************************************


 PROGRAM * CCSD (Unrestricted open-shell coupled cluster)     Authors: C. Hampel, H.-J. Werner, 1991, M. Deegan, P.J. Knowles, 1992


 Convergence thresholds:  THRVAR = 1.00D-08  THRDEN = 1.00D-06

 CCSD(T)     terms to be evaluated (factor= 1.000)


 Number of core orbitals:           6 (   6 )
 Number of closed-shell orbitals:  18 (  18 )
 Number of active  orbitals:        1 (   1 )
 Number of external orbitals:     473 ( 473 )

 Memory could be reduced to 3084.96 Mwords without degradation in triples

 Number of N-1 electron functions:              37
 Number of N-2 electron functions:             666
 Number of singly external CSFs:             17538
 Number of doubly external CSFs:         113159916
 Total number of CSFs:                   113177454

 Molecular orbitals read from record     2100.2  Type=RHF/CANONICAL (state 1.1)

 Integral transformation finished. Total CPU: 370.58 sec, npass=  1  Memory used:1319.46 MW

 Starting RMP2 calculation

 ITER.      SQ.NORM     CORR.ENERGY   TOTAL ENERGY   ENERGY CHANGE        DEN1      VAR(S)    VAR(P)  DIIS     TIME
   1      1.34681018    -1.22620052  -307.55859157    -1.22620052    -0.00413997  0.32D-04  0.15D-02  1  1   399.13
   2      1.35057792    -1.23065680  -307.56304785    -0.00445628    -0.00000724  0.57D-06  0.32D-05  2  2   419.34
   3      1.35068954    -1.23072664  -307.56311769    -0.00006984    -0.00000005  0.23D-07  0.17D-07  3  3   473.51
   4      1.35069117    -1.23072629  -307.56311734     0.00000035    -0.00000000  0.83D-09  0.54D-10  4  4   503.72

 Norm of t1 vector:      0.06476892      S-energy:    -0.00563833      T1 diagnostic:  0.00044313
 Norm of t2 vector:      0.58863925      P-energy:    -1.22508796
                                         Alpha-Beta:  -0.93312511
                                         Alpha-Alpha: -0.15148670
                                         Beta-Beta:   -0.14047614

 Spin contamination <S**2-Sz**2-Sz>     0.00149625
  Reference energy                   -306.332391055155
  RHF-RMP2 correlation energy          -1.230726287787
 !RHF-RMP2 energy                    -307.563117342942

 Starting UCCSD calculation

 ITER.      SQ.NORM     CORR.ENERGY   TOTAL ENERGY   ENERGY CHANGE        DEN1      VAR(S)    VAR(P)  DIIS     TIME
   1      1.35145113    -1.22049835  -307.55288941    -1.22049835    -0.03572418  0.60D-02  0.68D-02  1  1  1098.67
   2      1.38156951    -1.25288202  -307.58527307    -0.03238367    -0.00352824  0.42D-03  0.11D-02  2  2  1723.26
   3      1.39581938    -1.26028848  -307.59267953    -0.00740646    -0.00046218  0.30D-03  0.75D-04  3  3  2363.97
   4      1.40202589    -1.26223922  -307.59463028    -0.00195075    -0.00014932  0.11D-03  0.26D-04  4  4  2994.45
   5      1.40682172    -1.26283901  -307.59523007    -0.00059979    -0.00007243  0.82D-04  0.60D-05  5  5  3619.29
   6      1.41078989    -1.26317197  -307.59556302    -0.00033296    -0.00003707  0.37D-04  0.48D-05  6  6  4253.15
   7      1.41615845    -1.26345168  -307.59584274    -0.00027971    -0.00001833  0.22D-04  0.17D-05  6  5  4889.40
   8      1.41870985    -1.26356014  -307.59595119    -0.00010846    -0.00001242  0.13D-04  0.16D-05  6  1  5525.61
   9      1.42219505    -1.26365644  -307.59604750    -0.00009631    -0.00000717  0.86D-05  0.65D-06  6  3  6159.76
  10      1.42491296    -1.26372184  -307.59611290    -0.00006540    -0.00000422  0.43D-05  0.55D-06  6  2  6786.11
  11      1.42898832    -1.26382895  -307.59622000    -0.00010710    -0.00000198  0.20D-05  0.24D-06  6  4  7429.01
  12      1.43080374    -1.26384236  -307.59623342    -0.00001342    -0.00000087  0.68D-06  0.15D-06  6  5  8070.84
  13      1.43295751    -1.26387163  -307.59626269    -0.00002927    -0.00000022  0.18D-06  0.35D-07  6  6  8676.92
  14      1.43313529    -1.26385938  -307.59625044     0.00001225    -0.00000007  0.50D-07  0.12D-07  6  3  9323.27
  15      1.43342550    -1.26386059  -307.59625164    -0.00000121    -0.00000002  0.15D-07  0.37D-08  6  1  9937.08
  16      1.43350156    -1.26386102  -307.59625208    -0.00000043    -0.00000001  0.49D-08  0.12D-08  6  2 10570.34

 Norm of t1 vector:      0.21763184      S-energy:    -0.00659181      T1 diagnostic:  0.02354345
                                                                       D1 diagnostic:  0.12535041
 Norm of t2 vector:      0.62139999      P-energy:    -1.25726921
                                         Alpha-Beta:  -0.99469698
                                         Alpha-Alpha: -0.13677273
                                         Beta-Beta:   -0.12579950

 Singles amplitudes (print threshold =  0.500E-01):

         I         SYM. A    A   T(IA) [Beta-Beta]

        15         1         1      0.06948036
        18         1         1     -0.14170159

 Spin contamination <S**2-Sz**2-Sz>     0.00295485

 Memory could be reduced to 3252.30 Mwords without degradation in triples


 RESULTS
 =======

  Reference energy                   -306.332391055155
  UCCSD singles energy                 -0.006591808573
  UCCSD pair energy                    -1.257269212264
  UCCSD correlation energy             -1.263861020838
  Triples (T) contribution             -0.056330117189
  Total correlation energy             -1.320191138027

  RHF-UCCSD energy                   -307.596252075992
  RHF-UCCSD[T] energy                -307.655281471749
  RHF-UCCSD-T energy                 -307.651748359597
 !RHF-UCCSD(T) energy                -307.652582193181

 Program statistics:

 Available memory in ccsd:             63999996822
 Min. memory needed in ccsd:             311723353
 Max. memory used in ccsd:               456654043
 Max. memory used in cckext:             338272747 (16 integral passes)
 Max. memory used in cckint:            1319456657 ( 1 integral passes)



 **********************************************************************************************************************************
 DATASETS  * FILE   NREC   LENGTH (MB)   RECORD NAMES
              1      18       29.21       500      610      700      900      950      970     1000      129      960     1100   
                                          VAR    BASINP    GEOM    SYMINP    ZMAT    AOBASIS   BASIS     P2S    ABASIS      S 
                                         1400     1410     1200     1210     1080     1600     1650     1700   
                                           T        V       H0       H01     AOSYM     SMH    MOLCAS    OPER   

              2       4       10.01       700     1000      520     2100   
                                         GEOM     BASIS   MCVARS     RHF  

 PROGRAMS   *        TOTAL  UCCSD(T)       RHF       INT
 CPU TIMES  *     25445.54  25066.97    157.26    221.01
 REAL TIME  *     42764.58 SEC
 DISK USED  *       169.80 GB      
 SF USED    *        60.53 GB      
 GA USED    *         0.01 MB       (max)       0.00 MB       (current)
 **********************************************************************************************************************************

 UCCSD(T)/USERDEF energy=   -307.652582193181

        UCCSD(T)        RHF-SCF 
   -307.65258219   -306.33239106
 **********************************************************************************************************************************
 Molpro calculation terminated
 Variable memory released

 Fortran compiler diagnostic
 ***************************

 integer size                  8
 double precision size         8
 logical size                  8

 diagnostic completed successfully
