
 Primary working directories    : /scratch/saurabh/PBS_8057570.helios
 Secondary working directories  : /scratch/saurabh/PBS_8057570.helios
 Wavefunction directory         : /scratch/saurabh/PBS_8057570.helios/
 Main file repository           : /scratch/saurabh/PBS_8057570.helios/

 SHA1      : f6387f0c468d0184d0b38d85973bdb066f718752
 NAME      : 2015.1.44
 ARCHNAME  : linux/x86_64
 FC        : /opt/may/bin/gfortran
 BLASLIB   : -Wl,-_start-group /opt/intel/mkl/lib/intel64/libmkl_gf_ilp64.a /opt/intel/mkl/lib/intel64/libmkl_gnu_thread.a /opt/intel/mkl/lib/intel64/libmkl_core.a -Wl,-_end-group
 id        : ramakrishnan

 Nodes             nprocs
 hel02.tifrh.res.in    8

 Using DEFAULT tuning parameter for ncache   :   16384
 Using DEFAULT tuning parameter for mflopdgm :   10000
 Using DEFAULT tuning parameter for mflopdgv :    4000
 Using DEFAULT tuning parameter for mflopmxm :    5000
 Using DEFAULT tuning parameter for mflopmxv :    4000
 Using DEFAULT tuning parameter for mindgm   :       1
 Using DEFAULT tuning parameter for mindgc   :       4
 Using DEFAULT tuning parameter for mindgf   :    5000
 Using DEFAULT tuning parameter for mindgl   :       4
 Using DEFAULT tuning parameter for mindgr   :       1
 Using DEFAULT tuning parameter for mindgv   :      20
 Using DEFAULT tuning parameter for mincuda  :     500
 Using DEFAULT tuning parameter for mxmblk   :      64
 Using DEFAULT tuning parameter for mxmbln   :      64
 Using DEFAULT tuning parameter for nroll    :       2
 Using custom tuning parameter for ngpus     :       0
 Using customized tuning parameters: mindgm=1; mindgv=20; mindgc=4; mindgr=1; noblas=0; minvec=7
 default implementation of scratch files=sf  

 ***,TS_02
 memory,64,g
 geometry={
 C  0.721059   -0.000018  0.227831
 C  0.072724   -0.000113  1.458531
 H  -1.179341  -0.000070  0.970425
 H  0.082107   -0.915377  2.042335
 H  0.082110   0.915059   2.042482
 C  1.209909   1.274063   -0.387021
 H  2.276798   1.395786   -0.167934
 H  1.100321   1.262699   -1.471143
 H  0.686663   2.141889   0.010713
 C  1.209909   -1.274006  -0.387214
 H  0.686638   -2.141888  0.010365
 H  1.100352   -1.262464  -1.471336
 H  2.276790   -1.395780  -0.168114
 O  -1.246798  0.000084   -0.950567
 O  -2.052458  -0.000011  0.041747
  }
 basis,O=AVQZ,C=AVQZ,H=VQZ
 {rhf
 wf,49,1,1
 }
 uccsd;
 

 Fortran compiler diagnostic
 ***************************

 integer size                  8
 double precision size         8
 logical size                  8

 diagnostic completed successfully

 Variables initialized (889), CPU time= 0.02 sec
 Commands  initialized (702), CPU time= 0.02 sec, 572 directives.
 Default parameters read. Elapsed time= 0.11 sec

 Using DEFAULT tuning parameter for mpplat   :       3
 Using DEFAULT tuning parameter for mppspeed :    1600
 Checking input...
 Passed
1


                                         ***  PROGRAM SYSTEM MOLPRO  ***
                                       Copyright, TTI GmbH Stuttgart, 2015
                                    Version 2015.1 linked Jun  9 2019 06:55:40


 **********************************************************************************************************************************
 LABEL *   TS_02                                                                         
  64 bit mpp version                                                                     DATE: 27-Apr-22          TIME: 17:57:37  
 **********************************************************************************************************************************

 SHA1:             f6387f0c468d0184d0b38d85973bdb066f718752
 **********************************************************************************************************************************

Geometry recognized as XYZ


 Variable memory set to ********** words,  buffer space   230000 words

 SETTING BASIS          =    O=AVQZ,C=AVQZ,H=VQZ


 Recomputing integrals since basis changed


 Using spherical harmonics

 Library entry C      S aug-cc-pVQZ          selected for orbital group  1
 Library entry C      P aug-cc-pVQZ          selected for orbital group  1
 Library entry C      D aug-cc-pVQZ          selected for orbital group  1
 Library entry C      F aug-cc-pVQZ          selected for orbital group  1
 Library entry C      G aug-cc-pVQZ          selected for orbital group  1
 Library entry H      S cc-pVQZ              selected for orbital group  2
 Library entry H      P cc-pVQZ              selected for orbital group  2
 Library entry H      D cc-pVQZ              selected for orbital group  2
 Library entry H      F cc-pVQZ              selected for orbital group  2
 Library entry O      S aug-cc-pVQZ          selected for orbital group  7
 Library entry O      P aug-cc-pVQZ          selected for orbital group  7
 Library entry O      D aug-cc-pVQZ          selected for orbital group  7
 Library entry O      F aug-cc-pVQZ          selected for orbital group  7
 Library entry O      G aug-cc-pVQZ          selected for orbital group  7


 PROGRAM * SEWARD (Integral evaluation for generally contracted gaussian basis sets)     Author: Roland Lindh, 1990

 Geometry written to block  1 of record 700


 Point group  C1  



 ATOMIC COORDINATES

 NR  ATOM    CHARGE       X              Y              Z

   1  C       6.00    1.362604030   -0.000034015    0.430538193
   2  C       6.00    0.137428443   -0.000213539    2.756224134
   3  H       1.00   -2.228631497   -0.000132281    1.833837474
   4  H       1.00    0.155159743   -1.729811831    3.859453805
   5  H       1.00    0.155165412    1.729210898    3.859731594
   6  C       6.00    2.286396646    2.407630135   -0.731363694
   7  H       1.00    4.302524661    2.637653269   -0.317349267
   8  H       1.00    2.079305339    2.386155288   -2.780057360
   9  H       1.00    1.297605010    4.047583599    0.020244636
  10  C       6.00    2.286396646   -2.407522421   -0.731728412
  11  H       1.00    1.297557767   -4.047581709    0.019587011
  12  H       1.00    2.079363921   -2.385711202   -2.780422077
  13  H       1.00    4.302509543   -2.637641930   -0.317689418
  14  O       8.00   -2.356106753    0.000158737   -1.796311293
  15  O       8.00   -3.878583502   -0.000020787    0.078890397

 Bond lengths in Bohr (Angstrom)

  1- 2  2.628663225   1- 6  2.828472283   1-10  2.828472535   2- 3  2.539495382   2- 4  2.051570217
       ( 1.391028674)       ( 1.496763074)       ( 1.496763207)       ( 1.343843084)       ( 1.085644205)

  2- 5  2.051573103   3-15  2.408771653   6- 7  2.071012014   6- 8  2.059245909   6- 9  2.057199880
       ( 1.085645733)       ( 1.274667065)       ( 1.095932361)       ( 1.089706007)       ( 1.088623295)

 10-11  2.057199957  10-12  2.059243554  10-13  2.071012915  14-15  2.415433059
       ( 1.088623336)       ( 1.089704760)       ( 1.095932838)       ( 1.278192129)

 Bond angles

  1-2-3   96.48247784   1-2-4  118.15105873   1-2-5  118.15123405   1-6-7  109.29141139

  1- 6- 8  111.52827067   1- 6- 9  111.80883858   1-10-11  111.80872143   1-10-12  111.52824454

  1-10-13  109.29138101   2- 1- 6  121.04585336   2- 1-10  121.04570441   2- 3-15  154.53162511

  3- 2- 4  101.73578221   3- 2- 5  101.73563707   3-15-14   97.69308554   4- 2- 5  114.92034886

  6- 1-10  116.68335792   7- 6- 8  107.33419050   7- 6- 9  107.83836757   8- 6- 9  108.87223710

 11-10-12  108.87228746  11-10-13  107.83836883  12-10-13  107.33432375

 NUCLEAR CHARGE:                   49
 NUMBER OF PRIMITIVE AOS:        1041
 NUMBER OF SYMMETRY AOS:          846
 NUMBER OF CONTRACTIONS:          750   ( 750A   )
 NUMBER OF CORE ORBITALS:           6   (   6A   )
 NUMBER OF VALENCE ORBITALS:       33   (  33A   )


 NUCLEAR REPULSION ENERGY  250.39194709


 Eigenvalues of metric

         1 0.340E-05 0.578E-05 0.581E-05 0.136E-04 0.166E-04 0.225E-04 0.313E-04 0.325E-04


 Contracted 2-electron integrals neglected if value below      1.0D-12
 AO integral compression algorithm  1   Integral accuracy      1.0D-12

     131677.028 MB (compressed) written to integral file ( 39.3%)

     Node minimum: 15765.864 MB, node maximum: 16900.948 MB


 NUMBER OF SORTED TWO-ELECTRON INTEGRALS: 4957145648.     BUFFER LENGTH:  32768
 NUMBER OF SEGMENTS: 156  SEGMENT LENGTH:   31998192      RECORD LENGTH: 131072

 Memory used in sort:      32.16 MW

 SORT1 READ 41844524947. AND WROTE  4076952208. INTEGRALS IN  46739 RECORDS. CPU TIME:  1844.76 SEC, REAL TIME:  2073.03 SEC
 SORT2 READ 32649252191. AND WROTE 39656461125. INTEGRALS IN 513256 RECORDS. CPU TIME:   303.35 SEC, REAL TIME:  6546.95 SEC

 Node minimum:  4956934430.  Node maximum:  4957180852. integrals

 OPERATOR DM      FOR CENTER  0  COORDINATES:    0.000000    0.000000    0.000000


 **********************************************************************************************************************************
 DATASETS  * FILE   NREC   LENGTH (MB)   RECORD NAMES
              1      18       40.63       500      610      700      900      950      970     1000      129      960     1100   
                                          VAR    BASINP    GEOM    SYMINP    ZMAT    AOBASIS   BASIS     P2S    ABASIS      S 
                                         1400     1410     1200     1210     1080     1600     1650     1700   
                                           T        V       H0       H01     AOSYM     SMH    MOLCAS    OPER   

 PROGRAMS   *        TOTAL       INT
 CPU TIMES  *      2466.32   2466.13
 REAL TIME  *      9084.05 SEC
 DISK USED  *       522.89 GB      
 GA USED    *         0.02 MB       (max)       0.00 MB       (current)
 **********************************************************************************************************************************


 PROGRAM * RHF-SCF (OPEN SHELL)       Authors: W. Meyer, H.-J. Werner


 NUMBER OF ELECTRONS:      25+   24-    SPACE SYMMETRY=1    SPIN SYMMETRY: Doublet 
 CONVERGENCE THRESHOLDS:    1.00E-05 (Density)    1.00E-07 (Energy)
 MAX. NUMBER OF ITERATIONS:       60
 INTERPOLATION TYPE:            DIIS
 INTERPOLATION STEPS:              2 (START)      1 (STEP)
 LEVEL SHIFTS:                 -0.60 (CLOSED) -0.30 (OPEN) 



 Orbital guess generated from atomic densities. Full valence occupancy:   39

 Molecular orbital dump at record        2100.2

 Initial alpha occupancy:  25
 Initial beta  occupancy:  24
 Wave function symmetry:    1

 ITERATION    DDIFF          GRAD             ENERGY        2-EL.EN.            DIPOLE MOMENTS         DIIS   ORB.
    1      0.000D+00      0.000D+00      -306.26479313    715.504343    1.20159   -0.00005    0.57712    0    start
    2      0.000D+00      0.195D-02      -306.33385079    715.233225    1.46068   -0.00004    0.49871    1    diag,B
    3      0.115D-02      0.711D-03      -306.34747853    715.091457    1.43978   -0.00004    0.51104    2    diag,B
    4      0.438D-03      0.359D-03      -306.35379089    715.121524    1.53145   -0.00004    0.47103    3    diag,B
    5      0.323D-03      0.183D-03      -306.35561087    715.156349    1.57411   -0.00004    0.47527    4    diag,B
    6      0.156D-03      0.945D-04      -306.35663585    715.152616    1.63611   -0.00004    0.45798    5    diag,B
    7      0.129D-03      0.672D-04      -306.35728638    715.163597    1.68288   -0.00004    0.44183    6    fixocc
    8      0.912D-04      0.502D-04      -306.35785204    715.169746    1.72062   -0.00003    0.41999    7    diag,B
    9      0.816D-04      0.405D-04      -306.35837472    715.172913    1.74597   -0.00003    0.39576    8    diag,B
   10      0.906D-04      0.303D-04      -306.35881080    715.163588    1.76177   -0.00003    0.36693    9    orth
   11      0.124D-03      0.134D-04      -306.35884965    715.161624    1.75610   -0.00003    0.36281    9    diag,B
   12      0.467D-04      0.903D-05      -306.35886336    715.157505    1.75727   -0.00003    0.35854    9    diag,B
   13      0.299D-04      0.380D-05      -306.35886403    715.158664    1.75476   -0.00003    0.36024    9    diag,B
   14      0.132D-04      0.199D-05      -306.35886454    715.158297    1.75429   -0.00003    0.36004    9    diag,B
   15      0.921D-05      0.772D-06      -306.35886459    715.158464    1.75396   -0.00003    0.36033    9    diag,B
   16      0.369D-05      0.339D-06      -306.35886460    715.158470    1.75398   -0.00003    0.36033    0    orth

 Final alpha occupancy:  25
 Final beta  occupancy:  24

 !RHF STATE 1.1 Energy               -306.358864597546
 Nuclear energy                       250.39194709
 One-electron energy                 -914.33004677
 Two-electron energy                  357.57923509
 Virial quotient                       -1.00082813
 !RHF STATE 1.1 Dipole moment           1.75397821    -0.00002759     0.36033074
 Dipole moment /Debye                   4.45787594    -0.00007012     0.91580940

 Orbital energies:

         1.1          2.1          3.1          4.1          5.1          6.1          7.1          8.1          9.1         10.1
    -20.619147   -20.586355   -11.318684   -11.244750   -11.244732   -11.213799    -1.500155    -1.128380    -1.052440    -0.973947

        11.1         12.1         13.1         14.1         15.1         16.1         17.1         18.1         19.1         20.1
     -0.961989    -0.750726    -0.706180    -0.644218    -0.640786    -0.617343    -0.598369    -0.576910    -0.559702    -0.544534

        21.1         22.1         23.1         24.1         25.1         26.1         27.1
     -0.540170    -0.516597    -0.449365    -0.358255    -0.476512     0.035980     0.043507

 HOMO     25.1    -0.476512 =     -12.9666eV
 LUMO     26.1     0.035980 =       0.9791eV
 LUMO-HOMO         0.512493 =      13.9456eV


 **********************************************************************************************************************************
 DATASETS  * FILE   NREC   LENGTH (MB)   RECORD NAMES
              1      18       40.63       500      610      700      900      950      970     1000      129      960     1100   
                                          VAR    BASINP    GEOM    SYMINP    ZMAT    AOBASIS   BASIS     P2S    ABASIS      S 
                                         1400     1410     1200     1210     1080     1600     1650     1700   
                                           T        V       H0       H01     AOSYM     SMH    MOLCAS    OPER   

              2       4       18.89       700     1000      520     2100   
                                         GEOM     BASIS   MCVARS     RHF  

 PROGRAMS   *        TOTAL       RHF       INT
 CPU TIMES  *      4819.01   2352.69   2466.13
 REAL TIME  *     18162.11 SEC
 DISK USED  *       524.02 GB      
 SF USED    *         2.25 MB      
 GA USED    *         0.02 MB       (max)       0.00 MB       (current)
 **********************************************************************************************************************************


 PROGRAM * CCSD (Unrestricted open-shell coupled cluster)     Authors: C. Hampel, H.-J. Werner, 1991, M. Deegan, P.J. Knowles, 1992


 Convergence thresholds:  THRVAR = 1.00D-08  THRDEN = 1.00D-06

 Number of core orbitals:           6 (   6 )
 Number of closed-shell orbitals:  18 (  18 )
 Number of active  orbitals:        1 (   1 )
 Number of external orbitals:     725 ( 725 )

 Number of N-1 electron functions:              37
 Number of N-2 electron functions:             666
 Number of singly external CSFs:             26862
 Number of doubly external CSFs:         265528692
 Total number of CSFs:                   265555554

 Molecular orbitals read from record     2100.2  Type=RHF/CANONICAL (state 1.1)

 Integral transformation finished. Total CPU:1963.14 sec, npass=  1  Memory used:4410.05 MW

 Starting RMP2 calculation

 ITER.      SQ.NORM     CORR.ENERGY   TOTAL ENERGY   ENERGY CHANGE        DEN1      VAR(S)    VAR(P)  DIIS     TIME
   1      1.36204440    -1.27366656  -307.63253116    -1.27366656    -0.00450657  0.44D-04  0.18D-02  1  1  2171.74
   2      1.36653261    -1.27854375  -307.63740835    -0.00487719    -0.00001232  0.15D-05  0.59D-05  2  2  2284.66
   3      1.36671690    -1.27864446  -307.63750906    -0.00010071    -0.00000011  0.57D-07  0.33D-07  3  3  2370.05
   4      1.36672142    -1.27864455  -307.63750915    -0.00000009    -0.00000000  0.14D-08  0.26D-09  4  4  2446.63

 Norm of t1 vector:      0.05735471      S-energy:    -0.00573579      T1 diagnostic:  0.00079837
 Norm of t2 vector:      0.60285310      P-energy:    -1.27290876
                                         Alpha-Beta:  -0.97178099
                                         Alpha-Alpha: -0.15247585
                                         Beta-Beta:   -0.14865193

 Spin contamination <S**2-Sz**2-Sz>     0.00185563
  Reference energy                   -306.358864597552
  RHF-RMP2 correlation energy          -1.278644552419
 !RHF-RMP2 energy                    -307.637509149971

 Starting UCCSD calculation

 ITER.      SQ.NORM     CORR.ENERGY   TOTAL ENERGY   ENERGY CHANGE        DEN1      VAR(S)    VAR(P)  DIIS     TIME
   1      1.36321567    -1.25648894  -307.61535354    -1.25648894    -0.03942269  0.12D-01  0.69D-02  1  1  5041.40
   2      1.39759604    -1.28995630  -307.64882090    -0.03346736    -0.00541467  0.10D-02  0.16D-02  2  2  7615.85
   3      1.42298899    -1.29845589  -307.65732049    -0.00849959    -0.00127917  0.12D-02  0.12D-03  3  3 10215.42
   4      1.43838911    -1.30203973  -307.66090433    -0.00358384    -0.00049554  0.41D-03  0.61D-04  4  4 12836.99
   5      1.45721120    -1.30437358  -307.66323818    -0.00233386    -0.00014749  0.13D-03  0.16D-04  5  5 15414.16
   6      1.46916815    -1.30547567  -307.66434027    -0.00110209    -0.00002711  0.18D-04  0.49D-05  6  6 18005.14
   7      1.47390379    -1.30577353  -307.66463813    -0.00029785    -0.00000550  0.28D-05  0.14D-05  6  1 20624.61
   8      1.47462973    -1.30584817  -307.66471276    -0.00007464    -0.00000143  0.97D-06  0.30D-06  6  2 23226.50
   9      1.47462693    -1.30584142  -307.66470602     0.00000675    -0.00000040  0.34D-06  0.68D-07  6  3 26036.63
  10      1.47483847    -1.30587476  -307.66473936    -0.00003334    -0.00000013  0.95D-07  0.28D-07  6  5 28887.46
  11      1.47487690    -1.30587424  -307.66473884     0.00000052    -0.00000004  0.30D-07  0.70D-08  6  4 31534.47
  12      1.47493238    -1.30587610  -307.66474069    -0.00000185    -0.00000001  0.84D-08  0.21D-08  6  6 34345.28
  13      1.47489563    -1.30587168  -307.66473627     0.00000442    -0.00000000  0.29D-08  0.61D-09  6  2 37176.11
  14      1.47487793    -1.30586795  -307.66473255     0.00000373    -0.00000000  0.88D-09  0.17D-09  6  1 40055.66
  15      1.47487067    -1.30586772  -307.66473232     0.00000023    -0.00000000  0.36D-09  0.73D-10  6  3 42850.30

 Norm of t1 vector:      0.26913272      S-energy:    -0.00590483      T1 diagnostic:  0.03023132
                                                                       D1 diagnostic:  0.12417706
 Norm of t2 vector:      0.63438021      P-energy:    -1.29996288
                                         Alpha-Beta:  -1.02587533
                                         Alpha-Alpha: -0.13793985
                                         Beta-Beta:   -0.13614771

 Singles amplitudes (print threshold =  0.500E-01):

         I         SYM. A    A   T(IA) [Alpha-Alpha]

        18         1        11      0.07201112

         I         SYM. A    A   T(IA) [Beta-Beta]

        12         1         1      0.13541400
        13         1         1      0.10050430
        18         1        11      0.10589209

 Doubles amplitudes (print threshold =  0.500E-01):

         I         J         SYM. A    SYM. B    A         B      T(IJ, AB) [Alpha-Beta]

        18        18         1         1        11        11     -0.06042528

 Spin contamination <S**2-Sz**2-Sz>     0.00400308


 RESULTS
 =======

  Reference energy                   -306.358864597552
  UCCSD singles energy                 -0.005904833224
  UCCSD pair energy                    -1.299962884424
  UCCSD correlation energy             -1.305867717647

 !RHF-UCCSD energy                   -307.664732315199

 Program statistics:

 Available memory in ccsd:             63999996822
 Min. memory needed in ccsd:             729160213
 Max. memory used in ccsd:              1069518667
 Max. memory used in cckext:             764249181 (15 integral passes)
 Max. memory used in cckint:            4410047367 ( 1 integral passes)



 **********************************************************************************************************************************
 DATASETS  * FILE   NREC   LENGTH (MB)   RECORD NAMES
              1      18       40.63       500      610      700      900      950      970     1000      129      960     1100   
                                          VAR    BASINP    GEOM    SYMINP    ZMAT    AOBASIS   BASIS     P2S    ABASIS      S 
                                         1400     1410     1200     1210     1080     1600     1650     1700   
                                           T        V       H0       H01     AOSYM     SMH    MOLCAS    OPER   

              2       4       18.89       700     1000      520     2100   
                                         GEOM     BASIS   MCVARS     RHF  

 PROGRAMS   *        TOTAL     UCCSD       RHF       INT
 CPU TIMES  *     47678.85  42859.81   2352.69   2466.13
 REAL TIME  *     95017.43 SEC
 DISK USED  *       792.98 GB      
 SF USED    *        85.64 GB      
 GA USED    *         0.02 MB       (max)       0.00 MB       (current)
 **********************************************************************************************************************************

 UCCSD/O=AVQZ,C=AVQZ,H=VQZ energy=   -307.664732315199

        UCCSD           RHF-SCF 
   -307.66473232   -306.35886460
 **********************************************************************************************************************************
 Molpro calculation terminated
 Variable memory released

 Fortran compiler diagnostic
 ***************************

 integer size                  8
 double precision size         8
 logical size                  8

 diagnostic completed successfully
