
 Primary working directories    : /scratch/saurabh/PBS_8057585.helios
 Secondary working directories  : /scratch/saurabh/PBS_8057585.helios
 Wavefunction directory         : /scratch/saurabh/PBS_8057585.helios/
 Main file repository           : /scratch/saurabh/PBS_8057585.helios/

 SHA1      : f6387f0c468d0184d0b38d85973bdb066f718752
 NAME      : 2015.1.44
 ARCHNAME  : linux/x86_64
 FC        : /opt/may/bin/gfortran
 BLASLIB   : -Wl,-_start-group /opt/intel/mkl/lib/intel64/libmkl_gf_ilp64.a /opt/intel/mkl/lib/intel64/libmkl_gnu_thread.a /opt/intel/mkl/lib/intel64/libmkl_core.a -Wl,-_end-group
 id        : ramakrishnan

 Nodes             nprocs
 hel06.tifrh.res.in    8

 Using DEFAULT tuning parameter for ncache   :   16384
 Using DEFAULT tuning parameter for mflopdgm :   10000
 Using DEFAULT tuning parameter for mflopdgv :    4000
 Using DEFAULT tuning parameter for mflopmxm :    5000
 Using DEFAULT tuning parameter for mflopmxv :    4000
 Using DEFAULT tuning parameter for mindgm   :       1
 Using DEFAULT tuning parameter for mindgc   :       4
 Using DEFAULT tuning parameter for mindgf   :    5000
 Using DEFAULT tuning parameter for mindgl   :       4
 Using DEFAULT tuning parameter for mindgr   :       1
 Using DEFAULT tuning parameter for mindgv   :      20
 Using DEFAULT tuning parameter for mincuda  :     500
 Using DEFAULT tuning parameter for mxmblk   :      64
 Using DEFAULT tuning parameter for mxmbln   :      64
 Using DEFAULT tuning parameter for nroll    :       2
 Using custom tuning parameter for ngpus     :       0
 Using customized tuning parameters: mindgm=1; mindgv=20; mindgc=4; mindgr=1; noblas=0; minvec=7
 default implementation of scratch files=sf  

 ***,TS_04
 memory,25,g
 geometry={
 C  0.487789   0.043724   0.026149
 C  1.265037   -1.196235  -0.199899
 H  -2.492390  -0.559124  0.456318
 H  1.565088   -1.476775  -1.197744
 H  1.427753   -1.889516  0.610898
 C  0.479072   0.552137   1.459441
 H  1.414881   1.060642   1.694989
 H  -0.343744  1.252754   1.590493
 H  0.343867   -0.273327  2.158369
 C  0.681171   1.144900   -1.003846
 H  0.674859   0.729836   -2.011003
 H  -0.133241  1.863715   -0.925230
 H  1.625262   1.666943   -0.841161
 O  -0.612196  -0.797319  -0.274198
 O  -2.082897  0.092031   -0.129177
  }
 basis,O=AVTZ,C=AVTZ,H=VTZ
 {rhf
 wf,49,1,1
 }
 uccsd(t);
 

 Fortran compiler diagnostic
 ***************************

 integer size                  8
 double precision size         8
 logical size                  8

 diagnostic completed successfully

 Variables initialized (889), CPU time= 0.02 sec
 Commands  initialized (702), CPU time= 0.01 sec, 572 directives.
 Default parameters read. Elapsed time= 0.09 sec

 Using DEFAULT tuning parameter for mpplat   :       3
 Using DEFAULT tuning parameter for mppspeed :    1600
 Checking input...
 Passed
1


                                         ***  PROGRAM SYSTEM MOLPRO  ***
                                       Copyright, TTI GmbH Stuttgart, 2015
                                    Version 2015.1 linked Jun  9 2019 06:55:40


 **********************************************************************************************************************************
 LABEL *   TS_04                                                                         
  64 bit mpp version                                                                     DATE: 29-Apr-22          TIME: 15:42:00  
 **********************************************************************************************************************************

 SHA1:             f6387f0c468d0184d0b38d85973bdb066f718752
 **********************************************************************************************************************************

Geometry recognized as XYZ


 Variable memory set to ********** words,  buffer space   230000 words

 SETTING BASIS          =    O=AVTZ,C=AVTZ,H=VTZ


 Recomputing integrals since basis changed


 Using spherical harmonics

 Library entry C      S aug-cc-pVTZ          selected for orbital group  1
 Library entry C      P aug-cc-pVTZ          selected for orbital group  1
 Library entry C      D aug-cc-pVTZ          selected for orbital group  1
 Library entry C      F aug-cc-pVTZ          selected for orbital group  1
 Library entry H      S cc-pVTZ              selected for orbital group  2
 Library entry H      P cc-pVTZ              selected for orbital group  2
 Library entry H      D cc-pVTZ              selected for orbital group  2
 Library entry O      S aug-cc-pVTZ          selected for orbital group  7
 Library entry O      P aug-cc-pVTZ          selected for orbital group  7
 Library entry O      D aug-cc-pVTZ          selected for orbital group  7
 Library entry O      F aug-cc-pVTZ          selected for orbital group  7


 PROGRAM * SEWARD (Integral evaluation for generally contracted gaussian basis sets)     Author: Roland Lindh, 1990

 Geometry written to block  1 of record 700


 Point group  C1  



 ATOMIC COORDINATES

 NR  ATOM    CHARGE       X              Y              Z

   1  C       6.00    0.921787617    0.082626385    0.049414448
   2  C       6.00    2.390573467   -2.260556531   -0.377754363
   3  H       1.00   -4.709934496   -1.056591230    0.862316046
   4  H       1.00    2.957587681   -2.790700298   -2.263408127
   5  H       1.00    2.698062144   -3.570667748    1.154429910
   6  C       6.00    0.905314874    1.043387713    2.757943785
   7  H       1.00    2.673737589    2.004322896    3.203064994
   8  H       1.00   -0.649582017    2.367361961    3.005596173
   9  H       1.00    0.649814453   -0.516513172    4.078726286
  10  C       6.00    1.287226634    2.163547440   -1.896994011
  11  H       1.00    1.275298683    1.379190156   -3.800244906
  12  H       1.00   -0.251788999    3.521910924   -1.748431302
  13  H       1.00    3.071300061    3.150065735   -1.589563917
  14  O       8.00   -1.156882775   -1.506714544   -0.518159124
  15  O       8.00   -3.936104876    0.173913385   -0.244109152

 Bond lengths in Bohr (Angstrom)

  1- 2  2.798269330   1- 6  2.873928469   1-10  2.872678890   1-14  2.677501623   2- 4  2.039178181
       ( 1.480780360)       ( 1.520817452)       ( 1.520156203)       ( 1.416872841)       ( 1.079086622)

  2- 5  2.039247247   2-14  3.629385213   3-15  1.826781488   6- 7  2.061273445   6- 8  2.057168894
       ( 1.079123170)       ( 1.920587945)       ( 0.966691133)       ( 1.090778933)       ( 1.088606897)

  6- 9  2.059863503  10-11  2.058572950  10-12  2.058103824  10-13  2.061710358  14-15  3.259400115
       ( 1.090032824)       ( 1.089349892)       ( 1.089101641)       ( 1.091010137)       ( 1.724800262)

 Bond angles

  1- 2- 4  120.31882419   1- 2- 5  120.15992185   1- 2-14   47.07329104   1- 6- 7  110.75950722

  1- 6- 8  109.44749505   1- 6- 9  110.60027910   1-10-11  110.46862075   1-10-12  109.51552817

  1-10-13  110.83399242   1-14- 2   49.92943862   1-14-15  109.76002171   2- 1- 6  115.26541554

  2- 1-10  115.87257262   2- 1-14   82.99727034   2-14-15  159.59903191   3-15-14   93.71543565

  4- 2- 5  119.06688839   4- 2-14  106.85851147   5- 2-14  108.05246543   6- 1-10  113.39888777

  6- 1-14  113.18916947   7- 6- 8  108.80991678   7- 6- 9  108.72256684   8- 6- 9  108.44757372

 10- 1-14  112.65119305  11-10-12  108.29326856  11-10-13  108.97729316  12-10-13  108.69378894

 NUCLEAR CHARGE:                   49
 NUMBER OF PRIMITIVE AOS:         555
 NUMBER OF SYMMETRY AOS:          492
 NUMBER OF CONTRACTIONS:          402   ( 402A   )
 NUMBER OF CORE ORBITALS:           6   (   6A   )
 NUMBER OF VALENCE ORBITALS:       33   (  33A   )


 NUCLEAR REPULSION ENERGY  255.75477014


 Eigenvalues of metric

         1 0.142E-04 0.174E-04 0.289E-04 0.451E-04 0.112E-03 0.117E-03 0.175E-03 0.187E-03


 Contracted 2-electron integrals neglected if value below      1.0D-12
 AO integral compression algorithm  1   Integral accuracy      1.0D-12

     13708.820 MB (compressed) written to integral file ( 48.5%)

     Node minimum: 1583.088 MB, node maximum: 1807.745 MB


 NUMBER OF SORTED TWO-ELECTRON INTEGRALS:  410103000.     BUFFER LENGTH:  32768
 NUMBER OF SEGMENTS:  13  SEGMENT LENGTH:   31996696      RECORD LENGTH: 524288

 Memory used in sort:      32.55 MW

 SORT1 READ  3535558073. AND WROTE   381880881. INTEGRALS IN   1098 RECORDS. CPU TIME:   151.37 SEC, REAL TIME:   173.80 SEC
 SORT2 READ  3051249630. AND WROTE  3280783506. INTEGRALS IN  48312 RECORDS. CPU TIME:    12.13 SEC, REAL TIME:   169.37 SEC

 Node minimum:   410062500.  Node maximum:   410133378. integrals

 OPERATOR DM      FOR CENTER  0  COORDINATES:    0.000000    0.000000    0.000000


 **********************************************************************************************************************************
 DATASETS  * FILE   NREC   LENGTH (MB)   RECORD NAMES
              1      18       26.07       500      610      700      900      950      970     1000      129      960     1100   
                                          VAR    BASINP    GEOM    SYMINP    ZMAT    AOBASIS   BASIS     P2S    ABASIS      S 
                                         1400     1410     1200     1210     1080     1600     1650     1700   
                                           T        V       H0       H01     AOSYM     SMH    MOLCAS    OPER   

 PROGRAMS   *        TOTAL       INT
 CPU TIMES  *       193.27    193.07
 REAL TIME  *       388.00 SEC
 DISK USED  *        50.17 GB      
 GA USED    *         0.01 MB       (max)       0.00 MB       (current)
 **********************************************************************************************************************************


 PROGRAM * RHF-SCF (OPEN SHELL)       Authors: W. Meyer, H.-J. Werner


 NUMBER OF ELECTRONS:      25+   24-    SPACE SYMMETRY=1    SPIN SYMMETRY: Doublet 
 CONVERGENCE THRESHOLDS:    1.00E-05 (Density)    1.00E-07 (Energy)
 MAX. NUMBER OF ITERATIONS:       60
 INTERPOLATION TYPE:            DIIS
 INTERPOLATION STEPS:              2 (START)      1 (STEP)
 LEVEL SHIFTS:                 -0.60 (CLOSED) -0.30 (OPEN) 



 Orbital guess generated from atomic densities. Full valence occupancy:   39

 Molecular orbital dump at record        2100.2

 Initial alpha occupancy:  25
 Initial beta  occupancy:  24
 Wave function symmetry:    1

 ITERATION    DDIFF          GRAD             ENERGY        2-EL.EN.            DIPOLE MOMENTS         DIIS   ORB.
    1      0.000D+00      0.000D+00      -306.20844797    729.205270    2.63532   -0.88497    0.70842    0    start
    2      0.000D+00      0.305D-02      -306.30524160    726.297278    1.22486   -0.24640    0.51317    1    diag,B
    3      0.296D-02      0.137D-02      -306.32161909    726.873184    1.37592   -0.34877    0.50680    2    diag,B
    4      0.101D-02      0.532D-03      -306.32830883    726.694312    1.18680   -0.27764    0.49014    3    diag,B
    5      0.707D-03      0.201D-03      -306.32967977    726.662081    1.11314   -0.25394    0.49144    4    diag,B
    6      0.379D-03      0.839D-04      -306.33008319    726.639546    1.07681   -0.23841    0.49479    5    diag,B
    7      0.193D-03      0.591D-04      -306.33042919    726.606767    1.04651   -0.22767    0.49653    6    fixocc
    8      0.122D-03      0.568D-04      -306.33048075    726.603429    1.04309   -0.22635    0.49668    7    diag,B
    9      0.136D-04      0.572D-04      -306.32968231    726.680715    1.09230   -0.24367    0.49564    8    diag,B
   10      0.228D-03      0.431D-04      -306.32928545    726.748527    1.12128   -0.25573    0.49536    9    orth
   11      0.232D-03      0.246D-04      -306.32926810    726.756274    1.11588   -0.25610    0.49531    9    diag,B
   12      0.774D-04      0.148D-04      -306.32926116    726.784575    1.12168   -0.25690    0.49560    9    diag,B
   13      0.642D-04      0.101D-04      -306.32926450    726.771065    1.11526   -0.25550    0.49552    9    diag,B
   14      0.311D-04      0.387D-05      -306.32926513    726.771012    1.11638   -0.25541    0.49553    9    diag,B
   15      0.148D-04      0.186D-05      -306.32926540    726.771591    1.11724   -0.25542    0.49557    9    diag,B
   16      0.693D-05      0.106D-05      -306.32926552    726.770985    1.11749   -0.25537    0.49558    9    diag,B
   17      0.440D-05      0.659D-06      -306.32926558    726.771026    1.11757   -0.25534    0.49560    9    diag,B
   18      0.261D-05      0.456D-06      -306.32926559    726.771170    1.11754   -0.25531    0.49561    0    orth

 Final alpha occupancy:  25
 Final beta  occupancy:  24

 !RHF STATE 1.1 Energy               -306.329265589642
 Nuclear energy                       255.75477014
 One-electron energy                 -925.46962054
 Two-electron energy                  363.38558481
 Virial quotient                       -1.00143570
 !RHF STATE 1.1 Dipole moment           1.11753869    -0.25530703     0.49561363
 Dipole moment /Debye                   2.84031398    -0.64888323     1.25964170

 Orbital energies:

         1.1          2.1          3.1          4.1          5.1          6.1          7.1          8.1          9.1         10.1
    -20.606529   -20.570846   -11.305612   -11.291045   -11.220582   -11.217877    -1.380701    -1.248788    -1.049599    -0.949524

        11.1         12.1         13.1         14.1         15.1         16.1         17.1         18.1         19.1         20.1
     -0.942313    -0.765400    -0.668304    -0.649462    -0.626979    -0.611122    -0.569543    -0.551874    -0.539405    -0.526049

        21.1         22.1         23.1         24.1         25.1         26.1         27.1
     -0.517128    -0.482283    -0.453589    -0.441638    -0.326141     0.042617     0.053916

 HOMO     25.1    -0.326141 =      -8.8747eV
 LUMO     26.1     0.042617 =       1.1597eV
 LUMO-HOMO         0.368758 =      10.0344eV


 **********************************************************************************************************************************
 DATASETS  * FILE   NREC   LENGTH (MB)   RECORD NAMES
              1      18       26.07       500      610      700      900      950      970     1000      129      960     1100   
                                          VAR    BASINP    GEOM    SYMINP    ZMAT    AOBASIS   BASIS     P2S    ABASIS      S 
                                         1400     1410     1200     1210     1080     1600     1650     1700   
                                           T        V       H0       H01     AOSYM     SMH    MOLCAS    OPER   

              2       4        7.59       700     1000      520     2100   
                                         GEOM     BASIS   MCVARS     RHF  

 PROGRAMS   *        TOTAL       RHF       INT
 CPU TIMES  *       287.29     94.02    193.07
 REAL TIME  *       614.95 SEC
 DISK USED  *        50.63 GB      
 SF USED    *         0.65 MB      
 GA USED    *         0.01 MB       (max)       0.00 MB       (current)
 **********************************************************************************************************************************


 PROGRAM * CCSD (Unrestricted open-shell coupled cluster)     Authors: C. Hampel, H.-J. Werner, 1991, M. Deegan, P.J. Knowles, 1992


 Convergence thresholds:  THRVAR = 1.00D-08  THRDEN = 1.00D-06

 CCSD(T)     terms to be evaluated (factor= 1.000)


 Number of core orbitals:           6 (   6 )
 Number of closed-shell orbitals:  18 (  18 )
 Number of active  orbitals:        1 (   1 )
 Number of external orbitals:     377 ( 377 )

 Memory could be reduced to 1621.64 Mwords without degradation in triples

 Number of N-1 electron functions:              37
 Number of N-2 electron functions:             666
 Number of singly external CSFs:             13986
 Number of doubly external CSFs:          71952300
 Total number of CSFs:                    71966286

 Molecular orbitals read from record     2100.2  Type=RHF/CANONICAL (state 1.1)

 Integral transformation finished. Total CPU: 188.45 sec, npass=  1  Memory used: 704.67 MW

 Starting RMP2 calculation

 ITER.      SQ.NORM     CORR.ENERGY   TOTAL ENERGY   ENERGY CHANGE        DEN1      VAR(S)    VAR(P)  DIIS     TIME
   1      1.38740816    -1.23452024  -307.56378583    -1.23452024    -0.00452021  0.22D-03  0.19D-02  1  1   208.34
   2      1.39266909    -1.23940563  -307.56867122    -0.00488539    -0.00002237  0.83D-05  0.12D-04  2  2   222.52
   3      1.39305577    -1.23955920  -307.56882479    -0.00015357    -0.00000031  0.23D-06  0.11D-06  3  3   250.50
   4      1.39308169    -1.23956343  -307.56882902    -0.00000424    -0.00000000  0.33D-08  0.51D-09  4  4   269.99
   5      1.39308293    -1.23956370  -307.56882929    -0.00000027    -0.00000000  0.55D-10  0.87D-11  5  5   293.74

 Norm of t1 vector:      0.12409470      S-energy:    -0.01193125      T1 diagnostic:  0.00137122
 Norm of t2 vector:      0.61455954      P-energy:    -1.22763245
                                         Alpha-Beta:  -0.93098044
                                         Alpha-Alpha: -0.15837669
                                         Beta-Beta:   -0.13827532

 Spin contamination <S**2-Sz**2-Sz>     0.00670717
  Reference energy                   -306.329265589638
  RHF-RMP2 correlation energy          -1.239563697868
 !RHF-RMP2 energy                    -307.568829287506

 Starting UCCSD calculation

 ITER.      SQ.NORM     CORR.ENERGY   TOTAL ENERGY   ENERGY CHANGE        DEN1      VAR(S)    VAR(P)  DIIS     TIME
   1      1.37379940    -1.21547047  -307.54473606    -1.21547047    -0.04234709  0.77D-02  0.94D-02  1  1   640.46
   2      1.41612226    -1.25425279  -307.58351838    -0.03878232    -0.00517227  0.13D-02  0.17D-02  2  2   965.28
   3      1.43285244    -1.26089411  -307.59015970    -0.00664132    -0.00070478  0.39D-03  0.16D-03  3  3  1291.27
   4      1.44355827    -1.26373645  -307.59300204    -0.00284234    -0.00019799  0.15D-03  0.36D-04  4  4  1617.32
   5      1.45065804    -1.26473425  -307.59399984    -0.00099780    -0.00006505  0.61D-04  0.98D-05  5  5  1944.58
   6      1.45565098    -1.26510120  -307.59436679    -0.00036695    -0.00002404  0.21D-04  0.51D-05  6  6  2272.04
   7      1.45874579    -1.26523305  -307.59449864    -0.00013185    -0.00000895  0.59D-05  0.27D-05  6  1  2605.52
   8      1.46014224    -1.26531655  -307.59458214    -0.00008350    -0.00000333  0.27D-05  0.86D-06  6  2  2946.82
   9      1.46111615    -1.26535400  -307.59461959    -0.00003745    -0.00000110  0.84D-06  0.25D-06  6  4  3318.38
  10      1.46157946    -1.26539148  -307.59465707    -0.00003748    -0.00000036  0.28D-06  0.76D-07  6  3  3647.36
  11      1.46175362    -1.26540652  -307.59467211    -0.00001503    -0.00000013  0.11D-06  0.25D-07  6  5  3975.65
  12      1.46190950    -1.26540943  -307.59467502    -0.00000291    -0.00000005  0.37D-07  0.11D-07  6  6  4303.61
  13      1.46191368    -1.26540422  -307.59466981     0.00000521    -0.00000002  0.17D-07  0.29D-08  6  1  4631.44
  14      1.46191884    -1.26540255  -307.59466814     0.00000167    -0.00000001  0.76D-08  0.16D-08  6  2  4960.10
  15      1.46189775    -1.26539852  -307.59466411     0.00000403    -0.00000000  0.40D-08  0.46D-09  6  4  5287.68
  16      1.46188442    -1.26539778  -307.59466337     0.00000074    -0.00000000  0.22D-08  0.40D-09  6  3  5611.78

 Norm of t1 vector:      0.23419047      S-energy:    -0.01588960      T1 diagnostic:  0.01819302
                                                                       D1 diagnostic:  0.07354105
 Norm of t2 vector:      0.63799627      P-energy:    -1.24950819
                                         Alpha-Beta:  -0.98958612
                                         Alpha-Alpha: -0.13939813
                                         Beta-Beta:   -0.12052393

 Singles amplitudes (print threshold =  0.500E-01):

         I         SYM. A    A   T(IA) [Alpha-Alpha]

        17         1        10      0.05864000
        19         1        10      0.06199129

         I         SYM. A    A   T(IA) [Beta-Beta]

        17         1        10     -0.05444463

 Doubles amplitudes (print threshold =  0.500E-01):

         I         J         SYM. A    SYM. B    A         B      T(IJ, AB) [Alpha-Beta]

        19        17         1         1        10         1     -0.05436759

 Spin contamination <S**2-Sz**2-Sz>     0.03461004

 Memory could be reduced to 1728.35 Mwords without degradation in triples


 RESULTS
 =======

  Reference energy                   -306.329265589638
  UCCSD singles energy                 -0.015889597995
  UCCSD pair energy                    -1.249508185952
  UCCSD correlation energy             -1.265397783947
  Triples (T) contribution             -0.058989195398
  Total correlation energy             -1.324386979345

  RHF-UCCSD energy                   -307.594663373585
  RHF-UCCSD[T] energy                -307.655672945453
  RHF-UCCSD-T energy                 -307.653302768712
 !RHF-UCCSD(T) energy                -307.653652568984

 Program statistics:

 Available memory in ccsd:             24999996822
 Min. memory needed in ccsd:             198669241
 Max. memory used in ccsd:               290766235
 Max. memory used in cckext:             221032500 (16 integral passes)
 Max. memory used in cckint:             704667795 ( 1 integral passes)



 **********************************************************************************************************************************
 DATASETS  * FILE   NREC   LENGTH (MB)   RECORD NAMES
              1      18       26.07       500      610      700      900      950      970     1000      129      960     1100   
                                          VAR    BASINP    GEOM    SYMINP    ZMAT    AOBASIS   BASIS     P2S    ABASIS      S 
                                         1400     1410     1200     1210     1080     1600     1650     1700   
                                           T        V       H0       H01     AOSYM     SMH    MOLCAS    OPER   

              2       4        7.59       700     1000      520     2100   
                                         GEOM     BASIS   MCVARS     RHF  

 PROGRAMS   *        TOTAL  UCCSD(T)       RHF       INT
 CPU TIMES  *     12845.85  12558.56     94.02    193.07
 REAL TIME  *     13676.00 SEC
 DISK USED  *       123.54 GB      
 SF USED    *        32.32 GB      
 GA USED    *         0.01 MB       (max)       0.00 MB       (current)
 **********************************************************************************************************************************

 UCCSD(T)/O=AVTZ,C=AVTZ,H=VTZ energy=   -307.653652568984

        UCCSD(T)        RHF-SCF 
   -307.65365257   -306.32926559
 **********************************************************************************************************************************
 Molpro calculation terminated
 Variable memory released

 Fortran compiler diagnostic
 ***************************

 integer size                  8
 double precision size         8
 logical size                  8

 diagnostic completed successfully
