
 Primary working directories    : /scratch/saurabh/PBS_8057573.helios
 Secondary working directories  : /scratch/saurabh/PBS_8057573.helios
 Wavefunction directory         : /scratch/saurabh/PBS_8057573.helios/
 Main file repository           : /scratch/saurabh/PBS_8057573.helios/

 SHA1      : f6387f0c468d0184d0b38d85973bdb066f718752
 NAME      : 2015.1.44
 ARCHNAME  : linux/x86_64
 FC        : /opt/may/bin/gfortran
 BLASLIB   : -Wl,-_start-group /opt/intel/mkl/lib/intel64/libmkl_gf_ilp64.a /opt/intel/mkl/lib/intel64/libmkl_gnu_thread.a /opt/intel/mkl/lib/intel64/libmkl_core.a -Wl,-_end-group
 id        : ramakrishnan

 Nodes             nprocs
 hel06.tifrh.res.in    8

 Using DEFAULT tuning parameter for ncache   :   16384
 Using DEFAULT tuning parameter for mflopdgm :   10000
 Using DEFAULT tuning parameter for mflopdgv :    4000
 Using DEFAULT tuning parameter for mflopmxm :    5000
 Using DEFAULT tuning parameter for mflopmxv :    4000
 Using DEFAULT tuning parameter for mindgm   :       1
 Using DEFAULT tuning parameter for mindgc   :       4
 Using DEFAULT tuning parameter for mindgf   :    5000
 Using DEFAULT tuning parameter for mindgl   :       4
 Using DEFAULT tuning parameter for mindgr   :       1
 Using DEFAULT tuning parameter for mindgv   :      20
 Using DEFAULT tuning parameter for mincuda  :     500
 Using DEFAULT tuning parameter for mxmblk   :      64
 Using DEFAULT tuning parameter for mxmbln   :      64
 Using DEFAULT tuning parameter for nroll    :       2
 Using custom tuning parameter for ngpus     :       0
 Using customized tuning parameters: mindgm=1; mindgv=20; mindgc=4; mindgr=1; noblas=0; minvec=7
 default implementation of scratch files=sf  

 ***,TS_01
 memory,64,g
 geometry={
 C  0.374528   0.007943   0.041163
 C  -0.239334  -0.489943  1.355864
 H  -1.472485  -0.247647  0.809877
 H  -0.216368  -1.563877  1.518701
 H  -0.084712  0.101532   2.251682
 C  0.584397   1.520086   0.059182
 H  1.318278   1.799473   0.816397
 H  0.945472   1.857845   -0.911837
 H  -0.352010  2.030992   0.276632
 C  1.629428   -0.748555  -0.369766
 H  1.437974   -1.819892  -0.408153
 H  1.966037   -0.419234  -1.353630
 H  2.432224   -0.560296  0.343716
 O  -0.642771  -0.355494  -0.933256
 O  -1.865795  -0.009016  -0.299499
  }
 basis={
                                                                            ! oxygen               (10s,5p,4d,2f) -&gt; [10s,5p,4d,2f]
 s, O , 0.1533000000E+05, 0.2299000000E+04, 0.5224000000E+03, 0.1473000000E+03, 0.4755000000E+02, 0.1676000000E+02, 0.6207000000E+01, 0.1752000000E+01, 0.6882000000E+00, 0.2384000000E+00
 c, 1.1, 0.1000000000E+01
 c, 2.2, 0.1000000000E+01
 c, 3.3, 0.1000000000E+01
 c, 4.4, 0.1000000000E+01
 c, 5.5, 0.1000000000E+01
 c, 6.6, 0.1000000000E+01
 c, 7.7, 0.1000000000E+01
 c, 8.8, 0.1000000000E+01
 c, 9.9, 0.1000000000E+01
 c, 10.10, 0.1000000000E+01
 p, O , 0.3446000000E+02, 0.7749000000E+01, 0.2280000000E+01, 0.7156000000E+00, 0.2140000000E+00
 c, 1.1, 0.1000000000E+01
 c, 2.2, 0.1000000000E+01
 c, 3.3, 0.1000000000E+01
 c, 4.4, 0.1000000000E+01
 c, 5.5, 0.1000000000E+01
 d, O , 0.2100000000E+02, 0.7000000000E+01, 0.2314000000E+01, 0.6450000000E+00
 c, 1.1, 0.1000000000E+01
 c, 2.2, 0.1000000000E+01
 c, 3.3, 0.1000000000E+01
 c, 4.4, 0.1000000000E+01
 f, O , 0.4300000000E+01, 0.1428000000E+01
 c, 1.1, 0.1000000000E+01
 c, 2.2, 0.1000000000E+01
                                                                                 ! hydrogen             (5s,2p,1d) -&gt; [5s,2p,1d]
 s, H , 0.3387000000E+02, 0.5095000000E+01, 0.1159000000E+01, 0.3258000000E+00, 0.1027000000E+00
 c, 1.1, 0.1000000000E+01
 c, 2.2, 0.1000000000E+01
 c, 3.3, 0.1000000000E+01
 c, 4.4, 0.1000000000E+01
 c, 5.5, 0.1000000000E+01
 p, H , 0.1407000000E+01, 0.3880000000E+00
 c, 1.1, 0.1000000000E+01
 c, 2.2, 0.1000000000E+01
 d, H , 0.1057000000E+01
 c, 1.1, 0.1000000000E+01
                                                                            ! carbon               (10s,5p,4d,2f) -&gt; [10s,5p,4d,2f]
 s, C , 0.8236000000E+04, 0.1235000000E+04, 0.2808000000E+03, 0.7927000000E+02, 0.2559000000E+02, 0.8997000000E+01, 0.3319000000E+01, 0.9059000000E+00, 0.3643000000E+00, 0.1285000000E+00
 c, 1.1, 0.1000000000E+01
 c, 2.2, 0.1000000000E+01
 c, 3.3, 0.1000000000E+01
 c, 4.4, 0.1000000000E+01
 c, 5.5, 0.1000000000E+01
 c, 6.6, 0.1000000000E+01
 c, 7.7, 0.1000000000E+01
 c, 8.8, 0.1000000000E+01
 c, 9.9, 0.1000000000E+01
 c, 10.10, 0.1000000000E+01
 p, C , 0.1871000000E+02, 0.4133000000E+01, 0.1200000000E+01, 0.3827000000E+00, 0.1209000000E+00
 c, 1.1, 0.1000000000E+01
 c, 2.2, 0.1000000000E+01
 c, 3.3, 0.1000000000E+01
 c, 4.4, 0.1000000000E+01
 c, 5.5, 0.1000000000E+01
 d, C , 0.1000000000E+02, 0.3300000000E+01, 0.1097000000E+01, 0.3180000000E+00
 c, 1.1, 0.1000000000E+01
 c, 2.2, 0.1000000000E+01
 c, 3.3, 0.1000000000E+01
 c, 4.4, 0.1000000000E+01
 f, C , 0.2300000000E+01, 0.7610000000E+00
 c, 1.1, 0.1000000000E+01
 c, 2.2, 0.1000000000E+01
 }
 DKROLL=1
 DKHO=2
 {rhf
 wf,49,1,1
 }
 {uccsd(t)
 core}
 

 Fortran compiler diagnostic
 ***************************

 integer size                  8
 double precision size         8
 logical size                  8

 diagnostic completed successfully

 Variables initialized (889), CPU time= 0.02 sec
 Commands  initialized (702), CPU time= 0.02 sec, 572 directives.
 Default parameters read. Elapsed time= 0.12 sec

 Using DEFAULT tuning parameter for mpplat   :       3
 Using DEFAULT tuning parameter for mppspeed :    1600
 Checking input...
 Passed
1


                                         ***  PROGRAM SYSTEM MOLPRO  ***
                                       Copyright, TTI GmbH Stuttgart, 2015
                                    Version 2015.1 linked Jun  9 2019 06:55:40


 **********************************************************************************************************************************
 LABEL *   TS_01                                                                         
  64 bit mpp version                                                                     DATE: 27-Apr-22          TIME: 17:16:45  
 **********************************************************************************************************************************

 SHA1:             f6387f0c468d0184d0b38d85973bdb066f718752
 **********************************************************************************************************************************

Geometry recognized as XYZ


 Variable memory set to ********** words,  buffer space   230000 words

 SETTING BASIS          =    USERDEF
 SETTING DKROLL         =         1.00000000                                  
 SETTING DKHO           =         2.00000000                                  


 Recomputing integrals since basis changed


 Using spherical harmonics



 PROGRAM * SEWARD (Integral evaluation for generally contracted gaussian basis sets)     Author: Roland Lindh, 1990

 Geometry written to block  1 of record 700


 Point group  C1  



 ATOMIC COORDINATES

 NR  ATOM    CHARGE       X              Y              Z

   1  C       6.00    0.707755346    0.015010095    0.077786796
   2  C       6.00   -0.452275712   -0.925858087    2.562211622
   3  H       1.00   -2.782593373   -0.467985006    1.530445725
   4  H       1.00   -0.408876262   -2.955299223    2.869928955
   5  H       1.00   -0.160082479    0.191867673    4.255062300
   6  C       6.00    1.104350278    2.872546226    0.111837772
   7  H       1.00    2.491184376    3.400511139    1.542766739
   8  H       1.00    1.786683138    3.510818232   -1.723122200
   9  H       1.00   -0.665202493    3.838018641    0.522758717
  10  C       6.00    3.079172660   -1.414563939   -0.698756470
  11  H       1.00    2.717377034   -3.439097456   -0.771297387
  12  H       1.00    3.715271481   -0.792237442   -2.557989974
  13  H       1.00    4.596237234   -1.058805989    0.649529105
  14  O       8.00   -1.214661151   -0.671786299   -1.763598244
  15  O       8.00   -3.525841555   -0.017037771   -0.565971085

 Bond lengths in Bohr (Angstrom)

  1- 2  2.898839717   1- 6  2.885127337   1-10  2.875816656   1-14  2.749195035   2- 3  2.589318255
       ( 1.533999916)       ( 1.526743637)       ( 1.521816637)       ( 1.454811361)       ( 1.370208212)

  2- 4  2.053096392   2- 5  2.049495346   3-15  2.269523013   6- 7  2.061459064   6- 8  2.059137534
       ( 1.086451822)       ( 1.084546231)       ( 1.200979858)       ( 1.090877158)       ( 1.089648657)

  6- 9  2.057257888  10-11  2.057885862  10-12  2.061228081  10-13  2.060563668  14-15  2.684131388
       ( 1.088653991)       ( 1.088986301)       ( 1.090754927)       ( 1.090403335)       ( 1.420381162)

 Bond angles

  1-2-3   87.77889687   1-2-4  116.15631194   1-2-5  118.28402322   1-6-7  110.75250635

  1- 6- 8  110.00117334   1- 6- 9  110.42200671   1-10-11  110.70706853   1-10-12  110.36219679

  1-10-13  110.15714289   1-14-15  104.02312314   2- 1- 6  111.49108518   2- 1-10  113.58213622

  2- 1-14  102.30584619   2- 3-15  134.26245013   3- 2- 4  104.68713692   3- 2- 5  111.16160895

  3-15-14   94.68625370   4- 2- 5  114.34756744   6- 1-10  112.46896768   6- 1-14  110.57636733

  7- 6- 8  108.43633299   7- 6- 9  108.65204407   8- 6- 9  108.51504475  10- 1-14  105.75792909

 11-10-12  108.63186188  11-10-13  108.80542508  12-10-13  108.11197452

 NUCLEAR CHARGE:                   49
 NUMBER OF PRIMITIVE AOS:         567
 NUMBER OF SYMMETRY AOS:          498
 NUMBER OF CONTRACTIONS:          498   ( 498A   )
 NUMBER OF CORE ORBITALS:           6   (   6A   )
 NUMBER OF VALENCE ORBITALS:       33   (  33A   )


 NUCLEAR REPULSION ENERGY  263.04177098

 One-electron integrals computed with SEWARD

 2nd-order Douglas-Kroll-Hess method activated. Optimal DKH parametrization is used.

 Computing Douglas-Kroll / X2C integrals

 AO integral compression algorithm  1   Integral accuracy      1.0D-11

     13199.475 MB (compressed) written to integral file ( 19.9%)

     Node minimum: 1510.212 MB, node maximum: 1825.047 MB


 NUMBER OF SORTED TWO-ELECTRON INTEGRALS:  964909968.     BUFFER LENGTH:  32768
 NUMBER OF SEGMENTS:  31  SEGMENT LENGTH:   31996696      RECORD LENGTH: 524288

 Memory used in sort:      32.55 MW

 SORT1 READ  8284914597. AND WROTE   437866792. INTEGRALS IN   1269 RECORDS. CPU TIME:   178.46 SEC, REAL TIME:   190.69 SEC
 SORT2 READ  3486553840. AND WROTE  7719217626. INTEGRALS IN  46088 RECORDS. CPU TIME:    27.33 SEC, REAL TIME:   204.85 SEC

 Node minimum:   964847844.  Node maximum:   964956564. integrals

 OPERATOR DM      FOR CENTER  0  COORDINATES:    0.000000    0.000000    0.000000


 Eigenvalues of metric

         1 0.371E-03 0.484E-03 0.603E-03 0.872E-03 0.938E-03 0.113E-02 0.128E-02 0.132E-02


 **********************************************************************************************************************************
 DATASETS  * FILE   NREC   LENGTH (MB)   RECORD NAMES
              1      22       36.17       500      610      700      900      950      970     1000      129      960     1700   
                                          VAR    BASINP    GEOM    SYMINP    ZMAT    AOBASIS   BASIS     P2S    ABASIS    OPER   
                                         1101     1401     1411     1412     1650     1100     1400     1410     1200     1210   
                                          SR      EKINR    POTR     PVPR    MOLCAS      S      EKIN      POT      H0       H01  
                                         1080     1600   
                                         AOSYM     SMH  

 PROGRAMS   *        TOTAL       INT
 CPU TIMES  *       297.09    296.90
 REAL TIME  *       517.98 SEC
 DISK USED  *        54.55 GB      
 GA USED    *         0.01 MB       (max)       0.00 MB       (current)
 **********************************************************************************************************************************


 PROGRAM * RHF-SCF (OPEN SHELL)       Authors: W. Meyer, H.-J. Werner


 NUMBER OF ELECTRONS:      25+   24-    SPACE SYMMETRY=1    SPIN SYMMETRY: Doublet 
 CONVERGENCE THRESHOLDS:    1.00E-05 (Density)    1.00E-07 (Energy)
 MAX. NUMBER OF ITERATIONS:       60
 INTERPOLATION TYPE:            DIIS
 INTERPOLATION STEPS:              2 (START)      1 (STEP)
 LEVEL SHIFTS:                 -0.60 (CLOSED) -0.30 (OPEN) 



 Orbital guess generated from atomic densities. Full valence occupancy:   25

 Molecular orbital dump at record        2100.2

 Initial alpha occupancy:  25
 Initial beta  occupancy:  24
 Wave function symmetry:    1

 ITERATION    DDIFF          GRAD             ENERGY        2-EL.EN.            DIPOLE MOMENTS         DIIS   ORB.
    1      0.000D+00      0.000D+00      -306.40461052    740.371242    1.31484    0.00575    1.28036    0    start
    2      0.000D+00      0.238D-02      -306.47229572    740.665631    1.18637    0.05150    1.07583    1    diag,B
    3      0.583D-03      0.815D-03      -306.48689968    740.492616    1.12304    0.04196    1.04044    2    diag,B
    4      0.298D-03      0.377D-03      -306.49230043    740.544001    1.08528    0.04507    1.03756    3    diag,B
    5      0.254D-03      0.123D-03      -306.49327816    740.548572    1.09341    0.04051    1.05423    4    diag,B
    6      0.107D-03      0.673D-04      -306.49370883    740.553421    1.09603    0.03912    1.06725    5    diag,B
    7      0.618D-04      0.468D-04      -306.49409327    740.568042    1.10349    0.03446    1.08239    6    fixocc
    8      0.593D-04      0.351D-04      -306.49440297    740.588694    1.11095    0.02838    1.10036    7    diag,B
    9      0.614D-04      0.225D-04      -306.49453651    740.614351    1.11756    0.02265    1.11741    8    diag,B
   10      0.516D-04      0.123D-04      -306.49456475    740.624210    1.12078    0.01991    1.12621    9    orth
   11      0.238D-04      0.686D-05      -306.49457216    740.629231    1.12228    0.01906    1.13006    9    diag,B
   12      0.893D-05      0.437D-05      -306.49457535    740.631576    1.12309    0.01857    1.13221    9    diag,B
   13      0.662D-05      0.257D-05      -306.49457659    740.633561    1.12373    0.01839    1.13355    9    diag,B
   14      0.379D-05      0.166D-05      -306.49457707    740.634855    1.12415    0.01815    1.13468    9    diag,B
   15      0.347D-05      0.717D-06      -306.49457714    740.635217    1.12429    0.01811    1.13496    9    diag,B
   16      0.129D-05      0.348D-06      -306.49457715    740.635338    1.12433    0.01809    1.13506    0    orth

 Final alpha occupancy:  25
 Final beta  occupancy:  24

 !RHF STATE 1.1 Energy               -306.494577152255
 Nuclear energy                       263.04177098
 One-electron energy                 -939.85401693
 Two-electron energy                  370.31766880
 Virial quotient                       -0.99748571
 !RHF STATE 1.1 Dipole moment           1.12433388     0.01809219     1.13505758
 Dipole moment /Debye                   2.85758451     0.04598275     2.88483965

 Orbital energies:

         1.1          2.1          3.1          4.1          5.1          6.1          7.1          8.1          9.1         10.1
    -20.618004   -20.615324   -11.314162   -11.275763   -11.233987   -11.227164    -1.460230    -1.177000    -1.067938    -0.955090

        11.1         12.1         13.1         14.1         15.1         16.1         17.1         18.1         19.1         20.1
     -0.953615    -0.772738    -0.679738    -0.655633    -0.647582    -0.607584    -0.595329    -0.554599    -0.544332    -0.541660

        21.1         22.1         23.1         24.1         25.1         26.1         27.1
     -0.508904    -0.494963    -0.485149    -0.414566    -0.416630     0.129103     0.168276

 HOMO     25.1    -0.416630 =     -11.3371eV
 LUMO     26.1     0.129103 =       3.5131eV
 LUMO-HOMO         0.545733 =      14.8501eV


 **********************************************************************************************************************************
 DATASETS  * FILE   NREC   LENGTH (MB)   RECORD NAMES
              1      22       36.17       500      610      700      900      950      970     1000      129      960     1700   
                                          VAR    BASINP    GEOM    SYMINP    ZMAT    AOBASIS   BASIS     P2S    ABASIS    OPER   
                                         1101     1401     1411     1412     1650     1100     1400     1410     1200     1210   
                                          SR      EKINR    POTR     PVPR    MOLCAS      S      EKIN      POT      H0       H01  
                                         1080     1600   
                                         AOSYM     SMH  

              2       4       10.01       700     1000      520     2100   
                                         GEOM     BASIS   MCVARS     RHF  

 PROGRAMS   *        TOTAL       RHF       INT
 CPU TIMES  *       450.79    153.71    296.90
 REAL TIME  *       690.75 SEC
 DISK USED  *        55.21 GB      
 SF USED    *         0.99 MB      
 GA USED    *         0.01 MB       (max)       0.00 MB       (current)
 **********************************************************************************************************************************


 PROGRAM * CCSD (Unrestricted open-shell coupled cluster)     Authors: C. Hampel, H.-J. Werner, 1991, M. Deegan, P.J. Knowles, 1992


 Convergence thresholds:  THRVAR = 1.00D-08  THRDEN = 1.00D-06

 CCSD(T)     terms to be evaluated (factor= 1.000)


 Number of closed-shell orbitals:  24 (  24 )
 Number of active  orbitals:        1 (   1 )
 Number of external orbitals:     473 ( 473 )

 Memory could be reduced to 4037.41 Mwords without degradation in triples

 Number of N-1 electron functions:              49
 Number of N-2 electron functions:            1176
 Number of singly external CSFs:             23226
 Number of doubly external CSFs:         199375776
 Total number of CSFs:                   199399002

 Molecular orbitals read from record     2100.2  Type=RHF/CANONICAL (state 1.1)

 Integral transformation finished. Total CPU: 591.46 sec, npass=  1  Memory used:1743.28 MW

 Starting RMP2 calculation

 ITER.      SQ.NORM     CORR.ENERGY   TOTAL ENERGY   ENERGY CHANGE        DEN1      VAR(S)    VAR(P)  DIIS     TIME
   1      1.35296329    -1.52454854  -308.01912570    -1.52454854    -0.00415072  0.32D-04  0.16D-02  1  1   644.33
   2      1.35673207    -1.52901077  -308.02358792    -0.00446223    -0.00000742  0.57D-06  0.33D-05  2  2   734.71
   3      1.35684850    -1.52908601  -308.02366316    -0.00007524    -0.00000006  0.24D-07  0.19D-07  3  3   791.47
   4      1.35685034    -1.52908559  -308.02366274     0.00000042    -0.00000000  0.89D-09  0.62D-10  4  4   898.86

 Norm of t1 vector:      0.06488479      S-energy:    -0.00567739      T1 diagnostic:  0.00038387
 Norm of t2 vector:      0.59383525      P-energy:    -1.52340820
                                         Alpha-Beta:  -1.19766541
                                         Alpha-Alpha: -0.16892452
                                         Beta-Beta:   -0.15681826

 Spin contamination <S**2-Sz**2-Sz>     0.00147477
  Reference energy                   -306.494577152257
  RHF-RMP2 correlation energy          -1.529085586813
 !RHF-RMP2 energy                    -308.023662739070

 Starting UCCSD calculation

 ITER.      SQ.NORM     CORR.ENERGY   TOTAL ENERGY   ENERGY CHANGE        DEN1      VAR(S)    VAR(P)  DIIS     TIME
   1      1.35615034    -1.52733795  -308.02191510    -1.52733795    -0.03786133  0.64D-02  0.67D-02  0  0  2338.61
   2      1.38566781    -1.56119951  -308.05577666    -0.03386156    -0.00364742  0.43D-03  0.11D-02  1  1  3725.29
   3      1.39704517    -1.56642386  -308.06100101    -0.00522435    -0.00069076  0.39D-03  0.12D-03  2  2  5112.78
   4      1.40556350    -1.57080020  -308.06537736    -0.00437635    -0.00015958  0.11D-03  0.27D-04  3  3  6895.46
   5      1.41066876    -1.57150680  -308.06608395    -0.00070659    -0.00007445  0.85D-04  0.59D-05  4  4  8359.22
   6      1.41391036    -1.57169736  -308.06627451    -0.00019057    -0.00004169  0.42D-04  0.50D-05  5  5  9755.54
   7      1.41973639    -1.57206493  -308.06664208    -0.00036757    -0.00001875  0.22D-04  0.17D-05  6  6 11309.51
   8      1.42179072    -1.57210869  -308.06668584    -0.00004376    -0.00001257  0.14D-04  0.15D-05  6  2 12811.42
   9      1.42524435    -1.57227973  -308.06685688    -0.00017105    -0.00000780  0.95D-05  0.66D-06  6  1 14247.83
  10      1.42847103    -1.57237123  -308.06694839    -0.00009150    -0.00000445  0.45D-05  0.56D-06  6  5 15740.35
  11      1.43212260    -1.57240439  -308.06698154    -0.00003316    -0.00000200  0.20D-05  0.23D-06  6  3 17346.17
  12      1.43493491    -1.57246232  -308.06703948    -0.00005793    -0.00000077  0.57D-06  0.13D-06  6  4 18798.23
  13      1.43588329    -1.57246140  -308.06703855     0.00000093    -0.00000020  0.17D-06  0.27D-07  6  1 20227.92
  14      1.43676205    -1.57247945  -308.06705660    -0.00001806    -0.00000007  0.43D-07  0.13D-07  6  6 21634.80
  15      1.43663048    -1.57247338  -308.06705053     0.00000607    -0.00000002  0.20D-07  0.35D-08  6  3 23191.40
  16      1.43680315    -1.57247630  -308.06705345    -0.00000291    -0.00000001  0.40D-08  0.12D-08  6  2 24637.19
  17      1.43688425    -1.57247844  -308.06705559    -0.00000214    -0.00000000  0.16D-08  0.40D-09  6  5 26139.25
  18      1.43693808    -1.57247999  -308.06705715    -0.00000156    -0.00000000  0.67D-09  0.14D-09  6  4 27618.67
  19      1.43692932    -1.57247993  -308.06705708     0.00000006    -0.00000000  0.33D-09  0.63D-10  6  3 29157.18

 Norm of t1 vector:      0.21690304      S-energy:    -0.00663791      T1 diagnostic:  0.02037363
                                                                       D1 diagnostic:  0.12385359
 Norm of t2 vector:      0.62440563      P-energy:    -1.56584202
                                         Alpha-Beta:  -1.26935864
                                         Alpha-Alpha: -0.15433167
                                         Beta-Beta:   -0.14215171

 Singles amplitudes (print threshold =  0.500E-01):

         I         SYM. A    A   T(IA) [Beta-Beta]

        21         1         1      0.06855688
        24         1         1     -0.14009600

 Spin contamination <S**2-Sz**2-Sz>     0.00299091

 Memory could be reduced to 4324.64 Mwords without degradation in triples


  Correlated core orbitals:             1.1       2.1       3.1       4.1       5.1       6.1
  Orbital energies:                   -20.6233  -20.6155  -11.3143  -11.2830  -11.2342  -11.2272

  UCCSD core-core energy               -0.221566557418
  UCCSD core-valence energy            -0.090342085898
  UCCSD valence correlation energy     -1.260571286611


 RESULTS
 =======

  Reference energy                   -306.494577152257
  UCCSD singles energy                 -0.006637908238
  UCCSD pair energy                    -1.565842021688
  UCCSD correlation energy             -1.572479929926
  Triples (T) contribution             -0.059178064167
  Total correlation energy             -1.631657994094

  RHF-UCCSD energy                   -308.067057082183
  RHF-UCCSD[T] energy                -308.129068531560
  RHF-UCCSD-T energy                 -308.125358703978
 !RHF-UCCSD(T) energy                -308.126235146351

 Program statistics:

 Available memory in ccsd:             63999994650
 Min. memory needed in ccsd:             544628605
 Max. memory used in ccsd:               802658731
 Max. memory used in cckext:             595130623 (19 integral passes)
 Max. memory used in cckint:            1743282806 ( 1 integral passes)



 **********************************************************************************************************************************
 DATASETS  * FILE   NREC   LENGTH (MB)   RECORD NAMES
              1      22       36.17       500      610      700      900      950      970     1000      129      960     1700   
                                          VAR    BASINP    GEOM    SYMINP    ZMAT    AOBASIS   BASIS     P2S    ABASIS    OPER   
                                         1101     1401     1411     1412     1650     1100     1400     1410     1200     1210   
                                          SR      EKINR    POTR     PVPR    MOLCAS      S      EKIN      POT      H0       H01  
                                         1080     1600   
                                         AOSYM     SMH  

              2       4       10.01       700     1000      520     2100   
                                         GEOM     BASIS   MCVARS     RHF  

 PROGRAMS   *        TOTAL  UCCSD(T)       RHF       INT
 CPU TIMES  *     66416.21  65965.36    153.71    296.90
 REAL TIME  *    106448.40 SEC
 DISK USED  *       257.86 GB      
 SF USED    *        84.45 GB      
 GA USED    *         0.01 MB       (max)       0.00 MB       (current)
 **********************************************************************************************************************************

 UCCSD(T)/USERDEF energy=   -308.126235146351

        UCCSD(T)        RHF-SCF 
   -308.12623515   -306.49457715
 **********************************************************************************************************************************
 Molpro calculation terminated
 Variable memory released

 Fortran compiler diagnostic
 ***************************

 integer size                  8
 double precision size         8
 logical size                  8

 diagnostic completed successfully
