
 Primary working directories    : /scratch/saurabh/PBS_8057580.helios
 Secondary working directories  : /scratch/saurabh/PBS_8057580.helios
 Wavefunction directory         : /scratch/saurabh/PBS_8057580.helios/
 Main file repository           : /scratch/saurabh/PBS_8057580.helios/

 SHA1      : f6387f0c468d0184d0b38d85973bdb066f718752
 NAME      : 2015.1.44
 ARCHNAME  : linux/x86_64
 FC        : /opt/may/bin/gfortran
 BLASLIB   : -Wl,-_start-group /opt/intel/mkl/lib/intel64/libmkl_gf_ilp64.a /opt/intel/mkl/lib/intel64/libmkl_gnu_thread.a /opt/intel/mkl/lib/intel64/libmkl_core.a -Wl,-_end-group
 id        : ramakrishnan

 Nodes             nprocs
 hel07.tifrh.res.in    8

 Using DEFAULT tuning parameter for ncache   :   16384
 Using DEFAULT tuning parameter for mflopdgm :   10000
 Using DEFAULT tuning parameter for mflopdgv :    4000
 Using DEFAULT tuning parameter for mflopmxm :    5000
 Using DEFAULT tuning parameter for mflopmxv :    4000
 Using DEFAULT tuning parameter for mindgm   :       1
 Using DEFAULT tuning parameter for mindgc   :       4
 Using DEFAULT tuning parameter for mindgf   :    5000
 Using DEFAULT tuning parameter for mindgl   :       4
 Using DEFAULT tuning parameter for mindgr   :       1
 Using DEFAULT tuning parameter for mindgv   :      20
 Using DEFAULT tuning parameter for mincuda  :     500
 Using DEFAULT tuning parameter for mxmblk   :      64
 Using DEFAULT tuning parameter for mxmbln   :      64
 Using DEFAULT tuning parameter for nroll    :       2
 Using custom tuning parameter for ngpus     :       0
 Using customized tuning parameters: mindgm=1; mindgv=20; mindgc=4; mindgr=1; noblas=0; minvec=7
 default implementation of scratch files=sf  

 ***,TS_03
 memory,64,g
 geometry={
 C  0.659424   0.111180   0.154318
 C  0.629958   -0.166234  1.513604
 H  -2.220744  0.547831   -0.683078
 H  1.001960   -1.106607  1.894172
 H  0.111527   0.483571   2.204284
 C  0.372785   1.513754   -0.313028
 H  1.269106   2.130950   -0.215509
 H  0.080859   1.524197   -1.363802
 H  -0.413588  1.976165   0.282474
 C  1.553931   -0.709594  -0.737671
 H  1.620258   -1.738368  -0.387526
 H  1.179707   -0.715055  -1.760570
 H  2.561384   -0.286405  -0.747566
 O  -0.945723  -0.789945  -0.372351
 O  -2.115159  -0.123919  0.006574
  }
 basis={
                                                                            ! oxygen               (10s,5p,4d,2f) -&gt; [10s,5p,4d,2f]
 s, O , 0.1533000000E+05, 0.2299000000E+04, 0.5224000000E+03, 0.1473000000E+03, 0.4755000000E+02, 0.1676000000E+02, 0.6207000000E+01, 0.1752000000E+01, 0.6882000000E+00, 0.2384000000E+00
 c, 1.1, 0.1000000000E+01
 c, 2.2, 0.1000000000E+01
 c, 3.3, 0.1000000000E+01
 c, 4.4, 0.1000000000E+01
 c, 5.5, 0.1000000000E+01
 c, 6.6, 0.1000000000E+01
 c, 7.7, 0.1000000000E+01
 c, 8.8, 0.1000000000E+01
 c, 9.9, 0.1000000000E+01
 c, 10.10, 0.1000000000E+01
 p, O , 0.3446000000E+02, 0.7749000000E+01, 0.2280000000E+01, 0.7156000000E+00, 0.2140000000E+00
 c, 1.1, 0.1000000000E+01
 c, 2.2, 0.1000000000E+01
 c, 3.3, 0.1000000000E+01
 c, 4.4, 0.1000000000E+01
 c, 5.5, 0.1000000000E+01
 d, O , 0.2100000000E+02, 0.7000000000E+01, 0.2314000000E+01, 0.6450000000E+00
 c, 1.1, 0.1000000000E+01
 c, 2.2, 0.1000000000E+01
 c, 3.3, 0.1000000000E+01
 c, 4.4, 0.1000000000E+01
 f, O , 0.4300000000E+01, 0.1428000000E+01
 c, 1.1, 0.1000000000E+01
 c, 2.2, 0.1000000000E+01
                                                                                 ! hydrogen             (5s,2p,1d) -&gt; [5s,2p,1d]
 s, H , 0.3387000000E+02, 0.5095000000E+01, 0.1159000000E+01, 0.3258000000E+00, 0.1027000000E+00
 c, 1.1, 0.1000000000E+01
 c, 2.2, 0.1000000000E+01
 c, 3.3, 0.1000000000E+01
 c, 4.4, 0.1000000000E+01
 c, 5.5, 0.1000000000E+01
 p, H , 0.1407000000E+01, 0.3880000000E+00
 c, 1.1, 0.1000000000E+01
 c, 2.2, 0.1000000000E+01
 d, H , 0.1057000000E+01
 c, 1.1, 0.1000000000E+01
                                                                            ! carbon               (10s,5p,4d,2f) -&gt; [10s,5p,4d,2f]
 s, C , 0.8236000000E+04, 0.1235000000E+04, 0.2808000000E+03, 0.7927000000E+02, 0.2559000000E+02, 0.8997000000E+01, 0.3319000000E+01, 0.9059000000E+00, 0.3643000000E+00, 0.1285000000E+00
 c, 1.1, 0.1000000000E+01
 c, 2.2, 0.1000000000E+01
 c, 3.3, 0.1000000000E+01
 c, 4.4, 0.1000000000E+01
 c, 5.5, 0.1000000000E+01
 c, 6.6, 0.1000000000E+01
 c, 7.7, 0.1000000000E+01
 c, 8.8, 0.1000000000E+01
 c, 9.9, 0.1000000000E+01
 c, 10.10, 0.1000000000E+01
 p, C , 0.1871000000E+02, 0.4133000000E+01, 0.1200000000E+01, 0.3827000000E+00, 0.1209000000E+00
 c, 1.1, 0.1000000000E+01
 c, 2.2, 0.1000000000E+01
 c, 3.3, 0.1000000000E+01
 c, 4.4, 0.1000000000E+01
 c, 5.5, 0.1000000000E+01
 d, C , 0.1000000000E+02, 0.3300000000E+01, 0.1097000000E+01, 0.3180000000E+00
 c, 1.1, 0.1000000000E+01
 c, 2.2, 0.1000000000E+01
 c, 3.3, 0.1000000000E+01
 c, 4.4, 0.1000000000E+01
 f, C , 0.2300000000E+01, 0.7610000000E+00
 c, 1.1, 0.1000000000E+01
 c, 2.2, 0.1000000000E+01
 }
 {rhf
 wf,49,1,1
 }
 uccsd(t);
 

 Fortran compiler diagnostic
 ***************************

 integer size                  8
 double precision size         8
 logical size                  8

 diagnostic completed successfully

 Variables initialized (889), CPU time= 0.02 sec
 Commands  initialized (702), CPU time= 0.01 sec, 572 directives.
 Default parameters read. Elapsed time= 0.10 sec

 Using DEFAULT tuning parameter for mpplat   :       3
 Using DEFAULT tuning parameter for mppspeed :    1600
 Checking input...
 Passed
1


                                         ***  PROGRAM SYSTEM MOLPRO  ***
                                       Copyright, TTI GmbH Stuttgart, 2015
                                    Version 2015.1 linked Jun  9 2019 06:55:40


 **********************************************************************************************************************************
 LABEL *   TS_03                                                                         
  64 bit mpp version                                                                     DATE: 26-Sep-21          TIME: 08:48:45  
 **********************************************************************************************************************************

 SHA1:             f6387f0c468d0184d0b38d85973bdb066f718752
 **********************************************************************************************************************************

Geometry recognized as XYZ


 Variable memory set to ********** words,  buffer space   230000 words

 SETTING BASIS          =    USERDEF


 Recomputing integrals since basis changed


 Using spherical harmonics



 PROGRAM * SEWARD (Integral evaluation for generally contracted gaussian basis sets)     Author: Roland Lindh, 1990

 Geometry written to block  1 of record 700


 Point group  C1  



 ATOMIC COORDINATES

 NR  ATOM    CHARGE       X              Y              Z

   1  C       6.00    1.246130760    0.210099751    0.291618756
   2  C       6.00    1.190448090   -0.314136733    2.860297021
   3  H       1.00   -4.196597953    1.035250553   -1.290830342
   4  H       1.00    1.893429988   -2.091184158    3.579466313
   5  H       1.00    0.210755485    0.913816752    4.165493061
   6  C       6.00    0.704461553    2.860580480   -0.591537189
   7  H       1.00    2.398262763    4.026911885   -0.407252987
   8  H       1.00    0.152801365    2.880314890   -2.577212268
   9  H       1.00   -0.781568048    3.734410627    0.533798497
  10  C       6.00    2.936504006   -1.340938320   -1.393996160
  11  H       1.00    3.061843871   -3.285039424   -0.732318006
  12  H       1.00    2.229323137   -1.351258114   -3.326995123
  13  H       1.00    4.840314260   -0.541227011   -1.412695000
  14  O       8.00   -1.787157460   -1.492779703   -0.703641412
  15  O       8.00   -3.997071220   -0.234172972    0.012423060

 Bond lengths in Bohr (Angstrom)

  1- 2  2.622218999   1- 6  2.845771960   1-10  2.846819006   1-14  3.618173387   2- 4  2.041882849
       ( 1.387618536)       ( 1.505917669)       ( 1.506471742)       ( 1.914654902)       ( 1.080517871)

  2- 5  2.042352580   3-15  1.830223054   6- 7  2.064764430   6- 8  2.060976450   6- 9  2.058699471
       ( 1.080766442)       ( 0.968512331)       ( 1.092626282)       ( 1.090621770)       ( 1.089416844)

 10-11  2.057439468  10-12  2.058323656  10-13  2.065037846  14-15  2.642074575
       ( 1.088750079)       ( 1.089217971)       ( 1.092770968)       ( 1.398125655)

 Bond angles

  1-2-4  120.77696825   1-2-5  121.06440453   1-6-7  110.01503313   1-6-8  111.03067327

  1- 6- 9  111.28971130   1-10-11  111.13516418   1-10-12  110.77999511   1-10-13  109.98570874

  1-14-15  113.73251026   2- 1- 6  119.08867005   2- 1-10  118.92736947   2- 1-14   99.06540218

  3-15-14  103.21482614   4- 2- 5  117.60190686   6- 1-10  115.89413360   6- 1-14  101.15182712

  7- 6- 8  107.46727335   7- 6- 9  107.67339258   8- 6- 9  109.23095499  10- 1-14   94.50213135

 11-10-12  108.55497064  11-10-13  108.22064991  12-10-13  108.07037732

 NUCLEAR CHARGE:                   49
 NUMBER OF PRIMITIVE AOS:         567
 NUMBER OF SYMMETRY AOS:          498
 NUMBER OF CONTRACTIONS:          498   ( 498A   )
 NUMBER OF CORE ORBITALS:           6   (   6A   )
 NUMBER OF VALENCE ORBITALS:       33   (  33A   )


 NUCLEAR REPULSION ENERGY  251.17451502


 Eigenvalues of metric

         1 0.317E-03 0.369E-03 0.491E-03 0.890E-03 0.930E-03 0.990E-03 0.109E-02 0.124E-02


 Contracted 2-electron integrals neglected if value below      1.0D-11
 AO integral compression algorithm  1   Integral accuracy      1.0D-11

     11939.611 MB (compressed) written to integral file ( 18.1%)

     Node minimum: 1397.228 MB, node maximum: 1591.738 MB


 NUMBER OF SORTED TWO-ELECTRON INTEGRALS:  964909968.     BUFFER LENGTH:  32768
 NUMBER OF SEGMENTS:  31  SEGMENT LENGTH:   31996696      RECORD LENGTH: 524288

 Memory used in sort:      32.55 MW

 SORT1 READ  8237331936. AND WROTE   392762638. INTEGRALS IN   1140 RECORDS. CPU TIME:   240.74 SEC, REAL TIME:   264.02 SEC
 SORT2 READ  3128427185. AND WROTE  7719217626. INTEGRALS IN  46072 RECORDS. CPU TIME:    46.99 SEC, REAL TIME:   161.26 SEC

 Node minimum:   964847844.  Node maximum:   964956564. integrals

 OPERATOR DM      FOR CENTER  0  COORDINATES:    0.000000    0.000000    0.000000


 **********************************************************************************************************************************
 DATASETS  * FILE   NREC   LENGTH (MB)   RECORD NAMES
              1      18       29.21       500      610      700      900      950      970     1000      129      960     1100   
                                          VAR    BASINP    GEOM    SYMINP    ZMAT    AOBASIS   BASIS     P2S    ABASIS      S 
                                         1400     1410     1200     1210     1080     1600     1650     1700   
                                           T        V       H0       H01     AOSYM     SMH    MOLCAS    OPER   

 PROGRAMS   *        TOTAL       INT
 CPU TIMES  *       339.01    338.84
 REAL TIME  *       516.42 SEC
 DISK USED  *        48.98 GB      
 GA USED    *         0.01 MB       (max)       0.00 MB       (current)
 **********************************************************************************************************************************


 PROGRAM * RHF-SCF (OPEN SHELL)       Authors: W. Meyer, H.-J. Werner


 NUMBER OF ELECTRONS:      25+   24-    SPACE SYMMETRY=1    SPIN SYMMETRY: Doublet 
 CONVERGENCE THRESHOLDS:    1.00E-05 (Density)    1.00E-07 (Energy)
 MAX. NUMBER OF ITERATIONS:       60
 INTERPOLATION TYPE:            DIIS
 INTERPOLATION STEPS:              2 (START)      1 (STEP)
 LEVEL SHIFTS:                 -0.60 (CLOSED) -0.30 (OPEN) 



 Orbital guess generated from atomic densities. Full valence occupancy:   25

 Molecular orbital dump at record        2100.2

 Initial alpha occupancy:  25
 Initial beta  occupancy:  24
 Wave function symmetry:    1

 ITERATION    DDIFF          GRAD             ENERGY        2-EL.EN.            DIPOLE MOMENTS         DIIS   ORB.
    1      0.000D+00      0.000D+00      -306.24792621    719.104938    0.63663    1.28551   -0.46129    0    start
    2      0.000D+00      0.233D-02      -306.31511604    717.725027    0.79354    0.98360   -0.23694    1    diag,B
    3      0.581D-03      0.813D-03      -306.32973997    717.614881    0.81728    0.90954   -0.18265    2    diag,B
    4      0.307D-03      0.368D-03      -306.33477026    717.678712    0.87522    0.88265   -0.13990    3    diag,B
    5      0.249D-03      0.123D-03      -306.33558934    717.679555    0.90546    0.88763   -0.11916    4    diag,B
    6      0.115D-03      0.609D-04      -306.33594945    717.699709    0.93258    0.89561   -0.10585    5    diag,B
    7      0.659D-04      0.470D-04      -306.33628390    717.719025    0.95850    0.90499   -0.09187    6    fixocc
    8      0.430D-04      0.474D-04      -306.33613712    717.712502    0.94744    0.90118   -0.09687    7    diag,B
    9      0.157D-04      0.467D-04      -306.33548731    717.670802    0.88906    0.88019   -0.12245    8    diag,B
   10      0.776D-04      0.384D-04      -306.33461127    717.588194    0.75174    0.83131   -0.17622    9    orth
   11      0.174D-03      0.261D-04      -306.33461367    717.588231    0.74907    0.83163   -0.17946    9    diag,B
   12      0.827D-05      0.205D-04      -306.33450621    717.551529    0.68620    0.80926   -0.20539    9    diag,B
   13      0.768D-04      0.191D-04      -306.33452075    717.539837    0.67025    0.80577   -0.21890    9    diag,B
   14      0.238D-04      0.624D-05      -306.33452501    717.544400    0.67726    0.80941   -0.21921    9    diag,B
   15      0.133D-04      0.569D-05      -306.33452563    717.541464    0.67299    0.80750   -0.21984    9    diag,B
   16      0.541D-05      0.225D-05      -306.33452656    717.540316    0.67069    0.80685   -0.22111    9    diag,B
   17      0.344D-05      0.161D-05      -306.33452726    717.540857    0.67097    0.80703   -0.22123    9    diag,B
   18      0.323D-05      0.124D-05      -306.33452760    717.540429    0.66969    0.80629   -0.22109    9    diag,B
   19      0.272D-05      0.563D-06      -306.33452767    717.540837    0.66991    0.80625   -0.22080    9    diag,B
   20      0.150D-05      0.210D-06      -306.33452767    717.540807    0.66992    0.80624   -0.22075    0    orth

 Final alpha occupancy:  25
 Final beta  occupancy:  24

 !RHF STATE 1.1 Energy               -306.334527668498
 Nuclear energy                       251.17451502
 One-electron energy                 -916.27944597
 Two-electron energy                  358.77040328
 Virial quotient                       -1.00103484
 !RHF STATE 1.1 Dipole moment           0.66991847     0.80623676    -0.22075479
 Dipole moment /Debye                   1.70265140     2.04911521    -0.56106595

 Orbital energies:

         1.1          2.1          3.1          4.1          5.1          6.1          7.1          8.1          9.1         10.1
    -20.608361   -20.607368   -11.282812   -11.236754   -11.230313   -11.223605    -1.451757    -1.151843    -1.082503    -0.954454

        11.1         12.1         13.1         14.1         15.1         16.1         17.1         18.1         19.1         20.1
     -0.936348    -0.742086    -0.699491    -0.635595    -0.624523    -0.620902    -0.592407    -0.556019    -0.543901    -0.535619

        21.1         22.1         23.1         24.1         25.1         26.1         27.1
     -0.523303    -0.496774    -0.457080    -0.390577    -0.369837     0.132588     0.142811

 HOMO     25.1    -0.369837 =     -10.0638eV
 LUMO     26.1     0.132588 =       3.6079eV
 LUMO-HOMO         0.502425 =      13.6717eV


 **********************************************************************************************************************************
 DATASETS  * FILE   NREC   LENGTH (MB)   RECORD NAMES
              1      18       29.21       500      610      700      900      950      970     1000      129      960     1100   
                                          VAR    BASINP    GEOM    SYMINP    ZMAT    AOBASIS   BASIS     P2S    ABASIS      S 
                                         1400     1410     1200     1210     1080     1600     1650     1700   
                                           T        V       H0       H01     AOSYM     SMH    MOLCAS    OPER   

              2       4       10.01       700     1000      520     2100   
                                         GEOM     BASIS   MCVARS     RHF  

 PROGRAMS   *        TOTAL       RHF       INT
 CPU TIMES  *       551.00    211.95    338.84
 REAL TIME  *       745.81 SEC
 DISK USED  *        49.58 GB      
 SF USED    *         0.99 MB      
 GA USED    *         0.01 MB       (max)       0.00 MB       (current)
 **********************************************************************************************************************************


 PROGRAM * CCSD (Unrestricted open-shell coupled cluster)     Authors: C. Hampel, H.-J. Werner, 1991, M. Deegan, P.J. Knowles, 1992


 Convergence thresholds:  THRVAR = 1.00D-08  THRDEN = 1.00D-06

 CCSD(T)     terms to be evaluated (factor= 1.000)


 Number of core orbitals:           6 (   6 )
 Number of closed-shell orbitals:  18 (  18 )
 Number of active  orbitals:        1 (   1 )
 Number of external orbitals:     473 ( 473 )

 Memory could be reduced to 3084.96 Mwords without degradation in triples

 Number of N-1 electron functions:              37
 Number of N-2 electron functions:             666
 Number of singly external CSFs:             17538
 Number of doubly external CSFs:         113159916
 Total number of CSFs:                   113177454

 Molecular orbitals read from record     2100.2  Type=RHF/CANONICAL (state 1.1)

 Integral transformation finished. Total CPU: 481.29 sec, npass=  1  Memory used:1319.46 MW

 Starting RMP2 calculation

 ITER.      SQ.NORM     CORR.ENERGY   TOTAL ENERGY   ENERGY CHANGE        DEN1      VAR(S)    VAR(P)  DIIS     TIME
   1      1.36307750    -1.23055448  -307.56508215    -1.23055448    -0.00456584  0.21D-03  0.18D-02  1  1   513.30
   2      1.36814394    -1.23550617  -307.57003384    -0.00495169    -0.00002386  0.10D-04  0.11D-04  2  2   648.62
   3      1.36851777    -1.23565929  -307.57018696    -0.00015312    -0.00000043  0.38D-06  0.12D-06  3  3   719.76
   4      1.36854874    -1.23566453  -307.57019220    -0.00000524    -0.00000001  0.75D-08  0.75D-09  4  4   793.77
   5      1.36855076    -1.23566502  -307.57019269    -0.00000049    -0.00000000  0.14D-09  0.25D-10  5  5   823.44

 Norm of t1 vector:      0.10412315      S-energy:    -0.00961962      T1 diagnostic:  0.00158982
 Norm of t2 vector:      0.59808789      P-energy:    -1.22604541
                                         Alpha-Beta:  -0.93497229
                                         Alpha-Alpha: -0.14862009
                                         Beta-Beta:   -0.14245303

 Spin contamination <S**2-Sz**2-Sz>     0.00604985
  Reference energy                   -306.334527668498
  RHF-RMP2 correlation energy          -1.235665020444
 !RHF-RMP2 energy                    -307.570192688942

 Starting UCCSD calculation

 ITER.      SQ.NORM     CORR.ENERGY   TOTAL ENERGY   ENERGY CHANGE        DEN1      VAR(S)    VAR(P)  DIIS     TIME
   1      1.36186285    -1.21930633  -307.55383400    -1.21930633    -0.03844256  0.69D-02  0.77D-02  1  1  1464.64
   2      1.39643509    -1.25362450  -307.58815217    -0.03431817    -0.00439060  0.71D-03  0.14D-02  2  2  2084.64
   3      1.41411598    -1.26161969  -307.59614736    -0.00799519    -0.00062527  0.39D-03  0.12D-03  3  3  2717.93
   4      1.42293244    -1.26415279  -307.59868046    -0.00253310    -0.00017450  0.10D-03  0.39D-04  4  4  3418.13
   5      1.42943897    -1.26504899  -307.59957666    -0.00089620    -0.00005204  0.50D-04  0.59D-05  5  5  4121.97
   6      1.43348711    -1.26546494  -307.59999261    -0.00041595    -0.00001347  0.96D-05  0.28D-05  6  6  4734.54
   7      1.43527712    -1.26553930  -307.60006697    -0.00007436    -0.00000373  0.24D-05  0.10D-05  6  1  5350.89
   8      1.43616114    -1.26562315  -307.60015082    -0.00008386    -0.00000107  0.81D-06  0.27D-06  6  2  6006.61
   9      1.43637352    -1.26562390  -307.60015157    -0.00000075    -0.00000037  0.33D-06  0.71D-07  6  3  6622.12
  10      1.43646844    -1.26563782  -307.60016549    -0.00001392    -0.00000017  0.18D-06  0.21D-07  6  5  7255.29
  11      1.43655022    -1.26563981  -307.60016748    -0.00000198    -0.00000007  0.73D-07  0.11D-07  6  4  7926.01
  12      1.43659537    -1.26564313  -307.60017080    -0.00000332    -0.00000003  0.25D-07  0.54D-08  6  1  8542.16
  13      1.43664494    -1.26564492  -307.60017259    -0.00000179    -0.00000001  0.64D-08  0.13D-08  6  6  9167.98
  14      1.43664393    -1.26564379  -307.60017146     0.00000113    -0.00000000  0.26D-08  0.47D-09  6  3  9849.80
  15      1.43663966    -1.26564315  -307.60017082     0.00000064    -0.00000000  0.12D-08  0.18D-09  6  2 10500.28

 Norm of t1 vector:      0.20605242      S-energy:    -0.01157006      T1 diagnostic:  0.01771006
                                                                       D1 diagnostic:  0.05417086
 Norm of t2 vector:      0.62783920      P-energy:    -1.25407308
                                         Alpha-Beta:  -0.99469766
                                         Alpha-Alpha: -0.13331324
                                         Beta-Beta:   -0.12606218

 Singles amplitudes (print threshold =  0.500E-01):

         I         SYM. A    A   T(IA) [Alpha-Alpha]

        19         1         3     -0.05203503

         I         SYM. A    A   T(IA) [Beta-Beta]

        12         1         1     -0.06241838
        18         1         3      0.08499851

 Doubles amplitudes (print threshold =  0.500E-01):

         I         J         SYM. A    SYM. B    A         B      T(IJ, AB) [Alpha-Beta]

        19        18         1         1         3         1      0.06178449

 Spin contamination <S**2-Sz**2-Sz>     0.01904543

 Memory could be reduced to 3252.30 Mwords without degradation in triples


 RESULTS
 =======

  Reference energy                   -306.334527668498
  UCCSD singles energy                 -0.011570064045
  UCCSD pair energy                    -1.254073084960
  UCCSD correlation energy             -1.265643149005
  Triples (T) contribution             -0.057353672347
  Total correlation energy             -1.322996821352

  RHF-UCCSD energy                   -307.600170817503
  RHF-UCCSD[T] energy                -307.659570466451
  RHF-UCCSD-T energy                 -307.656775031980
 !RHF-UCCSD(T) energy                -307.657524489850

 Program statistics:

 Available memory in ccsd:             63999996822
 Min. memory needed in ccsd:             311723353
 Max. memory used in ccsd:               456654043
 Max. memory used in cckext:             338272747 (15 integral passes)
 Max. memory used in cckint:            1319456657 ( 1 integral passes)



 **********************************************************************************************************************************
 DATASETS  * FILE   NREC   LENGTH (MB)   RECORD NAMES
              1      18       29.21       500      610      700      900      950      970     1000      129      960     1100   
                                          VAR    BASINP    GEOM    SYMINP    ZMAT    AOBASIS   BASIS     P2S    ABASIS      S 
                                         1400     1410     1200     1210     1080     1600     1650     1700   
                                           T        V       H0       H01     AOSYM     SMH    MOLCAS    OPER   

              2       4       10.01       700     1000      520     2100   
                                         GEOM     BASIS   MCVARS     RHF  

 PROGRAMS   *        TOTAL  UCCSD(T)       RHF       INT
 CPU TIMES  *     25936.29  25385.14    211.95    338.84
 REAL TIME  *     45998.38 SEC
 DISK USED  *       164.23 GB      
 SF USED    *        60.53 GB      
 GA USED    *         0.01 MB       (max)       0.00 MB       (current)
 **********************************************************************************************************************************

 UCCSD(T)/USERDEF energy=   -307.657524489850

        UCCSD(T)        RHF-SCF 
   -307.65752449   -306.33452767
 **********************************************************************************************************************************
 Molpro calculation terminated
 Variable memory released

 Fortran compiler diagnostic
 ***************************

 integer size                  8
 double precision size         8
 logical size                  8

 diagnostic completed successfully
