
 Primary working directories    : /scratch/saurabh/PBS_8057581.helios
 Secondary working directories  : /scratch/saurabh/PBS_8057581.helios
 Wavefunction directory         : /scratch/saurabh/PBS_8057581.helios/
 Main file repository           : /scratch/saurabh/PBS_8057581.helios/

 SHA1      : f6387f0c468d0184d0b38d85973bdb066f718752
 NAME      : 2015.1.44
 ARCHNAME  : linux/x86_64
 FC        : /opt/may/bin/gfortran
 BLASLIB   : -Wl,-_start-group /opt/intel/mkl/lib/intel64/libmkl_gf_ilp64.a /opt/intel/mkl/lib/intel64/libmkl_gnu_thread.a /opt/intel/mkl/lib/intel64/libmkl_core.a -Wl,-_end-group
 id        : ramakrishnan

 Nodes             nprocs
 hel08.tifrh.res.in    8

 Using DEFAULT tuning parameter for ncache   :   16384
 Using DEFAULT tuning parameter for mflopdgm :   10000
 Using DEFAULT tuning parameter for mflopdgv :    4000
 Using DEFAULT tuning parameter for mflopmxm :    5000
 Using DEFAULT tuning parameter for mflopmxv :    4000
 Using DEFAULT tuning parameter for mindgm   :       1
 Using DEFAULT tuning parameter for mindgc   :       4
 Using DEFAULT tuning parameter for mindgf   :    5000
 Using DEFAULT tuning parameter for mindgl   :       4
 Using DEFAULT tuning parameter for mindgr   :       1
 Using DEFAULT tuning parameter for mindgv   :      20
 Using DEFAULT tuning parameter for mincuda  :     500
 Using DEFAULT tuning parameter for mxmblk   :      64
 Using DEFAULT tuning parameter for mxmbln   :      64
 Using DEFAULT tuning parameter for nroll    :       2
 Using custom tuning parameter for ngpus     :       0
 Using customized tuning parameters: mindgm=1; mindgv=20; mindgc=4; mindgr=1; noblas=0; minvec=7
 default implementation of scratch files=sf  

 ***,TS_04
 memory,64,g
 geometry={
 C  0.487789   0.043724   0.026149
 C  1.265037   -1.196235  -0.199899
 H  -2.492390  -0.559124  0.456318
 H  1.565088   -1.476775  -1.197744
 H  1.427753   -1.889516  0.610898
 C  0.479072   0.552137   1.459441
 H  1.414881   1.060642   1.694989
 H  -0.343744  1.252754   1.590493
 H  0.343867   -0.273327  2.158369
 C  0.681171   1.144900   -1.003846
 H  0.674859   0.729836   -2.011003
 H  -0.133241  1.863715   -0.925230
 H  1.625262   1.666943   -0.841161
 O  -0.612196  -0.797319  -0.274198
 O  -2.082897  0.092031   -0.129177
  }
 basis={
                                                                            ! oxygen               (10s,5p,4d,2f) -&gt; [10s,5p,4d,2f]
 s, O , 0.1533000000E+05, 0.2299000000E+04, 0.5224000000E+03, 0.1473000000E+03, 0.4755000000E+02, 0.1676000000E+02, 0.6207000000E+01, 0.1752000000E+01, 0.6882000000E+00, 0.2384000000E+00
 c, 1.1, 0.1000000000E+01
 c, 2.2, 0.1000000000E+01
 c, 3.3, 0.1000000000E+01
 c, 4.4, 0.1000000000E+01
 c, 5.5, 0.1000000000E+01
 c, 6.6, 0.1000000000E+01
 c, 7.7, 0.1000000000E+01
 c, 8.8, 0.1000000000E+01
 c, 9.9, 0.1000000000E+01
 c, 10.10, 0.1000000000E+01
 p, O , 0.3446000000E+02, 0.7749000000E+01, 0.2280000000E+01, 0.7156000000E+00, 0.2140000000E+00
 c, 1.1, 0.1000000000E+01
 c, 2.2, 0.1000000000E+01
 c, 3.3, 0.1000000000E+01
 c, 4.4, 0.1000000000E+01
 c, 5.5, 0.1000000000E+01
 d, O , 0.2100000000E+02, 0.7000000000E+01, 0.2314000000E+01, 0.6450000000E+00
 c, 1.1, 0.1000000000E+01
 c, 2.2, 0.1000000000E+01
 c, 3.3, 0.1000000000E+01
 c, 4.4, 0.1000000000E+01
 f, O , 0.4300000000E+01, 0.1428000000E+01
 c, 1.1, 0.1000000000E+01
 c, 2.2, 0.1000000000E+01
                                                                                 ! hydrogen             (5s,2p,1d) -&gt; [5s,2p,1d]
 s, H , 0.3387000000E+02, 0.5095000000E+01, 0.1159000000E+01, 0.3258000000E+00, 0.1027000000E+00
 c, 1.1, 0.1000000000E+01
 c, 2.2, 0.1000000000E+01
 c, 3.3, 0.1000000000E+01
 c, 4.4, 0.1000000000E+01
 c, 5.5, 0.1000000000E+01
 p, H , 0.1407000000E+01, 0.3880000000E+00
 c, 1.1, 0.1000000000E+01
 c, 2.2, 0.1000000000E+01
 d, H , 0.1057000000E+01
 c, 1.1, 0.1000000000E+01
                                                                            ! carbon               (10s,5p,4d,2f) -&gt; [10s,5p,4d,2f]
 s, C , 0.8236000000E+04, 0.1235000000E+04, 0.2808000000E+03, 0.7927000000E+02, 0.2559000000E+02, 0.8997000000E+01, 0.3319000000E+01, 0.9059000000E+00, 0.3643000000E+00, 0.1285000000E+00
 c, 1.1, 0.1000000000E+01
 c, 2.2, 0.1000000000E+01
 c, 3.3, 0.1000000000E+01
 c, 4.4, 0.1000000000E+01
 c, 5.5, 0.1000000000E+01
 c, 6.6, 0.1000000000E+01
 c, 7.7, 0.1000000000E+01
 c, 8.8, 0.1000000000E+01
 c, 9.9, 0.1000000000E+01
 c, 10.10, 0.1000000000E+01
 p, C , 0.1871000000E+02, 0.4133000000E+01, 0.1200000000E+01, 0.3827000000E+00, 0.1209000000E+00
 c, 1.1, 0.1000000000E+01
 c, 2.2, 0.1000000000E+01
 c, 3.3, 0.1000000000E+01
 c, 4.4, 0.1000000000E+01
 c, 5.5, 0.1000000000E+01
 d, C , 0.1000000000E+02, 0.3300000000E+01, 0.1097000000E+01, 0.3180000000E+00
 c, 1.1, 0.1000000000E+01
 c, 2.2, 0.1000000000E+01
 c, 3.3, 0.1000000000E+01
 c, 4.4, 0.1000000000E+01
 f, C , 0.2300000000E+01, 0.7610000000E+00
 c, 1.1, 0.1000000000E+01
 c, 2.2, 0.1000000000E+01
 }
 {rhf
 wf,49,1,1
 }
 uccsd(t);
 

 Fortran compiler diagnostic
 ***************************

 integer size                  8
 double precision size         8
 logical size                  8

 diagnostic completed successfully

 Variables initialized (889), CPU time= 0.02 sec
 Commands  initialized (702), CPU time= 0.02 sec, 572 directives.
 Default parameters read. Elapsed time= 0.12 sec

 Using DEFAULT tuning parameter for mpplat   :       3
 Using DEFAULT tuning parameter for mppspeed :    1600
 Checking input...
 Passed
1


                                         ***  PROGRAM SYSTEM MOLPRO  ***
                                       Copyright, TTI GmbH Stuttgart, 2015
                                    Version 2015.1 linked Jun  9 2019 06:55:40


 **********************************************************************************************************************************
 LABEL *   TS_04                                                                         
  64 bit mpp version                                                                     DATE: 28-Apr-22          TIME: 20:41:33  
 **********************************************************************************************************************************

 SHA1:             f6387f0c468d0184d0b38d85973bdb066f718752
 **********************************************************************************************************************************

Geometry recognized as XYZ


 Variable memory set to ********** words,  buffer space   230000 words

 SETTING BASIS          =    USERDEF


 Recomputing integrals since basis changed


 Using spherical harmonics



 PROGRAM * SEWARD (Integral evaluation for generally contracted gaussian basis sets)     Author: Roland Lindh, 1990

 Geometry written to block  1 of record 700


 Point group  C1  



 ATOMIC COORDINATES

 NR  ATOM    CHARGE       X              Y              Z

   1  C       6.00    0.921787617    0.082626385    0.049414448
   2  C       6.00    2.390573467   -2.260556531   -0.377754363
   3  H       1.00   -4.709934496   -1.056591230    0.862316046
   4  H       1.00    2.957587681   -2.790700298   -2.263408127
   5  H       1.00    2.698062144   -3.570667748    1.154429910
   6  C       6.00    0.905314874    1.043387713    2.757943785
   7  H       1.00    2.673737589    2.004322896    3.203064994
   8  H       1.00   -0.649582017    2.367361961    3.005596173
   9  H       1.00    0.649814453   -0.516513172    4.078726286
  10  C       6.00    1.287226634    2.163547440   -1.896994011
  11  H       1.00    1.275298683    1.379190156   -3.800244906
  12  H       1.00   -0.251788999    3.521910924   -1.748431302
  13  H       1.00    3.071300061    3.150065735   -1.589563917
  14  O       8.00   -1.156882775   -1.506714544   -0.518159124
  15  O       8.00   -3.936104876    0.173913385   -0.244109152

 Bond lengths in Bohr (Angstrom)

  1- 2  2.798269330   1- 6  2.873928469   1-10  2.872678890   1-14  2.677501623   2- 4  2.039178181
       ( 1.480780360)       ( 1.520817452)       ( 1.520156203)       ( 1.416872841)       ( 1.079086622)

  2- 5  2.039247247   2-14  3.629385213   3-15  1.826781488   6- 7  2.061273445   6- 8  2.057168894
       ( 1.079123170)       ( 1.920587945)       ( 0.966691133)       ( 1.090778933)       ( 1.088606897)

  6- 9  2.059863503  10-11  2.058572950  10-12  2.058103824  10-13  2.061710358  14-15  3.259400115
       ( 1.090032824)       ( 1.089349892)       ( 1.089101641)       ( 1.091010137)       ( 1.724800262)

 Bond angles

  1- 2- 4  120.31882419   1- 2- 5  120.15992185   1- 2-14   47.07329104   1- 6- 7  110.75950722

  1- 6- 8  109.44749505   1- 6- 9  110.60027910   1-10-11  110.46862075   1-10-12  109.51552817

  1-10-13  110.83399242   1-14- 2   49.92943862   1-14-15  109.76002171   2- 1- 6  115.26541554

  2- 1-10  115.87257262   2- 1-14   82.99727034   2-14-15  159.59903191   3-15-14   93.71543565

  4- 2- 5  119.06688839   4- 2-14  106.85851147   5- 2-14  108.05246543   6- 1-10  113.39888777

  6- 1-14  113.18916947   7- 6- 8  108.80991678   7- 6- 9  108.72256684   8- 6- 9  108.44757372

 10- 1-14  112.65119305  11-10-12  108.29326856  11-10-13  108.97729316  12-10-13  108.69378894

 NUCLEAR CHARGE:                   49
 NUMBER OF PRIMITIVE AOS:         567
 NUMBER OF SYMMETRY AOS:          498
 NUMBER OF CONTRACTIONS:          498   ( 498A   )
 NUMBER OF CORE ORBITALS:           6   (   6A   )
 NUMBER OF VALENCE ORBITALS:       33   (  33A   )


 NUCLEAR REPULSION ENERGY  255.75477014


 Eigenvalues of metric

         1 0.382E-03 0.400E-03 0.571E-03 0.900E-03 0.961E-03 0.102E-02 0.117E-02 0.122E-02


 Contracted 2-electron integrals neglected if value below      1.0D-11
 AO integral compression algorithm  1   Integral accuracy      1.0D-11

     12369.789 MB (compressed) written to integral file ( 18.7%)

     Node minimum: 1345.847 MB, node maximum: 1704.985 MB


 NUMBER OF SORTED TWO-ELECTRON INTEGRALS:  964909968.     BUFFER LENGTH:  32768
 NUMBER OF SEGMENTS:  31  SEGMENT LENGTH:   31996696      RECORD LENGTH: 524288

 Memory used in sort:      32.55 MW

 SORT1 READ  8263209913. AND WROTE   407333908. INTEGRALS IN   1181 RECORDS. CPU TIME:   166.00 SEC, REAL TIME:   176.37 SEC
 SORT2 READ  3252021263. AND WROTE  7719217626. INTEGRALS IN  41072 RECORDS. CPU TIME:   100.99 SEC, REAL TIME:   152.24 SEC

 Node minimum:   964847844.  Node maximum:   964956564. integrals

 OPERATOR DM      FOR CENTER  0  COORDINATES:    0.000000    0.000000    0.000000


 **********************************************************************************************************************************
 DATASETS  * FILE   NREC   LENGTH (MB)   RECORD NAMES
              1      18       29.21       500      610      700      900      950      970     1000      129      960     1100   
                                          VAR    BASINP    GEOM    SYMINP    ZMAT    AOBASIS   BASIS     P2S    ABASIS      S 
                                         1400     1410     1200     1210     1080     1600     1650     1700   
                                           T        V       H0       H01     AOSYM     SMH    MOLCAS    OPER   

 PROGRAMS   *        TOTAL       INT
 CPU TIMES  *       323.47    323.24
 REAL TIME  *       415.19 SEC
 DISK USED  *        50.95 GB      
 GA USED    *         0.01 MB       (max)       0.00 MB       (current)
 **********************************************************************************************************************************


 PROGRAM * RHF-SCF (OPEN SHELL)       Authors: W. Meyer, H.-J. Werner


 NUMBER OF ELECTRONS:      25+   24-    SPACE SYMMETRY=1    SPIN SYMMETRY: Doublet 
 CONVERGENCE THRESHOLDS:    1.00E-05 (Density)    1.00E-07 (Energy)
 MAX. NUMBER OF ITERATIONS:       60
 INTERPOLATION TYPE:            DIIS
 INTERPOLATION STEPS:              2 (START)      1 (STEP)
 LEVEL SHIFTS:                 -0.60 (CLOSED) -0.30 (OPEN) 



 Orbital guess generated from atomic densities. Full valence occupancy:   25

 Molecular orbital dump at record        2100.2

 Initial alpha occupancy:  25
 Initial beta  occupancy:  24
 Wave function symmetry:    1

 ITERATION    DDIFF          GRAD             ENERGY        2-EL.EN.            DIPOLE MOMENTS         DIIS   ORB.
    1      0.000D+00      0.000D+00      -306.20560350    729.429279    2.60859   -0.89277    0.70497    0    start
    2      0.000D+00      0.276D-02      -306.30298653    726.541890    1.17517   -0.25371    0.51140    1    diag,B
    3      0.847D-03      0.123D-02      -306.31943683    727.107481    1.32133   -0.35270    0.50630    2    diag,B
    4      0.264D-03      0.476D-03      -306.32615017    726.942474    1.12556   -0.27870    0.49098    3    diag,B
    5      0.248D-03      0.184D-03      -306.32757786    726.907597    1.04716   -0.25212    0.49235    4    diag,B
    6      0.172D-03      0.767D-04      -306.32800584    726.880137    1.01006   -0.23561    0.49580    5    diag,B
    7      0.102D-03      0.548D-04      -306.32837194    726.844270    0.98168   -0.22502    0.49762    6    fixocc
    8      0.660D-04      0.532D-04      -306.32838315    726.843503    0.98103   -0.22476    0.49765    7    diag,B
    9      0.136D-05      0.533D-04      -306.32744527    726.938064    1.03371   -0.24453    0.49610    8    diag,B
   10      0.119D-03      0.385D-04      -306.32713214    726.987528    1.05412   -0.25520    0.49567    9    orth
   11      0.837D-04      0.226D-04      -306.32710609    726.998689    1.05189   -0.25670    0.49577    9    diag,B
   12      0.323D-04      0.128D-04      -306.32710273    727.020698    1.05634   -0.25743    0.49607    9    diag,B
   13      0.256D-04      0.795D-05      -306.32710558    727.006067    1.05113   -0.25620    0.49608    9    diag,B
   14      0.111D-04      0.414D-05      -306.32710607    727.008970    1.05342   -0.25627    0.49611    9    diag,B
   15      0.415D-05      0.168D-05      -306.32710637    727.008861    1.05407   -0.25618    0.49615    9    diag,B
   16      0.253D-05      0.966D-06      -306.32710650    727.008604    1.05438   -0.25610    0.49615    9    diag,B
   17      0.136D-05      0.623D-06      -306.32710657    727.008622    1.05439   -0.25605    0.49617    9    diag,B
   18      0.801D-06      0.423D-06      -306.32710658    727.008763    1.05435   -0.25603    0.49618    0    orth

 Final alpha occupancy:  25
 Final beta  occupancy:  24

 !RHF STATE 1.1 Energy               -306.327106580467
 Nuclear energy                       255.75477014
 One-electron energy                 -925.58625809
 Two-electron energy                  363.50438137
 Virial quotient                       -1.00105189
 !RHF STATE 1.1 Dipole moment           1.05435411    -0.25603056     0.49618109
 Dipole moment /Debye                   2.67972532    -0.65072215     1.26108394

 Orbital energies:

         1.1          2.1          3.1          4.1          5.1          6.1          7.1          8.1          9.1         10.1
    -20.601534   -20.564263   -11.303004   -11.287304   -11.218789   -11.215996    -1.377573    -1.245452    -1.047747    -0.948209

        11.1         12.1         13.1         14.1         15.1         16.1         17.1         18.1         19.1         20.1
     -0.940165    -0.763433    -0.666089    -0.647039    -0.625251    -0.608608    -0.567553    -0.550166    -0.538151    -0.524342

        21.1         22.1         23.1         24.1         25.1         26.1         27.1
     -0.515509    -0.480014    -0.450905    -0.439373    -0.324624     0.094131     0.136931

 HOMO     25.1    -0.324624 =      -8.8335eV
 LUMO     26.1     0.094131 =       2.5614eV
 LUMO-HOMO         0.418755 =      11.3949eV


 **********************************************************************************************************************************
 DATASETS  * FILE   NREC   LENGTH (MB)   RECORD NAMES
              1      18       29.21       500      610      700      900      950      970     1000      129      960     1100   
                                          VAR    BASINP    GEOM    SYMINP    ZMAT    AOBASIS   BASIS     P2S    ABASIS      S 
                                         1400     1410     1200     1210     1080     1600     1650     1700   
                                           T        V       H0       H01     AOSYM     SMH    MOLCAS    OPER   

              2       4       10.01       700     1000      520     2100   
                                         GEOM     BASIS   MCVARS     RHF  

 PROGRAMS   *        TOTAL       RHF       INT
 CPU TIMES  *       494.59    171.11    323.24
 REAL TIME  *       599.99 SEC
 DISK USED  *        51.55 GB      
 SF USED    *         0.99 MB      
 GA USED    *         0.01 MB       (max)       0.00 MB       (current)
 **********************************************************************************************************************************


 PROGRAM * CCSD (Unrestricted open-shell coupled cluster)     Authors: C. Hampel, H.-J. Werner, 1991, M. Deegan, P.J. Knowles, 1992


 Convergence thresholds:  THRVAR = 1.00D-08  THRDEN = 1.00D-06

 CCSD(T)     terms to be evaluated (factor= 1.000)


 Number of core orbitals:           6 (   6 )
 Number of closed-shell orbitals:  18 (  18 )
 Number of active  orbitals:        1 (   1 )
 Number of external orbitals:     473 ( 473 )

 Memory could be reduced to 3084.96 Mwords without degradation in triples

 Number of N-1 electron functions:              37
 Number of N-2 electron functions:             666
 Number of singly external CSFs:             17538
 Number of doubly external CSFs:         113159916
 Total number of CSFs:                   113177454

 Molecular orbitals read from record     2100.2  Type=RHF/CANONICAL (state 1.1)

 Integral transformation finished. Total CPU: 354.30 sec, npass=  1  Memory used:1319.46 MW

 Starting RMP2 calculation

 ITER.      SQ.NORM     CORR.ENERGY   TOTAL ENERGY   ENERGY CHANGE        DEN1      VAR(S)    VAR(P)  DIIS     TIME
   1      1.38130467    -1.25137324  -307.57847982    -1.25137324    -0.00477674  0.31D-03  0.20D-02  1  1   386.33
   2      1.38703675    -1.25655101  -307.58365759    -0.00517776    -0.00002907  0.13D-04  0.14D-04  2  2   414.27
   3      1.38752333    -1.25673853  -307.58384511    -0.00018753    -0.00000041  0.33D-06  0.12D-06  3  3   436.73
   4      1.38755754    -1.25674435  -307.58385093    -0.00000582    -0.00000000  0.42D-08  0.52D-09  4  4   463.71
   5      1.38755911    -1.25674473  -307.58385131    -0.00000038    -0.00000000  0.57D-10  0.13D-10  5  5   507.74

 Norm of t1 vector:      0.12540292      S-energy:    -0.01217931      T1 diagnostic:  0.00139630
 Norm of t2 vector:      0.60978129      P-energy:    -1.24456542
                                         Alpha-Beta:  -0.94684763
                                         Alpha-Alpha: -0.15887623
                                         Beta-Beta:   -0.13884156

 Singles amplitudes (print threshold =  0.500E-01):

         I         SYM. A    A   T(IA) [Alpha-Alpha]

        17         1         2     -0.06691757

         I         SYM. A    A   T(IA) [Beta-Beta]

        17         1         2      0.06330476

 Spin contamination <S**2-Sz**2-Sz>     0.00696976
  Reference energy                   -306.327106580469
  RHF-RMP2 correlation energy          -1.256744728380
 !RHF-RMP2 energy                    -307.583851308849

 Starting UCCSD calculation

 ITER.      SQ.NORM     CORR.ENERGY   TOTAL ENERGY   ENERGY CHANGE        DEN1      VAR(S)    VAR(P)  DIIS     TIME
   1      1.36800776    -1.22819794  -307.55530452    -1.22819794    -0.04184913  0.71D-02  0.88D-02  1  1  1164.63
   2      1.40761232    -1.26577170  -307.59287828    -0.03757376    -0.00503940  0.11D-02  0.16D-02  2  2  1731.79
   3      1.42571858    -1.27356859  -307.60067517    -0.00779689    -0.00071001  0.39D-03  0.15D-03  3  3  2344.11
   4      1.43642845    -1.27650948  -307.60361606    -0.00294089    -0.00021364  0.15D-03  0.38D-04  4  4  2987.16
   5      1.44428286    -1.27758327  -307.60468985    -0.00107379    -0.00006941  0.66D-04  0.95D-05  5  5  3583.77
   6      1.44979034    -1.27802300  -307.60512958    -0.00043973    -0.00002529  0.20D-04  0.58D-05  6  6  4154.31
   7      1.45299885    -1.27815438  -307.60526096    -0.00013138    -0.00000911  0.58D-05  0.29D-05  6  1  4777.13
   8      1.45461271    -1.27825947  -307.60536605    -0.00010509    -0.00000323  0.25D-05  0.87D-06  6  2  5379.31
   9      1.45564043    -1.27830661  -307.60541319    -0.00004714    -0.00000105  0.84D-06  0.22D-06  6  3  6008.84
  10      1.45589123    -1.27833144  -307.60543802    -0.00002483    -0.00000040  0.30D-06  0.89D-07  6  4  6645.43
  11      1.45613108    -1.27833206  -307.60543864    -0.00000062    -0.00000014  0.12D-06  0.22D-07  6  5  7291.47
  12      1.45629180    -1.27833783  -307.60544441    -0.00000577    -0.00000005  0.31D-07  0.11D-07  6  6  7939.84
  13      1.45625410    -1.27833179  -307.60543837     0.00000604    -0.00000002  0.17D-07  0.28D-08  6  5  8561.04
  14      1.45630390    -1.27833418  -307.60544076    -0.00000238    -0.00000001  0.59D-08  0.12D-08  6  1  9172.03
  15      1.45627415    -1.27833164  -307.60543822     0.00000253    -0.00000000  0.29D-08  0.33D-09  6  3  9796.56
  16      1.45626961    -1.27833177  -307.60543835    -0.00000013    -0.00000000  0.16D-08  0.24D-09  6  2 10441.17

 Norm of t1 vector:      0.23517301      S-energy:    -0.01641446      T1 diagnostic:  0.01782880
                                                                       D1 diagnostic:  0.07492956
 Norm of t2 vector:      0.63321660      P-energy:    -1.26191731
                                         Alpha-Beta:  -1.00117177
                                         Alpha-Alpha: -0.13986371
                                         Beta-Beta:   -0.12088183

 Singles amplitudes (print threshold =  0.500E-01):

         I         SYM. A    A   T(IA) [Alpha-Alpha]

        17         1         2     -0.10021606
        19         1         2      0.09682462

         I         SYM. A    A   T(IA) [Beta-Beta]

        17         1         2      0.09593389

 Doubles amplitudes (print threshold =  0.500E-01):

         I         J         SYM. A    SYM. B    A         B      T(IJ, AB) [Alpha-Beta]

        17        17         1         1         2         2     -0.06318551
        19        17         1         1         2         1      0.09357611

 Spin contamination <S**2-Sz**2-Sz>     0.03703272

 Memory could be reduced to 3252.30 Mwords without degradation in triples


 RESULTS
 =======

  Reference energy                   -306.327106580469
  UCCSD singles energy                 -0.016414461557
  UCCSD pair energy                    -1.261917307547
  UCCSD correlation energy             -1.278331769104
  Triples (T) contribution             -0.058871999595
  Total correlation energy             -1.337203768699

  RHF-UCCSD energy                   -307.605438349573
  RHF-UCCSD[T] energy                -307.666167923109
  RHF-UCCSD-T energy                 -307.664043687445
 !RHF-UCCSD(T) energy                -307.664310349168

 Program statistics:

 Available memory in ccsd:             63999996822
 Min. memory needed in ccsd:             311723353
 Max. memory used in ccsd:               456654043
 Max. memory used in cckext:             338272747 (16 integral passes)
 Max. memory used in cckint:            1319456657 ( 1 integral passes)



 **********************************************************************************************************************************
 DATASETS  * FILE   NREC   LENGTH (MB)   RECORD NAMES
              1      18       29.21       500      610      700      900      950      970     1000      129      960     1100   
                                          VAR    BASINP    GEOM    SYMINP    ZMAT    AOBASIS   BASIS     P2S    ABASIS      S 
                                         1400     1410     1200     1210     1080     1600     1650     1700   
                                           T        V       H0       H01     AOSYM     SMH    MOLCAS    OPER   

              2       4       10.01       700     1000      520     2100   
                                         GEOM     BASIS   MCVARS     RHF  

 PROGRAMS   *        TOTAL  UCCSD(T)       RHF       INT
 CPU TIMES  *     25862.30  25367.71    171.11    323.24
 REAL TIME  *     44983.55 SEC
 DISK USED  *       166.20 GB      
 SF USED    *        60.53 GB      
 GA USED    *         0.01 MB       (max)       0.00 MB       (current)
 **********************************************************************************************************************************

 UCCSD(T)/USERDEF energy=   -307.664310349168

        UCCSD(T)        RHF-SCF 
   -307.66431035   -306.32710658
 **********************************************************************************************************************************
 Molpro calculation terminated
 Variable memory released

 Fortran compiler diagnostic
 ***************************

 integer size                  8
 double precision size         8
 logical size                  8

 diagnostic completed successfully
