
 Primary working directories    : /scratch/saurabh/PBS_8057574.helios
 Secondary working directories  : /scratch/saurabh/PBS_8057574.helios
 Wavefunction directory         : /scratch/saurabh/PBS_8057574.helios/
 Main file repository           : /scratch/saurabh/PBS_8057574.helios/

 SHA1      : f6387f0c468d0184d0b38d85973bdb066f718752
 NAME      : 2015.1.44
 ARCHNAME  : linux/x86_64
 FC        : /opt/may/bin/gfortran
 BLASLIB   : -Wl,-_start-group /opt/intel/mkl/lib/intel64/libmkl_gf_ilp64.a /opt/intel/mkl/lib/intel64/libmkl_gnu_thread.a /opt/intel/mkl/lib/intel64/libmkl_core.a -Wl,-_end-group
 id        : ramakrishnan

 Nodes             nprocs
 hel07.tifrh.res.in    8

 Using DEFAULT tuning parameter for ncache   :   16384
 Using DEFAULT tuning parameter for mflopdgm :   10000
 Using DEFAULT tuning parameter for mflopdgv :    4000
 Using DEFAULT tuning parameter for mflopmxm :    5000
 Using DEFAULT tuning parameter for mflopmxv :    4000
 Using DEFAULT tuning parameter for mindgm   :       1
 Using DEFAULT tuning parameter for mindgc   :       4
 Using DEFAULT tuning parameter for mindgf   :    5000
 Using DEFAULT tuning parameter for mindgl   :       4
 Using DEFAULT tuning parameter for mindgr   :       1
 Using DEFAULT tuning parameter for mindgv   :      20
 Using DEFAULT tuning parameter for mincuda  :     500
 Using DEFAULT tuning parameter for mxmblk   :      64
 Using DEFAULT tuning parameter for mxmbln   :      64
 Using DEFAULT tuning parameter for nroll    :       2
 Using custom tuning parameter for ngpus     :       0
 Using customized tuning parameters: mindgm=1; mindgv=20; mindgc=4; mindgr=1; noblas=0; minvec=7
 default implementation of scratch files=sf  

 ***,TS_02
 memory,64,g
 geometry={
 C  0.721059   -0.000018  0.227831
 C  0.072724   -0.000113  1.458531
 H  -1.179341  -0.000070  0.970425
 H  0.082107   -0.915377  2.042335
 H  0.082110   0.915059   2.042482
 C  1.209909   1.274063   -0.387021
 H  2.276798   1.395786   -0.167934
 H  1.100321   1.262699   -1.471143
 H  0.686663   2.141889   0.010713
 C  1.209909   -1.274006  -0.387214
 H  0.686638   -2.141888  0.010365
 H  1.100352   -1.262464  -1.471336
 H  2.276790   -1.395780  -0.168114
 O  -1.246798  0.000084   -0.950567
 O  -2.052458  -0.000011  0.041747
  }
 basis={
                                                                            ! oxygen               (10s,5p,4d,2f) -&gt; [10s,5p,4d,2f]
 s, O , 0.1533000000E+05, 0.2299000000E+04, 0.5224000000E+03, 0.1473000000E+03, 0.4755000000E+02, 0.1676000000E+02, 0.6207000000E+01, 0.1752000000E+01, 0.6882000000E+00, 0.2384000000E+00
 c, 1.1, 0.1000000000E+01
 c, 2.2, 0.1000000000E+01
 c, 3.3, 0.1000000000E+01
 c, 4.4, 0.1000000000E+01
 c, 5.5, 0.1000000000E+01
 c, 6.6, 0.1000000000E+01
 c, 7.7, 0.1000000000E+01
 c, 8.8, 0.1000000000E+01
 c, 9.9, 0.1000000000E+01
 c, 10.10, 0.1000000000E+01
 p, O , 0.3446000000E+02, 0.7749000000E+01, 0.2280000000E+01, 0.7156000000E+00, 0.2140000000E+00
 c, 1.1, 0.1000000000E+01
 c, 2.2, 0.1000000000E+01
 c, 3.3, 0.1000000000E+01
 c, 4.4, 0.1000000000E+01
 c, 5.5, 0.1000000000E+01
 d, O , 0.2100000000E+02, 0.7000000000E+01, 0.2314000000E+01, 0.6450000000E+00
 c, 1.1, 0.1000000000E+01
 c, 2.2, 0.1000000000E+01
 c, 3.3, 0.1000000000E+01
 c, 4.4, 0.1000000000E+01
 f, O , 0.4300000000E+01, 0.1428000000E+01
 c, 1.1, 0.1000000000E+01
 c, 2.2, 0.1000000000E+01
                                                                                 ! hydrogen             (5s,2p,1d) -&gt; [5s,2p,1d]
 s, H , 0.3387000000E+02, 0.5095000000E+01, 0.1159000000E+01, 0.3258000000E+00, 0.1027000000E+00
 c, 1.1, 0.1000000000E+01
 c, 2.2, 0.1000000000E+01
 c, 3.3, 0.1000000000E+01
 c, 4.4, 0.1000000000E+01
 c, 5.5, 0.1000000000E+01
 p, H , 0.1407000000E+01, 0.3880000000E+00
 c, 1.1, 0.1000000000E+01
 c, 2.2, 0.1000000000E+01
 d, H , 0.1057000000E+01
 c, 1.1, 0.1000000000E+01
                                                                            ! carbon               (10s,5p,4d,2f) -&gt; [10s,5p,4d,2f]
 s, C , 0.8236000000E+04, 0.1235000000E+04, 0.2808000000E+03, 0.7927000000E+02, 0.2559000000E+02, 0.8997000000E+01, 0.3319000000E+01, 0.9059000000E+00, 0.3643000000E+00, 0.1285000000E+00
 c, 1.1, 0.1000000000E+01
 c, 2.2, 0.1000000000E+01
 c, 3.3, 0.1000000000E+01
 c, 4.4, 0.1000000000E+01
 c, 5.5, 0.1000000000E+01
 c, 6.6, 0.1000000000E+01
 c, 7.7, 0.1000000000E+01
 c, 8.8, 0.1000000000E+01
 c, 9.9, 0.1000000000E+01
 c, 10.10, 0.1000000000E+01
 p, C , 0.1871000000E+02, 0.4133000000E+01, 0.1200000000E+01, 0.3827000000E+00, 0.1209000000E+00
 c, 1.1, 0.1000000000E+01
 c, 2.2, 0.1000000000E+01
 c, 3.3, 0.1000000000E+01
 c, 4.4, 0.1000000000E+01
 c, 5.5, 0.1000000000E+01
 d, C , 0.1000000000E+02, 0.3300000000E+01, 0.1097000000E+01, 0.3180000000E+00
 c, 1.1, 0.1000000000E+01
 c, 2.2, 0.1000000000E+01
 c, 3.3, 0.1000000000E+01
 c, 4.4, 0.1000000000E+01
 f, C , 0.2300000000E+01, 0.7610000000E+00
 c, 1.1, 0.1000000000E+01
 c, 2.2, 0.1000000000E+01
 }
 DKROLL=1
 DKHO=2
 {rhf
 wf,49,1,1
 }
 {uccsd(t)
 core}
 

 Fortran compiler diagnostic
 ***************************

 integer size                  8
 double precision size         8
 logical size                  8

 diagnostic completed successfully

 Variables initialized (889), CPU time= 0.02 sec
 Commands  initialized (702), CPU time= 0.01 sec, 572 directives.
 Default parameters read. Elapsed time= 0.11 sec

 Using DEFAULT tuning parameter for mpplat   :       3
 Using DEFAULT tuning parameter for mppspeed :    1600
 Checking input...
 Passed
1


                                         ***  PROGRAM SYSTEM MOLPRO  ***
                                       Copyright, TTI GmbH Stuttgart, 2015
                                    Version 2015.1 linked Jun  9 2019 06:55:40


 **********************************************************************************************************************************
 LABEL *   TS_02                                                                         
  64 bit mpp version                                                                     DATE: 25-Sep-21          TIME: 05:59:52  
 **********************************************************************************************************************************

 SHA1:             f6387f0c468d0184d0b38d85973bdb066f718752
 **********************************************************************************************************************************

Geometry recognized as XYZ


 Variable memory set to ********** words,  buffer space   230000 words

 SETTING BASIS          =    USERDEF
 SETTING DKROLL         =         1.00000000                                  
 SETTING DKHO           =         2.00000000                                  


 Recomputing integrals since basis changed


 Using spherical harmonics



 PROGRAM * SEWARD (Integral evaluation for generally contracted gaussian basis sets)     Author: Roland Lindh, 1990

 Geometry written to block  1 of record 700


 Point group  C1  



 ATOMIC COORDINATES

 NR  ATOM    CHARGE       X              Y              Z

   1  C       6.00    1.362604030   -0.000034015    0.430538193
   2  C       6.00    0.137428443   -0.000213539    2.756224134
   3  H       1.00   -2.228631497   -0.000132281    1.833837474
   4  H       1.00    0.155159743   -1.729811831    3.859453805
   5  H       1.00    0.155165412    1.729210898    3.859731594
   6  C       6.00    2.286396646    2.407630135   -0.731363694
   7  H       1.00    4.302524661    2.637653269   -0.317349267
   8  H       1.00    2.079305339    2.386155288   -2.780057360
   9  H       1.00    1.297605010    4.047583599    0.020244636
  10  C       6.00    2.286396646   -2.407522421   -0.731728412
  11  H       1.00    1.297557767   -4.047581709    0.019587011
  12  H       1.00    2.079363921   -2.385711202   -2.780422077
  13  H       1.00    4.302509543   -2.637641930   -0.317689418
  14  O       8.00   -2.356106753    0.000158737   -1.796311293
  15  O       8.00   -3.878583502   -0.000020787    0.078890397

 Bond lengths in Bohr (Angstrom)

  1- 2  2.628663225   1- 6  2.828472283   1-10  2.828472535   2- 3  2.539495382   2- 4  2.051570217
       ( 1.391028674)       ( 1.496763074)       ( 1.496763207)       ( 1.343843084)       ( 1.085644205)

  2- 5  2.051573103   3-15  2.408771653   6- 7  2.071012014   6- 8  2.059245909   6- 9  2.057199880
       ( 1.085645733)       ( 1.274667065)       ( 1.095932361)       ( 1.089706007)       ( 1.088623295)

 10-11  2.057199957  10-12  2.059243554  10-13  2.071012915  14-15  2.415433059
       ( 1.088623336)       ( 1.089704760)       ( 1.095932838)       ( 1.278192129)

 Bond angles

  1-2-3   96.48247784   1-2-4  118.15105873   1-2-5  118.15123405   1-6-7  109.29141139

  1- 6- 8  111.52827067   1- 6- 9  111.80883858   1-10-11  111.80872143   1-10-12  111.52824454

  1-10-13  109.29138101   2- 1- 6  121.04585336   2- 1-10  121.04570441   2- 3-15  154.53162511

  3- 2- 4  101.73578221   3- 2- 5  101.73563707   3-15-14   97.69308554   4- 2- 5  114.92034886

  6- 1-10  116.68335792   7- 6- 8  107.33419050   7- 6- 9  107.83836757   8- 6- 9  108.87223710

 11-10-12  108.87228746  11-10-13  107.83836883  12-10-13  107.33432375

 NUCLEAR CHARGE:                   49
 NUMBER OF PRIMITIVE AOS:         567
 NUMBER OF SYMMETRY AOS:          498
 NUMBER OF CONTRACTIONS:          498   ( 498A   )
 NUMBER OF CORE ORBITALS:           6   (   6A   )
 NUMBER OF VALENCE ORBITALS:       33   (  33A   )


 NUCLEAR REPULSION ENERGY  250.39194709

 One-electron integrals computed with SEWARD

 2nd-order Douglas-Kroll-Hess method activated. Optimal DKH parametrization is used.

 Computing Douglas-Kroll / X2C integrals

 AO integral compression algorithm  1   Integral accuracy      1.0D-11

     11525.161 MB (compressed) written to integral file ( 17.5%)

     Node minimum: 1311.506 MB, node maximum: 1624.769 MB


 NUMBER OF SORTED TWO-ELECTRON INTEGRALS:  964909968.     BUFFER LENGTH:  32768
 NUMBER OF SEGMENTS:  31  SEGMENT LENGTH:   31996696      RECORD LENGTH: 524288

 Memory used in sort:      32.55 MW

 SORT1 READ  8236142054. AND WROTE   380756501. INTEGRALS IN   1106 RECORDS. CPU TIME:   216.78 SEC, REAL TIME:   232.77 SEC
 SORT2 READ  3036045178. AND WROTE  7719217626. INTEGRALS IN  44328 RECORDS. CPU TIME:    13.87 SEC, REAL TIME:   180.45 SEC

 Node minimum:   964847844.  Node maximum:   964956564. integrals

 OPERATOR DM      FOR CENTER  0  COORDINATES:    0.000000    0.000000    0.000000


 Eigenvalues of metric

         1 0.252E-03 0.350E-03 0.531E-03 0.767E-03 0.985E-03 0.103E-02 0.118E-02 0.119E-02


 **********************************************************************************************************************************
 DATASETS  * FILE   NREC   LENGTH (MB)   RECORD NAMES
              1      22       36.17       500      610      700      900      950      970     1000      129      960     1700   
                                          VAR    BASINP    GEOM    SYMINP    ZMAT    AOBASIS   BASIS     P2S    ABASIS    OPER   
                                         1101     1401     1411     1412     1650     1100     1400     1410     1200     1210   
                                          SR      EKINR    POTR     PVPR    MOLCAS      S      EKIN      POT      H0       H01  
                                         1080     1600   
                                         AOSYM     SMH  

 PROGRAMS   *        TOTAL       INT
 CPU TIMES  *       275.94    275.74
 REAL TIME  *       513.18 SEC
 DISK USED  *        47.49 GB      
 GA USED    *         0.01 MB       (max)       0.00 MB       (current)
 **********************************************************************************************************************************


 PROGRAM * RHF-SCF (OPEN SHELL)       Authors: W. Meyer, H.-J. Werner


 NUMBER OF ELECTRONS:      25+   24-    SPACE SYMMETRY=1    SPIN SYMMETRY: Doublet 
 CONVERGENCE THRESHOLDS:    1.00E-05 (Density)    1.00E-07 (Energy)
 MAX. NUMBER OF ITERATIONS:       60
 INTERPOLATION TYPE:            DIIS
 INTERPOLATION STEPS:              2 (START)      1 (STEP)
 LEVEL SHIFTS:                 -0.60 (CLOSED) -0.30 (OPEN) 



 Orbital guess generated from atomic densities. Full valence occupancy:   25

 Molecular orbital dump at record        2100.2

 Initial alpha occupancy:  25
 Initial beta  occupancy:  24
 Wave function symmetry:    1

 ITERATION    DDIFF          GRAD             ENERGY        2-EL.EN.            DIPOLE MOMENTS         DIIS   ORB.
    1      0.000D+00      0.000D+00      -306.40818528    715.724935    1.16384   -0.00005    0.56239    0    start
    2      0.000D+00      0.241D-02      -306.47647544    715.425432    1.42444   -0.00004    0.48734    1    diag,B
    3      0.558D-03      0.874D-03      -306.48987386    715.287937    1.40957   -0.00004    0.50019    2    diag,B
    4      0.283D-03      0.440D-03      -306.49604252    715.316242    1.50437   -0.00004    0.46153    3    diag,B
    5      0.257D-03      0.223D-03      -306.49778571    715.352656    1.54790   -0.00004    0.46615    4    diag,B
    6      0.152D-03      0.115D-03      -306.49876335    715.355228    1.60918   -0.00004    0.44958    5    diag,B
    7      0.129D-03      0.820D-04      -306.49938396    715.371280    1.65455   -0.00003    0.43424    6    fixocc
    8      0.893D-04      0.608D-04      -306.49991259    715.380493    1.69004   -0.00003    0.41385    7    diag,B
    9      0.728D-04      0.489D-04      -306.50039793    715.385826    1.71326   -0.00003    0.39144    8    diag,B
   10      0.779D-04      0.366D-04      -306.50080612    715.380303    1.72816   -0.00003    0.36470    9    orth
   11      0.106D-03      0.163D-04      -306.50084656    715.377623    1.72288   -0.00003    0.36036    9    diag,B
   12      0.320D-04      0.105D-04      -306.50085931    715.374252    1.72351   -0.00003    0.35650    9    diag,B
   13      0.244D-04      0.446D-05      -306.50085986    715.374313    1.72098   -0.00003    0.35806    9    diag,B
   14      0.773D-05      0.244D-05      -306.50086037    715.373757    1.72048   -0.00003    0.35782    9    diag,B
   15      0.465D-05      0.959D-06      -306.50086042    715.373873    1.72014   -0.00003    0.35807    9    diag,B
   16      0.133D-05      0.410D-06      -306.50086042    715.373927    1.72017   -0.00003    0.35808    0    orth

 Final alpha occupancy:  25
 Final beta  occupancy:  24

 !RHF STATE 1.1 Energy               -306.500860423232
 Nuclear energy                       250.39194709
 One-electron energy                 -914.57977123
 Two-electron energy                  357.68696372
 Virial quotient                       -0.99715164
 !RHF STATE 1.1 Dipole moment           1.72017462    -0.00002767     0.35808079
 Dipole moment /Debye                   4.37196142    -0.00007033     0.91009096

 Orbital energies:

         1.1          2.1          3.1          4.1          5.1          6.1          7.1          8.1          9.1         10.1
    -20.631890   -20.598716   -11.322032   -11.248839   -11.248821   -11.217675    -1.499424    -1.128127    -1.052295    -0.973738

        11.1         12.1         13.1         14.1         15.1         16.1         17.1         18.1         19.1         20.1
     -0.961667    -0.750253    -0.703632    -0.643201    -0.639693    -0.614893    -0.596784    -0.575308    -0.558315    -0.543698

        21.1         22.1         23.1         24.1         25.1         26.1         27.1
     -0.539208    -0.515653    -0.447052    -0.355951    -0.472144     0.100963     0.127428

 HOMO     25.1    -0.472144 =     -12.8477eV
 LUMO     26.1     0.100963 =       2.7474eV
 LUMO-HOMO         0.573107 =      15.5950eV


 **********************************************************************************************************************************
 DATASETS  * FILE   NREC   LENGTH (MB)   RECORD NAMES
              1      22       36.17       500      610      700      900      950      970     1000      129      960     1700   
                                          VAR    BASINP    GEOM    SYMINP    ZMAT    AOBASIS   BASIS     P2S    ABASIS    OPER   
                                         1101     1401     1411     1412     1650     1100     1400     1410     1200     1210   
                                          SR      EKINR    POTR     PVPR    MOLCAS      S      EKIN      POT      H0       H01  
                                         1080     1600   
                                         AOSYM     SMH  

              2       4       10.01       700     1000      520     2100   
                                         GEOM     BASIS   MCVARS     RHF  

 PROGRAMS   *        TOTAL       RHF       INT
 CPU TIMES  *       423.18    147.24    275.74
 REAL TIME  *       669.17 SEC
 DISK USED  *        48.15 GB      
 SF USED    *         0.99 MB      
 GA USED    *         0.01 MB       (max)       0.00 MB       (current)
 **********************************************************************************************************************************


 PROGRAM * CCSD (Unrestricted open-shell coupled cluster)     Authors: C. Hampel, H.-J. Werner, 1991, M. Deegan, P.J. Knowles, 1992


 Convergence thresholds:  THRVAR = 1.00D-08  THRDEN = 1.00D-06

 CCSD(T)     terms to be evaluated (factor= 1.000)


 Number of closed-shell orbitals:  24 (  24 )
 Number of active  orbitals:        1 (   1 )
 Number of external orbitals:     473 ( 473 )

 Memory could be reduced to 4037.41 Mwords without degradation in triples

 Number of N-1 electron functions:              49
 Number of N-2 electron functions:            1176
 Number of singly external CSFs:             23226
 Number of doubly external CSFs:         199375776
 Total number of CSFs:                   199399002

 Molecular orbitals read from record     2100.2  Type=RHF/CANONICAL (state 1.1)

 Integral transformation finished. Total CPU: 490.53 sec, npass=  1  Memory used:1743.28 MW

 Starting RMP2 calculation

 ITER.      SQ.NORM     CORR.ENERGY   TOTAL ENERGY   ENERGY CHANGE        DEN1      VAR(S)    VAR(P)  DIIS     TIME
   1      1.35853992    -1.52294489  -308.02380532    -1.52294489    -0.00443384  0.37D-04  0.18D-02  1  1   538.02
   2      1.36289164    -1.52773800  -308.02859842    -0.00479310    -0.00001125  0.12D-05  0.54D-05  2  2   616.36
   3      1.36306352    -1.52783637  -308.02869680    -0.00009838    -0.00000010  0.47D-07  0.28D-07  3  3   678.34
   4      1.36306734    -1.52783615  -308.02869657     0.00000022    -0.00000000  0.12D-08  0.18D-09  4  4   780.47

 Norm of t1 vector:      0.05526701      S-energy:    -0.00568848      T1 diagnostic:  0.00064004
 Norm of t2 vector:      0.60001075      P-energy:    -1.52214767
                                         Alpha-Beta:  -1.19305008
                                         Alpha-Alpha: -0.16672149
                                         Beta-Beta:   -0.16237609

 Spin contamination <S**2-Sz**2-Sz>     0.00152944
  Reference energy                   -306.500860423233
  RHF-RMP2 correlation energy          -1.527836147564
 !RHF-RMP2 energy                    -308.028696570798

 Starting UCCSD calculation

 ITER.      SQ.NORM     CORR.ENERGY   TOTAL ENERGY   ENERGY CHANGE        DEN1      VAR(S)    VAR(P)  DIIS     TIME
   1      1.36199067    -1.52073807  -308.02159850    -1.52073807    -0.04203462  0.13D-01  0.69D-02  0  0  2055.78
   2      1.39776470    -1.55830730  -308.05916772    -0.03756922    -0.00534541  0.84D-03  0.16D-02  1  1  3311.50
   3      1.41600979    -1.56210667  -308.06296709    -0.00379937    -0.00167804  0.15D-02  0.18D-03  2  2  4510.11
   4      1.43479173    -1.56838341  -308.06924383    -0.00627674    -0.00053055  0.46D-03  0.63D-04  3  3  5793.52
   5      1.45334161    -1.57103325  -308.07189367    -0.00264984    -0.00018325  0.17D-03  0.19D-04  4  4  7023.00
   6      1.46695470    -1.57207234  -308.07293276    -0.00103909    -0.00002968  0.18D-04  0.58D-05  5  5  8290.46
   7      1.47194880    -1.57241430  -308.07327472    -0.00034196    -0.00000573  0.28D-05  0.15D-05  6  6  9508.32
   8      1.47234124    -1.57245059  -308.07331102    -0.00003629    -0.00000153  0.11D-05  0.30D-06  6  2 10768.67
   9      1.47295254    -1.57253333  -308.07339376    -0.00008274    -0.00000049  0.47D-06  0.76D-07  6  4 11993.32
  10      1.47269159    -1.57249964  -308.07336007     0.00003369    -0.00000015  0.11D-06  0.32D-07  6  1 13227.60
  11      1.47292603    -1.57252895  -308.07338937    -0.00002930    -0.00000004  0.35D-07  0.70D-08  6  3 14523.12
  12      1.47288718    -1.57251979  -308.07338022     0.00000915    -0.00000001  0.94D-08  0.21D-08  6  6 15818.16
  13      1.47291257    -1.57252122  -308.07338164    -0.00000143    -0.00000000  0.33D-08  0.78D-09  6  5 17288.26
  14      1.47290613    -1.57252017  -308.07338060     0.00000104    -0.00000000  0.11D-08  0.23D-09  6  2 18504.49
  15      1.47290467    -1.57251936  -308.07337978     0.00000082    -0.00000000  0.32D-09  0.99D-10  6  4 19730.76

 Norm of t1 vector:      0.26885196      S-energy:    -0.00576498      T1 diagnostic:  0.02629176
                                                                       D1 diagnostic:  0.12738428
 Norm of t2 vector:      0.63294810      P-energy:    -1.56675438
                                         Alpha-Beta:  -1.26389347
                                         Alpha-Alpha: -0.15268217
                                         Beta-Beta:   -0.15017874

 Singles amplitudes (print threshold =  0.500E-01):

         I         SYM. A    A   T(IA) [Alpha-Alpha]

        24         1         2      0.08538621

         I         SYM. A    A   T(IA) [Beta-Beta]

        18         1         1     -0.12766084
        19         1         1      0.10352673
        23         1         2     -0.06212348
        24         1         2      0.12768659

 Doubles amplitudes (print threshold =  0.500E-01):

         I         J         SYM. A    SYM. B    A         B      T(IJ, AB) [Alpha-Beta]

        24        24         1         1         2         2     -0.07746629

 Spin contamination <S**2-Sz**2-Sz>     0.00405437

 Memory could be reduced to 4324.64 Mwords without degradation in triples


  Correlated core orbitals:             1.1       2.1       3.1       4.1       5.1       6.1
  Orbital energies:                   -20.6463  -20.6036  -11.3220  -11.2489  -11.2488  -11.2177

  UCCSD core-core energy               -0.221453620591
  UCCSD core-valence energy            -0.090886419640
  UCCSD valence correlation energy     -1.260179317826


 RESULTS
 =======

  Reference energy                   -306.500860423233
  UCCSD singles energy                 -0.005764981985
  UCCSD pair energy                    -1.566754376072
  UCCSD correlation energy             -1.572519358057
  Triples (T) contribution             -0.062845018018
  Total correlation energy             -1.635364376075

  RHF-UCCSD energy                   -308.073379781291
  RHF-UCCSD[T] energy                -308.141377638429
  RHF-UCCSD-T energy                 -308.135247799013
 !RHF-UCCSD(T) energy                -308.136224799309

 Program statistics:

 Available memory in ccsd:             63999994650
 Min. memory needed in ccsd:             544628605
 Max. memory used in ccsd:               802658731
 Max. memory used in cckext:             595130623 (15 integral passes)
 Max. memory used in cckint:            1743282806 ( 1 integral passes)



 **********************************************************************************************************************************
 DATASETS  * FILE   NREC   LENGTH (MB)   RECORD NAMES
              1      22       36.17       500      610      700      900      950      970     1000      129      960     1700   
                                          VAR    BASINP    GEOM    SYMINP    ZMAT    AOBASIS   BASIS     P2S    ABASIS    OPER   
                                         1101     1401     1411     1412     1650     1100     1400     1410     1200     1210   
                                          SR      EKINR    POTR     PVPR    MOLCAS      S      EKIN      POT      H0       H01  
                                         1080     1600   
                                         AOSYM     SMH  

              2       4       10.01       700     1000      520     2100   
                                         GEOM     BASIS   MCVARS     RHF  

 PROGRAMS   *        TOTAL  UCCSD(T)       RHF       INT
 CPU TIMES  *     54566.22  54142.97    147.24    275.74
 REAL TIME  *     89167.47 SEC
 DISK USED  *       250.80 GB      
 SF USED    *        84.45 GB      
 GA USED    *         0.01 MB       (max)       0.00 MB       (current)
 **********************************************************************************************************************************

 UCCSD(T)/USERDEF energy=   -308.136224799309

        UCCSD(T)        RHF-SCF 
   -308.13622480   -306.50086042
 **********************************************************************************************************************************
 Molpro calculation terminated
 Variable memory released

 Fortran compiler diagnostic
 ***************************

 integer size                  8
 double precision size         8
 logical size                  8

 diagnostic completed successfully
