
 Primary working directories    : /scratch/saurabh/PBS_8057586.helios
 Secondary working directories  : /scratch/saurabh/PBS_8057586.helios
 Wavefunction directory         : /scratch/saurabh/PBS_8057586.helios/
 Main file repository           : /scratch/saurabh/PBS_8057586.helios/

 SHA1      : f6387f0c468d0184d0b38d85973bdb066f718752
 NAME      : 2015.1.44
 ARCHNAME  : linux/x86_64
 FC        : /opt/may/bin/gfortran
 BLASLIB   : -Wl,-_start-group /opt/intel/mkl/lib/intel64/libmkl_gf_ilp64.a /opt/intel/mkl/lib/intel64/libmkl_gnu_thread.a /opt/intel/mkl/lib/intel64/libmkl_core.a -Wl,-_end-group
 id        : ramakrishnan

 Nodes             nprocs
 hel01.tifrh.res.in    8

 Using DEFAULT tuning parameter for ncache   :   16384
 Using DEFAULT tuning parameter for mflopdgm :   10000
 Using DEFAULT tuning parameter for mflopdgv :    4000
 Using DEFAULT tuning parameter for mflopmxm :    5000
 Using DEFAULT tuning parameter for mflopmxv :    4000
 Using DEFAULT tuning parameter for mindgm   :       1
 Using DEFAULT tuning parameter for mindgc   :       4
 Using DEFAULT tuning parameter for mindgf   :    5000
 Using DEFAULT tuning parameter for mindgl   :       4
 Using DEFAULT tuning parameter for mindgr   :       1
 Using DEFAULT tuning parameter for mindgv   :      20
 Using DEFAULT tuning parameter for mincuda  :     500
 Using DEFAULT tuning parameter for mxmblk   :      64
 Using DEFAULT tuning parameter for mxmbln   :      64
 Using DEFAULT tuning parameter for nroll    :       2
 Using custom tuning parameter for ngpus     :       0
 Using customized tuning parameters: mindgm=1; mindgv=20; mindgc=4; mindgr=1; noblas=0; minvec=7
 default implementation of scratch files=sf  

 ***,TS_01
 memory,25,g
 geometry={
 C  0.374528   0.007943   0.041163
 C  -0.239334  -0.489943  1.355864
 H  -1.472485  -0.247647  0.809877
 H  -0.216368  -1.563877  1.518701
 H  -0.084712  0.101532   2.251682
 C  0.584397   1.520086   0.059182
 H  1.318278   1.799473   0.816397
 H  0.945472   1.857845   -0.911837
 H  -0.352010  2.030992   0.276632
 C  1.629428   -0.748555  -0.369766
 H  1.437974   -1.819892  -0.408153
 H  1.966037   -0.419234  -1.353630
 H  2.432224   -0.560296  0.343716
 O  -0.642771  -0.355494  -0.933256
 O  -1.865795  -0.009016  -0.299499
  }
 basis,O=AVDZ,C=AVDZ,H=VDZ
 {rhf
 wf,49,1,1
 }
 uccsd(t);
 

 Fortran compiler diagnostic
 ***************************

 integer size                  8
 double precision size         8
 logical size                  8

 diagnostic completed successfully

 Variables initialized (889), CPU time= 0.01 sec
 Commands  initialized (702), CPU time= 0.01 sec, 572 directives.
 Default parameters read. Elapsed time= 0.08 sec

 Using DEFAULT tuning parameter for mpplat   :       3
 Using DEFAULT tuning parameter for mppspeed :    1600
 Checking input...
 Passed
1


                                         ***  PROGRAM SYSTEM MOLPRO  ***
                                       Copyright, TTI GmbH Stuttgart, 2015
                                    Version 2015.1 linked Jun  9 2019 06:55:40


 **********************************************************************************************************************************
 LABEL *   TS_01                                                                         
  64 bit mpp version                                                                     DATE: 29-Apr-22          TIME: 16:28:53  
 **********************************************************************************************************************************

 SHA1:             f6387f0c468d0184d0b38d85973bdb066f718752
 **********************************************************************************************************************************

Geometry recognized as XYZ


 Variable memory set to ********** words,  buffer space   230000 words

 SETTING BASIS          =    O=AVDZ,C=AVDZ,H=VDZ


 Recomputing integrals since basis changed


 Using spherical harmonics

 Library entry C      S aug-cc-pVDZ          selected for orbital group  1
 Library entry C      P aug-cc-pVDZ          selected for orbital group  1
 Library entry C      D aug-cc-pVDZ          selected for orbital group  1
 Library entry H      S cc-pVDZ              selected for orbital group  2
 Library entry H      P cc-pVDZ              selected for orbital group  2
 Library entry O      S aug-cc-pVDZ          selected for orbital group  7
 Library entry O      P aug-cc-pVDZ          selected for orbital group  7
 Library entry O      D aug-cc-pVDZ          selected for orbital group  7


 PROGRAM * SEWARD (Integral evaluation for generally contracted gaussian basis sets)     Author: Roland Lindh, 1990

 Geometry written to block  1 of record 700


 Point group  C1  



 ATOMIC COORDINATES

 NR  ATOM    CHARGE       X              Y              Z

   1  C       6.00    0.707755346    0.015010095    0.077786796
   2  C       6.00   -0.452275712   -0.925858087    2.562211622
   3  H       1.00   -2.782593373   -0.467985006    1.530445725
   4  H       1.00   -0.408876262   -2.955299223    2.869928955
   5  H       1.00   -0.160082479    0.191867673    4.255062300
   6  C       6.00    1.104350278    2.872546226    0.111837772
   7  H       1.00    2.491184376    3.400511139    1.542766739
   8  H       1.00    1.786683138    3.510818232   -1.723122200
   9  H       1.00   -0.665202493    3.838018641    0.522758717
  10  C       6.00    3.079172660   -1.414563939   -0.698756470
  11  H       1.00    2.717377034   -3.439097456   -0.771297387
  12  H       1.00    3.715271481   -0.792237442   -2.557989974
  13  H       1.00    4.596237234   -1.058805989    0.649529105
  14  O       8.00   -1.214661151   -0.671786299   -1.763598244
  15  O       8.00   -3.525841555   -0.017037771   -0.565971085

 Bond lengths in Bohr (Angstrom)

  1- 2  2.898839717   1- 6  2.885127337   1-10  2.875816656   1-14  2.749195035   2- 3  2.589318255
       ( 1.533999916)       ( 1.526743637)       ( 1.521816637)       ( 1.454811361)       ( 1.370208212)

  2- 4  2.053096392   2- 5  2.049495346   3-15  2.269523013   6- 7  2.061459064   6- 8  2.059137534
       ( 1.086451822)       ( 1.084546231)       ( 1.200979858)       ( 1.090877158)       ( 1.089648657)

  6- 9  2.057257888  10-11  2.057885862  10-12  2.061228081  10-13  2.060563668  14-15  2.684131388
       ( 1.088653991)       ( 1.088986301)       ( 1.090754927)       ( 1.090403335)       ( 1.420381162)

 Bond angles

  1-2-3   87.77889687   1-2-4  116.15631194   1-2-5  118.28402322   1-6-7  110.75250635

  1- 6- 8  110.00117334   1- 6- 9  110.42200671   1-10-11  110.70706853   1-10-12  110.36219679

  1-10-13  110.15714289   1-14-15  104.02312314   2- 1- 6  111.49108518   2- 1-10  113.58213622

  2- 1-14  102.30584619   2- 3-15  134.26245013   3- 2- 4  104.68713692   3- 2- 5  111.16160895

  3-15-14   94.68625370   4- 2- 5  114.34756744   6- 1-10  112.46896768   6- 1-14  110.57636733

  7- 6- 8  108.43633299   7- 6- 9  108.65204407   8- 6- 9  108.51504475  10- 1-14  105.75792909

 11-10-12  108.63186188  11-10-13  108.80542508  12-10-13  108.11197452

 NUCLEAR CHARGE:                   49
 NUMBER OF PRIMITIVE AOS:         285
 NUMBER OF SYMMETRY AOS:          273
 NUMBER OF CONTRACTIONS:          183   ( 183A   )
 NUMBER OF CORE ORBITALS:           6   (   6A   )
 NUMBER OF VALENCE ORBITALS:       33   (  33A   )


 NUCLEAR REPULSION ENERGY  263.04177098


 Eigenvalues of metric

         1 0.768E-04 0.133E-03 0.149E-03 0.210E-03 0.254E-03 0.332E-03 0.618E-03 0.132E-02


 Contracted 2-electron integrals neglected if value below      1.0D-11
 AO integral compression algorithm  1   Integral accuracy      1.0D-11

     654.311 MB (compressed) written to integral file ( 51.4%)

     Node minimum: 75.235 MB, node maximum: 87.818 MB


 NUMBER OF SORTED TWO-ELECTRON INTEGRALS:   17715680.     BUFFER LENGTH:  32768
 NUMBER OF SEGMENTS:   2  SEGMENT LENGTH:   15992000      RECORD LENGTH: 524288

 Memory used in sort:      16.55 MW

 SORT1 READ   159101497. AND WROTE    17464202. INTEGRALS IN     51 RECORDS. CPU TIME:     2.13 SEC, REAL TIME:     2.28 SEC
 SORT2 READ   139928372. AND WROTE   141733866. INTEGRALS IN   2528 RECORDS. CPU TIME:     0.30 SEC, REAL TIME:     0.43 SEC

 Node minimum:    17709368.  Node maximum:    17724100. integrals

 OPERATOR DM      FOR CENTER  0  COORDINATES:    0.000000    0.000000    0.000000


 **********************************************************************************************************************************
 DATASETS  * FILE   NREC   LENGTH (MB)   RECORD NAMES
              1      18       21.38       500      610      700      900      950      970     1000      129      960     1100   
                                          VAR    BASINP    GEOM    SYMINP    ZMAT    AOBASIS   BASIS     P2S    ABASIS      S 
                                         1400     1410     1200     1210     1080     1600     1650     1700   
                                           T        V       H0       H01     AOSYM     SMH    MOLCAS    OPER   

 PROGRAMS   *        TOTAL       INT
 CPU TIMES  *        10.46     10.33
 REAL TIME  *        23.89 SEC
 DISK USED  *         2.31 GB      
 GA USED    *         0.01 MB       (max)       0.00 MB       (current)
 **********************************************************************************************************************************


 PROGRAM * RHF-SCF (OPEN SHELL)       Authors: W. Meyer, H.-J. Werner


 NUMBER OF ELECTRONS:      25+   24-    SPACE SYMMETRY=1    SPIN SYMMETRY: Doublet 
 CONVERGENCE THRESHOLDS:    1.00E-05 (Density)    1.00E-07 (Energy)
 MAX. NUMBER OF ITERATIONS:       60
 INTERPOLATION TYPE:            DIIS
 INTERPOLATION STEPS:              2 (START)      1 (STEP)
 LEVEL SHIFTS:                 -0.60 (CLOSED) -0.30 (OPEN) 



 Orbital guess generated from atomic densities. Full valence occupancy:   39

 Molecular orbital dump at record        2100.2

 Initial alpha occupancy:  25
 Initial beta  occupancy:  24
 Wave function symmetry:    1

 ITERATION    DDIFF          GRAD             ENERGY        2-EL.EN.            DIPOLE MOMENTS         DIIS   ORB.
    1      0.000D+00      0.000D+00      -306.17047537    739.211114    1.29157    0.01059    1.22602    0    start
    2      0.000D+00      0.383D-02      -306.23673178    740.041616    1.19871    0.05637    1.08092    1    diag,B
    3      0.568D-02      0.136D-02      -306.25156931    739.815425    1.13939    0.04539    1.04388    2    diag,B
    4      0.268D-02      0.616D-03      -306.25680684    739.889876    1.11178    0.04732    1.05543    3    diag,B
    5      0.189D-02      0.205D-03      -306.25780753    739.890155    1.12357    0.04198    1.07439    4    diag,B
    6      0.711D-03      0.120D-03      -306.25835276    739.897832    1.12941    0.03977    1.09173    5    diag,B
    7      0.469D-03      0.846D-04      -306.25881738    739.919120    1.13909    0.03426    1.11001    6    fixocc
    8      0.409D-03      0.638D-04      -306.25917008    739.942586    1.14752    0.02785    1.12980    7    diag,B
    9      0.399D-03      0.397D-04      -306.25929982    739.966961    1.15447    0.02252    1.14684    8    diag,B
   10      0.282D-03      0.231D-04      -306.25933222    739.975337    1.15782    0.01968    1.15590    9    orth
   11      0.152D-03      0.122D-04      -306.25933967    739.979086    1.15929    0.01886    1.15956    9    diag,B
   12      0.615D-04      0.778D-05      -306.25934296    739.981088    1.16011    0.01842    1.16167    9    diag,B
   13      0.502D-04      0.426D-05      -306.25934417    739.983181    1.16085    0.01823    1.16318    9    diag,B
   14      0.272D-04      0.257D-05      -306.25934450    739.984138    1.16121    0.01807    1.16408    9    diag,B
   15      0.172D-04      0.100D-05      -306.25934454    739.984437    1.16131    0.01805    1.16427    9    diag,B
   16      0.790D-05      0.499D-06      -306.25934455    739.984484    1.16132    0.01803    1.16434    0    orth

 Final alpha occupancy:  25
 Final beta  occupancy:  24

 !RHF STATE 1.1 Energy               -306.259344549199
 Nuclear energy                       263.04177098
 One-electron energy                 -939.29335744
 Two-electron energy                  369.99224192
 Virial quotient                       -1.00133571
 !RHF STATE 1.1 Dipole moment           1.16132106     0.01803296     1.16434237
 Dipole moment /Debye                   2.95159038     0.04583222     2.95926927

 Orbital energies:

         1.1          2.1          3.1          4.1          5.1          6.1          7.1          8.1          9.1         10.1
    -20.615592   -20.613720   -11.316487   -11.279054   -11.238548   -11.231215    -1.465897    -1.181097    -1.070602    -0.957035

        11.1         12.1         13.1         14.1         15.1         16.1         17.1         18.1         19.1         20.1
     -0.955544    -0.775136    -0.681874    -0.657117    -0.649661    -0.608868    -0.596655    -0.555745    -0.544386    -0.542103

        21.1         22.1         23.1         24.1         25.1         26.1         27.1
     -0.510017    -0.496150    -0.487000    -0.415409    -0.419072     0.055641     0.062880

 HOMO     25.1    -0.419072 =     -11.4035eV
 LUMO     26.1     0.055641 =       1.5141eV
 LUMO-HOMO         0.474713 =      12.9176eV


 **********************************************************************************************************************************
 DATASETS  * FILE   NREC   LENGTH (MB)   RECORD NAMES
              1      18       21.38       500      610      700      900      950      970     1000      129      960     1100   
                                          VAR    BASINP    GEOM    SYMINP    ZMAT    AOBASIS   BASIS     P2S    ABASIS      S 
                                         1400     1410     1200     1210     1080     1600     1650     1700   
                                           T        V       H0       H01     AOSYM     SMH    MOLCAS    OPER   

              2       4        3.95       700     1000      520     2100   
                                         GEOM     BASIS   MCVARS     RHF  

 PROGRAMS   *        TOTAL       RHF       INT
 CPU TIMES  *        13.38      2.92     10.33
 REAL TIME  *        27.19 SEC
 DISK USED  *         2.56 GB      
 SF USED    *         0.13 MB      
 GA USED    *         0.01 MB       (max)       0.00 MB       (current)
 **********************************************************************************************************************************


 PROGRAM * CCSD (Unrestricted open-shell coupled cluster)     Authors: C. Hampel, H.-J. Werner, 1991, M. Deegan, P.J. Knowles, 1992


 Convergence thresholds:  THRVAR = 1.00D-08  THRDEN = 1.00D-06

 CCSD(T)     terms to be evaluated (factor= 1.000)


 Number of core orbitals:           6 (   6 )
 Number of closed-shell orbitals:  18 (  18 )
 Number of active  orbitals:        1 (   1 )
 Number of external orbitals:     158 ( 158 )

 Memory could be reduced to 152.34 Mwords without degradation in triples

 Number of N-1 electron functions:              37
 Number of N-2 electron functions:             666
 Number of singly external CSFs:              5883
 Number of doubly external CSFs:          12715866
 Total number of CSFs:                    12721749

 Molecular orbitals read from record     2100.2  Type=RHF/CANONICAL (state 1.1)

 Integral transformation finished. Total CPU:   8.85 sec, npass=  1  Memory used:  72.68 MW

 Starting RMP2 calculation

 ITER.      SQ.NORM     CORR.ENERGY   TOTAL ENERGY   ENERGY CHANGE        DEN1      VAR(S)    VAR(P)  DIIS     TIME
   1      1.32569354    -1.00284071  -307.26218526    -1.00284071    -0.00403309  0.32D-04  0.15D-02  1  1    11.20
   2      1.32945991    -1.00719650  -307.26654105    -0.00435579    -0.00000691  0.55D-06  0.32D-05  2  2    13.86
   3      1.32956401    -1.00725660  -307.26660115    -0.00006009    -0.00000005  0.21D-07  0.15D-07  3  3    16.74
   4      1.32956539    -1.00725641  -307.26660095     0.00000019    -0.00000000  0.74D-09  0.44D-10  4  4    19.83

 Norm of t1 vector:      0.06370545      S-energy:    -0.00534922      T1 diagnostic:  0.00044062
 Norm of t2 vector:      0.57053221      P-energy:    -1.00190719
                                         Alpha-Beta:  -0.75039057
                                         Alpha-Alpha: -0.12987807
                                         Beta-Beta:   -0.12163855

 Spin contamination <S**2-Sz**2-Sz>     0.00156691
  Reference energy                   -306.259344549201
  RHF-RMP2 correlation energy          -1.007256405475
 !RHF-RMP2 energy                    -307.266600954676

 Starting UCCSD calculation

 ITER.      SQ.NORM     CORR.ENERGY   TOTAL ENERGY   ENERGY CHANGE        DEN1      VAR(S)    VAR(P)  DIIS     TIME
   1      1.34228660    -1.02010103  -307.27944557    -1.02010103    -0.03299047  0.64D-02  0.74D-02  1  1    65.53
   2      1.37853805    -1.05396084  -307.31330539    -0.03385981    -0.00293371  0.38D-03  0.96D-03  2  2   113.84
   3      1.39177275    -1.05947977  -307.31882432    -0.00551893    -0.00047278  0.34D-03  0.74D-04  3  3   159.41
   4      1.39866076    -1.06137422  -307.32071877    -0.00189445    -0.00014045  0.11D-03  0.25D-04  4  4   205.93
   5      1.40362494    -1.06194572  -307.32129027    -0.00057149    -0.00007011  0.79D-04  0.68D-05  5  5   249.38
   6      1.40805269    -1.06226696  -307.32161150    -0.00032124    -0.00003576  0.36D-04  0.52D-05  6  6   287.55
   7      1.41334670    -1.06254949  -307.32189404    -0.00028253    -0.00001955  0.23D-04  0.21D-05  6  1   323.49
   8      1.41661547    -1.06265282  -307.32199737    -0.00010333    -0.00001294  0.13D-04  0.19D-05  6  5   358.42
   9      1.42038763    -1.06272065  -307.32206520    -0.00006783    -0.00000757  0.90D-05  0.78D-06  6  3   392.97
  10      1.42447758    -1.06283304  -307.32217759    -0.00011239    -0.00000410  0.40D-05  0.63D-06  6  2   427.76
  11      1.42871603    -1.06290257  -307.32224712    -0.00006952    -0.00000178  0.18D-05  0.23D-06  6  4   462.57
  12      1.43096731    -1.06293816  -307.32228271    -0.00003559    -0.00000068  0.49D-06  0.14D-06  6  1   497.31
  13      1.43284426    -1.06296571  -307.32231026    -0.00002756    -0.00000021  0.17D-06  0.34D-07  6  5   531.93
  14      1.43313870    -1.06295949  -307.32230404     0.00000622    -0.00000006  0.42D-07  0.10D-07  6  6   566.85
  15      1.43332258    -1.06295971  -307.32230426    -0.00000022    -0.00000001  0.11D-07  0.27D-08  6  4   601.59
  16      1.43329177    -1.06295696  -307.32230151     0.00000275    -0.00000000  0.28D-08  0.78D-09  6  3   636.48
  17      1.43334104    -1.06295873  -307.32230328    -0.00000176    -0.00000000  0.74D-09  0.26D-09  6  2   670.66
  18      1.43333106    -1.06295905  -307.32230360    -0.00000032    -0.00000000  0.20D-09  0.74D-10  6  5   705.22

 Norm of t1 vector:      0.23172958      S-energy:    -0.00629623      T1 diagnostic:  0.02529344
                                                                       D1 diagnostic:  0.13321415
 Norm of t2 vector:      0.61614322      P-energy:    -1.05666282
                                         Alpha-Beta:  -0.83035239
                                         Alpha-Alpha: -0.11724378
                                         Beta-Beta:   -0.10906664

 Singles amplitudes (print threshold =  0.500E-01):

         I         SYM. A    A   T(IA) [Beta-Beta]

        15         1         1      0.07425360
        18         1         1     -0.15268769

 Spin contamination <S**2-Sz**2-Sz>     0.00296618

 Memory could be reduced to 171.29 Mwords without degradation in triples


 RESULTS
 =======

  Reference energy                   -306.259344549201
  UCCSD singles energy                 -0.006296226635
  UCCSD pair energy                    -1.056662820801
  UCCSD correlation energy             -1.062959047436
  Triples (T) contribution             -0.039588802741
  Total correlation energy             -1.102547850177

  RHF-UCCSD energy                   -307.322303596638
  RHF-UCCSD[T] energy                -307.364830686745
  RHF-UCCSD-T energy                 -307.361080084380
 !RHF-UCCSD(T) energy                -307.361892399379

 Program statistics:

 Available memory in ccsd:             24999996822
 Min. memory needed in ccsd:              35682518
 Max. memory used in ccsd:                51889415
 Max. memory used in cckext:              46326347 (18 integral passes)
 Max. memory used in cckint:              72677837 ( 1 integral passes)



 **********************************************************************************************************************************
 DATASETS  * FILE   NREC   LENGTH (MB)   RECORD NAMES
              1      18       21.38       500      610      700      900      950      970     1000      129      960     1100   
                                          VAR    BASINP    GEOM    SYMINP    ZMAT    AOBASIS   BASIS     P2S    ABASIS      S 
                                         1400     1410     1200     1210     1080     1600     1650     1700   
                                           T        V       H0       H01     AOSYM     SMH    MOLCAS    OPER   

              2       4        3.95       700     1000      520     2100   
                                         GEOM     BASIS   MCVARS     RHF  

 PROGRAMS   *        TOTAL  UCCSD(T)       RHF       INT
 CPU TIMES  *      1013.87   1000.49      2.92     10.33
 REAL TIME  *      1072.20 SEC
 DISK USED  *        15.45 GB      
 SF USED    *         3.30 GB      
 GA USED    *         0.01 MB       (max)       0.00 MB       (current)
 **********************************************************************************************************************************

 UCCSD(T)/O=AVDZ,C=AVDZ,H=VDZ energy=   -307.361892399379

        UCCSD(T)        RHF-SCF 
   -307.36189240   -306.25934455
 **********************************************************************************************************************************
 Molpro calculation terminated
 Variable memory released

 Fortran compiler diagnostic
 ***************************

 integer size                  8
 double precision size         8
 logical size                  8

 diagnostic completed successfully
