
 Primary working directories    : /home/saurabh/molpro_temp2
 Secondary working directories  : /home/saurabh/molpro_temp2
 Wavefunction directory         : /home/saurabh/molpro_wfn2/
 Main file repository           : /home/saurabh/molpro_temp2/

 SHA1      : f6387f0c468d0184d0b38d85973bdb066f718752
 NAME      : 2015.1.44
 ARCHNAME  : linux/x86_64
 FC        : /opt/may/bin/gfortran
 BLASLIB   : -Wl,-_start-group /opt/intel/mkl/lib/intel64/libmkl_gf_ilp64.a /opt/intel/mkl/lib/intel64/libmkl_gnu_thread.a /opt/intel/mkl/lib/intel64/libmkl_core.a -Wl,-_end-group
 id        : ramakrishnan

 Nodes                 nprocs
 mediawiki.tifrh.res.in    8

 Using customized tuning parameters: mindgm=1; mindgv=20; mindgc=4; mindgr=1; noblas=0; minvec=7
 default implementation of scratch files=sf  

 ***,O2
 memory,1,g
 geometry={
 O -0.000000  -0.000000  0.602947
 O  0.000000  -0.000000 -0.602947
  }
 basis={
                                                                            ! oxygen               (10s,5p,4d,2f) -&gt; [10s,5p,4d,2f]
 s, O , 0.1533000000E+05, 0.2299000000E+04, 0.5224000000E+03, 0.1473000000E+03, 0.4755000000E+02, 0.1676000000E+02, 0.6207000000E+01, 0.1752000000E+01, 0.6882000000E+00, 0.2384000000E+00
 c, 1.1, 0.1000000000E+01
 c, 2.2, 0.1000000000E+01
 c, 3.3, 0.1000000000E+01
 c, 4.4, 0.1000000000E+01
 c, 5.5, 0.1000000000E+01
 c, 6.6, 0.1000000000E+01
 c, 7.7, 0.1000000000E+01
 c, 8.8, 0.1000000000E+01
 c, 9.9, 0.1000000000E+01
 c, 10.10, 0.1000000000E+01
 p, O , 0.3446000000E+02, 0.7749000000E+01, 0.2280000000E+01, 0.7156000000E+00, 0.2140000000E+00
 c, 1.1, 0.1000000000E+01
 c, 2.2, 0.1000000000E+01
 c, 3.3, 0.1000000000E+01
 c, 4.4, 0.1000000000E+01
 c, 5.5, 0.1000000000E+01
 d, O , 0.2100000000E+02, 0.7000000000E+01, 0.2314000000E+01, 0.6450000000E+00
 c, 1.1, 0.1000000000E+01
 c, 2.2, 0.1000000000E+01
 c, 3.3, 0.1000000000E+01
 c, 4.4, 0.1000000000E+01
 f, O , 0.4300000000E+01, 0.1428000000E+01
 c, 1.1, 0.1000000000E+01
 c, 2.2, 0.1000000000E+01
                                                                                 ! hydrogen             (5s,2p,1d) -&gt; [5s,2p,1d]
 s, H , 0.3387000000E+02, 0.5095000000E+01, 0.1159000000E+01, 0.3258000000E+00, 0.1027000000E+00
 c, 1.1, 0.1000000000E+01
 c, 2.2, 0.1000000000E+01
 c, 3.3, 0.1000000000E+01
 c, 4.4, 0.1000000000E+01
 c, 5.5, 0.1000000000E+01
 p, H , 0.1407000000E+01, 0.3880000000E+00
 c, 1.1, 0.1000000000E+01
 c, 2.2, 0.1000000000E+01
 d, H , 0.1057000000E+01
 c, 1.1, 0.1000000000E+01
                                                                            ! carbon               (10s,5p,4d,2f) -&gt; [10s,5p,4d,2f]
 s, C , 0.8236000000E+04, 0.1235000000E+04, 0.2808000000E+03, 0.7927000000E+02, 0.2559000000E+02, 0.8997000000E+01, 0.3319000000E+01, 0.9059000000E+00, 0.3643000000E+00, 0.1285000000E+00
 c, 1.1, 0.1000000000E+01
 c, 2.2, 0.1000000000E+01
 c, 3.3, 0.1000000000E+01
 c, 4.4, 0.1000000000E+01
 c, 5.5, 0.1000000000E+01
 c, 6.6, 0.1000000000E+01
 c, 7.7, 0.1000000000E+01
 c, 8.8, 0.1000000000E+01
 c, 9.9, 0.1000000000E+01
 c, 10.10, 0.1000000000E+01
 p, C , 0.1871000000E+02, 0.4133000000E+01, 0.1200000000E+01, 0.3827000000E+00, 0.1209000000E+00
 c, 1.1, 0.1000000000E+01
 c, 2.2, 0.1000000000E+01
 c, 3.3, 0.1000000000E+01
 c, 4.4, 0.1000000000E+01
 c, 5.5, 0.1000000000E+01
 d, C , 0.1000000000E+02, 0.3300000000E+01, 0.1097000000E+01, 0.3180000000E+00
 c, 1.1, 0.1000000000E+01
 c, 2.2, 0.1000000000E+01
 c, 3.3, 0.1000000000E+01
 c, 4.4, 0.1000000000E+01
 f, C , 0.2300000000E+01, 0.7610000000E+00
 c, 1.1, 0.1000000000E+01
 c, 2.2, 0.1000000000E+01
 }
 {rhf
 wf,16,4,2
 }
 uccsd(t);
 

 Variables initialized (889), CPU time= 0.02 sec
 Commands  initialized (702), CPU time= 0.01 sec, 572 directives.
 Default parameters read. Elapsed time= 0.05 sec

 Checking input...
 Passed
1


                                         ***  PROGRAM SYSTEM MOLPRO  ***
                                       Copyright, TTI GmbH Stuttgart, 2015
                                    Version 2015.1 linked Jun  9 2019 06:55:40


 **********************************************************************************************************************************
 LABEL *   O2                                                                            
  64 bit mpp version                                                                     DATE: 28-Jun-22          TIME: 19:21:00  
 **********************************************************************************************************************************

 SHA1:             f6387f0c468d0184d0b38d85973bdb066f718752
 **********************************************************************************************************************************

Geometry recognized as XYZ


 Variable memory set to 1000000000 words,  buffer space   230000 words

 SETTING BASIS          =    USERDEF


 Recomputing integrals since basis changed


 Using spherical harmonics



 PROGRAM * SEWARD (Integral evaluation for generally contracted gaussian basis sets)     Author: Roland Lindh, 1990

 Geometry written to block  1 of record 700


 Point group  D2h 



 ATOMIC COORDINATES

 NR  ATOM    CHARGE       X              Y              Z

   1  O       8.00    0.000000000    0.000000000    1.139404698
   2  O       8.00    0.000000000    0.000000000   -1.139404698

 Bond lengths in Bohr (Angstrom)

 1-2  2.278809395
     ( 1.205894000)

 NUCLEAR CHARGE:                   16
 NUMBER OF PRIMITIVE AOS:         138
 NUMBER OF SYMMETRY AOS:          118
 NUMBER OF CONTRACTIONS:          118   (  27Ag  +  13B3u +  13B2u +   6B1g +  27B1u +  13B2g +  13B3g +   6Au  )
 NUMBER OF CORE ORBITALS:           2   (   1Ag  +   0B3u +   0B2u +   0B1g +   1B1u +   0B2g +   0B3g +   0Au  )
 NUMBER OF VALENCE ORBITALS:        8   (   2Ag  +   1B3u +   1B2u +   0B1g +   2B1u +   1B2g +   1B3g +   0Au  )


 NUCLEAR REPULSION ENERGY   28.08484120

 EXTRA SYMMETRY OF AOS IN SYMMETRY 1:   1 1 1 1 1 1 1 1 1 1   1 1 1 1 1 1 2 1 2 1   2 1 2 1 2 1 2
 EXTRA SYMMETRY OF AOS IN SYMMETRY 2:   1 1 1 1 1 1 1 1 1 1   2 1 2
 EXTRA SYMMETRY OF AOS IN SYMMETRY 3:   1 1 1 1 1 1 1 1 1 1   2 1 2
 EXTRA SYMMETRY OF AOS IN SYMMETRY 5:   1 1 1 1 1 1 1 1 1 1   1 1 1 1 1 1 2 1 2 1   2 1 2 1 2 1 2
 EXTRA SYMMETRY OF AOS IN SYMMETRY 6:   1 1 1 1 1 1 1 1 1 1   2 1 2
 EXTRA SYMMETRY OF AOS IN SYMMETRY 7:   1 1 1 1 1 1 1 1 1 1   2 1 2

 Eigenvalues of metric

         1 0.109E-01 0.274E-01 0.623E-01 0.953E-01 0.107E+00 0.177E+00 0.186E+00 0.249E+00
         2 0.110E+00 0.178E+00 0.346E+00 0.489E+00 0.526E+00 0.578E+00 0.832E+00 0.131E+01
         3 0.110E+00 0.178E+00 0.346E+00 0.489E+00 0.526E+00 0.578E+00 0.832E+00 0.131E+01
         4 0.186E+00 0.517E+00 0.599E+00 0.127E+01 0.164E+01 0.213E+01
         5 0.303E-02 0.564E-02 0.159E-01 0.479E-01 0.847E-01 0.161E+00 0.172E+00 0.174E+00
         6 0.737E-01 0.103E+00 0.211E+00 0.254E+00 0.450E+00 0.468E+00 0.623E+00 0.900E+00
         7 0.737E-01 0.103E+00 0.211E+00 0.254E+00 0.450E+00 0.468E+00 0.623E+00 0.900E+00
         8 0.174E+00 0.387E+00 0.518E+00 0.109E+01 0.144E+01 0.204E+01


 Contracted 2-electron integrals neglected if value below      1.0D-11
 AO integral compression algorithm  1   Integral accuracy      1.0D-11

     25.428 MB (compressed) written to integral file ( 47.7%)

     Node minimum: 2.621 MB, node maximum: 3.408 MB


 NUMBER OF SORTED TWO-ELECTRON INTEGRALS:     409338.     BUFFER LENGTH:  32768
 NUMBER OF SEGMENTS:   1  SEGMENT LENGTH:     409338      RECORD LENGTH: 524288

 Memory used in sort:       0.97 MW

 SORT1 READ     6726856. AND WROTE      320964. INTEGRALS IN      1 RECORDS. CPU TIME:     0.18 SEC, REAL TIME:     0.20 SEC
 SORT2 READ     2611534. AND WROTE     3303370. INTEGRALS IN     96 RECORDS. CPU TIME:     0.02 SEC, REAL TIME:     0.03 SEC

 Node minimum:      399956.  Node maximum:      423909. integrals

 OPERATOR DM      FOR CENTER  0  COORDINATES:    0.000000    0.000000    0.000000


 **********************************************************************************************************************************
 DATASETS  * FILE   NREC   LENGTH (MB)   RECORD NAMES
              1      18       19.99       500      610      700      900      950      970     1000      129      960     1100   
                                          VAR    BASINP    GEOM    SYMINP    ZMAT    AOBASIS   BASIS     P2S    ABASIS      S 
                                         1400     1410     1200     1210     1080     1600     1650     1700   
                                           T        V       H0       H01     AOSYM     SMH    MOLCAS    OPER   

 PROGRAMS   *        TOTAL       INT
 CPU TIMES  *         0.66      0.53
 REAL TIME  *         1.24 SEC
 DISK USED  *        47.96 MB      
 GA USED    *         0.00 MB       (max)       0.00 MB       (current)
 **********************************************************************************************************************************


 PROGRAM * RHF-SCF (OPEN SHELL)       Authors: W. Meyer, H.-J. Werner


 NUMBER OF ELECTRONS:       9+    7-    SPACE SYMMETRY=4    SPIN SYMMETRY: Triplet 
 CONVERGENCE THRESHOLDS:    1.00E-05 (Density)    1.00E-07 (Energy)
 MAX. NUMBER OF ITERATIONS:       60
 INTERPOLATION TYPE:            DIIS
 INTERPOLATION STEPS:              2 (START)      1 (STEP)
 LEVEL SHIFTS:                 -0.60 (CLOSED) -0.30 (OPEN) 



 Orbital guess generated from atomic densities. Full valence occupancy:    3   1   1   0   3   1   1   0


 Molecular orbital dump at record        2100.2

 Initial alpha occupancy:   3   1   1   0   2   1   1   0
 Initial beta  occupancy:   3   1   1   0   2   0   0   0
 Wave function symmetry:    4

 ITERATION    DDIFF          GRAD             ENERGY        2-EL.EN.            DIPOLE MOMENTS         DIIS   ORB.
    1      0.000D+00      0.000D+00      -149.62166516    165.256684    0.00000    0.00000    0.00000    0    start
    2      0.000D+00      0.158D-01      -149.65241994    168.024675    0.00000    0.00000    0.00000    1    diag,B
    3      0.485D-02      0.307D-02      -149.65324650    167.948370    0.00000    0.00000    0.00000    2    diag,B
    4      0.108D-02      0.824D-03      -149.65340100    167.983117    0.00000    0.00000    0.00000    3    diag,B
    5      0.707D-03      0.213D-03      -149.65341479    167.984243    0.00000    0.00000    0.00000    4    diag,B
    6      0.270D-03      0.516D-04      -149.65341551    167.982325    0.00000    0.00000    0.00000    5    diag,B
    7      0.667D-04      0.614D-05      -149.65341552    167.981958    0.00000    0.00000    0.00000    6    fixocc
    8      0.657D-05      0.132D-05      -149.65341552    167.981959    0.00000    0.00000    0.00000    0    orth

 Final alpha occupancy:   3   1   1   0   2   1   1   0
 Final beta  occupancy:   3   1   1   0   2   0   0   0

 !RHF STATE 1.4 Energy               -149.653415522023
 Nuclear energy                        28.08484120
 One-electron energy                 -261.72923634
 Two-electron energy                   83.99097962
 Virial quotient                       -1.00156729
 !RHF STATE 1.4 Dipole moment           0.00000000     0.00000000     0.00000000
 Dipole moment /Debye                   0.00000000     0.00000000     0.00000000

 Orbital energies:

         1.1          2.1          3.1          4.1          5.1
    -20.728243    -1.649552    -0.733887     0.709268     0.729894

         1.2          2.2          3.2
     -0.704149     0.676817     1.526022

         1.3          2.3          3.3
     -0.704149     0.676817     1.526022

         1.4          2.4
      1.433927     4.876870

         1.5          2.5          3.5          4.5
    -20.727287    -1.097201     0.379946     0.732525

         1.6          2.6          3.6
     -0.529170     0.789616     2.437423

         1.7          2.7          3.7
     -0.529170     0.789616     2.437423

         1.8          2.8
      1.849496     6.048567

 HOMO      1.6    -0.529170 =     -14.3995eV
 LUMO      3.5     0.379946 =      10.3389eV
 LUMO-HOMO         0.909116 =      24.7383eV


 **********************************************************************************************************************************
 DATASETS  * FILE   NREC   LENGTH (MB)   RECORD NAMES
              1      18       19.99       500      610      700      900      950      970     1000      129      960     1100   
                                          VAR    BASINP    GEOM    SYMINP    ZMAT    AOBASIS   BASIS     P2S    ABASIS      S 
                                         1400     1410     1200     1210     1080     1600     1650     1700   
                                           T        V       H0       H01     AOSYM     SMH    MOLCAS    OPER   

              2       4        2.84       700     1000      520     2100   
                                         GEOM     BASIS   MCVARS     RHF  

 PROGRAMS   *        TOTAL       RHF       INT
 CPU TIMES  *         0.73      0.07      0.53
 REAL TIME  *         1.34 SEC
 DISK USED  *       233.34 MB      
 SF USED    *         0.01 MB      
 GA USED    *         0.00 MB       (max)       0.00 MB       (current)
 **********************************************************************************************************************************


 PROGRAM * CCSD (Unrestricted open-shell coupled cluster)     Authors: C. Hampel, H.-J. Werner, 1991, M. Deegan, P.J. Knowles, 1992


 Convergence thresholds:  THRVAR = 1.00D-08  THRDEN = 1.00D-06

 CCSD(T)     terms to be evaluated (factor= 1.000)


 Number of core orbitals:           2 (   1   0   0   0   1   0   0   0 )
 Number of closed-shell orbitals:   5 (   2   1   1   0   1   0   0   0 )
 Number of active  orbitals:        2 (   0   0   0   0   0   1   1   0 )
 Number of external orbitals:     109 (  24  12  12   6  25  12  12   6 )

 Memory could be reduced to 3.07 Mwords without degradation in triples

 Number of N-1 electron functions:              12
 Number of N-2 electron functions:              66
 Number of singly external CSFs:               220
 Number of doubly external CSFs:             81208
 Total number of CSFs:                       81428

 Molecular orbitals read from record     2100.2  Type=RHF/CANONICAL (state 1.4)

 Integral transformation finished. Total CPU:   0.03 sec, npass=  1  Memory used:   0.56 MW

 Starting RMP2 calculation

 ITER.      SQ.NORM     CORR.ENERGY   TOTAL ENERGY   ENERGY CHANGE        DEN1      VAR(S)    VAR(P)  DIIS     TIME
   1      1.12621023    -0.49158398  -150.14499950    -0.49158398    -0.00120175  0.35D-04  0.41D-03  1  1     0.04
   2      1.12745898    -0.49289155  -150.14630708    -0.00130758    -0.00000558  0.16D-07  0.26D-05  2  2     0.04
   3      1.12752653    -0.49292754  -150.14634306    -0.00003599    -0.00000004  0.76D-09  0.15D-07  3  3     0.05
   4      1.12752688    -0.49292648  -150.14634200     0.00000106    -0.00000000  0.23D-11  0.98D-10  4  4     0.05
   5      1.12752680    -0.49292642  -150.14634194     0.00000006    -0.00000000  0.10D-13  0.24D-12  5  5     0.06

 Norm of t1 vector:      0.08477610      S-energy:    -0.01345426      T1 diagnostic:  0.00074181
 Norm of t2 vector:      0.34690029      P-energy:    -0.47947216
                                         Alpha-Beta:  -0.34072568
                                         Alpha-Alpha: -0.06335185
                                         Beta-Beta:   -0.07539463

 Spin contamination <S**2-Sz**2-Sz>     0.00733856
  Reference energy                   -149.653415522023
  RHF-RMP2 correlation energy          -0.492926419601
 !RHF-RMP2 energy                    -150.146341941625

 Starting UCCSD calculation

 ITER.      SQ.NORM     CORR.ENERGY   TOTAL ENERGY   ENERGY CHANGE        DEN1      VAR(S)    VAR(P)  DIIS     TIME
   1      1.10370574    -0.45620987  -150.10962540    -0.45620987    -0.01822149  0.17D-02  0.33D-02  1  1     0.09
   2      1.11238665    -0.47103190  -150.12444742    -0.01482203    -0.00098037  0.51D-04  0.25D-03  2  2     0.13
   3      1.11436778    -0.47240598  -150.12582150    -0.00137408    -0.00005564  0.48D-05  0.16D-04  3  3     0.16
   4      1.11505957    -0.47273834  -150.12615386    -0.00033235    -0.00000414  0.11D-06  0.14D-05  4  4     0.20
   5      1.11519640    -0.47277604  -150.12619156    -0.00003770    -0.00000038  0.18D-07  0.13D-06  5  5     0.23
   6      1.11522791    -0.47278146  -150.12619698    -0.00000542    -0.00000003  0.18D-08  0.96D-08  6  6     0.27
   7      1.11523109    -0.47278182  -150.12619734    -0.00000036    -0.00000000  0.12D-09  0.87D-09  6  1     0.31

 Norm of t1 vector:      0.08147123      S-energy:    -0.01167062      T1 diagnostic:  0.00699640
                                                                       D1 diagnostic:  0.01376193
 Norm of t2 vector:      0.32953532      P-energy:    -0.46111120
                                         Alpha-Beta:  -0.34176313
                                         Alpha-Alpha: -0.05671925
                                         Beta-Beta:   -0.06262882

 Doubles amplitudes (print threshold =  0.500E-01):

         I         J         SYM. A    SYM. B    A         B      T(IJ, AB) [Beta-Beta]

         4         3         6         7         1         1      0.10028938
         4         3         7         6         1         1     -0.10028938

 Spin contamination <S**2-Sz**2-Sz>     0.00316845

 Memory could be reduced to 3.17 Mwords without degradation in triples


 RESULTS
 =======

  Reference energy                   -149.653415522023
  UCCSD singles energy                 -0.011670615171
  UCCSD pair energy                    -0.461111201777
  UCCSD correlation energy             -0.472781816948
  Triples (T) contribution             -0.020482920523
  Total correlation energy             -0.493264737471

  RHF-UCCSD energy                   -150.126197338971
  RHF-UCCSD[T] energy                -150.146398365815
  RHF-UCCSD-T energy                 -150.146227746143
 !RHF-UCCSD(T) energy                -150.146680259494

 Program statistics:

 Available memory in ccsd:               999999438
 Min. memory needed in ccsd:                281486
 Max. memory used in ccsd:                  373775
 Max. memory used in cckext:                332620 ( 7 integral passes)
 Max. memory used in cckint:                564758 ( 1 integral passes)



 **********************************************************************************************************************************
 DATASETS  * FILE   NREC   LENGTH (MB)   RECORD NAMES
              1      18       19.99       500      610      700      900      950      970     1000      129      960     1100   
                                          VAR    BASINP    GEOM    SYMINP    ZMAT    AOBASIS   BASIS     P2S    ABASIS      S 
                                         1400     1410     1200     1210     1080     1600     1650     1700   
                                           T        V       H0       H01     AOSYM     SMH    MOLCAS    OPER   

              2       4        2.84       700     1000      520     2100   
                                         GEOM     BASIS   MCVARS     RHF  

 PROGRAMS   *        TOTAL  UCCSD(T)       RHF       INT
 CPU TIMES  *         1.25      0.52      0.07      0.53
 REAL TIME  *         2.00 SEC
 DISK USED  *       312.45 MB      
 SF USED    *        39.91 MB      
 GA USED    *         0.00 MB       (max)       0.00 MB       (current)
 **********************************************************************************************************************************

 UCCSD(T)/USERDEF energy=   -150.146680259494

        UCCSD(T)        RHF-SCF 
   -150.14668026   -149.65341552
 **********************************************************************************************************************************
 Molpro calculation terminated
 Variable memory released
