
 Primary working directories    : /home/saurabh/molpro_temp2
 Secondary working directories  : /home/saurabh/molpro_temp2
 Wavefunction directory         : /home/saurabh/molpro_wfn2/
 Main file repository           : /home/saurabh/molpro_temp2/

 SHA1      : f6387f0c468d0184d0b38d85973bdb066f718752
 NAME      : 2015.1.44
 ARCHNAME  : linux/x86_64
 FC        : /opt/may/bin/gfortran
 BLASLIB   : -Wl,-_start-group /opt/intel/mkl/lib/intel64/libmkl_gf_ilp64.a /opt/intel/mkl/lib/intel64/libmkl_gnu_thread.a /opt/intel/mkl/lib/intel64/libmkl_core.a -Wl,-_end-group
 id        : ramakrishnan

 Nodes                 nprocs
 mediawiki.tifrh.res.in    8

 Using customized tuning parameters: mindgm=1; mindgv=20; mindgc=4; mindgr=1; noblas=0; minvec=7
 default implementation of scratch files=sf  

 ***,OH
 memory,1,g
 geometry={
 O  0.000000  0.000000  0.108291
 H -0.000000 -0.000000 -0.866332
  }
 basis={
                                                                            ! oxygen               (10s,5p,4d,2f) -&gt; [10s,5p,4d,2f]
 s, O , 0.1533000000E+05, 0.2299000000E+04, 0.5224000000E+03, 0.1473000000E+03, 0.4755000000E+02, 0.1676000000E+02, 0.6207000000E+01, 0.1752000000E+01, 0.6882000000E+00, 0.2384000000E+00
 c, 1.1, 0.1000000000E+01
 c, 2.2, 0.1000000000E+01
 c, 3.3, 0.1000000000E+01
 c, 4.4, 0.1000000000E+01
 c, 5.5, 0.1000000000E+01
 c, 6.6, 0.1000000000E+01
 c, 7.7, 0.1000000000E+01
 c, 8.8, 0.1000000000E+01
 c, 9.9, 0.1000000000E+01
 c, 10.10, 0.1000000000E+01
 p, O , 0.3446000000E+02, 0.7749000000E+01, 0.2280000000E+01, 0.7156000000E+00, 0.2140000000E+00
 c, 1.1, 0.1000000000E+01
 c, 2.2, 0.1000000000E+01
 c, 3.3, 0.1000000000E+01
 c, 4.4, 0.1000000000E+01
 c, 5.5, 0.1000000000E+01
 d, O , 0.2100000000E+02, 0.7000000000E+01, 0.2314000000E+01, 0.6450000000E+00
 c, 1.1, 0.1000000000E+01
 c, 2.2, 0.1000000000E+01
 c, 3.3, 0.1000000000E+01
 c, 4.4, 0.1000000000E+01
 f, O , 0.4300000000E+01, 0.1428000000E+01
 c, 1.1, 0.1000000000E+01
 c, 2.2, 0.1000000000E+01
                                                                                 ! hydrogen             (5s,2p,1d) -&gt; [5s,2p,1d]
 s, H , 0.3387000000E+02, 0.5095000000E+01, 0.1159000000E+01, 0.3258000000E+00, 0.1027000000E+00
 c, 1.1, 0.1000000000E+01
 c, 2.2, 0.1000000000E+01
 c, 3.3, 0.1000000000E+01
 c, 4.4, 0.1000000000E+01
 c, 5.5, 0.1000000000E+01
 p, H , 0.1407000000E+01, 0.3880000000E+00
 c, 1.1, 0.1000000000E+01
 c, 2.2, 0.1000000000E+01
 d, H , 0.1057000000E+01
 c, 1.1, 0.1000000000E+01
                                                                            ! carbon               (10s,5p,4d,2f) -&gt; [10s,5p,4d,2f]
 s, C , 0.8236000000E+04, 0.1235000000E+04, 0.2808000000E+03, 0.7927000000E+02, 0.2559000000E+02, 0.8997000000E+01, 0.3319000000E+01, 0.9059000000E+00, 0.3643000000E+00, 0.1285000000E+00
 c, 1.1, 0.1000000000E+01
 c, 2.2, 0.1000000000E+01
 c, 3.3, 0.1000000000E+01
 c, 4.4, 0.1000000000E+01
 c, 5.5, 0.1000000000E+01
 c, 6.6, 0.1000000000E+01
 c, 7.7, 0.1000000000E+01
 c, 8.8, 0.1000000000E+01
 c, 9.9, 0.1000000000E+01
 c, 10.10, 0.1000000000E+01
 p, C , 0.1871000000E+02, 0.4133000000E+01, 0.1200000000E+01, 0.3827000000E+00, 0.1209000000E+00
 c, 1.1, 0.1000000000E+01
 c, 2.2, 0.1000000000E+01
 c, 3.3, 0.1000000000E+01
 c, 4.4, 0.1000000000E+01
 c, 5.5, 0.1000000000E+01
 d, C , 0.1000000000E+02, 0.3300000000E+01, 0.1097000000E+01, 0.3180000000E+00
 c, 1.1, 0.1000000000E+01
 c, 2.2, 0.1000000000E+01
 c, 3.3, 0.1000000000E+01
 c, 4.4, 0.1000000000E+01
 f, C , 0.2300000000E+01, 0.7610000000E+00
 c, 1.1, 0.1000000000E+01
 c, 2.2, 0.1000000000E+01
 }
 {rhf
 wf,9,2,1
 }
 uccsd(t);
 

 Variables initialized (889), CPU time= 0.01 sec
 Commands  initialized (702), CPU time= 0.02 sec, 572 directives.
 Default parameters read. Elapsed time= 0.06 sec

 Checking input...
 Passed
1


                                         ***  PROGRAM SYSTEM MOLPRO  ***
                                       Copyright, TTI GmbH Stuttgart, 2015
                                    Version 2015.1 linked Jun  9 2019 06:55:40


 **********************************************************************************************************************************
 LABEL *   OH                                                                            
  64 bit mpp version                                                                     DATE: 29-Jun-22          TIME: 12:00:17  
 **********************************************************************************************************************************

 SHA1:             f6387f0c468d0184d0b38d85973bdb066f718752
 **********************************************************************************************************************************

Geometry recognized as XYZ


 Variable memory set to 1000000000 words,  buffer space   230000 words

 SETTING BASIS          =    USERDEF


 Recomputing integrals since basis changed


 Using spherical harmonics



 PROGRAM * SEWARD (Integral evaluation for generally contracted gaussian basis sets)     Author: Roland Lindh, 1990

 Geometry written to block  1 of record 700


 Point group  C2v 



 ATOMIC COORDINATES

 NR  ATOM    CHARGE       X              Y              Z

   1  O       8.00    0.000000000    0.000000000    0.204640332
   2  H       1.00    0.000000000    0.000000000   -1.637130213

 Bond lengths in Bohr (Angstrom)

 1-2  1.841770545
     ( 0.974623000)

 NUCLEAR CHARGE:                    9
 NUMBER OF PRIMITIVE AOS:          86
 NUMBER OF SYMMETRY AOS:           75
 NUMBER OF CONTRACTIONS:           75   (  36A1  +  16B1  +  16B2  +   7A2  )
 NUMBER OF CORE ORBITALS:           1   (   1A1  +   0B1  +   0B2  +   0A2  )
 NUMBER OF VALENCE ORBITALS:        5   (   3A1  +   1B1  +   1B2  +   0A2  )


 NUCLEAR REPULSION ENERGY    4.34364640

 EXTRA SYMMETRY OF AOS IN SYMMETRY 1:   1 1 1 1 1 1 1 1 1 1   1 1 1 1 1 1 2 1 2 1   2 1 2 1 2 1 2 1 1 1   1 1 1 1 1 2
 EXTRA SYMMETRY OF AOS IN SYMMETRY 2:   1 1 1 1 1 1 1 1 1 1   2 1 2 1 1 1
 EXTRA SYMMETRY OF AOS IN SYMMETRY 3:   1 1 1 1 1 1 1 1 1 1   2 1 2 1 1 1

 Eigenvalues of metric

         1 0.327E-02 0.924E-02 0.189E-01 0.376E-01 0.553E-01 0.934E-01 0.110E+00 0.128E+00
         2 0.853E-01 0.114E+00 0.196E+00 0.257E+00 0.359E+00 0.479E+00 0.533E+00 0.682E+00
         3 0.853E-01 0.114E+00 0.196E+00 0.257E+00 0.359E+00 0.479E+00 0.533E+00 0.682E+00
         4 0.181E+00 0.433E+00 0.537E+00 0.900E+00 0.127E+01 0.159E+01 0.209E+01


 Contracted 2-electron integrals neglected if value below      1.0D-11
 AO integral compression algorithm  1   Integral accuracy      1.0D-11

     5.767 MB (compressed) written to integral file ( 59.2%)

     Node minimum: 0.524 MB, node maximum: 0.786 MB


 NUMBER OF SORTED TWO-ELECTRON INTEGRALS:     137886.     BUFFER LENGTH:  32768
 NUMBER OF SEGMENTS:   1  SEGMENT LENGTH:     137886      RECORD LENGTH: 524288

 Memory used in sort:       0.69 MW

 SORT1 READ     1298861. AND WROTE       83339. INTEGRALS IN      1 RECORDS. CPU TIME:     0.03 SEC, REAL TIME:     0.05 SEC
 SORT2 READ      701811. AND WROTE     1112421. INTEGRALS IN     24 RECORDS. CPU TIME:     0.00 SEC, REAL TIME:     0.01 SEC

 Node minimum:      137526.  Node maximum:      140672. integrals

 OPERATOR DM      FOR CENTER  0  COORDINATES:    0.000000    0.000000    0.000000


 **********************************************************************************************************************************
 DATASETS  * FILE   NREC   LENGTH (MB)   RECORD NAMES
              1      18       19.96       500      610      700      900      950      970     1000      129      960     1100   
                                          VAR    BASINP    GEOM    SYMINP    ZMAT    AOBASIS   BASIS     P2S    ABASIS      S 
                                         1400     1410     1200     1210     1080     1600     1650     1700   
                                           T        V       H0       H01     AOSYM     SMH    MOLCAS    OPER   

 PROGRAMS   *        TOTAL       INT
 CPU TIMES  *         0.40      0.27
 REAL TIME  *         0.96 SEC
 DISK USED  *        37.66 MB      
 GA USED    *         0.00 MB       (max)       0.00 MB       (current)
 **********************************************************************************************************************************


 PROGRAM * RHF-SCF (OPEN SHELL)       Authors: W. Meyer, H.-J. Werner


 NUMBER OF ELECTRONS:       5+    4-    SPACE SYMMETRY=2    SPIN SYMMETRY: Doublet 
 CONVERGENCE THRESHOLDS:    1.00E-05 (Density)    1.00E-07 (Energy)
 MAX. NUMBER OF ITERATIONS:       60
 INTERPOLATION TYPE:            DIIS
 INTERPOLATION STEPS:              2 (START)      1 (STEP)
 LEVEL SHIFTS:                 -0.60 (CLOSED) -0.30 (OPEN) 



 Orbital guess generated from atomic densities. Full valence occupancy:    4   1   1   0

 Molecular orbital dump at record        2100.2

 Initial alpha occupancy:   3   1   1   0
 Initial beta  occupancy:   3   0   1   0
 Wave function symmetry:    2

 ITERATION    DDIFF          GRAD             ENERGY        2-EL.EN.            DIPOLE MOMENTS         DIIS   ORB.
    1      0.000D+00      0.000D+00       -75.40253757     65.822777    0.00000    0.00000   -0.92581    0    start
    2      0.000D+00      0.970D-02       -75.41288760     65.792390    0.00000    0.00000   -0.77305    1    diag,B
    3      0.260D-02      0.248D-02       -75.41408956     65.834667    0.00000    0.00000   -0.72995    2    diag,B
    4      0.137D-02      0.910D-03       -75.41433013     65.835621    0.00000    0.00000   -0.71196    3    diag,B
    5      0.840D-03      0.291D-03       -75.41436012     65.836661    0.00000    0.00000   -0.70666    4    diag,B
    6      0.316D-03      0.782D-04       -75.41436222     65.833884    0.00000    0.00000   -0.70519    5    diag,B
    7      0.541D-04      0.281D-04       -75.41436250     65.833512    0.00000    0.00000   -0.70466    6    fixocc
    8      0.209D-04      0.980D-05       -75.41436254     65.833289    0.00000    0.00000   -0.70436    7    diag,B
    9      0.104D-04      0.260D-05       -75.41436254     65.833293    0.00000    0.00000   -0.70427    8    diag,B
   10      0.363D-05      0.421D-06       -75.41436254     65.833294    0.00000    0.00000   -0.70426    0    orth

 Final alpha occupancy:   3   1   1   0
 Final beta  occupancy:   3   0   1   0

 !RHF STATE 1.2 Energy                -75.414362539723
 Nuclear energy                         4.34364640
 One-electron energy                 -112.67465585
 Two-electron energy                   32.91664691
 Virial quotient                       -1.00039952
 !RHF STATE 1.2 Dipole moment           0.00000000     0.00000000    -0.70426427
 Dipole moment /Debye                   0.00000000     0.00000000    -1.78994398

 Orbital energies:

         1.1          2.1          3.1          4.1          5.1
    -20.612133    -1.301093    -0.654120     0.141047     0.541089

         1.2          2.2          3.2
     -0.640742     0.711871     0.863361

         1.3          2.3          3.3
     -0.532963     0.756463     0.880739

         1.4          2.4
      1.665991     3.472491

 HOMO      1.3    -0.532963 =     -14.5027eV
 LUMO      4.1     0.141047 =       3.8381eV
 LUMO-HOMO         0.674011 =      18.3408eV


 **********************************************************************************************************************************
 DATASETS  * FILE   NREC   LENGTH (MB)   RECORD NAMES
              1      18       19.96       500      610      700      900      950      970     1000      129      960     1100   
                                          VAR    BASINP    GEOM    SYMINP    ZMAT    AOBASIS   BASIS     P2S    ABASIS      S 
                                         1400     1410     1200     1210     1080     1600     1650     1700   
                                           T        V       H0       H01     AOSYM     SMH    MOLCAS    OPER   

              2       4        2.82       700     1000      520     2100   
                                         GEOM     BASIS   MCVARS     RHF  

 PROGRAMS   *        TOTAL       RHF       INT
 CPU TIMES  *         0.46      0.06      0.27
 REAL TIME  *         1.06 SEC
 DISK USED  *       222.40 MB      
 SF USED    *         0.01 MB      
 GA USED    *         0.00 MB       (max)       0.00 MB       (current)
 **********************************************************************************************************************************


 PROGRAM * CCSD (Unrestricted open-shell coupled cluster)     Authors: C. Hampel, H.-J. Werner, 1991, M. Deegan, P.J. Knowles, 1992


 Convergence thresholds:  THRVAR = 1.00D-08  THRDEN = 1.00D-06

 CCSD(T)     terms to be evaluated (factor= 1.000)


 Number of core orbitals:           1 (   1   0   0   0 )
 Number of closed-shell orbitals:   3 (   2   0   1   0 )
 Number of active  orbitals:        1 (   0   1   0   0 )
 Number of external orbitals:      70 (  33  15  15   7 )

 Memory could be reduced to 1.35 Mwords without degradation in triples

 Number of N-1 electron functions:               7
 Number of N-2 electron functions:              21
 Number of singly external CSFs:               178
 Number of doubly external CSFs:             22138
 Total number of CSFs:                       22316

 Molecular orbitals read from record     2100.2  Type=RHF/CANONICAL (state 1.2)

 Integral transformation finished. Total CPU:   0.01 sec, npass=  1  Memory used:   0.17 MW

 Starting RMP2 calculation

 ITER.      SQ.NORM     CORR.ENERGY   TOTAL ENERGY   ENERGY CHANGE        DEN1      VAR(S)    VAR(P)  DIIS     TIME
   1      1.04498825    -0.21409873   -75.62846127    -0.21409873    -0.00040099  0.28D-05  0.11D-03  1  1     0.02
   2      1.04526152    -0.21452275   -75.62888529    -0.00042402    -0.00000031  0.53D-08  0.90D-07  2  2     0.02
   3      1.04526636    -0.21452738   -75.62888992    -0.00000463    -0.00000000  0.25D-10  0.16D-09  3  3     0.02
   4      1.04526636    -0.21452736   -75.62888990     0.00000002    -0.00000000  0.16D-12  0.57D-12  4  4     0.02

 Norm of t1 vector:      0.03345911      S-energy:    -0.00331535      T1 diagnostic:  0.00009459
 Norm of t2 vector:      0.21011152      P-energy:    -0.21121200
                                         Alpha-Beta:  -0.16256152
                                         Alpha-Alpha: -0.03316249
                                         Beta-Beta:   -0.01548800

 Spin contamination <S**2-Sz**2-Sz>     0.00313116
  Reference energy                    -75.414362539723
  RHF-RMP2 correlation energy          -0.214527357478
 !RHF-RMP2 energy                     -75.628889897201

 Starting UCCSD calculation

 ITER.      SQ.NORM     CORR.ENERGY   TOTAL ENERGY   ENERGY CHANGE        DEN1      VAR(S)    VAR(P)  DIIS     TIME
   1      1.04918919    -0.22101209   -75.63537463    -0.22101209    -0.00420357  0.28D-03  0.73D-03  1  1     0.03
   2      1.05245445    -0.22528447   -75.63964701    -0.00427238    -0.00027098  0.25D-04  0.72D-04  2  2     0.04
   3      1.05362228    -0.22613860   -75.64050114    -0.00085413    -0.00002766  0.21D-05  0.86D-05  3  3     0.05
   4      1.05402283    -0.22632296   -75.64068549    -0.00018435    -0.00000327  0.20D-06  0.13D-05  4  4     0.06
   5      1.05413636    -0.22636112   -75.64072366    -0.00003816    -0.00000038  0.17D-07  0.15D-06  5  5     0.07
   6      1.05415294    -0.22636245   -75.64072499    -0.00000133    -0.00000004  0.32D-08  0.15D-07  6  6     0.08
   7      1.05415561    -0.22636294   -75.64072548    -0.00000050    -0.00000001  0.11D-08  0.21D-08  6  1     0.08

 Norm of t1 vector:      0.04579735      S-energy:    -0.00364218      T1 diagnostic:  0.00581260
                                                                       D1 diagnostic:  0.01016454
 Norm of t2 vector:      0.22816270      P-energy:    -0.22272076
                                         Alpha-Beta:  -0.17699945
                                         Alpha-Alpha: -0.03149317
                                         Beta-Beta:   -0.01422814

 Spin contamination <S**2-Sz**2-Sz>     0.00106602

 Memory could be reduced to 1.42 Mwords without degradation in triples


 RESULTS
 =======

  Reference energy                    -75.414362539723
  UCCSD singles energy                 -0.003642182869
  UCCSD pair energy                    -0.222720760247
  UCCSD correlation energy             -0.226362943116
  Triples (T) contribution             -0.005656538214
  Total correlation energy             -0.232019481330

  RHF-UCCSD energy                    -75.640725482839
  RHF-UCCSD[T] energy                 -75.646475287533
  RHF-UCCSD-T energy                  -75.646305362191
 !RHF-UCCSD(T) energy                 -75.646382021053

 Program statistics:

 Available memory in ccsd:               999999732
 Min. memory needed in ccsd:                109053
 Max. memory used in ccsd:                  130520
 Max. memory used in cckext:                149247 ( 7 integral passes)
 Max. memory used in cckint:                172664 ( 1 integral passes)



 **********************************************************************************************************************************
 DATASETS  * FILE   NREC   LENGTH (MB)   RECORD NAMES
              1      18       19.96       500      610      700      900      950      970     1000      129      960     1100   
                                          VAR    BASINP    GEOM    SYMINP    ZMAT    AOBASIS   BASIS     P2S    ABASIS      S 
                                         1400     1410     1200     1210     1080     1600     1650     1700   
                                           T        V       H0       H01     AOSYM     SMH    MOLCAS    OPER   

              2       4        2.82       700     1000      520     2100   
                                         GEOM     BASIS   MCVARS     RHF  

 PROGRAMS   *        TOTAL  UCCSD(T)       RHF       INT
 CPU TIMES  *         0.62      0.15      0.06      0.27
 REAL TIME  *         1.26 SEC
 DISK USED  *       241.94 MB      
 SF USED    *        12.10 MB      
 GA USED    *         0.00 MB       (max)       0.00 MB       (current)
 **********************************************************************************************************************************

 UCCSD(T)/USERDEF energy=    -75.646382021053

        UCCSD(T)        RHF-SCF 
    -75.64638202    -75.41436254
 **********************************************************************************************************************************
 Molpro calculation terminated
 Variable memory released
