
 Primary working directories    : /home/saurabh/molpro_temp2
 Secondary working directories  : /home/saurabh/molpro_temp2
 Wavefunction directory         : /home/saurabh/molpro_wfn2/
 Main file repository           : /home/saurabh/molpro_temp2/

 SHA1      : f6387f0c468d0184d0b38d85973bdb066f718752
 NAME      : 2015.1.44
 ARCHNAME  : linux/x86_64
 FC        : /opt/may/bin/gfortran
 BLASLIB   : -Wl,-_start-group /opt/intel/mkl/lib/intel64/libmkl_gf_ilp64.a /opt/intel/mkl/lib/intel64/libmkl_gnu_thread.a /opt/intel/mkl/lib/intel64/libmkl_core.a -Wl,-_end-group
 id        : ramakrishnan

 Nodes                 nprocs
 mediawiki.tifrh.res.in    8

 Using customized tuning parameters: mindgm=1; mindgv=20; mindgc=4; mindgr=1; noblas=0; minvec=7
 default implementation of scratch files=sf  

 ***,OOH
 memory,1,g
 geometry={
 O  0.055362   0.718634  0.000000
 O  0.055362  -0.610419  0.000000
 H -0.885791  -0.865721  0.000000
  }
 basis={
                                                                            ! oxygen               (10s,5p,4d,2f) -&gt; [10s,5p,4d,2f]
 s, O , 0.1533000000E+05, 0.2299000000E+04, 0.5224000000E+03, 0.1473000000E+03, 0.4755000000E+02, 0.1676000000E+02, 0.6207000000E+01, 0.1752000000E+01, 0.6882000000E+00, 0.2384000000E+00
 c, 1.1, 0.1000000000E+01
 c, 2.2, 0.1000000000E+01
 c, 3.3, 0.1000000000E+01
 c, 4.4, 0.1000000000E+01
 c, 5.5, 0.1000000000E+01
 c, 6.6, 0.1000000000E+01
 c, 7.7, 0.1000000000E+01
 c, 8.8, 0.1000000000E+01
 c, 9.9, 0.1000000000E+01
 c, 10.10, 0.1000000000E+01
 p, O , 0.3446000000E+02, 0.7749000000E+01, 0.2280000000E+01, 0.7156000000E+00, 0.2140000000E+00
 c, 1.1, 0.1000000000E+01
 c, 2.2, 0.1000000000E+01
 c, 3.3, 0.1000000000E+01
 c, 4.4, 0.1000000000E+01
 c, 5.5, 0.1000000000E+01
 d, O , 0.2100000000E+02, 0.7000000000E+01, 0.2314000000E+01, 0.6450000000E+00
 c, 1.1, 0.1000000000E+01
 c, 2.2, 0.1000000000E+01
 c, 3.3, 0.1000000000E+01
 c, 4.4, 0.1000000000E+01
 f, O , 0.4300000000E+01, 0.1428000000E+01
 c, 1.1, 0.1000000000E+01
 c, 2.2, 0.1000000000E+01
                                                                                 ! hydrogen             (5s,2p,1d) -&gt; [5s,2p,1d]
 s, H , 0.3387000000E+02, 0.5095000000E+01, 0.1159000000E+01, 0.3258000000E+00, 0.1027000000E+00
 c, 1.1, 0.1000000000E+01
 c, 2.2, 0.1000000000E+01
 c, 3.3, 0.1000000000E+01
 c, 4.4, 0.1000000000E+01
 c, 5.5, 0.1000000000E+01
 p, H , 0.1407000000E+01, 0.3880000000E+00
 c, 1.1, 0.1000000000E+01
 c, 2.2, 0.1000000000E+01
 d, H , 0.1057000000E+01
 c, 1.1, 0.1000000000E+01
                                                                            ! carbon               (10s,5p,4d,2f) -&gt; [10s,5p,4d,2f]
 s, C , 0.8236000000E+04, 0.1235000000E+04, 0.2808000000E+03, 0.7927000000E+02, 0.2559000000E+02, 0.8997000000E+01, 0.3319000000E+01, 0.9059000000E+00, 0.3643000000E+00, 0.1285000000E+00
 c, 1.1, 0.1000000000E+01
 c, 2.2, 0.1000000000E+01
 c, 3.3, 0.1000000000E+01
 c, 4.4, 0.1000000000E+01
 c, 5.5, 0.1000000000E+01
 c, 6.6, 0.1000000000E+01
 c, 7.7, 0.1000000000E+01
 c, 8.8, 0.1000000000E+01
 c, 9.9, 0.1000000000E+01
 c, 10.10, 0.1000000000E+01
 p, C , 0.1871000000E+02, 0.4133000000E+01, 0.1200000000E+01, 0.3827000000E+00, 0.1209000000E+00
 c, 1.1, 0.1000000000E+01
 c, 2.2, 0.1000000000E+01
 c, 3.3, 0.1000000000E+01
 c, 4.4, 0.1000000000E+01
 c, 5.5, 0.1000000000E+01
 d, C , 0.1000000000E+02, 0.3300000000E+01, 0.1097000000E+01, 0.3180000000E+00
 c, 1.1, 0.1000000000E+01
 c, 2.2, 0.1000000000E+01
 c, 3.3, 0.1000000000E+01
 c, 4.4, 0.1000000000E+01
 f, C , 0.2300000000E+01, 0.7610000000E+00
 c, 1.1, 0.1000000000E+01
 c, 2.2, 0.1000000000E+01
 }
 DKROLL=1
 DKHO=2
 {rhf
 wf,17,2,1
 }
 {uccsd(t)
 core}
 

 Variables initialized (889), CPU time= 0.01 sec
 Commands  initialized (702), CPU time= 0.02 sec, 572 directives.
 Default parameters read. Elapsed time= 0.05 sec

 Checking input...
 Passed
1


                                         ***  PROGRAM SYSTEM MOLPRO  ***
                                       Copyright, TTI GmbH Stuttgart, 2015
                                    Version 2015.1 linked Jun  9 2019 06:55:40


 **********************************************************************************************************************************
 LABEL *   OOH                                                                           
  64 bit mpp version                                                                     DATE: 28-Jun-22          TIME: 19:22:37  
 **********************************************************************************************************************************

 SHA1:             f6387f0c468d0184d0b38d85973bdb066f718752
 **********************************************************************************************************************************

Geometry recognized as XYZ


 Variable memory set to 1000000000 words,  buffer space   230000 words

 SETTING BASIS          =    USERDEF
 SETTING DKROLL         =         1.00000000                                  
 SETTING DKHO           =         2.00000000                                  


 Recomputing integrals since basis changed


 Using spherical harmonics



 PROGRAM * SEWARD (Integral evaluation for generally contracted gaussian basis sets)     Author: Roland Lindh, 1990

 Geometry written to block  1 of record 700


 Point group  Cs  



 ATOMIC COORDINATES

 NR  ATOM    CHARGE       X              Y              Z

   1  O       8.00    0.104619018    1.358021444    0.000000000
   2  O       8.00    0.104619018   -1.153524731    0.000000000
   3  H       1.00   -1.673902394   -1.635975590    0.000000000

 Bond lengths in Bohr (Angstrom)

 1-2  2.511546175  2-3  1.842796039
     ( 1.329053000)     ( 0.975165668)

 Bond angles

  1-2-3  105.17711549

 NUCLEAR CHARGE:                   17
 NUMBER OF PRIMITIVE AOS:         155
 NUMBER OF SYMMETRY AOS:          134
 NUMBER OF CONTRACTIONS:          134   (  92A'  +  42A"  )
 NUMBER OF CORE ORBITALS:           2   (   2A'  +   0A"  )
 NUMBER OF VALENCE ORBITALS:        9   (   7A'  +   2A"  )


 NUCLEAR REPULSION ENERGY   32.12080174

 One-electron integrals computed with SEWARD

 2nd-order Douglas-Kroll-Hess method activated. Optimal DKH parametrization is used.

 Computing Douglas-Kroll / X2C integrals

 AO integral compression algorithm  1   Integral accuracy      1.0D-11

     60.293 MB (compressed) written to integral file ( 28.4%)

     Node minimum: 6.554 MB, node maximum: 8.389 MB


 NUMBER OF SORTED TWO-ELECTRON INTEGRALS:    2630792.     BUFFER LENGTH:  32768
 NUMBER OF SEGMENTS:   1  SEGMENT LENGTH:    2630792      RECORD LENGTH: 524288

 Memory used in sort:       3.19 MW

 SORT1 READ    26680512. AND WROTE     1422581. INTEGRALS IN      5 RECORDS. CPU TIME:     0.24 SEC, REAL TIME:     0.26 SEC
 SORT2 READ    11353482. AND WROTE    21150039. INTEGRALS IN    232 RECORDS. CPU TIME:     0.06 SEC, REAL TIME:     0.08 SEC

 Node minimum:     2630792.  Node maximum:     2647514. integrals

 OPERATOR DM      FOR CENTER  0  COORDINATES:    0.000000    0.000000    0.000000

 Eigenvalues of metric

         1 0.267E-02 0.548E-02 0.734E-02 0.972E-02 0.177E-01 0.198E-01 0.346E-01 0.504E-01
         2 0.822E-01 0.923E-01 0.109E+00 0.121E+00 0.179E+00 0.181E+00 0.194E+00 0.223E+00


 **********************************************************************************************************************************
 DATASETS  * FILE   NREC   LENGTH (MB)   RECORD NAMES
              1      22       20.59       500      610      700      900      950      970     1000      129      960     1700   
                                          VAR    BASINP    GEOM    SYMINP    ZMAT    AOBASIS   BASIS     P2S    ABASIS    OPER   
                                         1101     1401     1411     1412     1650     1100     1400     1410     1200     1210   
                                          SR      EKINR    POTR     PVPR    MOLCAS      S      EKIN      POT      H0       H01  
                                         1080     1600   
                                         AOSYM     SMH  

 PROGRAMS   *        TOTAL       INT
 CPU TIMES  *         0.79      0.66
 REAL TIME  *         1.41 SEC
 DISK USED  *       215.84 MB      
 GA USED    *         0.00 MB       (max)       0.00 MB       (current)
 **********************************************************************************************************************************


 PROGRAM * RHF-SCF (OPEN SHELL)       Authors: W. Meyer, H.-J. Werner


 NUMBER OF ELECTRONS:       9+    8-    SPACE SYMMETRY=2    SPIN SYMMETRY: Doublet 
 CONVERGENCE THRESHOLDS:    1.00E-05 (Density)    1.00E-07 (Energy)
 MAX. NUMBER OF ITERATIONS:       60
 INTERPOLATION TYPE:            DIIS
 INTERPOLATION STEPS:              2 (START)      1 (STEP)
 LEVEL SHIFTS:                 -0.60 (CLOSED) -0.30 (OPEN) 



 Orbital guess generated from atomic densities. Full valence occupancy:    9   2

 Molecular orbital dump at record        2100.2

 Initial alpha occupancy:   7   2
 Initial beta  occupancy:   7   1
 Wave function symmetry:    2

 ITERATION    DDIFF          GRAD             ENERGY        2-EL.EN.            DIPOLE MOMENTS         DIIS   ORB.
    1      0.000D+00      0.000D+00      -150.27226447    175.934047   -0.91087   -1.15794    0.00000    0    start
    2      0.000D+00      0.840D-02      -150.31213047    177.387307   -0.79075   -0.65609    0.00000    1    diag,B
    3      0.219D-02      0.348D-02      -150.31960352    177.253956   -0.74575   -0.64273    0.00000    2    diag,B
    4      0.879D-03      0.122D-02      -150.32453044    177.298662   -0.72377   -0.52284    0.00000    3    diag,B
    5      0.649D-03      0.101D-02      -150.32839969    177.318098   -0.71060   -0.44946    0.00000    4    diag,B
    6      0.545D-03      0.748D-03      -150.33270953    177.335599   -0.70074   -0.36504    0.00000    5    diag,B
    7      0.776D-03      0.423D-03      -150.33398260    177.367875   -0.69753   -0.33585    0.00000    6    fixocc
    8      0.549D-03      0.146D-03      -150.33405879    177.367453   -0.69597   -0.33632    0.00000    7    diag,B
    9      0.158D-03      0.464D-04      -150.33406292    177.368917   -0.69575   -0.33949    0.00000    8    diag,B
   10      0.514D-04      0.165D-04      -150.33406350    177.368620   -0.69561   -0.34052    0.00000    9    orth
   11      0.213D-04      0.638D-05      -150.33406355    177.368543   -0.69566   -0.34076    0.00000    9    diag,B
   12      0.676D-05      0.424D-05      -150.33406358    177.368459   -0.69563   -0.34066    0.00000    0    orth

 Final alpha occupancy:   7   2
 Final beta  occupancy:   7   1

 !RHF STATE 1.2 Energy               -150.334063578900
 Nuclear energy                        32.12080174
 One-electron energy                 -271.13909477
 Two-electron energy                   88.68422945
 Virial quotient                       -0.99600565
 !RHF STATE 1.2 Dipole moment          -0.69562991    -0.34066460     0.00000000
 Dipole moment /Debye                  -1.76799906    -0.86582634     0.00000000

 Orbital energies:

         1.1          2.1          3.1          4.1          5.1          6.1          7.1          8.1          9.1
    -20.681192   -20.676017    -1.538980    -1.155525    -0.757878    -0.658413    -0.502763     0.136452     0.319057

         1.2          2.2          3.2          4.2
     -0.620692    -0.587670     0.701010     0.798446

 HOMO      7.1    -0.502763 =     -13.6809eV
 LUMO      8.1     0.136452 =       3.7131eV
 LUMO-HOMO         0.639215 =      17.3939eV


 **********************************************************************************************************************************
 DATASETS  * FILE   NREC   LENGTH (MB)   RECORD NAMES
              1      22       20.59       500      610      700      900      950      970     1000      129      960     1700   
                                          VAR    BASINP    GEOM    SYMINP    ZMAT    AOBASIS   BASIS     P2S    ABASIS    OPER   
                                         1101     1401     1411     1412     1650     1100     1400     1410     1200     1210   
                                          SR      EKINR    POTR     PVPR    MOLCAS      S      EKIN      POT      H0       H01  
                                         1080     1600   
                                         AOSYM     SMH  

              2       4        3.08       700     1000      520     2100   
                                         GEOM     BASIS   MCVARS     RHF  

 PROGRAMS   *        TOTAL       RHF       INT
 CPU TIMES  *         1.18      0.39      0.66
 REAL TIME  *         1.85 SEC
 DISK USED  *       417.64 MB      
 SF USED    *         0.04 MB      
 GA USED    *         0.00 MB       (max)       0.00 MB       (current)
 **********************************************************************************************************************************


 PROGRAM * CCSD (Unrestricted open-shell coupled cluster)     Authors: C. Hampel, H.-J. Werner, 1991, M. Deegan, P.J. Knowles, 1992


 Convergence thresholds:  THRVAR = 1.00D-08  THRDEN = 1.00D-06

 CCSD(T)     terms to be evaluated (factor= 1.000)


 Number of closed-shell orbitals:   8 (   7   1 )
 Number of active  orbitals:        1 (   0   1 )
 Number of external orbitals:     125 (  85  40 )

 Memory could be reduced to 19.37 Mwords without degradation in triples

 Number of N-1 electron functions:              17
 Number of N-2 electron functions:             136
 Number of singly external CSFs:              1313
 Number of doubly external CSFs:            862531
 Total number of CSFs:                      863844

 Molecular orbitals read from record     2100.2  Type=RHF/CANONICAL (state 1.2)

 Integral transformation finished. Total CPU:   0.36 sec, npass=  1  Memory used:   3.76 MW

 Starting RMP2 calculation

 ITER.      SQ.NORM     CORR.ENERGY   TOTAL ENERGY   ENERGY CHANGE        DEN1      VAR(S)    VAR(P)  DIIS     TIME
   1      1.10754776    -0.57531711  -150.90938069    -0.57531711    -0.00131456  0.23D-04  0.41D-03  1  1     0.42
   2      1.10860681    -0.57673455  -150.91079813    -0.00141744    -0.00000389  0.59D-06  0.12D-05  2  2     0.47
   3      1.10864823    -0.57676492  -150.91082850    -0.00003037    -0.00000004  0.25D-07  0.49D-08  3  3     0.54
   4      1.10864969    -0.57676524  -150.91082882    -0.00000032    -0.00000000  0.55D-09  0.36D-10  4  4     0.61

 Norm of t1 vector:      0.04389157      S-energy:    -0.00440975      T1 diagnostic:  0.00087383
 Norm of t2 vector:      0.32668520      P-energy:    -0.57235549
                                         Alpha-Beta:  -0.44186738
                                         Alpha-Alpha: -0.07082693
                                         Beta-Beta:   -0.05966119

 Spin contamination <S**2-Sz**2-Sz>     0.00297355
  Reference energy                   -150.334063578900
  RHF-RMP2 correlation energy          -0.576765242986
 !RHF-RMP2 energy                    -150.910828821886

 Starting UCCSD calculation

 ITER.      SQ.NORM     CORR.ENERGY   TOTAL ENERGY   ENERGY CHANGE        DEN1      VAR(S)    VAR(P)  DIIS     TIME
   1      1.10795447    -0.57186294  -150.90592652    -0.57186294    -0.01457136  0.43D-02  0.17D-02  1  1     1.08
   2      1.11829106    -0.58381055  -150.91787413    -0.01194761    -0.00215134  0.52D-03  0.47D-03  2  2     1.54
   3      1.12746655    -0.58695421  -150.92101779    -0.00314366    -0.00067649  0.57D-03  0.50D-04  3  3     2.01
   4      1.13535966    -0.58888281  -150.92294638    -0.00192859    -0.00028480  0.23D-03  0.21D-04  4  4     2.48
   5      1.14675995    -0.59054552  -150.92460910    -0.00166272    -0.00006753  0.55D-04  0.52D-05  5  5     2.96
   6      1.15419370    -0.59123437  -150.92529795    -0.00068885    -0.00000594  0.23D-05  0.12D-05  6  6     3.45
   7      1.15560921    -0.59134269  -150.92540627    -0.00010832    -0.00000080  0.19D-06  0.21D-06  6  1     3.95
   8      1.15569770    -0.59134903  -150.92541261    -0.00000634    -0.00000013  0.38D-07  0.35D-07  6  3     4.44
   9      1.15582907    -0.59135948  -150.92542306    -0.00001046    -0.00000002  0.49D-08  0.53D-08  6  2     4.92
  10      1.15581443    -0.59135823  -150.92542180     0.00000126    -0.00000000  0.82D-09  0.69D-09  6  4     5.42
  11      1.15581772    -0.59135751  -150.92542109     0.00000072    -0.00000000  0.19D-09  0.99D-10  6  5     5.95

 Norm of t1 vector:      0.18905085      S-energy:    -0.00484481      T1 diagnostic:  0.03119792
                                                                       D1 diagnostic:  0.12362176
 Norm of t2 vector:      0.34652200      P-energy:    -0.58651270
                                         Alpha-Beta:  -0.46641240
                                         Alpha-Alpha: -0.06429799
                                         Beta-Beta:   -0.05580231

 Singles amplitudes (print threshold =  0.500E-01):

         I         SYM. A    A   T(IA) [Beta-Beta]

         8         2         1      0.17482756

 Doubles amplitudes (print threshold =  0.500E-01):

         I         J         SYM. A    SYM. B    A         B      T(IJ, AB) [Alpha-Beta]

         6         6         1         1         2         2     -0.05276144
         6         8         1         2         2         1      0.05313487

 Spin contamination <S**2-Sz**2-Sz>     0.00264155

 Memory could be reduced to 20.71 Mwords without degradation in triples


  Correlated core orbitals:             1.1       2.1
  Orbital energies:                   -20.6982  -20.6784

  UCCSD core-core energy               -0.073076467427
  UCCSD core-valence energy            -0.037753280121
  UCCSD valence correlation energy     -0.480527759330


 RESULTS
 =======

  Reference energy                   -150.334063578900
  UCCSD singles energy                 -0.004844806575
  UCCSD pair energy                    -0.586512700304
  UCCSD correlation energy             -0.591357506879
  Triples (T) contribution             -0.019451292391
  Total correlation energy             -0.610808799269

  RHF-UCCSD energy                   -150.925421085779
  RHF-UCCSD[T] energy                -150.946999187509
  RHF-UCCSD-T energy                 -150.944561391277
 !RHF-UCCSD(T) energy                -150.944872378169

 Program statistics:

 Available memory in ccsd:               999999162
 Min. memory needed in ccsd:               2624521
 Max. memory used in ccsd:                 3667521
 Max. memory used in cckext:               3189631 (11 integral passes)
 Max. memory used in cckint:               3756762 ( 1 integral passes)



 **********************************************************************************************************************************
 DATASETS  * FILE   NREC   LENGTH (MB)   RECORD NAMES
              1      22       20.59       500      610      700      900      950      970     1000      129      960     1700   
                                          VAR    BASINP    GEOM    SYMINP    ZMAT    AOBASIS   BASIS     P2S    ABASIS    OPER   
                                         1101     1401     1411     1412     1650     1100     1400     1410     1200     1210   
                                          SR      EKINR    POTR     PVPR    MOLCAS      S      EKIN      POT      H0       H01  
                                         1080     1600   
                                         AOSYM     SMH  

              2       4        3.08       700     1000      520     2100   
                                         GEOM     BASIS   MCVARS     RHF  

 PROGRAMS   *        TOTAL  UCCSD(T)       RHF       INT
 CPU TIMES  *        11.56     10.38      0.39      0.66
 REAL TIME  *        13.99 SEC
 DISK USED  *         1.27 GB      
 SF USED    *       317.61 MB      
 GA USED    *         0.00 MB       (max)       0.00 MB       (current)
 **********************************************************************************************************************************

 UCCSD(T)/USERDEF energy=   -150.944872378169

        UCCSD(T)        RHF-SCF 
   -150.94487238   -150.33406358
 **********************************************************************************************************************************
 Molpro calculation terminated
 Variable memory released
