
 Primary working directories    : /scratch/saurabh/PBS_8109772.helios
 Secondary working directories  : /scratch/saurabh/PBS_8109772.helios
 Wavefunction directory         : /scratch/saurabh/PBS_8109772.helios/
 Main file repository           : /scratch/saurabh/PBS_8109772.helios/

 SHA1      : f6387f0c468d0184d0b38d85973bdb066f718752
 NAME      : 2015.1.44
 ARCHNAME  : linux/x86_64
 FC        : /opt/may/bin/gfortran
 BLASLIB   : -Wl,-_start-group /opt/intel/mkl/lib/intel64/libmkl_gf_ilp64.a /opt/intel/mkl/lib/intel64/libmkl_gnu_thread.a /opt/intel/mkl/lib/intel64/libmkl_core.a -Wl,-_end-group
 id        : ramakrishnan

 Nodes             nprocs
 hel06.tifrh.res.in    8

 Using DEFAULT tuning parameter for ncache   :   16384
 Using DEFAULT tuning parameter for mflopdgm :   10000
 Using DEFAULT tuning parameter for mflopdgv :    4000
 Using DEFAULT tuning parameter for mflopmxm :    5000
 Using DEFAULT tuning parameter for mflopmxv :    4000
 Using DEFAULT tuning parameter for mindgm   :       1
 Using DEFAULT tuning parameter for mindgc   :       4
 Using DEFAULT tuning parameter for mindgf   :    5000
 Using DEFAULT tuning parameter for mindgl   :       4
 Using DEFAULT tuning parameter for mindgr   :       1
 Using DEFAULT tuning parameter for mindgv   :      20
 Using DEFAULT tuning parameter for mincuda  :     500
 Using DEFAULT tuning parameter for mxmblk   :      64
 Using DEFAULT tuning parameter for mxmbln   :      64
 Using DEFAULT tuning parameter for nroll    :       2
 Using custom tuning parameter for ngpus     :       0
 Using customized tuning parameters: mindgm=1; mindgv=20; mindgc=4; mindgr=1; noblas=0; minvec=7
 default implementation of scratch files=sf  

 ***,TS_03
 memory,25,g
 geometry={
 C 0.02995 0.96213 -0.85394
 C 0.43462 -0.36342 -0.80401
 C -0.50591 -1.439 -0.30655
 C -1.88892 -0.90139 0.08362
 C -1.7667 0.42976 0.82586
 C -1.13769 1.48917 -0.08473
 H -0.8345 2.36722 0.49594
 H -1.88908 1.86551 -0.79292
 H -1.13705 0.29273 1.70864
 H -2.74191 0.77027 1.17746
 H -2.41125 -1.63884 0.69509
 H -2.49613 -0.75412 -0.81484
 H -0.03649 -1.92932 0.54994
 H -0.60099 -2.20677 -1.0776
 H 1.19056 -0.67753 -1.51017
 O 1.65673 -0.37775 0.64295
 O 2.89607 0.14734 0.24911
 H 2.90276 1.01809 0.67007
 H 0.63954 1.67258 -1.39952
  }
 basis,O=AVDZ,C=AVDZ,H=VDZ
 {rhf
 wf,63,1,1
 }
 uccsd(t);
 

 Fortran compiler diagnostic
 ***************************

 integer size                  8
 double precision size         8
 logical size                  8

 diagnostic completed successfully

 Variables initialized (889), CPU time= 0.02 sec
 Commands  initialized (702), CPU time= 0.01 sec, 572 directives.
 Default parameters read. Elapsed time= 0.08 sec

 Using DEFAULT tuning parameter for mpplat   :       3
 Using DEFAULT tuning parameter for mppspeed :    1600
 Checking input...
 Passed
1


                                         ***  PROGRAM SYSTEM MOLPRO  ***
                                       Copyright, TTI GmbH Stuttgart, 2015
                                    Version 2015.1 linked Jun  9 2019 06:55:40


 **********************************************************************************************************************************
 LABEL *   TS_03                                                                         
  64 bit mpp version                                                                     DATE: 06-Jul-22          TIME: 17:03:08  
 **********************************************************************************************************************************

 SHA1:             f6387f0c468d0184d0b38d85973bdb066f718752
 **********************************************************************************************************************************

Geometry recognized as XYZ


 Variable memory set to ********** words,  buffer space   230000 words

 SETTING BASIS          =    O=AVDZ,C=AVDZ,H=VDZ


 Recomputing integrals since basis changed


 Using spherical harmonics

 Library entry C      S aug-cc-pVDZ          selected for orbital group  1
 Library entry C      P aug-cc-pVDZ          selected for orbital group  1
 Library entry C      D aug-cc-pVDZ          selected for orbital group  1
 Library entry H      S cc-pVDZ              selected for orbital group  2
 Library entry H      P cc-pVDZ              selected for orbital group  2
 Library entry O      S aug-cc-pVDZ          selected for orbital group  3
 Library entry O      P aug-cc-pVDZ          selected for orbital group  3
 Library entry O      D aug-cc-pVDZ          selected for orbital group  3


 PROGRAM * SEWARD (Integral evaluation for generally contracted gaussian basis sets)     Author: Roland Lindh, 1990

 Geometry written to block  1 of record 700


 Point group  C1  



 ATOMIC COORDINATES

 NR  ATOM    CHARGE       X              Y              Z

   1  C       6.00    0.056597297    1.818162196   -1.613712727
   2  C       6.00    0.821312768   -0.686764268   -1.519358701
   3  C       6.00   -0.956031344   -2.719315893   -0.579295543
   4  C       6.00   -3.569541471   -1.703380231    0.158018899
   5  C       6.00   -3.338579144    0.812128699    1.560649217
   6  C       6.00   -2.149922515    2.814123453   -0.160116495
   7  H       1.00   -1.576976451    4.473397477    0.937190774
   8  H       1.00   -3.569843827    3.525302983   -1.498401639
   9  H       1.00   -2.148713090    0.553179528    3.228861645
  10  H       1.00   -5.181458958    1.455599342    2.225076923
  11  H       1.00   -4.556602118   -3.096958762    1.313529732
  12  H       1.00   -4.717002071   -1.425080265   -1.539824435
  13  H       1.00   -0.068956106   -3.645886407    1.039235985
  14  H       1.00   -1.135706504   -4.170190920   -2.036368872
  15  H       1.00    2.249832335   -1.280346141   -2.853807702
  16  O       8.00    3.130765962   -0.713844044    1.214999412
  17  O       8.00    5.472779138    0.278432247    0.470749675
  18  H       1.00    5.485421405    1.923911270    1.266248784
  19  H       1.00    1.208555446    3.160718121   -2.644709506

 Bond lengths in Bohr (Angstrom)

  1- 2  2.620753522   1- 6  2.823758225   1-19  2.047539584   2- 3  2.859009783   2-15  2.042978641
       ( 1.386843040)       ( 1.494268502)       ( 1.083511286)       ( 1.512922823)       ( 1.081097739)

  2-16  3.579248757   3- 4  2.899343554   3-13  2.065206939   3-14  2.064069812   4- 5  2.889377197
       ( 1.894056874)       ( 1.534266535)       ( 1.092860448)       ( 1.092258706)       ( 1.528992567)

  4-11  2.061929952   4-12  2.068039817   5- 6  2.895154955   5- 9  2.065373721   5-10  2.061971060
       ( 1.091126341)       ( 1.094359543)       ( 1.532050024)       ( 1.092948705)       ( 1.091148095)

  6- 7  2.070154757   6- 8  2.076766714  16-17  2.650197280  17-18  1.827725328
       ( 1.095478721)       ( 1.098977618)       ( 1.402424005)       ( 0.967190591)

 Bond angles

  1- 2- 3  120.66046037   1- 2-15  117.27235142   1- 2-16  102.88587405   1- 6- 5  112.51261906

  1- 6- 7  109.83402183   1- 6- 8  108.86407380   2- 1- 6  123.13381379   2- 1-19  118.72966554

  2- 3- 4  113.25869808   2- 3-13  108.03685680   2- 3-14  108.76748085   2-16-17  110.66056633

  3- 2-15  116.28926272   3- 2-16   98.31114814   3- 4- 5  110.88281260   3- 4-11  109.70655821

  3- 4-12  109.78712288   4- 3-13  110.18768486   4- 3-14  110.32568425   4- 5- 6  110.26194305

  4- 5- 9  109.20764165   4- 5-10  110.89576698   5- 4-11  110.77078743   5- 4-12  109.01032337

  5- 6- 7  110.66078798   5- 6- 8  109.82199407   6- 1-19  117.87624728   6- 5- 9  109.28313971

  6- 5-10  110.03967925   7- 6- 8  104.85220667   9- 5-10  107.08252166  11- 4-12  106.58425571

 13- 3-14  105.97760791  15- 2-16   92.61552432  16-17-18  102.76584800

 NUCLEAR CHARGE:                   63
 NUMBER OF PRIMITIVE AOS:         373
 NUMBER OF SYMMETRY AOS:          357
 NUMBER OF CONTRACTIONS:          239   ( 239A   )
 NUMBER OF CORE ORBITALS:           8   (   8A   )
 NUMBER OF VALENCE ORBITALS:       43   (  43A   )


 NUCLEAR REPULSION ENERGY  391.05982169


 Eigenvalues of metric

         1 0.307E-04 0.396E-04 0.639E-04 0.109E-03 0.120E-03 0.122E-03 0.155E-03 0.176E-03


 Contracted 2-electron integrals neglected if value below      1.0D-12
 AO integral compression algorithm  1   Integral accuracy      1.0D-12

     1964.245 MB (compressed) written to integral file ( 55.1%)

     Node minimum: 226.492 MB, node maximum: 271.319 MB


 NUMBER OF SORTED TWO-ELECTRON INTEGRALS:   51423240.     BUFFER LENGTH:  32768
 NUMBER OF SEGMENTS:   4  SEGMENT LENGTH:   15992000      RECORD LENGTH: 524288

 Memory used in sort:      16.55 MW

 SORT1 READ   445261137. AND WROTE    49461985. INTEGRALS IN    143 RECORDS. CPU TIME:     5.93 SEC, REAL TIME:     6.38 SEC
 SORT2 READ   396319530. AND WROTE   411285540. INTEGRALS IN   7416 RECORDS. CPU TIME:     0.76 SEC, REAL TIME:     1.12 SEC

 Node minimum:    51398145.  Node maximum:    51423240. integrals

 OPERATOR DM      FOR CENTER  0  COORDINATES:    0.000000    0.000000    0.000000


 **********************************************************************************************************************************
 DATASETS  * FILE   NREC   LENGTH (MB)   RECORD NAMES
              1      18       22.32       500      610      700      900      950      970     1000      129      960     1100   
                                          VAR    BASINP    GEOM    SYMINP    ZMAT    AOBASIS   BASIS     P2S    ABASIS      S 
                                         1400     1410     1200     1210     1080     1600     1650     1700   
                                           T        V       H0       H01     AOSYM     SMH    MOLCAS    OPER   

 PROGRAMS   *        TOTAL       INT
 CPU TIMES  *        15.45     15.30
 REAL TIME  *        29.82 SEC
 DISK USED  *         6.70 GB      
 GA USED    *         0.01 MB       (max)       0.00 MB       (current)
 **********************************************************************************************************************************


 PROGRAM * RHF-SCF (OPEN SHELL)       Authors: W. Meyer, H.-J. Werner


 NUMBER OF ELECTRONS:      32+   31-    SPACE SYMMETRY=1    SPIN SYMMETRY: Doublet 
 CONVERGENCE THRESHOLDS:    1.00E-05 (Density)    1.26E-07 (Energy)
 MAX. NUMBER OF ITERATIONS:       60
 INTERPOLATION TYPE:            DIIS
 INTERPOLATION STEPS:              2 (START)      1 (STEP)
 LEVEL SHIFTS:                 -0.60 (CLOSED) -0.30 (OPEN) 



 Orbital guess generated from atomic densities. Full valence occupancy:   51

 Molecular orbital dump at record        2100.2

 Initial alpha occupancy:  32
 Initial beta  occupancy:  31
 Wave function symmetry:    1

 ITERATION    DDIFF          GRAD             ENERGY        2-EL.EN.            DIPOLE MOMENTS         DIIS   ORB.
    1      0.000D+00      0.000D+00      -383.07599158   1050.411918   -0.97989    1.17807   -0.35915    0    start
    2      0.000D+00      0.307D-02      -383.15504974   1047.706570   -0.98861    0.84383   -0.32323    1    diag,B
    3      0.489D-02      0.120D-02      -383.17482690   1047.848784   -0.98500    0.75352   -0.35971    2    diag,B
    4      0.229D-02      0.491D-03      -383.18005657   1047.759802   -1.02387    0.72240   -0.38276    3    diag,B
    5      0.143D-02      0.164D-03      -383.18089471   1047.747454   -1.05295    0.72420   -0.40749    4    diag,B
    6      0.579D-03      0.850D-04      -383.18126082   1047.733709   -1.07958    0.72437   -0.42181    5    diag,B
    7      0.278D-03      0.620D-04      -383.18160648   1047.733791   -1.10698    0.72551   -0.44080    6    fixocc
    8      0.184D-03      0.617D-04      -383.18162794   1047.733877   -1.10857    0.72549   -0.44184    7    diag,B
    9      0.979D-05      0.617D-04      -383.18171438   1047.735168   -1.11493    0.72547   -0.44619    8    diag,B
   10      0.364D-04      0.620D-04      -383.17921399   1047.664454   -0.84081    0.73178   -0.25316    9    orth
   11      0.143D-02      0.758D-04      -383.17939859   1047.680032   -0.87242    0.72738   -0.27707    9    diag,B
   12      0.173D-03      0.537D-04      -383.17912984   1047.666400   -0.79638    0.72464   -0.22606    9    diag,B
   13      0.383D-03      0.595D-04      -383.17905937   1047.637815   -0.66624    0.71705   -0.13903    9    diag,B
   14      0.661D-03      0.804D-04      -383.17903985   1047.641454   -0.68660    0.71919   -0.15241    9    diag,B
   15      0.104D-03      0.793D-04      -383.17906298   1047.637524   -0.66605    0.71644   -0.13890    9    diag,B
   16      0.102D-03      0.794D-04      -383.17907353   1047.636692   -0.66126    0.71511   -0.13580    9    diag,B
   17      0.239D-04      0.782D-04      -383.17911853   1047.639454   -0.66545    0.70634   -0.13975    9    diag,B
   18      0.730D-04      0.599D-04      -383.17915176   1047.667915   -0.73083    0.68067   -0.19026    9    diag,B
   19      0.444D-03      0.241D-04      -383.17917533   1047.675983   -0.76281    0.68467   -0.21271    9    diag,B
   20      0.156D-03      0.244D-04      -383.17914661   1047.653321   -0.71303    0.69489   -0.17584    9    orth
   21      0.284D-03      0.275D-04      -383.17915826   1047.661034   -0.72746    0.68845   -0.18746    9    diag,B
   22      0.102D-03      0.733D-05      -383.17915879   1047.659974   -0.71648    0.68315   -0.18128    9    diag,B
   23      0.485D-04      0.124D-05      -383.17915870   1047.661022   -0.71878    0.68290   -0.18311    9    diag,B
   24      0.138D-04      0.243D-05      -383.17915882   1047.660475   -0.71820    0.68377   -0.18255    9    diag,B
   25      0.773D-05      0.441D-06      -383.17915883   1047.660401   -0.71815    0.68377   -0.18252    0    orth

 Final alpha occupancy:  32
 Final beta  occupancy:  31

 !RHF STATE 1.1 Energy               -383.179158834047
 Nuclear energy                       391.05982169
 One-electron energy                -1298.06918120
 Two-electron energy                  523.83020068
 Virial quotient                       -1.00106489
 !RHF STATE 1.1 Dipole moment          -0.71815373     0.68377422    -0.18251817
 Dipole moment /Debye                  -1.82524515     1.73786689    -0.46388452

 Orbital energies:

         1.1          2.1          3.1          4.1          5.1          6.1          7.1          8.1          9.1         10.1
    -20.623375   -20.620786   -11.267183   -11.251985   -11.238309   -11.229248   -11.228028   -11.227177    -1.457785    -1.158546

        11.1         12.1         13.1         14.1         15.1         16.1         17.1         18.1         19.1         20.1
     -1.114655    -1.013216    -1.009690    -0.854226    -0.829703    -0.717881    -0.699062    -0.676275    -0.635080    -0.608275

        21.1         22.1         23.1         24.1         25.1         26.1         27.1         28.1         29.1         30.1
     -0.582220    -0.576416    -0.572706    -0.545704    -0.537869    -0.519624    -0.470209    -0.464258    -0.452466    -0.447571

        31.1         32.1         33.1         34.1
     -0.390037    -0.369609     0.061766     0.066232

 HOMO     32.1    -0.369609 =     -10.0576eV
 LUMO     33.1     0.061766 =       1.6807eV
 LUMO-HOMO         0.431375 =      11.7383eV


 **********************************************************************************************************************************
 DATASETS  * FILE   NREC   LENGTH (MB)   RECORD NAMES
              1      18       22.32       500      610      700      900      950      970     1000      129      960     1100   
                                          VAR    BASINP    GEOM    SYMINP    ZMAT    AOBASIS   BASIS     P2S    ABASIS      S 
                                         1400     1410     1200     1210     1080     1600     1650     1700   
                                           T        V       H0       H01     AOSYM     SMH    MOLCAS    OPER   

              2       4        4.70       700     1000      520     2100   
                                         GEOM     BASIS   MCVARS     RHF  

 PROGRAMS   *        TOTAL       RHF       INT
 CPU TIMES  *        31.21     15.76     15.30
 REAL TIME  *        47.10 SEC
 DISK USED  *         6.99 GB      
 SF USED    *         0.23 MB      
 GA USED    *         0.01 MB       (max)       0.00 MB       (current)
 **********************************************************************************************************************************


 PROGRAM * CCSD (Unrestricted open-shell coupled cluster)     Authors: C. Hampel, H.-J. Werner, 1991, M. Deegan, P.J. Knowles, 1992


 Convergence thresholds:  THRVAR = 1.00D-08  THRDEN = 1.26D-06

 CCSD(T)     terms to be evaluated (factor= 1.000)


 Number of core orbitals:           8 (   8 )
 Number of closed-shell orbitals:  23 (  23 )
 Number of active  orbitals:        1 (   1 )
 Number of external orbitals:     207 ( 207 )

 Memory could be reduced to 410.56 Mwords without degradation in triples

 Number of N-1 electron functions:              47
 Number of N-2 electron functions:            1081
 Number of singly external CSFs:              9776
 Number of doubly external CSFs:          35270040
 Total number of CSFs:                    35279816

 Molecular orbitals read from record     2100.2  Type=RHF/CANONICAL (state 1.1)

 Integral transformation finished. Total CPU:  33.31 sec, npass=  1  Memory used: 200.08 MW

 Starting RMP2 calculation

 ITER.      SQ.NORM     CORR.ENERGY   TOTAL ENERGY   ENERGY CHANGE        DEN1      VAR(S)    VAR(P)  DIIS     TIME
   1      1.43480765    -1.27845716  -384.45761600    -1.27845716    -0.00573499  0.21D-03  0.23D-02  1  1    41.75
   2      1.44109657    -1.28470019  -384.46385903    -0.00624303    -0.00002922  0.13D-04  0.13D-04  2  2    49.85
   3      1.44152473    -1.28487031  -384.46402914    -0.00017011    -0.00000057  0.51D-06  0.15D-06  3  3    58.30
   4      1.44156151    -1.28487712  -384.46403595    -0.00000681    -0.00000001  0.11D-07  0.15D-08  4  4    67.32
   5      1.44156428    -1.28487769  -384.46403653    -0.00000057    -0.00000000  0.26D-09  0.54D-10  5  5    76.70

 Norm of t1 vector:      0.09971708      S-energy:    -0.00893367      T1 diagnostic:  0.00161970
 Norm of t2 vector:      0.65697852      P-energy:    -1.27594402
                                         Alpha-Beta:  -0.95317846
                                         Alpha-Alpha: -0.16295107
                                         Beta-Beta:   -0.15981449

 Spin contamination <S**2-Sz**2-Sz>     0.00460151
  Reference energy                   -383.179158834041
  RHF-RMP2 correlation energy          -1.284877691308
 !RHF-RMP2 energy                    -384.464036525349

 Starting UCCSD calculation

 ITER.      SQ.NORM     CORR.ENERGY   TOTAL ENERGY   ENERGY CHANGE        DEN1      VAR(S)    VAR(P)  DIIS     TIME
   1      1.45028122    -1.29685381  -384.47601265    -1.29685381    -0.04232323  0.80D-02  0.10D-01  1  1   236.34
   2      1.49878945    -1.33987232  -384.51903115    -0.04301850    -0.00433699  0.67D-03  0.15D-02  2  2   394.06
   3      1.51708926    -1.34723202  -384.52639085    -0.00735970    -0.00068527  0.44D-03  0.13D-03  3  3   551.27
   4      1.52736518    -1.34999006  -384.52914889    -0.00275804    -0.00016479  0.10D-03  0.38D-04  4  4   698.49
   5      1.53344025    -1.35083144  -384.52999028    -0.00084139    -0.00005543  0.53D-04  0.72D-05  5  5   842.50
   6      1.53777336    -1.35124797  -384.53040680    -0.00041653    -0.00001492  0.12D-04  0.30D-05  6  6   986.06
   7      1.53998509    -1.35139235  -384.53055119    -0.00014438    -0.00000414  0.28D-05  0.11D-05  6  1  1129.83
   8      1.54092945    -1.35145645  -384.53061529    -0.00006410    -0.00000122  0.10D-05  0.28D-06  6  2  1273.79
   9      1.54127997    -1.35146073  -384.53061957    -0.00000428    -0.00000045  0.43D-06  0.85D-07  6  4  1418.12
  10      1.54142693    -1.35147540  -384.53063423    -0.00001466    -0.00000017  0.17D-06  0.28D-07  6  3  1579.68
  11      1.54154676    -1.35148247  -384.53064130    -0.00000707    -0.00000006  0.60D-07  0.11D-07  6  5  1741.42
  12      1.54161739    -1.35148609  -384.53064492    -0.00000362    -0.00000002  0.11D-07  0.40D-08  6  6  1891.13
  13      1.54163102    -1.35148493  -384.53064377     0.00000115    -0.00000001  0.43D-08  0.11D-08  6  1  2056.56

 Norm of t1 vector:      0.21595326      S-energy:    -0.01042372      T1 diagnostic:  0.01791645
                                                                       D1 diagnostic:  0.06759097
 Norm of t2 vector:      0.70355896      P-energy:    -1.34106122
                                         Alpha-Beta:  -1.05191696
                                         Alpha-Alpha: -0.14651884
                                         Beta-Beta:   -0.14262541

 Singles amplitudes (print threshold =  0.500E-01):

         I         SYM. A    A   T(IA) [Beta-Beta]

        13         1         1      0.06499731
        23         1        22      0.05360427

 Spin contamination <S**2-Sz**2-Sz>     0.01098281

 Memory could be reduced to 462.31 Mwords without degradation in triples


 RESULTS
 =======

  Reference energy                   -383.179158834041
  UCCSD singles energy                 -0.010423717034
  UCCSD pair energy                    -1.341061216839
  UCCSD correlation energy             -1.351484933873
  Triples (T) contribution             -0.052655567728
  Total correlation energy             -1.404140501601

  RHF-UCCSD energy                   -384.530643767914
  RHF-UCCSD[T] energy                -384.585519646806
  RHF-UCCSD-T energy                 -384.582478549639
 !RHF-UCCSD(T) energy                -384.583299335642

 Program statistics:

 Available memory in ccsd:             24999995052
 Min. memory needed in ccsd:              97794061
 Max. memory used in ccsd:               143201525
 Max. memory used in cckext:             127198870 (13 integral passes)
 Max. memory used in cckint:             200083160 ( 1 integral passes)



 **********************************************************************************************************************************
 DATASETS  * FILE   NREC   LENGTH (MB)   RECORD NAMES
              1      18       22.32       500      610      700      900      950      970     1000      129      960     1100   
                                          VAR    BASINP    GEOM    SYMINP    ZMAT    AOBASIS   BASIS     P2S    ABASIS      S 
                                         1400     1410     1200     1210     1080     1600     1650     1700   
                                           T        V       H0       H01     AOSYM     SMH    MOLCAS    OPER   

              2       4        4.70       700     1000      520     2100   
                                         GEOM     BASIS   MCVARS     RHF  

 PROGRAMS   *        TOTAL  UCCSD(T)       RHF       INT
 CPU TIMES  *      3825.32   3794.10     15.76     15.30
 REAL TIME  *      3980.56 SEC
 DISK USED  *        42.84 GB      
 SF USED    *         9.22 GB      
 GA USED    *         0.01 MB       (max)       0.00 MB       (current)
 **********************************************************************************************************************************

 UCCSD(T)/O=AVDZ,C=AVDZ,H=VDZ energy=   -384.583299335642

        UCCSD(T)        RHF-SCF 
   -384.58329934   -383.17915883
 **********************************************************************************************************************************
 Molpro calculation terminated
 Variable memory released

 Fortran compiler diagnostic
 ***************************

 integer size                  8
 double precision size         8
 logical size                  8

 diagnostic completed successfully
