
 Primary working directories    : /scratch/saurabh/PBS_8109557.helios
 Secondary working directories  : /scratch/saurabh/PBS_8109557.helios
 Wavefunction directory         : /scratch/saurabh/PBS_8109557.helios/
 Main file repository           : /scratch/saurabh/PBS_8109557.helios/

 SHA1      : f6387f0c468d0184d0b38d85973bdb066f718752
 NAME      : 2015.1.44
 ARCHNAME  : linux/x86_64
 FC        : /opt/may/bin/gfortran
 BLASLIB   : -Wl,-_start-group /opt/intel/mkl/lib/intel64/libmkl_gf_ilp64.a /opt/intel/mkl/lib/intel64/libmkl_gnu_thread.a /opt/intel/mkl/lib/intel64/libmkl_core.a -Wl,-_end-group
 id        : ramakrishnan

 Nodes             nprocs
 hel08.tifrh.res.in    8

 Using DEFAULT tuning parameter for ncache   :   16384
 Using DEFAULT tuning parameter for mflopdgm :   10000
 Using DEFAULT tuning parameter for mflopdgv :    4000
 Using DEFAULT tuning parameter for mflopmxm :    5000
 Using DEFAULT tuning parameter for mflopmxv :    4000
 Using DEFAULT tuning parameter for mindgm   :       1
 Using DEFAULT tuning parameter for mindgc   :       4
 Using DEFAULT tuning parameter for mindgf   :    5000
 Using DEFAULT tuning parameter for mindgl   :       4
 Using DEFAULT tuning parameter for mindgr   :       1
 Using DEFAULT tuning parameter for mindgv   :      20
 Using DEFAULT tuning parameter for mincuda  :     500
 Using DEFAULT tuning parameter for mxmblk   :      64
 Using DEFAULT tuning parameter for mxmbln   :      64
 Using DEFAULT tuning parameter for nroll    :       2
 Using custom tuning parameter for ngpus     :       0
 Using customized tuning parameters: mindgm=1; mindgv=20; mindgc=4; mindgr=1; noblas=0; minvec=7
 default implementation of scratch files=sf  

 ***,TS_03
 memory,64,g
 geometry={
 C 0.02995 0.96213 -0.85394
 C 0.43462 -0.36342 -0.80401
 C -0.50591 -1.439 -0.30655
 C -1.88892 -0.90139 0.08362
 C -1.7667 0.42976 0.82586
 C -1.13769 1.48917 -0.08473
 H -0.8345 2.36722 0.49594
 H -1.88908 1.86551 -0.79292
 H -1.13705 0.29273 1.70864
 H -2.74191 0.77027 1.17746
 H -2.41125 -1.63884 0.69509
 H -2.49613 -0.75412 -0.81484
 H -0.03649 -1.92932 0.54994
 H -0.60099 -2.20677 -1.0776
 H 1.19056 -0.67753 -1.51017
 O 1.65673 -0.37775 0.64295
 O 2.89607 0.14734 0.24911
 H 2.90276 1.01809 0.67007
 H 0.63954 1.67258 -1.39952
  }
 basis={
                                                                            ! oxygen               (10s,5p,4d,2f) -&gt; [10s,5p,4d,2f]
 s, O , 0.1533000000E+05, 0.2299000000E+04, 0.5224000000E+03, 0.1473000000E+03, 0.4755000000E+02, 0.1676000000E+02, 0.6207000000E+01, 0.1752000000E+01, 0.6882000000E+00, 0.2384000000E+00
 c, 1.1, 0.1000000000E+01
 c, 2.2, 0.1000000000E+01
 c, 3.3, 0.1000000000E+01
 c, 4.4, 0.1000000000E+01
 c, 5.5, 0.1000000000E+01
 c, 6.6, 0.1000000000E+01
 c, 7.7, 0.1000000000E+01
 c, 8.8, 0.1000000000E+01
 c, 9.9, 0.1000000000E+01
 c, 10.10, 0.1000000000E+01
 p, O , 0.3446000000E+02, 0.7749000000E+01, 0.2280000000E+01, 0.7156000000E+00, 0.2140000000E+00
 c, 1.1, 0.1000000000E+01
 c, 2.2, 0.1000000000E+01
 c, 3.3, 0.1000000000E+01
 c, 4.4, 0.1000000000E+01
 c, 5.5, 0.1000000000E+01
 d, O , 0.2100000000E+02, 0.7000000000E+01, 0.2314000000E+01, 0.6450000000E+00
 c, 1.1, 0.1000000000E+01
 c, 2.2, 0.1000000000E+01
 c, 3.3, 0.1000000000E+01
 c, 4.4, 0.1000000000E+01
 f, O , 0.4300000000E+01, 0.1428000000E+01
 c, 1.1, 0.1000000000E+01
 c, 2.2, 0.1000000000E+01
                                                                                 ! hydrogen             (5s,2p,1d) -&gt; [5s,2p,1d]
 s, H , 0.3387000000E+02, 0.5095000000E+01, 0.1159000000E+01, 0.3258000000E+00, 0.1027000000E+00
 c, 1.1, 0.1000000000E+01
 c, 2.2, 0.1000000000E+01
 c, 3.3, 0.1000000000E+01
 c, 4.4, 0.1000000000E+01
 c, 5.5, 0.1000000000E+01
 p, H , 0.1407000000E+01, 0.3880000000E+00
 c, 1.1, 0.1000000000E+01
 c, 2.2, 0.1000000000E+01
 d, H , 0.1057000000E+01
 c, 1.1, 0.1000000000E+01
                                                                            ! carbon               (10s,5p,4d,2f) -&gt; [10s,5p,4d,2f]
 s, C , 0.8236000000E+04, 0.1235000000E+04, 0.2808000000E+03, 0.7927000000E+02, 0.2559000000E+02, 0.8997000000E+01, 0.3319000000E+01, 0.9059000000E+00, 0.3643000000E+00, 0.1285000000E+00
 c, 1.1, 0.1000000000E+01
 c, 2.2, 0.1000000000E+01
 c, 3.3, 0.1000000000E+01
 c, 4.4, 0.1000000000E+01
 c, 5.5, 0.1000000000E+01
 c, 6.6, 0.1000000000E+01
 c, 7.7, 0.1000000000E+01
 c, 8.8, 0.1000000000E+01
 c, 9.9, 0.1000000000E+01
 c, 10.10, 0.1000000000E+01
 p, C , 0.1871000000E+02, 0.4133000000E+01, 0.1200000000E+01, 0.3827000000E+00, 0.1209000000E+00
 c, 1.1, 0.1000000000E+01
 c, 2.2, 0.1000000000E+01
 c, 3.3, 0.1000000000E+01
 c, 4.4, 0.1000000000E+01
 c, 5.5, 0.1000000000E+01
 d, C , 0.1000000000E+02, 0.3300000000E+01, 0.1097000000E+01, 0.3180000000E+00
 c, 1.1, 0.1000000000E+01
 c, 2.2, 0.1000000000E+01
 c, 3.3, 0.1000000000E+01
 c, 4.4, 0.1000000000E+01
 f, C , 0.2300000000E+01, 0.7610000000E+00
 c, 1.1, 0.1000000000E+01
 c, 2.2, 0.1000000000E+01
 }
 DKROLL=1
 DKHO=2
 {rhf
 wf,63,1,1
 }
 {uccsd(t)
 core}
 

 Fortran compiler diagnostic
 ***************************

 integer size                  8
 double precision size         8
 logical size                  8

 diagnostic completed successfully

 Variables initialized (889), CPU time= 0.01 sec
 Commands  initialized (702), CPU time= 0.02 sec, 572 directives.
 Default parameters read. Elapsed time= 0.11 sec

 Using DEFAULT tuning parameter for mpplat   :       3
 Using DEFAULT tuning parameter for mppspeed :    1600
 Checking input...
 Passed
1


                                         ***  PROGRAM SYSTEM MOLPRO  ***
                                       Copyright, TTI GmbH Stuttgart, 2015
                                    Version 2015.1 linked Jun  9 2019 06:55:40


 **********************************************************************************************************************************
 LABEL *   TS_03                                                                         
  64 bit mpp version                                                                     DATE: 29-Jun-22          TIME: 14:22:17  
 **********************************************************************************************************************************

 SHA1:             f6387f0c468d0184d0b38d85973bdb066f718752
 **********************************************************************************************************************************

Geometry recognized as XYZ


 Variable memory set to ********** words,  buffer space   230000 words

 SETTING BASIS          =    USERDEF
 SETTING DKROLL         =         1.00000000                                  
 SETTING DKHO           =         2.00000000                                  


 Recomputing integrals since basis changed


 Using spherical harmonics



 PROGRAM * SEWARD (Integral evaluation for generally contracted gaussian basis sets)     Author: Roland Lindh, 1990

 Geometry written to block  1 of record 700


 Point group  C1  



 ATOMIC COORDINATES

 NR  ATOM    CHARGE       X              Y              Z

   1  C       6.00    0.056597297    1.818162196   -1.613712727
   2  C       6.00    0.821312768   -0.686764268   -1.519358701
   3  C       6.00   -0.956031344   -2.719315893   -0.579295543
   4  C       6.00   -3.569541471   -1.703380231    0.158018899
   5  C       6.00   -3.338579144    0.812128699    1.560649217
   6  C       6.00   -2.149922515    2.814123453   -0.160116495
   7  H       1.00   -1.576976451    4.473397477    0.937190774
   8  H       1.00   -3.569843827    3.525302983   -1.498401639
   9  H       1.00   -2.148713090    0.553179528    3.228861645
  10  H       1.00   -5.181458958    1.455599342    2.225076923
  11  H       1.00   -4.556602118   -3.096958762    1.313529732
  12  H       1.00   -4.717002071   -1.425080265   -1.539824435
  13  H       1.00   -0.068956106   -3.645886407    1.039235985
  14  H       1.00   -1.135706504   -4.170190920   -2.036368872
  15  H       1.00    2.249832335   -1.280346141   -2.853807702
  16  O       8.00    3.130765962   -0.713844044    1.214999412
  17  O       8.00    5.472779138    0.278432247    0.470749675
  18  H       1.00    5.485421405    1.923911270    1.266248784
  19  H       1.00    1.208555446    3.160718121   -2.644709506

 Bond lengths in Bohr (Angstrom)

  1- 2  2.620753522   1- 6  2.823758225   1-19  2.047539584   2- 3  2.859009783   2-15  2.042978641
       ( 1.386843040)       ( 1.494268502)       ( 1.083511286)       ( 1.512922823)       ( 1.081097739)

  2-16  3.579248757   3- 4  2.899343554   3-13  2.065206939   3-14  2.064069812   4- 5  2.889377197
       ( 1.894056874)       ( 1.534266535)       ( 1.092860448)       ( 1.092258706)       ( 1.528992567)

  4-11  2.061929952   4-12  2.068039817   5- 6  2.895154955   5- 9  2.065373721   5-10  2.061971060
       ( 1.091126341)       ( 1.094359543)       ( 1.532050024)       ( 1.092948705)       ( 1.091148095)

  6- 7  2.070154757   6- 8  2.076766714  16-17  2.650197280  17-18  1.827725328
       ( 1.095478721)       ( 1.098977618)       ( 1.402424005)       ( 0.967190591)

 Bond angles

  1- 2- 3  120.66046037   1- 2-15  117.27235142   1- 2-16  102.88587405   1- 6- 5  112.51261906

  1- 6- 7  109.83402183   1- 6- 8  108.86407380   2- 1- 6  123.13381379   2- 1-19  118.72966554

  2- 3- 4  113.25869808   2- 3-13  108.03685680   2- 3-14  108.76748085   2-16-17  110.66056633

  3- 2-15  116.28926272   3- 2-16   98.31114814   3- 4- 5  110.88281260   3- 4-11  109.70655821

  3- 4-12  109.78712288   4- 3-13  110.18768486   4- 3-14  110.32568425   4- 5- 6  110.26194305

  4- 5- 9  109.20764165   4- 5-10  110.89576698   5- 4-11  110.77078743   5- 4-12  109.01032337

  5- 6- 7  110.66078798   5- 6- 8  109.82199407   6- 1-19  117.87624728   6- 5- 9  109.28313971

  6- 5-10  110.03967925   7- 6- 8  104.85220667   9- 5-10  107.08252166  11- 4-12  106.58425571

 13- 3-14  105.97760791  15- 2-16   92.61552432  16-17-18  102.76584800

 NUCLEAR CHARGE:                   63
 NUMBER OF PRIMITIVE AOS:         739
 NUMBER OF SYMMETRY AOS:          648
 NUMBER OF CONTRACTIONS:          648   ( 648A   )
 NUMBER OF CORE ORBITALS:           8   (   8A   )
 NUMBER OF VALENCE ORBITALS:       43   (  43A   )


 NUCLEAR REPULSION ENERGY  391.05982169

 One-electron integrals computed with SEWARD

 2nd-order Douglas-Kroll-Hess method activated. Optimal DKH parametrization is used.

 Computing Douglas-Kroll / X2C integrals

 AO integral compression algorithm  1   Integral accuracy      1.0D-11

     28554.035 MB (compressed) written to integral file ( 16.0%)

     Node minimum: 3164.340 MB, node maximum: 3862.168 MB


 NUMBER OF SORTED TWO-ELECTRON INTEGRALS: 2763499760.     BUFFER LENGTH:  32768
 NUMBER OF SEGMENTS:  87  SEGMENT LENGTH:   31996888      RECORD LENGTH: 262144

 Memory used in sort:      32.29 MW

 SORT1 READ 22332760797. AND WROTE   941562857. INTEGRALS IN   5432 RECORDS. CPU TIME:   408.64 SEC, REAL TIME:   422.62 SEC
 SORT2 READ  7520152250. AND WROTE 22108103226. INTEGRALS IN  99240 RECORDS. CPU TIME:   141.29 SEC, REAL TIME:   817.77 SEC

 Node minimum:  2763420908.  Node maximum:  2763604900. integrals

 OPERATOR DM      FOR CENTER  0  COORDINATES:    0.000000    0.000000    0.000000


 Eigenvalues of metric

         1 0.108E-03 0.367E-03 0.436E-03 0.551E-03 0.612E-03 0.742E-03 0.807E-03 0.863E-03


 **********************************************************************************************************************************
 DATASETS  * FILE   NREC   LENGTH (MB)   RECORD NAMES
              1      22       47.30       500      610      700      900      950      970     1000      129      960     1700   
                                          VAR    BASINP    GEOM    SYMINP    ZMAT    AOBASIS   BASIS     P2S    ABASIS    OPER   
                                         1101     1401     1411     1412     1650     1100     1400     1410     1200     1210   
                                          SR      EKINR    POTR     PVPR    MOLCAS      S      EKIN      POT      H0       H01  
                                         1080     1600   
                                         AOSYM     SMH  

 PROGRAMS   *        TOTAL       INT
 CPU TIMES  *       627.51    627.30
 REAL TIME  *      1363.24 SEC
 DISK USED  *       118.10 GB      
 GA USED    *         0.02 MB       (max)       0.00 MB       (current)
 **********************************************************************************************************************************


 PROGRAM * RHF-SCF (OPEN SHELL)       Authors: W. Meyer, H.-J. Werner


 NUMBER OF ELECTRONS:      32+   31-    SPACE SYMMETRY=1    SPIN SYMMETRY: Doublet 
 CONVERGENCE THRESHOLDS:    1.00E-05 (Density)    1.26E-07 (Energy)
 MAX. NUMBER OF ITERATIONS:       60
 INTERPOLATION TYPE:            DIIS
 INTERPOLATION STEPS:              2 (START)      1 (STEP)
 LEVEL SHIFTS:                 -0.60 (CLOSED) -0.30 (OPEN) 



 Orbital guess generated from atomic densities. Full valence occupancy:   32

 Molecular orbital dump at record        2100.2

 Initial alpha occupancy:  32
 Initial beta  occupancy:  31
 Wave function symmetry:    1

 ITERATION    DDIFF          GRAD             ENERGY        2-EL.EN.            DIPOLE MOMENTS         DIIS   ORB.
    1      0.000D+00      0.000D+00      -383.35112118   1051.784900   -1.01561    1.19956   -0.38264    0    start
    2      0.000D+00      0.195D-02      -383.43449184   1048.440899   -0.97850    0.84413   -0.31986    1    diag,B
    3      0.479D-03      0.717D-03      -383.45373320   1048.676250   -0.96098    0.76225   -0.35525    2    diag,B
    4      0.271D-03      0.313D-03      -383.45957386   1048.574913   -0.98026    0.71845   -0.37046    3    diag,B
    5      0.217D-03      0.103D-03      -383.46044000   1048.578117   -1.00118    0.71721   -0.39419    4    diag,B
    6      0.104D-03      0.497D-04      -383.46073332   1048.563306   -1.01943    0.71553   -0.40449    5    diag,B
    7      0.554D-04      0.326D-04      -383.46099848   1048.561120   -1.04103    0.71648   -0.42084    6    fixocc
    8      0.388D-04      0.311D-04      -383.46107627   1048.561707   -1.04721    0.71649   -0.42517    7    diag,B
    9      0.816D-05      0.312D-04      -383.46099129   1048.559781   -1.04021    0.71639   -0.42026    8    diag,B
   10      0.839D-05      0.308D-04      -383.45948620   1048.502029   -0.85451    0.71563   -0.28904    9    orth
   11      0.204D-03      0.266D-04      -383.45955758   1048.511919   -0.86680    0.71338   -0.29972    9    diag,B
   12      0.144D-04      0.202D-04      -383.45931372   1048.485736   -0.78118    0.70949   -0.24168    9    diag,B
   13      0.878D-04      0.240D-04      -383.45932692   1048.476395   -0.73391    0.69691   -0.21249    9    diag,B
   14      0.449D-04      0.151D-04      -383.45934504   1048.498221   -0.77031    0.68346   -0.24311    9    diag,B
   15      0.490D-04      0.173D-04      -383.45934682   1048.488535   -0.76227    0.68866   -0.23547    9    diag,B
   16      0.122D-04      0.353D-05      -383.45934177   1048.480556   -0.74267    0.68799   -0.22185    9    diag,B
   17      0.190D-04      0.414D-05      -383.45934269   1048.482441   -0.74367    0.68524   -0.22351    9    diag,B
   18      0.412D-05      0.665D-06      -383.45934279   1048.482744   -0.74460    0.68504   -0.22434    9    diag,B
   19      0.167D-05      0.561D-06      -383.45934284   1048.482598   -0.74472    0.68516   -0.22440    0    orth

 Final alpha occupancy:  32
 Final beta  occupancy:  31

 !RHF STATE 1.1 Energy               -383.459342836869
 Nuclear energy                       391.05982169
 One-electron energy                -1298.76046333
 Two-electron energy                  524.24129880
 Virial quotient                       -0.99751649
 !RHF STATE 1.1 Dipole moment          -0.74471713     0.68515501    -0.22439970
 Dipole moment /Debye                  -1.89275818     1.74137626    -0.57032978

 Orbital energies:

         1.1          2.1          3.1          4.1          5.1          6.1          7.1          8.1          9.1         10.1
    -20.619307   -20.618424   -11.267078   -11.249438   -11.236396   -11.227215   -11.225832   -11.225079    -1.447728    -1.152966

        11.1         12.1         13.1         14.1         15.1         16.1         17.1         18.1         19.1         20.1
     -1.110964    -1.012311    -1.008453    -0.853762    -0.829209    -0.716699    -0.693920    -0.675306    -0.633326    -0.605955

        21.1         22.1         23.1         24.1         25.1         26.1         27.1         28.1         29.1         30.1
     -0.578774    -0.575378    -0.571990    -0.545779    -0.538250    -0.519188    -0.469632    -0.462510    -0.451998    -0.446885

        31.1         32.1         33.1         34.1
     -0.389831    -0.358622     0.127916     0.151361

 HOMO     32.1    -0.358622 =      -9.7586eV
 LUMO     33.1     0.127916 =       3.4808eV
 LUMO-HOMO         0.486538 =      13.2394eV


 **********************************************************************************************************************************
 DATASETS  * FILE   NREC   LENGTH (MB)   RECORD NAMES
              1      22       47.30       500      610      700      900      950      970     1000      129      960     1700   
                                          VAR    BASINP    GEOM    SYMINP    ZMAT    AOBASIS   BASIS     P2S    ABASIS    OPER   
                                         1101     1401     1411     1412     1650     1100     1400     1410     1200     1210   
                                          SR      EKINR    POTR     PVPR    MOLCAS      S      EKIN      POT      H0       H01  
                                         1080     1600   
                                         AOSYM     SMH  

              2       4       14.92       700     1000      520     2100   
                                         GEOM     BASIS   MCVARS     RHF  

 PROGRAMS   *        TOTAL       RHF       INT
 CPU TIMES  *      1135.96    508.45    627.30
 REAL TIME  *      1932.99 SEC
 DISK USED  *       119.08 GB      
 SF USED    *         1.68 MB      
 GA USED    *         0.02 MB       (max)       0.00 MB       (current)
 **********************************************************************************************************************************


 PROGRAM * CCSD (Unrestricted open-shell coupled cluster)     Authors: C. Hampel, H.-J. Werner, 1991, M. Deegan, P.J. Knowles, 1992


 Convergence thresholds:  THRVAR = 1.00D-08  THRDEN = 1.26D-06

 CCSD(T)     terms to be evaluated (factor= 1.000)


 Number of closed-shell orbitals:  31 (  31 )
 Number of active  orbitals:        1 (   1 )
 Number of external orbitals:     616 ( 616 )

 Memory could be reduced to 10979.38 Mwords without degradation in triples

 Number of N-1 electron functions:              63
 Number of N-2 electron functions:            1953
 Number of singly external CSFs:             38871
 Number of doubly external CSFs:         560268084
 Total number of CSFs:                   560306955

 Molecular orbitals read from record     2100.2  Type=RHF/CANONICAL (state 1.1)

 Integral transformation finished. Total CPU:1892.16 sec, npass=  1  Memory used:4856.60 MW

 Starting RMP2 calculation

 ITER.      SQ.NORM     CORR.ENERGY   TOTAL ENERGY   ENERGY CHANGE        DEN1      VAR(S)    VAR(P)  DIIS     TIME
   1      1.47122969    -1.95400025  -385.41334308    -1.95400025    -0.00576213  0.19D-03  0.23D-02  1  1  2081.26
   2      1.47726553    -1.96022701  -385.41956984    -0.00622676    -0.00002468  0.97D-05  0.11D-04  2  2  2266.82
   3      1.47764652    -1.96039749  -385.41974032    -0.00017048    -0.00000048  0.40D-06  0.14D-06  3  3  2529.04
   4      1.47767768    -1.96040227  -385.41974510    -0.00000478    -0.00000001  0.76D-08  0.88D-09  4  4  2774.30
   5      1.47767977    -1.96040284  -385.41974568    -0.00000057    -0.00000000  0.15D-09  0.24D-10  5  5  2970.96

 Norm of t1 vector:      0.10086201      S-energy:    -0.00928351      T1 diagnostic:  0.00120374
 Norm of t2 vector:      0.68374456      P-energy:    -1.95111933
                                         Alpha-Beta:  -1.53415101
                                         Alpha-Alpha: -0.21234476
                                         Beta-Beta:   -0.20462355

 Spin contamination <S**2-Sz**2-Sz>     0.00411967
  Reference energy                   -383.459342836860
  RHF-RMP2 correlation energy          -1.960402838971
 !RHF-RMP2 energy                    -385.419745675832

 Starting UCCSD calculation

 ITER.      SQ.NORM     CORR.ENERGY   TOTAL ENERGY   ENERGY CHANGE        DEN1      VAR(S)    VAR(P)  DIIS     TIME
   1      1.46824484    -1.95407625  -385.41341909    -1.95407625    -0.04913358  0.84D-02  0.92D-02  0  0  8761.50
   2      1.50911657    -1.99862572  -385.45796856    -0.04454947    -0.00508348  0.73D-03  0.16D-02  1  1 14621.99
   3      1.52276221    -2.00389731  -385.46324015    -0.00527159    -0.00104275  0.51D-03  0.22D-03  2  2 20442.36
   4      1.53546654    -2.01020312  -385.46954595    -0.00630581    -0.00018197  0.10D-03  0.41D-04  3  3 26421.29
   5      1.54158900    -2.01135658  -385.47069942    -0.00115346    -0.00005861  0.57D-04  0.61D-05  4  4 32381.66
   6      1.54513694    -2.01157927  -385.47092210    -0.00022269    -0.00001650  0.12D-04  0.30D-05  5  5 38304.30
   7      1.54725491    -2.01170210  -385.47104494    -0.00012283    -0.00000351  0.23D-05  0.85D-06  6  6 44380.52
   8      1.54810505    -2.01179636  -385.47113920    -0.00009426    -0.00000077  0.48D-06  0.21D-06  6  1 50343.74
   9      1.54827375    -2.01179311  -385.47113594     0.00000325    -0.00000024  0.15D-06  0.63D-07  6  3 56195.80
  10      1.54836953    -2.01180799  -385.47115083    -0.00001488    -0.00000007  0.67D-07  0.92D-08  6  2 62159.83
  11      1.54837085    -2.01180324  -385.47114607     0.00000475    -0.00000003  0.28D-07  0.38D-08  6  4 68185.20
  12      1.54840155    -2.01180377  -385.47114661    -0.00000053    -0.00000001  0.13D-07  0.15D-08  6  5 74241.80
  13      1.54839124    -2.01180147  -385.47114431     0.00000230    -0.00000000  0.28D-08  0.85D-09  6  3 80229.72
  14      1.54839973    -2.01180268  -385.47114552    -0.00000121    -0.00000000  0.74D-09  0.19D-09  6  6 86115.38

 Norm of t1 vector:      0.20292698      S-energy:    -0.01095092      T1 diagnostic:  0.01382506
                                                                       D1 diagnostic:  0.05555681
 Norm of t2 vector:      0.71219405      P-energy:    -2.00085176
                                         Alpha-Beta:  -1.62275406
                                         Alpha-Alpha: -0.19338327
                                         Beta-Beta:   -0.18471444

 Singles amplitudes (print threshold =  0.500E-01):

         I         SYM. A    A   T(IA) [Beta-Beta]

        21         1         1     -0.05114737
        31         1         4      0.06246110
        31         1         6      0.05413454

 Spin contamination <S**2-Sz**2-Sz>     0.01325515

 Memory could be reduced to 11767.74 Mwords without degradation in triples


  Correlated core orbitals:             1.1       2.1       3.1       4.1       5.1       6.1       7.1       8.1
  Orbital energies:                   -20.6289  -20.6196  -11.2679  -11.2531  -11.2365  -11.2273  -11.2258  -11.2251

  UCCSD core-core energy               -0.295774736309
  UCCSD core-valence energy            -0.116973127839
  UCCSD valence correlation energy     -1.599054818273


 RESULTS
 =======

  Reference energy                   -383.459342836860
  UCCSD singles energy                 -0.010950922844
  UCCSD pair energy                    -2.000851759577
  UCCSD correlation energy             -2.011802682422
  Triples (T) contribution             -0.077699498840
  Total correlation energy             -2.089502181262

  RHF-UCCSD energy                   -385.471145519282
  RHF-UCCSD[T] energy                -385.551332044585
  RHF-UCCSD-T energy                 -385.547875530336
 !RHF-UCCSD(T) energy                -385.548845018122

 Program statistics:

 Available memory in ccsd:             63999991388
 Min. memory needed in ccsd:            1521323948
 Max. memory used in ccsd:              2251391389
 Max. memory used in cckext:            1665945027 (14 integral passes)
 Max. memory used in cckint:            4856602780 ( 1 integral passes)



 **********************************************************************************************************************************
 DATASETS  * FILE   NREC   LENGTH (MB)   RECORD NAMES
              1      22       47.30       500      610      700      900      950      970     1000      129      960     1700   
                                          VAR    BASINP    GEOM    SYMINP    ZMAT    AOBASIS   BASIS     P2S    ABASIS    OPER   
                                         1101     1401     1411     1412     1650     1100     1400     1410     1200     1210   
                                          SR      EKINR    POTR     PVPR    MOLCAS      S      EKIN      POT      H0       H01  
                                         1080     1600   
                                         AOSYM     SMH  

              2       4       14.92       700     1000      520     2100   
                                         GEOM     BASIS   MCVARS     RHF  

 PROGRAMS   *        TOTAL  UCCSD(T)       RHF       INT
 CPU TIMES  *    285722.88 284586.87    508.45    627.30
 REAL TIME  *    360451.26 SEC
 DISK USED  *       689.62 GB      
 SF USED    *       237.77 GB      
 GA USED    *         0.02 MB       (max)       0.00 MB       (current)
 **********************************************************************************************************************************

 UCCSD(T)/USERDEF energy=   -385.548845018122

        UCCSD(T)        RHF-SCF 
   -385.54884502   -383.45934284
 **********************************************************************************************************************************
 Molpro calculation terminated
 Variable memory released

 Fortran compiler diagnostic
 ***************************

 integer size                  8
 double precision size         8
 logical size                  8

 diagnostic completed successfully
