
 Primary working directories    : /scratch/saurabh/PBS_8109648.helios
 Secondary working directories  : /scratch/saurabh/PBS_8109648.helios
 Wavefunction directory         : /scratch/saurabh/PBS_8109648.helios/
 Main file repository           : /scratch/saurabh/PBS_8109648.helios/

 SHA1      : f6387f0c468d0184d0b38d85973bdb066f718752
 NAME      : 2015.1.44
 ARCHNAME  : linux/x86_64
 FC        : /opt/may/bin/gfortran
 BLASLIB   : -Wl,-_start-group /opt/intel/mkl/lib/intel64/libmkl_gf_ilp64.a /opt/intel/mkl/lib/intel64/libmkl_gnu_thread.a /opt/intel/mkl/lib/intel64/libmkl_core.a -Wl,-_end-group
 id        : ramakrishnan

 Nodes             nprocs
 hel03.tifrh.res.in    8

 Using DEFAULT tuning parameter for ncache   :   16384
 Using DEFAULT tuning parameter for mflopdgm :   10000
 Using DEFAULT tuning parameter for mflopdgv :    4000
 Using DEFAULT tuning parameter for mflopmxm :    5000
 Using DEFAULT tuning parameter for mflopmxv :    4000
 Using DEFAULT tuning parameter for mindgm   :       1
 Using DEFAULT tuning parameter for mindgc   :       4
 Using DEFAULT tuning parameter for mindgf   :    5000
 Using DEFAULT tuning parameter for mindgl   :       4
 Using DEFAULT tuning parameter for mindgr   :       1
 Using DEFAULT tuning parameter for mindgv   :      20
 Using DEFAULT tuning parameter for mincuda  :     500
 Using DEFAULT tuning parameter for mxmblk   :      64
 Using DEFAULT tuning parameter for mxmbln   :      64
 Using DEFAULT tuning parameter for nroll    :       2
 Using custom tuning parameter for ngpus     :       0
 Using customized tuning parameters: mindgm=1; mindgv=20; mindgc=4; mindgr=1; noblas=0; minvec=7
 default implementation of scratch files=sf  

 ***,TS_01
 memory,64,g
 geometry={
 C -0.30262 0.93791 -0.31528
 C -0.61209 -0.43653 0.2578
 C 0.4222 -1.45337 -0.19258
 C 1.80182 -0.94025 0.26621
 C 2.10621 0.49282 -0.20199
 C 0.98906 1.50546 0.18122
 H 1.20851 2.4805 -0.25494
 H 0.96822 1.62456 1.26803
 H 2.22284 0.50146 -1.28908
 H 3.05714 0.82591 0.21832
 H 2.58083 -1.61401 -0.09412
 H 1.84574 -0.97745 1.35873
 H 0.38972 -1.55245 -1.28001
 H 0.2162 -2.43556 0.23666
 H -0.62275 -0.37559 1.35313
 O -1.93826 -0.68102 -0.2003
 O -2.59766 0.51735 0.18697
 H -1.59576 1.23645 0.01965
 H -0.41077 0.95933 -1.402
  }
 basis={
                                                                            ! oxygen               (10s,5p,4d,2f) -&gt; [10s,5p,4d,2f]
 s, O , 0.1533000000E+05, 0.2299000000E+04, 0.5224000000E+03, 0.1473000000E+03, 0.4755000000E+02, 0.1676000000E+02, 0.6207000000E+01, 0.1752000000E+01, 0.6882000000E+00, 0.2384000000E+00
 c, 1.1, 0.1000000000E+01
 c, 2.2, 0.1000000000E+01
 c, 3.3, 0.1000000000E+01
 c, 4.4, 0.1000000000E+01
 c, 5.5, 0.1000000000E+01
 c, 6.6, 0.1000000000E+01
 c, 7.7, 0.1000000000E+01
 c, 8.8, 0.1000000000E+01
 c, 9.9, 0.1000000000E+01
 c, 10.10, 0.1000000000E+01
 p, O , 0.3446000000E+02, 0.7749000000E+01, 0.2280000000E+01, 0.7156000000E+00, 0.2140000000E+00
 c, 1.1, 0.1000000000E+01
 c, 2.2, 0.1000000000E+01
 c, 3.3, 0.1000000000E+01
 c, 4.4, 0.1000000000E+01
 c, 5.5, 0.1000000000E+01
 d, O , 0.2100000000E+02, 0.7000000000E+01, 0.2314000000E+01, 0.6450000000E+00
 c, 1.1, 0.1000000000E+01
 c, 2.2, 0.1000000000E+01
 c, 3.3, 0.1000000000E+01
 c, 4.4, 0.1000000000E+01
 f, O , 0.4300000000E+01, 0.1428000000E+01
 c, 1.1, 0.1000000000E+01
 c, 2.2, 0.1000000000E+01
                                                                                 ! hydrogen             (5s,2p,1d) -&gt; [5s,2p,1d]
 s, H , 0.3387000000E+02, 0.5095000000E+01, 0.1159000000E+01, 0.3258000000E+00, 0.1027000000E+00
 c, 1.1, 0.1000000000E+01
 c, 2.2, 0.1000000000E+01
 c, 3.3, 0.1000000000E+01
 c, 4.4, 0.1000000000E+01
 c, 5.5, 0.1000000000E+01
 p, H , 0.1407000000E+01, 0.3880000000E+00
 c, 1.1, 0.1000000000E+01
 c, 2.2, 0.1000000000E+01
 d, H , 0.1057000000E+01
 c, 1.1, 0.1000000000E+01
                                                                            ! carbon               (10s,5p,4d,2f) -&gt; [10s,5p,4d,2f]
 s, C , 0.8236000000E+04, 0.1235000000E+04, 0.2808000000E+03, 0.7927000000E+02, 0.2559000000E+02, 0.8997000000E+01, 0.3319000000E+01, 0.9059000000E+00, 0.3643000000E+00, 0.1285000000E+00
 c, 1.1, 0.1000000000E+01
 c, 2.2, 0.1000000000E+01
 c, 3.3, 0.1000000000E+01
 c, 4.4, 0.1000000000E+01
 c, 5.5, 0.1000000000E+01
 c, 6.6, 0.1000000000E+01
 c, 7.7, 0.1000000000E+01
 c, 8.8, 0.1000000000E+01
 c, 9.9, 0.1000000000E+01
 c, 10.10, 0.1000000000E+01
 p, C , 0.1871000000E+02, 0.4133000000E+01, 0.1200000000E+01, 0.3827000000E+00, 0.1209000000E+00
 c, 1.1, 0.1000000000E+01
 c, 2.2, 0.1000000000E+01
 c, 3.3, 0.1000000000E+01
 c, 4.4, 0.1000000000E+01
 c, 5.5, 0.1000000000E+01
 d, C , 0.1000000000E+02, 0.3300000000E+01, 0.1097000000E+01, 0.3180000000E+00
 c, 1.1, 0.1000000000E+01
 c, 2.2, 0.1000000000E+01
 c, 3.3, 0.1000000000E+01
 c, 4.4, 0.1000000000E+01
 f, C , 0.2300000000E+01, 0.7610000000E+00
 c, 1.1, 0.1000000000E+01
 c, 2.2, 0.1000000000E+01
 }
 {rhf
 wf,63,1,1
 }
 uccsd(t);
 

 Fortran compiler diagnostic
 ***************************

 integer size                  8
 double precision size         8
 logical size                  8

 diagnostic completed successfully

 Variables initialized (889), CPU time= 0.01 sec
 Commands  initialized (702), CPU time= 0.02 sec, 572 directives.
 Default parameters read. Elapsed time= 0.11 sec

 Using DEFAULT tuning parameter for mpplat   :       3
 Using DEFAULT tuning parameter for mppspeed :    1600
 Checking input...
 Passed
1


                                         ***  PROGRAM SYSTEM MOLPRO  ***
                                       Copyright, TTI GmbH Stuttgart, 2015
                                    Version 2015.1 linked Jun  9 2019 06:55:40


 **********************************************************************************************************************************
 LABEL *   TS_01                                                                         
  64 bit mpp version                                                                     DATE: 01-Jul-22          TIME: 17:17:42  
 **********************************************************************************************************************************

 SHA1:             f6387f0c468d0184d0b38d85973bdb066f718752
 **********************************************************************************************************************************

Geometry recognized as XYZ


 Variable memory set to ********** words,  buffer space   230000 words

 SETTING BASIS          =    USERDEF


 Recomputing integrals since basis changed


 Using spherical harmonics



 PROGRAM * SEWARD (Integral evaluation for generally contracted gaussian basis sets)     Author: Roland Lindh, 1990

 Geometry written to block  1 of record 700


 Point group  C1  



 ATOMIC COORDINATES

 NR  ATOM    CHARGE       X              Y              Z

   1  C       6.00   -0.571868920    1.772393029   -0.595792853
   2  C       6.00   -1.156682464   -0.824922145    0.487171395
   3  C       6.00    0.797842370   -2.746471258   -0.363923457
   4  C       6.00    3.404946326   -1.776814989    0.503063992
   5  C       6.00    3.980160061    0.931294829   -0.381705780
   6  C       6.00    1.869052521    2.844907091    0.342456168
   7  H       1.00    2.283752919    4.687465652   -0.481766778
   8  H       1.00    1.829670628    3.069973473    2.396229418
   9  H       1.00    4.200558819    0.947622062   -2.436008153
  10  H       1.00    5.777157324    1.560743704    0.412565008
  11  H       1.00    4.877061874   -3.050036862   -0.177861023
  12  H       1.00    3.487943097   -1.847112800    2.567627577
  13  H       1.00    0.736464065   -2.933705322   -2.418868337
  14  H       1.00    0.408558788   -4.602541360    0.447222585
  15  H       1.00   -1.176826944   -0.709762235    2.557045111
  16  O       8.00   -3.662780558   -1.286941285   -0.378512143
  17  O       8.00   -4.908865965    0.977649811    0.353322094
  18  H       1.00   -3.015549361    2.336551867    0.037133118
  19  H       1.00   -0.776242800    1.812870963   -2.649396027

 Bond lengths in Bohr (Angstrom)

  1- 2  2.874171978   1- 6  2.826427978   1-18  2.586589371   1-19  2.064144652   2- 3  2.869996649
       ( 1.520946311)       ( 1.495681275)       ( 1.368764149)       ( 1.092298310)       ( 1.518736822)

  2-15  2.073172642   2-16  2.691356040   3- 4  2.913570242   3-13  2.064369722   3-14  2.062642924
       ( 1.097075717)       ( 1.424204283)       ( 1.541794974)       ( 1.092417412)       ( 1.091503630)

  4- 5  2.906466441   4-11  2.062008003   4-12  2.067426672   5- 6  2.939914534   5- 9  2.066155955
       ( 1.538035805)       ( 1.091167644)       ( 1.094035080)       ( 1.555735773)       ( 1.093362646)

  5-10  2.063073226   6- 7  2.060665411   6- 8  2.066443895  16-17  2.686388472  17-18  2.351858420
       ( 1.091731336)       ( 1.090457175)       ( 1.093515017)       ( 1.421575559)       ( 1.244549879)

 Bond angles

  1- 2- 3  110.77698135   1- 2-15  109.14574566   1- 2-16  102.90890338   1- 6- 5  106.94072147

  1- 6- 7  112.35338224   1- 6- 8  110.78061190   1-18-17  131.86872594   2- 1- 6  113.17551255

  2- 1-18   84.98999573   2- 1-19  111.86633201   2- 3- 4  107.35662392   2- 3-13  109.61340365

  2- 3-14  110.93619677   2-16-17  101.51257778   3- 2-15  109.86988748   3- 2-16  115.07596767

  3- 4- 5  113.36585531   3- 4-11  109.57661230   3- 4-12  108.76955624   4- 3-13  110.67091358

  4- 3-14  110.56896276   4- 5- 6  112.91634682   4- 5- 9  109.33809227   4- 5-10  109.84437727

  5- 4-11  109.48199673   5- 4-12  109.13103253   5- 6- 7  109.81466900   5- 6- 8  109.23169427

  6- 1-18  130.68506337   6- 1-19  114.09973013   6- 5- 9  108.44310045   6- 5-10  109.39308391

  7- 6- 8  107.69649903   9- 5-10  106.70599751  11- 4-12  106.26683168  13- 3-14  107.71210514

 15- 2-16  108.76148772  16-17-18   94.41831992  18- 1-19   98.37361088

 NUCLEAR CHARGE:                   63
 NUMBER OF PRIMITIVE AOS:         739
 NUMBER OF SYMMETRY AOS:          648
 NUMBER OF CONTRACTIONS:          648   ( 648A   )
 NUMBER OF CORE ORBITALS:           8   (   8A   )
 NUMBER OF VALENCE ORBITALS:       43   (  43A   )


 NUCLEAR REPULSION ENERGY  403.51558286


 Eigenvalues of metric

         1 0.272E-03 0.306E-03 0.402E-03 0.537E-03 0.636E-03 0.777E-03 0.810E-03 0.849E-03


 Contracted 2-electron integrals neglected if value below      1.0D-11
 AO integral compression algorithm  1   Integral accuracy      1.0D-11

     30312.235 MB (compressed) written to integral file ( 16.8%)

     Node minimum: 3605.529 MB, node maximum: 3985.113 MB


 NUMBER OF SORTED TWO-ELECTRON INTEGRALS: 2763499760.     BUFFER LENGTH:  32768
 NUMBER OF SEGMENTS:  87  SEGMENT LENGTH:   31996888      RECORD LENGTH: 262144

 Memory used in sort:      32.29 MW

 SORT1 READ 22548520425. AND WROTE  1011962182. INTEGRALS IN   5835 RECORDS. CPU TIME:   657.03 SEC, REAL TIME:   676.61 SEC
 SORT2 READ  8093050604. AND WROTE 22108103226. INTEGRALS IN 117072 RECORDS. CPU TIME:    85.59 SEC, REAL TIME:  1345.07 SEC

 Node minimum:  2763420908.  Node maximum:  2763604900. integrals

 OPERATOR DM      FOR CENTER  0  COORDINATES:    0.000000    0.000000    0.000000


 **********************************************************************************************************************************
 DATASETS  * FILE   NREC   LENGTH (MB)   RECORD NAMES
              1      18       35.52       500      610      700      900      950      970     1000      129      960     1100   
                                          VAR    BASINP    GEOM    SYMINP    ZMAT    AOBASIS   BASIS     P2S    ABASIS      S 
                                         1400     1410     1200     1210     1080     1600     1650     1700   
                                           T        V       H0       H01     AOSYM     SMH    MOLCAS    OPER   

 PROGRAMS   *        TOTAL       INT
 CPU TIMES  *       849.76    849.58
 REAL TIME  *      2202.93 SEC
 DISK USED  *       126.76 GB      
 GA USED    *         0.02 MB       (max)       0.00 MB       (current)
 **********************************************************************************************************************************


 PROGRAM * RHF-SCF (OPEN SHELL)       Authors: W. Meyer, H.-J. Werner


 NUMBER OF ELECTRONS:      32+   31-    SPACE SYMMETRY=1    SPIN SYMMETRY: Doublet 
 CONVERGENCE THRESHOLDS:    1.00E-05 (Density)    1.26E-07 (Energy)
 MAX. NUMBER OF ITERATIONS:       60
 INTERPOLATION TYPE:            DIIS
 INTERPOLATION STEPS:              2 (START)      1 (STEP)
 LEVEL SHIFTS:                 -0.60 (CLOSED) -0.30 (OPEN) 



 Orbital guess generated from atomic densities. Full valence occupancy:   32

 Molecular orbital dump at record        2100.2

 Initial alpha occupancy:  32
 Initial beta  occupancy:  31
 Wave function symmetry:    1

 ITERATION    DDIFF          GRAD             ENERGY        2-EL.EN.            DIPOLE MOMENTS         DIIS   ORB.
    1      0.000D+00      0.000D+00      -383.14448350   1072.031037    2.36574    0.21821    0.00796    0    start
    2      0.000D+00      0.194D-02      -383.22525814   1071.631307    2.09294    0.24326    0.01661    1    diag,B
    3      0.472D-03      0.731D-03      -383.24508592   1071.617108    1.95825    0.22838    0.00982    2    diag,B
    4      0.264D-03      0.331D-03      -383.25188019   1071.631036    1.87636    0.25512    0.02189    3    diag,B
    5      0.203D-03      0.124D-03      -383.25322260   1071.600630    1.87003    0.26043    0.01729    4    diag,B
    6      0.941D-04      0.608D-04      -383.25381339   1071.581529    1.86904    0.27008    0.01739    5    diag,B
    7      0.696D-04      0.338D-04      -383.25410263   1071.573615    1.87463    0.27539    0.01524    6    fixocc
    8      0.453D-04      0.220D-04      -383.25424883   1071.576324    1.87997    0.27936    0.01318    7    diag,B
    9      0.290D-04      0.147D-04      -383.25433269   1071.587022    1.88834    0.28392    0.01070    8    diag,B
   10      0.273D-04      0.859D-05      -383.25435720   1071.593525    1.89487    0.28711    0.00898    9    orth
   11      0.172D-04      0.493D-05      -383.25436428   1071.597141    1.89925    0.28914    0.00809    9    diag,B
   12      0.846D-05      0.317D-05      -383.25436749   1071.598889    1.90194    0.29045    0.00758    9    diag,B
   13      0.558D-05      0.188D-05      -383.25436883   1071.600312    1.90371    0.29142    0.00729    9    diag,B
   14      0.362D-05      0.121D-05      -383.25436936   1071.601220    1.90488    0.29208    0.00711    9    diag,B
   15      0.262D-05      0.648D-06      -383.25436952   1071.601896    1.90557    0.29243    0.00702    9    diag,B
   16      0.145D-05      0.339D-06      -383.25436955   1071.602306    1.90600    0.29263    0.00698    9    diag,B
   17      0.757D-06      0.159D-06      -383.25436956   1071.602336    1.90609    0.29265    0.00696    0    orth

 Final alpha occupancy:  32
 Final beta  occupancy:  31

 !RHF STATE 1.1 Energy               -383.254369556830
 Nuclear energy                       403.51558286
 One-electron energy                -1322.57112051
 Two-electron energy                  535.80116809
 Virial quotient                       -1.00104650
 !RHF STATE 1.1 Dipole moment           1.90609489     0.29264902     0.00696481
 Dipole moment /Debye                   4.84449265     0.74379091     0.01770161

 Orbital energies:

         1.1          2.1          3.1          4.1          5.1          6.1          7.1          8.1          9.1         10.1
    -20.599591   -20.596951   -11.292401   -11.266079   -11.246749   -11.244172   -11.239740   -11.237436    -1.457844    -1.170765

        11.1         12.1         13.1         14.1         15.1         16.1         17.1         18.1         19.1         20.1
     -1.124658    -1.028318    -1.005734    -0.864329    -0.830957    -0.786089    -0.695206    -0.659796    -0.637563    -0.622827

        21.1         22.1         23.1         24.1         25.1         26.1         27.1         28.1         29.1         30.1
     -0.600224    -0.589596    -0.577629    -0.542334    -0.518704    -0.515728    -0.505512    -0.486364    -0.467174    -0.459871

        31.1         32.1         33.1         34.1
     -0.414900    -0.398316     0.127380     0.138747

 HOMO     32.1    -0.398316 =     -10.8387eV
 LUMO     33.1     0.127380 =       3.4662eV
 LUMO-HOMO         0.525696 =      14.3049eV


 **********************************************************************************************************************************
 DATASETS  * FILE   NREC   LENGTH (MB)   RECORD NAMES
              1      18       35.52       500      610      700      900      950      970     1000      129      960     1100   
                                          VAR    BASINP    GEOM    SYMINP    ZMAT    AOBASIS   BASIS     P2S    ABASIS      S 
                                         1400     1410     1200     1210     1080     1600     1650     1700   
                                           T        V       H0       H01     AOSYM     SMH    MOLCAS    OPER   

              2       4       14.92       700     1000      520     2100   
                                         GEOM     BASIS   MCVARS     RHF  

 PROGRAMS   *        TOTAL       RHF       INT
 CPU TIMES  *      1328.66    478.90    849.58
 REAL TIME  *      2767.50 SEC
 DISK USED  *       127.65 GB      
 SF USED    *         1.68 MB      
 GA USED    *         0.02 MB       (max)       0.00 MB       (current)
 **********************************************************************************************************************************


 PROGRAM * CCSD (Unrestricted open-shell coupled cluster)     Authors: C. Hampel, H.-J. Werner, 1991, M. Deegan, P.J. Knowles, 1992


 Convergence thresholds:  THRVAR = 1.00D-08  THRDEN = 1.26D-06

 CCSD(T)     terms to be evaluated (factor= 1.000)


 Number of core orbitals:           8 (   8 )
 Number of closed-shell orbitals:  23 (  23 )
 Number of active  orbitals:        1 (   1 )
 Number of external orbitals:     616 ( 616 )

 Memory could be reduced to 8194.09 Mwords without degradation in triples

 Number of N-1 electron functions:              47
 Number of N-2 electron functions:            1081
 Number of singly external CSFs:             28999
 Number of doubly external CSFs:         310669372
 Total number of CSFs:                   310698371

 Molecular orbitals read from record     2100.2  Type=RHF/CANONICAL (state 1.1)

 Integral transformation finished. Total CPU:1367.80 sec, npass=  1  Memory used:3617.65 MW

 Starting RMP2 calculation

 ITER.      SQ.NORM     CORR.ENERGY   TOTAL ENERGY   ENERGY CHANGE        DEN1      VAR(S)    VAR(P)  DIIS     TIME
   1      1.45026839    -1.56040771  -384.81477726    -1.56040771    -0.00542608  0.36D-04  0.20D-02  1  1  1502.14
   2      1.45522763    -1.56625244  -384.82062200    -0.00584473    -0.00000916  0.65D-06  0.42D-05  2  2  1666.27
   3      1.45536977    -1.56634026  -384.82070981    -0.00008782    -0.00000006  0.25D-07  0.23D-07  3  3  1796.10
   4      1.45537189    -1.56633985  -384.82070940     0.00000041    -0.00000000  0.83D-09  0.97D-10  4  4  1931.73

 Norm of t1 vector:      0.06588259      S-energy:    -0.00560358      T1 diagnostic:  0.00041963
 Norm of t2 vector:      0.67158869      P-energy:    -1.56073627
                                         Alpha-Beta:  -1.18458420
                                         Alpha-Alpha: -0.19239821
                                         Beta-Beta:   -0.18375386

 Spin contamination <S**2-Sz**2-Sz>     0.00121945
  Reference energy                   -383.254369556835
  RHF-RMP2 correlation energy          -1.566339847852
 !RHF-RMP2 energy                    -384.820709404687

 Starting UCCSD calculation

 ITER.      SQ.NORM     CORR.ENERGY   TOTAL ENERGY   ENERGY CHANGE        DEN1      VAR(S)    VAR(P)  DIIS     TIME
   1      1.45450418    -1.55249539  -384.80686495    -1.55249539    -0.04424927  0.77D-02  0.85D-02  1  1  4520.06
   2      1.49221735    -1.59272067  -384.84709023    -0.04022528    -0.00435961  0.51D-03  0.13D-02  2  2  7147.27
   3      1.50980776    -1.60174007  -384.85610963    -0.00901940    -0.00058864  0.41D-03  0.92D-04  3  3  9707.50
   4      1.51727977    -1.60410220  -384.85847175    -0.00236212    -0.00019739  0.14D-03  0.34D-04  4  4 12232.26
   5      1.52363731    -1.60491189  -384.85928145    -0.00080970    -0.00009681  0.11D-03  0.79D-05  5  5 14736.83
   6      1.52884290    -1.60532930  -384.85969885    -0.00041741    -0.00005019  0.52D-04  0.63D-05  6  6 17206.62
   7      1.53612075    -1.60569858  -384.86006814    -0.00036928    -0.00002453  0.30D-04  0.22D-05  6  5 19696.34
   8      1.53998031    -1.60583264  -384.86020220    -0.00013406    -0.00001567  0.16D-04  0.20D-05  6  3 22196.95
   9      1.54503134    -1.60598769  -384.86035725    -0.00015505    -0.00000774  0.89D-05  0.73D-06  6  1 24748.42
  10      1.54867810    -1.60607790  -384.86044746    -0.00009021    -0.00000387  0.37D-05  0.56D-06  6  2 27387.32
  11      1.55238561    -1.60618100  -384.86055056    -0.00010310    -0.00000173  0.17D-05  0.22D-06  6  4 29955.12
  12      1.55389521    -1.60618988  -384.86055944    -0.00000888    -0.00000071  0.55D-06  0.13D-06  6  5 32422.32
  13      1.55546355    -1.60620792  -384.86057748    -0.00001804    -0.00000017  0.12D-06  0.31D-07  6  6 35040.46
  14      1.55554177    -1.60619675  -384.86056631     0.00001117    -0.00000005  0.31D-07  0.91D-08  6  1 37712.88
  15      1.55576524    -1.60619782  -384.86056737    -0.00000106    -0.00000001  0.80D-08  0.21D-08  6  3 40248.67
  16      1.55577499    -1.60619764  -384.86056720     0.00000017    -0.00000000  0.26D-08  0.63D-09  6  2 42890.76

 Norm of t1 vector:      0.23952494      S-energy:    -0.00649424      T1 diagnostic:  0.02327070
                                                                       D1 diagnostic:  0.14029072
 Norm of t2 vector:      0.70597648      P-energy:    -1.59970341
                                         Alpha-Beta:  -1.26054103
                                         Alpha-Alpha: -0.17375244
                                         Beta-Beta:   -0.16540994

 Singles amplitudes (print threshold =  0.500E-01):

         I         SYM. A    A   T(IA) [Beta-Beta]

        16         1         1      0.07320969
        23         1         1      0.16643645

 Spin contamination <S**2-Sz**2-Sz>     0.00281378

 Memory could be reduced to 8639.35 Mwords without degradation in triples


 RESULTS
 =======

  Reference energy                   -383.254369556835
  UCCSD singles energy                 -0.006494235757
  UCCSD pair energy                    -1.599703408357
  UCCSD correlation energy             -1.606197644114
  Triples (T) contribution             -0.074210795118
  Total correlation energy             -1.680408439231

  RHF-UCCSD energy                   -384.860567200948
  RHF-UCCSD[T] energy                -384.938201644703
  RHF-UCCSD-T energy                 -384.933774431394
 !RHF-UCCSD(T) energy                -384.934777996066

 Program statistics:

 Available memory in ccsd:             63999995052
 Min. memory needed in ccsd:             847805944
 Max. memory used in ccsd:              1249267121
 Max. memory used in cckext:             923731023 (16 integral passes)
 Max. memory used in cckint:            3617646204 ( 1 integral passes)



 **********************************************************************************************************************************
 DATASETS  * FILE   NREC   LENGTH (MB)   RECORD NAMES
              1      18       35.52       500      610      700      900      950      970     1000      129      960     1100   
                                          VAR    BASINP    GEOM    SYMINP    ZMAT    AOBASIS   BASIS     P2S    ABASIS      S 
                                         1400     1410     1200     1210     1080     1600     1650     1700   
                                           T        V       H0       H01     AOSYM     SMH    MOLCAS    OPER   

              2       4       14.92       700     1000      520     2100   
                                         GEOM     BASIS   MCVARS     RHF  

 PROGRAMS   *        TOTAL  UCCSD(T)       RHF       INT
 CPU TIMES  *    130253.53 128924.80    478.90    849.58
 REAL TIME  *    192621.75 SEC
 DISK USED  *       443.24 GB      
 SF USED    *       167.90 GB      
 GA USED    *         0.02 MB       (max)       0.00 MB       (current)
 **********************************************************************************************************************************

 UCCSD(T)/USERDEF energy=   -384.934777996066

        UCCSD(T)        RHF-SCF 
   -384.93477800   -383.25436956
 **********************************************************************************************************************************
 Molpro calculation terminated
 Variable memory released

 Fortran compiler diagnostic
 ***************************

 integer size                  8
 double precision size         8
 logical size                  8

 diagnostic completed successfully
