
 Primary working directories    : /scratch/saurabh/PBS_8109629.helios
 Secondary working directories  : /scratch/saurabh/PBS_8109629.helios
 Wavefunction directory         : /scratch/saurabh/PBS_8109629.helios/
 Main file repository           : /scratch/saurabh/PBS_8109629.helios/

 SHA1      : f6387f0c468d0184d0b38d85973bdb066f718752
 NAME      : 2015.1.44
 ARCHNAME  : linux/x86_64
 FC        : /opt/may/bin/gfortran
 BLASLIB   : -Wl,-_start-group /opt/intel/mkl/lib/intel64/libmkl_gf_ilp64.a /opt/intel/mkl/lib/intel64/libmkl_gnu_thread.a /opt/intel/mkl/lib/intel64/libmkl_core.a -Wl,-_end-group
 id        : ramakrishnan

 Nodes             nprocs
 hel06.tifrh.res.in    8

 Using DEFAULT tuning parameter for ncache   :   16384
 Using DEFAULT tuning parameter for mflopdgm :   10000
 Using DEFAULT tuning parameter for mflopdgv :    4000
 Using DEFAULT tuning parameter for mflopmxm :    5000
 Using DEFAULT tuning parameter for mflopmxv :    4000
 Using DEFAULT tuning parameter for mindgm   :       1
 Using DEFAULT tuning parameter for mindgc   :       4
 Using DEFAULT tuning parameter for mindgf   :    5000
 Using DEFAULT tuning parameter for mindgl   :       4
 Using DEFAULT tuning parameter for mindgr   :       1
 Using DEFAULT tuning parameter for mindgv   :      20
 Using DEFAULT tuning parameter for mincuda  :     500
 Using DEFAULT tuning parameter for mxmblk   :      64
 Using DEFAULT tuning parameter for mxmbln   :      64
 Using DEFAULT tuning parameter for nroll    :       2
 Using custom tuning parameter for ngpus     :       0
 Using customized tuning parameters: mindgm=1; mindgv=20; mindgc=4; mindgr=1; noblas=0; minvec=7
 default implementation of scratch files=sf  

 ***,TS_02
 memory,64,g
 geometry={
 C -0.36149 0.38588 1.04298
 C -0.16731 -0.97085 0.78936
 C 1.03045 -1.45009 -0.0429
 C 2.04326 -0.33546 -0.32949
 C 1.33988 0.96597 -0.72067
 C 0.47192 1.46694 0.43495
 H -0.16258 2.30036 0.12769
 H 1.11671 1.86275 1.23193
 H 0.71366 0.79604 -1.60068
 H 2.0673 1.73147 -0.99492
 H 2.73115 -0.65293 -1.11494
 H 2.6496 -0.15424 0.56376
 H 0.68157 -1.86859 -0.99113
 H 1.52159 -2.27104 0.4822
 H -0.49664 -1.64875 1.57393
 O -2.22255 -0.61136 -0.69821
 O -2.11999 0.60241 -0.3249
 H -1.0117 0.67671 1.85714
 H -1.21058 -1.07446 0.00456
  }
 basis={
                                                                            ! oxygen               (10s,5p,4d,2f) -&gt; [10s,5p,4d,2f]
 s, O , 0.1533000000E+05, 0.2299000000E+04, 0.5224000000E+03, 0.1473000000E+03, 0.4755000000E+02, 0.1676000000E+02, 0.6207000000E+01, 0.1752000000E+01, 0.6882000000E+00, 0.2384000000E+00
 c, 1.1, 0.1000000000E+01
 c, 2.2, 0.1000000000E+01
 c, 3.3, 0.1000000000E+01
 c, 4.4, 0.1000000000E+01
 c, 5.5, 0.1000000000E+01
 c, 6.6, 0.1000000000E+01
 c, 7.7, 0.1000000000E+01
 c, 8.8, 0.1000000000E+01
 c, 9.9, 0.1000000000E+01
 c, 10.10, 0.1000000000E+01
 p, O , 0.3446000000E+02, 0.7749000000E+01, 0.2280000000E+01, 0.7156000000E+00, 0.2140000000E+00
 c, 1.1, 0.1000000000E+01
 c, 2.2, 0.1000000000E+01
 c, 3.3, 0.1000000000E+01
 c, 4.4, 0.1000000000E+01
 c, 5.5, 0.1000000000E+01
 d, O , 0.2100000000E+02, 0.7000000000E+01, 0.2314000000E+01, 0.6450000000E+00
 c, 1.1, 0.1000000000E+01
 c, 2.2, 0.1000000000E+01
 c, 3.3, 0.1000000000E+01
 c, 4.4, 0.1000000000E+01
 f, O , 0.4300000000E+01, 0.1428000000E+01
 c, 1.1, 0.1000000000E+01
 c, 2.2, 0.1000000000E+01
                                                                                 ! hydrogen             (5s,2p,1d) -&gt; [5s,2p,1d]
 s, H , 0.3387000000E+02, 0.5095000000E+01, 0.1159000000E+01, 0.3258000000E+00, 0.1027000000E+00
 c, 1.1, 0.1000000000E+01
 c, 2.2, 0.1000000000E+01
 c, 3.3, 0.1000000000E+01
 c, 4.4, 0.1000000000E+01
 c, 5.5, 0.1000000000E+01
 p, H , 0.1407000000E+01, 0.3880000000E+00
 c, 1.1, 0.1000000000E+01
 c, 2.2, 0.1000000000E+01
 d, H , 0.1057000000E+01
 c, 1.1, 0.1000000000E+01
                                                                            ! carbon               (10s,5p,4d,2f) -&gt; [10s,5p,4d,2f]
 s, C , 0.8236000000E+04, 0.1235000000E+04, 0.2808000000E+03, 0.7927000000E+02, 0.2559000000E+02, 0.8997000000E+01, 0.3319000000E+01, 0.9059000000E+00, 0.3643000000E+00, 0.1285000000E+00
 c, 1.1, 0.1000000000E+01
 c, 2.2, 0.1000000000E+01
 c, 3.3, 0.1000000000E+01
 c, 4.4, 0.1000000000E+01
 c, 5.5, 0.1000000000E+01
 c, 6.6, 0.1000000000E+01
 c, 7.7, 0.1000000000E+01
 c, 8.8, 0.1000000000E+01
 c, 9.9, 0.1000000000E+01
 c, 10.10, 0.1000000000E+01
 p, C , 0.1871000000E+02, 0.4133000000E+01, 0.1200000000E+01, 0.3827000000E+00, 0.1209000000E+00
 c, 1.1, 0.1000000000E+01
 c, 2.2, 0.1000000000E+01
 c, 3.3, 0.1000000000E+01
 c, 4.4, 0.1000000000E+01
 c, 5.5, 0.1000000000E+01
 d, C , 0.1000000000E+02, 0.3300000000E+01, 0.1097000000E+01, 0.3180000000E+00
 c, 1.1, 0.1000000000E+01
 c, 2.2, 0.1000000000E+01
 c, 3.3, 0.1000000000E+01
 c, 4.4, 0.1000000000E+01
 f, C , 0.2300000000E+01, 0.7610000000E+00
 c, 1.1, 0.1000000000E+01
 c, 2.2, 0.1000000000E+01
 }
 DKROLL=1
 DKHO=2
 {rhf
 wf,63,1,1
 }
 {uccsd(t)
 core}
 

 Fortran compiler diagnostic
 ***************************

 integer size                  8
 double precision size         8
 logical size                  8

 diagnostic completed successfully

 Variables initialized (889), CPU time= 0.01 sec
 Commands  initialized (702), CPU time= 0.01 sec, 572 directives.
 Default parameters read. Elapsed time= 0.10 sec

 Using DEFAULT tuning parameter for mpplat   :       3
 Using DEFAULT tuning parameter for mppspeed :    1600
 Checking input...
 Passed
1


                                         ***  PROGRAM SYSTEM MOLPRO  ***
                                       Copyright, TTI GmbH Stuttgart, 2015
                                    Version 2015.1 linked Jun  9 2019 06:55:40


 **********************************************************************************************************************************
 LABEL *   TS_02                                                                         
  64 bit mpp version                                                                     DATE: 01-Jul-22          TIME: 15:06:41  
 **********************************************************************************************************************************

 SHA1:             f6387f0c468d0184d0b38d85973bdb066f718752
 **********************************************************************************************************************************

Geometry recognized as XYZ


 Variable memory set to ********** words,  buffer space   230000 words

 SETTING BASIS          =    USERDEF
 SETTING DKROLL         =         1.00000000                                  
 SETTING DKHO           =         2.00000000                                  


 Recomputing integrals since basis changed


 Using spherical harmonics



 PROGRAM * SEWARD (Integral evaluation for generally contracted gaussian basis sets)     Author: Roland Lindh, 1990

 Geometry written to block  1 of record 700


 Point group  C1  



 ATOMIC COORDINATES

 NR  ATOM    CHARGE       X              Y              Z

   1  C       6.00   -0.683117097    0.729207517    1.970946553
   2  C       6.00   -0.316170078   -1.834640608    1.491674214
   3  C       6.00    1.947268285   -2.740272956   -0.081069251
   4  C       6.00    3.861201801   -0.633927526   -0.622645861
   5  C       6.00    2.532006240    1.825418745   -1.361868926
   6  C       6.00    0.891799553    2.772114841    0.821936378
   7  H       1.00   -0.307231673    4.347050388    0.241299129
   8  H       1.00    2.110276061    3.520087339    2.328010305
   9  H       1.00    1.348621946    1.504297584   -3.024846813
  10  H       1.00    3.906630817    3.272004093   -1.880126316
  11  H       1.00    5.161125505   -1.233858879   -2.106931245
  12  H       1.00    5.007018340   -0.291471357    1.065352000
  13  H       1.00    1.287980635   -3.531123339   -1.872964254
  14  H       1.00    2.875388374   -4.291643618    0.911225937
  15  H       1.00   -0.938513583   -3.115685948    2.974296639
  16  O       8.00   -4.200010798   -1.155302964   -1.319425677
  17  O       8.00   -4.006200487    1.138389915   -0.613972018
  18  H       1.00   -1.911835920    1.278796566    3.509485975
  19  H       1.00   -2.287664652   -2.030435132    0.008617151

 Bond lengths in Bohr (Angstrom)

  1- 2  2.633945576   1- 6  2.823837313   1-18  2.044236195   2- 3  2.901179963   2-15  2.055859396
       ( 1.393823974)       ( 1.494310354)       ( 1.081763208)       ( 1.535238321)       ( 1.087913941)

  2-19  2.474789810   3- 4  2.897091265   3-13  2.066637906   3-14  2.062233636   4- 5  2.891642381
       ( 1.309602369)       ( 1.533074676)       ( 1.093617683)       ( 1.091287044)       ( 1.530191250)

  4-11  2.062237224   4-12  2.068697306   5- 6  2.890591130   5- 9  2.066158909   5-10  2.061745043
       ( 1.091288942)       ( 1.094707471)       ( 1.529634952)       ( 1.093364209)       ( 1.091028491)

  6- 7  2.062822695   6- 8  2.076633461  16-17  2.407541136  16-19  2.487292072
       ( 1.091598761)       ( 1.098907103)       ( 1.274015904)       ( 1.316218281)

 Bond angles

  1- 2- 3  120.74272792   1- 2-15  115.66695297   1- 2-19   94.30525031   1- 6- 5  112.76400491

  1- 6- 7  110.04122573   1- 6- 8  107.02098242   2- 1- 6  123.53593135   2- 1-18  118.84079841

  2- 3- 4  112.94201569   2- 3-13  109.91366105   2- 3-14  108.97207876   2-19-16  154.77184996

  3- 2-15  115.63328916   3- 2-19  105.78050870   3- 4- 5  111.25231732   3- 4-11  109.84457871

  3- 4-12  109.49588854   4- 3-13  109.08032162   4- 3-14  109.85080445   4- 5- 6  110.25767894

  4- 5- 9  109.68478041   4- 5-10  110.76433207   5- 4-11  110.68165668   5- 4-12  108.80841000

  5- 6- 7  111.54421457   5- 6- 8  109.44714892   6- 1-18  116.54936950   6- 5- 9  109.51011923

  6- 5-10  109.78162365   7- 6- 8  105.67620438   9- 5-10  106.77391466  11- 4-12  106.63726496

 13- 3-14  105.83711625  15- 2-19   98.14737975  17-16-19   96.71083695

 NUCLEAR CHARGE:                   63
 NUMBER OF PRIMITIVE AOS:         739
 NUMBER OF SYMMETRY AOS:          648
 NUMBER OF CONTRACTIONS:          648   ( 648A   )
 NUMBER OF CORE ORBITALS:           8   (   8A   )
 NUMBER OF VALENCE ORBITALS:       43   (  43A   )


 NUCLEAR REPULSION ENERGY  396.13734250

 One-electron integrals computed with SEWARD

 2nd-order Douglas-Kroll-Hess method activated. Optimal DKH parametrization is used.

 Computing Douglas-Kroll / X2C integrals

 AO integral compression algorithm  1   Integral accuracy      1.0D-11

     30012.604 MB (compressed) written to integral file ( 16.5%)

     Node minimum: 3513.254 MB, node maximum: 3913.810 MB


 NUMBER OF SORTED TWO-ELECTRON INTEGRALS: 2763499760.     BUFFER LENGTH:  32768
 NUMBER OF SEGMENTS:  87  SEGMENT LENGTH:   31996888      RECORD LENGTH: 262144

 Memory used in sort:      32.29 MW

 SORT1 READ 22697709606. AND WROTE   995204868. INTEGRALS IN   5737 RECORDS. CPU TIME:   575.71 SEC, REAL TIME:   593.37 SEC
 SORT2 READ  7949436745. AND WROTE 22108103226. INTEGRALS IN 107216 RECORDS. CPU TIME:    39.97 SEC, REAL TIME:  1312.06 SEC

 Node minimum:  2763420908.  Node maximum:  2763604900. integrals

 OPERATOR DM      FOR CENTER  0  COORDINATES:    0.000000    0.000000    0.000000


 Eigenvalues of metric

         1 0.110E-03 0.364E-03 0.415E-03 0.527E-03 0.623E-03 0.727E-03 0.767E-03 0.818E-03


 **********************************************************************************************************************************
 DATASETS  * FILE   NREC   LENGTH (MB)   RECORD NAMES
              1      22       47.30       500      610      700      900      950      970     1000      129      960     1700   
                                          VAR    BASINP    GEOM    SYMINP    ZMAT    AOBASIS   BASIS     P2S    ABASIS    OPER   
                                         1101     1401     1411     1412     1650     1100     1400     1410     1200     1210   
                                          SR      EKINR    POTR     PVPR    MOLCAS      S      EKIN      POT      H0       H01  
                                         1080     1600   
                                         AOSYM     SMH  

 PROGRAMS   *        TOTAL       INT
 CPU TIMES  *       721.23    721.05
 REAL TIME  *      2057.99 SEC
 DISK USED  *       124.75 GB      
 GA USED    *         0.02 MB       (max)       0.00 MB       (current)
 **********************************************************************************************************************************


 PROGRAM * RHF-SCF (OPEN SHELL)       Authors: W. Meyer, H.-J. Werner


 NUMBER OF ELECTRONS:      32+   31-    SPACE SYMMETRY=1    SPIN SYMMETRY: Doublet 
 CONVERGENCE THRESHOLDS:    1.00E-05 (Density)    1.26E-07 (Energy)
 MAX. NUMBER OF ITERATIONS:       60
 INTERPOLATION TYPE:            DIIS
 INTERPOLATION STEPS:              2 (START)      1 (STEP)
 LEVEL SHIFTS:                 -0.60 (CLOSED) -0.30 (OPEN) 



 Orbital guess generated from atomic densities. Full valence occupancy:   32

 Molecular orbital dump at record        2100.2

 Initial alpha occupancy:  32
 Initial beta  occupancy:  31
 Wave function symmetry:    1

 ITERATION    DDIFF          GRAD             ENERGY        2-EL.EN.            DIPOLE MOMENTS         DIIS   ORB.
    1      0.000D+00      0.000D+00      -383.33444805   1058.874274    0.98395   -0.17960    0.57037    0    start
    2      0.000D+00      0.202D-02      -383.41926560   1057.427676    1.23604    0.00615    0.73511    1    diag,B
    3      0.473D-03      0.764D-03      -383.43660532   1057.522819    1.25522    0.00204    0.72616    2    diag,B
    4      0.244D-03      0.375D-03      -383.44409979   1057.560716    1.32641    0.07850    0.79047    3    diag,B
    5      0.230D-03      0.170D-03      -383.44571234   1057.568909    1.36390    0.08754    0.81589    4    diag,B
    6      0.116D-03      0.912D-04      -383.44661595   1057.562578    1.40269    0.12469    0.84986    5    diag,B
    7      0.103D-03      0.612D-04      -383.44712870   1057.568844    1.43122    0.15270    0.87320    6    fixocc
    8      0.735D-04      0.410D-04      -383.44748364   1057.575019    1.44864    0.17904    0.88816    7    diag,B
    9      0.507D-04      0.327D-04      -383.44776391   1057.583837    1.45530    0.19884    0.89534    8    diag,B
   10      0.407D-04      0.274D-04      -383.44812363   1057.583668    1.45784    0.22519    0.90130    9    orth
   11      0.635D-04      0.181D-04      -383.44830589   1057.582047    1.45376    0.24372    0.90281    9    diag,B
   12      0.568D-04      0.843D-05      -383.44832967   1057.577310    1.45031    0.24845    0.90229    9    diag,B
   13      0.225D-04      0.347D-05      -383.44833180   1057.575872    1.44932    0.24951    0.90207    9    diag,B
   14      0.731D-05      0.179D-05      -383.44833176   1057.576051    1.44894    0.24819    0.90169    9    diag,B
   15      0.411D-05      0.159D-05      -383.44833190   1057.575656    1.44898    0.24820    0.90165    0    orth

 Final alpha occupancy:  32
 Final beta  occupancy:  31

 !RHF STATE 1.1 Energy               -383.448331901099
 Nuclear energy                       396.13734250
 One-electron energy                -1308.37350218
 Two-electron energy                  528.78782778
 Virial quotient                       -0.99738288
 !RHF STATE 1.1 Dipole moment           1.44897880     0.24820330     0.90164790
 Dipole moment /Debye                   3.68269553     0.63082853     2.29161027

 Orbital energies:

         1.1          2.1          3.1          4.1          5.1          6.1          7.1          8.1          9.1         10.1
    -20.634080   -20.600280   -11.311800   -11.251865   -11.237254   -11.236151   -11.233296   -11.226767    -1.502423    -1.144670

        11.1         12.1         13.1         14.1         15.1         16.1         17.1         18.1         19.1         20.1
     -1.052796    -1.034165    -1.019616    -0.869954    -0.841435    -0.729870    -0.703721    -0.690832    -0.627528    -0.615216

        21.1         22.1         23.1         24.1         25.1         26.1         27.1         28.1         29.1         30.1
     -0.604055    -0.584786    -0.574759    -0.560658    -0.547353    -0.532989    -0.485670    -0.467660    -0.459701    -0.428861

        31.1         32.1         33.1         34.1
     -0.356439    -0.464348     0.103238     0.126002

 HOMO     32.1    -0.464348 =     -12.6356eV
 LUMO     33.1     0.103238 =       2.8092eV
 LUMO-HOMO         0.567586 =      15.4448eV


 **********************************************************************************************************************************
 DATASETS  * FILE   NREC   LENGTH (MB)   RECORD NAMES
              1      22       47.30       500      610      700      900      950      970     1000      129      960     1700   
                                          VAR    BASINP    GEOM    SYMINP    ZMAT    AOBASIS   BASIS     P2S    ABASIS    OPER   
                                         1101     1401     1411     1412     1650     1100     1400     1410     1200     1210   
                                          SR      EKINR    POTR     PVPR    MOLCAS      S      EKIN      POT      H0       H01  
                                         1080     1600   
                                         AOSYM     SMH  

              2       4       14.92       700     1000      520     2100   
                                         GEOM     BASIS   MCVARS     RHF  

 PROGRAMS   *        TOTAL       RHF       INT
 CPU TIMES  *      1153.54    432.30    721.05
 REAL TIME  *      2565.00 SEC
 DISK USED  *       125.73 GB      
 SF USED    *         1.68 MB      
 GA USED    *         0.02 MB       (max)       0.00 MB       (current)
 **********************************************************************************************************************************


 PROGRAM * CCSD (Unrestricted open-shell coupled cluster)     Authors: C. Hampel, H.-J. Werner, 1991, M. Deegan, P.J. Knowles, 1992


 Convergence thresholds:  THRVAR = 1.00D-08  THRDEN = 1.26D-06

 CCSD(T)     terms to be evaluated (factor= 1.000)


 Number of closed-shell orbitals:  31 (  31 )
 Number of active  orbitals:        1 (   1 )
 Number of external orbitals:     616 ( 616 )

 Memory could be reduced to 10979.38 Mwords without degradation in triples

 Number of N-1 electron functions:              63
 Number of N-2 electron functions:            1953
 Number of singly external CSFs:             38871
 Number of doubly external CSFs:         560268084
 Total number of CSFs:                   560306955

 Molecular orbitals read from record     2100.2  Type=RHF/CANONICAL (state 1.1)

 Integral transformation finished. Total CPU:1761.25 sec, npass=  1  Memory used:4856.60 MW

 Starting RMP2 calculation

 ITER.      SQ.NORM     CORR.ENERGY   TOTAL ENERGY   ENERGY CHANGE        DEN1      VAR(S)    VAR(P)  DIIS     TIME
   1      1.46604900    -1.95569990  -385.40403180    -1.95569990    -0.00568141  0.37D-04  0.22D-02  1  1  1971.26
   2      1.47155078    -1.96182978  -385.41016168    -0.00612988    -0.00001240  0.11D-05  0.62D-05  2  2  2184.62
   3      1.47175023    -1.96194477  -385.41027667    -0.00011499    -0.00000010  0.42D-07  0.34D-07  3  3  2428.33
   4      1.47175450    -1.96194442  -385.41027632     0.00000035    -0.00000000  0.10D-08  0.19D-09  4  4  2696.27

 Norm of t1 vector:      0.05676435      S-energy:    -0.00588851      T1 diagnostic:  0.00053600
 Norm of t2 vector:      0.68449420      P-energy:    -1.95605591
                                         Alpha-Beta:  -1.53255285
                                         Alpha-Alpha: -0.21340261
                                         Beta-Beta:   -0.21010045

 Spin contamination <S**2-Sz**2-Sz>     0.00123542
  Reference energy                   -383.448331901104
  RHF-RMP2 correlation energy          -1.961944416297
 !RHF-RMP2 energy                    -385.410276317401

 Starting UCCSD calculation

 ITER.      SQ.NORM     CORR.ENERGY   TOTAL ENERGY   ENERGY CHANGE        DEN1      VAR(S)    VAR(P)  DIIS     TIME
   1      1.46773722    -1.95335159  -385.40168349    -1.95335159    -0.05147736  0.14D-01  0.87D-02  0  0  9086.79
   2      1.51065221    -1.99930786  -385.44763976    -0.04595627    -0.00616375  0.85D-03  0.19D-02  1  1 15194.17
   3      1.53108717    -2.00432718  -385.45265908    -0.00501932    -0.00177988  0.16D-02  0.20D-03  2  2 21179.51
   4      1.55026207    -2.01140186  -385.45973376    -0.00707468    -0.00052302  0.44D-03  0.68D-04  3  3 27312.02
   5      1.56768911    -2.01405115  -385.46238305    -0.00264930    -0.00018511  0.18D-03  0.18D-04  4  4 33549.72
   6      1.58051581    -2.01501088  -385.46334278    -0.00095973    -0.00003193  0.21D-04  0.60D-05  5  5 39707.45
   7      1.58572563    -2.01536671  -385.46369861    -0.00035583    -0.00000609  0.31D-05  0.16D-05  6  6 45932.75
   8      1.58638772    -2.01545172  -385.46378362    -0.00008501    -0.00000169  0.12D-05  0.32D-06  6  1 51976.16
   9      1.58658894    -2.01545514  -385.46378704    -0.00000342    -0.00000057  0.49D-06  0.94D-07  6  2 58112.17
  10      1.58689229    -2.01550638  -385.46383829    -0.00005125    -0.00000017  0.14D-06  0.32D-07  6  3 64220.56
  11      1.58676799    -2.01548311  -385.46381501     0.00002328    -0.00000005  0.43D-07  0.91D-08  6  5 70131.84
  12      1.58687850    -2.01549154  -385.46382344    -0.00000843    -0.00000002  0.17D-07  0.25D-08  6  4 76317.23
  13      1.58684981    -2.01548435  -385.46381625     0.00000719    -0.00000001  0.69D-08  0.10D-08  6  6 82418.21
  14      1.58684453    -2.01548462  -385.46381652    -0.00000027    -0.00000000  0.35D-08  0.57D-09  6  4 88476.11

 Norm of t1 vector:      0.26963646      S-energy:    -0.00582873      T1 diagnostic:  0.02322079
                                                                       D1 diagnostic:  0.13210855
 Norm of t2 vector:      0.71703605      P-energy:    -2.00965589
                                         Alpha-Beta:  -1.62094772
                                         Alpha-Alpha: -0.19533146
                                         Beta-Beta:   -0.19337672

 Singles amplitudes (print threshold =  0.500E-01):

         I         SYM. A    A   T(IA) [Alpha-Alpha]

        31         1         2      0.08842546

         I         SYM. A    A   T(IA) [Beta-Beta]

        23         1         1     -0.12899026
        24         1         1      0.07543890
        30         1         2     -0.06700978
        31         1         2      0.13366244

 Doubles amplitudes (print threshold =  0.500E-01):

         I         J         SYM. A    SYM. B    A         B      T(IJ, AB) [Alpha-Beta]

        31        31         1         1         2         2     -0.08568333

 Spin contamination <S**2-Sz**2-Sz>     0.00362691

 Memory could be reduced to 11767.74 Mwords without degradation in triples


  Correlated core orbitals:             1.1       2.1       3.1       4.1       5.1       6.1       7.1       8.1
  Orbital energies:                   -20.6480  -20.6058  -11.3118  -11.2519  -11.2373  -11.2361  -11.2333  -11.2268

  UCCSD core-core energy               -0.295779116867
  UCCSD core-valence energy            -0.117145261467
  UCCSD valence correlation energy     -1.602560241336


 RESULTS
 =======

  Reference energy                   -383.448331901104
  UCCSD singles energy                 -0.005828726265
  UCCSD pair energy                    -2.009655893404
  UCCSD correlation energy             -2.015484619669
  Triples (T) contribution             -0.081847828817
  Total correlation energy             -2.097332448486

  RHF-UCCSD energy                   -385.463816520773
  RHF-UCCSD[T] energy                -385.551219280686
  RHF-UCCSD-T energy                 -385.544439976092
 !RHF-UCCSD(T) energy                -385.545664349590

 Program statistics:

 Available memory in ccsd:             63999991388
 Min. memory needed in ccsd:            1521323948
 Max. memory used in ccsd:              2251391389
 Max. memory used in cckext:            1665945027 (14 integral passes)
 Max. memory used in cckint:            4856602780 ( 1 integral passes)



 **********************************************************************************************************************************
 DATASETS  * FILE   NREC   LENGTH (MB)   RECORD NAMES
              1      22       47.30       500      610      700      900      950      970     1000      129      960     1700   
                                          VAR    BASINP    GEOM    SYMINP    ZMAT    AOBASIS   BASIS     P2S    ABASIS    OPER   
                                         1101     1401     1411     1412     1650     1100     1400     1410     1200     1210   
                                          SR      EKINR    POTR     PVPR    MOLCAS      S      EKIN      POT      H0       H01  
                                         1080     1600   
                                         AOSYM     SMH  

              2       4       14.92       700     1000      520     2100   
                                         GEOM     BASIS   MCVARS     RHF  

 PROGRAMS   *        TOTAL  UCCSD(T)       RHF       INT
 CPU TIMES  *    294753.87 293600.31    432.30    721.05
 REAL TIME  *    399671.71 SEC
 DISK USED  *       696.27 GB      
 SF USED    *       237.77 GB      
 GA USED    *         0.02 MB       (max)       0.00 MB       (current)
 **********************************************************************************************************************************

 UCCSD(T)/USERDEF energy=   -385.545664349590

        UCCSD(T)        RHF-SCF 
   -385.54566435   -383.44833190
 **********************************************************************************************************************************
 Molpro calculation terminated
 Variable memory released

 Fortran compiler diagnostic
 ***************************

 integer size                  8
 double precision size         8
 logical size                  8

 diagnostic completed successfully
