
 Primary working directories    : /scratch/saurabh/PBS_8109771.helios
 Secondary working directories  : /scratch/saurabh/PBS_8109771.helios
 Wavefunction directory         : /scratch/saurabh/PBS_8109771.helios/
 Main file repository           : /scratch/saurabh/PBS_8109771.helios/

 SHA1      : f6387f0c468d0184d0b38d85973bdb066f718752
 NAME      : 2015.1.44
 ARCHNAME  : linux/x86_64
 FC        : /opt/may/bin/gfortran
 BLASLIB   : -Wl,-_start-group /opt/intel/mkl/lib/intel64/libmkl_gf_ilp64.a /opt/intel/mkl/lib/intel64/libmkl_gnu_thread.a /opt/intel/mkl/lib/intel64/libmkl_core.a -Wl,-_end-group
 id        : ramakrishnan

 Nodes             nprocs
 hel06.tifrh.res.in    8

 Using DEFAULT tuning parameter for ncache   :   16384
 Using DEFAULT tuning parameter for mflopdgm :   10000
 Using DEFAULT tuning parameter for mflopdgv :    4000
 Using DEFAULT tuning parameter for mflopmxm :    5000
 Using DEFAULT tuning parameter for mflopmxv :    4000
 Using DEFAULT tuning parameter for mindgm   :       1
 Using DEFAULT tuning parameter for mindgc   :       4
 Using DEFAULT tuning parameter for mindgf   :    5000
 Using DEFAULT tuning parameter for mindgl   :       4
 Using DEFAULT tuning parameter for mindgr   :       1
 Using DEFAULT tuning parameter for mindgv   :      20
 Using DEFAULT tuning parameter for mincuda  :     500
 Using DEFAULT tuning parameter for mxmblk   :      64
 Using DEFAULT tuning parameter for mxmbln   :      64
 Using DEFAULT tuning parameter for nroll    :       2
 Using custom tuning parameter for ngpus     :       0
 Using customized tuning parameters: mindgm=1; mindgv=20; mindgc=4; mindgr=1; noblas=0; minvec=7
 default implementation of scratch files=sf  

 ***,TS_02
 memory,25,g
 geometry={
 C -0.36149 0.38588 1.04298
 C -0.16731 -0.97085 0.78936
 C 1.03045 -1.45009 -0.0429
 C 2.04326 -0.33546 -0.32949
 C 1.33988 0.96597 -0.72067
 C 0.47192 1.46694 0.43495
 H -0.16258 2.30036 0.12769
 H 1.11671 1.86275 1.23193
 H 0.71366 0.79604 -1.60068
 H 2.0673 1.73147 -0.99492
 H 2.73115 -0.65293 -1.11494
 H 2.6496 -0.15424 0.56376
 H 0.68157 -1.86859 -0.99113
 H 1.52159 -2.27104 0.4822
 H -0.49664 -1.64875 1.57393
 O -2.22255 -0.61136 -0.69821
 O -2.11999 0.60241 -0.3249
 H -1.0117 0.67671 1.85714
 H -1.21058 -1.07446 0.00456
  }
 basis,O=AVDZ,C=AVDZ,H=VDZ
 {rhf
 wf,63,1,1
 }
 uccsd(t);
 

 Fortran compiler diagnostic
 ***************************

 integer size                  8
 double precision size         8
 logical size                  8

 diagnostic completed successfully

 Variables initialized (889), CPU time= 0.02 sec
 Commands  initialized (702), CPU time= 0.02 sec, 572 directives.
 Default parameters read. Elapsed time= 0.12 sec

 Using DEFAULT tuning parameter for mpplat   :       3
 Using DEFAULT tuning parameter for mppspeed :    1600
 Checking input...
 Passed
1


                                         ***  PROGRAM SYSTEM MOLPRO  ***
                                       Copyright, TTI GmbH Stuttgart, 2015
                                    Version 2015.1 linked Jun  9 2019 06:55:40


 **********************************************************************************************************************************
 LABEL *   TS_02                                                                         
  64 bit mpp version                                                                     DATE: 06-Jul-22          TIME: 14:46:26  
 **********************************************************************************************************************************

 SHA1:             f6387f0c468d0184d0b38d85973bdb066f718752
 **********************************************************************************************************************************

Geometry recognized as XYZ


 Variable memory set to ********** words,  buffer space   230000 words

 SETTING BASIS          =    O=AVDZ,C=AVDZ,H=VDZ


 Recomputing integrals since basis changed


 Using spherical harmonics

 Library entry C      S aug-cc-pVDZ          selected for orbital group  1
 Library entry C      P aug-cc-pVDZ          selected for orbital group  1
 Library entry C      D aug-cc-pVDZ          selected for orbital group  1
 Library entry H      S cc-pVDZ              selected for orbital group  2
 Library entry H      P cc-pVDZ              selected for orbital group  2
 Library entry O      S aug-cc-pVDZ          selected for orbital group  3
 Library entry O      P aug-cc-pVDZ          selected for orbital group  3
 Library entry O      D aug-cc-pVDZ          selected for orbital group  3


 PROGRAM * SEWARD (Integral evaluation for generally contracted gaussian basis sets)     Author: Roland Lindh, 1990

 Geometry written to block  1 of record 700


 Point group  C1  



 ATOMIC COORDINATES

 NR  ATOM    CHARGE       X              Y              Z

   1  C       6.00   -0.683117097    0.729207517    1.970946553
   2  C       6.00   -0.316170078   -1.834640608    1.491674214
   3  C       6.00    1.947268285   -2.740272956   -0.081069251
   4  C       6.00    3.861201801   -0.633927526   -0.622645861
   5  C       6.00    2.532006240    1.825418745   -1.361868926
   6  C       6.00    0.891799553    2.772114841    0.821936378
   7  H       1.00   -0.307231673    4.347050388    0.241299129
   8  H       1.00    2.110276061    3.520087339    2.328010305
   9  H       1.00    1.348621946    1.504297584   -3.024846813
  10  H       1.00    3.906630817    3.272004093   -1.880126316
  11  H       1.00    5.161125505   -1.233858879   -2.106931245
  12  H       1.00    5.007018340   -0.291471357    1.065352000
  13  H       1.00    1.287980635   -3.531123339   -1.872964254
  14  H       1.00    2.875388374   -4.291643618    0.911225937
  15  H       1.00   -0.938513583   -3.115685948    2.974296639
  16  O       8.00   -4.200010798   -1.155302964   -1.319425677
  17  O       8.00   -4.006200487    1.138389915   -0.613972018
  18  H       1.00   -1.911835920    1.278796566    3.509485975
  19  H       1.00   -2.287664652   -2.030435132    0.008617151

 Bond lengths in Bohr (Angstrom)

  1- 2  2.633945576   1- 6  2.823837313   1-18  2.044236195   2- 3  2.901179963   2-15  2.055859396
       ( 1.393823974)       ( 1.494310354)       ( 1.081763208)       ( 1.535238321)       ( 1.087913941)

  2-19  2.474789810   3- 4  2.897091265   3-13  2.066637906   3-14  2.062233636   4- 5  2.891642381
       ( 1.309602369)       ( 1.533074676)       ( 1.093617683)       ( 1.091287044)       ( 1.530191250)

  4-11  2.062237224   4-12  2.068697306   5- 6  2.890591130   5- 9  2.066158909   5-10  2.061745043
       ( 1.091288942)       ( 1.094707471)       ( 1.529634952)       ( 1.093364209)       ( 1.091028491)

  6- 7  2.062822695   6- 8  2.076633461  16-17  2.407541136  16-19  2.487292072
       ( 1.091598761)       ( 1.098907103)       ( 1.274015904)       ( 1.316218281)

 Bond angles

  1- 2- 3  120.74272792   1- 2-15  115.66695297   1- 2-19   94.30525031   1- 6- 5  112.76400491

  1- 6- 7  110.04122573   1- 6- 8  107.02098242   2- 1- 6  123.53593135   2- 1-18  118.84079841

  2- 3- 4  112.94201569   2- 3-13  109.91366105   2- 3-14  108.97207876   2-19-16  154.77184996

  3- 2-15  115.63328916   3- 2-19  105.78050870   3- 4- 5  111.25231732   3- 4-11  109.84457871

  3- 4-12  109.49588854   4- 3-13  109.08032162   4- 3-14  109.85080445   4- 5- 6  110.25767894

  4- 5- 9  109.68478041   4- 5-10  110.76433207   5- 4-11  110.68165668   5- 4-12  108.80841000

  5- 6- 7  111.54421457   5- 6- 8  109.44714892   6- 1-18  116.54936950   6- 5- 9  109.51011923

  6- 5-10  109.78162365   7- 6- 8  105.67620438   9- 5-10  106.77391466  11- 4-12  106.63726496

 13- 3-14  105.83711625  15- 2-19   98.14737975  17-16-19   96.71083695

 NUCLEAR CHARGE:                   63
 NUMBER OF PRIMITIVE AOS:         373
 NUMBER OF SYMMETRY AOS:          357
 NUMBER OF CONTRACTIONS:          239   ( 239A   )
 NUMBER OF CORE ORBITALS:           8   (   8A   )
 NUMBER OF VALENCE ORBITALS:       43   (  43A   )


 NUCLEAR REPULSION ENERGY  396.13734250


 Eigenvalues of metric

         1 0.340E-04 0.390E-04 0.637E-04 0.107E-03 0.111E-03 0.125E-03 0.156E-03 0.193E-03


 Contracted 2-electron integrals neglected if value below      1.0D-12
 AO integral compression algorithm  1   Integral accuracy      1.0D-12

     2011.693 MB (compressed) written to integral file ( 56.3%)

     Node minimum: 232.260 MB, node maximum: 284.426 MB


 NUMBER OF SORTED TWO-ELECTRON INTEGRALS:   51423240.     BUFFER LENGTH:  32768
 NUMBER OF SEGMENTS:   4  SEGMENT LENGTH:   15992000      RECORD LENGTH: 524288

 Memory used in sort:      16.55 MW

 SORT1 READ   446768517. AND WROTE    50277287. INTEGRALS IN    146 RECORDS. CPU TIME:     6.37 SEC, REAL TIME:     6.94 SEC
 SORT2 READ   402059025. AND WROTE   411285540. INTEGRALS IN   8680 RECORDS. CPU TIME:     0.77 SEC, REAL TIME:     1.20 SEC

 Node minimum:    51398145.  Node maximum:    51423240. integrals

 OPERATOR DM      FOR CENTER  0  COORDINATES:    0.000000    0.000000    0.000000


 **********************************************************************************************************************************
 DATASETS  * FILE   NREC   LENGTH (MB)   RECORD NAMES
              1      18       22.32       500      610      700      900      950      970     1000      129      960     1100   
                                          VAR    BASINP    GEOM    SYMINP    ZMAT    AOBASIS   BASIS     P2S    ABASIS      S 
                                         1400     1410     1200     1210     1080     1600     1650     1700   
                                           T        V       H0       H01     AOSYM     SMH    MOLCAS    OPER   

 PROGRAMS   *        TOTAL       INT
 CPU TIMES  *        20.71     20.54
 REAL TIME  *        38.97 SEC
 DISK USED  *         6.83 GB      
 GA USED    *         0.01 MB       (max)       0.00 MB       (current)
 **********************************************************************************************************************************


 PROGRAM * RHF-SCF (OPEN SHELL)       Authors: W. Meyer, H.-J. Werner


 NUMBER OF ELECTRONS:      32+   31-    SPACE SYMMETRY=1    SPIN SYMMETRY: Doublet 
 CONVERGENCE THRESHOLDS:    1.00E-05 (Density)    1.26E-07 (Energy)
 MAX. NUMBER OF ITERATIONS:       60
 INTERPOLATION TYPE:            DIIS
 INTERPOLATION STEPS:              2 (START)      1 (STEP)
 LEVEL SHIFTS:                 -0.60 (CLOSED) -0.30 (OPEN) 



 Orbital guess generated from atomic densities. Full valence occupancy:   51

 Molecular orbital dump at record        2100.2

 Initial alpha occupancy:  32
 Initial beta  occupancy:  31
 Wave function symmetry:    1

 ITERATION    DDIFF          GRAD             ENERGY        2-EL.EN.            DIPOLE MOMENTS         DIIS   ORB.
    1      0.000D+00      0.000D+00      -383.05630426   1057.557001    0.96692   -0.17481    0.55810    0    start
    2      0.000D+00      0.329D-02      -383.13974355   1056.728114    1.24881    0.00363    0.74172    1    diag,B
    3      0.509D-02      0.127D-02      -383.15747511   1056.787885    1.27723    0.00100    0.73427    2    diag,B
    4      0.205D-02      0.626D-03      -383.16497104   1056.815070    1.35943    0.07981    0.80459    3    diag,B
    5      0.159D-02      0.281D-03      -383.16650887   1056.823107    1.39979    0.08640    0.83031    4    diag,B
    6      0.662D-03      0.157D-03      -383.16747414   1056.810090    1.44509    0.12571    0.86741    5    diag,B
    7      0.593D-03      0.101D-03      -383.16797392   1056.811438    1.47566    0.15488    0.89105    6    fixocc
    8      0.357D-03      0.675D-04      -383.16831722   1056.819219    1.49307    0.18151    0.90551    7    diag,B
    9      0.265D-03      0.535D-04      -383.16858154   1056.826382    1.49827    0.20058    0.91184    8    diag,B
   10      0.200D-03      0.449D-04      -383.16893857   1056.822938    1.49997    0.22899    0.91814    9    orth
   11      0.351D-03      0.274D-04      -383.16907340   1056.819913    1.49542    0.24471    0.91934    9    diag,B
   12      0.251D-03      0.128D-04      -383.16909190   1056.814902    1.49325    0.24999    0.91941    9    diag,B
   13      0.111D-03      0.507D-05      -383.16909266   1056.815554    1.49231    0.24905    0.91881    9    diag,B
   14      0.386D-04      0.314D-05      -383.16909314   1056.814977    1.49217    0.24990    0.91881    9    diag,B
   15      0.273D-04      0.176D-05      -383.16909319   1056.815522    1.49213    0.24905    0.91859    9    diag,B
   16      0.137D-04      0.105D-05      -383.16909326   1056.815439    1.49215    0.24940    0.91862    9    diag,B
   17      0.956D-05      0.400D-06      -383.16909326   1056.815465    1.49218    0.24939    0.91863    0    orth

 Final alpha occupancy:  32
 Final beta  occupancy:  31

 !RHF STATE 1.1 Energy               -383.169093262917
 Nuclear energy                       396.13734250
 One-electron energy                -1307.71416807
 Two-electron energy                  528.40773231
 Virial quotient                       -1.00087090
 !RHF STATE 1.1 Dipole moment           1.49218309     0.24939344     0.91862907
 Dipole moment /Debye                   3.79250269     0.63385339     2.33476928

 Orbital energies:

         1.1          2.1          3.1          4.1          5.1          6.1          7.1          8.1          9.1         10.1
    -20.631098   -20.597881   -11.316386   -11.254722   -11.239926   -11.238804   -11.236021   -11.229168    -1.509534    -1.146876

        11.1         12.1         13.1         14.1         15.1         16.1         17.1         18.1         19.1         20.1
     -1.056349    -1.036092    -1.021719    -0.871389    -0.842673    -0.730568    -0.706511    -0.691861    -0.628612    -0.619014

        21.1         22.1         23.1         24.1         25.1         26.1         27.1         28.1         29.1         30.1
     -0.604238    -0.585575    -0.576853    -0.561660    -0.547716    -0.533244    -0.485308    -0.467599    -0.459587    -0.430539

        31.1         32.1         33.1         34.1
     -0.358631    -0.466411     0.055355     0.062229

 HOMO     32.1    -0.466411 =     -12.6917eV
 LUMO     33.1     0.055355 =       1.5063eV
 LUMO-HOMO         0.521766 =      14.1980eV


 **********************************************************************************************************************************
 DATASETS  * FILE   NREC   LENGTH (MB)   RECORD NAMES
              1      18       22.32       500      610      700      900      950      970     1000      129      960     1100   
                                          VAR    BASINP    GEOM    SYMINP    ZMAT    AOBASIS   BASIS     P2S    ABASIS      S 
                                         1400     1410     1200     1210     1080     1600     1650     1700   
                                           T        V       H0       H01     AOSYM     SMH    MOLCAS    OPER   

              2       4        4.70       700     1000      520     2100   
                                         GEOM     BASIS   MCVARS     RHF  

 PROGRAMS   *        TOTAL       RHF       INT
 CPU TIMES  *        30.52      9.81     20.54
 REAL TIME  *        50.21 SEC
 DISK USED  *         7.11 GB      
 SF USED    *         0.23 MB      
 GA USED    *         0.01 MB       (max)       0.00 MB       (current)
 **********************************************************************************************************************************


 PROGRAM * CCSD (Unrestricted open-shell coupled cluster)     Authors: C. Hampel, H.-J. Werner, 1991, M. Deegan, P.J. Knowles, 1992


 Convergence thresholds:  THRVAR = 1.00D-08  THRDEN = 1.26D-06

 CCSD(T)     terms to be evaluated (factor= 1.000)


 Number of core orbitals:           8 (   8 )
 Number of closed-shell orbitals:  23 (  23 )
 Number of active  orbitals:        1 (   1 )
 Number of external orbitals:     207 ( 207 )

 Memory could be reduced to 410.56 Mwords without degradation in triples

 Number of N-1 electron functions:              47
 Number of N-2 electron functions:            1081
 Number of singly external CSFs:              9776
 Number of doubly external CSFs:          35270040
 Total number of CSFs:                    35279816

 Molecular orbitals read from record     2100.2  Type=RHF/CANONICAL (state 1.1)

 Integral transformation finished. Total CPU:  35.32 sec, npass=  1  Memory used: 200.08 MW

 Starting RMP2 calculation

 ITER.      SQ.NORM     CORR.ENERGY   TOTAL ENERGY   ENERGY CHANGE        DEN1      VAR(S)    VAR(P)  DIIS     TIME
   1      1.42948697    -1.27934201  -384.44843527    -1.27934201    -0.00553404  0.43D-04  0.22D-02  1  1    44.35
   2      1.43501263    -1.28534440  -384.45443766    -0.00600239    -0.00001188  0.14D-05  0.59D-05  2  2    53.17
   3      1.43519716    -1.28543805  -384.45453131    -0.00009365    -0.00000009  0.44D-07  0.29D-07  3  3    62.28
   4      1.43520102    -1.28543824  -384.45453150    -0.00000019    -0.00000000  0.98D-09  0.19D-09  4  4    73.41

 Norm of t1 vector:      0.05812333      S-energy:    -0.00559473      T1 diagnostic:  0.00067924
 Norm of t2 vector:      0.65713218      P-energy:    -1.27984351
                                         Alpha-Beta:  -0.95140647
                                         Alpha-Alpha: -0.16337489
                                         Beta-Beta:   -0.16506215

 Spin contamination <S**2-Sz**2-Sz>     0.00158558
  Reference energy                   -383.169093262918
  RHF-RMP2 correlation energy          -1.285438240208
 !RHF-RMP2 energy                    -384.454531503126

 Starting UCCSD calculation

 ITER.      SQ.NORM     CORR.ENERGY   TOTAL ENERGY   ENERGY CHANGE        DEN1      VAR(S)    VAR(P)  DIIS     TIME
   1      1.44913007    -1.29510897  -384.46420223    -1.29510897    -0.04486849  0.14D-01  0.95D-02  1  1   256.46
   2      1.49880711    -1.33788193  -384.50697519    -0.04277296    -0.00568905  0.89D-03  0.20D-02  2  2   415.50
   3      1.52790607    -1.34697496  -384.51606822    -0.00909303    -0.00134566  0.13D-02  0.15D-03  3  3   555.93
   4      1.54692406    -1.35107648  -384.52016974    -0.00410152    -0.00043871  0.36D-03  0.74D-04  4  4   696.48
   5      1.56389674    -1.35305814  -384.52215140    -0.00198165    -0.00012712  0.11D-03  0.17D-04  5  5   838.80
   6      1.57540904    -1.35406284  -384.52315610    -0.00100470    -0.00002183  0.14D-04  0.47D-05  6  6   981.01
   7      1.57924727    -1.35433400  -384.52342726    -0.00027116    -0.00000435  0.25D-05  0.12D-05  6  1  1140.91
   8      1.57994026    -1.35437917  -384.52347244    -0.00004517    -0.00000118  0.81D-06  0.27D-06  6  2  1283.45
   9      1.58013882    -1.35438924  -384.52348251    -0.00001007    -0.00000036  0.31D-06  0.66D-07  6  3  1426.66
  10      1.58019814    -1.35439628  -384.52348954    -0.00000703    -0.00000012  0.10D-06  0.27D-07  6  5  1569.24
  11      1.58025710    -1.35439741  -384.52349067    -0.00000114    -0.00000004  0.38D-07  0.73D-08  6  6  1711.80
  12      1.58033018    -1.35440015  -384.52349341    -0.00000274    -0.00000002  0.14D-07  0.27D-08  6  4  1857.42
  13      1.58036182    -1.35440226  -384.52349552    -0.00000211    -0.00000001  0.77D-08  0.10D-08  6  1  2000.40
  14      1.58036680    -1.35440107  -384.52349433     0.00000120    -0.00000000  0.41D-08  0.65D-09  6  2  2158.61

 Norm of t1 vector:      0.28314854      S-energy:    -0.00560944      T1 diagnostic:  0.02823749
                                                                       D1 diagnostic:  0.14208351
 Norm of t2 vector:      0.70724374      P-energy:    -1.34879163
                                         Alpha-Beta:  -1.04976455
                                         Alpha-Alpha: -0.14782912
                                         Beta-Beta:   -0.15119796

 Singles amplitudes (print threshold =  0.500E-01):

         I         SYM. A    A   T(IA) [Alpha-Alpha]

        23         1         8     -0.07841521

         I         SYM. A    A   T(IA) [Beta-Beta]

        15         1         1     -0.13566358
        16         1         1      0.06917051
        22         1         8      0.05902966
        23         1         8     -0.11591852

 Doubles amplitudes (print threshold =  0.500E-01):

         I         J         SYM. A    SYM. B    A         B      T(IJ, AB) [Alpha-Beta]

        23        23         1         1         8         8     -0.05935568

 Spin contamination <S**2-Sz**2-Sz>     0.00378689

 Memory could be reduced to 462.31 Mwords without degradation in triples


 RESULTS
 =======

  Reference energy                   -383.169093262918
  UCCSD singles energy                 -0.005609439227
  UCCSD pair energy                    -1.348791627129
  UCCSD correlation energy             -1.354401066356
  Triples (T) contribution             -0.056051610249
  Total correlation energy             -1.410452676605

  RHF-UCCSD energy                   -384.523494329274
  RHF-UCCSD[T] energy                -384.585124730260
  RHF-UCCSD-T energy                 -384.578357850406
 !RHF-UCCSD(T) energy                -384.579545939523

 Program statistics:

 Available memory in ccsd:             24999995052
 Min. memory needed in ccsd:              97794061
 Max. memory used in ccsd:               143201525
 Max. memory used in cckext:             127198870 (14 integral passes)
 Max. memory used in cckint:             200083160 ( 1 integral passes)



 **********************************************************************************************************************************
 DATASETS  * FILE   NREC   LENGTH (MB)   RECORD NAMES
              1      18       22.32       500      610      700      900      950      970     1000      129      960     1100   
                                          VAR    BASINP    GEOM    SYMINP    ZMAT    AOBASIS   BASIS     P2S    ABASIS      S 
                                         1400     1410     1200     1210     1080     1600     1650     1700   
                                           T        V       H0       H01     AOSYM     SMH    MOLCAS    OPER   

              2       4        4.70       700     1000      520     2100   
                                         GEOM     BASIS   MCVARS     RHF  

 PROGRAMS   *        TOTAL  UCCSD(T)       RHF       INT
 CPU TIMES  *      3920.37   3889.84      9.81     20.54
 REAL TIME  *      4065.89 SEC
 DISK USED  *        42.97 GB      
 SF USED    *         9.22 GB      
 GA USED    *         0.01 MB       (max)       0.00 MB       (current)
 **********************************************************************************************************************************

 UCCSD(T)/O=AVDZ,C=AVDZ,H=VDZ energy=   -384.579545939523

        UCCSD(T)        RHF-SCF 
   -384.57954594   -383.16909326
 **********************************************************************************************************************************
 Molpro calculation terminated
 Variable memory released

 Fortran compiler diagnostic
 ***************************

 integer size                  8
 double precision size         8
 logical size                  8

 diagnostic completed successfully
