
 Primary working directories    : /scratch/saurabh/PBS_8109531.helios
 Secondary working directories  : /scratch/saurabh/PBS_8109531.helios
 Wavefunction directory         : /scratch/saurabh/PBS_8109531.helios/
 Main file repository           : /scratch/saurabh/PBS_8109531.helios/

 SHA1      : f6387f0c468d0184d0b38d85973bdb066f718752
 NAME      : 2015.1.44
 ARCHNAME  : linux/x86_64
 FC        : /opt/may/bin/gfortran
 BLASLIB   : -Wl,-_start-group /opt/intel/mkl/lib/intel64/libmkl_gf_ilp64.a /opt/intel/mkl/lib/intel64/libmkl_gnu_thread.a /opt/intel/mkl/lib/intel64/libmkl_core.a -Wl,-_end-group
 id        : ramakrishnan

 Nodes             nprocs
 hel05.tifrh.res.in    8

 Using DEFAULT tuning parameter for ncache   :   16384
 Using DEFAULT tuning parameter for mflopdgm :   10000
 Using DEFAULT tuning parameter for mflopdgv :    4000
 Using DEFAULT tuning parameter for mflopmxm :    5000
 Using DEFAULT tuning parameter for mflopmxv :    4000
 Using DEFAULT tuning parameter for mindgm   :       1
 Using DEFAULT tuning parameter for mindgc   :       4
 Using DEFAULT tuning parameter for mindgf   :    5000
 Using DEFAULT tuning parameter for mindgl   :       4
 Using DEFAULT tuning parameter for mindgr   :       1
 Using DEFAULT tuning parameter for mindgv   :      20
 Using DEFAULT tuning parameter for mincuda  :     500
 Using DEFAULT tuning parameter for mxmblk   :      64
 Using DEFAULT tuning parameter for mxmbln   :      64
 Using DEFAULT tuning parameter for nroll    :       2
 Using custom tuning parameter for ngpus     :       0
 Using customized tuning parameters: mindgm=1; mindgv=20; mindgc=4; mindgr=1; noblas=0; minvec=7
 default implementation of scratch files=sf  

 ***,TS_04
 memory,64,g
 geometry={
 C -0.29519 -1.23252 0.71709
 C 0.60908 -0.06648 0.8223
 C 0.01864 1.3226 0.56604
 C -1.41892 1.30085 0.01959
 C -1.6694 0.10791 -0.9045
 C -1.51271 -1.20558 -0.13023
 H -1.52742 -2.07109 -0.79999
 H -2.38017 -1.34463 0.53399
 H -0.95889 0.12476 -1.73245
 H -2.67101 0.15947 -1.33395
 H -1.62686 2.23679 -0.50101
 H -2.12796 1.24989 0.85243
 H 0.69197 1.81191 -0.13811
 H 0.05524 1.90348 1.48943
 H 1.24826 -0.08209 1.70783
 O 1.26902 -0.63578 -0.28716
 O 2.6874 0.29579 -0.60973
 H 3.26151 -0.48016 -0.65551
 H -0.00503 -2.1491 1.21077
  }
 basis,O=AVQZ,C=AVQZ,H=VQZ
 {rhf
 wf,63,1,1
 }
 uccsd;
 

 Fortran compiler diagnostic
 ***************************

 integer size                  8
 double precision size         8
 logical size                  8

 diagnostic completed successfully

 Variables initialized (889), CPU time= 0.01 sec
 Commands  initialized (702), CPU time= 0.02 sec, 572 directives.
 Default parameters read. Elapsed time= 0.11 sec

 Using DEFAULT tuning parameter for mpplat   :       3
 Using DEFAULT tuning parameter for mppspeed :    1600
 Checking input...
 Passed
1


                                         ***  PROGRAM SYSTEM MOLPRO  ***
                                       Copyright, TTI GmbH Stuttgart, 2015
                                    Version 2015.1 linked Jun  9 2019 06:55:40


 **********************************************************************************************************************************
 LABEL *   TS_04                                                                         
  64 bit mpp version                                                                     DATE: 28-Jun-22          TIME: 02:38:54  
 **********************************************************************************************************************************

 SHA1:             f6387f0c468d0184d0b38d85973bdb066f718752
 **********************************************************************************************************************************

Geometry recognized as XYZ


 Variable memory set to ********** words,  buffer space   230000 words

 SETTING BASIS          =    O=AVQZ,C=AVQZ,H=VQZ


 Recomputing integrals since basis changed


 Using spherical harmonics

 Library entry C      S aug-cc-pVQZ          selected for orbital group  1
 Library entry C      P aug-cc-pVQZ          selected for orbital group  1
 Library entry C      D aug-cc-pVQZ          selected for orbital group  1
 Library entry C      F aug-cc-pVQZ          selected for orbital group  1
 Library entry C      G aug-cc-pVQZ          selected for orbital group  1
 Library entry H      S cc-pVQZ              selected for orbital group  2
 Library entry H      P cc-pVQZ              selected for orbital group  2
 Library entry H      D cc-pVQZ              selected for orbital group  2
 Library entry H      F cc-pVQZ              selected for orbital group  2
 Library entry O      S aug-cc-pVQZ          selected for orbital group  3
 Library entry O      P aug-cc-pVQZ          selected for orbital group  3
 Library entry O      D aug-cc-pVQZ          selected for orbital group  3
 Library entry O      F aug-cc-pVQZ          selected for orbital group  3
 Library entry O      G aug-cc-pVQZ          selected for orbital group  3


 PROGRAM * SEWARD (Integral evaluation for generally contracted gaussian basis sets)     Author: Roland Lindh, 1990

 Geometry written to block  1 of record 700


 Point group  C1  



 ATOMIC COORDINATES

 NR  ATOM    CHARGE       X              Y              Z

   1  C       6.00   -0.557828255   -2.329125243    1.355103707
   2  C       6.00    1.150994388   -0.125628993    1.553921792
   3  C       6.00    0.035224495    2.499351772    1.069660576
   4  C       6.00   -2.681370193    2.458250229    0.037019735
   5  C       6.00   -3.154708792    0.203920346   -1.709257280
   6  C       6.00   -2.858607606   -2.278216021   -0.246099033
   7  H       1.00   -2.886405477   -3.913792879   -1.511762002
   8  H       1.00   -4.497869430   -2.540982439    1.009094853
   9  H       1.00   -1.812039484    0.235762231   -3.273856025
  10  H       1.00   -5.047477376    0.301354625   -2.520800164
  11  H       1.00   -3.074319843    4.226920498   -0.946771686
  12  H       1.00   -4.021261604    2.361949786    1.610859240
  13  H       1.00    1.307633786    3.424013662   -0.260990075
  14  H       1.00    0.104388471    3.597055884    2.814614782
  15  H       1.00    2.358869532   -0.155127618    3.227330967
  16  O       8.00    2.398100247   -1.201450075   -0.542653754
  17  O       8.00    5.078449987    0.558962090   -1.152222710
  18  H       1.00    6.163360653   -0.907370896   -1.238734372
  19  H       1.00   -0.009505322   -4.061210414    2.288023700

 Bond lengths in Bohr (Angstrom)

  1- 2  2.795532003   1- 6  2.803574074   1-16  3.689261168   1-19  2.042331215   2- 3  2.893090976
       ( 1.479331828)       ( 1.483587509)       ( 1.952272935)       ( 1.080755136)       ( 1.530957814)

  2-15  2.064008430   2-16  2.666138227   3- 4  2.906531118   3-13  2.060256336   3-14  2.062668939
       ( 1.092226224)       ( 1.410859591)       ( 1.538070030)       ( 1.090240702)       ( 1.091517396)

  4- 5  2.890594413   4-11  2.061661831   4-12  2.069191523   5- 6  2.896464899   5- 9  2.061975754
       ( 1.529636690)       ( 1.090984458)       ( 1.094968999)       ( 1.532743217)       ( 1.091150579)

  5-10  2.061714869   6- 7  2.068281202   6- 8  2.081282588  16-17  3.264184437  17-18  1.826101817
       ( 1.091012524)       ( 1.094487278)       ( 1.101367315)       ( 1.727332016)       ( 0.966331466)

 Bond angles

  1- 2- 3  117.87365674   1- 2-15  113.83572477   1- 2-16   84.94809211   1- 6- 5  112.82784473

  1- 6- 7  110.25301793   1- 6- 8  107.43571718   1-16- 2   49.00832232   1-16-17  156.75520137

  2- 1- 6  121.86701036   2- 1-16   46.04358557   2- 1-19  118.15665602   2- 3- 4  114.02297930

  2- 3-13  106.08949215   2- 3-14  109.16705650   2-16-17  108.25975474   3- 2-15  111.98550042

  3- 2-16  114.51237460   3- 4- 5  112.25403281   3- 4-11  109.60580462   3- 4-12  109.61240297

  4- 3-13  110.73952149   4- 3-14  109.84178643   4- 5- 6  110.26788321   4- 5- 9  109.86041167

  4- 5-10  110.56530038   5- 4-11  110.46058928   5- 4-12  108.49175678   5- 6- 7  111.54141409

  5- 6- 8  109.41002101   6- 1-16  110.98928505   6- 1-19  119.77643710   6- 5- 9  109.26694776

  6- 5-10  109.46257352   7- 6- 8  104.98866241   9- 5-10  107.36097696  11- 4-12  106.22762605

 13- 3-14  106.66818264  15- 2-16  110.98071800  16- 1-19  106.20609374  16-17-18   93.64860891

 NUCLEAR CHARGE:                   63
 NUMBER OF PRIMITIVE AOS:        1351
 NUMBER OF SYMMETRY AOS:         1096
 NUMBER OF CONTRACTIONS:          970   ( 970A   )
 NUMBER OF CORE ORBITALS:           8   (   8A   )
 NUMBER OF VALENCE ORBITALS:       43   (  43A   )


 NUCLEAR REPULSION ENERGY  399.35161785


 Eigenvalues of metric

         1 0.146E-05 0.327E-05 0.421E-05 0.513E-05 0.557E-05 0.631E-05 0.103E-04 0.120E-04


 Contracted 2-electron integrals neglected if value below      1.0D-12
 AO integral compression algorithm  1   Integral accuracy      1.0D-12

     338730.418 MB (compressed) written to integral file ( 37.4%)

     Node minimum: 40880.308 MB, node maximum: 43035.394 MB


 NUMBER OF SORTED TWO-ELECTRON INTEGRALS:13861059288.     BUFFER LENGTH:  32768
 NUMBER OF SEGMENTS: 174  SEGMENT LENGTH:   79997696      RECORD LENGTH: 262144

 Memory used in sort:      80.29 MW

 SORT1 READ113243593186. AND WROTE 10636716003. INTEGRALS IN  60953 RECORDS. CPU TIME:  5093.87 SEC, REAL TIME:  5966.97 SEC
 SORT2 READ 85119174680. AND WROTE110890122580. INTEGRALS IN1278056 RECORDS. CPU TIME:   660.83 SEC, REAL TIME: 16210.99 SEC

 Node minimum: 13861059288.  Node maximum: 13861471357. integrals

 OPERATOR DM      FOR CENTER  0  COORDINATES:    0.000000    0.000000    0.000000


 **********************************************************************************************************************************
 DATASETS  * FILE   NREC   LENGTH (MB)   RECORD NAMES
              1      18       54.40       500      610      700      900      950      970     1000      129      960     1100   
                                          VAR    BASINP    GEOM    SYMINP    ZMAT    AOBASIS   BASIS     P2S    ABASIS      S 
                                         1400     1410     1200     1210     1080     1600     1650     1700   
                                           T        V       H0       H01     AOSYM     SMH    MOLCAS    OPER   

 PROGRAMS   *        TOTAL       INT
 CPU TIMES  *      6472.99   6472.83
 REAL TIME  *     24639.81 SEC
 DISK USED  *      1358.79 GB      
 GA USED    *         0.03 MB       (max)       0.00 MB       (current)
 **********************************************************************************************************************************


 PROGRAM * RHF-SCF (OPEN SHELL)       Authors: W. Meyer, H.-J. Werner


 NUMBER OF ELECTRONS:      32+   31-    SPACE SYMMETRY=1    SPIN SYMMETRY: Doublet 
 CONVERGENCE THRESHOLDS:    1.00E-05 (Density)    1.26E-07 (Energy)
 MAX. NUMBER OF ITERATIONS:       60
 INTERPOLATION TYPE:            DIIS
 INTERPOLATION STEPS:              2 (START)      1 (STEP)
 LEVEL SHIFTS:                 -0.60 (CLOSED) -0.30 (OPEN) 



 Orbital guess generated from atomic densities. Full valence occupancy:   51

 Molecular orbital dump at record        2100.2

 Initial alpha occupancy:  32
 Initial beta  occupancy:  31
 Wave function symmetry:    1

 ITERATION    DDIFF          GRAD             ENERGY        2-EL.EN.            DIPOLE MOMENTS         DIIS   ORB.
    1      0.000D+00      0.000D+00      -383.12331196   1068.440517   -2.79330   -1.61651    1.56646    0    start
    2      0.000D+00      0.188D-02      -383.24581977   1064.386985   -1.51306   -0.67541    0.72393    1    diag,B
    3      0.132D-02      0.854D-03      -383.26786963   1064.951474   -1.52871   -0.76477    0.82980    2    diag,B
    4      0.449D-03      0.348D-03      -383.27798147   1064.906683   -1.27355   -0.64793    0.76725    3    diag,B
    5      0.330D-03      0.131D-03      -383.27993013   1064.854500   -1.17109   -0.61852    0.74656    4    diag,B
    6      0.157D-03      0.533D-04      -383.28035579   1064.855412   -1.11515   -0.60121    0.73634    5    diag,B
    7      0.116D-03      0.276D-04      -383.28048079   1064.836756   -1.08081   -0.59195    0.72674    6    fixocc
    8      0.650D-04      0.159D-04      -383.28053527   1064.831174   -1.05767   -0.58432    0.72048    7    diag,B
    9      0.341D-04      0.106D-04      -383.28057745   1064.824660   -1.04271   -0.57905    0.71563    8    diag,B
   10      0.219D-04      0.104D-04      -383.28056638   1064.826740   -1.04503   -0.57997    0.71642    9    orth
   11      0.397D-05      0.101D-04      -383.28047790   1064.855266   -1.06403   -0.58839    0.72377    9    diag,B
   12      0.425D-04      0.544D-05      -383.28046422   1064.869687   -1.07001   -0.59158    0.72631    9    diag,B
   13      0.264D-04      0.245D-05      -383.28046409   1064.873566   -1.07219   -0.59231    0.72732    9    diag,B
   14      0.111D-04      0.137D-05      -383.28046458   1064.872987   -1.07251   -0.59225    0.72748    9    diag,B
   15      0.684D-05      0.816D-06      -383.28046480   1064.872882   -1.07331   -0.59235    0.72778    9    diag,B
   16      0.411D-05      0.455D-06      -383.28046488   1064.872857   -1.07339   -0.59238    0.72784    9    diag,B
   17      0.262D-05      0.250D-06      -383.28046489   1064.872915   -1.07337   -0.59237    0.72783    0    orth

 Final alpha occupancy:  32
 Final beta  occupancy:  31

 !RHF STATE 1.1 Energy               -383.280464894766
 Nuclear energy                       399.35161785
 One-electron energy                -1315.06854035
 Two-electron energy                  532.43645761
 Virial quotient                       -1.00101567
 !RHF STATE 1.1 Dipole moment          -1.07337023    -0.59237497     0.72783300
 Dipole moment /Debye                  -2.72805631    -1.50556837     1.84984580

 Orbital energies:

         1.1          2.1          3.1          4.1          5.1          6.1          7.1          8.1          9.1         10.1
    -20.595979   -20.558089   -11.290364   -11.289542   -11.243088   -11.224451   -11.223099   -11.218409    -1.371097    -1.238755

        11.1         12.1         13.1         14.1         15.1         16.1         17.1         18.1         19.1         20.1
     -1.108470    -1.022022    -0.983775    -0.853667    -0.840501    -0.732596    -0.698520    -0.646407    -0.631225    -0.603389

        21.1         22.1         23.1         24.1         25.1         26.1         27.1         28.1         29.1         30.1
     -0.593388    -0.571933    -0.558666    -0.555527    -0.518443    -0.497204    -0.487012    -0.464057    -0.462630    -0.438905

        31.1         32.1         33.1         34.1
     -0.425260    -0.302717     0.035165     0.043776

 HOMO     32.1    -0.302717 =      -8.2374eV
 LUMO     33.1     0.035165 =       0.9569eV
 LUMO-HOMO         0.337883 =       9.1943eV


 **********************************************************************************************************************************
 DATASETS  * FILE   NREC   LENGTH (MB)   RECORD NAMES
              1      18       54.40       500      610      700      900      950      970     1000      129      960     1100   
                                          VAR    BASINP    GEOM    SYMINP    ZMAT    AOBASIS   BASIS     P2S    ABASIS      S 
                                         1400     1410     1200     1210     1080     1600     1650     1700   
                                           T        V       H0       H01     AOSYM     SMH    MOLCAS    OPER   

              2       4       29.60       700     1000      520     2100   
                                         GEOM     BASIS   MCVARS     RHF  

 PROGRAMS   *        TOTAL       RHF       INT
 CPU TIMES  *     13214.94   6741.93   6472.83
 REAL TIME  *     49815.84 SEC
 DISK USED  *      1360.55 GB      
 SF USED    *         3.77 MB      
 GA USED    *         0.03 MB       (max)       0.00 MB       (current)
 **********************************************************************************************************************************


 PROGRAM * CCSD (Unrestricted open-shell coupled cluster)     Authors: C. Hampel, H.-J. Werner, 1991, M. Deegan, P.J. Knowles, 1992


 Convergence thresholds:  THRVAR = 1.00D-08  THRDEN = 1.26D-06

 Number of core orbitals:           8 (   8 )
 Number of closed-shell orbitals:  23 (  23 )
 Number of active  orbitals:        1 (   1 )
 Number of external orbitals:     938 ( 938 )

 Number of N-1 electron functions:              47
 Number of N-2 electron functions:            1081
 Number of singly external CSFs:             44133
 Number of doubly external CSFs:         719676831
 Total number of CSFs:                   719720964

 Molecular orbitals read from record     2100.2  Type=RHF/CANONICAL (state 1.1)

 Integral transformation finished. Total CPU:6954.14 sec, npass=  1  Memory used:******* MW

 Starting RMP2 calculation

 ITER.      SQ.NORM     CORR.ENERGY   TOTAL ENERGY   ENERGY CHANGE        DEN1      VAR(S)    VAR(P)  DIIS     TIME
   1      1.49532827    -1.64856067  -384.92902556    -1.64856067    -0.00565920  0.18D-03  0.23D-02  1  1  7604.92
   2      1.50144412    -1.65465867  -384.93512356    -0.00609800    -0.00002139  0.64D-05  0.12D-04  2  2  7876.37
   3      1.50181259    -1.65481529  -384.93528018    -0.00015662    -0.00000033  0.23D-06  0.14D-06  3  3  8153.12
   4      1.50183773    -1.65481904  -384.93528394    -0.00000376    -0.00000000  0.34D-08  0.62D-09  4  4  8420.72
   5      1.50183886    -1.65481931  -384.93528421    -0.00000027    -0.00000000  0.54D-10  0.82D-11  5  5  8710.51

 Norm of t1 vector:      0.11688857      S-energy:    -0.01077086      T1 diagnostic:  0.00106625
 Norm of t2 vector:      0.69869587      P-energy:    -1.64404845
                                         Alpha-Beta:  -1.25413601
                                         Alpha-Alpha: -0.20577608
                                         Beta-Beta:   -0.18413636

 Spin contamination <S**2-Sz**2-Sz>     0.00455255
  Reference energy                   -383.280464894755
  RHF-RMP2 correlation energy          -1.654819312909
 !RHF-RMP2 energy                    -384.935284207664

 Starting UCCSD calculation

 ITER.      SQ.NORM     CORR.ENERGY   TOTAL ENERGY   ENERGY CHANGE        DEN1      VAR(S)    VAR(P)  DIIS     TIME
   1      1.47523683    -1.61302497  -384.89348987    -1.61302497    -0.05069749  0.91D-02  0.11D-01  1  1 20382.73
   2      1.52276944    -1.65894529  -384.93941019    -0.04592032    -0.00603849  0.13D-02  0.20D-02  2  2 31778.57
   3      1.54105384    -1.66686785  -384.94733275    -0.00792256    -0.00079470  0.43D-03  0.18D-03  3  3 43089.11
   4      1.55183824    -1.67011562  -384.95058052    -0.00324777    -0.00022185  0.16D-03  0.41D-04  4  4 54453.20
   5      1.55934902    -1.67126314  -384.95172803    -0.00114752    -0.00007220  0.70D-04  0.11D-04  5  5 65871.31
   6      1.56435104    -1.67165155  -384.95211644    -0.00038841    -0.00002827  0.26D-04  0.52D-05  6  6 77229.80
   7      1.56771659    -1.67176249  -384.95222739    -0.00011095    -0.00001110  0.81D-05  0.29D-05  6  1 88584.28
   8      1.56953899    -1.67187738  -384.95234227    -0.00011488    -0.00000395  0.31D-05  0.99D-06  6  2 99811.04
   9      1.57069655    -1.67191469  -384.95237959    -0.00003732    -0.00000133  0.12D-05  0.24D-06  6  3110969.83
  10      1.57105455    -1.67195343  -384.95241832    -0.00003874    -0.00000057  0.39D-06  0.13D-06  6  4122135.78
  11      1.57117282    -1.67194846  -384.95241335     0.00000497    -0.00000024  0.24D-06  0.34D-07  6  5133479.04
  12      1.57138903    -1.67196153  -384.95242643    -0.00001308    -0.00000009  0.72D-07  0.18D-07  6  6144646.67
  13      1.57140939    -1.67196273  -384.95242762    -0.00000119    -0.00000004  0.29D-07  0.72D-08  6  1156085.19
  14      1.57145565    -1.67196583  -384.95243073    -0.00000311    -0.00000001  0.13D-07  0.21D-08  6  2167221.36
  15      1.57148045    -1.67196697  -384.95243186    -0.00000113    -0.00000001  0.67D-08  0.95D-09  6  3178291.21

 Norm of t1 vector:      0.23354465      S-energy:    -0.01426573      T1 diagnostic:  0.01701486
                                                                       D1 diagnostic:  0.07532101
 Norm of t2 vector:      0.71898355      P-energy:    -1.65770124
                                         Alpha-Beta:  -1.31333202
                                         Alpha-Alpha: -0.18194724
                                         Beta-Beta:   -0.16242198

 Singles amplitudes (print threshold =  0.500E-01):

         I         SYM. A    A   T(IA) [Alpha-Alpha]

        24         1        12      0.05783378

 Spin contamination <S**2-Sz**2-Sz>     0.02765434


 RESULTS
 =======

  Reference energy                   -383.280464894755
  UCCSD singles energy                 -0.014265728102
  UCCSD pair energy                    -1.657701239193
  UCCSD correlation energy             -1.671966967295

 !RHF-UCCSD energy                   -384.952431862050

 Program statistics:

 Available memory in ccsd:             63999995052
 Min. memory needed in ccsd:            1958703046
 Max. memory used in ccsd:              2889283639
 Max. memory used in cckext:            2063096604 (15 integral passes)
 Max. memory used in cckint:           11893126012 ( 1 integral passes)



 **********************************************************************************************************************************
 DATASETS  * FILE   NREC   LENGTH (MB)   RECORD NAMES
              1      18       54.40       500      610      700      900      950      970     1000      129      960     1100   
                                          VAR    BASINP    GEOM    SYMINP    ZMAT    AOBASIS   BASIS     P2S    ABASIS      S 
                                         1400     1410     1200     1210     1080     1600     1650     1700   
                                           T        V       H0       H01     AOSYM     SMH    MOLCAS    OPER   

              2       4       29.60       700     1000      520     2100   
                                         GEOM     BASIS   MCVARS     RHF  

 PROGRAMS   *        TOTAL     UCCSD       RHF       INT
 CPU TIMES  *    191538.78 178323.64   6741.93   6472.83
 REAL TIME  *    333470.11 SEC
 DISK USED  *      2091.51 GB      
 SF USED    *       233.00 GB      
 GA USED    *         0.03 MB       (max)       0.00 MB       (current)
 **********************************************************************************************************************************

 UCCSD/O=AVQZ,C=AVQZ,H=VQZ energy=   -384.952431862050

        UCCSD           RHF-SCF 
   -384.95243186   -383.28046489
 **********************************************************************************************************************************
 Molpro calculation terminated
 Variable memory released

 Fortran compiler diagnostic
 ***************************

 integer size                  8
 double precision size         8
 logical size                  8

 diagnostic completed successfully
