
 Primary working directories    : /scratch/saurabh/PBS_8109773.helios
 Secondary working directories  : /scratch/saurabh/PBS_8109773.helios
 Wavefunction directory         : /scratch/saurabh/PBS_8109773.helios/
 Main file repository           : /scratch/saurabh/PBS_8109773.helios/

 SHA1      : f6387f0c468d0184d0b38d85973bdb066f718752
 NAME      : 2015.1.44
 ARCHNAME  : linux/x86_64
 FC        : /opt/may/bin/gfortran
 BLASLIB   : -Wl,-_start-group /opt/intel/mkl/lib/intel64/libmkl_gf_ilp64.a /opt/intel/mkl/lib/intel64/libmkl_gnu_thread.a /opt/intel/mkl/lib/intel64/libmkl_core.a -Wl,-_end-group
 id        : ramakrishnan

 Nodes             nprocs
 hel06.tifrh.res.in    8

 Using DEFAULT tuning parameter for ncache   :   16384
 Using DEFAULT tuning parameter for mflopdgm :   10000
 Using DEFAULT tuning parameter for mflopdgv :    4000
 Using DEFAULT tuning parameter for mflopmxm :    5000
 Using DEFAULT tuning parameter for mflopmxv :    4000
 Using DEFAULT tuning parameter for mindgm   :       1
 Using DEFAULT tuning parameter for mindgc   :       4
 Using DEFAULT tuning parameter for mindgf   :    5000
 Using DEFAULT tuning parameter for mindgl   :       4
 Using DEFAULT tuning parameter for mindgr   :       1
 Using DEFAULT tuning parameter for mindgv   :      20
 Using DEFAULT tuning parameter for mincuda  :     500
 Using DEFAULT tuning parameter for mxmblk   :      64
 Using DEFAULT tuning parameter for mxmbln   :      64
 Using DEFAULT tuning parameter for nroll    :       2
 Using custom tuning parameter for ngpus     :       0
 Using customized tuning parameters: mindgm=1; mindgv=20; mindgc=4; mindgr=1; noblas=0; minvec=7
 default implementation of scratch files=sf  

 ***,TS_04
 memory,25,g
 geometry={
 C -0.29519 -1.23252 0.71709
 C 0.60908 -0.06648 0.8223
 C 0.01864 1.3226 0.56604
 C -1.41892 1.30085 0.01959
 C -1.6694 0.10791 -0.9045
 C -1.51271 -1.20558 -0.13023
 H -1.52742 -2.07109 -0.79999
 H -2.38017 -1.34463 0.53399
 H -0.95889 0.12476 -1.73245
 H -2.67101 0.15947 -1.33395
 H -1.62686 2.23679 -0.50101
 H -2.12796 1.24989 0.85243
 H 0.69197 1.81191 -0.13811
 H 0.05524 1.90348 1.48943
 H 1.24826 -0.08209 1.70783
 O 1.26902 -0.63578 -0.28716
 O 2.6874 0.29579 -0.60973
 H 3.26151 -0.48016 -0.65551
 H -0.00503 -2.1491 1.21077
  }
 basis,O=AVDZ,C=AVDZ,H=VDZ
 {rhf
 wf,63,1,1
 }
 uccsd(t);
 

 Fortran compiler diagnostic
 ***************************

 integer size                  8
 double precision size         8
 logical size                  8

 diagnostic completed successfully

 Variables initialized (889), CPU time= 0.01 sec
 Commands  initialized (702), CPU time= 0.02 sec, 572 directives.
 Default parameters read. Elapsed time= 0.09 sec

 Using DEFAULT tuning parameter for mpplat   :       3
 Using DEFAULT tuning parameter for mppspeed :    1600
 Checking input...
 Passed
1


                                         ***  PROGRAM SYSTEM MOLPRO  ***
                                       Copyright, TTI GmbH Stuttgart, 2015
                                    Version 2015.1 linked Jun  9 2019 06:55:40


 **********************************************************************************************************************************
 LABEL *   TS_04                                                                         
  64 bit mpp version                                                                     DATE: 06-Jul-22          TIME: 17:03:08  
 **********************************************************************************************************************************

 SHA1:             f6387f0c468d0184d0b38d85973bdb066f718752
 **********************************************************************************************************************************

Geometry recognized as XYZ


 Variable memory set to ********** words,  buffer space   230000 words

 SETTING BASIS          =    O=AVDZ,C=AVDZ,H=VDZ


 Recomputing integrals since basis changed


 Using spherical harmonics

 Library entry C      S aug-cc-pVDZ          selected for orbital group  1
 Library entry C      P aug-cc-pVDZ          selected for orbital group  1
 Library entry C      D aug-cc-pVDZ          selected for orbital group  1
 Library entry H      S cc-pVDZ              selected for orbital group  2
 Library entry H      P cc-pVDZ              selected for orbital group  2
 Library entry O      S aug-cc-pVDZ          selected for orbital group  3
 Library entry O      P aug-cc-pVDZ          selected for orbital group  3
 Library entry O      D aug-cc-pVDZ          selected for orbital group  3


 PROGRAM * SEWARD (Integral evaluation for generally contracted gaussian basis sets)     Author: Roland Lindh, 1990

 Geometry written to block  1 of record 700


 Point group  C1  



 ATOMIC COORDINATES

 NR  ATOM    CHARGE       X              Y              Z

   1  C       6.00   -0.557828255   -2.329125243    1.355103707
   2  C       6.00    1.150994388   -0.125628993    1.553921792
   3  C       6.00    0.035224495    2.499351772    1.069660576
   4  C       6.00   -2.681370193    2.458250229    0.037019735
   5  C       6.00   -3.154708792    0.203920346   -1.709257280
   6  C       6.00   -2.858607606   -2.278216021   -0.246099033
   7  H       1.00   -2.886405477   -3.913792879   -1.511762002
   8  H       1.00   -4.497869430   -2.540982439    1.009094853
   9  H       1.00   -1.812039484    0.235762231   -3.273856025
  10  H       1.00   -5.047477376    0.301354625   -2.520800164
  11  H       1.00   -3.074319843    4.226920498   -0.946771686
  12  H       1.00   -4.021261604    2.361949786    1.610859240
  13  H       1.00    1.307633786    3.424013662   -0.260990075
  14  H       1.00    0.104388471    3.597055884    2.814614782
  15  H       1.00    2.358869532   -0.155127618    3.227330967
  16  O       8.00    2.398100247   -1.201450075   -0.542653754
  17  O       8.00    5.078449987    0.558962090   -1.152222710
  18  H       1.00    6.163360653   -0.907370896   -1.238734372
  19  H       1.00   -0.009505322   -4.061210414    2.288023700

 Bond lengths in Bohr (Angstrom)

  1- 2  2.795532003   1- 6  2.803574074   1-16  3.689261168   1-19  2.042331215   2- 3  2.893090976
       ( 1.479331828)       ( 1.483587509)       ( 1.952272935)       ( 1.080755136)       ( 1.530957814)

  2-15  2.064008430   2-16  2.666138227   3- 4  2.906531118   3-13  2.060256336   3-14  2.062668939
       ( 1.092226224)       ( 1.410859591)       ( 1.538070030)       ( 1.090240702)       ( 1.091517396)

  4- 5  2.890594413   4-11  2.061661831   4-12  2.069191523   5- 6  2.896464899   5- 9  2.061975754
       ( 1.529636690)       ( 1.090984458)       ( 1.094968999)       ( 1.532743217)       ( 1.091150579)

  5-10  2.061714869   6- 7  2.068281202   6- 8  2.081282588  16-17  3.264184437  17-18  1.826101817
       ( 1.091012524)       ( 1.094487278)       ( 1.101367315)       ( 1.727332016)       ( 0.966331466)

 Bond angles

  1- 2- 3  117.87365674   1- 2-15  113.83572477   1- 2-16   84.94809211   1- 6- 5  112.82784473

  1- 6- 7  110.25301793   1- 6- 8  107.43571718   1-16- 2   49.00832232   1-16-17  156.75520137

  2- 1- 6  121.86701036   2- 1-16   46.04358557   2- 1-19  118.15665602   2- 3- 4  114.02297930

  2- 3-13  106.08949215   2- 3-14  109.16705650   2-16-17  108.25975474   3- 2-15  111.98550042

  3- 2-16  114.51237460   3- 4- 5  112.25403281   3- 4-11  109.60580462   3- 4-12  109.61240297

  4- 3-13  110.73952149   4- 3-14  109.84178643   4- 5- 6  110.26788321   4- 5- 9  109.86041167

  4- 5-10  110.56530038   5- 4-11  110.46058928   5- 4-12  108.49175678   5- 6- 7  111.54141409

  5- 6- 8  109.41002101   6- 1-16  110.98928505   6- 1-19  119.77643710   6- 5- 9  109.26694776

  6- 5-10  109.46257352   7- 6- 8  104.98866241   9- 5-10  107.36097696  11- 4-12  106.22762605

 13- 3-14  106.66818264  15- 2-16  110.98071800  16- 1-19  106.20609374  16-17-18   93.64860891

 NUCLEAR CHARGE:                   63
 NUMBER OF PRIMITIVE AOS:         373
 NUMBER OF SYMMETRY AOS:          357
 NUMBER OF CONTRACTIONS:          239   ( 239A   )
 NUMBER OF CORE ORBITALS:           8   (   8A   )
 NUMBER OF VALENCE ORBITALS:       43   (  43A   )


 NUCLEAR REPULSION ENERGY  399.35161785


 Eigenvalues of metric

         1 0.305E-04 0.462E-04 0.724E-04 0.111E-03 0.113E-03 0.122E-03 0.161E-03 0.173E-03


 Contracted 2-electron integrals neglected if value below      1.0D-12
 AO integral compression algorithm  1   Integral accuracy      1.0D-12

     1990.722 MB (compressed) written to integral file ( 55.9%)

     Node minimum: 236.192 MB, node maximum: 264.241 MB


 NUMBER OF SORTED TWO-ELECTRON INTEGRALS:   51423240.     BUFFER LENGTH:  32768
 NUMBER OF SEGMENTS:   4  SEGMENT LENGTH:   15992000      RECORD LENGTH: 524288

 Memory used in sort:      16.55 MW

 SORT1 READ   445294368. AND WROTE    49836302. INTEGRALS IN    144 RECORDS. CPU TIME:     5.96 SEC, REAL TIME:     6.42 SEC
 SORT2 READ   399100034. AND WROTE   411285540. INTEGRALS IN   7408 RECORDS. CPU TIME:     0.78 SEC, REAL TIME:     1.15 SEC

 Node minimum:    51398145.  Node maximum:    51423240. integrals

 OPERATOR DM      FOR CENTER  0  COORDINATES:    0.000000    0.000000    0.000000


 **********************************************************************************************************************************
 DATASETS  * FILE   NREC   LENGTH (MB)   RECORD NAMES
              1      18       22.32       500      610      700      900      950      970     1000      129      960     1100   
                                          VAR    BASINP    GEOM    SYMINP    ZMAT    AOBASIS   BASIS     P2S    ABASIS      S 
                                         1400     1410     1200     1210     1080     1600     1650     1700   
                                           T        V       H0       H01     AOSYM     SMH    MOLCAS    OPER   

 PROGRAMS   *        TOTAL       INT
 CPU TIMES  *        15.60     15.42
 REAL TIME  *        29.40 SEC
 DISK USED  *         6.75 GB      
 GA USED    *         0.01 MB       (max)       0.00 MB       (current)
 **********************************************************************************************************************************


 PROGRAM * RHF-SCF (OPEN SHELL)       Authors: W. Meyer, H.-J. Werner


 NUMBER OF ELECTRONS:      32+   31-    SPACE SYMMETRY=1    SPIN SYMMETRY: Doublet 
 CONVERGENCE THRESHOLDS:    1.00E-05 (Density)    1.26E-07 (Energy)
 MAX. NUMBER OF ITERATIONS:       60
 INTERPOLATION TYPE:            DIIS
 INTERPOLATION STEPS:              2 (START)      1 (STEP)
 LEVEL SHIFTS:                 -0.60 (CLOSED) -0.30 (OPEN) 



 Orbital guess generated from atomic densities. Full valence occupancy:   51

 Molecular orbital dump at record        2100.2

 Initial alpha occupancy:  32
 Initial beta  occupancy:  31
 Wave function symmetry:    1

 ITERATION    DDIFF          GRAD             ENERGY        2-EL.EN.            DIPOLE MOMENTS         DIIS   ORB.
    1      0.000D+00      0.000D+00      -383.02152903   1067.216007   -2.69632   -1.59984    1.51822    0    start
    2      0.000D+00      0.378D-02      -383.13699988   1063.973256   -1.47041   -0.67267    0.71789    1    diag,B
    3      0.631D-02      0.166D-02      -383.15811065   1064.415314   -1.48612   -0.75985    0.81937    2    diag,B
    4      0.231D-02      0.709D-03      -383.16781512   1064.359445   -1.23082   -0.63794    0.75859    3    diag,B
    5      0.179D-02      0.244D-03      -383.16930904   1064.298872   -1.15004   -0.61813    0.74505    4    diag,B
    6      0.882D-03      0.102D-03      -383.16966544   1064.293075   -1.10162   -0.60314    0.73709    5    diag,B
    7      0.473D-03      0.515D-04      -383.16977848   1064.274124   -1.07014   -0.59385    0.72781    6    fixocc
    8      0.209D-03      0.338D-04      -383.16984252   1064.267765   -1.04961   -0.58658    0.72192    7    diag,B
    9      0.124D-03      0.279D-04      -383.16989873   1064.260669   -1.03733   -0.58207    0.71782    8    diag,B
   10      0.777D-04      0.292D-04      -383.16977634   1064.282157   -1.05708   -0.59014    0.72485    9    orth
   11      0.159D-03      0.228D-04      -383.16968689   1064.317564   -1.07698   -0.59963    0.73285    9    diag,B
   12      0.222D-03      0.105D-04      -383.16968424   1064.324592   -1.07790   -0.60083    0.73351    9    diag,B
   13      0.778D-04      0.542D-05      -383.16968442   1064.329381   -1.08062   -0.60151    0.73481    9    diag,B
   14      0.409D-04      0.311D-05      -383.16968496   1064.327618   -1.08013   -0.60127    0.73463    9    diag,B
   15      0.166D-04      0.197D-05      -383.16968521   1064.327245   -1.08094   -0.60134    0.73492    9    diag,B
   16      0.129D-04      0.104D-05      -383.16968530   1064.327617   -1.08125   -0.60144    0.73509    9    diag,B
   17      0.927D-05      0.546D-06      -383.16968532   1064.327654   -1.08124   -0.60145    0.73508    0    orth

 Final alpha occupancy:  32
 Final beta  occupancy:  31

 !RHF STATE 1.1 Energy               -383.169685317037
 Nuclear energy                       399.35161785
 One-electron energy                -1314.68512993
 Two-electron energy                  532.16382676
 Virial quotient                       -1.00125409
 !RHF STATE 1.1 Dipole moment          -1.08124347    -0.60144879     0.73508415
 Dipole moment /Debye                  -2.74806678    -1.52863023     1.86827517

 Orbital energies:

         1.1          2.1          3.1          4.1          5.1          6.1          7.1          8.1          9.1         10.1
    -20.609577   -20.570529   -11.297456   -11.296700   -11.250387   -11.231520   -11.230148   -11.225261    -1.375597    -1.242679

        11.1         12.1         13.1         14.1         15.1         16.1         17.1         18.1         19.1         20.1
     -1.110720    -1.023933    -0.985952    -0.855192    -0.841717    -0.733006    -0.698867    -0.646492    -0.631623    -0.603565

        21.1         22.1         23.1         24.1         25.1         26.1         27.1         28.1         29.1         30.1
     -0.593120    -0.571582    -0.558372    -0.555349    -0.517680    -0.496266    -0.487003    -0.462849    -0.461307    -0.438629

        31.1         32.1         33.1         34.1
     -0.424166    -0.303006     0.055722     0.063272

 HOMO     32.1    -0.303006 =      -8.2452eV
 LUMO     33.1     0.055722 =       1.5163eV
 LUMO-HOMO         0.358727 =       9.7615eV


 **********************************************************************************************************************************
 DATASETS  * FILE   NREC   LENGTH (MB)   RECORD NAMES
              1      18       22.32       500      610      700      900      950      970     1000      129      960     1100   
                                          VAR    BASINP    GEOM    SYMINP    ZMAT    AOBASIS   BASIS     P2S    ABASIS      S 
                                         1400     1410     1200     1210     1080     1600     1650     1700   
                                           T        V       H0       H01     AOSYM     SMH    MOLCAS    OPER   

              2       4        4.70       700     1000      520     2100   
                                         GEOM     BASIS   MCVARS     RHF  

 PROGRAMS   *        TOTAL       RHF       INT
 CPU TIMES  *        25.36      9.74     15.42
 REAL TIME  *        40.20 SEC
 DISK USED  *         7.03 GB      
 SF USED    *         0.23 MB      
 GA USED    *         0.01 MB       (max)       0.00 MB       (current)
 **********************************************************************************************************************************


 PROGRAM * CCSD (Unrestricted open-shell coupled cluster)     Authors: C. Hampel, H.-J. Werner, 1991, M. Deegan, P.J. Knowles, 1992


 Convergence thresholds:  THRVAR = 1.00D-08  THRDEN = 1.26D-06

 CCSD(T)     terms to be evaluated (factor= 1.000)


 Number of core orbitals:           8 (   8 )
 Number of closed-shell orbitals:  23 (  23 )
 Number of active  orbitals:        1 (   1 )
 Number of external orbitals:     207 ( 207 )

 Memory could be reduced to 410.56 Mwords without degradation in triples

 Number of N-1 electron functions:              47
 Number of N-2 electron functions:            1081
 Number of singly external CSFs:              9776
 Number of doubly external CSFs:          35270040
 Total number of CSFs:                    35279816

 Molecular orbitals read from record     2100.2  Type=RHF/CANONICAL (state 1.1)

 Integral transformation finished. Total CPU:  34.55 sec, npass=  1  Memory used: 200.08 MW

 Starting RMP2 calculation

 ITER.      SQ.NORM     CORR.ENERGY   TOTAL ENERGY   ENERGY CHANGE        DEN1      VAR(S)    VAR(P)  DIIS     TIME
   1      1.45505213    -1.30365732  -384.47334263    -1.30365732    -0.00547977  0.17D-03  0.23D-02  1  1    42.81
   2      1.46109965    -1.30958774  -384.47927306    -0.00593043    -0.00001979  0.59D-05  0.11D-04  2  2    51.25
   3      1.46144172    -1.30972460  -384.47940991    -0.00013685    -0.00000028  0.19D-06  0.11D-06  3  3    60.49
   4      1.46146315    -1.30972809  -384.47941341    -0.00000350    -0.00000000  0.28D-08  0.49D-09  4  4    70.61
   5      1.46146412    -1.30972830  -384.47941362    -0.00000020    -0.00000000  0.40D-10  0.67D-11  5  5    90.40

 Norm of t1 vector:      0.11596975      S-energy:    -0.01050383      T1 diagnostic:  0.00102746
 Norm of t2 vector:      0.66933933      P-energy:    -1.29922447
                                         Alpha-Beta:  -0.96791892
                                         Alpha-Alpha: -0.17450548
                                         Beta-Beta:   -0.15680007

 Spin contamination <S**2-Sz**2-Sz>     0.00485688
  Reference energy                   -383.169685317038
  RHF-RMP2 correlation energy          -1.309728298285
 !RHF-RMP2 energy                    -384.479413615322

 Starting UCCSD calculation

 ITER.      SQ.NORM     CORR.ENERGY   TOTAL ENERGY   ENERGY CHANGE        DEN1      VAR(S)    VAR(P)  DIIS     TIME
   1      1.45772154    -1.30823105  -384.47791636    -1.30823105    -0.04653347  0.92D-02  0.11D-01  1  1   245.99
   2      1.51074322    -1.35429333  -384.52397865    -0.04606229    -0.00556196  0.13D-02  0.20D-02  2  2   393.54
   3      1.52933805    -1.36162418  -384.53130949    -0.00733084    -0.00073595  0.42D-03  0.17D-03  3  3   536.67
   4      1.54100806    -1.36466981  -384.53435513    -0.00304564    -0.00018767  0.13D-03  0.39D-04  4  4   683.67
   5      1.54753284    -1.36551467  -384.53519998    -0.00084485    -0.00006514  0.62D-04  0.11D-04  5  5   827.33
   6      1.55235234    -1.36586306  -384.53554838    -0.00034839    -0.00002454  0.24D-04  0.48D-05  6  6   971.58
   7      1.55571763    -1.36602256  -384.53570787    -0.00015950    -0.00000907  0.67D-05  0.25D-05  6  1  1115.97
   8      1.55724853    -1.36610191  -384.53578723    -0.00007936    -0.00000356  0.27D-05  0.10D-05  6  2  1260.12
   9      1.55828050    -1.36612952  -384.53581484    -0.00002761    -0.00000117  0.11D-05  0.22D-06  6  3  1404.08
  10      1.55878261    -1.36617526  -384.53586057    -0.00004573    -0.00000044  0.32D-06  0.10D-06  6  4  1570.72
  11      1.55883901    -1.36616260  -384.53584792     0.00001265    -0.00000018  0.17D-06  0.27D-07  6  5  1743.75
  12      1.55899873    -1.36617377  -384.53585909    -0.00001117    -0.00000007  0.57D-07  0.13D-07  6  6  1920.55
  13      1.55903550    -1.36617196  -384.53585728     0.00000181    -0.00000003  0.26D-07  0.51D-08  6  1  2085.03
  14      1.55906113    -1.36617236  -384.53585768    -0.00000040    -0.00000001  0.13D-07  0.21D-08  6  4  2227.65
  15      1.55907370    -1.36617269  -384.53585801    -0.00000033    -0.00000001  0.80D-08  0.11D-08  6  1  2371.64

 Norm of t1 vector:      0.23743128      S-energy:    -0.01362366      T1 diagnostic:  0.01807029
                                                                       D1 diagnostic:  0.08033500
 Norm of t2 vector:      0.70901346      P-energy:    -1.35254904
                                         Alpha-Beta:  -1.06043128
                                         Alpha-Alpha: -0.15399938
                                         Beta-Beta:   -0.13811837

 Singles amplitudes (print threshold =  0.500E-01):

         I         SYM. A    A   T(IA) [Alpha-Alpha]

        24         1         6     -0.07171344

 Spin contamination <S**2-Sz**2-Sz>     0.02242227

 Memory could be reduced to 462.31 Mwords without degradation in triples


 RESULTS
 =======

  Reference energy                   -383.169685317038
  UCCSD singles energy                 -0.013623658367
  UCCSD pair energy                    -1.352549035911
  UCCSD correlation energy             -1.366172694278
  Triples (T) contribution             -0.055010420348
  Total correlation energy             -1.421183114626

  RHF-UCCSD energy                   -384.535858011316
  RHF-UCCSD[T] energy                -384.593398928009
  RHF-UCCSD-T energy                 -384.590392157332
 !RHF-UCCSD(T) energy                -384.590868431664

 Program statistics:

 Available memory in ccsd:             24999995052
 Min. memory needed in ccsd:              97794061
 Max. memory used in ccsd:               143201525
 Max. memory used in cckext:             127198870 (15 integral passes)
 Max. memory used in cckint:             200083160 ( 1 integral passes)



 **********************************************************************************************************************************
 DATASETS  * FILE   NREC   LENGTH (MB)   RECORD NAMES
              1      18       22.32       500      610      700      900      950      970     1000      129      960     1100   
                                          VAR    BASINP    GEOM    SYMINP    ZMAT    AOBASIS   BASIS     P2S    ABASIS      S 
                                         1400     1410     1200     1210     1080     1600     1650     1700   
                                           T        V       H0       H01     AOSYM     SMH    MOLCAS    OPER   

              2       4        4.70       700     1000      520     2100   
                                         GEOM     BASIS   MCVARS     RHF  

 PROGRAMS   *        TOTAL  UCCSD(T)       RHF       INT
 CPU TIMES  *      4092.99   4067.62      9.74     15.42
 REAL TIME  *      4236.63 SEC
 DISK USED  *        42.89 GB      
 SF USED    *         9.22 GB      
 GA USED    *         0.01 MB       (max)       0.00 MB       (current)
 **********************************************************************************************************************************

 UCCSD(T)/O=AVDZ,C=AVDZ,H=VDZ energy=   -384.590868431664

        UCCSD(T)        RHF-SCF 
   -384.59086843   -383.16968532
 **********************************************************************************************************************************
 Molpro calculation terminated
 Variable memory released

 Fortran compiler diagnostic
 ***************************

 integer size                  8
 double precision size         8
 logical size                  8

 diagnostic completed successfully
