
 Primary working directories    : /scratch/saurabh/PBS_8109528.helios
 Secondary working directories  : /scratch/saurabh/PBS_8109528.helios
 Wavefunction directory         : /scratch/saurabh/PBS_8109528.helios/
 Main file repository           : /scratch/saurabh/PBS_8109528.helios/

 SHA1      : f6387f0c468d0184d0b38d85973bdb066f718752
 NAME      : 2015.1.44
 ARCHNAME  : linux/x86_64
 FC        : /opt/may/bin/gfortran
 BLASLIB   : -Wl,-_start-group /opt/intel/mkl/lib/intel64/libmkl_gf_ilp64.a /opt/intel/mkl/lib/intel64/libmkl_gnu_thread.a /opt/intel/mkl/lib/intel64/libmkl_core.a -Wl,-_end-group
 id        : ramakrishnan

 Nodes             nprocs
 hel02.tifrh.res.in    8

 Using DEFAULT tuning parameter for ncache   :   16384
 Using DEFAULT tuning parameter for mflopdgm :   10000
 Using DEFAULT tuning parameter for mflopdgv :    4000
 Using DEFAULT tuning parameter for mflopmxm :    5000
 Using DEFAULT tuning parameter for mflopmxv :    4000
 Using DEFAULT tuning parameter for mindgm   :       1
 Using DEFAULT tuning parameter for mindgc   :       4
 Using DEFAULT tuning parameter for mindgf   :    5000
 Using DEFAULT tuning parameter for mindgl   :       4
 Using DEFAULT tuning parameter for mindgr   :       1
 Using DEFAULT tuning parameter for mindgv   :      20
 Using DEFAULT tuning parameter for mincuda  :     500
 Using DEFAULT tuning parameter for mxmblk   :      64
 Using DEFAULT tuning parameter for mxmbln   :      64
 Using DEFAULT tuning parameter for nroll    :       2
 Using custom tuning parameter for ngpus     :       0
 Using customized tuning parameters: mindgm=1; mindgv=20; mindgc=4; mindgr=1; noblas=0; minvec=7
 default implementation of scratch files=sf  

 ***,TS_01
 memory,64,g
 geometry={
 C -0.30262 0.93791 -0.31528
 C -0.61209 -0.43653 0.2578
 C 0.4222 -1.45337 -0.19258
 C 1.80182 -0.94025 0.26621
 C 2.10621 0.49282 -0.20199
 C 0.98906 1.50546 0.18122
 H 1.20851 2.4805 -0.25494
 H 0.96822 1.62456 1.26803
 H 2.22284 0.50146 -1.28908
 H 3.05714 0.82591 0.21832
 H 2.58083 -1.61401 -0.09412
 H 1.84574 -0.97745 1.35873
 H 0.38972 -1.55245 -1.28001
 H 0.2162 -2.43556 0.23666
 H -0.62275 -0.37559 1.35313
 O -1.93826 -0.68102 -0.2003
 O -2.59766 0.51735 0.18697
 H -1.59576 1.23645 0.01965
 H -0.41077 0.95933 -1.402
  }
 basis,O=AVQZ,C=AVQZ,H=VQZ
 {rhf
 wf,63,1,1
 }
 uccsd;
 

 Fortran compiler diagnostic
 ***************************

 integer size                  8
 double precision size         8
 logical size                  8

 diagnostic completed successfully

 Variables initialized (889), CPU time= 0.02 sec
 Commands  initialized (702), CPU time= 0.01 sec, 572 directives.
 Default parameters read. Elapsed time= 0.13 sec

 Using DEFAULT tuning parameter for mpplat   :       3
 Using DEFAULT tuning parameter for mppspeed :    1600
 Checking input...
 Passed
1


                                         ***  PROGRAM SYSTEM MOLPRO  ***
                                       Copyright, TTI GmbH Stuttgart, 2015
                                    Version 2015.1 linked Jun  9 2019 06:55:40


 **********************************************************************************************************************************
 LABEL *   TS_01                                                                         
  64 bit mpp version                                                                     DATE: 28-Jun-22          TIME: 02:29:18  
 **********************************************************************************************************************************

 SHA1:             f6387f0c468d0184d0b38d85973bdb066f718752
 **********************************************************************************************************************************

Geometry recognized as XYZ


 Variable memory set to ********** words,  buffer space   230000 words

 SETTING BASIS          =    O=AVQZ,C=AVQZ,H=VQZ


 Recomputing integrals since basis changed


 Using spherical harmonics

 Library entry C      S aug-cc-pVQZ          selected for orbital group  1
 Library entry C      P aug-cc-pVQZ          selected for orbital group  1
 Library entry C      D aug-cc-pVQZ          selected for orbital group  1
 Library entry C      F aug-cc-pVQZ          selected for orbital group  1
 Library entry C      G aug-cc-pVQZ          selected for orbital group  1
 Library entry H      S cc-pVQZ              selected for orbital group  2
 Library entry H      P cc-pVQZ              selected for orbital group  2
 Library entry H      D cc-pVQZ              selected for orbital group  2
 Library entry H      F cc-pVQZ              selected for orbital group  2
 Library entry O      S aug-cc-pVQZ          selected for orbital group  3
 Library entry O      P aug-cc-pVQZ          selected for orbital group  3
 Library entry O      D aug-cc-pVQZ          selected for orbital group  3
 Library entry O      F aug-cc-pVQZ          selected for orbital group  3
 Library entry O      G aug-cc-pVQZ          selected for orbital group  3


 PROGRAM * SEWARD (Integral evaluation for generally contracted gaussian basis sets)     Author: Roland Lindh, 1990

 Geometry written to block  1 of record 700


 Point group  C1  



 ATOMIC COORDINATES

 NR  ATOM    CHARGE       X              Y              Z

   1  C       6.00   -0.571868920    1.772393029   -0.595792853
   2  C       6.00   -1.156682464   -0.824922145    0.487171395
   3  C       6.00    0.797842370   -2.746471258   -0.363923457
   4  C       6.00    3.404946326   -1.776814989    0.503063992
   5  C       6.00    3.980160061    0.931294829   -0.381705780
   6  C       6.00    1.869052521    2.844907091    0.342456168
   7  H       1.00    2.283752919    4.687465652   -0.481766778
   8  H       1.00    1.829670628    3.069973473    2.396229418
   9  H       1.00    4.200558819    0.947622062   -2.436008153
  10  H       1.00    5.777157324    1.560743704    0.412565008
  11  H       1.00    4.877061874   -3.050036862   -0.177861023
  12  H       1.00    3.487943097   -1.847112800    2.567627577
  13  H       1.00    0.736464065   -2.933705322   -2.418868337
  14  H       1.00    0.408558788   -4.602541360    0.447222585
  15  H       1.00   -1.176826944   -0.709762235    2.557045111
  16  O       8.00   -3.662780558   -1.286941285   -0.378512143
  17  O       8.00   -4.908865965    0.977649811    0.353322094
  18  H       1.00   -3.015549361    2.336551867    0.037133118
  19  H       1.00   -0.776242800    1.812870963   -2.649396027

 Bond lengths in Bohr (Angstrom)

  1- 2  2.874171978   1- 6  2.826427978   1-18  2.586589371   1-19  2.064144652   2- 3  2.869996649
       ( 1.520946311)       ( 1.495681275)       ( 1.368764149)       ( 1.092298310)       ( 1.518736822)

  2-15  2.073172642   2-16  2.691356040   3- 4  2.913570242   3-13  2.064369722   3-14  2.062642924
       ( 1.097075717)       ( 1.424204283)       ( 1.541794974)       ( 1.092417412)       ( 1.091503630)

  4- 5  2.906466441   4-11  2.062008003   4-12  2.067426672   5- 6  2.939914534   5- 9  2.066155955
       ( 1.538035805)       ( 1.091167644)       ( 1.094035080)       ( 1.555735773)       ( 1.093362646)

  5-10  2.063073226   6- 7  2.060665411   6- 8  2.066443895  16-17  2.686388472  17-18  2.351858420
       ( 1.091731336)       ( 1.090457175)       ( 1.093515017)       ( 1.421575559)       ( 1.244549879)

 Bond angles

  1- 2- 3  110.77698135   1- 2-15  109.14574566   1- 2-16  102.90890338   1- 6- 5  106.94072147

  1- 6- 7  112.35338224   1- 6- 8  110.78061190   1-18-17  131.86872594   2- 1- 6  113.17551255

  2- 1-18   84.98999573   2- 1-19  111.86633201   2- 3- 4  107.35662392   2- 3-13  109.61340365

  2- 3-14  110.93619677   2-16-17  101.51257778   3- 2-15  109.86988748   3- 2-16  115.07596767

  3- 4- 5  113.36585531   3- 4-11  109.57661230   3- 4-12  108.76955624   4- 3-13  110.67091358

  4- 3-14  110.56896276   4- 5- 6  112.91634682   4- 5- 9  109.33809227   4- 5-10  109.84437727

  5- 4-11  109.48199673   5- 4-12  109.13103253   5- 6- 7  109.81466900   5- 6- 8  109.23169427

  6- 1-18  130.68506337   6- 1-19  114.09973013   6- 5- 9  108.44310045   6- 5-10  109.39308391

  7- 6- 8  107.69649903   9- 5-10  106.70599751  11- 4-12  106.26683168  13- 3-14  107.71210514

 15- 2-16  108.76148772  16-17-18   94.41831992  18- 1-19   98.37361088

 NUCLEAR CHARGE:                   63
 NUMBER OF PRIMITIVE AOS:        1351
 NUMBER OF SYMMETRY AOS:         1096
 NUMBER OF CONTRACTIONS:          970   ( 970A   )
 NUMBER OF CORE ORBITALS:           8   (   8A   )
 NUMBER OF VALENCE ORBITALS:       43   (  43A   )


 NUCLEAR REPULSION ENERGY  403.51558286


 Eigenvalues of metric

         1 0.245E-05 0.357E-05 0.423E-05 0.609E-05 0.709E-05 0.109E-04 0.116E-04 0.135E-04


 Contracted 2-electron integrals neglected if value below      1.0D-12
 AO integral compression algorithm  1   Integral accuracy      1.0D-12

     345686.409 MB (compressed) written to integral file ( 37.8%)

     Node minimum: 42390.258 MB, node maximum: 44401.164 MB


 NUMBER OF SORTED TWO-ELECTRON INTEGRALS:13861059288.     BUFFER LENGTH:  32768
 NUMBER OF SEGMENTS: 174  SEGMENT LENGTH:   79997696      RECORD LENGTH: 262144

 Memory used in sort:      80.29 MW

 SORT1 READ114242640371. AND WROTE 10846255973. INTEGRALS IN  62147 RECORDS. CPU TIME:  5578.00 SEC, REAL TIME:  6291.98 SEC
 SORT2 READ 86853329557. AND WROTE110890122580. INTEGRALS IN1303744 RECORDS. CPU TIME:   499.59 SEC, REAL TIME: 14568.15 SEC

 Node minimum: 13861059288.  Node maximum: 13861471357. integrals

 OPERATOR DM      FOR CENTER  0  COORDINATES:    0.000000    0.000000    0.000000


 **********************************************************************************************************************************
 DATASETS  * FILE   NREC   LENGTH (MB)   RECORD NAMES
              1      18       54.40       500      610      700      900      950      970     1000      129      960     1100   
                                          VAR    BASINP    GEOM    SYMINP    ZMAT    AOBASIS   BASIS     P2S    ABASIS      S 
                                         1400     1410     1200     1210     1080     1600     1650     1700   
                                           T        V       H0       H01     AOSYM     SMH    MOLCAS    OPER   

 PROGRAMS   *        TOTAL       INT
 CPU TIMES  *      7017.80   7017.57
 REAL TIME  *     22435.48 SEC
 DISK USED  *      1386.57 GB      
 GA USED    *         0.03 MB       (max)       0.00 MB       (current)
 **********************************************************************************************************************************


 PROGRAM * RHF-SCF (OPEN SHELL)       Authors: W. Meyer, H.-J. Werner


 NUMBER OF ELECTRONS:      32+   31-    SPACE SYMMETRY=1    SPIN SYMMETRY: Doublet 
 CONVERGENCE THRESHOLDS:    1.00E-05 (Density)    1.26E-07 (Energy)
 MAX. NUMBER OF ITERATIONS:       60
 INTERPOLATION TYPE:            DIIS
 INTERPOLATION STEPS:              2 (START)      1 (STEP)
 LEVEL SHIFTS:                 -0.60 (CLOSED) -0.30 (OPEN) 



 Orbital guess generated from atomic densities. Full valence occupancy:   51

 Molecular orbital dump at record        2100.2

 Initial alpha occupancy:  32
 Initial beta  occupancy:  31
 Wave function symmetry:    1

 ITERATION    DDIFF          GRAD             ENERGY        2-EL.EN.            DIPOLE MOMENTS         DIIS   ORB.
    1      0.000D+00      0.000D+00      -383.16735708   1072.038298    2.41302    0.22154    0.01174    0    start
    2      0.000D+00      0.156D-02      -383.24874857   1071.532063    2.14027    0.23962    0.01721    1    diag,B
    3      0.928D-03      0.593D-03      -383.26882894   1071.521950    2.00327    0.22432    0.00967    2    diag,B
    4      0.414D-03      0.267D-03      -383.27563431   1071.537598    1.92340    0.25069    0.02048    3    diag,B
    5      0.256D-03      0.101D-03      -383.27699802   1071.511623    1.91832    0.25640    0.01533    4    diag,B
    6      0.110D-03      0.500D-04      -383.27760596   1071.497105    1.91836    0.26694    0.01517    5    diag,B
    7      0.905D-04      0.275D-04      -383.27789634   1071.493232    1.92471    0.27308    0.01295    6    fixocc
    8      0.522D-04      0.180D-04      -383.27804463   1071.497464    1.93061    0.27765    0.01090    7    diag,B
    9      0.376D-04      0.121D-04      -383.27812980   1071.508297    1.93949    0.28259    0.00845    8    diag,B
   10      0.374D-04      0.712D-05      -383.27815568   1071.513924    1.94661    0.28595    0.00665    9    orth
   11      0.220D-04      0.398D-05      -383.27816248   1071.516416    1.95101    0.28780    0.00577    9    diag,B
   12      0.134D-04      0.254D-05      -383.27816556   1071.517641    1.95378    0.28899    0.00526    9    diag,B
   13      0.802D-05      0.148D-05      -383.27816680   1071.518908    1.95559    0.28988    0.00499    9    diag,B
   14      0.594D-05      0.928D-06      -383.27816726   1071.519734    1.95676    0.29050    0.00483    9    diag,B
   15      0.385D-05      0.480D-06      -383.27816737   1071.520219    1.95731    0.29078    0.00478    9    diag,B
   16      0.245D-05      0.254D-06      -383.27816739   1071.520309    1.95750    0.29085    0.00476    0    orth

 Final alpha occupancy:  32
 Final beta  occupancy:  31

 !RHF STATE 1.1 Energy               -383.278167389652
 Nuclear energy                       403.51558286
 One-electron energy                -1322.55390493
 Two-electron energy                  535.76015468
 Virial quotient                       -1.00106756
 !RHF STATE 1.1 Dipole moment           1.95749569     0.29084930     0.00476140
 Dipole moment /Debye                   4.97513191     0.73921677     0.01210148

 Orbital energies:

         1.1          2.1          3.1          4.1          5.1          6.1          7.1          8.1          9.1         10.1
    -20.601304   -20.599002   -11.293318   -11.267026   -11.247027   -11.244318   -11.239840   -11.237744    -1.459364    -1.171929

        11.1         12.1         13.1         14.1         15.1         16.1         17.1         18.1         19.1         20.1
     -1.125443    -1.028874    -1.006468    -0.865075    -0.831708    -0.787028    -0.696598    -0.661034    -0.638545    -0.624012

        21.1         22.1         23.1         24.1         25.1         26.1         27.1         28.1         29.1         30.1
     -0.601424    -0.590629    -0.579006    -0.543386    -0.519686    -0.516921    -0.506513    -0.487115    -0.468373    -0.461118

        31.1         32.1         33.1         34.1
     -0.416720    -0.400544     0.031431     0.041356

 HOMO     32.1    -0.400544 =     -10.8994eV
 LUMO     33.1     0.031431 =       0.8553eV
 LUMO-HOMO         0.431975 =      11.7546eV


 **********************************************************************************************************************************
 DATASETS  * FILE   NREC   LENGTH (MB)   RECORD NAMES
              1      18       54.40       500      610      700      900      950      970     1000      129      960     1100   
                                          VAR    BASINP    GEOM    SYMINP    ZMAT    AOBASIS   BASIS     P2S    ABASIS      S 
                                         1400     1410     1200     1210     1080     1600     1650     1700   
                                           T        V       H0       H01     AOSYM     SMH    MOLCAS    OPER   

              2       4       29.60       700     1000      520     2100   
                                         GEOM     BASIS   MCVARS     RHF  

 PROGRAMS   *        TOTAL       RHF       INT
 CPU TIMES  *     13343.23   6325.36   7017.57
 REAL TIME  *     46269.11 SEC
 DISK USED  *      1388.32 GB      
 SF USED    *         3.77 MB      
 GA USED    *         0.03 MB       (max)       0.00 MB       (current)
 **********************************************************************************************************************************


 PROGRAM * CCSD (Unrestricted open-shell coupled cluster)     Authors: C. Hampel, H.-J. Werner, 1991, M. Deegan, P.J. Knowles, 1992


 Convergence thresholds:  THRVAR = 1.00D-08  THRDEN = 1.26D-06

 Number of core orbitals:           8 (   8 )
 Number of closed-shell orbitals:  23 (  23 )
 Number of active  orbitals:        1 (   1 )
 Number of external orbitals:     938 ( 938 )

 Number of N-1 electron functions:              47
 Number of N-2 electron functions:            1081
 Number of singly external CSFs:             44133
 Number of doubly external CSFs:         719676831
 Total number of CSFs:                   719720964

 Molecular orbitals read from record     2100.2  Type=RHF/CANONICAL (state 1.1)

 Integral transformation finished. Total CPU:6939.05 sec, npass=  1  Memory used:******* MW

 Starting RMP2 calculation

 ITER.      SQ.NORM     CORR.ENERGY   TOTAL ENERGY   ENERGY CHANGE        DEN1      VAR(S)    VAR(P)  DIIS     TIME
   1      1.46143650    -1.62378315  -384.90195054    -1.62378315    -0.00543994  0.35D-04  0.21D-02  1  1  7653.25
   2      1.46643195    -1.62963768  -384.90780507    -0.00585453    -0.00000971  0.69D-06  0.45D-05  2  2  8016.97
   3      1.46658291    -1.62973003  -384.90789742    -0.00009235    -0.00000007  0.27D-07  0.26D-07  3  3  8375.43
   4      1.46658521    -1.62972959  -384.90789698     0.00000043    -0.00000000  0.92D-09  0.11D-09  4  4  8770.77

 Norm of t1 vector:      0.06537252      S-energy:    -0.00550605      T1 diagnostic:  0.00043189
 Norm of t2 vector:      0.67993503      P-energy:    -1.62422355
                                         Alpha-Beta:  -1.24021030
                                         Alpha-Alpha: -0.19654055
                                         Beta-Beta:   -0.18747270

 Spin contamination <S**2-Sz**2-Sz>     0.00119121
  Reference energy                   -383.278167389657
  RHF-RMP2 correlation energy          -1.629729593416
 !RHF-RMP2 energy                    -384.907896983072

 Starting UCCSD calculation

 ITER.      SQ.NORM     CORR.ENERGY   TOTAL ENERGY   ENERGY CHANGE        DEN1      VAR(S)    VAR(P)  DIIS     TIME
   1      1.46099293    -1.60717532  -384.88534271    -1.60717532    -0.04356128  0.80D-02  0.84D-02  1  1 21289.41
   2      1.49951463    -1.64735585  -384.92552324    -0.04018053    -0.00431257  0.48D-03  0.13D-02  2  2 33904.62
   3      1.51644485    -1.65540537  -384.93357276    -0.00804952    -0.00059682  0.43D-03  0.90D-04  3  3 46515.26
   4      1.52394944    -1.65780071  -384.93596810    -0.00239534    -0.00019366  0.14D-03  0.33D-04  4  4 59188.58
   5      1.53027557    -1.65866722  -384.93683461    -0.00086651    -0.00009235  0.11D-03  0.75D-05  5  5 71827.91
   6      1.53506466    -1.65904352  -384.93721091    -0.00037630    -0.00004781  0.50D-04  0.59D-05  6  6 84314.66
   7      1.54188846    -1.65940405  -384.93757144    -0.00036053    -0.00002303  0.28D-04  0.21D-05  6  1 97155.55
   8      1.54516588    -1.65952892  -384.93769631    -0.00012487    -0.00001385  0.15D-04  0.17D-05  6  2109616.29
   9      1.54967086    -1.65966775  -384.93783514    -0.00013884    -0.00000724  0.84D-05  0.70D-06  6  3122050.86
  10      1.55334646    -1.65978834  -384.93795573    -0.00012058    -0.00000354  0.34D-05  0.49D-06  6  4134621.97
  11      1.55604192    -1.65982163  -384.93798902    -0.00003330    -0.00000158  0.15D-05  0.21D-06  6  5149069.61
  12      1.55803089    -1.65985631  -384.93802370    -0.00003468    -0.00000060  0.44D-06  0.11D-06  6  6167971.18
  13      1.55891679    -1.65985701  -384.93802440    -0.00000070    -0.00000020  0.15D-06  0.37D-07  6  1180572.47
  14      1.55911278    -1.65985177  -384.93801916     0.00000524    -0.00000006  0.37D-07  0.13D-07  6  3193165.37
  15      1.55926901    -1.65985180  -384.93801919    -0.00000002    -0.00000001  0.91D-08  0.24D-08  6  2210954.62
  16      1.55918887    -1.65984776  -384.93801515     0.00000404    -0.00000000  0.28D-08  0.91D-09  6  5223604.83
  17      1.55918886    -1.65984570  -384.93801309     0.00000206    -0.00000000  0.78D-09  0.28D-09  6  4236346.43
  18      1.55915770    -1.65984480  -384.93801219     0.00000090    -0.00000000  0.25D-09  0.57D-10  6  6249022.45

 Norm of t1 vector:      0.23417289      S-energy:    -0.00636024      T1 diagnostic:  0.02271702
                                                                       D1 diagnostic:  0.13422618
 Norm of t2 vector:      0.71015544      P-energy:    -1.65348456
                                         Alpha-Beta:  -1.30736823
                                         Alpha-Alpha: -0.17745362
                                         Beta-Beta:   -0.16866271

 Singles amplitudes (print threshold =  0.500E-01):

         I         SYM. A    A   T(IA) [Beta-Beta]

        16         1         1      0.07262171
        23         1         1      0.15707589

 Spin contamination <S**2-Sz**2-Sz>     0.00281641


 RESULTS
 =======

  Reference energy                   -383.278167389657
  UCCSD singles energy                 -0.006360238702
  UCCSD pair energy                    -1.653484560247
  UCCSD correlation energy             -1.659844798949

 !RHF-UCCSD energy                   -384.938012188606

 Program statistics:

 Available memory in ccsd:             63999995052
 Min. memory needed in ccsd:            1958703046
 Max. memory used in ccsd:              2889283639
 Max. memory used in cckext:            2063096604 (18 integral passes)
 Max. memory used in cckint:           11893126012 ( 1 integral passes)



 **********************************************************************************************************************************
 DATASETS  * FILE   NREC   LENGTH (MB)   RECORD NAMES
              1      18       54.40       500      610      700      900      950      970     1000      129      960     1100   
                                          VAR    BASINP    GEOM    SYMINP    ZMAT    AOBASIS   BASIS     P2S    ABASIS      S 
                                         1400     1410     1200     1210     1080     1600     1650     1700   
                                           T        V       H0       H01     AOSYM     SMH    MOLCAS    OPER   

              2       4       29.60       700     1000      520     2100   
                                         GEOM     BASIS   MCVARS     RHF  

 PROGRAMS   *        TOTAL     UCCSD       RHF       INT
 CPU TIMES  *    262398.88 249055.60   6325.36   7017.57
 REAL TIME  *    412656.83 SEC
 DISK USED  *      2119.29 GB      
 SF USED    *       233.00 GB      
 GA USED    *         0.03 MB       (max)       0.00 MB       (current)
 **********************************************************************************************************************************

 UCCSD/O=AVQZ,C=AVQZ,H=VQZ energy=   -384.938012188606

        UCCSD           RHF-SCF 
   -384.93801219   -383.27816739
 **********************************************************************************************************************************
 Molpro calculation terminated
 Variable memory released

 Fortran compiler diagnostic
 ***************************

 integer size                  8
 double precision size         8
 logical size                  8

 diagnostic completed successfully
