
 Primary working directories    : /home/saurabh/molpro_temp2
 Secondary working directories  : /home/saurabh/molpro_temp2
 Wavefunction directory         : /home/saurabh/molpro_wfn2/
 Main file repository           : /home/saurabh/molpro_temp2/

 SHA1      : f6387f0c468d0184d0b38d85973bdb066f718752
 NAME      : 2015.1.44
 ARCHNAME  : linux/x86_64
 FC        : /opt/may/bin/gfortran
 BLASLIB   : -Wl,-_start-group /opt/intel/mkl/lib/intel64/libmkl_gf_ilp64.a /opt/intel/mkl/lib/intel64/libmkl_gnu_thread.a /opt/intel/mkl/lib/intel64/libmkl_core.a -Wl,-_end-group
 id        : ramakrishnan

 Nodes                 nprocs
 mediawiki.tifrh.res.in    8

 Using customized tuning parameters: mindgm=1; mindgv=20; mindgc=4; mindgr=1; noblas=0; minvec=7
 default implementation of scratch files=sf  

 ***,Mol_02
 memory,1,g
 geometry={
 C -0.628289 0.599487 0.247067
 C -1.499568 -0.547713 -0.097004
 H -1.596165 -0.855521 -1.129307
 H -2.080856 -1.061477 0.653815
 O 0.653814 0.562643 -0.390053
 O 1.425527 -0.492625 0.239674
 H 1.344850 -1.200414 -0.414032
 H -1.038456 1.544758 -0.134193
 H -0.496949 0.701865 1.326367
  }
 basis={
                                                                            ! oxygen               (10s,5p,4d,2f) -&gt; [10s,5p,4d,2f]
 s, O , 0.1533000000E+05, 0.2299000000E+04, 0.5224000000E+03, 0.1473000000E+03, 0.4755000000E+02, 0.1676000000E+02, 0.6207000000E+01, 0.1752000000E+01, 0.6882000000E+00, 0.2384000000E+00
 c, 1.1, 0.1000000000E+01
 c, 2.2, 0.1000000000E+01
 c, 3.3, 0.1000000000E+01
 c, 4.4, 0.1000000000E+01
 c, 5.5, 0.1000000000E+01
 c, 6.6, 0.1000000000E+01
 c, 7.7, 0.1000000000E+01
 c, 8.8, 0.1000000000E+01
 c, 9.9, 0.1000000000E+01
 c, 10.10, 0.1000000000E+01
 p, O , 0.3446000000E+02, 0.7749000000E+01, 0.2280000000E+01, 0.7156000000E+00, 0.2140000000E+00
 c, 1.1, 0.1000000000E+01
 c, 2.2, 0.1000000000E+01
 c, 3.3, 0.1000000000E+01
 c, 4.4, 0.1000000000E+01
 c, 5.5, 0.1000000000E+01
 d, O , 0.2100000000E+02, 0.7000000000E+01, 0.2314000000E+01, 0.6450000000E+00
 c, 1.1, 0.1000000000E+01
 c, 2.2, 0.1000000000E+01
 c, 3.3, 0.1000000000E+01
 c, 4.4, 0.1000000000E+01
 f, O , 0.4300000000E+01, 0.1428000000E+01
 c, 1.1, 0.1000000000E+01
 c, 2.2, 0.1000000000E+01
                                                                                 ! hydrogen             (5s,2p,1d) -&gt; [5s,2p,1d]
 s, H , 0.3387000000E+02, 0.5095000000E+01, 0.1159000000E+01, 0.3258000000E+00, 0.1027000000E+00
 c, 1.1, 0.1000000000E+01
 c, 2.2, 0.1000000000E+01
 c, 3.3, 0.1000000000E+01
 c, 4.4, 0.1000000000E+01
 c, 5.5, 0.1000000000E+01
 p, H , 0.1407000000E+01, 0.3880000000E+00
 c, 1.1, 0.1000000000E+01
 c, 2.2, 0.1000000000E+01
 d, H , 0.1057000000E+01
 c, 1.1, 0.1000000000E+01
                                                                            ! carbon               (10s,5p,4d,2f) -&gt; [10s,5p,4d,2f]
 s, C , 0.8236000000E+04, 0.1235000000E+04, 0.2808000000E+03, 0.7927000000E+02, 0.2559000000E+02, 0.8997000000E+01, 0.3319000000E+01, 0.9059000000E+00, 0.3643000000E+00, 0.1285000000E+00
 c, 1.1, 0.1000000000E+01
 c, 2.2, 0.1000000000E+01
 c, 3.3, 0.1000000000E+01
 c, 4.4, 0.1000000000E+01
 c, 5.5, 0.1000000000E+01
 c, 6.6, 0.1000000000E+01
 c, 7.7, 0.1000000000E+01
 c, 8.8, 0.1000000000E+01
 c, 9.9, 0.1000000000E+01
 c, 10.10, 0.1000000000E+01
 p, C , 0.1871000000E+02, 0.4133000000E+01, 0.1200000000E+01, 0.3827000000E+00, 0.1209000000E+00
 c, 1.1, 0.1000000000E+01
 c, 2.2, 0.1000000000E+01
 c, 3.3, 0.1000000000E+01
 c, 4.4, 0.1000000000E+01
 c, 5.5, 0.1000000000E+01
 d, C , 0.1000000000E+02, 0.3300000000E+01, 0.1097000000E+01, 0.3180000000E+00
 c, 1.1, 0.1000000000E+01
 c, 2.2, 0.1000000000E+01
 c, 3.3, 0.1000000000E+01
 c, 4.4, 0.1000000000E+01
 f, C , 0.2300000000E+01, 0.7610000000E+00
 c, 1.1, 0.1000000000E+01
 c, 2.2, 0.1000000000E+01
 }
 DKROLL=1
 DKHO=2
 {rhf
 wf,33,1,1
 }
 {uccsd(t)
 core}
 
 

 Variables initialized (889), CPU time= 0.01 sec
 Commands  initialized (702), CPU time= 0.01 sec, 572 directives.
 Default parameters read. Elapsed time= 0.05 sec

 Checking input...
 Passed
1


                                         ***  PROGRAM SYSTEM MOLPRO  ***
                                       Copyright, TTI GmbH Stuttgart, 2015
                                    Version 2015.1 linked Jun  9 2019 06:55:40


 **********************************************************************************************************************************
 LABEL *   Mol_02                                                                        
  64 bit mpp version                                                                     DATE: 20-Jun-22          TIME: 13:44:29  
 **********************************************************************************************************************************

 SHA1:             f6387f0c468d0184d0b38d85973bdb066f718752
 **********************************************************************************************************************************

Geometry recognized as XYZ


 Variable memory set to 1000000000 words,  buffer space   230000 words

 SETTING BASIS          =    USERDEF
 SETTING DKROLL         =         1.00000000                                  
 SETTING DKHO           =         2.00000000                                  


 Recomputing integrals since basis changed


 Using spherical harmonics



 PROGRAM * SEWARD (Integral evaluation for generally contracted gaussian basis sets)     Author: Roland Lindh, 1990

 Geometry written to block  1 of record 700


 Point group  C1  



 ATOMIC COORDINATES

 NR  ATOM    CHARGE       X              Y              Z

   1  C       6.00   -1.187294137    1.132866245    0.466888964
   2  C       6.00   -2.833772825   -1.035027565   -0.183310993
   3  H       1.00   -3.016314700   -1.616700384   -2.134080941
   4  H       1.00   -3.932247945   -2.005900818    1.235531286
   5  O       8.00    1.235529396    1.063241176   -0.737093344
   6  O       8.00    2.693855613   -0.930926332    0.452918219
   7  H       1.00    2.541398179   -2.268453696   -0.782407087
   8  H       1.00   -1.962397432    2.919169549   -0.253588018
   9  H       1.00   -0.939097508    1.326332626    2.506470371

 Bond lengths in Bohr (Angstrom)

 1-2  2.798823972  1-5  2.706380410  1-8  2.076234980  1-9  2.063715853  2-3  2.043812172
     ( 1.481073863)     ( 1.432154837)     ( 1.098696236)     ( 1.092071399)     ( 1.081538825)

 2-4  2.040185255  5-6  2.742179229  6-7  1.827088211
     ( 1.079619543)     ( 1.451098756)     ( 0.966853444)

 Bond angles

  1-2-3  119.65145592   1-2-4  121.58601378   1-5-6  107.56239272   2-1-5  113.78868167

  2-1-8  111.48014358   2-1-9  111.89820145   3-2-4  118.70269511   5-1-8  101.65200108

  5-1-9  109.53673643   5-6-7  101.22000488   8-1-9  107.89031547

 NUCLEAR CHARGE:                   33
 NUMBER OF PRIMITIVE AOS:         361
 NUMBER OF SYMMETRY AOS:          316
 NUMBER OF CONTRACTIONS:          316   ( 316A   )
 NUMBER OF CORE ORBITALS:           4   (   4A   )
 NUMBER OF VALENCE ORBITALS:       21   (  21A   )


 NUCLEAR REPULSION ENERGY  124.64283884

 One-electron integrals computed with SEWARD

 2nd-order Douglas-Kroll-Hess method activated. Optimal DKH parametrization is used.

 Computing Douglas-Kroll / X2C integrals

 AO integral compression algorithm  1   Integral accuracy      1.0D-11

     2717.909 MB (compressed) written to integral file ( 24.1%)

     Node minimum: 273.940 MB, node maximum: 398.459 MB


 NUMBER OF SORTED TWO-ELECTRON INTEGRALS:  156775440.     BUFFER LENGTH:  32768
 NUMBER OF SEGMENTS:   5  SEGMENT LENGTH:   31996696      RECORD LENGTH: 524288

 Memory used in sort:      32.55 MW

 SORT1 READ  1406840679. AND WROTE    84873960. INTEGRALS IN    245 RECORDS. CPU TIME:    13.10 SEC, REAL TIME:    14.04 SEC
 SORT2 READ   680565442. AND WROTE  1254328741. INTEGRALS IN  12160 RECORDS. CPU TIME:     2.01 SEC, REAL TIME:     2.61 SEC

 Node minimum:   156769180.  Node maximum:   156813006. integrals

 OPERATOR DM      FOR CENTER  0  COORDINATES:    0.000000    0.000000    0.000000


 Eigenvalues of metric

         1 0.554E-03 0.991E-03 0.123E-02 0.156E-02 0.169E-02 0.203E-02 0.249E-02 0.370E-02


 **********************************************************************************************************************************
 DATASETS  * FILE   NREC   LENGTH (MB)   RECORD NAMES
              1      22       26.51       500      610      700      900      950      970     1000      129      960     1700   
                                          VAR    BASINP    GEOM    SYMINP    ZMAT    AOBASIS   BASIS     P2S    ABASIS    OPER   
                                         1101     1401     1411     1412     1650     1100     1400     1410     1200     1210   
                                          SR      EKINR    POTR     PVPR    MOLCAS      S      EKIN      POT      H0       H01  
                                         1080     1600   
                                         AOSYM     SMH  

 PROGRAMS   *        TOTAL       INT
 CPU TIMES  *        19.17     19.05
 REAL TIME  *        21.59 SEC
 DISK USED  *        10.83 GB      
 GA USED    *         0.00 MB       (max)       0.00 MB       (current)
 **********************************************************************************************************************************


 PROGRAM * RHF-SCF (OPEN SHELL)       Authors: W. Meyer, H.-J. Werner


 NUMBER OF ELECTRONS:      17+   16-    SPACE SYMMETRY=1    SPIN SYMMETRY: Doublet 
 CONVERGENCE THRESHOLDS:    1.00E-05 (Density)    1.00E-07 (Energy)
 MAX. NUMBER OF ITERATIONS:       60
 INTERPOLATION TYPE:            DIIS
 INTERPOLATION STEPS:              2 (START)      1 (STEP)
 LEVEL SHIFTS:                 -0.60 (CLOSED) -0.30 (OPEN) 



 Orbital guess generated from atomic densities. Full valence occupancy:   17

 Molecular orbital dump at record        2100.2

 Initial alpha occupancy:  17
 Initial beta  occupancy:  16
 Wave function symmetry:    1

 ITERATION    DDIFF          GRAD             ENERGY        2-EL.EN.            DIPOLE MOMENTS         DIIS   ORB.
    1      0.000D+00      0.000D+00      -228.36434422    412.974267   -0.85598   -0.44368   -0.26891    0    start
    2      0.000D+00      0.304D-02      -228.41004659    413.425828   -0.76858   -0.45712   -0.14419    1    diag,B
    3      0.645D-03      0.990D-03      -228.41995140    413.460881   -0.75159   -0.43495   -0.14160    2    diag,B
    4      0.336D-03      0.445D-03      -228.42324444    413.507288   -0.74532   -0.43692   -0.12460    3    diag,B
    5      0.256D-03      0.168D-03      -228.42380513    413.510633   -0.74918   -0.43368   -0.12519    4    diag,B
    6      0.117D-03      0.648D-04      -228.42390625    413.506943   -0.75332   -0.43473   -0.12353    5    diag,B
    7      0.615D-04      0.227D-04      -228.42391920    413.503286   -0.75542   -0.43452   -0.12337    6    fixocc
    8      0.257D-04      0.824D-05      -228.42392103    413.502845   -0.75624   -0.43421   -0.12339    7    diag,B
    9      0.987D-05      0.330D-05      -228.42392136    413.502583   -0.75656   -0.43391   -0.12344    8    diag,B
   10      0.408D-05      0.133D-05      -228.42392141    413.502777   -0.75672   -0.43376   -0.12345    9    orth
   11      0.165D-05      0.531D-06      -228.42392142    413.502751   -0.75674   -0.43373   -0.12345    0    orth

 Final alpha occupancy:  17
 Final beta  occupancy:  16

 !RHF STATE 1.1 Energy               -228.423921419684
 Nuclear energy                       124.64283884
 One-electron energy                 -559.81813565
 Two-electron energy                  206.75137539
 Virial quotient                       -0.99719356
 !RHF STATE 1.1 Dipole moment          -0.75673646    -0.43373009    -0.12344808
 Dipole moment /Debye                  -1.92330626    -1.10235972    -0.31375318

 Orbital energies:

         1.1          2.1          3.1          4.1          5.1          6.1          7.1          8.1          9.1         10.1
    -20.633725   -20.630429   -11.293796   -11.239181    -1.467876    -1.224848    -0.998297    -0.826023    -0.721016    -0.656122

        11.1         12.1         13.1         14.1         15.1         16.1         17.1         18.1         19.1
     -0.640465    -0.615234    -0.557470    -0.522219    -0.482008    -0.459620    -0.378716     0.141805     0.166709

 HOMO     17.1    -0.378716 =     -10.3054eV
 LUMO     18.1     0.141805 =       3.8587eV
 LUMO-HOMO         0.520520 =      14.1641eV


 **********************************************************************************************************************************
 DATASETS  * FILE   NREC   LENGTH (MB)   RECORD NAMES
              1      22       26.51       500      610      700      900      950      970     1000      129      960     1700   
                                          VAR    BASINP    GEOM    SYMINP    ZMAT    AOBASIS   BASIS     P2S    ABASIS    OPER   
                                         1101     1401     1411     1412     1650     1100     1400     1410     1200     1210   
                                          SR      EKINR    POTR     PVPR    MOLCAS      S      EKIN      POT      H0       H01  
                                         1080     1600   
                                         AOSYM     SMH  

              2       4        5.73       700     1000      520     2100   
                                         GEOM     BASIS   MCVARS     RHF  

 PROGRAMS   *        TOTAL       RHF       INT
 CPU TIMES  *        37.00     17.83     19.05
 REAL TIME  *        40.09 SEC
 DISK USED  *        11.20 GB      
 SF USED    *         0.40 MB      
 GA USED    *         0.00 MB       (max)       0.00 MB       (current)
 **********************************************************************************************************************************


 PROGRAM * CCSD (Unrestricted open-shell coupled cluster)     Authors: C. Hampel, H.-J. Werner, 1991, M. Deegan, P.J. Knowles, 1992


 Convergence thresholds:  THRVAR = 1.00D-08  THRDEN = 1.00D-06

 CCSD(T)     terms to be evaluated (factor= 1.000)


 Number of closed-shell orbitals:  16 (  16 )
 Number of active  orbitals:        1 (   1 )
 Number of external orbitals:     299 ( 299 )

 Memory could be reduced to 756.58 Mwords without degradation in triples

 Number of N-1 electron functions:              33
 Number of N-2 electron functions:             528
 Number of singly external CSFs:              9900
 Number of doubly external CSFs:          35961600
 Total number of CSFs:                    35971500

 Molecular orbitals read from record     2100.2  Type=RHF/CANONICAL (state 1.1)

 Integral transformation finished. Total CPU:  50.12 sec, npass=  1  Memory used: 312.05 MW

 Starting RMP2 calculation

 ITER.      SQ.NORM     CORR.ENERGY   TOTAL ENERGY   ENERGY CHANGE        DEN1      VAR(S)    VAR(P)  DIIS     TIME
   1      1.22145649    -1.03558403  -229.45950545    -1.03558403    -0.00250350  0.11D-04  0.89D-03  1  1    54.96
   2      1.22355132    -1.03825948  -229.46218090    -0.00267545    -0.00000293  0.12D-06  0.12D-05  2  2    59.48
   3      1.22360385    -1.03829891  -229.46222033    -0.00003943    -0.00000001  0.41D-08  0.40D-08  3  3    64.25
   4      1.22360439    -1.03829882  -229.46222024     0.00000009    -0.00000000  0.11D-09  0.13D-10  4  4    69.24

 Norm of t1 vector:      0.04165112      S-energy:    -0.00283510      T1 diagnostic:  0.00022377
 Norm of t2 vector:      0.47103033      P-energy:    -1.03546372
                                         Alpha-Beta:  -0.81355465
                                         Alpha-Alpha: -0.11886365
                                         Beta-Beta:   -0.10304542

 Spin contamination <S**2-Sz**2-Sz>     0.00106607
  Reference energy                   -228.423921419685
  RHF-RMP2 correlation energy          -1.038298822801
 !RHF-RMP2 energy                    -229.462220242486

 Starting UCCSD calculation

 ITER.      SQ.NORM     CORR.ENERGY   TOTAL ENERGY   ENERGY CHANGE        DEN1      VAR(S)    VAR(P)  DIIS     TIME
   1      1.22618641    -1.04020856  -229.46412998    -1.04020856    -0.02411980  0.33D-02  0.41D-02  1  1   157.43
   2      1.24436846    -1.06223826  -229.48615968    -0.02202969    -0.00213563  0.15D-03  0.64D-03  2  2   244.73
   3      1.25174426    -1.06661232  -229.49053374    -0.00437407    -0.00023789  0.74D-04  0.58D-04  3  3   332.24
   4      1.25528539    -1.06831821  -229.49223963    -0.00170588    -0.00003141  0.93D-05  0.84D-05  4  4   419.89
   5      1.25626527    -1.06852282  -229.49244424    -0.00020462    -0.00000753  0.52D-05  0.11D-05  5  5   508.11
   6      1.25666279    -1.06856812  -229.49248954    -0.00004530    -0.00000171  0.98D-06  0.32D-06  6  6   596.67
   7      1.25685990    -1.06858951  -229.49251093    -0.00002139    -0.00000043  0.34D-06  0.56D-07  6  1   687.20
   8      1.25689746    -1.06858740  -229.49250882     0.00000211    -0.00000014  0.99D-07  0.22D-07  6  3   775.60
   9      1.25694822    -1.06859797  -229.49251939    -0.00001057    -0.00000004  0.32D-07  0.50D-08  6  2   864.07
  10      1.25695883    -1.06859949  -229.49252091    -0.00000152    -0.00000001  0.69D-08  0.16D-08  6  4   951.99
  11      1.25696099    -1.06859808  -229.49251950     0.00000141    -0.00000000  0.15D-08  0.40D-09  6  5  1040.13
  12      1.25696113    -1.06859699  -229.49251841     0.00000109    -0.00000000  0.27D-09  0.81D-10  6  6  1128.41
  13      1.25695932    -1.06859639  -229.49251781     0.00000060    -0.00000000  0.58D-10  0.24D-10  6  3  1216.69

 Norm of t1 vector:      0.10116708      S-energy:    -0.00328567      T1 diagnostic:  0.01070749
                                                                       D1 diagnostic:  0.02728892
 Norm of t2 vector:      0.49671374      P-energy:    -1.06531072
                                         Alpha-Beta:  -0.86314826
                                         Alpha-Alpha: -0.10909244
                                         Beta-Beta:   -0.09307002

 Spin contamination <S**2-Sz**2-Sz>     0.00086353

 Memory could be reduced to 810.83 Mwords without degradation in triples


  Correlated core orbitals:             1.1       2.1       3.1       4.1
  Orbital energies:                   -20.6341  -20.6305  -11.2939  -11.2483

  UCCSD core-core energy               -0.147349970497
  UCCSD core-valence energy            -0.063985073333
  UCCSD valence correlation energy     -0.857261345848


 RESULTS
 =======

  Reference energy                   -228.423921419685
  UCCSD singles energy                 -0.003285669092
  UCCSD pair energy                    -1.065310720586
  UCCSD correlation energy             -1.068596389678
  Triples (T) contribution             -0.036450971236
  Total correlation energy             -1.105047360914

  RHF-UCCSD energy                   -229.492517809363
  RHF-UCCSD[T] energy                -229.530219008687
  RHF-UCCSD-T energy                 -229.528391723372
 !RHF-UCCSD(T) energy                -229.528968780599

 Program statistics:

 Available memory in ccsd:               999997418
 Min. memory needed in ccsd:              99970605
 Max. memory used in ccsd:               145797881
 Max. memory used in cckext:             108976666 (13 integral passes)
 Max. memory used in cckint:             312053350 ( 1 integral passes)



 **********************************************************************************************************************************
 DATASETS  * FILE   NREC   LENGTH (MB)   RECORD NAMES
              1      22       26.51       500      610      700      900      950      970     1000      129      960     1700   
                                          VAR    BASINP    GEOM    SYMINP    ZMAT    AOBASIS   BASIS     P2S    ABASIS    OPER   
                                         1101     1401     1411     1412     1650     1100     1400     1410     1200     1210   
                                          SR      EKINR    POTR     PVPR    MOLCAS      S      EKIN      POT      H0       H01  
                                         1080     1600   
                                         AOSYM     SMH  

              2       4        5.73       700     1000      520     2100   
                                         GEOM     BASIS   MCVARS     RHF  

 PROGRAMS   *        TOTAL  UCCSD(T)       RHF       INT
 CPU TIMES  *      2992.94   2955.94     17.83     19.05
 REAL TIME  *      3106.59 SEC
 DISK USED  *        47.59 GB      
 SF USED    *        14.78 GB      
 GA USED    *         0.00 MB       (max)       0.00 MB       (current)
 **********************************************************************************************************************************

 UCCSD(T)/USERDEF energy=   -229.528968780599

        UCCSD(T)        RHF-SCF 
   -229.52896878   -228.42392142
 **********************************************************************************************************************************
 Molpro calculation terminated
 Variable memory released
