
 Primary working directories    : /home/saurabh/molpro_temp2
 Secondary working directories  : /home/saurabh/molpro_temp2
 Wavefunction directory         : /home/saurabh/molpro_wfn2/
 Main file repository           : /home/saurabh/molpro_temp2/

 SHA1      : f6387f0c468d0184d0b38d85973bdb066f718752
 NAME      : 2015.1.44
 ARCHNAME  : linux/x86_64
 FC        : /opt/may/bin/gfortran
 BLASLIB   : -Wl,-_start-group /opt/intel/mkl/lib/intel64/libmkl_gf_ilp64.a /opt/intel/mkl/lib/intel64/libmkl_gnu_thread.a /opt/intel/mkl/lib/intel64/libmkl_core.a -Wl,-_end-group
 id        : ramakrishnan

 Nodes                 nprocs
 mediawiki.tifrh.res.in    8

 Using customized tuning parameters: mindgm=1; mindgv=20; mindgc=4; mindgr=1; noblas=0; minvec=7
 default implementation of scratch files=sf  

 ***,Mol_04
 memory,1,g
 geometry={
 C  0.731430   -0.371702  0.000000
 C  -0.731430  -0.371702  -0.000000
 O  -0.000000  0.853606   -0.000000
 H  1.266004   -0.592106  -0.918210
 H  1.266004   -0.592106  0.918209
 H  -1.266003  -0.592106  0.918210
 H  -1.266004  -0.592106  -0.918209
  }
 basis={
                                                                            ! oxygen               (10s,5p,4d,2f) -&gt; [10s,5p,4d,2f]
 s, O , 0.1533000000E+05, 0.2299000000E+04, 0.5224000000E+03, 0.1473000000E+03, 0.4755000000E+02, 0.1676000000E+02, 0.6207000000E+01, 0.1752000000E+01, 0.6882000000E+00, 0.2384000000E+00
 c, 1.1, 0.1000000000E+01
 c, 2.2, 0.1000000000E+01
 c, 3.3, 0.1000000000E+01
 c, 4.4, 0.1000000000E+01
 c, 5.5, 0.1000000000E+01
 c, 6.6, 0.1000000000E+01
 c, 7.7, 0.1000000000E+01
 c, 8.8, 0.1000000000E+01
 c, 9.9, 0.1000000000E+01
 c, 10.10, 0.1000000000E+01
 p, O , 0.3446000000E+02, 0.7749000000E+01, 0.2280000000E+01, 0.7156000000E+00, 0.2140000000E+00
 c, 1.1, 0.1000000000E+01
 c, 2.2, 0.1000000000E+01
 c, 3.3, 0.1000000000E+01
 c, 4.4, 0.1000000000E+01
 c, 5.5, 0.1000000000E+01
 d, O , 0.2100000000E+02, 0.7000000000E+01, 0.2314000000E+01, 0.6450000000E+00
 c, 1.1, 0.1000000000E+01
 c, 2.2, 0.1000000000E+01
 c, 3.3, 0.1000000000E+01
 c, 4.4, 0.1000000000E+01
 f, O , 0.4300000000E+01, 0.1428000000E+01
 c, 1.1, 0.1000000000E+01
 c, 2.2, 0.1000000000E+01
                                                                                 ! hydrogen             (5s,2p,1d) -&gt; [5s,2p,1d]
 s, H , 0.3387000000E+02, 0.5095000000E+01, 0.1159000000E+01, 0.3258000000E+00, 0.1027000000E+00
 c, 1.1, 0.1000000000E+01
 c, 2.2, 0.1000000000E+01
 c, 3.3, 0.1000000000E+01
 c, 4.4, 0.1000000000E+01
 c, 5.5, 0.1000000000E+01
 p, H , 0.1407000000E+01, 0.3880000000E+00
 c, 1.1, 0.1000000000E+01
 c, 2.2, 0.1000000000E+01
 d, H , 0.1057000000E+01
 c, 1.1, 0.1000000000E+01
                                                                            ! carbon               (10s,5p,4d,2f) -&gt; [10s,5p,4d,2f]
 s, C , 0.8236000000E+04, 0.1235000000E+04, 0.2808000000E+03, 0.7927000000E+02, 0.2559000000E+02, 0.8997000000E+01, 0.3319000000E+01, 0.9059000000E+00, 0.3643000000E+00, 0.1285000000E+00
 c, 1.1, 0.1000000000E+01
 c, 2.2, 0.1000000000E+01
 c, 3.3, 0.1000000000E+01
 c, 4.4, 0.1000000000E+01
 c, 5.5, 0.1000000000E+01
 c, 6.6, 0.1000000000E+01
 c, 7.7, 0.1000000000E+01
 c, 8.8, 0.1000000000E+01
 c, 9.9, 0.1000000000E+01
 c, 10.10, 0.1000000000E+01
 p, C , 0.1871000000E+02, 0.4133000000E+01, 0.1200000000E+01, 0.3827000000E+00, 0.1209000000E+00
 c, 1.1, 0.1000000000E+01
 c, 2.2, 0.1000000000E+01
 c, 3.3, 0.1000000000E+01
 c, 4.4, 0.1000000000E+01
 c, 5.5, 0.1000000000E+01
 d, C , 0.1000000000E+02, 0.3300000000E+01, 0.1097000000E+01, 0.3180000000E+00
 c, 1.1, 0.1000000000E+01
 c, 2.2, 0.1000000000E+01
 c, 3.3, 0.1000000000E+01
 c, 4.4, 0.1000000000E+01
 f, C , 0.2300000000E+01, 0.7610000000E+00
 c, 1.1, 0.1000000000E+01
 c, 2.2, 0.1000000000E+01
 }
 DKROLL=1
 DKHO=2
 hf;
 {ccsd(t)
 core}
 
 

 Variables initialized (889), CPU time= 0.02 sec
 Commands  initialized (702), CPU time= 0.01 sec, 572 directives.
 Default parameters read. Elapsed time= 0.06 sec

 Checking input...
 Passed
1


                                         ***  PROGRAM SYSTEM MOLPRO  ***
                                       Copyright, TTI GmbH Stuttgart, 2015
                                    Version 2015.1 linked Jun  9 2019 06:55:40


 **********************************************************************************************************************************
 LABEL *   Mol_04                                                                        
  64 bit mpp version                                                                     DATE: 20-Jun-22          TIME: 17:02:46  
 **********************************************************************************************************************************

 SHA1:             f6387f0c468d0184d0b38d85973bdb066f718752
 **********************************************************************************************************************************

Geometry recognized as XYZ


 Variable memory set to 1000000000 words,  buffer space   230000 words

 SETTING BASIS          =    USERDEF
 SETTING DKROLL         =         1.00000000                                  
 SETTING DKHO           =         2.00000000                                  


 Recomputing integrals since basis changed


 Using spherical harmonics



 PROGRAM * SEWARD (Integral evaluation for generally contracted gaussian basis sets)     Author: Roland Lindh, 1990

 Geometry written to block  1 of record 700


 Point group  C1  



 ATOMIC COORDINATES

 NR  ATOM    CHARGE       X              Y              Z

   1  C       6.00    1.382202379   -0.702414980    0.000000000
   2  C       6.00   -1.382202379   -0.702414980   -0.000000000
   3  O       8.00   -0.000000000    1.613081558   -0.000000000
   4  H       1.00    2.392400833   -1.118918177   -1.735165425
   5  H       1.00    2.392400833   -1.118918177    1.735163535
   6  H       1.00   -2.392398943   -1.118918177    1.735165425
   7  H       1.00   -2.392400833   -1.118918177   -1.735163535

 Bond lengths in Bohr (Angstrom)

 1-2  2.764404759  1-3  2.696666022  1-4  2.050554774  1-5  2.050553175  2-3  2.696666022
     ( 1.462860000)     ( 1.427014204)     ( 1.085106856)     ( 1.085106010)     ( 1.427014204)

 2-6  2.050553843  2-7  2.050553175
     ( 1.085106363)     ( 1.085106010)

 Bond angles

  1-2-3   59.16551773   1-2-6  119.51462557   1-2-7  119.51469681   1-3-2   61.66896454

  2-1-3   59.16551773   2-1-4  119.51467152   2-1-5  119.51469681   3-1-4  115.27210917

  3-1-5  115.27213026   3-2-6  115.27209152   3-2-7  115.27213026   4-1-5  115.59997067

  6-2-7  115.60001198

 NUCLEAR CHARGE:                   24
 NUMBER OF PRIMITIVE AOS:         275
 NUMBER OF SYMMETRY AOS:          241
 NUMBER OF CONTRACTIONS:          241   ( 241A   )
 NUMBER OF CORE ORBITALS:           3   (   3A   )
 NUMBER OF VALENCE ORBITALS:       16   (  16A   )


 NUCLEAR REPULSION ENERGY   75.35823258

 One-electron integrals computed with SEWARD

 2nd-order Douglas-Kroll-Hess method activated. Optimal DKH parametrization is used.

 Computing Douglas-Kroll / X2C integrals

 AO integral compression algorithm  1   Integral accuracy      1.0D-11

     1134.559 MB (compressed) written to integral file ( 29.1%)

     Node minimum: 105.644 MB, node maximum: 168.296 MB


 NUMBER OF SORTED TWO-ELECTRON INTEGRALS:   53158680.     BUFFER LENGTH:  32768
 NUMBER OF SEGMENTS:   4  SEGMENT LENGTH:   15992000      RECORD LENGTH: 524288

 Memory used in sort:      16.55 MW

 SORT1 READ   487794428. AND WROTE    33783488. INTEGRALS IN     99 RECORDS. CPU TIME:     5.25 SEC, REAL TIME:     5.61 SEC
 SORT2 READ   270617670. AND WROTE   425196541. INTEGRALS IN   5136 RECORDS. CPU TIME:     0.86 SEC, REAL TIME:     1.12 SEC

 Node minimum:    53136810.  Node maximum:    53162326. integrals

 OPERATOR DM      FOR CENTER  0  COORDINATES:    0.000000    0.000000    0.000000


 Eigenvalues of metric

         1 0.440E-03 0.101E-02 0.126E-02 0.130E-02 0.172E-02 0.174E-02 0.378E-02 0.504E-02


 **********************************************************************************************************************************
 DATASETS  * FILE   NREC   LENGTH (MB)   RECORD NAMES
              1      22       23.77       500      610      700      900      950      970     1000      129      960     1700   
                                          VAR    BASINP    GEOM    SYMINP    ZMAT    AOBASIS   BASIS     P2S    ABASIS    OPER   
                                         1101     1401     1411     1412     1650     1100     1400     1410     1200     1210   
                                          SR      EKINR    POTR     PVPR    MOLCAS      S      EKIN      POT      H0       H01  
                                         1080     1600   
                                         AOSYM     SMH  

 PROGRAMS   *        TOTAL       INT
 CPU TIMES  *         8.08      7.92
 REAL TIME  *         9.34 SEC
 DISK USED  *         4.39 GB      
 GA USED    *         0.00 MB       (max)       0.00 MB       (current)
 **********************************************************************************************************************************


 PROGRAM * RHF-SCF (CLOSED SHELL)       Authors: W. Meyer, H.-J. Werner


 NUMBER OF ELECTRONS:      12+   12-    SPACE SYMMETRY=1    SPIN SYMMETRY: Singlet 
 CONVERGENCE THRESHOLDS:    1.00E-05 (Density)    1.00E-07 (Energy)
 MAX. NUMBER OF ITERATIONS:       60
 INTERPOLATION TYPE:            DIIS
 INTERPOLATION STEPS:              2 (START)      1 (STEP)
 LEVEL SHIFTS:                  0.00 (CLOSED)  0.00 (OPEN) 



 Orbital guess generated from atomic densities. Full valence occupancy:   12

 Molecular orbital dump at record        2100.2

 Initial occupancy:  12

 ITERATION    DDIFF          GRAD             ENERGY        2-EL.EN.            DIPOLE MOMENTS         DIIS   ORB.
    1      0.000D+00      0.000D+00      -152.97466535    257.935589    0.00000   -1.18981   -0.00000    0    start
    2      0.000D+00      0.352D-02      -153.00067595    257.464318   -0.00000   -0.68005    0.00000    1    diag
    3      0.117D-02      0.189D-02      -153.00740461    258.012303   -0.00000   -0.90542    0.00000    2    diag
    4      0.431D-03      0.524D-03      -153.00809297    257.804785   -0.00000   -0.86334    0.00000    3    diag
    5      0.164D-03      0.853D-04      -153.00812477    257.878254   -0.00000   -0.86798    0.00000    4    diag
    6      0.432D-04      0.258D-04      -153.00812704    257.855112   -0.00000   -0.86775    0.00000    5    diag
    7      0.123D-04      0.577D-05      -153.00812728    257.857417   -0.00000   -0.86791    0.00000    6    diag
    8      0.458D-05      0.167D-05      -153.00812730    257.857179   -0.00000   -0.86800    0.00000    7    diag
    9      0.127D-05      0.413D-06      -153.00812731    257.857110   -0.00000   -0.86798    0.00000    0    orth

 Final occupancy:  12

 !RHF STATE 1.1 Energy               -153.008127306138
 Nuclear energy                        75.35823258
 One-electron energy                 -357.29491494
 Two-electron energy                  128.92855505
 Virial quotient                       -0.99758627
 !RHF STATE 1.1 Dipole moment          -0.00000007    -0.86798129     0.00000009
 Dipole moment /Debye                  -0.00000017    -2.20604389     0.00000023

 Orbital energies:

         1.1          2.1          3.1          4.1          5.1          6.1          7.1          8.1          9.1         10.1
    -20.581921   -11.288193   -11.287387    -1.411318    -0.933638    -0.861778    -0.704203    -0.660414    -0.547140    -0.542152

        11.1         12.1         13.1         14.1
     -0.450523    -0.450236     0.149094     0.175276

 HOMO     12.1    -0.450236 =     -12.2515eV
 LUMO     13.1     0.149094 =       4.0570eV
 LUMO-HOMO         0.599330 =      16.3086eV


 **********************************************************************************************************************************
 DATASETS  * FILE   NREC   LENGTH (MB)   RECORD NAMES
              1      22       23.77       500      610      700      900      950      970     1000      129      960     1700   
                                          VAR    BASINP    GEOM    SYMINP    ZMAT    AOBASIS   BASIS     P2S    ABASIS    OPER   
                                         1101     1401     1411     1412     1650     1100     1400     1410     1200     1210   
                                          SR      EKINR    POTR     PVPR    MOLCAS      S      EKIN      POT      H0       H01  
                                         1080     1600   
                                         AOSYM     SMH  

              2       4        4.04       700     1000      520     2100   
                                         GEOM     BASIS   MCVARS     RHF  

 PROGRAMS   *        TOTAL        HF       INT
 CPU TIMES  *        13.26      5.19      7.92
 REAL TIME  *        14.77 SEC
 DISK USED  *         4.65 GB      
 SF USED    *         0.23 MB      
 GA USED    *         0.00 MB       (max)       0.00 MB       (current)
 **********************************************************************************************************************************


 PROGRAM * CCSD (Closed-shell coupled cluster)     Authors: C. Hampel, H.-J. Werner, 1991, M. Deegan, P.J. Knowles, 1992


 Convergence thresholds:  THRVAR = 1.00D-08  THRDEN = 1.00D-06

 CCSD(T)     terms to be evaluated (factor= 1.000)


 Number of closed-shell orbitals:  12 (  12 )
 Number of external orbitals:     229 ( 229 )

 Molecular orbitals read from record     2100.2  Type=RHF/CANONICAL (state 1.1)

 Number of N-1 electron functions:              12
 Number of N-2 electron functions:              78
 Number of singly external CSFs:              2748
 Number of doubly external CSFs:           3777126
 Total number of CSFs:                     3779875

 Length of J-op  integral file:               0.00 MB
 Length of K-op  integral file:               3.99 MB
 Length of 3-ext integral record:             0.00 MB

 Memory could be reduced to 184.27 Mwords without degradation in triples

 Integral transformation finished. Total CPU:  14.21 sec, npass=  1  Memory used: 100.15 MW

 Reference energy:                   -153.00812731

 MP2 singlet pair energy:              -0.50742346
 MP2 triplet pair energy:              -0.23602198
 MP2 correlation energy:               -0.74344544
 MP2 total energy:                   -153.75157274

 SCS-MP2 correlation energy:           -0.75576627   (PS=  1.200000  PT=  0.333333)
 SCS-MP2 total energy:               -153.76389358

 ITER.      SQ.NORM     CORR.ENERGY   TOTAL ENERGY   ENERGY CHANGE        DEN1      VAR(S)    VAR(P)  DIIS     TIME  TIME/IT
   1      1.16860261    -0.76285582  -153.77098312    -0.01941038    -0.00132742  0.29D-02  0.31D-02  1  1    18.40     4.28
   2      1.18007955    -0.76361178  -153.77173909    -0.00075596    -0.01526452  0.34D-04  0.40D-03  2  2    22.84     4.49
   3      1.18395616    -0.76368273  -153.77181003    -0.00007095    -0.00240976  0.30D-04  0.28D-04  3  3    27.32     4.57
   4      1.18565317    -0.76359502  -153.77172233     0.00008771    -0.00104150  0.92D-06  0.26D-05  4  4    31.82     4.62
   5      1.18595597    -0.76360599  -153.77173330    -0.00001098    -0.00009935  0.48D-06  0.21D-06  5  5    36.30     4.66
   6      1.18604376    -0.76360299  -153.77173030     0.00000300    -0.00001186  0.39D-07  0.17D-07  6  6    40.80     4.68
   7      1.18605592    -0.76360201  -153.77172932     0.00000098    -0.00000060  0.71D-08  0.18D-08  6  1    45.30     4.70
   8      1.18606016    -0.76360148  -153.77172879     0.00000053    -0.00000049  0.84D-09  0.27D-09  6  3    49.81     4.71

 Norm of t1 vector:      0.06614574      S-energy:    -0.00000060      T1 diagnostic:  0.00954731
                                                                       D1 diagnostic:  0.02502098


 Total CPU time for triples:     85.78 sec


 RESULTS
 =======

  Reference energy                   -153.008127306139

  Correlated core orbitals:             1.1       2.1       3.1
  Orbital energies:                   -20.5819  -11.2882  -11.2874

  CCSD core-core energy                -0.110818117112
  CCSD core-valence energy             -0.045234080244
  CCSD valence correlation energy      -0.607549283993

  CCSD singlet pair energy             -0.549434037625
  CCSD triplet pair energy             -0.214166845004
  CCSD correlation energy              -0.763601481349

  Triples (T) contribution             -0.026915043826
  Total correlation energy             -0.790516525175

  CCSD total energy                  -153.771728787488
  CCSD[T] energy                     -153.799648455924
  CCSD-T energy                      -153.798170421153
 !CCSD(T) total energy               -153.798643831314

 Timing summary (sec):

 STEP                 CPU(USER)    SYS     CPU(TOT)    WALL
 Transformation         14.26      1.25     15.51     15.51
 CCSD iterations        35.58      2.20     37.78     37.77
 Triples                85.78      1.69     87.47     87.48

 Program statistics:

 Available memory in ccsd:               999999324
 Min. memory needed in ccsd:               9790931
 Max. memory used in ccsd:                13187105
 Max. memory used in cckext:               9581177 ( 8 integral passes)



 **********************************************************************************************************************************
 DATASETS  * FILE   NREC   LENGTH (MB)   RECORD NAMES
              1      23      658.09       500      610      700      900      950      970     1000      129      960     1700   
                                          VAR    BASINP    GEOM    SYMINP    ZMAT    AOBASIS   BASIS     P2S    ABASIS    OPER   
                                         1101     1401     1411     1412     1650     1100     1400     1410     1200     1210   
                                          SR      EKINR    POTR     PVPR    MOLCAS      S      EKIN      POT      H0       H01  
                                         1080     1600     1380   
                                         AOSYM     SMH     JKOP   

              2       4        4.04       700     1000      520     2100   
                                         GEOM     BASIS   MCVARS     RHF  

 PROGRAMS   *        TOTAL   CCSD(T)        HF       INT
 CPU TIMES  *       148.94    135.65      5.19      7.92
 REAL TIME  *       155.75 SEC
 DISK USED  *         5.67 GB      
 SF USED    *       944.56 MB      
 GA USED    *         0.00 MB       (max)       0.00 MB       (current)
 **********************************************************************************************************************************

 CCSD(T)/USERDEF energy=   -153.798643831314

        CCSD(T)         HF-SCF  
   -153.79864383   -153.00812731
 **********************************************************************************************************************************
 Molpro calculation terminated
 Variable memory released
