
 Primary working directories    : /home/saurabh/molpro_temp2
 Secondary working directories  : /home/saurabh/molpro_temp2
 Wavefunction directory         : /home/saurabh/molpro_wfn2/
 Main file repository           : /home/saurabh/molpro_temp2/

 SHA1      : f6387f0c468d0184d0b38d85973bdb066f718752
 NAME      : 2015.1.44
 ARCHNAME  : linux/x86_64
 FC        : /opt/may/bin/gfortran
 BLASLIB   : -Wl,-_start-group /opt/intel/mkl/lib/intel64/libmkl_gf_ilp64.a /opt/intel/mkl/lib/intel64/libmkl_gnu_thread.a /opt/intel/mkl/lib/intel64/libmkl_core.a -Wl,-_end-group
 id        : ramakrishnan

 Nodes                 nprocs
 mediawiki.tifrh.res.in    8

 Using customized tuning parameters: mindgm=1; mindgv=20; mindgc=4; mindgr=1; noblas=0; minvec=7
 default implementation of scratch files=sf  

 ***,Mol_04
 memory,1,g
 geometry={
 C  0.731430   -0.371702  0.000000
 C  -0.731430  -0.371702  -0.000000
 O  -0.000000  0.853606   -0.000000
 H  1.266004   -0.592106  -0.918210
 H  1.266004   -0.592106  0.918209
 H  -1.266003  -0.592106  0.918210
 H  -1.266004  -0.592106  -0.918209
  }
 basis={
                                                                            ! oxygen               (10s,5p,4d,2f) -&gt; [10s,5p,4d,2f]
 s, O , 0.1533000000E+05, 0.2299000000E+04, 0.5224000000E+03, 0.1473000000E+03, 0.4755000000E+02, 0.1676000000E+02, 0.6207000000E+01, 0.1752000000E+01, 0.6882000000E+00, 0.2384000000E+00
 c, 1.1, 0.1000000000E+01
 c, 2.2, 0.1000000000E+01
 c, 3.3, 0.1000000000E+01
 c, 4.4, 0.1000000000E+01
 c, 5.5, 0.1000000000E+01
 c, 6.6, 0.1000000000E+01
 c, 7.7, 0.1000000000E+01
 c, 8.8, 0.1000000000E+01
 c, 9.9, 0.1000000000E+01
 c, 10.10, 0.1000000000E+01
 p, O , 0.3446000000E+02, 0.7749000000E+01, 0.2280000000E+01, 0.7156000000E+00, 0.2140000000E+00
 c, 1.1, 0.1000000000E+01
 c, 2.2, 0.1000000000E+01
 c, 3.3, 0.1000000000E+01
 c, 4.4, 0.1000000000E+01
 c, 5.5, 0.1000000000E+01
 d, O , 0.2100000000E+02, 0.7000000000E+01, 0.2314000000E+01, 0.6450000000E+00
 c, 1.1, 0.1000000000E+01
 c, 2.2, 0.1000000000E+01
 c, 3.3, 0.1000000000E+01
 c, 4.4, 0.1000000000E+01
 f, O , 0.4300000000E+01, 0.1428000000E+01
 c, 1.1, 0.1000000000E+01
 c, 2.2, 0.1000000000E+01
                                                                                 ! hydrogen             (5s,2p,1d) -&gt; [5s,2p,1d]
 s, H , 0.3387000000E+02, 0.5095000000E+01, 0.1159000000E+01, 0.3258000000E+00, 0.1027000000E+00
 c, 1.1, 0.1000000000E+01
 c, 2.2, 0.1000000000E+01
 c, 3.3, 0.1000000000E+01
 c, 4.4, 0.1000000000E+01
 c, 5.5, 0.1000000000E+01
 p, H , 0.1407000000E+01, 0.3880000000E+00
 c, 1.1, 0.1000000000E+01
 c, 2.2, 0.1000000000E+01
 d, H , 0.1057000000E+01
 c, 1.1, 0.1000000000E+01
                                                                            ! carbon               (10s,5p,4d,2f) -&gt; [10s,5p,4d,2f]
 s, C , 0.8236000000E+04, 0.1235000000E+04, 0.2808000000E+03, 0.7927000000E+02, 0.2559000000E+02, 0.8997000000E+01, 0.3319000000E+01, 0.9059000000E+00, 0.3643000000E+00, 0.1285000000E+00
 c, 1.1, 0.1000000000E+01
 c, 2.2, 0.1000000000E+01
 c, 3.3, 0.1000000000E+01
 c, 4.4, 0.1000000000E+01
 c, 5.5, 0.1000000000E+01
 c, 6.6, 0.1000000000E+01
 c, 7.7, 0.1000000000E+01
 c, 8.8, 0.1000000000E+01
 c, 9.9, 0.1000000000E+01
 c, 10.10, 0.1000000000E+01
 p, C , 0.1871000000E+02, 0.4133000000E+01, 0.1200000000E+01, 0.3827000000E+00, 0.1209000000E+00
 c, 1.1, 0.1000000000E+01
 c, 2.2, 0.1000000000E+01
 c, 3.3, 0.1000000000E+01
 c, 4.4, 0.1000000000E+01
 c, 5.5, 0.1000000000E+01
 d, C , 0.1000000000E+02, 0.3300000000E+01, 0.1097000000E+01, 0.3180000000E+00
 c, 1.1, 0.1000000000E+01
 c, 2.2, 0.1000000000E+01
 c, 3.3, 0.1000000000E+01
 c, 4.4, 0.1000000000E+01
 f, C , 0.2300000000E+01, 0.7610000000E+00
 c, 1.1, 0.1000000000E+01
 c, 2.2, 0.1000000000E+01
 }
 hf;
 ccsd(t);
 

 Variables initialized (889), CPU time= 0.01 sec
 Commands  initialized (702), CPU time= 0.01 sec, 572 directives.
 Default parameters read. Elapsed time= 0.05 sec

 Checking input...
 Passed
1


                                         ***  PROGRAM SYSTEM MOLPRO  ***
                                       Copyright, TTI GmbH Stuttgart, 2015
                                    Version 2015.1 linked Jun  9 2019 06:55:40


 **********************************************************************************************************************************
 LABEL *   Mol_04                                                                        
  64 bit mpp version                                                                     DATE: 20-Jun-22          TIME: 16:01:28  
 **********************************************************************************************************************************

 SHA1:             f6387f0c468d0184d0b38d85973bdb066f718752
 **********************************************************************************************************************************

Geometry recognized as XYZ


 Variable memory set to 1000000000 words,  buffer space   230000 words

 SETTING BASIS          =    USERDEF


 Recomputing integrals since basis changed


 Using spherical harmonics



 PROGRAM * SEWARD (Integral evaluation for generally contracted gaussian basis sets)     Author: Roland Lindh, 1990

 Geometry written to block  1 of record 700


 Point group  C1  



 ATOMIC COORDINATES

 NR  ATOM    CHARGE       X              Y              Z

   1  C       6.00    1.382202379   -0.702414980    0.000000000
   2  C       6.00   -1.382202379   -0.702414980   -0.000000000
   3  O       8.00   -0.000000000    1.613081558   -0.000000000
   4  H       1.00    2.392400833   -1.118918177   -1.735165425
   5  H       1.00    2.392400833   -1.118918177    1.735163535
   6  H       1.00   -2.392398943   -1.118918177    1.735165425
   7  H       1.00   -2.392400833   -1.118918177   -1.735163535

 Bond lengths in Bohr (Angstrom)

 1-2  2.764404759  1-3  2.696666022  1-4  2.050554774  1-5  2.050553175  2-3  2.696666022
     ( 1.462860000)     ( 1.427014204)     ( 1.085106856)     ( 1.085106010)     ( 1.427014204)

 2-6  2.050553843  2-7  2.050553175
     ( 1.085106363)     ( 1.085106010)

 Bond angles

  1-2-3   59.16551773   1-2-6  119.51462557   1-2-7  119.51469681   1-3-2   61.66896454

  2-1-3   59.16551773   2-1-4  119.51467152   2-1-5  119.51469681   3-1-4  115.27210917

  3-1-5  115.27213026   3-2-6  115.27209152   3-2-7  115.27213026   4-1-5  115.59997067

  6-2-7  115.60001198

 NUCLEAR CHARGE:                   24
 NUMBER OF PRIMITIVE AOS:         275
 NUMBER OF SYMMETRY AOS:          241
 NUMBER OF CONTRACTIONS:          241   ( 241A   )
 NUMBER OF CORE ORBITALS:           3   (   3A   )
 NUMBER OF VALENCE ORBITALS:       16   (  16A   )


 NUCLEAR REPULSION ENERGY   75.35823258


 Eigenvalues of metric

         1 0.440E-03 0.101E-02 0.126E-02 0.130E-02 0.172E-02 0.174E-02 0.378E-02 0.504E-02


 Contracted 2-electron integrals neglected if value below      1.0D-11
 AO integral compression algorithm  1   Integral accuracy      1.0D-11

     1134.559 MB (compressed) written to integral file ( 29.1%)

     Node minimum: 109.838 MB, node maximum: 189.792 MB


 NUMBER OF SORTED TWO-ELECTRON INTEGRALS:   53158680.     BUFFER LENGTH:  32768
 NUMBER OF SEGMENTS:   4  SEGMENT LENGTH:   15992000      RECORD LENGTH: 524288

 Memory used in sort:      16.55 MW

 SORT1 READ   487794428. AND WROTE    33783488. INTEGRALS IN     99 RECORDS. CPU TIME:     5.16 SEC, REAL TIME:     5.50 SEC
 SORT2 READ   270617670. AND WROTE   425196541. INTEGRALS IN   5792 RECORDS. CPU TIME:     0.83 SEC, REAL TIME:     1.08 SEC

 Node minimum:    53136810.  Node maximum:    53162326. integrals

 OPERATOR DM      FOR CENTER  0  COORDINATES:    0.000000    0.000000    0.000000


 **********************************************************************************************************************************
 DATASETS  * FILE   NREC   LENGTH (MB)   RECORD NAMES
              1      18       22.14       500      610      700      900      950      970     1000      129      960     1100   
                                          VAR    BASINP    GEOM    SYMINP    ZMAT    AOBASIS   BASIS     P2S    ABASIS      S 
                                         1400     1410     1200     1210     1080     1600     1650     1700   
                                           T        V       H0       H01     AOSYM     SMH    MOLCAS    OPER   

 PROGRAMS   *        TOTAL       INT
 CPU TIMES  *         7.78      7.66
 REAL TIME  *         8.94 SEC
 DISK USED  *         4.40 GB      
 GA USED    *         0.00 MB       (max)       0.00 MB       (current)
 **********************************************************************************************************************************


 PROGRAM * RHF-SCF (CLOSED SHELL)       Authors: W. Meyer, H.-J. Werner


 NUMBER OF ELECTRONS:      12+   12-    SPACE SYMMETRY=1    SPIN SYMMETRY: Singlet 
 CONVERGENCE THRESHOLDS:    1.00E-05 (Density)    1.00E-07 (Energy)
 MAX. NUMBER OF ITERATIONS:       60
 INTERPOLATION TYPE:            DIIS
 INTERPOLATION STEPS:              2 (START)      1 (STEP)
 LEVEL SHIFTS:                  0.00 (CLOSED)  0.00 (OPEN) 



 Orbital guess generated from atomic densities. Full valence occupancy:   12

 Molecular orbital dump at record        2100.2

 Initial occupancy:  12

 ITERATION    DDIFF          GRAD             ENERGY        2-EL.EN.            DIPOLE MOMENTS         DIIS   ORB.
    1      0.000D+00      0.000D+00      -152.89389684    257.839398    0.00000   -1.18788   -0.00000    0    start
    2      0.000D+00      0.350D-02      -152.91982814    257.418263   -0.00000   -0.68441    0.00000    1    diag
    3      0.116D-02      0.186D-02      -152.92639510    257.946476   -0.00000   -0.90706    0.00000    2    diag
    4      0.426D-03      0.524D-03      -152.92708163    257.739126   -0.00000   -0.86493    0.00000    3    diag
    5      0.163D-03      0.858D-04      -152.92711359    257.813653   -0.00000   -0.86971    0.00000    4    diag
    6      0.433D-04      0.259D-04      -152.92711588    257.790439   -0.00000   -0.86948    0.00000    5    diag
    7      0.124D-04      0.577D-05      -152.92711613    257.792707   -0.00000   -0.86965    0.00000    6    diag
    8      0.461D-05      0.167D-05      -152.92711615    257.792473   -0.00000   -0.86974    0.00000    7    diag
    9      0.128D-05      0.413D-06      -152.92711615    257.792403   -0.00000   -0.86972    0.00000    0    orth

 Final occupancy:  12

 !RHF STATE 1.1 Energy               -152.927116154268
 Nuclear energy                        75.35823258
 One-electron energy                 -357.18155034
 Two-electron energy                  128.89620161
 Virial quotient                       -1.00124611
 !RHF STATE 1.1 Dipole moment          -0.00000007    -0.86971999     0.00000009
 Dipole moment /Debye                  -0.00000017    -2.21046293     0.00000023

 Orbital energies:

         1.1          2.1          3.1          4.1          5.1          6.1          7.1          8.1          9.1         10.1
    -20.566796   -11.284024   -11.283216    -1.410140    -0.932884    -0.861586    -0.704419    -0.660600    -0.547438    -0.542296

        11.1         12.1         13.1         14.1
     -0.450719    -0.450454     0.149133     0.175346

 HOMO     12.1    -0.450454 =     -12.2575eV
 LUMO     13.1     0.149133 =       4.0581eV
 LUMO-HOMO         0.599587 =      16.3156eV


 **********************************************************************************************************************************
 DATASETS  * FILE   NREC   LENGTH (MB)   RECORD NAMES
              1      18       22.14       500      610      700      900      950      970     1000      129      960     1100   
                                          VAR    BASINP    GEOM    SYMINP    ZMAT    AOBASIS   BASIS     P2S    ABASIS      S 
                                         1400     1410     1200     1210     1080     1600     1650     1700   
                                           T        V       H0       H01     AOSYM     SMH    MOLCAS    OPER   

              2       4        4.04       700     1000      520     2100   
                                         GEOM     BASIS   MCVARS     RHF  

 PROGRAMS   *        TOTAL        HF       INT
 CPU TIMES  *        12.92      5.14      7.66
 REAL TIME  *        14.35 SEC
 DISK USED  *         4.64 GB      
 SF USED    *         0.23 MB      
 GA USED    *         0.00 MB       (max)       0.00 MB       (current)
 **********************************************************************************************************************************


 PROGRAM * CCSD (Closed-shell coupled cluster)     Authors: C. Hampel, H.-J. Werner, 1991, M. Deegan, P.J. Knowles, 1992


 Convergence thresholds:  THRVAR = 1.00D-08  THRDEN = 1.00D-06

 CCSD(T)     terms to be evaluated (factor= 1.000)


 Number of core orbitals:           3 (   3 )
 Number of closed-shell orbitals:   9 (   9 )
 Number of external orbitals:     229 ( 229 )

 Molecular orbitals read from record     2100.2  Type=RHF/CANONICAL (state 1.1)

 Number of N-1 electron functions:               9
 Number of N-2 electron functions:              45
 Number of singly external CSFs:              2061
 Number of doubly external CSFs:           2124891
 Total number of CSFs:                     2126953

 Length of J-op  integral file:               0.00 MB
 Length of K-op  integral file:               3.99 MB
 Length of 3-ext integral record:             0.00 MB

 Memory could be reduced to 144.31 Mwords without degradation in triples

 Integral transformation finished. Total CPU:   9.73 sec, npass=  1  Memory used:  75.93 MW

 Reference energy:                   -152.92711615

 MP2 singlet pair energy:              -0.38365867
 MP2 triplet pair energy:              -0.21058615
 MP2 correlation energy:               -0.59424482
 MP2 total energy:                   -153.52136098

 SCS-MP2 correlation energy:           -0.59142179   (PS=  1.200000  PT=  0.333333)
 SCS-MP2 total energy:               -153.51853794

 ITER.      SQ.NORM     CORR.ENERGY   TOTAL ENERGY   ENERGY CHANGE        DEN1      VAR(S)    VAR(P)  DIIS     TIME  TIME/IT
   1      1.16624281    -0.60818928  -153.53530543    -0.01394446     0.00287830  0.27D-02  0.30D-02  1  1    12.02     2.33
   2      1.17742397    -0.60909541  -153.53621156    -0.00090613    -0.01385704  0.38D-04  0.40D-03  2  2    14.43     2.46
   3      1.18218462    -0.60917092  -153.53628708    -0.00007552    -0.00323083  0.22D-04  0.21D-04  3  3    16.84     2.49
   4      1.18339403    -0.60913502  -153.53625117     0.00003590    -0.00058794  0.86D-06  0.25D-05  4  4    19.28     2.52
   5      1.18368547    -0.60914992  -153.53626607    -0.00001490    -0.00007659  0.37D-06  0.17D-06  5  5    21.70     2.53
   6      1.18376523    -0.60914352  -153.53625968     0.00000640    -0.00002328  0.36D-07  0.16D-07  6  6    24.09     2.54
   7      1.18377603    -0.60914255  -153.53625870     0.00000098     0.00000053  0.63D-08  0.18D-08  6  2    26.52     2.54
   8      1.18378046    -0.60914212  -153.53625827     0.00000043    -0.00000045  0.88D-09  0.29D-09  6  1    28.95     2.55

 Norm of t1 vector:      0.06403868      S-energy:    -0.00000050      T1 diagnostic:  0.01067311
                                                                       D1 diagnostic:  0.02414622


 Total CPU time for triples:     37.16 sec


 RESULTS
 =======

  Reference energy                   -152.927116154266
  CCSD singlet pair energy             -0.420581269027
  CCSD triplet pair energy             -0.188560349815
  CCSD correlation energy              -0.609142117887

  Triples (T) contribution             -0.025499431508
  Total correlation energy             -0.634641549395

  CCSD total energy                  -153.536258272153
  CCSD[T] energy                     -153.562673167098
  CCSD-T energy                      -153.561310749834
 !CCSD(T) total energy               -153.561757703661

 Timing summary (sec):

 STEP                 CPU(USER)    SYS     CPU(TOT)    WALL
 Transformation          9.76      0.90     10.66     10.66
 CCSD iterations        19.21      1.26     20.47     20.48
 Triples                37.16      0.71     37.87     37.86

 Program statistics:

 Available memory in ccsd:               999999576
 Min. memory needed in ccsd:               6020249
 Max. memory used in ccsd:                 7859426
 Max. memory used in cckext:               5700974 ( 8 integral passes)



 **********************************************************************************************************************************
 DATASETS  * FILE   NREC   LENGTH (MB)   RECORD NAMES
              1      19      488.69       500      610      700      900      950      970     1000      129      960     1100   
                                          VAR    BASINP    GEOM    SYMINP    ZMAT    AOBASIS   BASIS     P2S    ABASIS      S 
                                         1400     1410     1200     1210     1080     1600     1650     1700     1380   
                                           T        V       H0       H01     AOSYM     SMH    MOLCAS    OPER     JKOP   

              2       4        4.04       700     1000      520     2100   
                                         GEOM     BASIS   MCVARS     RHF  

 PROGRAMS   *        TOTAL   CCSD(T)        HF       INT
 CPU TIMES  *        79.09     66.16      5.14      7.66
 REAL TIME  *        83.50 SEC
 DISK USED  *         5.33 GB      
 SF USED    *       656.69 MB      
 GA USED    *         0.00 MB       (max)       0.00 MB       (current)
 **********************************************************************************************************************************

 CCSD(T)/USERDEF energy=   -153.561757703661

        CCSD(T)         HF-SCF  
   -153.56175770   -152.92711615
 **********************************************************************************************************************************
 Molpro calculation terminated
 Variable memory released
