
 Primary working directories    : /scratch/saurabh/PBS_8057535.helios
 Secondary working directories  : /scratch/saurabh/PBS_8057535.helios
 Wavefunction directory         : /scratch/saurabh/PBS_8057535.helios/
 Main file repository           : /scratch/saurabh/PBS_8057535.helios/

 SHA1      : f6387f0c468d0184d0b38d85973bdb066f718752
 NAME      : 2015.1.44
 ARCHNAME  : linux/x86_64
 FC        : /opt/may/bin/gfortran
 BLASLIB   : -Wl,-_start-group /opt/intel/mkl/lib/intel64/libmkl_gf_ilp64.a /opt/intel/mkl/lib/intel64/libmkl_gnu_thread.a /opt/intel/mkl/lib/intel64/libmkl_core.a -Wl,-_end-group
 id        : ramakrishnan

 Nodes             nprocs
 hel02.tifrh.res.in    8

 Using DEFAULT tuning parameter for ncache   :   16384
 Using DEFAULT tuning parameter for mflopdgm :   10000
 Using DEFAULT tuning parameter for mflopdgv :    4000
 Using DEFAULT tuning parameter for mflopmxm :    5000
 Using DEFAULT tuning parameter for mflopmxv :    4000
 Using DEFAULT tuning parameter for mindgm   :       1
 Using DEFAULT tuning parameter for mindgc   :       4
 Using DEFAULT tuning parameter for mindgf   :    5000
 Using DEFAULT tuning parameter for mindgl   :       4
 Using DEFAULT tuning parameter for mindgr   :       1
 Using DEFAULT tuning parameter for mindgv   :      20
 Using DEFAULT tuning parameter for mincuda  :     500
 Using DEFAULT tuning parameter for mxmblk   :      64
 Using DEFAULT tuning parameter for mxmbln   :      64
 Using DEFAULT tuning parameter for nroll    :       2
 Using custom tuning parameter for ngpus     :       0
 Using customized tuning parameters: mindgm=1; mindgv=20; mindgc=4; mindgr=1; noblas=0; minvec=7
 default implementation of scratch files=sf  

 ***,TS_03
 memory,25,g
 geometry={
 C  -0.717212  1.454957   -0.119912
 H  -0.127007  2.256686   0.300522
 H  -1.260894  1.658666   -1.032845
 H  2.434326   0.474479   -0.368593
 C  -0.671273  0.181161   0.408776
 H  -0.244311  0.065758   1.396922
 C  -1.649450  -0.877960  -0.004827
 H  -1.939309  -0.761269  -1.049111
 H  -1.223661  -1.870435  0.131882
 H  -2.552731  -0.809223  0.605864
 O  2.023440   -0.157469  0.238085
 O  0.869209   -0.537982  -0.449193
  }
 basis,O=AVDZ,C=AVDZ,H=VDZ
 {rhf
 wf,41,1,1
 }
 uccsd(t);
 

 Fortran compiler diagnostic
 ***************************

 integer size                  8
 double precision size         8
 logical size                  8

 diagnostic completed successfully

 Variables initialized (889), CPU time= 0.01 sec
 Commands  initialized (702), CPU time= 0.02 sec, 572 directives.
 Default parameters read. Elapsed time= 0.11 sec

 Using DEFAULT tuning parameter for mpplat   :       3
 Using DEFAULT tuning parameter for mppspeed :    1600
 Checking input...
 Passed
1


                                         ***  PROGRAM SYSTEM MOLPRO  ***
                                       Copyright, TTI GmbH Stuttgart, 2015
                                    Version 2015.1 linked Jun  9 2019 06:55:40


 **********************************************************************************************************************************
 LABEL *   TS_03                                                                         
  64 bit mpp version                                                                     DATE: 26-Apr-22          TIME: 17:47:23  
 **********************************************************************************************************************************

 SHA1:             f6387f0c468d0184d0b38d85973bdb066f718752
 **********************************************************************************************************************************

Geometry recognized as XYZ


 Variable memory set to ********** words,  buffer space   230000 words

 SETTING BASIS          =    O=AVDZ,C=AVDZ,H=VDZ


 Recomputing integrals since basis changed


 Using spherical harmonics

 Library entry C      S aug-cc-pVDZ          selected for orbital group  1
 Library entry C      P aug-cc-pVDZ          selected for orbital group  1
 Library entry C      D aug-cc-pVDZ          selected for orbital group  1
 Library entry H      S cc-pVDZ              selected for orbital group  2
 Library entry H      P cc-pVDZ              selected for orbital group  2
 Library entry O      S aug-cc-pVDZ          selected for orbital group  7
 Library entry O      P aug-cc-pVDZ          selected for orbital group  7
 Library entry O      D aug-cc-pVDZ          selected for orbital group  7


 PROGRAM * SEWARD (Integral evaluation for generally contracted gaussian basis sets)     Author: Roland Lindh, 1990

 Geometry written to block  1 of record 700


 Point group  C1  



 ATOMIC COORDINATES

 NR  ATOM    CHARGE       X              Y              Z

   1  C       6.00   -1.355334253    2.749470253   -0.226600839
   2  H       1.00   -0.240008446    4.264518489    0.567904274
   3  H       1.00   -2.382744332    3.134424472   -1.951794179
   4  H       1.00    4.600209438    0.896635362   -0.696539821
   5  C       6.00   -1.268522125    0.342344674    0.772474686
   6  H       1.00   -0.461680879    0.124264610    2.639799997
   7  C       6.00   -3.117008756   -1.659103948   -0.009121708
   8  H       1.00   -3.664762881   -1.438589917   -1.982532464
   9  H       1.00   -2.312384159   -3.534609884    0.249220861
  10  H       1.00   -4.823962460   -1.529209844    1.144917029
  11  O       8.00    3.823747429   -0.297573283    0.449915444
  12  O       8.00    1.642566955   -1.016638640   -0.848851747

 Bond lengths in Bohr (Angstrom)

  1- 2  2.042195189   1- 3  2.044517860   1- 5  2.607669803   4-11  1.828493154   5- 6  2.045838588
       ( 1.080683154)       ( 1.081912259)       ( 1.379919433)       ( 0.967596907)       ( 1.082611158)

  5- 7  2.834359247   5-12  3.598607325   7- 8  2.059857042   7- 9  2.057105768   7-10  2.064550515
       ( 1.499878321)       ( 1.904300988)       ( 1.090029404)       ( 1.088573493)       ( 1.092513083)

 11-12  2.638446412
       ( 1.396205713)

 Bond angles

  1- 5- 6  117.46633545   1- 5- 7  121.63254546   1- 5-12  101.70736969   2- 1- 3  117.58367511

  2- 1- 5  121.17020760   3- 1- 5  120.91898018   4-11-12  102.73308485   5- 7- 8  111.22399713

  5- 7- 9  110.73686770   5- 7-10  109.91583642   5-12-11  110.12397258   6- 5- 7  115.69803025

  6- 5-12   92.97727378   7- 5-12   97.85492562   8- 7- 9  108.77967948   8- 7-10  107.99444686

  9- 7-10  108.09282338

 NUCLEAR CHARGE:                   41
 NUMBER OF PRIMITIVE AOS:         234
 NUMBER OF SYMMETRY AOS:          224
 NUMBER OF CONTRACTIONS:          150   ( 150A   )
 NUMBER OF CORE ORBITALS:           5   (   5A   )
 NUMBER OF VALENCE ORBITALS:       27   (  27A   )


 NUCLEAR REPULSION ENERGY  177.82958206


 Eigenvalues of metric

         1 0.112E-03 0.127E-03 0.239E-03 0.391E-03 0.814E-03 0.188E-02 0.225E-02 0.374E-02


 Contracted 2-electron integrals neglected if value below      1.0D-11
 AO integral compression algorithm  1   Integral accuracy      1.0D-11

     299.631 MB (compressed) written to integral file ( 50.8%)

     Node minimum: 28.836 MB, node maximum: 45.875 MB


 NUMBER OF SORTED TWO-ELECTRON INTEGRALS:    8014560.     BUFFER LENGTH:  32768
 NUMBER OF SEGMENTS:   1  SEGMENT LENGTH:    8014560      RECORD LENGTH: 524288

 Memory used in sort:       8.57 MW

 SORT1 READ    73792183. AND WROTE     7836998. INTEGRALS IN     23 RECORDS. CPU TIME:     0.98 SEC, REAL TIME:     1.04 SEC
 SORT2 READ    62698381. AND WROTE    64133475. INTEGRALS IN   1136 RECORDS. CPU TIME:     0.13 SEC, REAL TIME:     0.18 SEC

 Node minimum:     8011730.  Node maximum:     8021640. integrals

 OPERATOR DM      FOR CENTER  0  COORDINATES:    0.000000    0.000000    0.000000


 **********************************************************************************************************************************
 DATASETS  * FILE   NREC   LENGTH (MB)   RECORD NAMES
              1      18       20.92       500      610      700      900      950      970     1000      129      960     1100   
                                          VAR    BASINP    GEOM    SYMINP    ZMAT    AOBASIS   BASIS     P2S    ABASIS      S 
                                         1400     1410     1200     1210     1080     1600     1650     1700   
                                           T        V       H0       H01     AOSYM     SMH    MOLCAS    OPER   

 PROGRAMS   *        TOTAL       INT
 CPU TIMES  *         9.71      9.55
 REAL TIME  *        22.30 SEC
 DISK USED  *         1.05 GB      
 GA USED    *         0.00 MB       (max)       0.00 MB       (current)
 **********************************************************************************************************************************


 PROGRAM * RHF-SCF (OPEN SHELL)       Authors: W. Meyer, H.-J. Werner


 NUMBER OF ELECTRONS:      21+   20-    SPACE SYMMETRY=1    SPIN SYMMETRY: Doublet 
 CONVERGENCE THRESHOLDS:    1.00E-05 (Density)    1.00E-07 (Energy)
 MAX. NUMBER OF ITERATIONS:       60
 INTERPOLATION TYPE:            DIIS
 INTERPOLATION STEPS:              2 (START)      1 (STEP)
 LEVEL SHIFTS:                 -0.60 (CLOSED) -0.30 (OPEN) 



 Orbital guess generated from atomic densities. Full valence occupancy:   32

 Molecular orbital dump at record        2100.2

 Initial alpha occupancy:  21
 Initial beta  occupancy:  20
 Wave function symmetry:    1

 ITERATION    DDIFF          GRAD             ENERGY        2-EL.EN.            DIPOLE MOMENTS         DIIS   ORB.
    1      0.000D+00      0.000D+00      -267.15326288    545.445593   -0.10306    0.80469   -0.09545    0    start
    2      0.000D+00      0.404D-02      -267.20530830    545.260707   -0.39793    0.76673   -0.08535    1    diag,B
    3      0.562D-02      0.147D-02      -267.21720663    545.078242   -0.45348    0.72349   -0.06576    2    diag,B
    4      0.244D-02      0.644D-03      -267.22106948    545.200208   -0.52661    0.74564   -0.05924    3    diag,B
    5      0.150D-02      0.234D-03      -267.22172971    545.169503   -0.55161    0.75243   -0.05861    4    diag,B
    6      0.637D-03      0.963D-04      -267.22189172    545.186348   -0.57140    0.76524   -0.05746    5    diag,B
    7      0.361D-03      0.413D-04      -267.22192259    545.189307   -0.57935    0.76960   -0.05720    6    fixocc
    8      0.122D-03      0.264D-04      -267.22194384    545.197636   -0.58675    0.77497   -0.05549    7    diag,B
    9      0.797D-04      0.247D-04      -267.22195546    545.201054   -0.59059    0.77754   -0.05457    8    diag,B
   10      0.318D-04      0.252D-04      -267.22192230    545.191748   -0.57819    0.76997   -0.05788    9    orth
   11      0.857D-04      0.217D-04      -267.22186723    545.167462   -0.54151    0.75022   -0.06733    9    diag,B
   12      0.229D-03      0.112D-04      -267.22186087    545.159381   -0.52649    0.74307   -0.07076    9    diag,B
   13      0.904D-04      0.663D-05      -267.22186081    545.154381   -0.51833    0.73923   -0.07264    9    diag,B
   14      0.491D-04      0.396D-05      -267.22186152    545.154613   -0.51807    0.73939   -0.07268    9    diag,B
   15      0.176D-04      0.265D-05      -267.22186192    545.154025   -0.51710    0.73907   -0.07314    9    diag,B
   16      0.169D-04      0.165D-05      -267.22186212    545.154043   -0.51675    0.73904   -0.07340    9    diag,B
   17      0.117D-04      0.840D-06      -267.22186216    545.154314   -0.51687    0.73918   -0.07350    9    diag,B
   18      0.624D-05      0.416D-06      -267.22186216    545.154298   -0.51687    0.73920   -0.07351    0    orth

 Final alpha occupancy:  21
 Final beta  occupancy:  20

 !RHF STATE 1.1 Energy               -267.221862159812
 Nuclear energy                       177.82958206
 One-electron energy                 -717.62859299
 Two-electron energy                  272.57714878
 Virial quotient                       -1.00137596
 !RHF STATE 1.1 Dipole moment          -0.51687314     0.73920098    -0.07350539
 Dipole moment /Debye                  -1.31367444     1.87873842    -0.18681982

 Orbital energies:

         1.1          2.1          3.1          4.1          5.1          6.1          7.1          8.1          9.1         10.1
    -20.620854   -20.620029   -11.289200   -11.256967   -11.234262    -1.459857    -1.151614    -1.067617    -0.946145    -0.786553

        11.1         12.1         13.1         14.1         15.1         16.1         17.1         18.1         19.1         20.1
     -0.702879    -0.654928    -0.622440    -0.601319    -0.583266    -0.550600    -0.531726    -0.511718    -0.458702    -0.402229

        21.1         22.1         23.1
     -0.368476     0.063092     0.069583

 HOMO     21.1    -0.368476 =     -10.0267eV
 LUMO     22.1     0.063092 =       1.7168eV
 LUMO-HOMO         0.431568 =      11.7436eV


 **********************************************************************************************************************************
 DATASETS  * FILE   NREC   LENGTH (MB)   RECORD NAMES
              1      18       20.92       500      610      700      900      950      970     1000      129      960     1100   
                                          VAR    BASINP    GEOM    SYMINP    ZMAT    AOBASIS   BASIS     P2S    ABASIS      S 
                                         1400     1410     1200     1210     1080     1600     1650     1700   
                                           T        V       H0       H01     AOSYM     SMH    MOLCAS    OPER   

              2       4        3.59       700     1000      520     2100   
                                         GEOM     BASIS   MCVARS     RHF  

 PROGRAMS   *        TOTAL       RHF       INT
 CPU TIMES  *        11.72      2.01      9.55
 REAL TIME  *        25.10 SEC
 DISK USED  *         1.27 GB      
 SF USED    *         0.09 MB      
 GA USED    *         0.00 MB       (max)       0.00 MB       (current)
 **********************************************************************************************************************************


 PROGRAM * CCSD (Unrestricted open-shell coupled cluster)     Authors: C. Hampel, H.-J. Werner, 1991, M. Deegan, P.J. Knowles, 1992


 Convergence thresholds:  THRVAR = 1.00D-08  THRDEN = 1.00D-06

 CCSD(T)     terms to be evaluated (factor= 1.000)


 Number of core orbitals:           5 (   5 )
 Number of closed-shell orbitals:  15 (  15 )
 Number of active  orbitals:        1 (   1 )
 Number of external orbitals:     129 ( 129 )

 Memory could be reduced to 72.88 Mwords without degradation in triples

 Number of N-1 electron functions:              31
 Number of N-2 electron functions:             465
 Number of singly external CSFs:              4030
 Number of doubly external CSFs:           5942625
 Total number of CSFs:                     5946655

 Molecular orbitals read from record     2100.2  Type=RHF/CANONICAL (state 1.1)

 Integral transformation finished. Total CPU:   3.40 sec, npass=  1  Memory used:  34.41 MW

 Starting RMP2 calculation

 ITER.      SQ.NORM     CORR.ENERGY   TOTAL ENERGY   ENERGY CHANGE        DEN1      VAR(S)    VAR(P)  DIIS     TIME
   1      1.29096576    -0.85686597  -268.07872813    -0.85686597    -0.00366538  0.17D-03  0.15D-02  1  1     4.31
   2      1.29515104    -0.86085020  -268.08271236    -0.00398423    -0.00001627  0.57D-05  0.79D-05  2  2     5.20
   3      1.29541940    -0.86095823  -268.08282039    -0.00010803    -0.00000021  0.18D-06  0.65D-07  3  3     6.20
   4      1.29543551    -0.86096113  -268.08282329    -0.00000291    -0.00000000  0.52D-08  0.34D-09  4  4     7.31
   5      1.29543647    -0.86096137  -268.08282353    -0.00000024    -0.00000000  0.83D-10  0.12D-10  5  5     8.45

 Norm of t1 vector:      0.10253101      S-energy:    -0.00930224      T1 diagnostic:  0.00132710
 Norm of t2 vector:      0.53378260      P-energy:    -0.85165913
                                         Alpha-Beta:  -0.63732619
                                         Alpha-Alpha: -0.10884539
                                         Beta-Beta:   -0.10548755

 Spin contamination <S**2-Sz**2-Sz>     0.00678522
  Reference energy                   -267.221862159811
  RHF-RMP2 correlation energy          -0.860961368669
 !RHF-RMP2 energy                    -268.082823528479

 Starting UCCSD calculation

 ITER.      SQ.NORM     CORR.ENERGY   TOTAL ENERGY   ENERGY CHANGE        DEN1      VAR(S)    VAR(P)  DIIS     TIME
   1      1.29762756    -0.86282561  -268.08468777    -0.86282561    -0.03006592  0.66D-02  0.70D-02  1  1    22.75
   2      1.33298118    -0.89286025  -268.11472241    -0.03003465    -0.00346033  0.61D-03  0.13D-02  2  2    36.99
   3      1.34808047    -0.89824820  -268.12011036    -0.00538795    -0.00054921  0.39D-03  0.11D-03  3  3    50.95
   4      1.35680714    -0.90046303  -268.12232519    -0.00221482    -0.00012843  0.71D-04  0.33D-04  4  4    65.29
   5      1.36200856    -0.90110133  -268.12296349    -0.00063830    -0.00003746  0.39D-04  0.48D-05  5  5    80.09
   6      1.36511628    -0.90138114  -268.12324330    -0.00027981    -0.00000903  0.75D-05  0.17D-05  6  6    94.79
   7      1.36655595    -0.90146374  -268.12332590    -0.00008259    -0.00000248  0.23D-05  0.48D-06  6  1   109.69
   8      1.36707564    -0.90148566  -268.12334782    -0.00002192    -0.00000087  0.82D-06  0.16D-06  6  2   124.60
   9      1.36735937    -0.90149171  -268.12335387    -0.00000605    -0.00000037  0.40D-06  0.51D-07  6  3   139.51
  10      1.36740123    -0.90148421  -268.12334637     0.00000750    -0.00000018  0.19D-06  0.30D-07  6  5   154.26
  11      1.36754374    -0.90148337  -268.12334553     0.00000083    -0.00000007  0.68D-07  0.13D-07  6  4   170.16
  12      1.36756108    -0.90148244  -268.12334460     0.00000093    -0.00000003  0.23D-07  0.54D-08  6  1   185.13
  13      1.36760780    -0.90148228  -268.12334444     0.00000016    -0.00000001  0.71D-08  0.15D-08  6  6   200.90

 Norm of t1 vector:      0.20347645      S-energy:    -0.01086501      T1 diagnostic:  0.01983209
                                                                       D1 diagnostic:  0.06937139
 Norm of t2 vector:      0.57114371      P-energy:    -0.89061728
                                         Alpha-Beta:  -0.70138152
                                         Alpha-Alpha: -0.09671276
                                         Beta-Beta:   -0.09252299

 Singles amplitudes (print threshold =  0.500E-01):

         I         SYM. A    A   T(IA) [Beta-Beta]

        15         1         1      0.07360264
        15         1        12     -0.05776473
        15         1        14     -0.05718991

 Doubles amplitudes (print threshold =  0.500E-01):

         I         J         SYM. A    SYM. B    A         B      T(IJ, AB) [Alpha-Beta]

        16        15         1         1        12         1     -0.05070804
        16        15         1         1        14         1     -0.05312887

 Spin contamination <S**2-Sz**2-Sz>     0.01555611

 Memory could be reduced to 82.14 Mwords without degradation in triples


 RESULTS
 =======

  Reference energy                   -267.221862159811
  UCCSD singles energy                 -0.010865007606
  UCCSD pair energy                    -0.890617277391
  UCCSD correlation energy             -0.901482284997
  Triples (T) contribution             -0.034500649621
  Total correlation energy             -0.935982934618

  RHF-UCCSD energy                   -268.123344444808
  RHF-UCCSD[T] energy                -268.159947574111
  RHF-UCCSD-T energy                 -268.157151995799
 !RHF-UCCSD(T) energy                -268.157845094429

 Program statistics:

 Available memory in ccsd:             24999997692
 Min. memory needed in ccsd:              16893952
 Max. memory used in ccsd:                24394212
 Max. memory used in cckext:              22060956 (13 integral passes)
 Max. memory used in cckint:              34408454 ( 1 integral passes)



 **********************************************************************************************************************************
 DATASETS  * FILE   NREC   LENGTH (MB)   RECORD NAMES
              1      18       20.92       500      610      700      900      950      970     1000      129      960     1100   
                                          VAR    BASINP    GEOM    SYMINP    ZMAT    AOBASIS   BASIS     P2S    ABASIS      S 
                                         1400     1410     1200     1210     1080     1600     1650     1700   
                                           T        V       H0       H01     AOSYM     SMH    MOLCAS    OPER   

              2       4        3.59       700     1000      520     2100   
                                         GEOM     BASIS   MCVARS     RHF  

 PROGRAMS   *        TOTAL  UCCSD(T)       RHF       INT
 CPU TIMES  *       305.50    293.77      2.01      9.55
 REAL TIME  *       340.72 SEC
 DISK USED  *         7.29 GB      
 SF USED    *         1.54 GB      
 GA USED    *         0.00 MB       (max)       0.00 MB       (current)
 **********************************************************************************************************************************

 UCCSD(T)/O=AVDZ,C=AVDZ,H=VDZ energy=   -268.157845094429

        UCCSD(T)        RHF-SCF 
   -268.15784509   -267.22186216
 **********************************************************************************************************************************
 Molpro calculation terminated
 Variable memory released

 Fortran compiler diagnostic
 ***************************

 integer size                  8
 double precision size         8
 logical size                  8

 diagnostic completed successfully
