
 Primary working directories    : /scratch/saurabh/PBS_8057541.helios
 Secondary working directories  : /scratch/saurabh/PBS_8057541.helios
 Wavefunction directory         : /scratch/saurabh/PBS_8057541.helios/
 Main file repository           : /scratch/saurabh/PBS_8057541.helios/

 SHA1      : f6387f0c468d0184d0b38d85973bdb066f718752
 NAME      : 2015.1.44
 ARCHNAME  : linux/x86_64
 FC        : /opt/may/bin/gfortran
 BLASLIB   : -Wl,-_start-group /opt/intel/mkl/lib/intel64/libmkl_gf_ilp64.a /opt/intel/mkl/lib/intel64/libmkl_gnu_thread.a /opt/intel/mkl/lib/intel64/libmkl_core.a -Wl,-_end-group
 id        : ramakrishnan

 Nodes             nprocs
 hel07.tifrh.res.in    8

 Using DEFAULT tuning parameter for ncache   :   16384
 Using DEFAULT tuning parameter for mflopdgm :   10000
 Using DEFAULT tuning parameter for mflopdgv :    4000
 Using DEFAULT tuning parameter for mflopmxm :    5000
 Using DEFAULT tuning parameter for mflopmxv :    4000
 Using DEFAULT tuning parameter for mindgm   :       1
 Using DEFAULT tuning parameter for mindgc   :       4
 Using DEFAULT tuning parameter for mindgf   :    5000
 Using DEFAULT tuning parameter for mindgl   :       4
 Using DEFAULT tuning parameter for mindgr   :       1
 Using DEFAULT tuning parameter for mindgv   :      20
 Using DEFAULT tuning parameter for mincuda  :     500
 Using DEFAULT tuning parameter for mxmblk   :      64
 Using DEFAULT tuning parameter for mxmbln   :      64
 Using DEFAULT tuning parameter for nroll    :       2
 Using custom tuning parameter for ngpus     :       0
 Using customized tuning parameters: mindgm=1; mindgv=20; mindgc=4; mindgr=1; noblas=0; minvec=7
 default implementation of scratch files=sf  

 ***,TS_04
 memory,64,g
 geometry={
 C  1.328750   -1.111615  -0.010989
 H  1.337250   -2.018033  0.573212
 H  1.817421   -1.104394  -0.973549
 C  0.509882   0.039305   0.410748
 H  0.292989   0.046625   1.481818
 C  0.866820   1.414864   -0.103616
 H  1.101080   1.377743   -1.167827
 H  0.023219   2.088105   0.041361
 H  1.727759   1.813636   0.435997
 O  -0.499496  -0.620103  -0.314111
 O  -2.007577  0.169848   0.018478
 H  -2.475845  -0.656969  0.197195
  }
 basis,O=AVQZ,C=AVQZ,H=VQZ
 {rhf
 wf,41,1,1
 }
 uccsd;
 

 Fortran compiler diagnostic
 ***************************

 integer size                  8
 double precision size         8
 logical size                  8

 diagnostic completed successfully

 Variables initialized (889), CPU time= 0.02 sec
 Commands  initialized (702), CPU time= 0.01 sec, 572 directives.
 Default parameters read. Elapsed time= 0.11 sec

 Using DEFAULT tuning parameter for mpplat   :       3
 Using DEFAULT tuning parameter for mppspeed :    1600
 Checking input...
 Passed
1


                                         ***  PROGRAM SYSTEM MOLPRO  ***
                                       Copyright, TTI GmbH Stuttgart, 2015
                                    Version 2015.1 linked Jun  9 2019 06:55:40


 **********************************************************************************************************************************
 LABEL *   TS_04                                                                         
  64 bit mpp version                                                                     DATE: 24-Sep-21          TIME: 05:55:23  
 **********************************************************************************************************************************

 SHA1:             f6387f0c468d0184d0b38d85973bdb066f718752
 **********************************************************************************************************************************

Geometry recognized as XYZ


 Variable memory set to ********** words,  buffer space   230000 words

 SETTING BASIS          =    O=AVQZ,C=AVQZ,H=VQZ


 Recomputing integrals since basis changed


 Using spherical harmonics

 Library entry C      S aug-cc-pVQZ          selected for orbital group  1
 Library entry C      P aug-cc-pVQZ          selected for orbital group  1
 Library entry C      D aug-cc-pVQZ          selected for orbital group  1
 Library entry C      F aug-cc-pVQZ          selected for orbital group  1
 Library entry C      G aug-cc-pVQZ          selected for orbital group  1
 Library entry H      S cc-pVQZ              selected for orbital group  2
 Library entry H      P cc-pVQZ              selected for orbital group  2
 Library entry H      D cc-pVQZ              selected for orbital group  2
 Library entry H      F cc-pVQZ              selected for orbital group  2
 Library entry O      S aug-cc-pVQZ          selected for orbital group  7
 Library entry O      P aug-cc-pVQZ          selected for orbital group  7
 Library entry O      D aug-cc-pVQZ          selected for orbital group  7
 Library entry O      F aug-cc-pVQZ          selected for orbital group  7
 Library entry O      G aug-cc-pVQZ          selected for orbital group  7


 PROGRAM * SEWARD (Integral evaluation for generally contracted gaussian basis sets)     Author: Roland Lindh, 1990

 Geometry written to block  1 of record 700


 Point group  C1  



 ATOMIC COORDINATES

 NR  ATOM    CHARGE       X              Y              Z

   1  C       6.00    2.510973588   -2.100647906   -0.020766200
   2  H       1.00    2.527036260   -3.813529680    1.083213691
   3  H       1.00    3.434427943   -2.087002194   -1.839740979
   4  C       6.00    0.963537336    0.074275685    0.776201226
   5  H       1.00    0.553668968    0.088108481    2.800230186
   6  C       6.00    1.638052399    2.673705464   -0.195805862
   7  H       1.00    2.080739641    2.603556940   -2.206873191
   8  H       1.00    0.043877551    3.945946569    0.078160962
   9  H       1.00    3.264991319    3.427275330    0.823914921
  10  O       8.00   -0.943910640   -1.171824839   -0.593583763
  11  O       8.00   -3.793770704    0.320966203    0.034918359
  12  H       1.00   -4.678668977   -1.241491482    0.372644543

 Bond lengths in Bohr (Angstrom)

  1- 2  2.037889493   1- 3  2.040005734   1- 4  2.785679210   1-10  3.623128107   4- 5  2.065157780
       ( 1.078404678)       ( 1.079524545)       ( 1.474117955)       ( 1.917276827)       ( 1.092834434)

  4- 6  2.856011821   4-10  2.658464823   6- 7  2.060408845   6- 8  2.057923395   6- 9  2.062675027
       ( 1.511336370)       ( 1.406799000)       ( 1.090321406)       ( 1.089006162)       ( 1.091520618)

 10-11  3.277978401  11-12  1.827122860
       ( 1.734631467)       ( 0.966871779)

 Bond angles

  1- 4- 5  113.32054954   1- 4- 6  118.81918516   1- 4-10   83.40770060   1-10- 4   49.79828522

  1-10-11  156.27071746   2- 1- 3  119.01812071   2- 1- 4  120.37309728   2- 1-10  107.97715667

  3- 1- 4  120.08818388   3- 1-10  106.79611573   4- 1-10   46.79401418   4- 6- 7  110.60618155

  4- 6- 8  109.53696983   4- 6- 9  110.52067237   4-10-11  108.15205008   5- 4- 6  111.98326608

  5- 4-10  111.45258953   6- 4-10  114.87964388   7- 6- 8  108.50724986   7- 6- 9  108.99592535

  8- 6- 9  108.62286981  10-11-12   93.84547273

 NUCLEAR CHARGE:                   41
 NUMBER OF PRIMITIVE AOS:         849
 NUMBER OF SYMMETRY AOS:          689
 NUMBER OF CONTRACTIONS:          610   ( 610A   )
 NUMBER OF CORE ORBITALS:           5   (   5A   )
 NUMBER OF VALENCE ORBITALS:       27   (  27A   )


 NUCLEAR REPULSION ENERGY  182.32323086


 Eigenvalues of metric

         1 0.514E-05 0.972E-05 0.287E-04 0.338E-04 0.467E-04 0.478E-04 0.546E-04 0.592E-04


 Contracted 2-electron integrals neglected if value below      1.0D-12
 AO integral compression algorithm  1   Integral accuracy      1.0D-12

     62336.532 MB (compressed) written to integral file ( 42.0%)

     Node minimum: 7659.061 MB, node maximum: 8003.256 MB


 NUMBER OF SORTED TWO-ELECTRON INTEGRALS: 2170534920.     BUFFER LENGTH:  32768
 NUMBER OF SEGMENTS:  68  SEGMENT LENGTH:   31996696      RECORD LENGTH: 262144

 Memory used in sort:      32.29 MW

 SORT1 READ 18539680201. AND WROTE  1837492727. INTEGRALS IN  10543 RECORDS. CPU TIME:  1488.26 SEC, REAL TIME:  1620.63 SEC
 SORT2 READ 14695572405. AND WROTE 17364186190. INTEGRALS IN 235488 RECORDS. CPU TIME:   208.11 SEC, REAL TIME:  3398.08 SEC

 Node minimum:  2170441744.  Node maximum:  2170604805. integrals

 OPERATOR DM      FOR CENTER  0  COORDINATES:    0.000000    0.000000    0.000000


 **********************************************************************************************************************************
 DATASETS  * FILE   NREC   LENGTH (MB)   RECORD NAMES
              1      18       33.68       500      610      700      900      950      970     1000      129      960     1100   
                                          VAR    BASINP    GEOM    SYMINP    ZMAT    AOBASIS   BASIS     P2S    ABASIS      S 
                                         1400     1410     1200     1210     1080     1600     1650     1700   
                                           T        V       H0       H01     AOSYM     SMH    MOLCAS    OPER   

 PROGRAMS   *        TOTAL       INT
 CPU TIMES  *      1887.47   1887.26
 REAL TIME  *      5438.30 SEC
 DISK USED  *       238.12 GB      
 GA USED    *         0.01 MB       (max)       0.00 MB       (current)
 **********************************************************************************************************************************


 PROGRAM * RHF-SCF (OPEN SHELL)       Authors: W. Meyer, H.-J. Werner


 NUMBER OF ELECTRONS:      21+   20-    SPACE SYMMETRY=1    SPIN SYMMETRY: Doublet 
 CONVERGENCE THRESHOLDS:    1.00E-05 (Density)    1.00E-07 (Energy)
 MAX. NUMBER OF ITERATIONS:       60
 INTERPOLATION TYPE:            DIIS
 INTERPOLATION STEPS:              2 (START)      1 (STEP)
 LEVEL SHIFTS:                 -0.60 (CLOSED) -0.30 (OPEN) 



 Orbital guess generated from atomic densities. Full valence occupancy:   32

 Molecular orbital dump at record        2100.2

 Initial alpha occupancy:  21
 Initial beta  occupancy:  20
 Wave function symmetry:    1

 ITERATION    DDIFF          GRAD             ENERGY        2-EL.EN.            DIPOLE MOMENTS         DIIS   ORB.
    1      0.000D+00      0.000D+00      -267.18541040    556.430652    2.56773   -1.21624    0.60614    0    start
    2      0.000D+00      0.252D-02      -267.27063761    554.002591    1.26444   -0.51709    0.42890    1    diag,B
    3      0.169D-02      0.115D-02      -267.28487021    554.669504    1.38350   -0.60124    0.42953    2    diag,B
    4      0.577D-03      0.417D-03      -267.29070715    554.581743    1.20451   -0.52771    0.43141    3    diag,B
    5      0.371D-03      0.163D-03      -267.29201823    554.570101    1.12685   -0.50398    0.43502    4    diag,B
    6      0.175D-03      0.654D-04      -267.29231787    554.568866    1.09041   -0.49157    0.43889    5    diag,B
    7      0.102D-03      0.333D-04      -267.29240611    554.555028    1.06779   -0.48503    0.43928    6    fixocc
    8      0.588D-04      0.178D-04      -267.29243587    554.553666    1.05348   -0.48010    0.43969    7    diag,B
    9      0.346D-04      0.856D-05      -267.29244476    554.549959    1.04696   -0.47792    0.43962    8    diag,B
   10      0.185D-04      0.572D-05      -267.29244999    554.547390    1.04484   -0.47709    0.43958    9    orth
   11      0.111D-04      0.532D-05      -267.29245217    554.546014    1.04433   -0.47685    0.43953    9    diag,B
   12      0.323D-05      0.548D-05      -267.29244628    554.550278    1.04624   -0.47770    0.43975    9    diag,B
   13      0.925D-05      0.467D-05      -267.29244224    554.556445    1.05019   -0.47919    0.44023    9    diag,B
   14      0.157D-04      0.286D-05      -267.29244221    554.559995    1.05316   -0.48015    0.44056    9    diag,B
   15      0.125D-04      0.127D-05      -267.29244241    554.560934    1.05364   -0.48029    0.44061    9    diag,B
   16      0.616D-05      0.616D-06      -267.29244245    554.561472    1.05380   -0.48035    0.44062    9    diag,B
   17      0.348D-05      0.324D-06      -267.29244245    554.561529    1.05377   -0.48036    0.44062    0    orth

 Final alpha occupancy:  21
 Final beta  occupancy:  20

 !RHF STATE 1.1 Energy               -267.292442451052
 Nuclear energy                       182.32323086
 One-electron energy                 -726.89643761
 Two-electron energy                  277.28076429
 Virial quotient                       -1.00118419
 !RHF STATE 1.1 Dipole moment           1.05377290    -0.48036078     0.44061922
 Dipole moment /Debye                   2.67824812    -1.22087535     1.11986899

 Orbital energies:

         1.1          2.1          3.1          4.1          5.1          6.1          7.1          8.1          9.1         10.1
    -20.611825   -20.572027   -11.300467   -11.291003   -11.220311    -1.383720    -1.250093    -1.026657    -0.945467    -0.806668

        11.1         12.1         13.1         14.1         15.1         16.1         17.1         18.1         19.1         20.1
     -0.688624    -0.649579    -0.621714    -0.593432    -0.570514    -0.545864    -0.528990    -0.486767    -0.463071    -0.448257

        21.1         22.1         23.1
     -0.324841     0.036781     0.047674

 HOMO     21.1    -0.324841 =      -8.8394eV
 LUMO     22.1     0.036781 =       1.0009eV
 LUMO-HOMO         0.361622 =       9.8402eV


 **********************************************************************************************************************************
 DATASETS  * FILE   NREC   LENGTH (MB)   RECORD NAMES
              1      18       33.68       500      610      700      900      950      970     1000      129      960     1100   
                                          VAR    BASINP    GEOM    SYMINP    ZMAT    AOBASIS   BASIS     P2S    ABASIS      S 
                                         1400     1410     1200     1210     1080     1600     1650     1700   
                                           T        V       H0       H01     AOSYM     SMH    MOLCAS    OPER   

              2       4       13.48       700     1000      520     2100   
                                         GEOM     BASIS   MCVARS     RHF  

 PROGRAMS   *        TOTAL       RHF       INT
 CPU TIMES  *      3118.52   1230.97   1887.26
 REAL TIME  *     10148.12 SEC
 DISK USED  *       238.93 GB      
 SF USED    *         1.49 MB      
 GA USED    *         0.01 MB       (max)       0.00 MB       (current)
 **********************************************************************************************************************************


 PROGRAM * CCSD (Unrestricted open-shell coupled cluster)     Authors: C. Hampel, H.-J. Werner, 1991, M. Deegan, P.J. Knowles, 1992


 Convergence thresholds:  THRVAR = 1.00D-08  THRDEN = 1.00D-06

 Number of core orbitals:           5 (   5 )
 Number of closed-shell orbitals:  15 (  15 )
 Number of active  orbitals:        1 (   1 )
 Number of external orbitals:     589 ( 589 )

 Number of N-1 electron functions:              31
 Number of N-2 electron functions:             465
 Number of singly external CSFs:             18290
 Number of doubly external CSFs:         122638875
 Total number of CSFs:                   122657165

 Molecular orbitals read from record     2100.2  Type=RHF/CANONICAL (state 1.1)

 Integral transformation finished. Total CPU: 753.68 sec, npass=  1  Memory used:2023.50 MW

 Starting RMP2 calculation

 ITER.      SQ.NORM     CORR.ENERGY   TOTAL ENERGY   ENERGY CHANGE        DEN1      VAR(S)    VAR(P)  DIIS     TIME
   1      1.33699732    -1.11571077  -268.40815322    -1.11571077    -0.00377809  0.19D-03  0.16D-02  1  1   840.03
   2      1.34147594    -1.11978768  -268.41223013    -0.00407691    -0.00001801  0.55D-05  0.10D-04  2  2   865.93
   3      1.34179796    -1.11991839  -268.41236084    -0.00013071    -0.00000022  0.15D-06  0.91D-07  3  3   892.98
   4      1.34181670    -1.11992145  -268.41236390    -0.00000306    -0.00000000  0.22D-08  0.35D-09  4  4  1005.70
   5      1.34181740    -1.11992161  -268.41236406    -0.00000016    -0.00000000  0.37D-10  0.48D-11  5  5  1099.51

 Norm of t1 vector:      0.12264671      S-energy:    -0.01165703      T1 diagnostic:  0.00113440
 Norm of t2 vector:      0.57164253      P-energy:    -1.10826459
                                         Alpha-Beta:  -0.84617059
                                         Alpha-Alpha: -0.14136404
                                         Beta-Beta:   -0.12072996

 Spin contamination <S**2-Sz**2-Sz>     0.00741279
  Reference energy                   -267.292442451057
  RHF-RMP2 correlation energy          -1.119921613434
 !RHF-RMP2 energy                    -268.412364064491

 Starting UCCSD calculation

 ITER.      SQ.NORM     CORR.ENERGY   TOTAL ENERGY   ENERGY CHANGE        DEN1      VAR(S)    VAR(P)  DIIS     TIME
   1      1.31611231    -1.08254230  -268.37498475    -1.08254230    -0.03760327  0.67D-02  0.81D-02  1  1  2056.21
   2      1.35280272    -1.11633242  -268.40877488    -0.03379013    -0.00461109  0.12D-02  0.15D-02  2  2  3034.51
   3      1.36789213    -1.12219787  -268.41464032    -0.00586545    -0.00063342  0.32D-03  0.14D-03  3  3  3995.68
   4      1.37750401    -1.12479871  -268.41724117    -0.00260085    -0.00017650  0.13D-03  0.32D-04  4  4  4937.48
   5      1.38382901    -1.12571781  -268.41816026    -0.00091909    -0.00005076  0.45D-04  0.75D-05  5  5  5902.18
   6      1.38763556    -1.12600236  -268.41844481    -0.00028455    -0.00001842  0.14D-04  0.40D-05  6  6  6855.20
   7      1.38974232    -1.12606813  -268.41851058    -0.00006577    -0.00000702  0.48D-05  0.19D-05  6  1  7860.60
   8      1.39076724    -1.12613370  -268.41857615    -0.00006558    -0.00000265  0.20D-05  0.70D-06  6  2  8897.76
   9      1.39150249    -1.12615157  -268.41859402    -0.00001786    -0.00000102  0.94D-06  0.17D-06  6  3  9889.04
  10      1.39166234    -1.12617457  -268.41861702    -0.00002300    -0.00000052  0.41D-06  0.11D-06  6  4 10851.84
  11      1.39186681    -1.12617181  -268.41861426     0.00000276    -0.00000027  0.28D-06  0.35D-07  6  1 11834.41
  12      1.39201443    -1.12618331  -268.41862576    -0.00001149    -0.00000011  0.99D-07  0.20D-07  6  5 12803.60
  13      1.39209936    -1.12618658  -268.41862903    -0.00000328    -0.00000006  0.54D-07  0.77D-08  6  6 13756.82
  14      1.39210532    -1.12618277  -268.41862522     0.00000381    -0.00000003  0.25D-07  0.52D-08  6  2 14739.11
  15      1.39212912    -1.12618371  -268.41862617    -0.00000094    -0.00000001  0.14D-07  0.17D-08  6  3 15727.99
  16      1.39212298    -1.12618083  -268.41862328     0.00000289    -0.00000001  0.60D-08  0.13D-08  6  1 16728.19
  17      1.39211854    -1.12618002  -268.41862247     0.00000080    -0.00000000  0.30D-08  0.59D-09  6  4 17685.56

 Norm of t1 vector:      0.22136398      S-energy:    -0.01571744      T1 diagnostic:  0.01729553
                                                                       D1 diagnostic:  0.05187749
 Norm of t2 vector:      0.58576150      P-energy:    -1.11046258
                                         Alpha-Beta:  -0.88301129
                                         Alpha-Alpha: -0.12333488
                                         Beta-Beta:   -0.10411640

 Singles amplitudes (print threshold =  0.500E-01):

         I         SYM. A    A   T(IA) [Alpha-Alpha]

        14         1        10     -0.05991077

         I         SYM. A    A   T(IA) [Beta-Beta]

        14         1        10      0.05506872

 Doubles amplitudes (print threshold =  0.500E-01):

         I         J         SYM. A    SYM. B    A         B      T(IJ, AB) [Alpha-Beta]

        16        14         1         1        10         1      0.05628216

 Spin contamination <S**2-Sz**2-Sz>     0.04228789


 RESULTS
 =======

  Reference energy                   -267.292442451057
  UCCSD singles energy                 -0.015717443391
  UCCSD pair energy                    -1.110462578310
  UCCSD correlation energy             -1.126180021702

 !RHF-UCCSD energy                   -268.418622472759

 Program statistics:

 Available memory in ccsd:             63999997692
 Min. memory needed in ccsd:             340083258
 Max. memory used in ccsd:               496005278
 Max. memory used in cckext:             355219671 (17 integral passes)
 Max. memory used in cckint:            2023497284 ( 1 integral passes)



 **********************************************************************************************************************************
 DATASETS  * FILE   NREC   LENGTH (MB)   RECORD NAMES
              1      18       33.68       500      610      700      900      950      970     1000      129      960     1100   
                                          VAR    BASINP    GEOM    SYMINP    ZMAT    AOBASIS   BASIS     P2S    ABASIS      S 
                                         1400     1410     1200     1210     1080     1600     1650     1700   
                                           T        V       H0       H01     AOSYM     SMH    MOLCAS    OPER   

              2       4       13.48       700     1000      520     2100   
                                         GEOM     BASIS   MCVARS     RHF  

 PROGRAMS   *        TOTAL     UCCSD       RHF       INT
 CPU TIMES  *     20808.52  17689.90   1230.97   1887.26
 REAL TIME  *     55006.04 SEC
 DISK USED  *       362.83 GB      
 SF USED    *        39.06 GB      
 GA USED    *         0.01 MB       (max)       0.00 MB       (current)
 **********************************************************************************************************************************

 UCCSD/O=AVQZ,C=AVQZ,H=VQZ energy=   -268.418622472759

        UCCSD           RHF-SCF 
   -268.41862247   -267.29244245
 **********************************************************************************************************************************
 Molpro calculation terminated
 Variable memory released

 Fortran compiler diagnostic
 ***************************

 integer size                  8
 double precision size         8
 logical size                  8

 diagnostic completed successfully
