
 Primary working directories    : /scratch/saurabh/PBS_8057539.helios
 Secondary working directories  : /scratch/saurabh/PBS_8057539.helios
 Wavefunction directory         : /scratch/saurabh/PBS_8057539.helios/
 Main file repository           : /scratch/saurabh/PBS_8057539.helios/

 SHA1      : f6387f0c468d0184d0b38d85973bdb066f718752
 NAME      : 2015.1.44
 ARCHNAME  : linux/x86_64
 FC        : /opt/may/bin/gfortran
 BLASLIB   : -Wl,-_start-group /opt/intel/mkl/lib/intel64/libmkl_gf_ilp64.a /opt/intel/mkl/lib/intel64/libmkl_gnu_thread.a /opt/intel/mkl/lib/intel64/libmkl_core.a -Wl,-_end-group
 id        : ramakrishnan

 Nodes             nprocs
 hel05.tifrh.res.in    8

 Using DEFAULT tuning parameter for ncache   :   16384
 Using DEFAULT tuning parameter for mflopdgm :   10000
 Using DEFAULT tuning parameter for mflopdgv :    4000
 Using DEFAULT tuning parameter for mflopmxm :    5000
 Using DEFAULT tuning parameter for mflopmxv :    4000
 Using DEFAULT tuning parameter for mindgm   :       1
 Using DEFAULT tuning parameter for mindgc   :       4
 Using DEFAULT tuning parameter for mindgf   :    5000
 Using DEFAULT tuning parameter for mindgl   :       4
 Using DEFAULT tuning parameter for mindgr   :       1
 Using DEFAULT tuning parameter for mindgv   :      20
 Using DEFAULT tuning parameter for mincuda  :     500
 Using DEFAULT tuning parameter for mxmblk   :      64
 Using DEFAULT tuning parameter for mxmbln   :      64
 Using DEFAULT tuning parameter for nroll    :       2
 Using custom tuning parameter for ngpus     :       0
 Using customized tuning parameters: mindgm=1; mindgv=20; mindgc=4; mindgr=1; noblas=0; minvec=7
 default implementation of scratch files=sf  

 ***,TS_02
 memory,64,g
 geometry={
 C  -0.318352  1.405754   -0.045578
 H  -0.077361  2.213988   0.636823
 H  -0.660059  1.718665   -1.027834
 H  0.910852   0.914651   -0.306183
 C  -0.820927  0.225485   0.478778
 H  -0.755081  0.060857   1.546583
 C  -1.666571  -0.735539  -0.283845
 H  -1.534288  -0.620544  -1.359456
 H  -1.450086  -1.767406  -0.009176
 H  -2.722395  -0.552349  -0.056129
 O  1.794402   -0.002177  -0.295321
 O  1.096038   -0.915580  0.255227
  }
 basis,O=AVQZ,C=AVQZ,H=VQZ
 {rhf
 wf,41,1,1
 }
 uccsd;
 

 Fortran compiler diagnostic
 ***************************

 integer size                  8
 double precision size         8
 logical size                  8

 diagnostic completed successfully

 Variables initialized (889), CPU time= 0.01 sec
 Commands  initialized (702), CPU time= 0.02 sec, 572 directives.
 Default parameters read. Elapsed time= 0.12 sec

 Using DEFAULT tuning parameter for mpplat   :       3
 Using DEFAULT tuning parameter for mppspeed :    1600
 Checking input...
 Passed
1


                                         ***  PROGRAM SYSTEM MOLPRO  ***
                                       Copyright, TTI GmbH Stuttgart, 2015
                                    Version 2015.1 linked Jun  9 2019 06:55:40


 **********************************************************************************************************************************
 LABEL *   TS_02                                                                         
  64 bit mpp version                                                                     DATE: 26-Apr-22          TIME: 18:03:40  
 **********************************************************************************************************************************

 SHA1:             f6387f0c468d0184d0b38d85973bdb066f718752
 **********************************************************************************************************************************

Geometry recognized as XYZ


 Variable memory set to ********** words,  buffer space   230000 words

 SETTING BASIS          =    O=AVQZ,C=AVQZ,H=VQZ


 Recomputing integrals since basis changed


 Using spherical harmonics

 Library entry C      S aug-cc-pVQZ          selected for orbital group  1
 Library entry C      P aug-cc-pVQZ          selected for orbital group  1
 Library entry C      D aug-cc-pVQZ          selected for orbital group  1
 Library entry C      F aug-cc-pVQZ          selected for orbital group  1
 Library entry C      G aug-cc-pVQZ          selected for orbital group  1
 Library entry H      S cc-pVQZ              selected for orbital group  2
 Library entry H      P cc-pVQZ              selected for orbital group  2
 Library entry H      D cc-pVQZ              selected for orbital group  2
 Library entry H      F cc-pVQZ              selected for orbital group  2
 Library entry O      S aug-cc-pVQZ          selected for orbital group  7
 Library entry O      P aug-cc-pVQZ          selected for orbital group  7
 Library entry O      D aug-cc-pVQZ          selected for orbital group  7
 Library entry O      F aug-cc-pVQZ          selected for orbital group  7
 Library entry O      G aug-cc-pVQZ          selected for orbital group  7


 PROGRAM * SEWARD (Integral evaluation for generally contracted gaussian basis sets)     Author: Roland Lindh, 1990

 Geometry written to block  1 of record 700


 Point group  C1  



 ATOMIC COORDINATES

 NR  ATOM    CHARGE       X              Y              Z

   1  C       6.00   -0.601598091    2.656490059   -0.086129937
   2  H       1.00   -0.146191103    4.183830963    1.203421060
   3  H       1.00   -1.247330736    3.247806150   -1.942324762
   4  H       1.00    1.721260820    1.728439890   -0.578602014
   5  C       6.00   -1.551327198    0.426104895    0.904759294
   6  H       1.00   -1.426896292    0.115003063    2.922618299
   7  C       6.00   -3.149362757   -1.389967264   -0.536389312
   8  H       1.00   -2.899384116   -1.172658208   -2.568999518
   9  H       1.00   -2.740265397   -3.339913291   -0.017340127
  10  H       1.00   -5.144580953   -1.043788335   -0.106068438
  11  O       8.00    3.390928337   -0.004113934   -0.558075809
  12  O       8.00    2.071211642   -1.730195445    0.482309130

 Bond lengths in Bohr (Angstrom)

  1- 2  2.050148175   1- 3  2.052336374   1- 4  2.549407654   1- 5  2.618867088   4-11  2.406232261
       ( 1.084891693)       ( 1.086049639)       ( 1.349088432)       ( 1.385844781)       ( 1.273323277)

  5- 6  2.045488294   5- 7  2.815802735   7- 8  2.059421472   7- 9  2.058898301   7-10  2.070244322
       ( 1.082425791)       ( 1.490058638)       ( 1.089798911)       ( 1.089522061)       ( 1.095526116)

 11-12  2.409026849
       ( 1.274802109)

 Bond angles

  1- 4-11  153.21351273   1- 5- 6  118.73274587   1- 5- 7  124.15585922   2- 1- 3  115.09592476

  2-1-4  100.97070113   2-1-5  118.49238532   3-1-4  102.52387246   3-1-5  118.26062891

  4- 1- 5   95.36416722   4-11-12   98.01651462   5- 7- 8  111.60470933   5- 7- 9  111.65612673

  5- 7-10  109.43425969   6- 5- 7  116.18845708   8- 7- 9  108.94349668   8- 7-10  107.72767976

  9- 7-10  107.30526090

 NUCLEAR CHARGE:                   41
 NUMBER OF PRIMITIVE AOS:         849
 NUMBER OF SYMMETRY AOS:          689
 NUMBER OF CONTRACTIONS:          610   ( 610A   )
 NUMBER OF CORE ORBITALS:           5   (   5A   )
 NUMBER OF VALENCE ORBITALS:       27   (  27A   )


 NUCLEAR REPULSION ENERGY  180.13356368


 Eigenvalues of metric

         1 0.745E-05 0.822E-05 0.254E-04 0.320E-04 0.336E-04 0.403E-04 0.487E-04 0.590E-04


 Contracted 2-electron integrals neglected if value below      1.0D-12
 AO integral compression algorithm  1   Integral accuracy      1.0D-12

     63816.073 MB (compressed) written to integral file ( 42.7%)

     Node minimum: 7662.993 MB, node maximum: 8110.473 MB


 NUMBER OF SORTED TWO-ELECTRON INTEGRALS: 2170534920.     BUFFER LENGTH:  32768
 NUMBER OF SEGMENTS:  68  SEGMENT LENGTH:   31996696      RECORD LENGTH: 262144

 Memory used in sort:      32.29 MW

 SORT1 READ 18660726875. AND WROTE  1875395029. INTEGRALS IN  10768 RECORDS. CPU TIME:  1015.91 SEC, REAL TIME:  1131.51 SEC
 SORT2 READ 15015679899. AND WROTE 17364186190. INTEGRALS IN 243744 RECORDS. CPU TIME:   116.60 SEC, REAL TIME:  3234.39 SEC

 Node minimum:  2170441744.  Node maximum:  2170604805. integrals

 OPERATOR DM      FOR CENTER  0  COORDINATES:    0.000000    0.000000    0.000000


 **********************************************************************************************************************************
 DATASETS  * FILE   NREC   LENGTH (MB)   RECORD NAMES
              1      18       33.68       500      610      700      900      950      970     1000      129      960     1100   
                                          VAR    BASINP    GEOM    SYMINP    ZMAT    AOBASIS   BASIS     P2S    ABASIS      S 
                                         1400     1410     1200     1210     1080     1600     1650     1700   
                                           T        V       H0       H01     AOSYM     SMH    MOLCAS    OPER   

 PROGRAMS   *        TOTAL       INT
 CPU TIMES  *      1294.51   1294.33
 REAL TIME  *      4643.18 SEC
 DISK USED  *       243.51 GB      
 GA USED    *         0.01 MB       (max)       0.00 MB       (current)
 **********************************************************************************************************************************


 PROGRAM * RHF-SCF (OPEN SHELL)       Authors: W. Meyer, H.-J. Werner


 NUMBER OF ELECTRONS:      21+   20-    SPACE SYMMETRY=1    SPIN SYMMETRY: Doublet 
 CONVERGENCE THRESHOLDS:    1.00E-05 (Density)    1.00E-07 (Energy)
 MAX. NUMBER OF ITERATIONS:       60
 INTERPOLATION TYPE:            DIIS
 INTERPOLATION STEPS:              2 (START)      1 (STEP)
 LEVEL SHIFTS:                 -0.60 (CLOSED) -0.30 (OPEN) 



 Orbital guess generated from atomic densities. Full valence occupancy:   32

 Molecular orbital dump at record        2100.2

 Initial alpha occupancy:  21
 Initial beta  occupancy:  20
 Wave function symmetry:    1

 ITERATION    DDIFF          GRAD             ENERGY        2-EL.EN.            DIPOLE MOMENTS         DIIS   ORB.
    1      0.000D+00      0.000D+00      -267.22042902    548.533962   -0.88391    0.51640   -0.03738    0    start
    2      0.000D+00      0.222D-02      -267.27928953    549.315956   -1.22456    0.49335    0.08637    1    diag,B
    3      0.123D-02      0.788D-03      -267.29015729    549.186538   -1.23615    0.50130    0.09448    2    diag,B
    4      0.448D-03      0.398D-03      -267.29574866    549.290671   -1.34103    0.47410    0.14279    3    diag,B
    5      0.351D-03      0.210D-03      -267.29748470    549.338748   -1.39293    0.48028    0.15462    4    diag,B
    6      0.175D-03      0.115D-03      -267.29854254    549.349812   -1.45918    0.46714    0.17456    5    diag,B
    7      0.148D-03      0.806D-04      -267.29918830    549.366889   -1.50669    0.45432    0.18779    6    fixocc
    8      0.107D-03      0.584D-04      -267.29969135    549.376268   -1.53861    0.43636    0.19938    7    diag,B
    9      0.822D-04      0.478D-04      -267.30018510    549.380897   -1.55769    0.41446    0.21089    8    diag,B
   10      0.916D-04      0.365D-04      -267.30064562    549.373712   -1.57007    0.38467    0.22589    9    orth
   11      0.141D-03      0.156D-04      -267.30067321    549.374973   -1.56500    0.38188    0.22734    9    diag,B
   12      0.427D-04      0.120D-04      -267.30069088    549.370431   -1.56601    0.37692    0.22966    9    diag,B
   13      0.366D-04      0.454D-05      -267.30069155    549.371550   -1.56407    0.37862    0.22874    9    diag,B
   14      0.128D-04      0.246D-05      -267.30069211    549.371095   -1.56361    0.37840    0.22874    9    diag,B
   15      0.927D-05      0.988D-06      -267.30069216    549.371253   -1.56330    0.37874    0.22856    9    diag,B
   16      0.311D-05      0.495D-06      -267.30069219    549.371249   -1.56332    0.37873    0.22856    0    orth

 Final alpha occupancy:  21
 Final beta  occupancy:  20

 !RHF STATE 1.1 Energy               -267.300692187711
 Nuclear energy                       180.13356368
 One-electron energy                 -722.11988055
 Two-electron energy                  274.68562469
 Virial quotient                       -1.00085440
 !RHF STATE 1.1 Dipole moment          -1.56331919     0.37873144     0.22855973
 Dipole moment /Debye                  -3.97330079     0.96257624     0.58090284

 Orbital energies:

         1.1          2.1          3.1          4.1          5.1          6.1          7.1          8.1          9.1         10.1
    -20.629598   -20.596684   -11.314216   -11.248174   -11.220643    -1.511882    -1.104977    -1.059878    -0.968407    -0.799086

        11.1         12.1         13.1         14.1         15.1         16.1         17.1         18.1         19.1         20.1
     -0.709810    -0.668253    -0.628925    -0.607094    -0.589919    -0.576629    -0.549261    -0.527616    -0.451736    -0.369976

        21.1         22.1         23.1
     -0.483101     0.038964     0.046098

 HOMO     21.1    -0.483101 =     -13.1458eV
 LUMO     22.1     0.038964 =       1.0603eV
 LUMO-HOMO         0.522064 =      14.2061eV


 **********************************************************************************************************************************
 DATASETS  * FILE   NREC   LENGTH (MB)   RECORD NAMES
              1      18       33.68       500      610      700      900      950      970     1000      129      960     1100   
                                          VAR    BASINP    GEOM    SYMINP    ZMAT    AOBASIS   BASIS     P2S    ABASIS      S 
                                         1400     1410     1200     1210     1080     1600     1650     1700   
                                           T        V       H0       H01     AOSYM     SMH    MOLCAS    OPER   

              2       4       13.48       700     1000      520     2100   
                                         GEOM     BASIS   MCVARS     RHF  

 PROGRAMS   *        TOTAL       RHF       INT
 CPU TIMES  *      2414.33   1119.80   1294.33
 REAL TIME  *      9175.73 SEC
 DISK USED  *       244.32 GB      
 SF USED    *         1.49 MB      
 GA USED    *         0.01 MB       (max)       0.00 MB       (current)
 **********************************************************************************************************************************


 PROGRAM * CCSD (Unrestricted open-shell coupled cluster)     Authors: C. Hampel, H.-J. Werner, 1991, M. Deegan, P.J. Knowles, 1992


 Convergence thresholds:  THRVAR = 1.00D-08  THRDEN = 1.00D-06

 Number of core orbitals:           5 (   5 )
 Number of closed-shell orbitals:  15 (  15 )
 Number of active  orbitals:        1 (   1 )
 Number of external orbitals:     589 ( 589 )

 Number of N-1 electron functions:              31
 Number of N-2 electron functions:             465
 Number of singly external CSFs:             18290
 Number of doubly external CSFs:         122638875
 Total number of CSFs:                   122657165

 Molecular orbitals read from record     2100.2  Type=RHF/CANONICAL (state 1.1)

 Integral transformation finished. Total CPU:1073.95 sec, npass=  1  Memory used:2023.50 MW

 Starting RMP2 calculation

 ITER.      SQ.NORM     CORR.ENERGY   TOTAL ENERGY   ENERGY CHANGE        DEN1      VAR(S)    VAR(P)  DIIS     TIME
   1      1.30785545    -1.08893136  -268.38962354    -1.08893136    -0.00385856  0.44D-04  0.16D-02  1  1  1169.58
   2      1.31178796    -1.09311179  -268.39380398    -0.00418043    -0.00001136  0.14D-05  0.54D-05  2  2  1230.55
   3      1.31195961    -1.09320461  -268.39389680    -0.00009282    -0.00000010  0.51D-07  0.29D-07  3  3  1263.08
   4      1.31196412    -1.09320495  -268.39389713    -0.00000034    -0.00000000  0.13D-08  0.24D-09  4  4  1323.86

 Norm of t1 vector:      0.05757929      S-energy:    -0.00578030      T1 diagnostic:  0.00086407
 Norm of t2 vector:      0.55556165      P-energy:    -1.08742464
                                         Alpha-Beta:  -0.82761278
                                         Alpha-Alpha: -0.13167443
                                         Beta-Beta:   -0.12813742

 Spin contamination <S**2-Sz**2-Sz>     0.00219247
  Reference energy                   -267.300692187712
  RHF-RMP2 correlation energy          -1.093204945675
 !RHF-RMP2 energy                    -268.393897133388

 Starting UCCSD calculation

 ITER.      SQ.NORM     CORR.ENERGY   TOTAL ENERGY   ENERGY CHANGE        DEN1      VAR(S)    VAR(P)  DIIS     TIME
   1      1.30606259    -1.06906389  -268.36975608    -1.06906389    -0.03486141  0.12D-01  0.59D-02  1  1  2300.97
   2      1.33624913    -1.09809544  -268.39878763    -0.02903155    -0.00494661  0.10D-02  0.14D-02  2  2  3286.53
   3      1.36022743    -1.10571697  -268.40640916    -0.00762153    -0.00120142  0.12D-02  0.12D-03  3  3  4288.95
   4      1.37561643    -1.10915623  -268.40984841    -0.00343925    -0.00045590  0.38D-03  0.57D-04  4  4  5275.50
   5      1.39381899    -1.11137677  -268.41206895    -0.00222054    -0.00012470  0.11D-03  0.15D-04  5  5  6257.70
   6      1.40441535    -1.11236529  -268.41305748    -0.00098852    -0.00002274  0.15D-04  0.42D-05  6  6  7267.78
   7      1.40825130    -1.11260802  -268.41330021    -0.00024273    -0.00000503  0.26D-05  0.13D-05  6  1  8238.81
   8      1.40886433    -1.11267759  -268.41336978    -0.00006958    -0.00000136  0.98D-06  0.27D-06  6  2  9226.29
   9      1.40885262    -1.11266948  -268.41336166     0.00000812    -0.00000038  0.31D-06  0.64D-07  6  3 10274.74
  10      1.40916019    -1.11271101  -268.41340320    -0.00004153    -0.00000011  0.89D-07  0.20D-07  6  4 11247.32
  11      1.40906572    -1.11269560  -268.41338779     0.00001541    -0.00000003  0.24D-07  0.62D-08  6  5 12283.03
  12      1.40912485    -1.11269971  -268.41339190    -0.00000411    -0.00000001  0.87D-08  0.13D-08  6  6 13286.74
  13      1.40909145    -1.11269436  -268.41338655     0.00000535    -0.00000000  0.35D-08  0.49D-09  6  2 14281.18
  14      1.40908576    -1.11269336  -268.41338555     0.00000100    -0.00000000  0.15D-08  0.24D-09  6  1 15288.53
  15      1.40908647    -1.11269314  -268.41338533     0.00000022    -0.00000000  0.83D-09  0.90D-10  6  3 16325.47

 Norm of t1 vector:      0.26238076      S-energy:    -0.00591841      T1 diagnostic:  0.03214723
                                                                       D1 diagnostic:  0.12058573
 Norm of t2 vector:      0.58330336      P-energy:    -1.10677473
                                         Alpha-Beta:  -0.87135070
                                         Alpha-Alpha: -0.11848580
                                         Beta-Beta:   -0.11693823

 Singles amplitudes (print threshold =  0.500E-01):

         I         SYM. A    A   T(IA) [Beta-Beta]

        10         1         1     -0.07823154
        11         1         1     -0.14585719
        15         1         8      0.05516530
        15         1        10     -0.05292355
        15         1        11     -0.06803941

 Spin contamination <S**2-Sz**2-Sz>     0.00449558


 RESULTS
 =======

  Reference energy                   -267.300692187712
  UCCSD singles energy                 -0.005918410048
  UCCSD pair energy                    -1.106774733154
  UCCSD correlation energy             -1.112693143201

 !RHF-UCCSD energy                   -268.413385330914

 Program statistics:

 Available memory in ccsd:             63999997692
 Min. memory needed in ccsd:             340083258
 Max. memory used in ccsd:               496005278
 Max. memory used in cckext:             355219671 (15 integral passes)
 Max. memory used in cckint:            2023497284 ( 1 integral passes)



 **********************************************************************************************************************************
 DATASETS  * FILE   NREC   LENGTH (MB)   RECORD NAMES
              1      18       33.68       500      610      700      900      950      970     1000      129      960     1100   
                                          VAR    BASINP    GEOM    SYMINP    ZMAT    AOBASIS   BASIS     P2S    ABASIS      S 
                                         1400     1410     1200     1210     1080     1600     1650     1700   
                                           T        V       H0       H01     AOSYM     SMH    MOLCAS    OPER   

              2       4       13.48       700     1000      520     2100   
                                         GEOM     BASIS   MCVARS     RHF  

 PROGRAMS   *        TOTAL     UCCSD       RHF       INT
 CPU TIMES  *     18744.49  16330.09   1119.80   1294.33
 REAL TIME  *     46558.85 SEC
 DISK USED  *       368.21 GB      
 SF USED    *        39.06 GB      
 GA USED    *         0.01 MB       (max)       0.00 MB       (current)
 **********************************************************************************************************************************

 UCCSD/O=AVQZ,C=AVQZ,H=VQZ energy=   -268.413385330914

        UCCSD           RHF-SCF 
   -268.41338533   -267.30069219
 **********************************************************************************************************************************
 Molpro calculation terminated
 Variable memory released

 Fortran compiler diagnostic
 ***************************

 integer size                  8
 double precision size         8
 logical size                  8

 diagnostic completed successfully
