
 Primary working directories    : /scratch/saurabh/PBS_8054031.helios
 Secondary working directories  : /scratch/saurabh/PBS_8054031.helios
 Wavefunction directory         : /scratch/saurabh/PBS_8054031.helios/
 Main file repository           : /scratch/saurabh/PBS_8054031.helios/

 SHA1      : f6387f0c468d0184d0b38d85973bdb066f718752
 NAME      : 2015.1.44
 ARCHNAME  : linux/x86_64
 FC        : /opt/may/bin/gfortran
 BLASLIB   : -Wl,-_start-group /opt/intel/mkl/lib/intel64/libmkl_gf_ilp64.a /opt/intel/mkl/lib/intel64/libmkl_gnu_thread.a /opt/intel/mkl/lib/intel64/libmkl_core.a -Wl,-_end-group
 id        : ramakrishnan

 Nodes             nprocs
 hel09.tifrh.res.in    8

 Using DEFAULT tuning parameter for ncache   :   16384
 Using DEFAULT tuning parameter for mflopdgm :   10000
 Using DEFAULT tuning parameter for mflopdgv :    4000
 Using DEFAULT tuning parameter for mflopmxm :    5000
 Using DEFAULT tuning parameter for mflopmxv :    4000
 Using DEFAULT tuning parameter for mindgm   :       1
 Using DEFAULT tuning parameter for mindgc   :       4
 Using DEFAULT tuning parameter for mindgf   :    5000
 Using DEFAULT tuning parameter for mindgl   :       4
 Using DEFAULT tuning parameter for mindgr   :       1
 Using DEFAULT tuning parameter for mindgv   :      20
 Using DEFAULT tuning parameter for mincuda  :     500
 Using DEFAULT tuning parameter for mxmblk   :      64
 Using DEFAULT tuning parameter for mxmbln   :      64
 Using DEFAULT tuning parameter for nroll    :       2
 Using custom tuning parameter for ngpus     :       0
 Using customized tuning parameters: mindgm=1; mindgv=20; mindgc=4; mindgr=1; noblas=0; minvec=7
 default implementation of scratch files=sf  

 ***,Mol_04
 memory,25,g
 geometry={
 C  -1.506883  0.098067   -0.148522
 C  -0.152156  -0.036390  0.486086
 C  1.039267   0.615939   -0.060866
 H  -2.078321  -0.824652  -0.035345
 H  -1.413569  0.313775   -1.212601
 H  -2.073128  0.903919   0.322991
 O  0.827897   -0.788134  -0.239781
 H  -0.154185  -0.249774  1.552381
 H  1.863894   0.881375   0.592649
 H  0.950765   1.214734   -0.962017
  }
 basis={
                                                                            ! oxygen               (10s,5p,4d,2f) -&gt; [10s,5p,4d,2f]
 s, O , 0.1533000000E+05, 0.2299000000E+04, 0.5224000000E+03, 0.1473000000E+03, 0.4755000000E+02, 0.1676000000E+02, 0.6207000000E+01, 0.1752000000E+01, 0.6882000000E+00, 0.2384000000E+00
 c, 1.1, 0.1000000000E+01
 c, 2.2, 0.1000000000E+01
 c, 3.3, 0.1000000000E+01
 c, 4.4, 0.1000000000E+01
 c, 5.5, 0.1000000000E+01
 c, 6.6, 0.1000000000E+01
 c, 7.7, 0.1000000000E+01
 c, 8.8, 0.1000000000E+01
 c, 9.9, 0.1000000000E+01
 c, 10.10, 0.1000000000E+01
 p, O , 0.3446000000E+02, 0.7749000000E+01, 0.2280000000E+01, 0.7156000000E+00, 0.2140000000E+00
 c, 1.1, 0.1000000000E+01
 c, 2.2, 0.1000000000E+01
 c, 3.3, 0.1000000000E+01
 c, 4.4, 0.1000000000E+01
 c, 5.5, 0.1000000000E+01
 d, O , 0.2100000000E+02, 0.7000000000E+01, 0.2314000000E+01, 0.6450000000E+00
 c, 1.1, 0.1000000000E+01
 c, 2.2, 0.1000000000E+01
 c, 3.3, 0.1000000000E+01
 c, 4.4, 0.1000000000E+01
 f, O , 0.4300000000E+01, 0.1428000000E+01
 c, 1.1, 0.1000000000E+01
 c, 2.2, 0.1000000000E+01
                                                                                 ! hydrogen             (5s,2p,1d) -&gt; [5s,2p,1d]
 s, H , 0.3387000000E+02, 0.5095000000E+01, 0.1159000000E+01, 0.3258000000E+00, 0.1027000000E+00
 c, 1.1, 0.1000000000E+01
 c, 2.2, 0.1000000000E+01
 c, 3.3, 0.1000000000E+01
 c, 4.4, 0.1000000000E+01
 c, 5.5, 0.1000000000E+01
 p, H , 0.1407000000E+01, 0.3880000000E+00
 c, 1.1, 0.1000000000E+01
 c, 2.2, 0.1000000000E+01
 d, H , 0.1057000000E+01
 c, 1.1, 0.1000000000E+01
                                                                            ! carbon               (10s,5p,4d,2f) -&gt; [10s,5p,4d,2f]
 s, C , 0.8236000000E+04, 0.1235000000E+04, 0.2808000000E+03, 0.7927000000E+02, 0.2559000000E+02, 0.8997000000E+01, 0.3319000000E+01, 0.9059000000E+00, 0.3643000000E+00, 0.1285000000E+00
 c, 1.1, 0.1000000000E+01
 c, 2.2, 0.1000000000E+01
 c, 3.3, 0.1000000000E+01
 c, 4.4, 0.1000000000E+01
 c, 5.5, 0.1000000000E+01
 c, 6.6, 0.1000000000E+01
 c, 7.7, 0.1000000000E+01
 c, 8.8, 0.1000000000E+01
 c, 9.9, 0.1000000000E+01
 c, 10.10, 0.1000000000E+01
 p, C , 0.1871000000E+02, 0.4133000000E+01, 0.1200000000E+01, 0.3827000000E+00, 0.1209000000E+00
 c, 1.1, 0.1000000000E+01
 c, 2.2, 0.1000000000E+01
 c, 3.3, 0.1000000000E+01
 c, 4.4, 0.1000000000E+01
 c, 5.5, 0.1000000000E+01
 d, C , 0.1000000000E+02, 0.3300000000E+01, 0.1097000000E+01, 0.3180000000E+00
 c, 1.1, 0.1000000000E+01
 c, 2.2, 0.1000000000E+01
 c, 3.3, 0.1000000000E+01
 c, 4.4, 0.1000000000E+01
 f, C , 0.2300000000E+01, 0.7610000000E+00
 c, 1.1, 0.1000000000E+01
 c, 2.2, 0.1000000000E+01
 }
 DKROLL=1
 DKHO=2
 hf;
 {ccsd(t)
 core}
 

 Fortran compiler diagnostic
 ***************************

 integer size                  8
 double precision size         8
 logical size                  8

 diagnostic completed successfully

 Variables initialized (889), CPU time= 0.01 sec
 Commands  initialized (702), CPU time= 0.02 sec, 572 directives.
 Default parameters read. Elapsed time= 0.11 sec

 Using DEFAULT tuning parameter for mpplat   :       3
 Using DEFAULT tuning parameter for mppspeed :    1600
 Checking input...
 Passed
1


                                         ***  PROGRAM SYSTEM MOLPRO  ***
                                       Copyright, TTI GmbH Stuttgart, 2015
                                    Version 2015.1 linked Jun  9 2019 06:55:40


 **********************************************************************************************************************************
 LABEL *   Mol_04                                                                        
  64 bit mpp version                                                                     DATE: 08-Apr-22          TIME: 13:50:32  
 **********************************************************************************************************************************

 SHA1:             f6387f0c468d0184d0b38d85973bdb066f718752
 **********************************************************************************************************************************

Geometry recognized as XYZ


 Variable memory set to ********** words,  buffer space   230000 words

 SETTING BASIS          =    USERDEF
 SETTING DKROLL         =         1.00000000                                  
 SETTING DKHO           =         2.00000000                                  


 Recomputing integrals since basis changed


 Using spherical harmonics



 PROGRAM * SEWARD (Integral evaluation for generally contracted gaussian basis sets)     Author: Roland Lindh, 1990

 Geometry written to block  1 of record 700


 Point group  C1  



 ATOMIC COORDINATES

 NR  ATOM    CHARGE       X              Y              Z

   1  C       6.00   -2.847596172    0.185319772   -0.280665903
   2  C       6.00   -0.287533168   -0.068767134    0.918569413
   3  C       6.00    1.963930000    1.163956019   -0.115020070
   4  H       1.00   -3.927457489   -1.558366428   -0.066792370
   5  H       1.00   -2.671258268    0.592948815   -2.291483788
   6  H       1.00   -3.917644141    1.708159349    0.610364531
   7  O       8.00    1.564498589   -1.489357409   -0.453120420
   8  H       1.00   -0.291367423   -0.472004453    2.933574931
   9  H       1.00    3.522249185    1.665557363    1.119944298
  10  H       1.00    1.796685459    2.295514574   -1.817948657

 Bond lengths in Bohr (Angstrom)

 1-2  2.838423521  1-4  2.062106670  1-5  2.059282656  1-6  2.063486920  2-3  2.767128474
     ( 1.502029042)     ( 1.091219856)     ( 1.089725453)     ( 1.091950253)     ( 1.464301328)

  2- 7  2.707329193   2- 8  2.054960407   3- 7  2.704427749   3- 9  2.050633946   3-10  2.051429080
       ( 1.432656911)       ( 1.087438217)       ( 1.431121533)       ( 1.085148752)       ( 1.085569519)

 Bond angles

  1-2-3  122.42261063   1-2-7  116.73739220   1-2-8  115.47825095   2-1-4  110.65862435

  2-1-5  110.67358839   2-1-6  110.56880394   2-3-7   59.29998567   2-3-9  120.15406834

  2- 3-10  119.30543885   2- 7- 3   61.50328786   3- 2- 7   59.19672647   3- 2- 8  117.07757081

  4-1-5  108.27018411   4-1-6  107.92038728   5-1-6  108.66092396   7-2-8  113.27342097

  7- 3- 9  115.30973153   7- 3-10  115.17280810   9- 3-10  115.27448285

 NUCLEAR CHARGE:                   32
 NUMBER OF PRIMITIVE AOS:         378
 NUMBER OF SYMMETRY AOS:          332
 NUMBER OF CONTRACTIONS:          332   ( 332A   )
 NUMBER OF CORE ORBITALS:           4   (   4A   )
 NUMBER OF VALENCE ORBITALS:       22   (  22A   )


 NUCLEAR REPULSION ENERGY  124.79574246

 One-electron integrals computed with SEWARD

 2nd-order Douglas-Kroll-Hess method activated. Optimal DKH parametrization is used.

 Computing Douglas-Kroll / X2C integrals

 AO integral compression algorithm  1   Integral accuracy      1.0D-11

     3790.340 MB (compressed) written to integral file ( 28.0%)

     Node minimum: 433.586 MB, node maximum: 525.074 MB


 NUMBER OF SORTED TWO-ELECTRON INTEGRALS:  190964760.     BUFFER LENGTH:  32768
 NUMBER OF SEGMENTS:   6  SEGMENT LENGTH:   31996696      RECORD LENGTH: 524288

 Memory used in sort:      32.55 MW

 SORT1 READ  1694144047. AND WROTE   119042883. INTEGRALS IN    343 RECORDS. CPU TIME:    19.66 SEC, REAL TIME:    20.97 SEC
 SORT2 READ   952497308. AND WROTE  1527856281. INTEGRALS IN  13336 RECORDS. CPU TIME:     3.66 SEC, REAL TIME:     4.79 SEC

 Node minimum:   190957851.  Node maximum:   191006220. integrals

 OPERATOR DM      FOR CENTER  0  COORDINATES:    0.000000    0.000000    0.000000

 Eigenvalues of metric

         1 0.343E-03 0.654E-03 0.937E-03 0.101E-02 0.123E-02 0.137E-02 0.149E-02 0.163E-02


 **********************************************************************************************************************************
 DATASETS  * FILE   NREC   LENGTH (MB)   RECORD NAMES
              1      22       27.19       500      610      700      900      950      970     1000      129      960     1700   
                                          VAR    BASINP    GEOM    SYMINP    ZMAT    AOBASIS   BASIS     P2S    ABASIS    OPER   
                                         1101     1401     1411     1412     1650     1100     1400     1410     1200     1210   
                                          SR      EKINR    POTR     PVPR    MOLCAS      S      EKIN      POT      H0       H01  
                                         1080     1600   
                                         AOSYM     SMH  

 PROGRAMS   *        TOTAL       INT
 CPU TIMES  *        40.13     39.97
 REAL TIME  *        55.35 SEC
 DISK USED  *        15.13 GB      
 GA USED    *         0.00 MB       (max)       0.00 MB       (current)
 **********************************************************************************************************************************


 PROGRAM * RHF-SCF (CLOSED SHELL)       Authors: W. Meyer, H.-J. Werner


 NUMBER OF ELECTRONS:      16+   16-    SPACE SYMMETRY=1    SPIN SYMMETRY: Singlet 
 CONVERGENCE THRESHOLDS:    1.00E-05 (Density)    1.00E-07 (Energy)
 MAX. NUMBER OF ITERATIONS:       60
 INTERPOLATION TYPE:            DIIS
 INTERPOLATION STEPS:              2 (START)      1 (STEP)
 LEVEL SHIFTS:                  0.00 (CLOSED)  0.00 (OPEN) 



 Orbital guess generated from atomic densities. Full valence occupancy:   16

 Molecular orbital dump at record        2100.2

 Initial occupancy:  16

 ITERATION    DDIFF          GRAD             ENERGY        2-EL.EN.            DIPOLE MOMENTS         DIIS   ORB.
    1      0.000D+00      0.000D+00      -192.02672911    382.853741   -0.53580    1.07104    0.43121    0    start
    2      0.000D+00      0.300D-02      -192.06846518    381.430760   -0.34864    0.56148    0.20807    1    diag
    3      0.109D-02      0.154D-02      -192.07706322    382.221453   -0.38255    0.79223    0.32707    2    diag
    4      0.395D-03      0.477D-03      -192.07824722    382.044885   -0.35929    0.73830    0.30537    3    diag
    5      0.166D-03      0.995D-04      -192.07832210    382.073340   -0.36451    0.74711    0.30599    4    diag
    6      0.569D-04      0.276D-04      -192.07832715    382.061090   -0.36243    0.74655    0.30530    5    diag
    7      0.156D-04      0.524D-05      -192.07832746    382.062766   -0.36281    0.74656    0.30517    6    diag
    8      0.529D-05      0.150D-05      -192.07832749    382.062038   -0.36276    0.74674    0.30502    7    diag
    9      0.100D-05      0.560D-06      -192.07832749    382.062325   -0.36281    0.74671    0.30505    0    orth

 Final occupancy:  16

 !RHF STATE 1.1 Energy               -192.078327490427
 Nuclear energy                       124.79574246
 One-electron energy                 -507.90523249
 Two-electron energy                  191.03116254
 Virial quotient                       -0.99772357
 !RHF STATE 1.1 Dipole moment          -0.36280585     0.74670595     0.30504827
 Dipole moment /Debye                  -0.92210010     1.89781290     0.77530457

 Orbital energies:

         1.1          2.1          3.1          4.1          5.1          6.1          7.1          8.1          9.1         10.1
    -20.575725   -11.290228   -11.282303   -11.228758    -1.405834    -1.013105    -0.908320    -0.814504    -0.695370    -0.642412

        11.1         12.1         13.1         14.1         15.1         16.1         17.1         18.1
     -0.586210    -0.562248    -0.524600    -0.515643    -0.444270    -0.431924     0.144132     0.171387

 HOMO     16.1    -0.431924 =     -11.7533eV
 LUMO     17.1     0.144132 =       3.9220eV
 LUMO-HOMO         0.576056 =      15.6753eV


 **********************************************************************************************************************************
 DATASETS  * FILE   NREC   LENGTH (MB)   RECORD NAMES
              1      22       27.19       500      610      700      900      950      970     1000      129      960     1700   
                                          VAR    BASINP    GEOM    SYMINP    ZMAT    AOBASIS   BASIS     P2S    ABASIS    OPER   
                                         1101     1401     1411     1412     1650     1100     1400     1410     1200     1210   
                                          SR      EKINR    POTR     PVPR    MOLCAS      S      EKIN      POT      H0       H01  
                                         1080     1600   
                                         AOSYM     SMH  

              2       4        5.15       700     1000      520     2100   
                                         GEOM     BASIS   MCVARS     RHF  

 PROGRAMS   *        TOTAL        HF       INT
 CPU TIMES  *        59.36     19.23     39.97
 REAL TIME  *        75.74 SEC
 DISK USED  *        15.44 GB      
 SF USED    *         0.44 MB      
 GA USED    *         0.00 MB       (max)       0.00 MB       (current)
 **********************************************************************************************************************************


 PROGRAM * CCSD (Closed-shell coupled cluster)     Authors: C. Hampel, H.-J. Werner, 1991, M. Deegan, P.J. Knowles, 1992


 Convergence thresholds:  THRVAR = 1.00D-08  THRDEN = 1.00D-06

 CCSD(T)     terms to be evaluated (factor= 1.000)


 Number of closed-shell orbitals:  16 (  16 )
 Number of external orbitals:     316 ( 316 )

 Molecular orbitals read from record     2100.2  Type=RHF/CANONICAL (state 1.1)

 Number of N-1 electron functions:              16
 Number of N-2 electron functions:             136
 Number of singly external CSFs:              5056
 Number of doubly external CSFs:          12784096
 Total number of CSFs:                    12789153

 Length of J-op  integral file:               0.00 MB
 Length of K-op  integral file:               7.59 MB
 Length of 3-ext integral record:             0.00 MB

 Memory could be reduced to 615.82 Mwords without degradation in triples

 Integral transformation finished. Total CPU:  84.99 sec, npass=  1  Memory used: 338.98 MW

 Reference energy:                   -192.07832749

 MP2 singlet pair energy:              -0.66641459
 MP2 triplet pair energy:              -0.30420627
 MP2 correlation energy:               -0.97062086
 MP2 total energy:                   -193.04894835

 SCS-MP2 correlation energy:           -0.98898141   (PS=  1.200000  PT=  0.333333)
 SCS-MP2 total energy:               -193.06730890

 ITER.      SQ.NORM     CORR.ENERGY   TOTAL ENERGY   ENERGY CHANGE        DEN1      VAR(S)    VAR(P)  DIIS     TIME  TIME/IT
   1      1.22786345    -1.00028319  -193.07861068    -0.02966233    -0.00636530  0.38D-02  0.40D-02  1  1   112.70    28.13
   2      1.24317475    -1.00150533  -193.07983282    -0.00122213    -0.01997926  0.51D-04  0.52D-03  2  2   141.47    29.09
   3      1.24808426    -1.00160685  -193.07993434    -0.00010152    -0.00293647  0.43D-04  0.38D-04  3  3   170.31    29.42
   4      1.25035169    -1.00148501  -193.07981250     0.00012184    -0.00142403  0.14D-05  0.36D-05  4  4   198.19    29.48
   5      1.25077504    -1.00149732  -193.07982481    -0.00001231    -0.00014849  0.66D-06  0.28D-06  5  5   226.67    29.71
   6      1.25089174    -1.00149356  -193.07982105     0.00000376    -0.00001402  0.50D-07  0.24D-07  6  6   255.09    29.77
   7      1.25090860    -1.00149199  -193.07981948     0.00000156    -0.00000139  0.10D-07  0.28D-08  6  1   283.39    29.78
   8      1.25091311    -1.00149138  -193.07981887     0.00000061    -0.00000037  0.16D-08  0.51D-09  6  3   311.66    29.78
   9      1.25091616    -1.00149091  -193.07981840     0.00000047    -0.00000102  0.19D-09  0.85D-10  6  2   340.01    29.80

 Norm of t1 vector:      0.07632080      S-energy:     0.00000009      T1 diagnostic:  0.00954010
                                                                       D1 diagnostic:  0.02590232


 Total CPU time for triples:    803.17 sec


 RESULTS
 =======

  Reference energy                   -192.078327490424

  Correlated core orbitals:             1.1       2.1       3.1       4.1
  Orbital energies:                   -20.5757  -11.2902  -11.2823  -11.2288

  CCSD core-core energy                -0.147939036725
  CCSD core-valence energy             -0.058553062209
  CCSD valence correlation energy      -0.794998811903

  CCSD singlet pair energy             -0.723195540986
  CCSD triplet pair energy             -0.278295457477
  CCSD correlation energy              -1.001490910836

  Triples (T) contribution             -0.035435694164
  Total correlation energy             -1.036926605000

  CCSD total energy                  -193.079818401260
  CCSD[T] energy                     -193.116539503047
  CCSD-T energy                      -193.114682836137
 !CCSD(T) total energy               -193.115254095424

 Timing summary (sec):

 STEP                 CPU(USER)    SYS     CPU(TOT)    WALL
 Transformation         85.21      4.52     89.73     89.69
 CCSD iterations       254.91     13.72    268.63    268.44
 Triples               803.17     17.54    820.71    820.14

 Program statistics:

 Available memory in ccsd:             24999998876
 Min. memory needed in ccsd:              31046899
 Max. memory used in ccsd:                42906451
 Max. memory used in cckext:              31117558 ( 9 integral passes)



 **********************************************************************************************************************************
 DATASETS  * FILE   NREC   LENGTH (MB)   RECORD NAMES
              1      23     2235.27       500      610      700      900      950      970     1000      129      960     1700   
                                          VAR    BASINP    GEOM    SYMINP    ZMAT    AOBASIS   BASIS     P2S    ABASIS    OPER   
                                         1101     1401     1411     1412     1650     1100     1400     1410     1200     1210   
                                          SR      EKINR    POTR     PVPR    MOLCAS      S      EKIN      POT      H0       H01  
                                         1080     1600     1380   
                                         AOSYM     SMH     JKOP   

              2       4        5.15       700     1000      520     2100   
                                         GEOM     BASIS   MCVARS     RHF  

 PROGRAMS   *        TOTAL   CCSD(T)        HF       INT
 CPU TIMES  *      1202.72   1143.35     19.23     39.97
 REAL TIME  *      1255.06 SEC
 DISK USED  *        18.95 GB      
 SF USED    *         3.24 GB      
 GA USED    *         0.00 MB       (max)       0.00 MB       (current)
 **********************************************************************************************************************************

 CCSD(T)/USERDEF energy=   -193.115254095424

        CCSD(T)         HF-SCF  
   -193.11525410   -192.07832749
 **********************************************************************************************************************************
 Molpro calculation terminated
 Variable memory released

 Fortran compiler diagnostic
 ***************************

 integer size                  8
 double precision size         8
 logical size                  8

 diagnostic completed successfully
