
 Primary working directories    : /scratch/saurabh/PBS_8054023.helios
 Secondary working directories  : /scratch/saurabh/PBS_8054023.helios
 Wavefunction directory         : /scratch/saurabh/PBS_8054023.helios/
 Main file repository           : /scratch/saurabh/PBS_8054023.helios/

 SHA1      : f6387f0c468d0184d0b38d85973bdb066f718752
 NAME      : 2015.1.44
 ARCHNAME  : linux/x86_64
 FC        : /opt/may/bin/gfortran
 BLASLIB   : -Wl,-_start-group /opt/intel/mkl/lib/intel64/libmkl_gf_ilp64.a /opt/intel/mkl/lib/intel64/libmkl_gnu_thread.a /opt/intel/mkl/lib/intel64/libmkl_core.a -Wl,-_end-group
 id        : ramakrishnan

 Nodes             nprocs
 hel05.tifrh.res.in    8

 Using DEFAULT tuning parameter for ncache   :   16384
 Using DEFAULT tuning parameter for mflopdgm :   10000
 Using DEFAULT tuning parameter for mflopdgv :    4000
 Using DEFAULT tuning parameter for mflopmxm :    5000
 Using DEFAULT tuning parameter for mflopmxv :    4000
 Using DEFAULT tuning parameter for mindgm   :       1
 Using DEFAULT tuning parameter for mindgc   :       4
 Using DEFAULT tuning parameter for mindgf   :    5000
 Using DEFAULT tuning parameter for mindgl   :       4
 Using DEFAULT tuning parameter for mindgr   :       1
 Using DEFAULT tuning parameter for mindgv   :      20
 Using DEFAULT tuning parameter for mincuda  :     500
 Using DEFAULT tuning parameter for mxmblk   :      64
 Using DEFAULT tuning parameter for mxmbln   :      64
 Using DEFAULT tuning parameter for nroll    :       2
 Using custom tuning parameter for ngpus     :       0
 Using customized tuning parameters: mindgm=1; mindgv=20; mindgc=4; mindgr=1; noblas=0; minvec=7
 default implementation of scratch files=sf  

 ***,Mol_03
 memory,25,g
 geometry={
 C  1.690585   -0.689674  0.023809
 C  0.415876   0.074284   -0.336531
 C  0.439022   1.491088   0.110637
 H  1.608619   -1.728445  -0.295243
 H  1.860184   -0.664931  1.100346
 H  2.547635   -0.234432  -0.470990
 H  0.529234   1.713122   1.166125
 H  0.388342   2.311646   -0.589110
 O  -0.628624  -0.676243  0.322328
 O  -1.905372  -0.206703  -0.174531
 H  0.238717   0.015634   -1.412699
 H  -2.173658  0.396793   0.531707
  }
 basis={
                                                                            ! oxygen               (10s,5p,4d,2f) -&gt; [10s,5p,4d,2f]
 s, O , 0.1533000000E+05, 0.2299000000E+04, 0.5224000000E+03, 0.1473000000E+03, 0.4755000000E+02, 0.1676000000E+02, 0.6207000000E+01, 0.1752000000E+01, 0.6882000000E+00, 0.2384000000E+00
 c, 1.1, 0.1000000000E+01
 c, 2.2, 0.1000000000E+01
 c, 3.3, 0.1000000000E+01
 c, 4.4, 0.1000000000E+01
 c, 5.5, 0.1000000000E+01
 c, 6.6, 0.1000000000E+01
 c, 7.7, 0.1000000000E+01
 c, 8.8, 0.1000000000E+01
 c, 9.9, 0.1000000000E+01
 c, 10.10, 0.1000000000E+01
 p, O , 0.3446000000E+02, 0.7749000000E+01, 0.2280000000E+01, 0.7156000000E+00, 0.2140000000E+00
 c, 1.1, 0.1000000000E+01
 c, 2.2, 0.1000000000E+01
 c, 3.3, 0.1000000000E+01
 c, 4.4, 0.1000000000E+01
 c, 5.5, 0.1000000000E+01
 d, O , 0.2100000000E+02, 0.7000000000E+01, 0.2314000000E+01, 0.6450000000E+00
 c, 1.1, 0.1000000000E+01
 c, 2.2, 0.1000000000E+01
 c, 3.3, 0.1000000000E+01
 c, 4.4, 0.1000000000E+01
 f, O , 0.4300000000E+01, 0.1428000000E+01
 c, 1.1, 0.1000000000E+01
 c, 2.2, 0.1000000000E+01
                                                                                 ! hydrogen             (5s,2p,1d) -&gt; [5s,2p,1d]
 s, H , 0.3387000000E+02, 0.5095000000E+01, 0.1159000000E+01, 0.3258000000E+00, 0.1027000000E+00
 c, 1.1, 0.1000000000E+01
 c, 2.2, 0.1000000000E+01
 c, 3.3, 0.1000000000E+01
 c, 4.4, 0.1000000000E+01
 c, 5.5, 0.1000000000E+01
 p, H , 0.1407000000E+01, 0.3880000000E+00
 c, 1.1, 0.1000000000E+01
 c, 2.2, 0.1000000000E+01
 d, H , 0.1057000000E+01
 c, 1.1, 0.1000000000E+01
                                                                            ! carbon               (10s,5p,4d,2f) -&gt; [10s,5p,4d,2f]
 s, C , 0.8236000000E+04, 0.1235000000E+04, 0.2808000000E+03, 0.7927000000E+02, 0.2559000000E+02, 0.8997000000E+01, 0.3319000000E+01, 0.9059000000E+00, 0.3643000000E+00, 0.1285000000E+00
 c, 1.1, 0.1000000000E+01
 c, 2.2, 0.1000000000E+01
 c, 3.3, 0.1000000000E+01
 c, 4.4, 0.1000000000E+01
 c, 5.5, 0.1000000000E+01
 c, 6.6, 0.1000000000E+01
 c, 7.7, 0.1000000000E+01
 c, 8.8, 0.1000000000E+01
 c, 9.9, 0.1000000000E+01
 c, 10.10, 0.1000000000E+01
 p, C , 0.1871000000E+02, 0.4133000000E+01, 0.1200000000E+01, 0.3827000000E+00, 0.1209000000E+00
 c, 1.1, 0.1000000000E+01
 c, 2.2, 0.1000000000E+01
 c, 3.3, 0.1000000000E+01
 c, 4.4, 0.1000000000E+01
 c, 5.5, 0.1000000000E+01
 d, C , 0.1000000000E+02, 0.3300000000E+01, 0.1097000000E+01, 0.3180000000E+00
 c, 1.1, 0.1000000000E+01
 c, 2.2, 0.1000000000E+01
 c, 3.3, 0.1000000000E+01
 c, 4.4, 0.1000000000E+01
 f, C , 0.2300000000E+01, 0.7610000000E+00
 c, 1.1, 0.1000000000E+01
 c, 2.2, 0.1000000000E+01
 }
 {rhf
 wf,41,1,1
 }
 uccsd(t);
 

 Fortran compiler diagnostic
 ***************************

 integer size                  8
 double precision size         8
 logical size                  8

 diagnostic completed successfully

 Variables initialized (889), CPU time= 0.02 sec
 Commands  initialized (702), CPU time= 0.02 sec, 572 directives.
 Default parameters read. Elapsed time= 0.10 sec

 Using DEFAULT tuning parameter for mpplat   :       3
 Using DEFAULT tuning parameter for mppspeed :    1600
 Checking input...
 Passed
1


                                         ***  PROGRAM SYSTEM MOLPRO  ***
                                       Copyright, TTI GmbH Stuttgart, 2015
                                    Version 2015.1 linked Jun  9 2019 06:55:40


 **********************************************************************************************************************************
 LABEL *   Mol_03                                                                        
  64 bit mpp version                                                                     DATE: 08-Apr-22          TIME: 01:05:30  
 **********************************************************************************************************************************

 SHA1:             f6387f0c468d0184d0b38d85973bdb066f718752
 **********************************************************************************************************************************

Geometry recognized as XYZ


 Variable memory set to ********** words,  buffer space   230000 words

 SETTING BASIS          =    USERDEF


 Recomputing integrals since basis changed


 Using spherical harmonics



 PROGRAM * SEWARD (Integral evaluation for generally contracted gaussian basis sets)     Author: Roland Lindh, 1990

 Geometry written to block  1 of record 700


 Point group  C1  



 ATOMIC COORDINATES

 NR  ATOM    CHARGE       X              Y              Z

   1  C       6.00    3.194742640   -1.303294975    0.044992489
   2  C       6.00    0.785891742    0.140376415   -0.635951422
   3  C       6.00    0.829631343    2.817747948    0.209073629
   4  H       1.00    3.039849349   -3.266287671   -0.557928410
   5  H       1.00    3.515238301   -1.256537482    2.079352582
   6  H       1.00    4.814332415   -0.443012275   -0.890042107
   7  H       1.00    1.000107316    3.237331398    2.203656877
   8  H       1.00    0.733860023    4.368377837   -1.113256557
   9  O       8.00   -1.187927195   -1.277914064    0.609111642
  10  O       8.00   -3.600631245   -0.390612059   -0.329815790
  11  H       1.00    0.451109751    0.029543978   -2.669614206
  12  H       1.00   -4.107618308    0.749830098    1.004780609

 Bond lengths in Bohr (Angstrom)

 1-2  2.889711810  1-4  2.059331413  1-5  2.059981728  1-6  2.058506026  2-3  2.807899359
     ( 1.529169636)     ( 1.089751253)     ( 1.090095385)     ( 1.089314478)     ( 1.485876352)

  2- 9  2.730877353   2-11  2.064012386   3- 7  2.045354410   3- 8  2.040142721   9-10  2.736791991
       ( 1.445118061)       ( 1.092228318)       ( 1.082354942)       ( 1.079597035)       ( 1.448247953)

 10-12  1.827236094
       ( 0.966931700)

 Bond angles

  1- 2- 3  113.10795848   1- 2- 9  103.62734255   1- 2-11  109.91107951   2- 1- 4  110.15302080

  2-1-5  110.55252572   2-1-6  109.87884392   2-3-7  119.36538438   2-3-8  121.93362988

  2- 9-10  108.20341250   3- 2- 9  111.67013814   3- 2-11  110.50251503   4- 1- 5  108.81248068

  4- 1- 6  108.93867812   5- 1- 6  108.46260818   7- 3- 8  118.68938624   9- 2-11  107.70367891

  9-10-12  101.32519792

 NUCLEAR CHARGE:                   41
 NUMBER OF PRIMITIVE AOS:         464
 NUMBER OF SYMMETRY AOS:          407
 NUMBER OF CONTRACTIONS:          407   ( 407A   )
 NUMBER OF CORE ORBITALS:           5   (   5A   )
 NUMBER OF VALENCE ORBITALS:       27   (  27A   )


 NUCLEAR REPULSION ENERGY  185.01766930


 Eigenvalues of metric

         1 0.494E-03 0.646E-03 0.891E-03 0.109E-02 0.136E-02 0.151E-02 0.157E-02 0.160E-02


 Contracted 2-electron integrals neglected if value below      1.0D-11
 AO integral compression algorithm  1   Integral accuracy      1.0D-11

     6202.851 MB (compressed) written to integral file ( 20.7%)

     Node minimum: 743.965 MB, node maximum: 856.424 MB


 NUMBER OF SORTED TWO-ELECTRON INTEGRALS:  430853048.     BUFFER LENGTH:  32768
 NUMBER OF SEGMENTS:  14  SEGMENT LENGTH:   31996696      RECORD LENGTH: 524288

 Memory used in sort:      32.55 MW

 SORT1 READ  3739366021. AND WROTE   199518228. INTEGRALS IN    578 RECORDS. CPU TIME:    36.84 SEC, REAL TIME:    39.30 SEC
 SORT2 READ  1602267398. AND WROTE  3446865906. INTEGRALS IN  23256 RECORDS. CPU TIME:     6.90 SEC, REAL TIME:    41.97 SEC

 Node minimum:   430821914.  Node maximum:   430894564. integrals

 OPERATOR DM      FOR CENTER  0  COORDINATES:    0.000000    0.000000    0.000000


 **********************************************************************************************************************************
 DATASETS  * FILE   NREC   LENGTH (MB)   RECORD NAMES
              1      18       26.16       500      610      700      900      950      970     1000      129      960     1100   
                                          VAR    BASINP    GEOM    SYMINP    ZMAT    AOBASIS   BASIS     P2S    ABASIS      S 
                                         1400     1410     1200     1210     1080     1600     1650     1700   
                                           T        V       H0       H01     AOSYM     SMH    MOLCAS    OPER   

 PROGRAMS   *        TOTAL       INT
 CPU TIMES  *        74.36     74.18
 REAL TIME  *       126.12 SEC
 DISK USED  *        25.20 GB      
 GA USED    *         0.01 MB       (max)       0.00 MB       (current)
 **********************************************************************************************************************************


 PROGRAM * RHF-SCF (OPEN SHELL)       Authors: W. Meyer, H.-J. Werner


 NUMBER OF ELECTRONS:      21+   20-    SPACE SYMMETRY=1    SPIN SYMMETRY: Doublet 
 CONVERGENCE THRESHOLDS:    1.00E-05 (Density)    1.00E-07 (Energy)
 MAX. NUMBER OF ITERATIONS:       60
 INTERPOLATION TYPE:            DIIS
 INTERPOLATION STEPS:              2 (START)      1 (STEP)
 LEVEL SHIFTS:                 -0.60 (CLOSED) -0.30 (OPEN) 



 Orbital guess generated from atomic densities. Full valence occupancy:   21

 Molecular orbital dump at record        2100.2

 Initial alpha occupancy:  21
 Initial beta  occupancy:  20
 Wave function symmetry:    1

 ITERATION    DDIFF          GRAD             ENERGY        2-EL.EN.            DIPOLE MOMENTS         DIIS   ORB.
    1      0.000D+00      0.000D+00      -267.27144949    559.346009    0.50767    0.85954    0.29941    0    start
    2      0.000D+00      0.263D-02      -267.32717847    559.567867    0.48703    0.76771    0.17697    1    diag,B
    3      0.583D-03      0.884D-03      -267.33929541    559.506603    0.46494    0.73828    0.16293    2    diag,B
    4      0.307D-03      0.398D-03      -267.34317100    559.551194    0.44799    0.73844    0.14071    3    diag,B
    5      0.241D-03      0.140D-03      -267.34369942    559.538318    0.44784    0.73892    0.14099    4    diag,B
    6      0.105D-03      0.540D-04      -267.34379424    559.530275    0.44768    0.74272    0.13973    5    diag,B
    7      0.623D-04      0.191D-04      -267.34380702    559.524940    0.44855    0.74341    0.14014    6    fixocc
    8      0.287D-04      0.695D-05      -267.34380892    559.523341    0.44910    0.74346    0.14039    7    diag,B
    9      0.100D-04      0.289D-05      -267.34380931    559.523308    0.44953    0.74336    0.14052    8    diag,B
   10      0.403D-05      0.118D-05      -267.34380938    559.523319    0.44979    0.74330    0.14054    9    orth
   11      0.185D-05      0.413D-06      -267.34380938    559.523412    0.44985    0.74328    0.14053    0    orth

 Final alpha occupancy:  21
 Final beta  occupancy:  20

 !RHF STATE 1.1 Energy               -267.343809384155
 Nuclear energy                       185.01766930
 One-electron energy                 -732.12318444
 Two-electron energy                  279.76170576
 Virial quotient                       -1.00114572
 !RHF STATE 1.1 Dipole moment           0.44985399     0.74328437     0.14052721
 Dipole moment /Debye                   1.14333989     1.88911669     0.35716116

 Orbital energies:

         1.1          2.1          3.1          4.1          5.1          6.1          7.1          8.1          9.1         10.1
    -20.613393   -20.612683   -11.292012   -11.231775   -11.222596    -1.463319    -1.222593    -1.031233    -0.926973    -0.796186

        11.1         12.1         13.1         14.1         15.1         16.1         17.1         18.1         19.1         20.1
     -0.720410    -0.648210    -0.636231    -0.622125    -0.570413    -0.543872    -0.524498    -0.501131    -0.475866    -0.455012

        21.1         22.1         23.1
     -0.378757     0.140469     0.158954

 HOMO     21.1    -0.378757 =     -10.3065eV
 LUMO     22.1     0.140469 =       3.8224eV
 LUMO-HOMO         0.519227 =      14.1289eV


 **********************************************************************************************************************************
 DATASETS  * FILE   NREC   LENGTH (MB)   RECORD NAMES
              1      18       26.16       500      610      700      900      950      970     1000      129      960     1100   
                                          VAR    BASINP    GEOM    SYMINP    ZMAT    AOBASIS   BASIS     P2S    ABASIS      S 
                                         1400     1410     1200     1210     1080     1600     1650     1700   
                                           T        V       H0       H01     AOSYM     SMH    MOLCAS    OPER   

              2       4        7.64       700     1000      520     2100   
                                         GEOM     BASIS   MCVARS     RHF  

 PROGRAMS   *        TOTAL       RHF       INT
 CPU TIMES  *       126.86     52.50     74.18
 REAL TIME  *       180.99 SEC
 DISK USED  *        25.66 GB      
 SF USED    *         0.66 MB      
 GA USED    *         0.01 MB       (max)       0.00 MB       (current)
 **********************************************************************************************************************************


 PROGRAM * CCSD (Unrestricted open-shell coupled cluster)     Authors: C. Hampel, H.-J. Werner, 1991, M. Deegan, P.J. Knowles, 1992


 Convergence thresholds:  THRVAR = 1.00D-08  THRDEN = 1.00D-06

 CCSD(T)     terms to be evaluated (factor= 1.000)


 Number of core orbitals:           5 (   5 )
 Number of closed-shell orbitals:  15 (  15 )
 Number of active  orbitals:        1 (   1 )
 Number of external orbitals:     386 ( 386 )

 Memory could be reduced to 1475.48 Mwords without degradation in triples

 Number of N-1 electron functions:              31
 Number of N-2 electron functions:             465
 Number of singly external CSFs:             11997
 Number of doubly external CSFs:          52750035
 Total number of CSFs:                    52762032

 Molecular orbitals read from record     2100.2  Type=RHF/CANONICAL (state 1.1)

 Integral transformation finished. Total CPU: 159.96 sec, npass=  1  Memory used: 614.94 MW

 Starting RMP2 calculation

 ITER.      SQ.NORM     CORR.ENERGY   TOTAL ENERGY   ENERGY CHANGE        DEN1      VAR(S)    VAR(P)  DIIS     TIME
   1      1.27225879    -1.01240842  -268.35621780    -1.01240842    -0.00316644  0.11D-04  0.11D-02  1  1   174.61
   2      1.27494773    -1.01580035  -268.35960974    -0.00339193    -0.00000351  0.12D-06  0.15D-05  2  2   185.37
   3      1.27500962    -1.01584484  -268.35965422    -0.00004449    -0.00000001  0.43D-08  0.46D-08  3  3   197.64
   4      1.27501003    -1.01584465  -268.35965403     0.00000019    -0.00000000  0.12D-09  0.14D-10  4  4   210.21

 Norm of t1 vector:      0.04175726      S-energy:    -0.00280740      T1 diagnostic:  0.00022475
 Norm of t2 vector:      0.52274885      P-energy:    -1.01303724
                                         Alpha-Beta:  -0.77417417
                                         Alpha-Alpha: -0.12699012
                                         Beta-Beta:   -0.11187296

 Spin contamination <S**2-Sz**2-Sz>     0.00088959
  Reference energy                   -267.343809384156
  RHF-RMP2 correlation energy          -1.015844646124
 !RHF-RMP2 energy                    -268.359654030280

 Starting UCCSD calculation

 ITER.      SQ.NORM     CORR.ENERGY   TOTAL ENERGY   ENERGY CHANGE        DEN1      VAR(S)    VAR(P)  DIIS     TIME
   1      1.28114556    -1.01493854  -268.35874792    -1.01493854    -0.02774027  0.37D-02  0.53D-02  1  1   436.18
   2      1.30400264    -1.04057497  -268.38438435    -0.02563643    -0.00248380  0.18D-03  0.76D-03  2  2   657.85
   3      1.31382568    -1.04656110  -268.39037049    -0.00598614    -0.00024165  0.82D-04  0.55D-04  3  3   874.21
   4      1.31722375    -1.04793456  -268.39174394    -0.00137346    -0.00003678  0.11D-04  0.99D-05  4  4  1116.36
   5      1.31832949    -1.04815374  -268.39196312    -0.00021918    -0.00000931  0.69D-05  0.13D-05  5  5  1343.54
   6      1.31882934    -1.04823247  -268.39204185    -0.00007873    -0.00000227  0.14D-05  0.41D-06  6  6  1561.93
   7      1.31907177    -1.04824978  -268.39205916    -0.00001731    -0.00000066  0.55D-06  0.80D-07  6  2  1777.90
   8      1.31916510    -1.04826234  -268.39207173    -0.00001257    -0.00000019  0.13D-06  0.33D-07  6  1  1996.88
   9      1.31922375    -1.04826792  -268.39207731    -0.00000558    -0.00000005  0.45D-07  0.72D-08  6  3  2214.53
  10      1.31924129    -1.04826997  -268.39207936    -0.00000205    -0.00000001  0.81D-08  0.23D-08  6  4  2433.00
  11      1.31923978    -1.04826606  -268.39207544     0.00000392    -0.00000000  0.17D-08  0.53D-09  6  6  2651.09
  12      1.31924049    -1.04826471  -268.39207409     0.00000135    -0.00000000  0.30D-09  0.82D-10  6  5  2866.59
  13      1.31923982    -1.04826434  -268.39207373     0.00000036    -0.00000000  0.85D-10  0.25D-10  6  2  3095.33

 Norm of t1 vector:      0.10841675      S-energy:    -0.00326785      T1 diagnostic:  0.01208404
                                                                       D1 diagnostic:  0.02991886
 Norm of t2 vector:      0.55451387      P-energy:    -1.04499649
                                         Alpha-Beta:  -0.82883490
                                         Alpha-Alpha: -0.11573069
                                         Beta-Beta:   -0.10043090

 Spin contamination <S**2-Sz**2-Sz>     0.00076671

 Memory could be reduced to 1554.50 Mwords without degradation in triples


 RESULTS
 =======

  Reference energy                   -267.343809384156
  UCCSD singles energy                 -0.003267851721
  UCCSD pair energy                    -1.044996493188
  UCCSD correlation energy             -1.048264344909
  Triples (T) contribution             -0.042868066183
  Total correlation energy             -1.091132411092

  RHF-UCCSD energy                   -268.392073729065
  RHF-UCCSD[T] energy                -268.436333590980
  RHF-UCCSD-T energy                 -268.434306889895
 !RHF-UCCSD(T) energy                -268.434941795249

 Program statistics:

 Available memory in ccsd:             24999997692
 Min. memory needed in ccsd:             146789223
 Max. memory used in ccsd:               213793808
 Max. memory used in cckext:             158452501 (13 integral passes)
 Max. memory used in cckint:             614944124 ( 1 integral passes)



 **********************************************************************************************************************************
 DATASETS  * FILE   NREC   LENGTH (MB)   RECORD NAMES
              1      18       26.16       500      610      700      900      950      970     1000      129      960     1100   
                                          VAR    BASINP    GEOM    SYMINP    ZMAT    AOBASIS   BASIS     P2S    ABASIS      S 
                                         1400     1410     1200     1210     1080     1600     1650     1700   
                                           T        V       H0       H01     AOSYM     SMH    MOLCAS    OPER   

              2       4        7.64       700     1000      520     2100   
                                         GEOM     BASIS   MCVARS     RHF  

 PROGRAMS   *        TOTAL  UCCSD(T)       RHF       INT
 CPU TIMES  *      7914.51   7787.65     52.50     74.18
 REAL TIME  *      8187.85 SEC
 DISK USED  *        78.96 GB      
 SF USED    *        27.87 GB      
 GA USED    *         0.01 MB       (max)       0.00 MB       (current)
 **********************************************************************************************************************************

 UCCSD(T)/USERDEF energy=   -268.434941795249

        UCCSD(T)        RHF-SCF 
   -268.43494180   -267.34380938
 **********************************************************************************************************************************
 Molpro calculation terminated
 Variable memory released

 Fortran compiler diagnostic
 ***************************

 integer size                  8
 double precision size         8
 logical size                  8

 diagnostic completed successfully
