
 Primary working directories    : /scratch/saurabh/PBS_8054034.helios
 Secondary working directories  : /scratch/saurabh/PBS_8054034.helios
 Wavefunction directory         : /scratch/saurabh/PBS_8054034.helios/
 Main file repository           : /scratch/saurabh/PBS_8054034.helios/

 SHA1      : f6387f0c468d0184d0b38d85973bdb066f718752
 NAME      : 2015.1.44
 ARCHNAME  : linux/x86_64
 FC        : /opt/may/bin/gfortran
 BLASLIB   : -Wl,-_start-group /opt/intel/mkl/lib/intel64/libmkl_gf_ilp64.a /opt/intel/mkl/lib/intel64/libmkl_gnu_thread.a /opt/intel/mkl/lib/intel64/libmkl_core.a -Wl,-_end-group
 id        : ramakrishnan

 Nodes             nprocs
 hel09.tifrh.res.in    8

 Using DEFAULT tuning parameter for ncache   :   16384
 Using DEFAULT tuning parameter for mflopdgm :   10000
 Using DEFAULT tuning parameter for mflopdgv :    4000
 Using DEFAULT tuning parameter for mflopmxm :    5000
 Using DEFAULT tuning parameter for mflopmxv :    4000
 Using DEFAULT tuning parameter for mindgm   :       1
 Using DEFAULT tuning parameter for mindgc   :       4
 Using DEFAULT tuning parameter for mindgf   :    5000
 Using DEFAULT tuning parameter for mindgl   :       4
 Using DEFAULT tuning parameter for mindgr   :       1
 Using DEFAULT tuning parameter for mindgv   :      20
 Using DEFAULT tuning parameter for mincuda  :     500
 Using DEFAULT tuning parameter for mxmblk   :      64
 Using DEFAULT tuning parameter for mxmbln   :      64
 Using DEFAULT tuning parameter for nroll    :       2
 Using custom tuning parameter for ngpus     :       0
 Using customized tuning parameters: mindgm=1; mindgv=20; mindgc=4; mindgr=1; noblas=0; minvec=7
 default implementation of scratch files=sf  

 ***,Mol_05
 memory,20,g
 geometry={
 C  1.230760   -0.161964  0.000017
 C  -0.134285  0.452265   -0.000173
 C  -1.277679  -0.219887  -0.000007
 H  1.802769   0.153368   0.876702
 H  1.803971   0.153838   -0.875707
 H  1.179896   -1.250881  -0.000295
 H  -0.166820  1.538156   0.000026
 H  -1.299008  -1.303499  -0.000161
 H  -2.233587  0.286535   0.000411
  }
 basis,O=AVQZ,C=AVQZ,H=VQZ
 hf;
 ccsd(t);
 

 Fortran compiler diagnostic
 ***************************

 integer size                  8
 double precision size         8
 logical size                  8

 diagnostic completed successfully

 Variables initialized (889), CPU time= 0.01 sec
 Commands  initialized (702), CPU time= 0.02 sec, 572 directives.
 Default parameters read. Elapsed time= 0.11 sec

 Using DEFAULT tuning parameter for mpplat   :       3
 Using DEFAULT tuning parameter for mppspeed :    1600
 Checking input...
 Passed
1


                                         ***  PROGRAM SYSTEM MOLPRO  ***
                                       Copyright, TTI GmbH Stuttgart, 2015
                                    Version 2015.1 linked Jun  9 2019 06:55:40


 **********************************************************************************************************************************
 LABEL *   Mol_05                                                                        
  64 bit mpp version                                                                     DATE: 08-Apr-22          TIME: 14:22:51  
 **********************************************************************************************************************************

 SHA1:             f6387f0c468d0184d0b38d85973bdb066f718752
 **********************************************************************************************************************************

Geometry recognized as XYZ


 Variable memory set to ********** words,  buffer space   230000 words

 SETTING BASIS          =    O=AVQZ,C=AVQZ,H=VQZ


 Recomputing integrals since basis changed


 Using spherical harmonics

 Library entry C      S aug-cc-pVQZ          selected for orbital group  1
 Library entry C      P aug-cc-pVQZ          selected for orbital group  1
 Library entry C      D aug-cc-pVQZ          selected for orbital group  1
 Library entry C      F aug-cc-pVQZ          selected for orbital group  1
 Library entry C      G aug-cc-pVQZ          selected for orbital group  1
 Library entry H      S cc-pVQZ              selected for orbital group  2
 Library entry H      P cc-pVQZ              selected for orbital group  2
 Library entry H      D cc-pVQZ              selected for orbital group  2
 Library entry H      F cc-pVQZ              selected for orbital group  2


 PROGRAM * SEWARD (Integral evaluation for generally contracted gaussian basis sets)     Author: Roland Lindh, 1990

 Geometry written to block  1 of record 700


 Point group  C1  



 ATOMIC COORDINATES

 NR  ATOM    CHARGE       X              Y              Z

   1  C       6.00    2.325799325   -0.306067602    0.000032125
   2  C       6.00   -0.253761873    0.854656986   -0.000326923
   3  C       6.00   -2.414463385   -0.415526208   -0.000013228
   4  H       1.00    3.406739676    0.289823516    1.656726673
   5  H       1.00    3.409011127    0.290711688   -1.654846395
   6  H       1.00    2.229680295   -2.363822504   -0.000557469
   7  H       1.00   -0.315244112    2.906693577    0.000049133
   8  H       1.00   -2.454769354   -2.463256114   -0.000304246
   9  H       1.00   -4.220867705    0.541472675    0.000776677

 Bond lengths in Bohr (Angstrom)

 1-2  2.828677725  1-4  2.065951377  1-5  2.065941975  1-6  2.059998654  2-3  2.506391125
     ( 1.496871789)     ( 1.093254387)     ( 1.093249412)     ( 1.090104342)     ( 1.326325065)

 2-7  2.052957471  3-8  2.048126564  3-9  2.044246574
     ( 1.086378309)     ( 1.083821903)     ( 1.081768700)

 Bond angles

  1-2-3  125.32425949   1-2-7  115.94246143   2-1-4  111.03162320   2-1-5  111.06995734

  2-1-6  111.55192404   2-3-8  121.57705269   2-3-9  121.63676943   3-2-7  118.73327287

  4-1-5  106.54073738   4-1-6  108.22580618   5-1-6  108.22721707   8-3-9  116.78617747

 NUCLEAR CHARGE:                   24
 NUMBER OF PRIMITIVE AOS:         576
 NUMBER OF SYMMETRY AOS:          471
 NUMBER OF CONTRACTIONS:          420   ( 420A   )
 NUMBER OF CORE ORBITALS:           3   (   3A   )
 NUMBER OF VALENCE ORBITALS:       18   (  18A   )


 NUCLEAR REPULSION ENERGY   70.89443557


 Eigenvalues of metric

         1 0.979E-05 0.106E-04 0.230E-04 0.340E-04 0.397E-04 0.596E-04 0.694E-04 0.812E-04


 Contracted 2-electron integrals neglected if value below      1.0D-12
 AO integral compression algorithm  1   Integral accuracy      1.0D-12

     15139.602 MB (compressed) written to integral file ( 44.5%)

     Node minimum: 1535.377 MB, node maximum: 2177.630 MB


 NUMBER OF SORTED TWO-ELECTRON INTEGRALS:  488542608.     BUFFER LENGTH:  32768
 NUMBER OF SEGMENTS:  16  SEGMENT LENGTH:   31996696      RECORD LENGTH: 524288

 Memory used in sort:      32.55 MW

 SORT1 READ  4249435421. AND WROTE   443118110. INTEGRALS IN   1276 RECORDS. CPU TIME:    60.30 SEC, REAL TIME:    64.92 SEC
 SORT2 READ  3543415252. AND WROTE  3908208255. INTEGRALS IN  56208 RECORDS. CPU TIME:    10.90 SEC, REAL TIME:    84.50 SEC

 Node minimum:   488487353.  Node maximum:   488564712. integrals

 OPERATOR DM      FOR CENTER  0  COORDINATES:    0.000000    0.000000    0.000000


 **********************************************************************************************************************************
 DATASETS  * FILE   NREC   LENGTH (MB)   RECORD NAMES
              1      18       26.50       500      610      700      900      950      970     1000      129      960     1100   
                                          VAR    BASINP    GEOM    SYMINP    ZMAT    AOBASIS   BASIS     P2S    ABASIS      S 
                                         1400     1410     1200     1210     1080     1600     1650     1700   
                                           T        V       H0       H01     AOSYM     SMH    MOLCAS    OPER   

 PROGRAMS   *        TOTAL       INT
 CPU TIMES  *       133.65    133.48
 REAL TIME  *       223.00 SEC
 DISK USED  *        57.77 GB      
 GA USED    *         0.01 MB       (max)       0.00 MB       (current)
 **********************************************************************************************************************************


 PROGRAM * RHF-SCF (CLOSED SHELL)       Authors: W. Meyer, H.-J. Werner


 NUMBER OF ELECTRONS:      12+   12-    SPACE SYMMETRY=1    SPIN SYMMETRY: Singlet 
 CONVERGENCE THRESHOLDS:    1.00E-05 (Density)    1.00E-07 (Energy)
 MAX. NUMBER OF ITERATIONS:       60
 INTERPOLATION TYPE:            DIIS
 INTERPOLATION STEPS:              2 (START)      1 (STEP)
 LEVEL SHIFTS:                  0.00 (CLOSED)  0.00 (OPEN) 



 Orbital guess generated from atomic densities. Full valence occupancy:   21

 Molecular orbital dump at record        2100.2

 Initial occupancy:  12

 ITERATION    DDIFF          GRAD             ENERGY        2-EL.EN.            DIPOLE MOMENTS         DIIS   ORB.
    1      0.000D+00      0.000D+00      -117.08248642    219.576969    0.33344    0.05653    0.00034    0    start
    2      0.000D+00      0.234D-02      -117.11936410    216.747610    0.15397    0.00795    0.00019    1    diag
    3      0.209D-02      0.877D-03      -117.12383937    217.893335    0.17395    0.03913    0.00023    2    diag
    4      0.577D-03      0.259D-03      -117.12451926    217.659715    0.16286    0.02993    0.00022    3    diag
    5      0.238D-03      0.367D-04      -117.12453480    217.672946    0.16017    0.02713    0.00022    4    diag
    6      0.388D-04      0.125D-04      -117.12453587    217.669712    0.16107    0.02770    0.00022    5    diag
    7      0.108D-04      0.316D-05      -117.12453599    217.670779    0.16057    0.02701    0.00022    6    diag
    8      0.359D-05      0.118D-05      -117.12453600    217.670589    0.16059    0.02697    0.00022    7    diag
    9      0.120D-05      0.344D-06      -117.12453600    217.670665    0.16052    0.02694    0.00022    0    orth

 Final occupancy:  12

 !RHF STATE 1.1 Energy               -117.124536002125
 Nuclear energy                        70.89443557
 One-electron energy                 -296.85430393
 Two-electron energy                  108.83533236
 Virial quotient                       -1.00103763
 !RHF STATE 1.1 Dipole moment           0.16051715     0.02694183     0.00022443
 Dipole moment /Debye                   0.40796719     0.06847483     0.00057041

 Orbital energies:

         1.1          2.1          3.1          4.1          5.1          6.1          7.1          8.1          9.1         10.1
    -11.232182   -11.220461   -11.215520    -1.065433    -0.933774    -0.757560    -0.639856    -0.584497    -0.567168    -0.524436

        11.1         12.1         13.1         14.1
     -0.490378    -0.360556     0.048046     0.050923

 HOMO     12.1    -0.360556 =      -9.8112eV
 LUMO     13.1     0.048046 =       1.3074eV
 LUMO-HOMO         0.408602 =      11.1186eV


 **********************************************************************************************************************************
 DATASETS  * FILE   NREC   LENGTH (MB)   RECORD NAMES
              1      18       26.50       500      610      700      900      950      970     1000      129      960     1100   
                                          VAR    BASINP    GEOM    SYMINP    ZMAT    AOBASIS   BASIS     P2S    ABASIS      S 
                                         1400     1410     1200     1210     1080     1600     1650     1700   
                                           T        V       H0       H01     AOSYM     SMH    MOLCAS    OPER   

              2       4        6.49       700     1000      520     2100   
                                         GEOM     BASIS   MCVARS     RHF  

 PROGRAMS   *        TOTAL        HF       INT
 CPU TIMES  *       189.26     55.61    133.48
 REAL TIME  *       344.82 SEC
 DISK USED  *        58.12 GB      
 SF USED    *         0.71 MB      
 GA USED    *         0.01 MB       (max)       0.00 MB       (current)
 **********************************************************************************************************************************


 PROGRAM * CCSD (Closed-shell coupled cluster)     Authors: C. Hampel, H.-J. Werner, 1991, M. Deegan, P.J. Knowles, 1992


 Convergence thresholds:  THRVAR = 1.00D-08  THRDEN = 1.00D-06

 CCSD(T)     terms to be evaluated (factor= 1.000)


 Number of core orbitals:           3 (   3 )
 Number of closed-shell orbitals:   9 (   9 )
 Number of external orbitals:     408 ( 408 )

 Molecular orbitals read from record     2100.2  Type=RHF/CANONICAL (state 1.1)

 Number of N-1 electron functions:               9
 Number of N-2 electron functions:              45
 Number of singly external CSFs:              3672
 Number of doubly external CSFs:           6743628
 Total number of CSFs:                     6747301

 Length of J-op  integral file:               0.00 MB
 Length of K-op  integral file:              12.14 MB
 Length of 3-ext integral record:             0.00 MB

 Memory could be reduced to 800.40 Mwords without degradation in triples

 Integral transformation finished. Total CPU: 102.51 sec, npass=  1  Memory used: 388.50 MW

 Reference energy:                   -117.12453600

 MP2 singlet pair energy:              -0.37131470
 MP2 triplet pair energy:              -0.17168680
 MP2 correlation energy:               -0.54300150
 MP2 total energy:                   -117.66753750

 SCS-MP2 correlation energy:           -0.55240498   (PS=  1.200000  PT=  0.333333)
 SCS-MP2 total energy:               -117.67694098

 ITER.      SQ.NORM     CORR.ENERGY   TOTAL ENERGY   ENERGY CHANGE        DEN1      VAR(S)    VAR(P)  DIIS     TIME  TIME/IT
   1      1.18374055    -0.56720513  -117.69174113    -0.02420363    -0.01007333  0.20D-02  0.27D-02  1  1   126.61    24.73
   2      1.19706457    -0.56978718  -117.69432318    -0.00258205    -0.01286728  0.45D-04  0.42D-03  2  2   158.36    28.90
   3      1.20281491    -0.56995925  -117.69449526    -0.00017207    -0.00320279  0.16D-04  0.40D-04  3  3   186.94    29.24
   4      1.20492158    -0.57000138  -117.69453738    -0.00004213    -0.00073582  0.17D-05  0.42D-05  4  4   212.75    28.71
   5      1.20546753    -0.57001347  -117.69454948    -0.00001209    -0.00010727  0.27D-06  0.40D-06  5  5   243.39    29.37
   6      1.20559437    -0.57000925  -117.69454526     0.00000422    -0.00001870  0.38D-07  0.28D-07  6  6   270.22    29.20
   7      1.20561242    -0.57000828  -117.69454428     0.00000097    -0.00000180  0.57D-08  0.27D-08  6  2   300.29    29.52
   8      1.20561603    -0.57000834  -117.69454434    -0.00000006    -0.00000026  0.13D-08  0.31D-09  6  1   326.64    29.31

 Norm of t1 vector:      0.06250703      S-energy:    -0.00000016      T1 diagnostic:  0.01041784
                                                                       D1 diagnostic:  0.03116594

 Doubles amplitudes (print threshold =  0.500E-01):

         I         J         SYM. A    SYM. B    A         B      T(IJ, AB)

         9         9         1         1        12        12     -0.08289613


 Total CPU time for triples:    417.33 sec


 RESULTS
 =======

  Reference energy                   -117.124536002125
  CCSD singlet pair energy             -0.411462252994
  CCSD triplet pair energy             -0.158545920094
  CCSD correlation energy              -0.570008336328

  Triples (T) contribution             -0.024647352561
  Total correlation energy             -0.594655688888

  CCSD total energy                  -117.694544338452
  CCSD[T] energy                     -117.719810151073
  CCSD-T energy                      -117.718968614987
 !CCSD(T) total energy               -117.719191691013

 Timing summary (sec):

 STEP                 CPU(USER)    SYS     CPU(TOT)    WALL
 Transformation        102.67      5.13    107.80    107.72
 CCSD iterations       224.10     10.80    234.90    234.72
 Triples               417.33      5.38    422.71    422.40

 Program statistics:

 Available memory in ccsd:             19999999576
 Min. memory needed in ccsd:              18872809
 Max. memory used in ccsd:                24794341
 Max. memory used in cckext:              17272530 ( 8 integral passes)



 **********************************************************************************************************************************
 DATASETS  * FILE   NREC   LENGTH (MB)   RECORD NAMES
              1      19     2575.83       500      610      700      900      950      970     1000      129      960     1100   
                                          VAR    BASINP    GEOM    SYMINP    ZMAT    AOBASIS   BASIS     P2S    ABASIS      S 
                                         1400     1410     1200     1210     1080     1600     1650     1700     1380   
                                           T        V       H0       H01     AOSYM     SMH    MOLCAS    OPER     JKOP   

              2       4        6.49       700     1000      520     2100   
                                         GEOM     BASIS   MCVARS     RHF  

 PROGRAMS   *        TOTAL   CCSD(T)        HF       INT
 CPU TIMES  *       933.43    744.14     55.61    133.48
 REAL TIME  *      1110.42 SEC
 DISK USED  *        61.38 GB      
 SF USED    *         3.15 GB      
 GA USED    *         0.01 MB       (max)       0.00 MB       (current)
 **********************************************************************************************************************************

 CCSD(T)/O=AVQZ,C=AVQZ,H=VQZ energy=   -117.719191691013

        CCSD(T)         HF-SCF  
   -117.71919169   -117.12453600
 **********************************************************************************************************************************
 Molpro calculation terminated
 Variable memory released

 Fortran compiler diagnostic
 ***************************

 integer size                  8
 double precision size         8
 logical size                  8

 diagnostic completed successfully
