
 Primary working directories    : /scratch/saurabh/PBS_8054028.helios
 Secondary working directories  : /scratch/saurabh/PBS_8054028.helios
 Wavefunction directory         : /scratch/saurabh/PBS_8054028.helios/
 Main file repository           : /scratch/saurabh/PBS_8054028.helios/

 SHA1      : f6387f0c468d0184d0b38d85973bdb066f718752
 NAME      : 2015.1.44
 ARCHNAME  : linux/x86_64
 FC        : /opt/may/bin/gfortran
 BLASLIB   : -Wl,-_start-group /opt/intel/mkl/lib/intel64/libmkl_gf_ilp64.a /opt/intel/mkl/lib/intel64/libmkl_gnu_thread.a /opt/intel/mkl/lib/intel64/libmkl_core.a -Wl,-_end-group
 id        : ramakrishnan

 Nodes             nprocs
 hel09.tifrh.res.in    8

 Using DEFAULT tuning parameter for ncache   :   16384
 Using DEFAULT tuning parameter for mflopdgm :   10000
 Using DEFAULT tuning parameter for mflopdgv :    4000
 Using DEFAULT tuning parameter for mflopmxm :    5000
 Using DEFAULT tuning parameter for mflopmxv :    4000
 Using DEFAULT tuning parameter for mindgm   :       1
 Using DEFAULT tuning parameter for mindgc   :       4
 Using DEFAULT tuning parameter for mindgf   :    5000
 Using DEFAULT tuning parameter for mindgl   :       4
 Using DEFAULT tuning parameter for mindgr   :       1
 Using DEFAULT tuning parameter for mindgv   :      20
 Using DEFAULT tuning parameter for mincuda  :     500
 Using DEFAULT tuning parameter for mxmblk   :      64
 Using DEFAULT tuning parameter for mxmbln   :      64
 Using DEFAULT tuning parameter for nroll    :       2
 Using custom tuning parameter for ngpus     :       0
 Using customized tuning parameters: mindgm=1; mindgv=20; mindgc=4; mindgr=1; noblas=0; minvec=7
 default implementation of scratch files=sf  

 ***,Mol_01
 memory,25,g
 geometry={
 C  1.294138   -0.197180  0.002337
 C  -0.000000  0.532887   -0.041105
 C  -1.294138  -0.197180  0.002337
 H  2.139669   0.453710   -0.221196
 H  1.309964   -1.030634  -0.708112
 H  1.483889   -0.641834  0.991608
 H  0.000000   1.606355   0.093979
 H  -1.309964  -1.030634  -0.708112
 H  -2.139669  0.453710   -0.221196
 H  -1.483889  -0.641835  0.991608
  }
 basis={
                                                                            ! oxygen               (10s,5p,4d,2f) -&gt; [10s,5p,4d,2f]
 s, O , 0.1533000000E+05, 0.2299000000E+04, 0.5224000000E+03, 0.1473000000E+03, 0.4755000000E+02, 0.1676000000E+02, 0.6207000000E+01, 0.1752000000E+01, 0.6882000000E+00, 0.2384000000E+00
 c, 1.1, 0.1000000000E+01
 c, 2.2, 0.1000000000E+01
 c, 3.3, 0.1000000000E+01
 c, 4.4, 0.1000000000E+01
 c, 5.5, 0.1000000000E+01
 c, 6.6, 0.1000000000E+01
 c, 7.7, 0.1000000000E+01
 c, 8.8, 0.1000000000E+01
 c, 9.9, 0.1000000000E+01
 c, 10.10, 0.1000000000E+01
 p, O , 0.3446000000E+02, 0.7749000000E+01, 0.2280000000E+01, 0.7156000000E+00, 0.2140000000E+00
 c, 1.1, 0.1000000000E+01
 c, 2.2, 0.1000000000E+01
 c, 3.3, 0.1000000000E+01
 c, 4.4, 0.1000000000E+01
 c, 5.5, 0.1000000000E+01
 d, O , 0.2100000000E+02, 0.7000000000E+01, 0.2314000000E+01, 0.6450000000E+00
 c, 1.1, 0.1000000000E+01
 c, 2.2, 0.1000000000E+01
 c, 3.3, 0.1000000000E+01
 c, 4.4, 0.1000000000E+01
 f, O , 0.4300000000E+01, 0.1428000000E+01
 c, 1.1, 0.1000000000E+01
 c, 2.2, 0.1000000000E+01
                                                                                 ! hydrogen             (5s,2p,1d) -&gt; [5s,2p,1d]
 s, H , 0.3387000000E+02, 0.5095000000E+01, 0.1159000000E+01, 0.3258000000E+00, 0.1027000000E+00
 c, 1.1, 0.1000000000E+01
 c, 2.2, 0.1000000000E+01
 c, 3.3, 0.1000000000E+01
 c, 4.4, 0.1000000000E+01
 c, 5.5, 0.1000000000E+01
 p, H , 0.1407000000E+01, 0.3880000000E+00
 c, 1.1, 0.1000000000E+01
 c, 2.2, 0.1000000000E+01
 d, H , 0.1057000000E+01
 c, 1.1, 0.1000000000E+01
                                                                            ! carbon               (10s,5p,4d,2f) -&gt; [10s,5p,4d,2f]
 s, C , 0.8236000000E+04, 0.1235000000E+04, 0.2808000000E+03, 0.7927000000E+02, 0.2559000000E+02, 0.8997000000E+01, 0.3319000000E+01, 0.9059000000E+00, 0.3643000000E+00, 0.1285000000E+00
 c, 1.1, 0.1000000000E+01
 c, 2.2, 0.1000000000E+01
 c, 3.3, 0.1000000000E+01
 c, 4.4, 0.1000000000E+01
 c, 5.5, 0.1000000000E+01
 c, 6.6, 0.1000000000E+01
 c, 7.7, 0.1000000000E+01
 c, 8.8, 0.1000000000E+01
 c, 9.9, 0.1000000000E+01
 c, 10.10, 0.1000000000E+01
 p, C , 0.1871000000E+02, 0.4133000000E+01, 0.1200000000E+01, 0.3827000000E+00, 0.1209000000E+00
 c, 1.1, 0.1000000000E+01
 c, 2.2, 0.1000000000E+01
 c, 3.3, 0.1000000000E+01
 c, 4.4, 0.1000000000E+01
 c, 5.5, 0.1000000000E+01
 d, C , 0.1000000000E+02, 0.3300000000E+01, 0.1097000000E+01, 0.3180000000E+00
 c, 1.1, 0.1000000000E+01
 c, 2.2, 0.1000000000E+01
 c, 3.3, 0.1000000000E+01
 c, 4.4, 0.1000000000E+01
 f, C , 0.2300000000E+01, 0.7610000000E+00
 c, 1.1, 0.1000000000E+01
 c, 2.2, 0.1000000000E+01
 }
 DKROLL=1
 DKHO=2
 {rhf
 wf,25,1,1
 }
 {uccsd(t)
 core}
 

 Fortran compiler diagnostic
 ***************************

 integer size                  8
 double precision size         8
 logical size                  8

 diagnostic completed successfully

 Variables initialized (889), CPU time= 0.01 sec
 Commands  initialized (702), CPU time= 0.02 sec, 572 directives.
 Default parameters read. Elapsed time= 0.10 sec

 Using DEFAULT tuning parameter for mpplat   :       3
 Using DEFAULT tuning parameter for mppspeed :    1600
 Checking input...
 Passed
1


                                         ***  PROGRAM SYSTEM MOLPRO  ***
                                       Copyright, TTI GmbH Stuttgart, 2015
                                    Version 2015.1 linked Jun  9 2019 06:55:40


 **********************************************************************************************************************************
 LABEL *   Mol_01                                                                        
  64 bit mpp version                                                                     DATE: 08-Apr-22          TIME: 03:23:57  
 **********************************************************************************************************************************

 SHA1:             f6387f0c468d0184d0b38d85973bdb066f718752
 **********************************************************************************************************************************

Geometry recognized as XYZ


 Variable memory set to ********** words,  buffer space   230000 words

 SETTING BASIS          =    USERDEF
 SETTING DKROLL         =         1.00000000                                  
 SETTING DKHO           =         2.00000000                                  


 Recomputing integrals since basis changed


 Using spherical harmonics



 PROGRAM * SEWARD (Integral evaluation for generally contracted gaussian basis sets)     Author: Roland Lindh, 1990

 Geometry written to block  1 of record 700


 Point group  C1  



 ATOMIC COORDINATES

 NR  ATOM    CHARGE       X              Y              Z

   1  C       6.00    2.445566387   -0.372616197    0.004416290
   2  C       6.00   -0.000000000    1.007010485   -0.077677192
   3  C       6.00   -2.445566387   -0.372616197    0.004416290
   4  H       1.00    4.043388407    0.857387640   -0.417999860
   5  H       1.00    2.475473193   -1.947615995   -1.338137746
   6  H       1.00    2.804143809   -1.212890477    1.873867543
   7  H       1.00    0.000000000    3.035571009    0.177594571
   8  H       1.00   -2.475473193   -1.947615995   -1.338137746
   9  H       1.00   -4.043388407    0.857387640   -0.417999860
  10  H       1.00   -2.804143809   -1.212892367    1.873867543

 Bond lengths in Bohr (Angstrom)

 1-2  2.809075307  1-4  2.060189324  1-5  2.069775378  1-6  2.080741844  2-3  2.809075307
     ( 1.486498636)     ( 1.090205240)     ( 1.095277962)     ( 1.101081166)     ( 1.486498636)

  2- 7  2.044558992   3- 8  2.069775378   3- 9  2.060189324   3-10  2.080742607
       ( 1.081934025)       ( 1.095277962)       ( 1.090205240)       ( 1.101081569)

 Bond angles

  1-2-3  121.05566835   1-2-7  118.92341534   2-1-4  112.08569184   2-1-5  111.55234193

  2- 1- 6  112.00104369   2- 3- 8  111.55234193   2- 3- 9  112.08569184   2- 3-10  112.00106276

  3-2-7  118.92341534   4-1-5  108.06592260   4-1-6  106.95762543   5-1-6  105.84235326

  8- 3- 9  108.06592260   8- 3-10  105.84230614   9- 3-10  106.95765151

 NUCLEAR CHARGE:                   25
 NUMBER OF PRIMITIVE AOS:         326
 NUMBER OF SYMMETRY AOS:          289
 NUMBER OF CONTRACTIONS:          289   ( 289A   )
 NUMBER OF CORE ORBITALS:           3   (   3A   )
 NUMBER OF VALENCE ORBITALS:       19   (  19A   )


 NUCLEAR REPULSION ENERGY   75.54969660

 One-electron integrals computed with SEWARD

 2nd-order Douglas-Kroll-Hess method activated. Optimal DKH parametrization is used.

 Computing Douglas-Kroll / X2C integrals

 AO integral compression algorithm  1   Integral accuracy      1.0D-11

     2269.118 MB (compressed) written to integral file ( 29.3%)

     Node minimum: 264.765 MB, node maximum: 300.941 MB


 NUMBER OF SORTED TWO-ELECTRON INTEGRALS:  109767528.     BUFFER LENGTH:  32768
 NUMBER OF SEGMENTS:   7  SEGMENT LENGTH:   15996384      RECORD LENGTH: 524288

 Memory used in sort:      16.55 MW

 SORT1 READ   969161239. AND WROTE    71397023. INTEGRALS IN    208 RECORDS. CPU TIME:    11.24 SEC, REAL TIME:    12.11 SEC
 SORT2 READ   567537316. AND WROTE   878035465. INTEGRALS IN   9184 RECORDS. CPU TIME:     1.79 SEC, REAL TIME:     2.39 SEC

 Node minimum:   109736100.  Node maximum:   109772767. integrals

 OPERATOR DM      FOR CENTER  0  COORDINATES:    0.000000    0.000000    0.000000


 Eigenvalues of metric

         1 0.560E-03 0.640E-03 0.969E-03 0.135E-02 0.148E-02 0.159E-02 0.165E-02 0.174E-02


 **********************************************************************************************************************************
 DATASETS  * FILE   NREC   LENGTH (MB)   RECORD NAMES
              1      22       25.47       500      610      700      900      950      970     1000      129      960     1700   
                                          VAR    BASINP    GEOM    SYMINP    ZMAT    AOBASIS   BASIS     P2S    ABASIS    OPER   
                                         1101     1401     1411     1412     1650     1100     1400     1410     1200     1210   
                                          SR      EKINR    POTR     PVPR    MOLCAS      S      EKIN      POT      H0       H01  
                                         1080     1600   
                                         AOSYM     SMH  

 PROGRAMS   *        TOTAL       INT
 CPU TIMES  *        32.83     32.66
 REAL TIME  *        46.89 SEC
 DISK USED  *         8.98 GB      
 GA USED    *         0.00 MB       (max)       0.00 MB       (current)
 **********************************************************************************************************************************


 PROGRAM * RHF-SCF (OPEN SHELL)       Authors: W. Meyer, H.-J. Werner


 NUMBER OF ELECTRONS:      13+   12-    SPACE SYMMETRY=1    SPIN SYMMETRY: Doublet 
 CONVERGENCE THRESHOLDS:    1.00E-05 (Density)    1.00E-07 (Energy)
 MAX. NUMBER OF ITERATIONS:       60
 INTERPOLATION TYPE:            DIIS
 INTERPOLATION STEPS:              2 (START)      1 (STEP)
 LEVEL SHIFTS:                 -0.60 (CLOSED) -0.30 (OPEN) 



 Orbital guess generated from atomic densities. Full valence occupancy:   13

 Molecular orbital dump at record        2100.2

 Initial alpha occupancy:  13
 Initial beta  occupancy:  12
 Wave function symmetry:    1

 ITERATION    DDIFF          GRAD             ENERGY        2-EL.EN.            DIPOLE MOMENTS         DIIS   ORB.
    1      0.000D+00      0.000D+00      -117.66569679    229.045559   -0.00000   -0.24627    0.13293    0    start
    2      0.000D+00      0.263D-02      -117.70488645    227.204991    0.00000   -0.09978    0.07819    1    diag,B
    3      0.576D-03      0.108D-02      -117.71556192    227.256073    0.00000   -0.04650    0.06590    2    diag,B
    4      0.331D-03      0.489D-03      -117.71890422    227.255863    0.00000   -0.01826    0.05726    3    diag,B
    5      0.291D-03      0.135D-03      -117.71918672    227.250317    0.00000   -0.01314    0.05328    4    diag,B
    6      0.141D-03      0.396D-04      -117.71921084    227.244553    0.00000   -0.01264    0.05143    5    diag,B
    7      0.651D-04      0.113D-04      -117.71921308    227.242050    0.00000   -0.01279    0.05063    6    fixocc
    8      0.199D-04      0.405D-05      -117.71921350    227.241528    0.00000   -0.01295    0.05029    7    diag,B
    9      0.710D-05      0.187D-05      -117.71921362    227.241314    0.00000   -0.01304    0.05009    8    diag,B
   10      0.481D-05      0.693D-06      -117.71921363    227.241335    0.00000   -0.01306    0.05002    9    orth
   11      0.212D-05      0.234D-06      -117.71921363    227.241354    0.00000   -0.01306    0.05001    0    orth

 Final alpha occupancy:  13
 Final beta  occupancy:  12

 !RHF STATE 1.1 Energy               -117.719213634086
 Nuclear energy                        75.54969660
 One-electron energy                 -306.88958742
 Two-electron energy                  113.62067719
 Virial quotient                       -0.99806137
 !RHF STATE 1.1 Dipole moment           0.00000012    -0.01305773     0.05001236
 Dipole moment /Debye                   0.00000030    -0.03318727     0.12711042

 Orbital energies:

         1.1          2.1          3.1          4.1          5.1          6.1          7.1          8.1          9.1         10.1
    -11.218948   -11.218679   -11.217759    -1.042468    -0.936127    -0.766475    -0.614395    -0.569674    -0.559590    -0.529877

        11.1         12.1         13.1         14.1         15.1
     -0.496080    -0.487993    -0.332112     0.142231     0.176287

 HOMO     13.1    -0.332112 =      -9.0372eV
 LUMO     14.1     0.142231 =       3.8703eV
 LUMO-HOMO         0.474343 =      12.9075eV


 **********************************************************************************************************************************
 DATASETS  * FILE   NREC   LENGTH (MB)   RECORD NAMES
              1      22       25.47       500      610      700      900      950      970     1000      129      960     1700   
                                          VAR    BASINP    GEOM    SYMINP    ZMAT    AOBASIS   BASIS     P2S    ABASIS    OPER   
                                         1101     1401     1411     1412     1650     1100     1400     1410     1200     1210   
                                          SR      EKINR    POTR     PVPR    MOLCAS      S      EKIN      POT      H0       H01  
                                         1080     1600   
                                         AOSYM     SMH  

              2       4        5.29       700     1000      520     2100   
                                         GEOM     BASIS   MCVARS     RHF  

 PROGRAMS   *        TOTAL       RHF       INT
 CPU TIMES  *        47.21     14.38     32.66
 REAL TIME  *        62.23 SEC
 DISK USED  *         9.32 GB      
 SF USED    *         0.34 MB      
 GA USED    *         0.00 MB       (max)       0.00 MB       (current)
 **********************************************************************************************************************************


 PROGRAM * CCSD (Unrestricted open-shell coupled cluster)     Authors: C. Hampel, H.-J. Werner, 1991, M. Deegan, P.J. Knowles, 1992


 Convergence thresholds:  THRVAR = 1.00D-08  THRDEN = 1.00D-06

 CCSD(T)     terms to be evaluated (factor= 1.000)


 Number of closed-shell orbitals:  12 (  12 )
 Number of active  orbitals:        1 (   1 )
 Number of external orbitals:     276 ( 276 )

 Memory could be reduced to 470.62 Mwords without degradation in triples

 Number of N-1 electron functions:              25
 Number of N-2 electron functions:             300
 Number of singly external CSFs:              6925
 Number of doubly external CSFs:          17474268
 Total number of CSFs:                    17481193

 Molecular orbitals read from record     2100.2  Type=RHF/CANONICAL (state 1.1)

 Integral transformation finished. Total CPU:  35.29 sec, npass=  1  Memory used: 183.94 MW

 Starting RMP2 calculation

 ITER.      SQ.NORM     CORR.ENERGY   TOTAL ENERGY   ENERGY CHANGE        DEN1      VAR(S)    VAR(P)  DIIS     TIME
   1      1.16182252    -0.66625200  -118.38546563    -0.66625200    -0.00196477  0.16D-04  0.73D-03  1  1    38.40
   2      1.16359542    -0.66837057  -118.38758420    -0.00211857    -0.00000301  0.26D-06  0.12D-05  2  2    41.38
   3      1.16364099    -0.66840164  -118.38761528    -0.00003107    -0.00000002  0.71D-08  0.48D-08  3  3    44.58
   4      1.16364159    -0.66840156  -118.38761519     0.00000009    -0.00000000  0.12D-09  0.20D-10  4  4    48.09

 Norm of t1 vector:      0.04328336      S-energy:    -0.00295060      T1 diagnostic:  0.00042470
 Norm of t2 vector:      0.40220411      P-energy:    -0.66545095
                                         Alpha-Beta:  -0.54042396
                                         Alpha-Alpha: -0.07000886
                                         Beta-Beta:   -0.05501814

 Spin contamination <S**2-Sz**2-Sz>     0.00161964
  Reference energy                   -117.719213634085
  RHF-RMP2 correlation energy          -0.668401555969
 !RHF-RMP2 energy                    -118.387615190054

 Starting UCCSD calculation

 ITER.      SQ.NORM     CORR.ENERGY   TOTAL ENERGY   ENERGY CHANGE        DEN1      VAR(S)    VAR(P)  DIIS     TIME
   1      1.17964935    -0.69238226  -118.41159589    -0.69238226    -0.01639247  0.20D-02  0.36D-02  1  1    98.72
   2      1.19491035    -0.70882321  -118.42803685    -0.01644096    -0.00115848  0.11D-03  0.34D-03  2  2   148.99
   3      1.20003866    -0.71189659  -118.43111022    -0.00307338    -0.00013606  0.47D-04  0.34D-04  3  3   202.92
   4      1.20218191    -0.71292892  -118.43214256    -0.00103233    -0.00001883  0.63D-05  0.52D-05  4  4   251.81
   5      1.20284776    -0.71306628  -118.43227991    -0.00013736    -0.00000378  0.23D-05  0.74D-06  5  5   300.74
   6      1.20310880    -0.71309118  -118.43230482    -0.00002491    -0.00000055  0.24D-06  0.15D-06  6  6   349.30
   7      1.20319187    -0.71310529  -118.43231892    -0.00001410    -0.00000007  0.28D-07  0.17D-07  6  1   408.23
   8      1.20320928    -0.71310269  -118.43231632     0.00000260    -0.00000001  0.32D-08  0.21D-08  6  3   458.80
   9      1.20321801    -0.71310645  -118.43232009    -0.00000377    -0.00000000  0.53D-09  0.30D-09  6  2   509.36
  10      1.20321708    -0.71310581  -118.43231945     0.00000064    -0.00000000  0.12D-09  0.42D-10  6  5   559.71

 Norm of t1 vector:      0.08698661      S-energy:    -0.00340992      T1 diagnostic:  0.00973030
                                                                       D1 diagnostic:  0.03118681
 Norm of t2 vector:      0.44232388      P-energy:    -0.70969589
                                         Alpha-Beta:  -0.58941269
                                         Alpha-Alpha: -0.06742022
                                         Beta-Beta:   -0.05286299

 Spin contamination <S**2-Sz**2-Sz>     0.00119141

 Memory could be reduced to 497.71 Mwords without degradation in triples


  Correlated core orbitals:             1.1       2.1       3.1
  Orbital energies:                   -11.2212  -11.2187  -11.2249

  UCCSD core-core energy               -0.111385763560
  UCCSD core-valence energy            -0.039796820131
  UCCSD valence correlation energy     -0.561923229703


 RESULTS
 =======

  Reference energy                   -117.719213634085
  UCCSD singles energy                 -0.003409918481
  UCCSD pair energy                    -0.709695894913
  UCCSD correlation energy             -0.713105813394
  Triples (T) contribution             -0.021933142116
  Total correlation energy             -0.735038955510

  RHF-UCCSD energy                   -118.432319447479
  RHF-UCCSD[T] energy                -118.454905955704
  RHF-UCCSD-T energy                 -118.454014553538
 !RHF-UCCSD(T) energy                -118.454252589595

 Program statistics:

 Available memory in ccsd:             24999998418
 Min. memory needed in ccsd:              49495797
 Max. memory used in ccsd:                71435926
 Max. memory used in cckext:              52201150 (10 integral passes)
 Max. memory used in cckint:             183943162 ( 1 integral passes)



 **********************************************************************************************************************************
 DATASETS  * FILE   NREC   LENGTH (MB)   RECORD NAMES
              1      22       25.47       500      610      700      900      950      970     1000      129      960     1700   
                                          VAR    BASINP    GEOM    SYMINP    ZMAT    AOBASIS   BASIS     P2S    ABASIS    OPER   
                                         1101     1401     1411     1412     1650     1100     1400     1410     1200     1210   
                                          SR      EKINR    POTR     PVPR    MOLCAS      S      EKIN      POT      H0       H01  
                                         1080     1600   
                                         AOSYM     SMH  

              2       4        5.29       700     1000      520     2100   
                                         GEOM     BASIS   MCVARS     RHF  

 PROGRAMS   *        TOTAL  UCCSD(T)       RHF       INT
 CPU TIMES  *      1391.00   1343.79     14.38     32.66
 REAL TIME  *      1463.11 SEC
 DISK USED  *        26.91 GB      
 SF USED    *         8.47 GB      
 GA USED    *         0.00 MB       (max)       0.00 MB       (current)
 **********************************************************************************************************************************

 UCCSD(T)/USERDEF energy=   -118.454252589595

        UCCSD(T)        RHF-SCF 
   -118.45425259   -117.71921363
 **********************************************************************************************************************************
 Molpro calculation terminated
 Variable memory released

 Fortran compiler diagnostic
 ***************************

 integer size                  8
 double precision size         8
 logical size                  8

 diagnostic completed successfully
