
 Primary working directories    : /scratch/saurabh/PBS_8054009.helios
 Secondary working directories  : /scratch/saurabh/PBS_8054009.helios
 Wavefunction directory         : /scratch/saurabh/PBS_8054009.helios/
 Main file repository           : /scratch/saurabh/PBS_8054009.helios/

 SHA1      : f6387f0c468d0184d0b38d85973bdb066f718752
 NAME      : 2015.1.44
 ARCHNAME  : linux/x86_64
 FC        : /opt/may/bin/gfortran
 BLASLIB   : -Wl,-_start-group /opt/intel/mkl/lib/intel64/libmkl_gf_ilp64.a /opt/intel/mkl/lib/intel64/libmkl_gnu_thread.a /opt/intel/mkl/lib/intel64/libmkl_core.a -Wl,-_end-group
 id        : ramakrishnan

 Nodes             nprocs
 hel09.tifrh.res.in    8

 Using DEFAULT tuning parameter for ncache   :   16384
 Using DEFAULT tuning parameter for mflopdgm :   10000
 Using DEFAULT tuning parameter for mflopdgv :    4000
 Using DEFAULT tuning parameter for mflopmxm :    5000
 Using DEFAULT tuning parameter for mflopmxv :    4000
 Using DEFAULT tuning parameter for mindgm   :       1
 Using DEFAULT tuning parameter for mindgc   :       4
 Using DEFAULT tuning parameter for mindgf   :    5000
 Using DEFAULT tuning parameter for mindgl   :       4
 Using DEFAULT tuning parameter for mindgr   :       1
 Using DEFAULT tuning parameter for mindgv   :      20
 Using DEFAULT tuning parameter for mincuda  :     500
 Using DEFAULT tuning parameter for mxmblk   :      64
 Using DEFAULT tuning parameter for mxmbln   :      64
 Using DEFAULT tuning parameter for nroll    :       2
 Using custom tuning parameter for ngpus     :       0
 Using customized tuning parameters: mindgm=1; mindgv=20; mindgc=4; mindgr=1; noblas=0; minvec=7
 default implementation of scratch files=sf  

 ***,Mol_04
 memory,25,g
 geometry={
 C  -1.506883  0.098067   -0.148522
 C  -0.152156  -0.036390  0.486086
 C  1.039267   0.615939   -0.060866
 H  -2.078321  -0.824652  -0.035345
 H  -1.413569  0.313775   -1.212601
 H  -2.073128  0.903919   0.322991
 O  0.827897   -0.788134  -0.239781
 H  -0.154185  -0.249774  1.552381
 H  1.863894   0.881375   0.592649
 H  0.950765   1.214734   -0.962017
  }
 basis,O=AVDZ,C=AVDZ,H=VDZ
 hf;
 ccsd(t);
 

 Fortran compiler diagnostic
 ***************************

 integer size                  8
 double precision size         8
 logical size                  8

 diagnostic completed successfully

 Variables initialized (889), CPU time= 0.02 sec
 Commands  initialized (702), CPU time= 0.01 sec, 572 directives.
 Default parameters read. Elapsed time= 0.12 sec

 Using DEFAULT tuning parameter for mpplat   :       3
 Using DEFAULT tuning parameter for mppspeed :    1600
 Checking input...
 Passed
1


                                         ***  PROGRAM SYSTEM MOLPRO  ***
                                       Copyright, TTI GmbH Stuttgart, 2015
                                    Version 2015.1 linked Jun  9 2019 06:55:40


 **********************************************************************************************************************************
 LABEL *   Mol_04                                                                        
  64 bit mpp version                                                                     DATE: 07-Apr-22          TIME: 23:16:49  
 **********************************************************************************************************************************

 SHA1:             f6387f0c468d0184d0b38d85973bdb066f718752
 **********************************************************************************************************************************

Geometry recognized as XYZ


 Variable memory set to ********** words,  buffer space   230000 words

 SETTING BASIS          =    O=AVDZ,C=AVDZ,H=VDZ


 Recomputing integrals since basis changed


 Using spherical harmonics

 Library entry C      S aug-cc-pVDZ          selected for orbital group  1
 Library entry C      P aug-cc-pVDZ          selected for orbital group  1
 Library entry C      D aug-cc-pVDZ          selected for orbital group  1
 Library entry H      S cc-pVDZ              selected for orbital group  2
 Library entry H      P cc-pVDZ              selected for orbital group  2
 Library entry O      S aug-cc-pVDZ          selected for orbital group  3
 Library entry O      P aug-cc-pVDZ          selected for orbital group  3
 Library entry O      D aug-cc-pVDZ          selected for orbital group  3


 PROGRAM * SEWARD (Integral evaluation for generally contracted gaussian basis sets)     Author: Roland Lindh, 1990

 Geometry written to block  1 of record 700


 Point group  C1  



 ATOMIC COORDINATES

 NR  ATOM    CHARGE       X              Y              Z

   1  C       6.00   -2.847596172    0.185319772   -0.280665903
   2  C       6.00   -0.287533168   -0.068767134    0.918569413
   3  C       6.00    1.963930000    1.163956019   -0.115020070
   4  H       1.00   -3.927457489   -1.558366428   -0.066792370
   5  H       1.00   -2.671258268    0.592948815   -2.291483788
   6  H       1.00   -3.917644141    1.708159349    0.610364531
   7  O       8.00    1.564498589   -1.489357409   -0.453120420
   8  H       1.00   -0.291367423   -0.472004453    2.933574931
   9  H       1.00    3.522249185    1.665557363    1.119944298
  10  H       1.00    1.796685459    2.295514574   -1.817948657

 Bond lengths in Bohr (Angstrom)

 1-2  2.838423521  1-4  2.062106670  1-5  2.059282656  1-6  2.063486920  2-3  2.767128474
     ( 1.502029042)     ( 1.091219856)     ( 1.089725453)     ( 1.091950253)     ( 1.464301328)

  2- 7  2.707329193   2- 8  2.054960407   3- 7  2.704427749   3- 9  2.050633946   3-10  2.051429080
       ( 1.432656911)       ( 1.087438217)       ( 1.431121533)       ( 1.085148752)       ( 1.085569519)

 Bond angles

  1-2-3  122.42261063   1-2-7  116.73739220   1-2-8  115.47825095   2-1-4  110.65862435

  2-1-5  110.67358839   2-1-6  110.56880394   2-3-7   59.29998567   2-3-9  120.15406834

  2- 3-10  119.30543885   2- 7- 3   61.50328786   3- 2- 7   59.19672647   3- 2- 8  117.07757081

  4-1-5  108.27018411   4-1-6  107.92038728   5-1-6  108.66092396   7-2-8  113.27342097

  7- 3- 9  115.30973153   7- 3-10  115.17280810   9- 3-10  115.27448285

 NUCLEAR CHARGE:                   32
 NUMBER OF PRIMITIVE AOS:         190
 NUMBER OF SYMMETRY AOS:          182
 NUMBER OF CONTRACTIONS:          122   ( 122A   )
 NUMBER OF CORE ORBITALS:           4   (   4A   )
 NUMBER OF VALENCE ORBITALS:       22   (  22A   )


 NUCLEAR REPULSION ENERGY  124.79574246


 Eigenvalues of metric

         1 0.105E-03 0.140E-03 0.234E-03 0.435E-03 0.196E-02 0.212E-02 0.331E-02 0.509E-02


 Contracted 2-electron integrals neglected if value below      1.0D-11
 AO integral compression algorithm  1   Integral accuracy      1.0D-11

     141.296 MB (compressed) written to integral file ( 53.9%)

     Node minimum: 15.204 MB, node maximum: 19.661 MB


 NUMBER OF SORTED TWO-ELECTRON INTEGRALS:    3515624.     BUFFER LENGTH:  32768
 NUMBER OF SEGMENTS:   1  SEGMENT LENGTH:    3515624      RECORD LENGTH: 524288

 Memory used in sort:       4.07 MW

 SORT1 READ    32812780. AND WROTE     3486612. INTEGRALS IN     10 RECORDS. CPU TIME:     0.41 SEC, REAL TIME:     0.45 SEC
 SORT2 READ    27914061. AND WROTE    28151256. INTEGRALS IN    520 RECORDS. CPU TIME:     0.09 SEC, REAL TIME:     0.11 SEC

 Node minimum:     3515624.  Node maximum:     3522190. integrals

 OPERATOR DM      FOR CENTER  0  COORDINATES:    0.000000    0.000000    0.000000


 **********************************************************************************************************************************
 DATASETS  * FILE   NREC   LENGTH (MB)   RECORD NAMES
              1      18       20.60       500      610      700      900      950      970     1000      129      960     1100   
                                          VAR    BASINP    GEOM    SYMINP    ZMAT    AOBASIS   BASIS     P2S    ABASIS      S 
                                         1400     1410     1200     1210     1080     1600     1650     1700   
                                           T        V       H0       H01     AOSYM     SMH    MOLCAS    OPER   

 PROGRAMS   *        TOTAL       INT
 CPU TIMES  *        25.51     25.34
 REAL TIME  *        64.81 SEC
 DISK USED  *       459.53 MB      
 GA USED    *         0.00 MB       (max)       0.00 MB       (current)
 **********************************************************************************************************************************


 PROGRAM * RHF-SCF (CLOSED SHELL)       Authors: W. Meyer, H.-J. Werner


 NUMBER OF ELECTRONS:      16+   16-    SPACE SYMMETRY=1    SPIN SYMMETRY: Singlet 
 CONVERGENCE THRESHOLDS:    1.00E-05 (Density)    1.00E-07 (Energy)
 MAX. NUMBER OF ITERATIONS:       60
 INTERPOLATION TYPE:            DIIS
 INTERPOLATION STEPS:              2 (START)      1 (STEP)
 LEVEL SHIFTS:                  0.00 (CLOSED)  0.00 (OPEN) 



 Orbital guess generated from atomic densities. Full valence occupancy:   26

 Molecular orbital dump at record        2100.2

 Initial occupancy:  16

 ITERATION    DDIFF          GRAD             ENERGY        2-EL.EN.            DIPOLE MOMENTS         DIIS   ORB.
    1      0.000D+00      0.000D+00      -191.88434964    382.138770   -0.52447    1.04104    0.42325    0    start
    2      0.000D+00      0.482D-02      -191.92501783    381.155125   -0.35920    0.57672    0.21252    1    diag
    3      0.866D-02      0.234D-02      -191.93263013    381.799068   -0.38863    0.79912    0.32949    2    diag
    4      0.306D-02      0.782D-03      -191.93379022    381.592540   -0.36665    0.74547    0.30721    3    diag
    5      0.122D-02      0.166D-03      -191.93386020    381.645080   -0.37334    0.75668    0.30860    4    diag
    6      0.329D-03      0.430D-04      -191.93386485    381.629599   -0.37182    0.75691    0.30814    5    diag
    7      0.112D-03      0.760D-05      -191.93386512    381.631702   -0.37223    0.75706    0.30810    6    diag
    8      0.318D-04      0.215D-05      -191.93386514    381.630879   -0.37222    0.75724    0.30797    7    diag
    9      0.513D-05      0.811D-06      -191.93386514    381.631165   -0.37226    0.75723    0.30800    0    orth

 Final occupancy:  16

 !RHF STATE 1.1 Energy               -191.933865140074
 Nuclear energy                       124.79574246
 One-electron energy                 -507.54519017
 Two-electron energy                  190.81558257
 Virial quotient                       -1.00138817
 !RHF STATE 1.1 Dipole moment          -0.37225992     0.75722600     0.30799580
 Dipole moment /Debye                  -0.94612837     1.92455047     0.78279597

 Orbital energies:

         1.1          2.1          3.1          4.1          5.1          6.1          7.1          8.1          9.1         10.1
    -20.575741   -11.294325   -11.287496   -11.232982    -1.412099    -1.015056    -0.910678    -0.816594    -0.697102    -0.644385

        11.1         12.1         13.1         14.1         15.1         16.1         17.1         18.1
     -0.587097    -0.562877    -0.525636    -0.516744    -0.445103    -0.433100     0.064765     0.071236

 HOMO     16.1    -0.433100 =     -11.7852eV
 LUMO     17.1     0.064765 =       1.7623eV
 LUMO-HOMO         0.497864 =      13.5476eV


 **********************************************************************************************************************************
 DATASETS  * FILE   NREC   LENGTH (MB)   RECORD NAMES
              1      18       20.60       500      610      700      900      950      970     1000      129      960     1100   
                                          VAR    BASINP    GEOM    SYMINP    ZMAT    AOBASIS   BASIS     P2S    ABASIS      S 
                                         1400     1410     1200     1210     1080     1600     1650     1700   
                                           T        V       H0       H01     AOSYM     SMH    MOLCAS    OPER   

              2       4        3.21       700     1000      520     2100   
                                         GEOM     BASIS   MCVARS     RHF  

 PROGRAMS   *        TOTAL        HF       INT
 CPU TIMES  *        25.92      0.41     25.34
 REAL TIME  *        65.44 SEC
 DISK USED  *       658.13 MB      
 SF USED    *         0.06 MB      
 GA USED    *         0.00 MB       (max)       0.00 MB       (current)
 **********************************************************************************************************************************


 PROGRAM * CCSD (Closed-shell coupled cluster)     Authors: C. Hampel, H.-J. Werner, 1991, M. Deegan, P.J. Knowles, 1992


 Convergence thresholds:  THRVAR = 1.00D-08  THRDEN = 1.00D-06

 CCSD(T)     terms to be evaluated (factor= 1.000)


 Number of core orbitals:           4 (   4 )
 Number of closed-shell orbitals:  12 (  12 )
 Number of external orbitals:     106 ( 106 )

 Molecular orbitals read from record     2100.2  Type=RHF/CANONICAL (state 1.1)

 Number of N-1 electron functions:              12
 Number of N-2 electron functions:              78
 Number of singly external CSFs:              1272
 Number of doubly external CSFs:            809628
 Total number of CSFs:                      810901

 Length of J-op  integral file:               0.00 MB
 Length of K-op  integral file:               1.03 MB
 Length of 3-ext integral record:             0.00 MB

 Memory could be reduced to 19.74 Mwords without degradation in triples

 Integral transformation finished. Total CPU:   1.17 sec, npass=  1  Memory used:  14.17 MW

 Reference energy:                   -191.93386514

 MP2 singlet pair energy:              -0.39757913
 MP2 triplet pair energy:              -0.23261595
 MP2 correlation energy:               -0.63019509
 MP2 total energy:                   -192.56406023

 SCS-MP2 correlation energy:           -0.62183377   (PS=  1.200000  PT=  0.333333)
 SCS-MP2 total energy:               -192.55569891

 ITER.      SQ.NORM     CORR.ENERGY   TOTAL ENERGY   ENERGY CHANGE        DEN1      VAR(S)    VAR(P)  DIIS     TIME  TIME/IT
   1      1.21849989    -0.66541555  -192.59928069    -0.03522046    -0.01597573  0.36D-02  0.40D-02  1  1     1.72     0.56
   2      1.23597416    -0.66788988  -192.60175502    -0.00247433    -0.01808503  0.82D-04  0.56D-03  2  2     2.33     0.61
   3      1.24133949    -0.66815750  -192.60202264    -0.00026762    -0.00298812  0.46D-04  0.27D-04  3  3     2.94     0.63
   4      1.24291470    -0.66807537  -192.60194051     0.00008213    -0.00069413  0.16D-05  0.32D-05  4  4     3.56     0.64
   5      1.24330625    -0.66808510  -192.60195024    -0.00000973    -0.00011969  0.43D-06  0.20D-06  5  5     4.18     0.65
   6      1.24338101    -0.66807906  -192.60194420     0.00000604    -0.00001643  0.45D-07  0.26D-07  6  6     4.80     0.66
   7      1.24339604    -0.66807632  -192.60194146     0.00000275    -0.00000139  0.10D-07  0.31D-08  6  1     5.43     0.66
   8      1.24340231    -0.66807633  -192.60194147    -0.00000001    -0.00000113  0.19D-08  0.60D-09  6  2     6.08     0.67
   9      1.24340390    -0.66807608  -192.60194122     0.00000024     0.00000059  0.21D-09  0.11D-09  6  4     6.71     0.67

 Norm of t1 vector:      0.07975658      S-energy:    -0.00000005      T1 diagnostic:  0.01151187
                                                                       D1 diagnostic:  0.03317073


 Total CPU time for triples:     10.58 sec


 RESULTS
 =======

  Reference energy                   -191.933865140076
  CCSD singlet pair energy             -0.457862874706
  CCSD triplet pair energy             -0.210213160768
  CCSD correlation energy              -0.668076084395

  Triples (T) contribution             -0.022949008356
  Total correlation energy             -0.691025092750

  CCSD total energy                  -192.601941224470
  CCSD[T] energy                     -192.626012546122
  CCSD-T energy                      -192.624408563722
 !CCSD(T) total energy               -192.624890232826

 Timing summary (sec):

 STEP                 CPU(USER)    SYS     CPU(TOT)    WALL
 Transformation          1.18      0.16      1.34      1.34
 CCSD iterations         5.53      0.61      6.14      6.14
 Triples                10.58      0.22     10.80     10.80

 Program statistics:

 Available memory in ccsd:             24999999324
 Min. memory needed in ccsd:               2230119
 Max. memory used in ccsd:                 2935995
 Max. memory used in cckext:               2503338 ( 9 integral passes)



 **********************************************************************************************************************************
 DATASETS  * FILE   NREC   LENGTH (MB)   RECORD NAMES
              1      19       92.59       500      610      700      900      950      970     1000      129      960     1100   
                                          VAR    BASINP    GEOM    SYMINP    ZMAT    AOBASIS   BASIS     P2S    ABASIS      S 
                                         1400     1410     1200     1210     1080     1600     1650     1700     1380   
                                           T        V       H0       H01     AOSYM     SMH    MOLCAS    OPER     JKOP   

              2       4        3.21       700     1000      520     2100   
                                         GEOM     BASIS   MCVARS     RHF  

 PROGRAMS   *        TOTAL   CCSD(T)        HF       INT
 CPU TIMES  *        43.26     17.33      0.41     25.34
 REAL TIME  *        83.79 SEC
 DISK USED  *       814.22 MB      
 SF USED    *       146.49 MB      
 GA USED    *         0.00 MB       (max)       0.00 MB       (current)
 **********************************************************************************************************************************

 CCSD(T)/O=AVDZ,C=AVDZ,H=VDZ energy=   -192.624890232826

        CCSD(T)         HF-SCF  
   -192.62489023   -191.93386514
 **********************************************************************************************************************************
 Molpro calculation terminated
 Variable memory released

 Fortran compiler diagnostic
 ***************************

 integer size                  8
 double precision size         8
 logical size                  8

 diagnostic completed successfully
