
 Primary working directories    : /scratch/saurabh/PBS_8054011.helios
 Secondary working directories  : /scratch/saurabh/PBS_8054011.helios
 Wavefunction directory         : /scratch/saurabh/PBS_8054011.helios/
 Main file repository           : /scratch/saurabh/PBS_8054011.helios/

 SHA1      : f6387f0c468d0184d0b38d85973bdb066f718752
 NAME      : 2015.1.44
 ARCHNAME  : linux/x86_64
 FC        : /opt/may/bin/gfortran
 BLASLIB   : -Wl,-_start-group /opt/intel/mkl/lib/intel64/libmkl_gf_ilp64.a /opt/intel/mkl/lib/intel64/libmkl_gnu_thread.a /opt/intel/mkl/lib/intel64/libmkl_core.a -Wl,-_end-group
 id        : ramakrishnan

 Nodes             nprocs
 hel01.tifrh.res.in    8

 Using DEFAULT tuning parameter for ncache   :   16384
 Using DEFAULT tuning parameter for mflopdgm :   10000
 Using DEFAULT tuning parameter for mflopdgv :    4000
 Using DEFAULT tuning parameter for mflopmxm :    5000
 Using DEFAULT tuning parameter for mflopmxv :    4000
 Using DEFAULT tuning parameter for mindgm   :       1
 Using DEFAULT tuning parameter for mindgc   :       4
 Using DEFAULT tuning parameter for mindgf   :    5000
 Using DEFAULT tuning parameter for mindgl   :       4
 Using DEFAULT tuning parameter for mindgr   :       1
 Using DEFAULT tuning parameter for mindgv   :      20
 Using DEFAULT tuning parameter for mincuda  :     500
 Using DEFAULT tuning parameter for mxmblk   :      64
 Using DEFAULT tuning parameter for mxmbln   :      64
 Using DEFAULT tuning parameter for nroll    :       2
 Using custom tuning parameter for ngpus     :       0
 Using customized tuning parameters: mindgm=1; mindgv=20; mindgc=4; mindgr=1; noblas=0; minvec=7
 default implementation of scratch files=sf  

 ***,Mol_01
 memory,64,g
 geometry={
 C  1.294138   -0.197180  0.002337
 C  -0.000000  0.532887   -0.041105
 C  -1.294138  -0.197180  0.002337
 H  2.139669   0.453710   -0.221196
 H  1.309964   -1.030634  -0.708112
 H  1.483889   -0.641834  0.991608
 H  0.000000   1.606355   0.093979
 H  -1.309964  -1.030634  -0.708112
 H  -2.139669  0.453710   -0.221196
 H  -1.483889  -0.641835  0.991608
  }
 basis,O=AVQZ,C=AVQZ,H=VQZ
 {rhf
 wf,25,1,1
 }
 uccsd(t);
 

 Fortran compiler diagnostic
 ***************************

 integer size                  8
 double precision size         8
 logical size                  8

 diagnostic completed successfully

 Variables initialized (889), CPU time= 0.02 sec
 Commands  initialized (702), CPU time= 0.02 sec, 572 directives.
 Default parameters read. Elapsed time= 0.12 sec

 Using DEFAULT tuning parameter for mpplat   :       3
 Using DEFAULT tuning parameter for mppspeed :    1600
 Checking input...
 Passed
1


                                         ***  PROGRAM SYSTEM MOLPRO  ***
                                       Copyright, TTI GmbH Stuttgart, 2015
                                    Version 2015.1 linked Jun  9 2019 06:55:40


 **********************************************************************************************************************************
 LABEL *   Mol_01                                                                        
  64 bit mpp version                                                                     DATE: 07-Apr-22          TIME: 23:26:41  
 **********************************************************************************************************************************

 SHA1:             f6387f0c468d0184d0b38d85973bdb066f718752
 **********************************************************************************************************************************

Geometry recognized as XYZ


 Variable memory set to ********** words,  buffer space   230000 words

 SETTING BASIS          =    O=AVQZ,C=AVQZ,H=VQZ


 Recomputing integrals since basis changed


 Using spherical harmonics

 Library entry C      S aug-cc-pVQZ          selected for orbital group  1
 Library entry C      P aug-cc-pVQZ          selected for orbital group  1
 Library entry C      D aug-cc-pVQZ          selected for orbital group  1
 Library entry C      F aug-cc-pVQZ          selected for orbital group  1
 Library entry C      G aug-cc-pVQZ          selected for orbital group  1
 Library entry H      S cc-pVQZ              selected for orbital group  2
 Library entry H      P cc-pVQZ              selected for orbital group  2
 Library entry H      D cc-pVQZ              selected for orbital group  2
 Library entry H      F cc-pVQZ              selected for orbital group  2


 PROGRAM * SEWARD (Integral evaluation for generally contracted gaussian basis sets)     Author: Roland Lindh, 1990

 Geometry written to block  1 of record 700


 Point group  C1  



 ATOMIC COORDINATES

 NR  ATOM    CHARGE       X              Y              Z

   1  C       6.00    2.445566387   -0.372616197    0.004416290
   2  C       6.00   -0.000000000    1.007010485   -0.077677192
   3  C       6.00   -2.445566387   -0.372616197    0.004416290
   4  H       1.00    4.043388407    0.857387640   -0.417999860
   5  H       1.00    2.475473193   -1.947615995   -1.338137746
   6  H       1.00    2.804143809   -1.212890477    1.873867543
   7  H       1.00    0.000000000    3.035571009    0.177594571
   8  H       1.00   -2.475473193   -1.947615995   -1.338137746
   9  H       1.00   -4.043388407    0.857387640   -0.417999860
  10  H       1.00   -2.804143809   -1.212892367    1.873867543

 Bond lengths in Bohr (Angstrom)

 1-2  2.809075307  1-4  2.060189324  1-5  2.069775378  1-6  2.080741844  2-3  2.809075307
     ( 1.486498636)     ( 1.090205240)     ( 1.095277962)     ( 1.101081166)     ( 1.486498636)

  2- 7  2.044558992   3- 8  2.069775378   3- 9  2.060189324   3-10  2.080742607
       ( 1.081934025)       ( 1.095277962)       ( 1.090205240)       ( 1.101081569)

 Bond angles

  1-2-3  121.05566835   1-2-7  118.92341534   2-1-4  112.08569184   2-1-5  111.55234193

  2- 1- 6  112.00104369   2- 3- 8  111.55234193   2- 3- 9  112.08569184   2- 3-10  112.00106276

  3-2-7  118.92341534   4-1-5  108.06592260   4-1-6  106.95762543   5-1-6  105.84235326

  8- 3- 9  108.06592260   8- 3-10  105.84230614   9- 3-10  106.95765151

 NUCLEAR CHARGE:                   25
 NUMBER OF PRIMITIVE AOS:         613
 NUMBER OF SYMMETRY AOS:          503
 NUMBER OF CONTRACTIONS:          450   ( 450A   )
 NUMBER OF CORE ORBITALS:           3   (   3A   )
 NUMBER OF VALENCE ORBITALS:       19   (  19A   )


 NUCLEAR REPULSION ENERGY   75.54969660


 Eigenvalues of metric

         1 0.123E-04 0.166E-04 0.332E-04 0.488E-04 0.666E-04 0.697E-04 0.736E-04 0.870E-04


 Contracted 2-electron integrals neglected if value below      1.0D-12
 AO integral compression algorithm  1   Integral accuracy      1.0D-12

     20493.894 MB (compressed) written to integral file ( 46.2%)

     Node minimum: 2227.438 MB, node maximum: 2771.124 MB


 NUMBER OF SORTED TWO-ELECTRON INTEGRALS:  643586160.     BUFFER LENGTH:  32768
 NUMBER OF SEGMENTS:  21  SEGMENT LENGTH:   31996696      RECORD LENGTH: 524288

 Memory used in sort:      32.55 MW

 SORT1 READ  5544838012. AND WROTE   576071579. INTEGRALS IN   1659 RECORDS. CPU TIME:   335.50 SEC, REAL TIME:   349.09 SEC
 SORT2 READ  4607901150. AND WROTE  5148638550. INTEGRALS IN  84568 RECORDS. CPU TIME:    17.77 SEC, REAL TIME:   481.03 SEC

 Node minimum:   643535424.  Node maximum:   643624215. integrals

 OPERATOR DM      FOR CENTER  0  COORDINATES:    0.000000    0.000000    0.000000


 **********************************************************************************************************************************
 DATASETS  * FILE   NREC   LENGTH (MB)   RECORD NAMES
              1      18       27.47       500      610      700      900      950      970     1000      129      960     1100   
                                          VAR    BASINP    GEOM    SYMINP    ZMAT    AOBASIS   BASIS     P2S    ABASIS      S 
                                         1400     1410     1200     1210     1080     1600     1650     1700   
                                           T        V       H0       H01     AOSYM     SMH    MOLCAS    OPER   

 PROGRAMS   *        TOTAL       INT
 CPU TIMES  *       404.12    403.91
 REAL TIME  *       928.28 SEC
 DISK USED  *        75.76 GB      
 GA USED    *         0.01 MB       (max)       0.00 MB       (current)
 **********************************************************************************************************************************


 PROGRAM * RHF-SCF (OPEN SHELL)       Authors: W. Meyer, H.-J. Werner


 NUMBER OF ELECTRONS:      13+   12-    SPACE SYMMETRY=1    SPIN SYMMETRY: Doublet 
 CONVERGENCE THRESHOLDS:    1.00E-05 (Density)    1.00E-07 (Energy)
 MAX. NUMBER OF ITERATIONS:       60
 INTERPOLATION TYPE:            DIIS
 INTERPOLATION STEPS:              2 (START)      1 (STEP)
 LEVEL SHIFTS:                 -0.60 (CLOSED) -0.30 (OPEN) 



 Orbital guess generated from atomic densities. Full valence occupancy:   22

 Molecular orbital dump at record        2100.2

 Initial alpha occupancy:  13
 Initial beta  occupancy:  12
 Wave function symmetry:    1

 ITERATION    DDIFF          GRAD             ENERGY        2-EL.EN.            DIPOLE MOMENTS         DIIS   ORB.
    1      0.000D+00      0.000D+00      -117.62823726    229.000187   -0.00000   -0.25342    0.13611    0    start
    2      0.000D+00      0.209D-02      -117.66751984    227.147344    0.00000   -0.10836    0.08203    1    diag,B
    3      0.141D-02      0.862D-03      -117.67820699    227.206676    0.00000   -0.05590    0.07056    2    diag,B
    4      0.526D-03      0.390D-03      -117.68160048    227.211656    0.00000   -0.02811    0.06297    3    diag,B
    5      0.355D-03      0.110D-03      -117.68190866    227.210829    0.00000   -0.02281    0.05959    4    diag,B
    6      0.151D-03      0.337D-04      -117.68193887    227.208205    0.00000   -0.02187    0.05789    5    diag,B
    7      0.706D-04      0.102D-04      -117.68194211    227.207233    0.00000   -0.02173    0.05705    6    fixocc
    8      0.255D-04      0.360D-05      -117.68194266    227.207329    0.00000   -0.02175    0.05668    7    diag,B
    9      0.132D-04      0.158D-05      -117.68194279    227.207322    0.00000   -0.02175    0.05646    8    diag,B
   10      0.617D-05      0.589D-06      -117.68194281    227.207329    0.00000   -0.02175    0.05637    9    orth
   11      0.199D-05      0.209D-06      -117.68194281    227.207325    0.00000   -0.02174    0.05636    0    orth

 Final alpha occupancy:  13
 Final beta  occupancy:  12

 !RHF STATE 1.1 Energy               -117.681942811411
 Nuclear energy                        75.54969660
 One-electron energy                 -306.83530205
 Two-electron energy                  113.60366264
 Virial quotient                       -1.00068956
 !RHF STATE 1.1 Dipole moment           0.00000012    -0.02174106     0.05635681
 Dipole moment /Debye                   0.00000031    -0.05525663     0.14323535

 Orbital energies:

         1.1          2.1          3.1          4.1          5.1          6.1          7.1          8.1          9.1         10.1
    -11.214774   -11.214195   -11.213742    -1.042276    -0.935927    -0.766537    -0.614901    -0.570183    -0.560119    -0.530304

        11.1         12.1         13.1         14.1         15.1
     -0.496615    -0.488478    -0.331873     0.049136     0.050708

 HOMO     13.1    -0.331873 =      -9.0307eV
 LUMO     14.1     0.049136 =       1.3371eV
 LUMO-HOMO         0.381009 =      10.3678eV


 **********************************************************************************************************************************
 DATASETS  * FILE   NREC   LENGTH (MB)   RECORD NAMES
              1      18       27.47       500      610      700      900      950      970     1000      129      960     1100   
                                          VAR    BASINP    GEOM    SYMINP    ZMAT    AOBASIS   BASIS     P2S    ABASIS      S 
                                         1400     1410     1200     1210     1080     1600     1650     1700   
                                           T        V       H0       H01     AOSYM     SMH    MOLCAS    OPER   

              2       4        8.66       700     1000      520     2100   
                                         GEOM     BASIS   MCVARS     RHF  

 PROGRAMS   *        TOTAL       RHF       INT
 CPU TIMES  *       502.04     97.92    403.91
 REAL TIME  *      1080.80 SEC
 DISK USED  *        76.29 GB      
 SF USED    *         0.81 MB      
 GA USED    *         0.01 MB       (max)       0.00 MB       (current)
 **********************************************************************************************************************************


 PROGRAM * CCSD (Unrestricted open-shell coupled cluster)     Authors: C. Hampel, H.-J. Werner, 1991, M. Deegan, P.J. Knowles, 1992


 Convergence thresholds:  THRVAR = 1.00D-08  THRDEN = 1.00D-06

 CCSD(T)     terms to be evaluated (factor= 1.000)


 Number of core orbitals:           3 (   3 )
 Number of closed-shell orbitals:   9 (   9 )
 Number of active  orbitals:        1 (   1 )
 Number of external orbitals:     437 ( 437 )

 Memory could be reduced to 1441.30 Mwords without degradation in triples

 Number of N-1 electron functions:              19
 Number of N-2 electron functions:             171
 Number of singly external CSFs:              8322
 Number of doubly external CSFs:          25017903
 Total number of CSFs:                    25026225

 Molecular orbitals read from record     2100.2  Type=RHF/CANONICAL (state 1.1)

 Integral transformation finished. Total CPU: 130.09 sec, npass=  1  Memory used: 525.37 MW

 Starting RMP2 calculation

 ITER.      SQ.NORM     CORR.ENERGY   TOTAL ENERGY   ENERGY CHANGE        DEN1      VAR(S)    VAR(P)  DIIS     TIME
   1      1.16188230    -0.54253517  -118.22447798    -0.54253517    -0.00193444  0.17D-04  0.72D-03  1  1   140.05
   2      1.16364397    -0.54462149  -118.22656430    -0.00208632    -0.00000313  0.34D-06  0.13D-05  2  2   144.06
   3      1.16369013    -0.54465066  -118.22659347    -0.00002918    -0.00000002  0.11D-07  0.51D-08  3  3   148.99
   4      1.16369093    -0.54465066  -118.22659347    -0.00000000    -0.00000000  0.24D-09  0.24D-10  4  4   154.71

 Norm of t1 vector:      0.04370342      S-energy:    -0.00291471      T1 diagnostic:  0.00051852
 Norm of t2 vector:      0.40222001      P-energy:    -0.54173596
                                         Alpha-Beta:  -0.42957375
                                         Alpha-Alpha: -0.06329123
                                         Beta-Beta:   -0.04887098

 Spin contamination <S**2-Sz**2-Sz>     0.00173929
  Reference energy                   -117.681942811409
  RHF-RMP2 correlation energy          -0.544650663014
 !RHF-RMP2 energy                    -118.226593474423

 Starting UCCSD calculation

 ITER.      SQ.NORM     CORR.ENERGY   TOTAL ENERGY   ENERGY CHANGE        DEN1      VAR(S)    VAR(P)  DIIS     TIME
   1      1.17856725    -0.55997157  -118.24191438    -0.55997157    -0.01493838  0.17D-02  0.36D-02  1  1   261.43
   2      1.19497814    -0.57595832  -118.25790113    -0.01598675    -0.00096695  0.11D-03  0.28D-03  2  2   348.24
   3      1.19974351    -0.57849418  -118.26043699    -0.00253586    -0.00011987  0.49D-04  0.27D-04  3  3   437.15
   4      1.20159314    -0.57919472  -118.26113753    -0.00070054    -0.00001791  0.70D-05  0.47D-05  4  4   526.21
   5      1.20228424    -0.57933639  -118.26127920    -0.00014167    -0.00000364  0.24D-05  0.69D-06  5  5   615.24
   6      1.20259172    -0.57937835  -118.26132116    -0.00004196    -0.00000045  0.18D-06  0.12D-06  6  6   731.19
   7      1.20266635    -0.57938624  -118.26132905    -0.00000789    -0.00000005  0.22D-07  0.14D-07  6  1   889.28
   8      1.20268471    -0.57938636  -118.26132917    -0.00000012    -0.00000001  0.22D-08  0.17D-08  6  2  1006.05

 Norm of t1 vector:      0.08739038      S-energy:    -0.00337402      T1 diagnostic:  0.01119641
                                                                       D1 diagnostic:  0.03230087
 Norm of t2 vector:      0.44164197      P-energy:    -0.57601234
                                         Alpha-Beta:  -0.46900570
                                         Alpha-Alpha: -0.06049956
                                         Beta-Beta:   -0.04650709

 Spin contamination <S**2-Sz**2-Sz>     0.00130187

 Memory could be reduced to 1482.99 Mwords without degradation in triples


 RESULTS
 =======

  Reference energy                   -117.681942811409
  UCCSD singles energy                 -0.003374016325
  UCCSD pair energy                    -0.576012342027
  UCCSD correlation energy             -0.579386358352
  Triples (T) contribution             -0.021857219201
  Total correlation energy             -0.601243577553

  RHF-UCCSD energy                   -118.261329169761
  RHF-UCCSD[T] energy                -118.283725875063
  RHF-UCCSD-T energy                 -118.282987007280
 !RHF-UCCSD(T) energy                -118.283186388962

 Program statistics:

 Available memory in ccsd:             63999999000
 Min. memory needed in ccsd:              72855136
 Max. memory used in ccsd:               103639720
 Max. memory used in cckext:              73275209 ( 8 integral passes)
 Max. memory used in cckint:             525367429 ( 1 integral passes)



 **********************************************************************************************************************************
 DATASETS  * FILE   NREC   LENGTH (MB)   RECORD NAMES
              1      18       27.47       500      610      700      900      950      970     1000      129      960     1100   
                                          VAR    BASINP    GEOM    SYMINP    ZMAT    AOBASIS   BASIS     P2S    ABASIS      S 
                                         1400     1410     1200     1210     1080     1600     1650     1700   
                                           T        V       H0       H01     AOSYM     SMH    MOLCAS    OPER   

              2       4        8.66       700     1000      520     2100   
                                         GEOM     BASIS   MCVARS     RHF  

 PROGRAMS   *        TOTAL  UCCSD(T)       RHF       INT
 CPU TIMES  *      3236.20   2734.07     97.92    403.91
 REAL TIME  *      4233.44 SEC
 DISK USED  *       101.25 GB      
 SF USED    *        22.85 GB      
 GA USED    *         0.01 MB       (max)       0.00 MB       (current)
 **********************************************************************************************************************************

 UCCSD(T)/O=AVQZ,C=AVQZ,H=VQZ energy=   -118.283186388962

        UCCSD(T)        RHF-SCF 
   -118.28318639   -117.68194281
 **********************************************************************************************************************************
 Molpro calculation terminated
 Variable memory released

 Fortran compiler diagnostic
 ***************************

 integer size                  8
 double precision size         8
 logical size                  8

 diagnostic completed successfully
