
 Primary working directories    : /scratch/saurabh/PBS_8054016.helios
 Secondary working directories  : /scratch/saurabh/PBS_8054016.helios
 Wavefunction directory         : /scratch/saurabh/PBS_8054016.helios/
 Main file repository           : /scratch/saurabh/PBS_8054016.helios/

 SHA1      : f6387f0c468d0184d0b38d85973bdb066f718752
 NAME      : 2015.1.44
 ARCHNAME  : linux/x86_64
 FC        : /opt/may/bin/gfortran
 BLASLIB   : -Wl,-_start-group /opt/intel/mkl/lib/intel64/libmkl_gf_ilp64.a /opt/intel/mkl/lib/intel64/libmkl_gnu_thread.a /opt/intel/mkl/lib/intel64/libmkl_core.a -Wl,-_end-group
 id        : ramakrishnan

 Nodes             nprocs
 hel05.tifrh.res.in    8

 Using DEFAULT tuning parameter for ncache   :   16384
 Using DEFAULT tuning parameter for mflopdgm :   10000
 Using DEFAULT tuning parameter for mflopdgv :    4000
 Using DEFAULT tuning parameter for mflopmxm :    5000
 Using DEFAULT tuning parameter for mflopmxv :    4000
 Using DEFAULT tuning parameter for mindgm   :       1
 Using DEFAULT tuning parameter for mindgc   :       4
 Using DEFAULT tuning parameter for mindgf   :    5000
 Using DEFAULT tuning parameter for mindgl   :       4
 Using DEFAULT tuning parameter for mindgr   :       1
 Using DEFAULT tuning parameter for mindgv   :      20
 Using DEFAULT tuning parameter for mincuda  :     500
 Using DEFAULT tuning parameter for mxmblk   :      64
 Using DEFAULT tuning parameter for mxmbln   :      64
 Using DEFAULT tuning parameter for nroll    :       2
 Using custom tuning parameter for ngpus     :       0
 Using customized tuning parameters: mindgm=1; mindgv=20; mindgc=4; mindgr=1; noblas=0; minvec=7
 default implementation of scratch files=sf  

 ***,Mol_05
 memory,25,g
 geometry={
 C  1.230760   -0.161964  0.000017
 C  -0.134285  0.452265   -0.000173
 C  -1.277679  -0.219887  -0.000007
 H  1.802769   0.153368   0.876702
 H  1.803971   0.153838   -0.875707
 H  1.179896   -1.250881  -0.000295
 H  -0.166820  1.538156   0.000026
 H  -1.299008  -1.303499  -0.000161
 H  -2.233587  0.286535   0.000411
  }
 basis,O=AVTZ,C=AVTZ,H=VTZ
 hf;
 ccsd(t);
 

 Fortran compiler diagnostic
 ***************************

 integer size                  8
 double precision size         8
 logical size                  8

 diagnostic completed successfully

 Variables initialized (889), CPU time= 0.01 sec
 Commands  initialized (702), CPU time= 0.02 sec, 572 directives.
 Default parameters read. Elapsed time= 0.09 sec

 Using DEFAULT tuning parameter for mpplat   :       3
 Using DEFAULT tuning parameter for mppspeed :    1600
 Checking input...
 Passed
1


                                         ***  PROGRAM SYSTEM MOLPRO  ***
                                       Copyright, TTI GmbH Stuttgart, 2015
                                    Version 2015.1 linked Jun  9 2019 06:55:40


 **********************************************************************************************************************************
 LABEL *   Mol_05                                                                        
  64 bit mpp version                                                                     DATE: 08-Apr-22          TIME: 01:00:41  
 **********************************************************************************************************************************

 SHA1:             f6387f0c468d0184d0b38d85973bdb066f718752
 **********************************************************************************************************************************

Geometry recognized as XYZ


 Variable memory set to ********** words,  buffer space   230000 words

 SETTING BASIS          =    O=AVTZ,C=AVTZ,H=VTZ


 Recomputing integrals since basis changed


 Using spherical harmonics

 Library entry C      S aug-cc-pVTZ          selected for orbital group  1
 Library entry C      P aug-cc-pVTZ          selected for orbital group  1
 Library entry C      D aug-cc-pVTZ          selected for orbital group  1
 Library entry C      F aug-cc-pVTZ          selected for orbital group  1
 Library entry H      S cc-pVTZ              selected for orbital group  2
 Library entry H      P cc-pVTZ              selected for orbital group  2
 Library entry H      D cc-pVTZ              selected for orbital group  2


 PROGRAM * SEWARD (Integral evaluation for generally contracted gaussian basis sets)     Author: Roland Lindh, 1990

 Geometry written to block  1 of record 700


 Point group  C1  



 ATOMIC COORDINATES

 NR  ATOM    CHARGE       X              Y              Z

   1  C       6.00    2.325799325   -0.306067602    0.000032125
   2  C       6.00   -0.253761873    0.854656986   -0.000326923
   3  C       6.00   -2.414463385   -0.415526208   -0.000013228
   4  H       1.00    3.406739676    0.289823516    1.656726673
   5  H       1.00    3.409011127    0.290711688   -1.654846395
   6  H       1.00    2.229680295   -2.363822504   -0.000557469
   7  H       1.00   -0.315244112    2.906693577    0.000049133
   8  H       1.00   -2.454769354   -2.463256114   -0.000304246
   9  H       1.00   -4.220867705    0.541472675    0.000776677

 Bond lengths in Bohr (Angstrom)

 1-2  2.828677725  1-4  2.065951377  1-5  2.065941975  1-6  2.059998654  2-3  2.506391125
     ( 1.496871789)     ( 1.093254387)     ( 1.093249412)     ( 1.090104342)     ( 1.326325065)

 2-7  2.052957471  3-8  2.048126564  3-9  2.044246574
     ( 1.086378309)     ( 1.083821903)     ( 1.081768700)

 Bond angles

  1-2-3  125.32425949   1-2-7  115.94246143   2-1-4  111.03162320   2-1-5  111.06995734

  2-1-6  111.55192404   2-3-8  121.57705269   2-3-9  121.63676943   3-2-7  118.73327287

  4-1-5  106.54073738   4-1-6  108.22580618   5-1-6  108.22721707   8-3-9  116.78617747

 NUCLEAR CHARGE:                   24
 NUMBER OF PRIMITIVE AOS:         303
 NUMBER OF SYMMETRY AOS:          270
 NUMBER OF CONTRACTIONS:          222   ( 222A   )
 NUMBER OF CORE ORBITALS:           3   (   3A   )
 NUMBER OF VALENCE ORBITALS:       18   (  18A   )


 NUCLEAR REPULSION ENERGY   70.89443557


 Eigenvalues of metric

         1 0.380E-04 0.406E-04 0.981E-04 0.196E-03 0.303E-03 0.335E-03 0.457E-03 0.480E-03


 Contracted 2-electron integrals neglected if value below      1.0D-12
 AO integral compression algorithm  1   Integral accuracy      1.0D-12

     1412.170 MB (compressed) written to integral file ( 51.6%)

     Node minimum: 159.646 MB, node maximum: 194.249 MB


 NUMBER OF SORTED TWO-ELECTRON INTEGRALS:   38303720.     BUFFER LENGTH:  32768
 NUMBER OF SEGMENTS:   3  SEGMENT LENGTH:   15992000      RECORD LENGTH: 524288

 Memory used in sort:      16.55 MW

 SORT1 READ   342438863. AND WROTE    36925648. INTEGRALS IN    108 RECORDS. CPU TIME:     5.22 SEC, REAL TIME:     5.69 SEC
 SORT2 READ   295166996. AND WROTE   306367881. INTEGRALS IN   5376 RECORDS. CPU TIME:     0.64 SEC, REAL TIME:     1.01 SEC

 Node minimum:    38285156.  Node maximum:    38306815. integrals

 OPERATOR DM      FOR CENTER  0  COORDINATES:    0.000000    0.000000    0.000000


 **********************************************************************************************************************************
 DATASETS  * FILE   NREC   LENGTH (MB)   RECORD NAMES
              1      18       21.85       500      610      700      900      950      970     1000      129      960     1100   
                                          VAR    BASINP    GEOM    SYMINP    ZMAT    AOBASIS   BASIS     P2S    ABASIS      S 
                                         1400     1410     1200     1210     1080     1600     1650     1700   
                                           T        V       H0       H01     AOSYM     SMH    MOLCAS    OPER   

 PROGRAMS   *        TOTAL       INT
 CPU TIMES  *        21.35     21.18
 REAL TIME  *        34.84 SEC
 DISK USED  *         4.94 GB      
 GA USED    *         0.00 MB       (max)       0.00 MB       (current)
 **********************************************************************************************************************************


 PROGRAM * RHF-SCF (CLOSED SHELL)       Authors: W. Meyer, H.-J. Werner


 NUMBER OF ELECTRONS:      12+   12-    SPACE SYMMETRY=1    SPIN SYMMETRY: Singlet 
 CONVERGENCE THRESHOLDS:    1.00E-05 (Density)    1.00E-07 (Energy)
 MAX. NUMBER OF ITERATIONS:       60
 INTERPOLATION TYPE:            DIIS
 INTERPOLATION STEPS:              2 (START)      1 (STEP)
 LEVEL SHIFTS:                  0.00 (CLOSED)  0.00 (OPEN) 



 Orbital guess generated from atomic densities. Full valence occupancy:   21

 Molecular orbital dump at record        2100.2

 Initial occupancy:  12

 ITERATION    DDIFF          GRAD             ENERGY        2-EL.EN.            DIPOLE MOMENTS         DIIS   ORB.
    1      0.000D+00      0.000D+00      -117.07586215    219.519244    0.33343    0.05694    0.00034    0    start
    2      0.000D+00      0.321D-02      -117.11230202    216.744509    0.15296    0.00767    0.00019    1    diag
    3      0.423D-02      0.120D-02      -117.11668153    217.866864    0.17407    0.03947    0.00023    2    diag
    4      0.119D-02      0.356D-03      -117.11735035    217.634533    0.16262    0.02979    0.00022    3    diag
    5      0.463D-03      0.497D-04      -117.11736533    217.647167    0.16034    0.02727    0.00022    4    diag
    6      0.839D-04      0.161D-04      -117.11736628    217.644277    0.16110    0.02773    0.00022    5    diag
    7      0.205D-04      0.420D-05      -117.11736639    217.645341    0.16063    0.02706    0.00023    6    diag
    8      0.700D-05      0.158D-05      -117.11736640    217.645133    0.16065    0.02703    0.00023    7    diag
    9      0.225D-05      0.456D-06      -117.11736641    217.645213    0.16058    0.02700    0.00023    0    orth

 Final occupancy:  12

 !RHF STATE 1.1 Energy               -117.117366406047
 Nuclear energy                        70.89443557
 One-electron energy                 -296.83440868
 Two-electron energy                  108.82260671
 Virial quotient                       -1.00128444
 !RHF STATE 1.1 Dipole moment           0.16058171     0.02699789     0.00022558
 Dipole moment /Debye                   0.40813126     0.06861730     0.00057332

 Orbital energies:

         1.1          2.1          3.1          4.1          5.1          6.1          7.1          8.1          9.1         10.1
    -11.233270   -11.221462   -11.216574    -1.065674    -0.933918    -0.757587    -0.639781    -0.584397    -0.567021    -0.524287

        11.1         12.1         13.1         14.1
     -0.490221    -0.360406     0.056289     0.060345

 HOMO     12.1    -0.360406 =      -9.8071eV
 LUMO     13.1     0.056289 =       1.5317eV
 LUMO-HOMO         0.416694 =      11.3388eV


 **********************************************************************************************************************************
 DATASETS  * FILE   NREC   LENGTH (MB)   RECORD NAMES
              1      18       21.85       500      610      700      900      950      970     1000      129      960     1100   
                                          VAR    BASINP    GEOM    SYMINP    ZMAT    AOBASIS   BASIS     P2S    ABASIS      S 
                                         1400     1410     1200     1210     1080     1600     1650     1700   
                                           T        V       H0       H01     AOSYM     SMH    MOLCAS    OPER   

              2       4        3.90       700     1000      520     2100   
                                         GEOM     BASIS   MCVARS     RHF  

 PROGRAMS   *        TOTAL        HF       INT
 CPU TIMES  *        25.37      4.02     21.18
 REAL TIME  *        39.30 SEC
 DISK USED  *         5.17 GB      
 SF USED    *         0.20 MB      
 GA USED    *         0.00 MB       (max)       0.00 MB       (current)
 **********************************************************************************************************************************


 PROGRAM * CCSD (Closed-shell coupled cluster)     Authors: C. Hampel, H.-J. Werner, 1991, M. Deegan, P.J. Knowles, 1992


 Convergence thresholds:  THRVAR = 1.00D-08  THRDEN = 1.00D-06

 CCSD(T)     terms to be evaluated (factor= 1.000)


 Number of core orbitals:           3 (   3 )
 Number of closed-shell orbitals:   9 (   9 )
 Number of external orbitals:     210 ( 210 )

 Molecular orbitals read from record     2100.2  Type=RHF/CANONICAL (state 1.1)

 Number of N-1 electron functions:               9
 Number of N-2 electron functions:              45
 Number of singly external CSFs:              1890
 Number of doubly external CSFs:           1786995
 Total number of CSFs:                     1788886

 Length of J-op  integral file:               0.00 MB
 Length of K-op  integral file:               3.40 MB
 Length of 3-ext integral record:             0.00 MB

 Memory could be reduced to 111.83 Mwords without degradation in triples

 Integral transformation finished. Total CPU:   8.71 sec, npass=  1  Memory used:  59.76 MW

 Reference energy:                   -117.11736641

 MP2 singlet pair energy:              -0.34723901
 MP2 triplet pair energy:              -0.16706538
 MP2 correlation energy:               -0.51430439
 MP2 total energy:                   -117.63167080

 SCS-MP2 correlation energy:           -0.52063860   (PS=  1.200000  PT=  0.333333)
 SCS-MP2 total energy:               -117.63800501

 ITER.      SQ.NORM     CORR.ENERGY   TOTAL ENERGY   ENERGY CHANGE        DEN1      VAR(S)    VAR(P)  DIIS     TIME  TIME/IT
   1      1.18364580    -0.54479399  -117.66216040    -0.03048960    -0.01670597  0.18D-02  0.28D-02  1  1    11.21     2.57
   2      1.19773792    -0.54746561  -117.66483202    -0.00267162    -0.01313288  0.39D-04  0.39D-03  2  2    13.85     2.70
   3      1.20306315    -0.54763294  -117.66499934    -0.00016732    -0.00279143  0.16D-04  0.36D-04  3  3    16.52     2.76
   4      1.20505616    -0.54769524  -117.66506165    -0.00006231    -0.00063716  0.15D-05  0.37D-05  4  4    19.18     2.79
   5      1.20556046    -0.54769901  -117.66506542    -0.00000377    -0.00010606  0.23D-06  0.36D-06  5  5    21.85     2.81
   6      1.20567113    -0.54769455  -117.66506096     0.00000446    -0.00001689  0.34D-07  0.23D-07  6  6    24.53     2.83
   7      1.20568486    -0.54769455  -117.66506095     0.00000001     0.00000012  0.48D-08  0.23D-08  6  2    27.28     2.85
   8      1.20568779    -0.54769460  -117.66506101    -0.00000006    -0.00000021  0.10D-08  0.25D-09  6  1    29.95     2.86

 Norm of t1 vector:      0.06057935      S-energy:    -0.00000021      T1 diagnostic:  0.01009656
                                                                       D1 diagnostic:  0.03008513

 Doubles amplitudes (print threshold =  0.500E-01):

         I         J         SYM. A    SYM. B    A         B      T(IJ, AB)

         9         9         1         1        11        11     -0.08481402


 Total CPU time for triples:     43.58 sec


 RESULTS
 =======

  Reference energy                   -117.117366406046
  CCSD singlet pair energy             -0.393068257218
  CCSD triplet pair energy             -0.154626136857
  CCSD correlation energy              -0.547694603156

  Triples (T) contribution             -0.023071174333
  Total correlation energy             -0.570765777490

  CCSD total energy                  -117.665061009203
  CCSD[T] energy                     -117.688684897536
  CCSD-T energy                      -117.687905233636
 !CCSD(T) total energy               -117.688132183536

 Timing summary (sec):

 STEP                 CPU(USER)    SYS     CPU(TOT)    WALL
 Transformation          8.74      0.76      9.50      9.49
 CCSD iterations        21.23      1.71     22.94     22.92
 Triples                43.58      0.79     44.37     44.33

 Program statistics:

 Available memory in ccsd:             24999999576
 Min. memory needed in ccsd:               5101909
 Max. memory used in ccsd:                 6652195
 Max. memory used in cckext:               4863231 ( 8 integral passes)



 **********************************************************************************************************************************
 DATASETS  * FILE   NREC   LENGTH (MB)   RECORD NAMES
              1      19      384.36       500      610      700      900      950      970     1000      129      960     1100   
                                          VAR    BASINP    GEOM    SYMINP    ZMAT    AOBASIS   BASIS     P2S    ABASIS      S 
                                         1400     1410     1200     1210     1080     1600     1650     1700     1380   
                                           T        V       H0       H01     AOSYM     SMH    MOLCAS    OPER     JKOP   

              2       4        3.90       700     1000      520     2100   
                                         GEOM     BASIS   MCVARS     RHF  

 PROGRAMS   *        TOTAL   CCSD(T)        HF       INT
 CPU TIMES  *        98.95     73.57      4.02     21.18
 REAL TIME  *       116.22 SEC
 DISK USED  *         5.72 GB      
 SF USED    *       523.23 MB      
 GA USED    *         0.00 MB       (max)       0.00 MB       (current)
 **********************************************************************************************************************************

 CCSD(T)/O=AVTZ,C=AVTZ,H=VTZ energy=   -117.688132183536

        CCSD(T)         HF-SCF  
   -117.68813218   -117.11736641
 **********************************************************************************************************************************
 Molpro calculation terminated
 Variable memory released

 Fortran compiler diagnostic
 ***************************

 integer size                  8
 double precision size         8
 logical size                  8

 diagnostic completed successfully
