
 Primary working directories    : /scratch/saurabh/PBS_8054007.helios
 Secondary working directories  : /scratch/saurabh/PBS_8054007.helios
 Wavefunction directory         : /scratch/saurabh/PBS_8054007.helios/
 Main file repository           : /scratch/saurabh/PBS_8054007.helios/

 SHA1      : f6387f0c468d0184d0b38d85973bdb066f718752
 NAME      : 2015.1.44
 ARCHNAME  : linux/x86_64
 FC        : /opt/may/bin/gfortran
 BLASLIB   : -Wl,-_start-group /opt/intel/mkl/lib/intel64/libmkl_gf_ilp64.a /opt/intel/mkl/lib/intel64/libmkl_gnu_thread.a /opt/intel/mkl/lib/intel64/libmkl_core.a -Wl,-_end-group
 id        : ramakrishnan

 Nodes             nprocs
 hel05.tifrh.res.in    8

 Using DEFAULT tuning parameter for ncache   :   16384
 Using DEFAULT tuning parameter for mflopdgm :   10000
 Using DEFAULT tuning parameter for mflopdgv :    4000
 Using DEFAULT tuning parameter for mflopmxm :    5000
 Using DEFAULT tuning parameter for mflopmxv :    4000
 Using DEFAULT tuning parameter for mindgm   :       1
 Using DEFAULT tuning parameter for mindgc   :       4
 Using DEFAULT tuning parameter for mindgf   :    5000
 Using DEFAULT tuning parameter for mindgl   :       4
 Using DEFAULT tuning parameter for mindgr   :       1
 Using DEFAULT tuning parameter for mindgv   :      20
 Using DEFAULT tuning parameter for mincuda  :     500
 Using DEFAULT tuning parameter for mxmblk   :      64
 Using DEFAULT tuning parameter for mxmbln   :      64
 Using DEFAULT tuning parameter for nroll    :       2
 Using custom tuning parameter for ngpus     :       0
 Using customized tuning parameters: mindgm=1; mindgv=20; mindgc=4; mindgr=1; noblas=0; minvec=7
 default implementation of scratch files=sf  

 ***,Mol_02
 memory,25,g
 geometry={
 C  1.557589   -0.849100  0.019749
 C  0.367826   0.018772   -0.337445
 C  0.486014   1.463512   0.108219
 H  1.401385   -1.878604  -0.300108
 H  1.732552   -0.841900  1.096080
 H  2.451715   -0.467755  -0.473428
 H  0.689245   1.522585   1.178287
 H  -0.435814  2.000834   -0.107015
 H  1.302902   1.950956   -0.425191
 O  -0.787241  -0.604232  0.337199
 O  -1.931838  -0.151722  -0.125850
 H  0.142070   -0.037586  -1.402548
  }
 basis,O=AVDZ,C=AVDZ,H=VDZ
 {rhf
 wf,41,1,1
 }
 uccsd(t);
 

 Fortran compiler diagnostic
 ***************************

 integer size                  8
 double precision size         8
 logical size                  8

 diagnostic completed successfully

 Variables initialized (889), CPU time= 0.01 sec
 Commands  initialized (702), CPU time= 0.02 sec, 572 directives.
 Default parameters read. Elapsed time= 0.08 sec

 Using DEFAULT tuning parameter for mpplat   :       3
 Using DEFAULT tuning parameter for mppspeed :    1600
 Checking input...
 Passed
1


                                         ***  PROGRAM SYSTEM MOLPRO  ***
                                       Copyright, TTI GmbH Stuttgart, 2015
                                    Version 2015.1 linked Jun  9 2019 06:55:40


 **********************************************************************************************************************************
 LABEL *   Mol_02                                                                        
  64 bit mpp version                                                                     DATE: 07-Apr-22          TIME: 23:31:37  
 **********************************************************************************************************************************

 SHA1:             f6387f0c468d0184d0b38d85973bdb066f718752
 **********************************************************************************************************************************

Geometry recognized as XYZ


 Variable memory set to ********** words,  buffer space   230000 words

 SETTING BASIS          =    O=AVDZ,C=AVDZ,H=VDZ


 Recomputing integrals since basis changed


 Using spherical harmonics

 Library entry C      S aug-cc-pVDZ          selected for orbital group  1
 Library entry C      P aug-cc-pVDZ          selected for orbital group  1
 Library entry C      D aug-cc-pVDZ          selected for orbital group  1
 Library entry H      S cc-pVDZ              selected for orbital group  2
 Library entry H      P cc-pVDZ              selected for orbital group  2
 Library entry O      S aug-cc-pVDZ          selected for orbital group  3
 Library entry O      P aug-cc-pVDZ          selected for orbital group  3
 Library entry O      D aug-cc-pVDZ          selected for orbital group  3


 PROGRAM * SEWARD (Integral evaluation for generally contracted gaussian basis sets)     Author: Roland Lindh, 1990

 Geometry written to block  1 of record 700


 Point group  C1  



 ATOMIC COORDINATES

 NR  ATOM    CHARGE       X              Y              Z

   1  C       6.00    2.943416625   -1.604566452    0.037320201
   2  C       6.00    0.695090401    0.035473939   -0.637678632
   3  C       6.00    0.918433353    2.765636860    0.204504271
   4  H       1.00    2.648233845   -3.550047057   -0.567121928
   5  H       1.00    3.274048777   -1.590960424    2.071291011
   6  H       1.00    4.633069885   -0.883928843   -0.894649260
   7  H       1.00    1.302484283    2.877268651    2.226639726
   8  H       1.00   -0.823569101    3.781028281   -0.202229041
   9  H       1.00    2.462127947    3.686772521   -0.803494541
  10  O       8.00   -1.487669884   -1.141832996    0.637213759
  11  O       8.00   -3.650644737   -0.286713027   -0.237822033
  12  H       1.00    0.268473391   -0.071027246   -2.650431597

 Bond lengths in Bohr (Angstrom)

 1-2  2.863621259  1-4  2.058489238  1-5  2.060713468  1-6  2.059809161  2-3  2.865823388
     ( 1.515363111)     ( 1.089305594)     ( 1.090482606)     ( 1.090004067)     ( 1.516528428)

  2-10  2.788520162   2-12  2.060223064   3- 7  2.061307491   3- 8  2.056945375   3- 9  2.060957426
       ( 1.475621322)       ( 1.090223095)       ( 1.090796949)       ( 1.088488616)       ( 1.090611703)

 10-11  2.485030787
       ( 1.315021661)

 Bond angles

  1- 2- 3  114.52856026   1- 2-10  105.36754808   1- 2-12  111.30042850   2- 1- 4  111.06787952

  2-1-5  110.78400292   2-1-6  109.69564385   2-3-7  110.75660902   2-3-8  110.25280524

  2- 3- 9  109.90316745   2-10-11  112.02748851   3- 2-10  109.19957709   3- 2-12  110.63937600

  4-1-5  108.60674547   4-1-6  108.38632260   5-1-6  108.21959956   7-3-8  108.96755481

  7- 3- 9  108.42364419   8- 3- 9  108.48115348  10- 2-12  105.23293209

 NUCLEAR CHARGE:                   41
 NUMBER OF PRIMITIVE AOS:         234
 NUMBER OF SYMMETRY AOS:          224
 NUMBER OF CONTRACTIONS:          150   ( 150A   )
 NUMBER OF CORE ORBITALS:           5   (   5A   )
 NUMBER OF VALENCE ORBITALS:       27   (  27A   )


 NUCLEAR REPULSION ENERGY  186.20122331


 Eigenvalues of metric

         1 0.155E-03 0.167E-03 0.268E-03 0.361E-03 0.560E-03 0.134E-02 0.237E-02 0.280E-02


 Contracted 2-electron integrals neglected if value below      1.0D-11
 AO integral compression algorithm  1   Integral accuracy      1.0D-11

     303.038 MB (compressed) written to integral file ( 51.6%)

     Node minimum: 32.506 MB, node maximum: 41.943 MB


 NUMBER OF SORTED TWO-ELECTRON INTEGRALS:    8014560.     BUFFER LENGTH:  32768
 NUMBER OF SEGMENTS:   1  SEGMENT LENGTH:    8014560      RECORD LENGTH: 524288

 Memory used in sort:       8.57 MW

 SORT1 READ    73521784. AND WROTE     7899429. INTEGRALS IN     23 RECORDS. CPU TIME:     0.97 SEC, REAL TIME:     1.07 SEC
 SORT2 READ    63191573. AND WROTE    64133475. INTEGRALS IN   1240 RECORDS. CPU TIME:     0.13 SEC, REAL TIME:     0.21 SEC

 Node minimum:     8011730.  Node maximum:     8021640. integrals

 OPERATOR DM      FOR CENTER  0  COORDINATES:    0.000000    0.000000    0.000000


 **********************************************************************************************************************************
 DATASETS  * FILE   NREC   LENGTH (MB)   RECORD NAMES
              1      18       20.92       500      610      700      900      950      970     1000      129      960     1100   
                                          VAR    BASINP    GEOM    SYMINP    ZMAT    AOBASIS   BASIS     P2S    ABASIS      S 
                                         1400     1410     1200     1210     1080     1600     1650     1700   
                                           T        V       H0       H01     AOSYM     SMH    MOLCAS    OPER   

 PROGRAMS   *        TOTAL       INT
 CPU TIMES  *        16.11     15.95
 REAL TIME  *        29.31 SEC
 DISK USED  *         1.05 GB      
 GA USED    *         0.00 MB       (max)       0.00 MB       (current)
 **********************************************************************************************************************************


 PROGRAM * RHF-SCF (OPEN SHELL)       Authors: W. Meyer, H.-J. Werner


 NUMBER OF ELECTRONS:      21+   20-    SPACE SYMMETRY=1    SPIN SYMMETRY: Doublet 
 CONVERGENCE THRESHOLDS:    1.00E-05 (Density)    1.00E-07 (Energy)
 MAX. NUMBER OF ITERATIONS:       60
 INTERPOLATION TYPE:            DIIS
 INTERPOLATION STEPS:              2 (START)      1 (STEP)
 LEVEL SHIFTS:                 -0.60 (CLOSED) -0.30 (OPEN) 



 Orbital guess generated from atomic densities. Full valence occupancy:   32

 Molecular orbital dump at record        2100.2

 Initial alpha occupancy:  21
 Initial beta  occupancy:  20
 Wave function symmetry:    1

 ITERATION    DDIFF          GRAD             ENERGY        2-EL.EN.            DIPOLE MOMENTS         DIIS   ORB.
    1      0.000D+00      0.000D+00      -267.19897059    558.149756    1.79043    0.12601   -0.10018    0    start
    2      0.000D+00      0.534D-02      -267.27748091    560.649062    1.37028    0.36247   -0.28508    1    diag,B
    3      0.708D-02      0.229D-02      -267.29267477    560.230485    1.34081    0.28664   -0.22571    2    diag,B
    4      0.288D-02      0.936D-03      -267.30106227    560.354524    1.19406    0.30993   -0.26765    3    diag,B
    5      0.179D-02      0.541D-03      -267.30503568    560.385914    1.12175    0.31425   -0.28163    4    diag,B
    6      0.112D-02      0.365D-03      -267.30860150    560.412499    1.05218    0.32159   -0.29543    5    diag,B
    7      0.105D-02      0.285D-03      -267.31182828    560.446843    0.97517    0.32315   -0.30500    6    fixocc
    8      0.120D-02      0.131D-03      -267.31231578    560.490652    0.94851    0.32337   -0.30838    7    diag,B
    9      0.453D-03      0.631D-04      -267.31238389    560.489749    0.93965    0.32062   -0.30782    8    diag,B
   10      0.257D-03      0.198D-04      -267.31238612    560.490520    0.94232    0.32051   -0.30782    9    orth
   11      0.885D-04      0.141D-04      -267.31238759    560.487077    0.94138    0.31965   -0.30732    9    diag,B
   12      0.601D-04      0.752D-05      -267.31238804    560.487998    0.94222    0.31990   -0.30744    9    diag,B
   13      0.197D-04      0.202D-05      -267.31238808    560.487742    0.94216    0.31986   -0.30739    9    diag,B
   14      0.993D-05      0.649D-06      -267.31238809    560.487788    0.94216    0.31987   -0.30739    0    orth

 Final alpha occupancy:  21
 Final beta  occupancy:  20

 !RHF STATE 1.1 Energy               -267.312388085516
 Nuclear energy                       186.20122331
 One-electron energy                 -733.75750538
 Two-electron energy                  280.24389398
 Virial quotient                       -1.00101320
 !RHF STATE 1.1 Dipole moment           0.94215848     0.31987453    -0.30739018
 Dipole moment /Debye                   2.39457115     0.81298670    -0.78125672

 Orbital energies:

         1.1          2.1          3.1          4.1          5.1          6.1          7.1          8.1          9.1         10.1
    -20.658169   -20.650278   -11.305613   -11.237800   -11.233960    -1.533284    -1.173598    -1.037135    -0.956495    -0.822073

        11.1         12.1         13.1         14.1         15.1         16.1         17.1         18.1         19.1         20.1
     -0.697205    -0.670433    -0.654056    -0.598196    -0.564179    -0.559427    -0.545539    -0.503787    -0.491740    -0.462626

        21.1         22.1         23.1
     -0.558557     0.064151     0.066863

 HOMO     21.1    -0.558557 =     -15.1991eV
 LUMO     22.1     0.064151 =       1.7456eV
 LUMO-HOMO         0.622708 =      16.9447eV


 **********************************************************************************************************************************
 DATASETS  * FILE   NREC   LENGTH (MB)   RECORD NAMES
              1      18       20.92       500      610      700      900      950      970     1000      129      960     1100   
                                          VAR    BASINP    GEOM    SYMINP    ZMAT    AOBASIS   BASIS     P2S    ABASIS      S 
                                         1400     1410     1200     1210     1080     1600     1650     1700   
                                           T        V       H0       H01     AOSYM     SMH    MOLCAS    OPER   

              2       4        3.59       700     1000      520     2100   
                                         GEOM     BASIS   MCVARS     RHF  

 PROGRAMS   *        TOTAL       RHF       INT
 CPU TIMES  *        17.45      1.34     15.95
 REAL TIME  *        30.83 SEC
 DISK USED  *         1.27 GB      
 SF USED    *         0.09 MB      
 GA USED    *         0.00 MB       (max)       0.00 MB       (current)
 **********************************************************************************************************************************


 PROGRAM * CCSD (Unrestricted open-shell coupled cluster)     Authors: C. Hampel, H.-J. Werner, 1991, M. Deegan, P.J. Knowles, 1992


 Convergence thresholds:  THRVAR = 1.00D-08  THRDEN = 1.00D-06

 CCSD(T)     terms to be evaluated (factor= 1.000)


 Number of core orbitals:           5 (   5 )
 Number of closed-shell orbitals:  15 (  15 )
 Number of active  orbitals:        1 (   1 )
 Number of external orbitals:     129 ( 129 )

 Memory could be reduced to 72.88 Mwords without degradation in triples

 Number of N-1 electron functions:              31
 Number of N-2 electron functions:             465
 Number of singly external CSFs:              4030
 Number of doubly external CSFs:           5942625
 Total number of CSFs:                     5946655

 Molecular orbitals read from record     2100.2  Type=RHF/CANONICAL (state 1.1)

 Integral transformation finished. Total CPU:   3.50 sec, npass=  1  Memory used:  34.41 MW

 Starting RMP2 calculation

 ITER.      SQ.NORM     CORR.ENERGY   TOTAL ENERGY   ENERGY CHANGE        DEN1      VAR(S)    VAR(P)  DIIS     TIME
   1      1.25052639    -0.80962793  -268.12201602    -0.80962793    -0.00319129  0.31D-04  0.11D-02  1  1     4.52
   2      1.25336091    -0.81308364  -268.12547173    -0.00345571    -0.00000690  0.13D-05  0.24D-05  2  2     5.47
   3      1.25344143    -0.81313059  -268.12551867    -0.00004694    -0.00000009  0.62D-07  0.13D-07  3  3     6.65
   4      1.25344403    -0.81313086  -268.12551895    -0.00000028    -0.00000000  0.16D-08  0.18D-09  4  4     7.87

 Norm of t1 vector:      0.04717042      S-energy:    -0.00425068      T1 diagnostic:  0.00078503
 Norm of t2 vector:      0.50121749      P-energy:    -0.80888018
                                         Alpha-Beta:  -0.60853978
                                         Alpha-Alpha: -0.10255015
                                         Beta-Beta:   -0.09779025

 Spin contamination <S**2-Sz**2-Sz>     0.00188148
  Reference energy                   -267.312388085519
  RHF-RMP2 correlation energy          -0.813130864660
 !RHF-RMP2 energy                    -268.125518950178

 Starting UCCSD calculation

 ITER.      SQ.NORM     CORR.ENERGY   TOTAL ENERGY   ENERGY CHANGE        DEN1      VAR(S)    VAR(P)  DIIS     TIME
   1      1.27202710    -0.83247813  -268.14486621    -0.83247813    -0.02818496  0.68D-02  0.59D-02  1  1    22.32
   2      1.30325068    -0.86042620  -268.17281428    -0.02794807    -0.00336385  0.66D-03  0.94D-03  2  2    37.14
   3      1.32120110    -0.86691081  -268.17929890    -0.00648462    -0.00092531  0.78D-03  0.78D-04  3  3    52.09
   4      1.33502268    -0.86981418  -268.18220227    -0.00290337    -0.00034170  0.27D-03  0.33D-04  4  4    67.00
   5      1.35133370    -0.87177903  -268.18416711    -0.00196484    -0.00009273  0.77D-04  0.86D-05  5  5    81.96
   6      1.36139621    -0.87262334  -268.18501142    -0.00084431    -0.00001442  0.68D-05  0.30D-05  6  6    96.95
   7      1.36427677    -0.87282422  -268.18521231    -0.00020088    -0.00000271  0.14D-05  0.58D-06  6  1   111.69
   8      1.36485303    -0.87285505  -268.18524314    -0.00003083    -0.00000049  0.19D-06  0.13D-06  6  2   126.66
   9      1.36512931    -0.87287324  -268.18526133    -0.00001819    -0.00000009  0.43D-07  0.23D-07  6  3   141.80
  10      1.36506503    -0.87285879  -268.18524688     0.00001445    -0.00000002  0.12D-07  0.41D-08  6  5   156.76
  11      1.36514350    -0.87286384  -268.18525192    -0.00000505    -0.00000000  0.35D-08  0.68D-09  6  4   171.66
  12      1.36513756    -0.87286247  -268.18525056     0.00000137    -0.00000000  0.25D-08  0.20D-09  6  6   186.62
  13      1.36513586    -0.87286241  -268.18525049     0.00000007    -0.00000000  0.19D-08  0.10D-09  6  1   201.44

 Norm of t1 vector:      0.24145873      S-energy:    -0.00488321      T1 diagnostic:  0.02969254
                                                                       D1 diagnostic:  0.14903890
 Norm of t2 vector:      0.55392558      P-energy:    -0.86797920
                                         Alpha-Beta:  -0.68218851
                                         Alpha-Alpha: -0.09355428
                                         Beta-Beta:   -0.09223640

 Singles amplitudes (print threshold =  0.500E-01):

         I         SYM. A    A   T(IA) [Beta-Beta]

         8         1         1      0.10186462
         9         1         1     -0.09940002
        11         1         1     -0.05799846
        12         1         1      0.07864159
        14         1         1     -0.10926663

 Spin contamination <S**2-Sz**2-Sz>     0.00227145

 Memory could be reduced to 82.14 Mwords without degradation in triples


 RESULTS
 =======

  Reference energy                   -267.312388085519
  UCCSD singles energy                 -0.004883211105
  UCCSD pair energy                    -0.867979195474
  UCCSD correlation energy             -0.872862406579
  Triples (T) contribution             -0.029565466944
  Total correlation energy             -0.902427873523

  RHF-UCCSD energy                   -268.185250492097
  RHF-UCCSD[T] energy                -268.218129009528
  RHF-UCCSD-T energy                 -268.214374969077
 !RHF-UCCSD(T) energy                -268.214815959041

 Program statistics:

 Available memory in ccsd:             24999997692
 Min. memory needed in ccsd:              16893952
 Max. memory used in ccsd:                24394212
 Max. memory used in cckext:              22060956 (13 integral passes)
 Max. memory used in cckint:              34408454 ( 1 integral passes)



 **********************************************************************************************************************************
 DATASETS  * FILE   NREC   LENGTH (MB)   RECORD NAMES
              1      18       20.92       500      610      700      900      950      970     1000      129      960     1100   
                                          VAR    BASINP    GEOM    SYMINP    ZMAT    AOBASIS   BASIS     P2S    ABASIS      S 
                                         1400     1410     1200     1210     1080     1600     1650     1700   
                                           T        V       H0       H01     AOSYM     SMH    MOLCAS    OPER   

              2       4        3.59       700     1000      520     2100   
                                         GEOM     BASIS   MCVARS     RHF  

 PROGRAMS   *        TOTAL  UCCSD(T)       RHF       INT
 CPU TIMES  *       310.51    293.06      1.34     15.95
 REAL TIME  *       340.04 SEC
 DISK USED  *         7.29 GB      
 SF USED    *         1.54 GB      
 GA USED    *         0.00 MB       (max)       0.00 MB       (current)
 **********************************************************************************************************************************

 UCCSD(T)/O=AVDZ,C=AVDZ,H=VDZ energy=   -268.214815959041

        UCCSD(T)        RHF-SCF 
   -268.21481596   -267.31238809
 **********************************************************************************************************************************
 Molpro calculation terminated
 Variable memory released

 Fortran compiler diagnostic
 ***************************

 integer size                  8
 double precision size         8
 logical size                  8

 diagnostic completed successfully
