
 Primary working directories    : /scratch/saurabh/PBS_8054027.helios
 Secondary working directories  : /scratch/saurabh/PBS_8054027.helios
 Wavefunction directory         : /scratch/saurabh/PBS_8054027.helios/
 Main file repository           : /scratch/saurabh/PBS_8054027.helios/

 SHA1      : f6387f0c468d0184d0b38d85973bdb066f718752
 NAME      : 2015.1.44
 ARCHNAME  : linux/x86_64
 FC        : /opt/may/bin/gfortran
 BLASLIB   : -Wl,-_start-group /opt/intel/mkl/lib/intel64/libmkl_gf_ilp64.a /opt/intel/mkl/lib/intel64/libmkl_gnu_thread.a /opt/intel/mkl/lib/intel64/libmkl_core.a -Wl,-_end-group
 id        : ramakrishnan

 Nodes             nprocs
 hel05.tifrh.res.in    8

 Using DEFAULT tuning parameter for ncache   :   16384
 Using DEFAULT tuning parameter for mflopdgm :   10000
 Using DEFAULT tuning parameter for mflopdgv :    4000
 Using DEFAULT tuning parameter for mflopmxm :    5000
 Using DEFAULT tuning parameter for mflopmxv :    4000
 Using DEFAULT tuning parameter for mindgm   :       1
 Using DEFAULT tuning parameter for mindgc   :       4
 Using DEFAULT tuning parameter for mindgf   :    5000
 Using DEFAULT tuning parameter for mindgl   :       4
 Using DEFAULT tuning parameter for mindgr   :       1
 Using DEFAULT tuning parameter for mindgv   :      20
 Using DEFAULT tuning parameter for mincuda  :     500
 Using DEFAULT tuning parameter for mxmblk   :      64
 Using DEFAULT tuning parameter for mxmbln   :      64
 Using DEFAULT tuning parameter for nroll    :       2
 Using custom tuning parameter for ngpus     :       0
 Using customized tuning parameters: mindgm=1; mindgv=20; mindgc=4; mindgr=1; noblas=0; minvec=7
 default implementation of scratch files=sf  

 ***,Mol_03
 memory,64,g
 geometry={
 C  1.690585   -0.689674  0.023809
 C  0.415876   0.074284   -0.336531
 C  0.439022   1.491088   0.110637
 H  1.608619   -1.728445  -0.295243
 H  1.860184   -0.664931  1.100346
 H  2.547635   -0.234432  -0.470990
 H  0.529234   1.713122   1.166125
 H  0.388342   2.311646   -0.589110
 O  -0.628624  -0.676243  0.322328
 O  -1.905372  -0.206703  -0.174531
 H  0.238717   0.015634   -1.412699
 H  -2.173658  0.396793   0.531707
  }
 basis,O=AVQZ,C=AVQZ,H=VQZ
 {rhf
 wf,41,1,1
 }
 uccsd(t);
 

 Fortran compiler diagnostic
 ***************************

 integer size                  8
 double precision size         8
 logical size                  8

 diagnostic completed successfully

 Variables initialized (889), CPU time= 0.01 sec
 Commands  initialized (702), CPU time= 0.02 sec, 572 directives.
 Default parameters read. Elapsed time= 0.10 sec

 Using DEFAULT tuning parameter for mpplat   :       3
 Using DEFAULT tuning parameter for mppspeed :    1600
 Checking input...
 Passed
1


                                         ***  PROGRAM SYSTEM MOLPRO  ***
                                       Copyright, TTI GmbH Stuttgart, 2015
                                    Version 2015.1 linked Jun  9 2019 06:55:40


 **********************************************************************************************************************************
 LABEL *   Mol_03                                                                        
  64 bit mpp version                                                                     DATE: 08-Apr-22          TIME: 03:28:20  
 **********************************************************************************************************************************

 SHA1:             f6387f0c468d0184d0b38d85973bdb066f718752
 **********************************************************************************************************************************

Geometry recognized as XYZ


 Variable memory set to ********** words,  buffer space   230000 words

 SETTING BASIS          =    O=AVQZ,C=AVQZ,H=VQZ


 Recomputing integrals since basis changed


 Using spherical harmonics

 Library entry C      S aug-cc-pVQZ          selected for orbital group  1
 Library entry C      P aug-cc-pVQZ          selected for orbital group  1
 Library entry C      D aug-cc-pVQZ          selected for orbital group  1
 Library entry C      F aug-cc-pVQZ          selected for orbital group  1
 Library entry C      G aug-cc-pVQZ          selected for orbital group  1
 Library entry H      S cc-pVQZ              selected for orbital group  2
 Library entry H      P cc-pVQZ              selected for orbital group  2
 Library entry H      D cc-pVQZ              selected for orbital group  2
 Library entry H      F cc-pVQZ              selected for orbital group  2
 Library entry O      S aug-cc-pVQZ          selected for orbital group  3
 Library entry O      P aug-cc-pVQZ          selected for orbital group  3
 Library entry O      D aug-cc-pVQZ          selected for orbital group  3
 Library entry O      F aug-cc-pVQZ          selected for orbital group  3
 Library entry O      G aug-cc-pVQZ          selected for orbital group  3


 PROGRAM * SEWARD (Integral evaluation for generally contracted gaussian basis sets)     Author: Roland Lindh, 1990

 Geometry written to block  1 of record 700


 Point group  C1  



 ATOMIC COORDINATES

 NR  ATOM    CHARGE       X              Y              Z

   1  C       6.00    3.194742640   -1.303294975    0.044992489
   2  C       6.00    0.785891742    0.140376415   -0.635951422
   3  C       6.00    0.829631343    2.817747948    0.209073629
   4  H       1.00    3.039849349   -3.266287671   -0.557928410
   5  H       1.00    3.515238301   -1.256537482    2.079352582
   6  H       1.00    4.814332415   -0.443012275   -0.890042107
   7  H       1.00    1.000107316    3.237331398    2.203656877
   8  H       1.00    0.733860023    4.368377837   -1.113256557
   9  O       8.00   -1.187927195   -1.277914064    0.609111642
  10  O       8.00   -3.600631245   -0.390612059   -0.329815790
  11  H       1.00    0.451109751    0.029543978   -2.669614206
  12  H       1.00   -4.107618308    0.749830098    1.004780609

 Bond lengths in Bohr (Angstrom)

 1-2  2.889711810  1-4  2.059331413  1-5  2.059981728  1-6  2.058506026  2-3  2.807899359
     ( 1.529169636)     ( 1.089751253)     ( 1.090095385)     ( 1.089314478)     ( 1.485876352)

  2- 9  2.730877353   2-11  2.064012386   3- 7  2.045354410   3- 8  2.040142721   9-10  2.736791991
       ( 1.445118061)       ( 1.092228318)       ( 1.082354942)       ( 1.079597035)       ( 1.448247953)

 10-12  1.827236094
       ( 0.966931700)

 Bond angles

  1- 2- 3  113.10795848   1- 2- 9  103.62734255   1- 2-11  109.91107951   2- 1- 4  110.15302080

  2-1-5  110.55252572   2-1-6  109.87884392   2-3-7  119.36538438   2-3-8  121.93362988

  2- 9-10  108.20341250   3- 2- 9  111.67013814   3- 2-11  110.50251503   4- 1- 5  108.81248068

  4- 1- 6  108.93867812   5- 1- 6  108.46260818   7- 3- 8  118.68938624   9- 2-11  107.70367891

  9-10-12  101.32519792

 NUCLEAR CHARGE:                   41
 NUMBER OF PRIMITIVE AOS:         849
 NUMBER OF SYMMETRY AOS:          689
 NUMBER OF CONTRACTIONS:          610   ( 610A   )
 NUMBER OF CORE ORBITALS:           5   (   5A   )
 NUMBER OF VALENCE ORBITALS:       27   (  27A   )


 NUCLEAR REPULSION ENERGY  185.01766930


 Eigenvalues of metric

         1 0.527E-05 0.116E-04 0.277E-04 0.336E-04 0.446E-04 0.506E-04 0.546E-04 0.565E-04


 Contracted 2-electron integrals neglected if value below      1.0D-12
 AO integral compression algorithm  1   Integral accuracy      1.0D-12

     62992.679 MB (compressed) written to integral file ( 42.5%)

     Node minimum: 7493.911 MB, node maximum: 8128.037 MB


 NUMBER OF SORTED TWO-ELECTRON INTEGRALS: 2170534920.     BUFFER LENGTH:  32768
 NUMBER OF SEGMENTS:  68  SEGMENT LENGTH:   31996696      RECORD LENGTH: 262144

 Memory used in sort:      32.29 MW

 SORT1 READ 18529427568. AND WROTE  1859126030. INTEGRALS IN  10672 RECORDS. CPU TIME:   845.68 SEC, REAL TIME:   961.80 SEC
 SORT2 READ 14880672659. AND WROTE 17364186190. INTEGRALS IN 238872 RECORDS. CPU TIME:    95.20 SEC, REAL TIME:  2315.03 SEC

 Node minimum:  2170441744.  Node maximum:  2170604805. integrals

 OPERATOR DM      FOR CENTER  0  COORDINATES:    0.000000    0.000000    0.000000


 **********************************************************************************************************************************
 DATASETS  * FILE   NREC   LENGTH (MB)   RECORD NAMES
              1      18       33.67       500      610      700      900      950      970     1000      129      960     1100   
                                          VAR    BASINP    GEOM    SYMINP    ZMAT    AOBASIS   BASIS     P2S    ABASIS      S 
                                         1400     1410     1200     1210     1080     1600     1650     1700   
                                           T        V       H0       H01     AOSYM     SMH    MOLCAS    OPER   

 PROGRAMS   *        TOTAL       INT
 CPU TIMES  *      1105.60   1105.43
 REAL TIME  *      3565.66 SEC
 DISK USED  *       241.03 GB      
 GA USED    *         0.01 MB       (max)       0.00 MB       (current)
 **********************************************************************************************************************************


 PROGRAM * RHF-SCF (OPEN SHELL)       Authors: W. Meyer, H.-J. Werner


 NUMBER OF ELECTRONS:      21+   20-    SPACE SYMMETRY=1    SPIN SYMMETRY: Doublet 
 CONVERGENCE THRESHOLDS:    1.00E-05 (Density)    1.00E-07 (Energy)
 MAX. NUMBER OF ITERATIONS:       60
 INTERPOLATION TYPE:            DIIS
 INTERPOLATION STEPS:              2 (START)      1 (STEP)
 LEVEL SHIFTS:                 -0.60 (CLOSED) -0.30 (OPEN) 



 Orbital guess generated from atomic densities. Full valence occupancy:   32

 Molecular orbital dump at record        2100.2

 Initial alpha occupancy:  21
 Initial beta  occupancy:  20
 Wave function symmetry:    1

 ITERATION    DDIFF          GRAD             ENERGY        2-EL.EN.            DIPOLE MOMENTS         DIIS   ORB.
    1      0.000D+00      0.000D+00      -267.28916729    559.269129    0.53037    0.86110    0.28889    0    start
    2      0.000D+00      0.212D-02      -267.34511272    559.456376    0.50940    0.76057    0.16723    1    diag,B
    3      0.116D-02      0.716D-03      -267.35740034    559.395449    0.48708    0.72950    0.15324    2    diag,B
    4      0.450D-03      0.321D-03      -267.36128296    559.442395    0.47070    0.72938    0.13194    3    diag,B
    5      0.276D-03      0.114D-03      -267.36182357    559.431967    0.47101    0.73035    0.13296    4    diag,B
    6      0.102D-03      0.451D-04      -267.36192738    559.426620    0.47120    0.73490    0.13212    5    diag,B
    7      0.660D-04      0.159D-04      -267.36194156    559.423751    0.47233    0.73604    0.13266    6    fixocc
    8      0.300D-04      0.585D-05      -267.36194369    559.423268    0.47301    0.73632    0.13295    7    diag,B
    9      0.135D-04      0.235D-05      -267.36194408    559.423635    0.47348    0.73632    0.13308    8    diag,B
   10      0.687D-05      0.978D-06      -267.36194416    559.423651    0.47374    0.73628    0.13312    9    orth
   11      0.326D-05      0.348D-06      -267.36194416    559.423700    0.47380    0.73627    0.13311    0    orth

 Final alpha occupancy:  21
 Final beta  occupancy:  20

 !RHF STATE 1.1 Energy               -267.361944162907
 Nuclear energy                       185.01766930
 One-electron energy                 -732.09146369
 Two-electron energy                  279.71185023
 Virial quotient                       -1.00119264
 !RHF STATE 1.1 Dipole moment           0.47380210     0.73626595     0.13311280
 Dipole moment /Debye                   1.20420595     1.87127881     0.33831683

 Orbital energies:

         1.1          2.1          3.1          4.1          5.1          6.1          7.1          8.1          9.1         10.1
    -20.616024   -20.615720   -11.293020   -11.232700   -11.222963    -1.465577    -1.224594    -1.032294    -0.927791    -0.797471

        11.1         12.1         13.1         14.1         15.1         16.1         17.1         18.1         19.1         20.1
     -0.723025    -0.650226    -0.638039    -0.623994    -0.571532    -0.545054    -0.525909    -0.502699    -0.478248    -0.457365

        21.1         22.1         23.1
     -0.379296     0.041742     0.046902

 HOMO     21.1    -0.379296 =     -10.3212eV
 LUMO     22.1     0.041742 =       1.1359eV
 LUMO-HOMO         0.421038 =      11.4570eV


 **********************************************************************************************************************************
 DATASETS  * FILE   NREC   LENGTH (MB)   RECORD NAMES
              1      18       33.67       500      610      700      900      950      970     1000      129      960     1100   
                                          VAR    BASINP    GEOM    SYMINP    ZMAT    AOBASIS   BASIS     P2S    ABASIS      S 
                                         1400     1410     1200     1210     1080     1600     1650     1700   
                                           T        V       H0       H01     AOSYM     SMH    MOLCAS    OPER   

              2       4       13.48       700     1000      520     2100   
                                         GEOM     BASIS   MCVARS     RHF  

 PROGRAMS   *        TOTAL       RHF       INT
 CPU TIMES  *      1803.62    697.92   1105.43
 REAL TIME  *      5602.76 SEC
 DISK USED  *       241.84 GB      
 SF USED    *         1.49 MB      
 GA USED    *         0.01 MB       (max)       0.00 MB       (current)
 **********************************************************************************************************************************


 PROGRAM * CCSD (Unrestricted open-shell coupled cluster)     Authors: C. Hampel, H.-J. Werner, 1991, M. Deegan, P.J. Knowles, 1992


 Convergence thresholds:  THRVAR = 1.00D-08  THRDEN = 1.00D-06

 CCSD(T)     terms to be evaluated (factor= 1.000)


 Number of core orbitals:           5 (   5 )
 Number of closed-shell orbitals:  15 (  15 )
 Number of active  orbitals:        1 (   1 )
 Number of external orbitals:     589 ( 589 )

 Memory could be reduced to 4975.90 Mwords without degradation in triples

 Number of N-1 electron functions:              31
 Number of N-2 electron functions:             465
 Number of singly external CSFs:             18290
 Number of doubly external CSFs:         122638875
 Total number of CSFs:                   122657165

 Molecular orbitals read from record     2100.2  Type=RHF/CANONICAL (state 1.1)

 Integral transformation finished. Total CPU: 722.40 sec, npass=  1  Memory used:2023.50 MW

 Starting RMP2 calculation

 ITER.      SQ.NORM     CORR.ENERGY   TOTAL ENERGY   ENERGY CHANGE        DEN1      VAR(S)    VAR(P)  DIIS     TIME
   1      1.28079700    -1.05632910  -268.41827327    -1.05632910    -0.00318147  0.11D-04  0.12D-02  1  1   810.90
   2      1.28352507    -1.05973359  -268.42167775    -0.00340449    -0.00000371  0.14D-06  0.16D-05  2  2   839.47
   3      1.28359175    -1.05978049  -268.42172465    -0.00004689    -0.00000001  0.54D-08  0.51D-08  3  3   870.12
   4      1.28359232    -1.05978033  -268.42172449     0.00000015    -0.00000000  0.16D-09  0.17D-10  4  4   960.27

 Norm of t1 vector:      0.04205245      S-energy:    -0.00281353      T1 diagnostic:  0.00023564
 Norm of t2 vector:      0.53087090      P-energy:    -1.05696680
                                         Alpha-Beta:  -0.81235091
                                         Alpha-Alpha: -0.13012269
                                         Beta-Beta:   -0.11449321

 Spin contamination <S**2-Sz**2-Sz>     0.00089990
  Reference energy                   -267.361944162903
  RHF-RMP2 correlation energy          -1.059780331341
 !RHF-RMP2 energy                    -268.421724494244

 Starting UCCSD calculation

 ITER.      SQ.NORM     CORR.ENERGY   TOTAL ENERGY   ENERGY CHANGE        DEN1      VAR(S)    VAR(P)  DIIS     TIME
   1      1.28665301    -1.05333765  -268.41528181    -1.05333765    -0.02733837  0.40D-02  0.52D-02  1  1  1885.59
   2      1.31036347    -1.07900849  -268.44095266    -0.02567084    -0.00244692  0.18D-03  0.77D-03  2  2  2806.36
   3      1.32000937    -1.08438193  -268.44632610    -0.00537344    -0.00025016  0.99D-04  0.53D-04  3  3  3744.48
   4      1.32358275    -1.08579994  -268.44774410    -0.00141800    -0.00003969  0.13D-04  0.11D-04  4  4  4653.55
   5      1.32481573    -1.08604863  -268.44799280    -0.00024870    -0.00000981  0.74D-05  0.14D-05  5  5  5596.42
   6      1.32534874    -1.08612468  -268.44806885    -0.00007605    -0.00000236  0.15D-05  0.42D-06  6  6  6528.72
   7      1.32563112    -1.08615255  -268.44809671    -0.00002786    -0.00000063  0.53D-06  0.79D-07  6  1  7431.80
   8      1.32570341    -1.08615791  -268.44810207    -0.00000536    -0.00000020  0.14D-06  0.34D-07  6  2  8321.45
   9      1.32575702    -1.08616028  -268.44810445    -0.00000238    -0.00000006  0.47D-07  0.74D-08  6  3  9237.04
  10      1.32577658    -1.08616388  -268.44810804    -0.00000360    -0.00000001  0.89D-08  0.22D-08  6  4 10136.12
  11      1.32577594    -1.08616163  -268.44810580     0.00000225    -0.00000000  0.19D-08  0.58D-09  6  6 11069.60
  12      1.32577841    -1.08616115  -268.44810532     0.00000048    -0.00000000  0.35D-09  0.96D-10  6  5 11969.57

 Norm of t1 vector:      0.11299934      S-energy:    -0.00325726      T1 diagnostic:  0.01273983
                                                                       D1 diagnostic:  0.02988982
 Norm of t2 vector:      0.55947257      P-energy:    -1.08290389
                                         Alpha-Beta:  -0.86153780
                                         Alpha-Alpha: -0.11858715
                                         Beta-Beta:   -0.10277894

 Spin contamination <S**2-Sz**2-Sz>     0.00083000

 Memory could be reduced to 5160.88 Mwords without degradation in triples


 RESULTS
 =======

  Reference energy                   -267.361944162903
  UCCSD singles energy                 -0.003257261379
  UCCSD pair energy                    -1.082903892638
  UCCSD correlation energy             -1.086161154016
  Triples (T) contribution             -0.045980595773
  Total correlation energy             -1.132141749790

  RHF-UCCSD energy                   -268.448105316919
  RHF-UCCSD[T] energy                -268.495584278879
  RHF-UCCSD-T energy                 -268.493453372621
 !RHF-UCCSD(T) energy                -268.494085912693

 Program statistics:

 Available memory in ccsd:             63999997692
 Min. memory needed in ccsd:             340083258
 Max. memory used in ccsd:               496005278
 Max. memory used in cckext:             355219671 (12 integral passes)
 Max. memory used in cckint:            2023497284 ( 1 integral passes)



 **********************************************************************************************************************************
 DATASETS  * FILE   NREC   LENGTH (MB)   RECORD NAMES
              1      18       33.67       500      610      700      900      950      970     1000      129      960     1100   
                                          VAR    BASINP    GEOM    SYMINP    ZMAT    AOBASIS   BASIS     P2S    ABASIS      S 
                                         1400     1410     1200     1210     1080     1600     1650     1700   
                                           T        V       H0       H01     AOSYM     SMH    MOLCAS    OPER   

              2       4       13.48       700     1000      520     2100   
                                         GEOM     BASIS   MCVARS     RHF  

 PROGRAMS   *        TOTAL  UCCSD(T)       RHF       INT
 CPU TIMES  *     34305.46  32501.75    697.92   1105.43
 REAL TIME  *     50581.75 SEC
 DISK USED  *       365.74 GB      
 SF USED    *        91.73 GB      
 GA USED    *         0.01 MB       (max)       0.00 MB       (current)
 **********************************************************************************************************************************

 UCCSD(T)/O=AVQZ,C=AVQZ,H=VQZ energy=   -268.494085912693

        UCCSD(T)        RHF-SCF 
   -268.49408591   -267.36194416
 **********************************************************************************************************************************
 Molpro calculation terminated
 Variable memory released

 Fortran compiler diagnostic
 ***************************

 integer size                  8
 double precision size         8
 logical size                  8

 diagnostic completed successfully
