
 Primary working directories    : /scratch/saurabh/PBS_8058177.helios
 Secondary working directories  : /scratch/saurabh/PBS_8058177.helios
 Wavefunction directory         : /scratch/saurabh/PBS_8058177.helios/
 Main file repository           : /scratch/saurabh/PBS_8058177.helios/

 SHA1      : f6387f0c468d0184d0b38d85973bdb066f718752
 NAME      : 2015.1.44
 ARCHNAME  : linux/x86_64
 FC        : /opt/may/bin/gfortran
 BLASLIB   : -Wl,-_start-group /opt/intel/mkl/lib/intel64/libmkl_gf_ilp64.a /opt/intel/mkl/lib/intel64/libmkl_gnu_thread.a /opt/intel/mkl/lib/intel64/libmkl_core.a -Wl,-_end-group
 id        : ramakrishnan

 Nodes             nprocs
 hel07.tifrh.res.in    8

 Using DEFAULT tuning parameter for ncache   :   16384
 Using DEFAULT tuning parameter for mflopdgm :   10000
 Using DEFAULT tuning parameter for mflopdgv :    4000
 Using DEFAULT tuning parameter for mflopmxm :    5000
 Using DEFAULT tuning parameter for mflopmxv :    4000
 Using DEFAULT tuning parameter for mindgm   :       1
 Using DEFAULT tuning parameter for mindgc   :       4
 Using DEFAULT tuning parameter for mindgf   :    5000
 Using DEFAULT tuning parameter for mindgl   :       4
 Using DEFAULT tuning parameter for mindgr   :       1
 Using DEFAULT tuning parameter for mindgv   :      20
 Using DEFAULT tuning parameter for mincuda  :     500
 Using DEFAULT tuning parameter for mxmblk   :      64
 Using DEFAULT tuning parameter for mxmbln   :      64
 Using DEFAULT tuning parameter for nroll    :       2
 Using custom tuning parameter for ngpus     :       0
 Using customized tuning parameters: mindgm=1; mindgv=20; mindgc=4; mindgr=1; noblas=0; minvec=7
 default implementation of scratch files=sf  

 ***,TS_02
 memory,25,g
 geometry={
 C  -0.103419  0.000576   1.260337
 H  -0.371480  -0.915374  1.766499
 H  -0.371297  0.917222   1.765367
 C  0.704754   0.000003   0.129033
 H  -0.335511  0.000470   -0.666622
 C  1.428132   -1.286073  -0.258379
 H  1.616142   -1.325179  -1.332347
 H  2.396191   -1.352011  0.244308
 H  0.847036   -2.167747  0.012042
 C  1.429550   1.285173   -0.258734
 H  1.617564   1.323813   -1.332720
 H  0.849467   2.167571   0.011506
 H  2.397693   1.350129   0.243910
 O  -2.052038  -0.000121  0.225095
 O  -1.622950  0.000500   -0.968280
  }
 basis,O=AVDZ,C=AVDZ,H=VDZ
 {rhf
 wf,49,1,1
 }
 uccsd(t);
 

 Fortran compiler diagnostic
 ***************************

 integer size                  8
 double precision size         8
 logical size                  8

 diagnostic completed successfully

 Variables initialized (889), CPU time= 0.01 sec
 Commands  initialized (702), CPU time= 0.01 sec, 572 directives.
 Default parameters read. Elapsed time= 0.09 sec

 Using DEFAULT tuning parameter for mpplat   :       3
 Using DEFAULT tuning parameter for mppspeed :    1600
 Checking input...
 Passed
1


                                         ***  PROGRAM SYSTEM MOLPRO  ***
                                       Copyright, TTI GmbH Stuttgart, 2015
                                    Version 2015.1 linked Jun  9 2019 06:55:40


 **********************************************************************************************************************************
 LABEL *   TS_02                                                                         
  64 bit mpp version                                                                     DATE: 03-Oct-21          TIME: 03:02:26  
 **********************************************************************************************************************************

 SHA1:             f6387f0c468d0184d0b38d85973bdb066f718752
 **********************************************************************************************************************************

Geometry recognized as XYZ


 Variable memory set to ********** words,  buffer space   230000 words

 SETTING BASIS          =    O=AVDZ,C=AVDZ,H=VDZ


 Recomputing integrals since basis changed


 Using spherical harmonics

 Library entry C      S aug-cc-pVDZ          selected for orbital group  1
 Library entry C      P aug-cc-pVDZ          selected for orbital group  1
 Library entry C      D aug-cc-pVDZ          selected for orbital group  1
 Library entry H      S cc-pVDZ              selected for orbital group  2
 Library entry H      P cc-pVDZ              selected for orbital group  2
 Library entry O      S aug-cc-pVDZ          selected for orbital group  9
 Library entry O      P aug-cc-pVDZ          selected for orbital group  9
 Library entry O      D aug-cc-pVDZ          selected for orbital group  9


 PROGRAM * SEWARD (Integral evaluation for generally contracted gaussian basis sets)     Author: Roland Lindh, 1990

 Geometry written to block  1 of record 700


 Point group  C1  



 ATOMIC COORDINATES

 NR  ATOM    CHARGE       X              Y              Z

   1  C       6.00   -0.195433586    0.001088482    2.381691755
   2  H       1.00   -0.701995461   -1.729806162    3.338199309
   3  H       1.00   -0.701649641    1.733298375    3.336060139
   4  C       6.00    1.331792045    0.000005669    0.243837031
   5  H       1.00   -0.634023902    0.000888171   -1.259733009
   6  C       6.00    2.698778350   -2.430325746   -0.488265546
   7  H       1.00    3.054065758   -2.504225376   -2.517770933
   8  H       1.00    4.528144732   -2.554930507    0.461675210
   9  H       1.00    1.600666058   -4.096448137    0.022756082
  10  C       6.00    2.701457981    2.428624993   -0.488936399
  11  H       1.00    3.056752949    2.501644010   -2.518475801
  12  H       1.00    1.605259982    4.096115546    0.021743189
  13  H       1.00    4.530983101    2.551374043    0.460923099
  14  O       8.00   -3.877789817   -0.000228657    0.425367902
  15  O       8.00   -3.066931014    0.000944863   -1.829784012

 Bond lengths in Bohr (Angstrom)

 1-2  2.041447502  1-3  2.041476138  1-4  2.627326040  4-5  2.474905247  4-6  2.882904183
     ( 1.080287495)     ( 1.080302649)     ( 1.390321066)     ( 1.309663456)     ( 1.525567195)

  4-10  2.882903657   5-15  2.498798745   6- 7  2.061694064   6- 8  2.065065410   6- 9  2.059844055
       ( 1.525566917)       ( 1.322307350)       ( 1.091001514)       ( 1.092785554)       ( 1.090022532)

 10-11  2.061697474  10-12  2.059846703  10-13  2.065057519  14-15  2.396498181
       ( 1.091003319)       ( 1.090023933)       ( 1.092781378)       ( 1.268172223)

 Bond angles

  1- 4- 5   91.86985880   1- 4- 6  118.85609114   1- 4-10  118.85838788   2- 1- 3  116.03123349

  2- 1- 4  121.67792636   3- 1- 4  121.66046764   4- 5-15  155.77614045   4- 6- 7  111.21761878

  4- 6- 8  110.73831305   4- 6- 9  111.47509879   4-10-11  111.21845076   4-10-12  111.47566920

  4-10-13  110.73656369   5- 4- 6  102.86499161   5- 4-10  102.86475475   5-15-14   96.58946954

  6- 4-10  114.85656746   7- 6- 8  107.33760164   7- 6- 9  107.88395786   8- 6- 9  108.01888197

 11-10-12  107.88416814  11-10-13  107.33823816  12-10-13  108.01839638

 NUCLEAR CHARGE:                   49
 NUMBER OF PRIMITIVE AOS:         285
 NUMBER OF SYMMETRY AOS:          273
 NUMBER OF CONTRACTIONS:          183   ( 183A   )
 NUMBER OF CORE ORBITALS:           6   (   6A   )
 NUMBER OF VALENCE ORBITALS:       33   (  33A   )


 NUCLEAR REPULSION ENERGY  246.69268545


 Eigenvalues of metric

         1 0.614E-04 0.103E-03 0.162E-03 0.194E-03 0.223E-03 0.311E-03 0.514E-03 0.128E-02


 Contracted 2-electron integrals neglected if value below      1.0D-11
 AO integral compression algorithm  1   Integral accuracy      1.0D-11

     625.738 MB (compressed) written to integral file ( 49.2%)

     Node minimum: 70.255 MB, node maximum: 82.313 MB


 NUMBER OF SORTED TWO-ELECTRON INTEGRALS:   17715680.     BUFFER LENGTH:  32768
 NUMBER OF SEGMENTS:   2  SEGMENT LENGTH:   15992000      RECORD LENGTH: 524288

 Memory used in sort:      16.55 MW

 SORT1 READ   159137058. AND WROTE    17303233. INTEGRALS IN     50 RECORDS. CPU TIME:     2.14 SEC, REAL TIME:     2.29 SEC
 SORT2 READ   138418429. AND WROTE   141733866. INTEGRALS IN   2456 RECORDS. CPU TIME:     0.32 SEC, REAL TIME:     0.43 SEC

 Node minimum:    17709368.  Node maximum:    17724100. integrals

 OPERATOR DM      FOR CENTER  0  COORDINATES:    0.000000    0.000000    0.000000


 **********************************************************************************************************************************
 DATASETS  * FILE   NREC   LENGTH (MB)   RECORD NAMES
              1      18       21.38       500      610      700      900      950      970     1000      129      960     1100   
                                          VAR    BASINP    GEOM    SYMINP    ZMAT    AOBASIS   BASIS     P2S    ABASIS      S 
                                         1400     1410     1200     1210     1080     1600     1650     1700   
                                           T        V       H0       H01     AOSYM     SMH    MOLCAS    OPER   

 PROGRAMS   *        TOTAL       INT
 CPU TIMES  *        12.22     12.09
 REAL TIME  *        24.95 SEC
 DISK USED  *         2.26 GB      
 GA USED    *         0.01 MB       (max)       0.00 MB       (current)
 **********************************************************************************************************************************


 PROGRAM * RHF-SCF (OPEN SHELL)       Authors: W. Meyer, H.-J. Werner


 NUMBER OF ELECTRONS:      25+   24-    SPACE SYMMETRY=1    SPIN SYMMETRY: Doublet 
 CONVERGENCE THRESHOLDS:    1.00E-05 (Density)    1.00E-07 (Energy)
 MAX. NUMBER OF ITERATIONS:       60
 INTERPOLATION TYPE:            DIIS
 INTERPOLATION STEPS:              2 (START)      1 (STEP)
 LEVEL SHIFTS:                 -0.60 (CLOSED) -0.30 (OPEN) 



 Orbital guess generated from atomic densities. Full valence occupancy:   39

 Molecular orbital dump at record        2100.2

 Initial alpha occupancy:  25
 Initial beta  occupancy:  24
 Wave function symmetry:    1

 ITERATION    DDIFF          GRAD             ENERGY        2-EL.EN.            DIPOLE MOMENTS         DIIS   ORB.
    1      0.000D+00      0.000D+00      -306.14822035    706.230134    0.84058    0.00026   -0.00511    0    start
    2      0.000D+00      0.403D-02      -306.22003218    707.153321    1.15608    0.00018    0.45039    1    diag,B
    3      0.585D-02      0.147D-02      -306.23357978    707.008263    1.18512    0.00020    0.48235    2    diag,B
    4      0.228D-02      0.755D-03      -306.24042523    707.158982    1.25012    0.00021    0.63053    3    diag,B
    5      0.188D-02      0.358D-03      -306.24204654    707.204237    1.29577    0.00023    0.67552    4    diag,B
    6      0.841D-03      0.205D-03      -306.24306096    707.236618    1.33303    0.00024    0.74961    5    diag,B
    7      0.770D-03      0.133D-03      -306.24359373    707.266167    1.35877    0.00024    0.80199    6    fixocc
    8      0.552D-03      0.820D-04      -306.24387894    707.286463    1.36474    0.00024    0.83253    7    diag,B
    9      0.316D-03      0.644D-04      -306.24409343    707.293091    1.36015    0.00023    0.84830    8    diag,B
   10      0.230D-03      0.546D-04      -306.24442188    707.293565    1.34522    0.00021    0.87132    9    orth
   11      0.434D-03      0.327D-04      -306.24454691    707.292872    1.33288    0.00020    0.88503    9    diag,B
   12      0.336D-03      0.141D-04      -306.24455842    707.292748    1.33026    0.00019    0.88759    9    diag,B
   13      0.119D-03      0.641D-05      -306.24455984    707.293062    1.33009    0.00019    0.88772    9    diag,B
   14      0.404D-04      0.314D-05      -306.24456008    707.293667    1.33055    0.00019    0.88732    9    diag,B
   15      0.244D-04      0.135D-05      -306.24456010    707.293417    1.33042    0.00019    0.88769    9    diag,B
   16      0.161D-04      0.118D-05      -306.24456013    707.293640    1.33067    0.00019    0.88734    9    diag,B
   17      0.833D-05      0.395D-06      -306.24456014    707.293528    1.33067    0.00019    0.88733    0    orth

 Final alpha occupancy:  25
 Final beta  occupancy:  24

 !RHF STATE 1.1 Energy               -306.244560135334
 Nuclear energy                       246.69268545
 One-electron energy                 -906.58400964
 Two-electron energy                  353.64676406
 Virial quotient                       -1.00101309
 !RHF STATE 1.1 Dipole moment           1.33067024     0.00019186     0.88733045
 Dipole moment /Debye                   3.38200488     0.00048762     2.25522132

 Orbital energies:

         1.1          2.1          3.1          4.1          5.1          6.1          7.1          8.1          9.1         10.1
    -20.642337   -20.609388   -11.312418   -11.245394   -11.240387   -11.240329    -1.523573    -1.121222    -1.059126    -0.957309

        11.1         12.1         13.1         14.1         15.1         16.1         17.1         18.1         19.1         20.1
     -0.953569    -0.776330    -0.708645    -0.659069    -0.635471    -0.621578    -0.598307    -0.584215    -0.553027    -0.544896

        21.1         22.1         23.1         24.1         25.1         26.1         27.1
     -0.531098    -0.494711    -0.429620    -0.367193    -0.472002     0.048226     0.063693

 HOMO     25.1    -0.472002 =     -12.8438eV
 LUMO     26.1     0.048226 =       1.3123eV
 LUMO-HOMO         0.520228 =      14.1561eV


 **********************************************************************************************************************************
 DATASETS  * FILE   NREC   LENGTH (MB)   RECORD NAMES
              1      18       21.38       500      610      700      900      950      970     1000      129      960     1100   
                                          VAR    BASINP    GEOM    SYMINP    ZMAT    AOBASIS   BASIS     P2S    ABASIS      S 
                                         1400     1410     1200     1210     1080     1600     1650     1700   
                                           T        V       H0       H01     AOSYM     SMH    MOLCAS    OPER   

              2       4        3.95       700     1000      520     2100   
                                         GEOM     BASIS   MCVARS     RHF  

 PROGRAMS   *        TOTAL       RHF       INT
 CPU TIMES  *        15.86      3.64     12.09
 REAL TIME  *        30.61 SEC
 DISK USED  *         2.50 GB      
 SF USED    *         0.13 MB      
 GA USED    *         0.01 MB       (max)       0.00 MB       (current)
 **********************************************************************************************************************************


 PROGRAM * CCSD (Unrestricted open-shell coupled cluster)     Authors: C. Hampel, H.-J. Werner, 1991, M. Deegan, P.J. Knowles, 1992


 Convergence thresholds:  THRVAR = 1.00D-08  THRDEN = 1.00D-06

 CCSD(T)     terms to be evaluated (factor= 1.000)


 Number of core orbitals:           6 (   6 )
 Number of closed-shell orbitals:  18 (  18 )
 Number of active  orbitals:        1 (   1 )
 Number of external orbitals:     158 ( 158 )

 Memory could be reduced to 152.34 Mwords without degradation in triples

 Number of N-1 electron functions:              37
 Number of N-2 electron functions:             666
 Number of singly external CSFs:              5883
 Number of doubly external CSFs:          12715866
 Total number of CSFs:                    12721749

 Molecular orbitals read from record     2100.2  Type=RHF/CANONICAL (state 1.1)

 Integral transformation finished. Total CPU:   9.25 sec, npass=  1  Memory used:  72.68 MW

 Starting RMP2 calculation

 ITER.      SQ.NORM     CORR.ENERGY   TOTAL ENERGY   ENERGY CHANGE        DEN1      VAR(S)    VAR(P)  DIIS     TIME
   1      1.33990113    -1.01209538  -307.25665551    -1.01209538    -0.00436224  0.43D-04  0.18D-02  1  1    11.85
   2      1.34442507    -1.01683024  -307.26139037    -0.00473486    -0.00001012  0.12D-05  0.53D-05  2  2    14.47
   3      1.34459341    -1.01691280  -307.26147294    -0.00008256    -0.00000007  0.32D-07  0.22D-07  3  3    17.53
   4      1.34459743    -1.01691333  -307.26147346    -0.00000053    -0.00000000  0.53D-09  0.12D-09  4  4    20.66

 Norm of t1 vector:      0.05831970      S-energy:    -0.00565063      T1 diagnostic:  0.00074349
 Norm of t2 vector:      0.58412006      P-energy:    -1.01126270
                                         Alpha-Beta:  -0.75344010
                                         Alpha-Alpha: -0.12785235
                                         Beta-Beta:   -0.12997025

 Spin contamination <S**2-Sz**2-Sz>     0.00200936
  Reference energy                   -306.244560135331
  RHF-RMP2 correlation energy          -1.016913327213
 !RHF-RMP2 energy                    -307.261473462544

 Starting UCCSD calculation

 ITER.      SQ.NORM     CORR.ENERGY   TOTAL ENERGY   ENERGY CHANGE        DEN1      VAR(S)    VAR(P)  DIIS     TIME
   1      1.35404756    -1.01995296  -307.26451310    -1.01995296    -0.03802929  0.14D-01  0.79D-02  1  1    64.08
   2      1.39593212    -1.05517781  -307.29973795    -0.03522485    -0.00524460  0.91D-03  0.18D-02  2  2   107.06
   3      1.42375668    -1.06329947  -307.30785960    -0.00812165    -0.00124676  0.13D-02  0.14D-03  3  3   150.43
   4      1.44275908    -1.06717595  -307.31173609    -0.00387648    -0.00039469  0.31D-03  0.71D-04  4  4   194.04
   5      1.45900175    -1.06897454  -307.31353467    -0.00179859    -0.00010517  0.91D-04  0.16D-04  5  5   237.52
   6      1.46898735    -1.06984179  -307.31440192    -0.00086725    -0.00001782  0.12D-04  0.40D-05  6  6   272.88
   7      1.47209289    -1.07006436  -307.31462450    -0.00022257    -0.00000384  0.24D-05  0.10D-05  6  1   307.43
   8      1.47268150    -1.07010392  -307.31466406    -0.00003956    -0.00000111  0.84D-06  0.24D-06  6  2   342.43
   9      1.47289592    -1.07011664  -307.31467677    -0.00001272    -0.00000034  0.31D-06  0.62D-07  6  3   377.48
  10      1.47297339    -1.07012374  -307.31468388    -0.00000711    -0.00000011  0.88D-07  0.24D-07  6  5   412.59
  11      1.47308298    -1.07012929  -307.31468943    -0.00000555    -0.00000003  0.27D-07  0.56D-08  6  4   447.64
  12      1.47312161    -1.07013043  -307.31469056    -0.00000113    -0.00000001  0.10D-07  0.23D-08  6  6   482.70
  13      1.47309800    -1.07012721  -307.31468735     0.00000322    -0.00000000  0.26D-08  0.76D-09  6  2   517.64
  14      1.47308768    -1.07012532  -307.31468546     0.00000189    -0.00000000  0.50D-09  0.19D-09  6  4   552.61
  15      1.47307797    -1.07012434  -307.31468448     0.00000098    -0.00000000  0.11D-09  0.50D-10  6  1   587.03

 Norm of t1 vector:      0.27605375      S-energy:    -0.00562015      T1 diagnostic:  0.03092810
                                                                       D1 diagnostic:  0.14220363
 Norm of t2 vector:      0.62997801      P-energy:    -1.06450420
                                         Alpha-Beta:  -0.83101351
                                         Alpha-Alpha: -0.11488455
                                         Beta-Beta:   -0.11860614

 Singles amplitudes (print threshold =  0.500E-01):

         I         SYM. A    A   T(IA) [Alpha-Alpha]

        18         1         2      0.05436163
        18         1        11     -0.05120816

         I         SYM. A    A   T(IA) [Beta-Beta]

        12         1         1     -0.14646631
        17         1         2     -0.06113588
        17         1        11      0.05498743
        18         1         2      0.08311765
        18         1         5     -0.05506932
        18         1        11     -0.07732378

 Spin contamination <S**2-Sz**2-Sz>     0.00507614

 Memory could be reduced to 171.29 Mwords without degradation in triples


 RESULTS
 =======

  Reference energy                   -306.244560135331
  UCCSD singles energy                 -0.005620145304
  UCCSD pair energy                    -1.064504196521
  UCCSD correlation energy             -1.070124341825
  Triples (T) contribution             -0.044513577109
  Total correlation energy             -1.114637918934

  RHF-UCCSD energy                   -307.314684477156
  RHF-UCCSD[T] energy                -307.364511539501
  RHF-UCCSD-T energy                 -307.358116159282
 !RHF-UCCSD(T) energy                -307.359198054265

 Program statistics:

 Available memory in ccsd:             24999996822
 Min. memory needed in ccsd:              35682518
 Max. memory used in ccsd:                51889415
 Max. memory used in cckext:              46326347 (15 integral passes)
 Max. memory used in cckint:              72677837 ( 1 integral passes)



 **********************************************************************************************************************************
 DATASETS  * FILE   NREC   LENGTH (MB)   RECORD NAMES
              1      18       21.38       500      610      700      900      950      970     1000      129      960     1100   
                                          VAR    BASINP    GEOM    SYMINP    ZMAT    AOBASIS   BASIS     P2S    ABASIS      S 
                                         1400     1410     1200     1210     1080     1600     1650     1700   
                                           T        V       H0       H01     AOSYM     SMH    MOLCAS    OPER   

              2       4        3.95       700     1000      520     2100   
                                         GEOM     BASIS   MCVARS     RHF  

 PROGRAMS   *        TOTAL  UCCSD(T)       RHF       INT
 CPU TIMES  *       903.91    888.05      3.64     12.09
 REAL TIME  *       956.86 SEC
 DISK USED  *        15.39 GB      
 SF USED    *         3.30 GB      
 GA USED    *         0.01 MB       (max)       0.00 MB       (current)
 **********************************************************************************************************************************

 UCCSD(T)/O=AVDZ,C=AVDZ,H=VDZ energy=   -307.359198054265

        UCCSD(T)        RHF-SCF 
   -307.35919805   -306.24456014
 **********************************************************************************************************************************
 Molpro calculation terminated
 Variable memory released

 Fortran compiler diagnostic
 ***************************

 integer size                  8
 double precision size         8
 logical size                  8

 diagnostic completed successfully
