
 Primary working directories    : /scratch/saurabh/PBS_8058172.helios
 Secondary working directories  : /scratch/saurabh/PBS_8058172.helios
 Wavefunction directory         : /scratch/saurabh/PBS_8058172.helios/
 Main file repository           : /scratch/saurabh/PBS_8058172.helios/

 SHA1      : f6387f0c468d0184d0b38d85973bdb066f718752
 NAME      : 2015.1.44
 ARCHNAME  : linux/x86_64
 FC        : /opt/may/bin/gfortran
 BLASLIB   : -Wl,-_start-group /opt/intel/mkl/lib/intel64/libmkl_gf_ilp64.a /opt/intel/mkl/lib/intel64/libmkl_gnu_thread.a /opt/intel/mkl/lib/intel64/libmkl_core.a -Wl,-_end-group
 id        : ramakrishnan

 Nodes             nprocs
 hel01.tifrh.res.in    8

 Using DEFAULT tuning parameter for ncache   :   16384
 Using DEFAULT tuning parameter for mflopdgm :   10000
 Using DEFAULT tuning parameter for mflopdgv :    4000
 Using DEFAULT tuning parameter for mflopmxm :    5000
 Using DEFAULT tuning parameter for mflopmxv :    4000
 Using DEFAULT tuning parameter for mindgm   :       1
 Using DEFAULT tuning parameter for mindgc   :       4
 Using DEFAULT tuning parameter for mindgf   :    5000
 Using DEFAULT tuning parameter for mindgl   :       4
 Using DEFAULT tuning parameter for mindgr   :       1
 Using DEFAULT tuning parameter for mindgv   :      20
 Using DEFAULT tuning parameter for mincuda  :     500
 Using DEFAULT tuning parameter for mxmblk   :      64
 Using DEFAULT tuning parameter for mxmbln   :      64
 Using DEFAULT tuning parameter for nroll    :       2
 Using custom tuning parameter for ngpus     :       0
 Using customized tuning parameters: mindgm=1; mindgv=20; mindgc=4; mindgr=1; noblas=0; minvec=7
 default implementation of scratch files=sf  

 ***,TS_01
 memory,64,g
 geometry={
 C    1.729982   -1.026856   -0.142334
 C    0.632718   -0.006702   -0.035631
 C   -0.496792   -0.299777    0.966070
 C    1.050402    1.437910   -0.120253
 H    1.333278   -2.039470   -0.223676
 H    2.376129   -0.998500    0.744486
 H    2.369501   -0.832714   -1.004641
 H   -0.304917   -0.199741   -0.981413
 H    1.667877    1.706944    0.746098
 H    0.184029    2.098691   -0.128733
 H    1.646542    1.629578   -1.013186
 O   -1.673057    0.198285    0.336461
 O   -1.550679   -0.303552   -0.986789
 H   -0.402736    0.226914    1.918965
 H   -0.577677   -1.377008    1.137599
  }
 basis={
                                                                            ! oxygen               (10s,5p,4d,2f) -&gt; [10s,5p,4d,2f]
 s, O , 0.1533000000E+05, 0.2299000000E+04, 0.5224000000E+03, 0.1473000000E+03, 0.4755000000E+02, 0.1676000000E+02, 0.6207000000E+01, 0.1752000000E+01, 0.6882000000E+00, 0.2384000000E+00
 c, 1.1, 0.1000000000E+01
 c, 2.2, 0.1000000000E+01
 c, 3.3, 0.1000000000E+01
 c, 4.4, 0.1000000000E+01
 c, 5.5, 0.1000000000E+01
 c, 6.6, 0.1000000000E+01
 c, 7.7, 0.1000000000E+01
 c, 8.8, 0.1000000000E+01
 c, 9.9, 0.1000000000E+01
 c, 10.10, 0.1000000000E+01
 p, O , 0.3446000000E+02, 0.7749000000E+01, 0.2280000000E+01, 0.7156000000E+00, 0.2140000000E+00
 c, 1.1, 0.1000000000E+01
 c, 2.2, 0.1000000000E+01
 c, 3.3, 0.1000000000E+01
 c, 4.4, 0.1000000000E+01
 c, 5.5, 0.1000000000E+01
 d, O , 0.2100000000E+02, 0.7000000000E+01, 0.2314000000E+01, 0.6450000000E+00
 c, 1.1, 0.1000000000E+01
 c, 2.2, 0.1000000000E+01
 c, 3.3, 0.1000000000E+01
 c, 4.4, 0.1000000000E+01
 f, O , 0.4300000000E+01, 0.1428000000E+01
 c, 1.1, 0.1000000000E+01
 c, 2.2, 0.1000000000E+01
                                                                                 ! hydrogen             (5s,2p,1d) -&gt; [5s,2p,1d]
 s, H , 0.3387000000E+02, 0.5095000000E+01, 0.1159000000E+01, 0.3258000000E+00, 0.1027000000E+00
 c, 1.1, 0.1000000000E+01
 c, 2.2, 0.1000000000E+01
 c, 3.3, 0.1000000000E+01
 c, 4.4, 0.1000000000E+01
 c, 5.5, 0.1000000000E+01
 p, H , 0.1407000000E+01, 0.3880000000E+00
 c, 1.1, 0.1000000000E+01
 c, 2.2, 0.1000000000E+01
 d, H , 0.1057000000E+01
 c, 1.1, 0.1000000000E+01
                                                                            ! carbon               (10s,5p,4d,2f) -&gt; [10s,5p,4d,2f]
 s, C , 0.8236000000E+04, 0.1235000000E+04, 0.2808000000E+03, 0.7927000000E+02, 0.2559000000E+02, 0.8997000000E+01, 0.3319000000E+01, 0.9059000000E+00, 0.3643000000E+00, 0.1285000000E+00
 c, 1.1, 0.1000000000E+01
 c, 2.2, 0.1000000000E+01
 c, 3.3, 0.1000000000E+01
 c, 4.4, 0.1000000000E+01
 c, 5.5, 0.1000000000E+01
 c, 6.6, 0.1000000000E+01
 c, 7.7, 0.1000000000E+01
 c, 8.8, 0.1000000000E+01
 c, 9.9, 0.1000000000E+01
 c, 10.10, 0.1000000000E+01
 p, C , 0.1871000000E+02, 0.4133000000E+01, 0.1200000000E+01, 0.3827000000E+00, 0.1209000000E+00
 c, 1.1, 0.1000000000E+01
 c, 2.2, 0.1000000000E+01
 c, 3.3, 0.1000000000E+01
 c, 4.4, 0.1000000000E+01
 c, 5.5, 0.1000000000E+01
 d, C , 0.1000000000E+02, 0.3300000000E+01, 0.1097000000E+01, 0.3180000000E+00
 c, 1.1, 0.1000000000E+01
 c, 2.2, 0.1000000000E+01
 c, 3.3, 0.1000000000E+01
 c, 4.4, 0.1000000000E+01
 f, C , 0.2300000000E+01, 0.7610000000E+00
 c, 1.1, 0.1000000000E+01
 c, 2.2, 0.1000000000E+01
 }
 DKROLL=1
 DKHO=2
 {rhf
 wf,49,1,1
 }
 {uccsd(t)
 core}
 

 Fortran compiler diagnostic
 ***************************

 integer size                  8
 double precision size         8
 logical size                  8

 diagnostic completed successfully

 Variables initialized (889), CPU time= 0.01 sec
 Commands  initialized (702), CPU time= 0.02 sec, 572 directives.
 Default parameters read. Elapsed time= 0.10 sec

 Using DEFAULT tuning parameter for mpplat   :       3
 Using DEFAULT tuning parameter for mppspeed :    1600
 Checking input...
 Passed
1


                                         ***  PROGRAM SYSTEM MOLPRO  ***
                                       Copyright, TTI GmbH Stuttgart, 2015
                                    Version 2015.1 linked Jun  9 2019 06:55:40


 **********************************************************************************************************************************
 LABEL *   TS_01                                                                         
  64 bit mpp version                                                                     DATE: 05-May-22          TIME: 14:59:25  
 **********************************************************************************************************************************

 SHA1:             f6387f0c468d0184d0b38d85973bdb066f718752
 **********************************************************************************************************************************

Geometry recognized as XYZ


 Variable memory set to ********** words,  buffer space   230000 words

 SETTING BASIS          =    USERDEF
 SETTING DKROLL         =         1.00000000                                  
 SETTING DKHO           =         2.00000000                                  


 Recomputing integrals since basis changed


 Using spherical harmonics



 PROGRAM * SEWARD (Integral evaluation for generally contracted gaussian basis sets)     Author: Roland Lindh, 1990

 Geometry written to block  1 of record 700


 Point group  C1  



 ATOMIC COORDINATES

 NR  ATOM    CHARGE       X              Y              Z

   1  C       6.00    3.269192180   -1.940476609   -0.268972278
   2  C       6.00    1.195663734   -0.012664944   -0.067332832
   3  C       6.00   -0.938800821   -0.566496428    1.825607717
   4  C       6.00    1.984972101    2.717256092   -0.227245236
   5  H       1.00    2.519530268   -3.854039739   -0.422686381
   6  H       1.00    4.490233047   -1.886891535    1.406874644
   7  H       1.00    4.477707942   -1.573601400   -1.898496344
   8  H       1.00   -0.576209621   -0.377455786   -1.854601785
   9  H       1.00    3.151830739    3.225656670    1.409920882
  10  H       1.00    0.347764409    3.965951210   -0.243270113
  11  H       1.00    3.111513433    3.079456119   -1.914644053
  12  O       8.00   -3.161619521    0.374704345    0.635819142
  13  O       8.00   -2.930358617   -0.573630145   -1.864760953
  14  H       1.00   -0.761060741    0.428805314    3.626318293
  15  H       1.00   -1.091651318   -2.602167991    2.149750550

 Bond lengths in Bohr (Angstrom)

 1-2  2.838421480  1-5  2.060908746  1-6  2.074192629  1-7  2.061663514  2-3  2.906181717
     ( 1.502027962)     ( 1.090585942)     ( 1.097615470)     ( 1.090985348)     ( 1.537885135)

  2- 4  2.846234098   2- 8  2.543017471   3-12  2.691166796   3-14  2.065133330   3-15  2.066976188
       ( 1.506162221)       ( 1.345706892)       ( 1.424104139)       ( 1.092821496)       ( 1.093796694)

  4- 9  2.073726869   4-10  2.059112751   4-11  2.060970403   8-13  2.362330435  12-13  2.684347354
       ( 1.097369001)       ( 1.089635543)       ( 1.090618570)       ( 1.250091431)       ( 1.420495446)

 Bond angles

  1-2-3  116.96047053   1-2-4  116.41386970   1-2-8  111.20115359   2-1-5  111.72763255

  2- 1- 6  110.79974782   2- 1- 7  111.31579413   2- 3-12  104.59714329   2- 3-14  114.38657617

  2- 3-15  110.12934978   2- 4- 9  110.29357314   2- 4-10  111.19749056   2- 4-11  111.47800043

  2- 8-13  135.17651643   3- 2- 4  115.02760399   3- 2- 8   85.33675012   3-12-13  102.54039423

  4-2-8  106.93714226   5-1-6  107.36055405   5-1-7  108.63286922   6-1-7  106.79361422

  8-13-12   93.00996243   9- 4-10  107.75008502   9- 4-11  107.20100191  10- 4-11  108.76353219

 12- 3-14  106.74015173  12- 3-15  110.65207498  14- 3-15  110.13785730

 NUCLEAR CHARGE:                   49
 NUMBER OF PRIMITIVE AOS:         567
 NUMBER OF SYMMETRY AOS:          498
 NUMBER OF CONTRACTIONS:          498   ( 498A   )
 NUMBER OF CORE ORBITALS:           6   (   6A   )
 NUMBER OF VALENCE ORBITALS:       33   (  33A   )


 NUCLEAR REPULSION ENERGY  256.73277838

 One-electron integrals computed with SEWARD

 2nd-order Douglas-Kroll-Hess method activated. Optimal DKH parametrization is used.

 Computing Douglas-Kroll / X2C integrals

 AO integral compression algorithm  1   Integral accuracy      1.0D-11

     12591.038 MB (compressed) written to integral file ( 19.2%)

     Node minimum: 1395.393 MB, node maximum: 1776.288 MB


 NUMBER OF SORTED TWO-ELECTRON INTEGRALS:  964909968.     BUFFER LENGTH:  32768
 NUMBER OF SEGMENTS:  31  SEGMENT LENGTH:   31996696      RECORD LENGTH: 524288

 Memory used in sort:      32.55 MW

 SORT1 READ  8194253165. AND WROTE   415605714. INTEGRALS IN   1203 RECORDS. CPU TIME:   138.80 SEC, REAL TIME:   147.03 SEC
 SORT2 READ  3319158496. AND WROTE  7719217626. INTEGRALS IN  48648 RECORDS. CPU TIME:    20.26 SEC, REAL TIME:   132.88 SEC

 Node minimum:   964847844.  Node maximum:   964956564. integrals

 OPERATOR DM      FOR CENTER  0  COORDINATES:    0.000000    0.000000    0.000000


 Eigenvalues of metric

         1 0.410E-03 0.464E-03 0.580E-03 0.961E-03 0.108E-02 0.115E-02 0.124E-02 0.139E-02


 **********************************************************************************************************************************
 DATASETS  * FILE   NREC   LENGTH (MB)   RECORD NAMES
              1      22       36.17       500      610      700      900      950      970     1000      129      960     1700   
                                          VAR    BASINP    GEOM    SYMINP    ZMAT    AOBASIS   BASIS     P2S    ABASIS    OPER   
                                         1101     1401     1411     1412     1650     1100     1400     1410     1200     1210   
                                          SR      EKINR    POTR     PVPR    MOLCAS      S      EKIN      POT      H0       H01  
                                         1080     1600   
                                         AOSYM     SMH  

 PROGRAMS   *        TOTAL       INT
 CPU TIMES  *       191.51    191.30
 REAL TIME  *       344.44 SEC
 DISK USED  *        52.00 GB      
 GA USED    *         0.01 MB       (max)       0.00 MB       (current)
 **********************************************************************************************************************************


 PROGRAM * RHF-SCF (OPEN SHELL)       Authors: W. Meyer, H.-J. Werner


 NUMBER OF ELECTRONS:      25+   24-    SPACE SYMMETRY=1    SPIN SYMMETRY: Doublet 
 CONVERGENCE THRESHOLDS:    1.00E-05 (Density)    1.00E-07 (Energy)
 MAX. NUMBER OF ITERATIONS:       60
 INTERPOLATION TYPE:            DIIS
 INTERPOLATION STEPS:              2 (START)      1 (STEP)
 LEVEL SHIFTS:                 -0.60 (CLOSED) -0.30 (OPEN) 



 Orbital guess generated from atomic densities. Full valence occupancy:   25

 Molecular orbital dump at record        2100.2

 Initial alpha occupancy:  25
 Initial beta  occupancy:  24
 Wave function symmetry:    1

 ITERATION    DDIFF          GRAD             ENERGY        2-EL.EN.            DIPOLE MOMENTS         DIIS   ORB.
    1      0.000D+00      0.000D+00      -306.40156604    728.060007    2.22298   -0.03925    0.86108    0    start
    2      0.000D+00      0.231D-02      -306.46861401    727.895499    1.84420   -0.06362    0.59711    1    diag,B
    3      0.573D-03      0.834D-03      -306.48417291    727.792025    1.71661   -0.06186    0.59155    2    diag,B
    4      0.283D-03      0.388D-03      -306.48972484    727.777627    1.63517   -0.07926    0.54949    3    diag,B
    5      0.213D-03      0.155D-03      -306.49092328    727.770234    1.62333   -0.07834    0.55297    4    diag,B
    6      0.115D-03      0.657D-04      -306.49130839    727.753662    1.62204   -0.07989    0.55137    5    diag,B
    7      0.788D-04      0.339D-04      -306.49146940    727.748917    1.62265   -0.07892    0.55194    6    fixocc
    8      0.476D-04      0.211D-04      -306.49155697    727.748142    1.62286   -0.07760    0.55194    7    diag,B
    9      0.319D-04      0.129D-04      -306.49159702    727.750131    1.62277   -0.07615    0.55196    8    diag,B
   10      0.262D-04      0.636D-05      -306.49160478    727.750899    1.62338   -0.07543    0.55190    9    orth
   11      0.123D-04      0.305D-05      -306.49160618    727.750536    1.62356   -0.07516    0.55181    9    diag,B
   12      0.492D-05      0.158D-05      -306.49160654    727.750842    1.62391   -0.07506    0.55178    9    diag,B
   13      0.255D-05      0.808D-06      -306.49160662    727.750834    1.62412   -0.07502    0.55177    9    diag,B
   14      0.115D-05      0.483D-06      -306.49160664    727.751056    1.62440   -0.07499    0.55184    0    orth

 Final alpha occupancy:  25
 Final beta  occupancy:  24

 !RHF STATE 1.1 Energy               -306.491606644372
 Nuclear energy                       256.73277838
 One-electron energy                 -927.09991311
 Two-electron energy                  363.87552809
 Virial quotient                       -0.99744843
 !RHF STATE 1.1 Dipole moment           1.62440351    -0.07499009     0.55183602
 Dipole moment /Debye                   4.12855148    -0.19059333     1.40253538

 Orbital energies:

         1.1          2.1          3.1          4.1          5.1          6.1          7.1          8.1          9.1         10.1
    -20.619840   -20.618628   -11.297310   -11.281829   -11.246228   -11.240332    -1.462963    -1.164853    -1.101663    -0.964362

        11.1         12.1         13.1         14.1         15.1         16.1         17.1         18.1         19.1         20.1
     -0.931585    -0.772751    -0.687253    -0.672210    -0.643210    -0.607312    -0.583301    -0.573916    -0.560854    -0.534641

        21.1         22.1         23.1         24.1         25.1         26.1         27.1
     -0.511952    -0.495202    -0.487990    -0.418556    -0.391485     0.123568     0.166363

 HOMO     25.1    -0.391485 =     -10.6528eV
 LUMO     26.1     0.123568 =       3.3625eV
 LUMO-HOMO         0.515053 =      14.0153eV


 **********************************************************************************************************************************
 DATASETS  * FILE   NREC   LENGTH (MB)   RECORD NAMES
              1      22       36.17       500      610      700      900      950      970     1000      129      960     1700   
                                          VAR    BASINP    GEOM    SYMINP    ZMAT    AOBASIS   BASIS     P2S    ABASIS    OPER   
                                         1101     1401     1411     1412     1650     1100     1400     1410     1200     1210   
                                          SR      EKINR    POTR     PVPR    MOLCAS      S      EKIN      POT      H0       H01  
                                         1080     1600   
                                         AOSYM     SMH  

              2       4       10.01       700     1000      520     2100   
                                         GEOM     BASIS   MCVARS     RHF  

 PROGRAMS   *        TOTAL       RHF       INT
 CPU TIMES  *       329.51    138.00    191.30
 REAL TIME  *       496.47 SEC
 DISK USED  *        52.66 GB      
 SF USED    *         0.99 MB      
 GA USED    *         0.01 MB       (max)       0.00 MB       (current)
 **********************************************************************************************************************************


 PROGRAM * CCSD (Unrestricted open-shell coupled cluster)     Authors: C. Hampel, H.-J. Werner, 1991, M. Deegan, P.J. Knowles, 1992


 Convergence thresholds:  THRVAR = 1.00D-08  THRDEN = 1.00D-06

 CCSD(T)     terms to be evaluated (factor= 1.000)


 Number of closed-shell orbitals:  24 (  24 )
 Number of active  orbitals:        1 (   1 )
 Number of external orbitals:     473 ( 473 )

 Memory could be reduced to 4037.41 Mwords without degradation in triples

 Number of N-1 electron functions:              49
 Number of N-2 electron functions:            1176
 Number of singly external CSFs:             23226
 Number of doubly external CSFs:         199375776
 Total number of CSFs:                   199399002

 Molecular orbitals read from record     2100.2  Type=RHF/CANONICAL (state 1.1)

 Integral transformation finished. Total CPU: 514.41 sec, npass=  1  Memory used:1743.28 MW

 Starting RMP2 calculation

 ITER.      SQ.NORM     CORR.ENERGY   TOTAL ENERGY   ENERGY CHANGE        DEN1      VAR(S)    VAR(P)  DIIS     TIME
   1      1.35596576    -1.52831126  -308.01991790    -1.52831126    -0.00414206  0.34D-04  0.16D-02  1  1   555.85
   2      1.35978255    -1.53276816  -308.02437481    -0.00445690    -0.00000781  0.28D-06  0.37D-05  2  2   644.69
   3      1.35990455    -1.53284531  -308.02445195    -0.00007715    -0.00000004  0.53D-08  0.21D-07  3  3   697.44
   4      1.35990619    -1.53284481  -308.02445145     0.00000050    -0.00000000  0.12D-09  0.11D-09  4  4   763.33

 Norm of t1 vector:      0.07036628      S-energy:    -0.00651862      T1 diagnostic:  0.00026197
 Norm of t2 vector:      0.59578082      P-energy:    -1.52632618
                                         Alpha-Beta:  -1.19959224
                                         Alpha-Alpha: -0.16808486
                                         Beta-Beta:   -0.15864909

 Spin contamination <S**2-Sz**2-Sz>     0.00167090
  Reference energy                   -306.491606644373
  RHF-RMP2 correlation energy          -1.532844805790
 !RHF-RMP2 energy                    -308.024451450163

 Starting UCCSD calculation

 ITER.      SQ.NORM     CORR.ENERGY   TOTAL ENERGY   ENERGY CHANGE        DEN1      VAR(S)    VAR(P)  DIIS     TIME
   1      1.35700087    -1.52900505  -308.02061169    -1.52900505    -0.03841535  0.65D-02  0.69D-02  0  0  1990.80
   2      1.38675734    -1.56350425  -308.05511089    -0.03449920    -0.00368493  0.40D-03  0.11D-02  1  1  3406.69
   3      1.39736440    -1.56823355  -308.05984019    -0.00472930    -0.00069011  0.37D-03  0.12D-03  2  2  4834.83
   4      1.40558236    -1.57265295  -308.06425959    -0.00441940    -0.00014281  0.97D-04  0.26D-04  3  3  6074.38
   5      1.41010385    -1.57334704  -308.06495368    -0.00069409    -0.00006844  0.82D-04  0.51D-05  4  4  7278.93
   6      1.41260361    -1.57347711  -308.06508375    -0.00013007    -0.00004207  0.46D-04  0.45D-05  5  5  8472.77
   7      1.41806496    -1.57379075  -308.06539740    -0.00031364    -0.00001999  0.25D-04  0.16D-05  6  6  9683.82
   8      1.42080931    -1.57385286  -308.06545951    -0.00006211    -0.00001230  0.13D-04  0.14D-05  6  2 10890.75
   9      1.42494276    -1.57404017  -308.06564681    -0.00018731    -0.00000646  0.74D-05  0.58D-06  6  1 12124.42
  10      1.42857671    -1.57414402  -308.06575066    -0.00010385    -0.00000313  0.30D-05  0.41D-06  6  3 13318.53
  11      1.43151210    -1.57416184  -308.06576848    -0.00001782    -0.00000127  0.12D-05  0.15D-06  6  5 14495.33
  12      1.43309828    -1.57419130  -308.06579794    -0.00002946    -0.00000042  0.27D-06  0.78D-07  6  4 15706.93
  13      1.43334780    -1.57418331  -308.06578995     0.00000799    -0.00000008  0.64D-07  0.12D-07  6  1 16933.14
  14      1.43391812    -1.57419771  -308.06580435    -0.00001440    -0.00000002  0.13D-07  0.41D-08  6  6 18261.62
  15      1.43374247    -1.57419396  -308.06580060     0.00000375    -0.00000001  0.69D-08  0.12D-08  6  1 19718.03
  16      1.43388520    -1.57419771  -308.06580436    -0.00000376    -0.00000000  0.12D-08  0.33D-09  6  4 20967.56
  17      1.43383658    -1.57419613  -308.06580277     0.00000158    -0.00000000  0.35D-09  0.79D-10  6  2 22173.22
  18      1.43385807    -1.57419608  -308.06580273     0.00000005    -0.00000000  0.79D-10  0.24D-10  6  3 23432.44

 Norm of t1 vector:      0.20981592      S-energy:    -0.00702938      T1 diagnostic:  0.01962548
                                                                       D1 diagnostic:  0.11762475
 Norm of t2 vector:      0.62436796      P-energy:    -1.56716670
                                         Alpha-Beta:  -1.27007359
                                         Alpha-Alpha: -0.15325774
                                         Beta-Beta:   -0.14383537

 Singles amplitudes (print threshold =  0.500E-01):

         I         SYM. A    A   T(IA) [Beta-Beta]

        24         1         1     -0.14867289

 Spin contamination <S**2-Sz**2-Sz>     0.00314773

 Memory could be reduced to 4324.64 Mwords without degradation in triples


  Correlated core orbitals:             1.1       2.1       3.1       4.1       5.1       6.1
  Orbital energies:                   -20.6202  -20.6251  -11.2975  -11.2880  -11.2464  -11.2406

  UCCSD core-core energy               -0.221574442696
  UCCSD core-valence energy            -0.090407614790
  UCCSD valence correlation energy     -1.262214023871


 RESULTS
 =======

  Reference energy                   -306.491606644373
  UCCSD singles energy                 -0.007029381141
  UCCSD pair energy                    -1.567166700215
  UCCSD correlation energy             -1.574196081356
  Triples (T) contribution             -0.059449986562
  Total correlation energy             -1.633646067918

  RHF-UCCSD energy                   -308.065802725729
  RHF-UCCSD[T] energy                -308.128054211363
  RHF-UCCSD-T energy                 -308.124319755330
 !RHF-UCCSD(T) energy                -308.125252712291

 Program statistics:

 Available memory in ccsd:             63999994650
 Min. memory needed in ccsd:             544628605
 Max. memory used in ccsd:               802658731
 Max. memory used in cckext:             595130623 (18 integral passes)
 Max. memory used in cckint:            1743282806 ( 1 integral passes)



 **********************************************************************************************************************************
 DATASETS  * FILE   NREC   LENGTH (MB)   RECORD NAMES
              1      22       36.17       500      610      700      900      950      970     1000      129      960     1700   
                                          VAR    BASINP    GEOM    SYMINP    ZMAT    AOBASIS   BASIS     P2S    ABASIS    OPER   
                                         1101     1401     1411     1412     1650     1100     1400     1410     1200     1210   
                                          SR      EKINR    POTR     PVPR    MOLCAS      S      EKIN      POT      H0       H01  
                                         1080     1600   
                                         AOSYM     SMH  

              2       4       10.01       700     1000      520     2100   
                                         GEOM     BASIS   MCVARS     RHF  

 PROGRAMS   *        TOTAL  UCCSD(T)       RHF       INT
 CPU TIMES  *     56422.78  56093.23    138.00    191.30
 REAL TIME  *     83967.96 SEC
 DISK USED  *       255.31 GB      
 SF USED    *        84.45 GB      
 GA USED    *         0.01 MB       (max)       0.00 MB       (current)
 **********************************************************************************************************************************

 UCCSD(T)/USERDEF energy=   -308.125252712291

        UCCSD(T)        RHF-SCF 
   -308.12525271   -306.49160664
 **********************************************************************************************************************************
 Molpro calculation terminated
 Variable memory released

 Fortran compiler diagnostic
 ***************************

 integer size                  8
 double precision size         8
 logical size                  8

 diagnostic completed successfully
