
 Primary working directories    : /scratch/saurabh/PBS_8058178.helios
 Secondary working directories  : /scratch/saurabh/PBS_8058178.helios
 Wavefunction directory         : /scratch/saurabh/PBS_8058178.helios/
 Main file repository           : /scratch/saurabh/PBS_8058178.helios/

 SHA1      : f6387f0c468d0184d0b38d85973bdb066f718752
 NAME      : 2015.1.44
 ARCHNAME  : linux/x86_64
 FC        : /opt/may/bin/gfortran
 BLASLIB   : -Wl,-_start-group /opt/intel/mkl/lib/intel64/libmkl_gf_ilp64.a /opt/intel/mkl/lib/intel64/libmkl_gnu_thread.a /opt/intel/mkl/lib/intel64/libmkl_core.a -Wl,-_end-group
 id        : ramakrishnan

 Nodes             nprocs
 hel07.tifrh.res.in    8

 Using DEFAULT tuning parameter for ncache   :   16384
 Using DEFAULT tuning parameter for mflopdgm :   10000
 Using DEFAULT tuning parameter for mflopdgv :    4000
 Using DEFAULT tuning parameter for mflopmxm :    5000
 Using DEFAULT tuning parameter for mflopmxv :    4000
 Using DEFAULT tuning parameter for mindgm   :       1
 Using DEFAULT tuning parameter for mindgc   :       4
 Using DEFAULT tuning parameter for mindgf   :    5000
 Using DEFAULT tuning parameter for mindgl   :       4
 Using DEFAULT tuning parameter for mindgr   :       1
 Using DEFAULT tuning parameter for mindgv   :      20
 Using DEFAULT tuning parameter for mincuda  :     500
 Using DEFAULT tuning parameter for mxmblk   :      64
 Using DEFAULT tuning parameter for mxmbln   :      64
 Using DEFAULT tuning parameter for nroll    :       2
 Using custom tuning parameter for ngpus     :       0
 Using customized tuning parameters: mindgm=1; mindgv=20; mindgc=4; mindgr=1; noblas=0; minvec=7
 default implementation of scratch files=sf  

 ***,TS_03
 memory,25,g
 geometry={
 C  0.070187   -0.537266  0.995685
 H  0.611884   0.083767   1.694306
 H  0.054349   -1.594035  1.225013
 C  -0.951568  0.006922   0.245689
 H  1.951756   0.770387   -1.193525
 C  -1.089518  1.487428   0.083045
 H  -0.922252  1.785568   -0.959046
 H  -2.103726  1.817719   0.329673
 H  -0.386937  2.035112   0.708192
 C  -1.869988  -0.854459  -0.562024
 H  -1.723492  -0.687467  -1.634888
 H  -1.715286  -1.913818  -0.364020
 H  -2.917461  -0.613472  -0.355460
 O  1.550311   -0.751100  -0.185898
 O  2.224249   0.463661   -0.317178
  }
 basis,O=AVDZ,C=AVDZ,H=VDZ
 {rhf
 wf,49,1,1
 }
 uccsd(t);
 

 Fortran compiler diagnostic
 ***************************

 integer size                  8
 double precision size         8
 logical size                  8

 diagnostic completed successfully

 Variables initialized (889), CPU time= 0.01 sec
 Commands  initialized (702), CPU time= 0.02 sec, 572 directives.
 Default parameters read. Elapsed time= 0.10 sec

 Using DEFAULT tuning parameter for mpplat   :       3
 Using DEFAULT tuning parameter for mppspeed :    1600
 Checking input...
 Passed
1


                                         ***  PROGRAM SYSTEM MOLPRO  ***
                                       Copyright, TTI GmbH Stuttgart, 2015
                                    Version 2015.1 linked Jun  9 2019 06:55:40


 **********************************************************************************************************************************
 LABEL *   TS_03                                                                         
  64 bit mpp version                                                                     DATE: 03-Oct-21          TIME: 03:18:13  
 **********************************************************************************************************************************

 SHA1:             f6387f0c468d0184d0b38d85973bdb066f718752
 **********************************************************************************************************************************

Geometry recognized as XYZ


 Variable memory set to ********** words,  buffer space   230000 words

 SETTING BASIS          =    O=AVDZ,C=AVDZ,H=VDZ


 Recomputing integrals since basis changed


 Using spherical harmonics

 Library entry C      S aug-cc-pVDZ          selected for orbital group  1
 Library entry C      P aug-cc-pVDZ          selected for orbital group  1
 Library entry C      D aug-cc-pVDZ          selected for orbital group  1
 Library entry H      S cc-pVDZ              selected for orbital group  2
 Library entry H      P cc-pVDZ              selected for orbital group  2
 Library entry O      S aug-cc-pVDZ          selected for orbital group  9
 Library entry O      P aug-cc-pVDZ          selected for orbital group  9
 Library entry O      D aug-cc-pVDZ          selected for orbital group  9


 PROGRAM * SEWARD (Integral evaluation for generally contracted gaussian basis sets)     Author: Roland Lindh, 1990

 Geometry written to block  1 of record 700


 Point group  C1  



 ATOMIC COORDINATES

 NR  ATOM    CHARGE       X              Y              Z

   1  C       6.00    0.132634208   -1.015285596    1.881571956
   2  H       1.00    1.156293180    0.158296688    3.201774311
   3  H       1.00    0.102704725   -3.012289583    2.314939069
   4  C       6.00   -1.798202909    0.013080684    0.464284922
   5  H       1.00    3.688284302    1.455820440   -2.255435373
   6  C       6.00   -2.058890628    2.810831550    0.156932306
   7  H       1.00   -1.742803698    3.374234497   -1.812334281
   8  H       1.00   -3.975465981    3.434991081    0.622991681
   9  H       1.00   -0.731204957    3.845804313    1.338288924
  10  C       6.00   -3.533765176   -1.614693495   -1.062071435
  11  H       1.00   -3.256927858   -1.299124350   -3.089490564
  12  H       1.00   -3.241420765   -3.616591872   -0.687898104
  13  H       1.00   -5.513202269   -1.159294065   -0.671722048
  14  O       8.00    2.929663198   -1.419373292   -0.351296307
  15  O       8.00    4.203221443    0.876192305   -0.599379553

 Bond lengths in Bohr (Angstrom)

  1- 2  2.041594310   1- 3  2.043704419   1- 4  2.606601564   1-14  3.601716080   4- 6  2.826629375
       ( 1.080365183)       ( 1.081481804)       ( 1.379354146)       ( 1.905946070)       ( 1.495787849)

  4-10  2.826939846   5-15  1.828564987   6- 7  2.072521343   6- 8  2.068827578   6- 9  2.056580005
       ( 1.495952143)       ( 0.967634920)       ( 1.096731064)       ( 1.094776407)       ( 1.088295271)

 10-11  2.070422930  10-12  2.057442114  10-13  2.068316342  14-15  2.636876430
       ( 1.095620632)       ( 1.088751479)       ( 1.094505873)       ( 1.395374915)

 Bond angles

  1- 4- 6  121.19359660   1- 4-10  121.41146368   1-14-15  109.61683781   2- 1- 3  115.58953363

  2- 1- 4  119.75092823   2- 1-14   94.35882124   3- 1- 4  119.33784081   3- 1-14   91.90272972

  4- 1-14  106.40542858   4- 6- 7  110.99697662   4- 6- 8  111.07304875   4- 6- 9  112.09285831

  4-10-11  111.03048181   4-10-12  112.01406197   4-10-13  111.03104213   5-15-14  103.01177120

  6- 4-10  117.03887779   7- 6- 8  105.86240850   7- 6- 9  108.09204271   8- 6- 9  108.47160295

 11-10-12  107.90200075  11-10-13  106.21328071  12-10-13  108.41499219

 NUCLEAR CHARGE:                   49
 NUMBER OF PRIMITIVE AOS:         285
 NUMBER OF SYMMETRY AOS:          273
 NUMBER OF CONTRACTIONS:          183   ( 183A   )
 NUMBER OF CORE ORBITALS:           6   (   6A   )
 NUMBER OF VALENCE ORBITALS:       33   (  33A   )


 NUCLEAR REPULSION ENERGY  242.32118630


 Eigenvalues of metric

         1 0.776E-04 0.103E-03 0.131E-03 0.176E-03 0.182E-03 0.283E-03 0.806E-03 0.139E-02


 Contracted 2-electron integrals neglected if value below      1.0D-11
 AO integral compression algorithm  1   Integral accuracy      1.0D-11

     624.165 MB (compressed) written to integral file ( 49.1%)

     Node minimum: 55.312 MB, node maximum: 87.294 MB


 NUMBER OF SORTED TWO-ELECTRON INTEGRALS:   17715680.     BUFFER LENGTH:  32768
 NUMBER OF SEGMENTS:   2  SEGMENT LENGTH:   15992000      RECORD LENGTH: 524288

 Memory used in sort:      16.55 MW

 SORT1 READ   158742117. AND WROTE    17160032. INTEGRALS IN     50 RECORDS. CPU TIME:     2.45 SEC, REAL TIME:     2.61 SEC
 SORT2 READ   137161078. AND WROTE   141733866. INTEGRALS IN   2216 RECORDS. CPU TIME:     0.40 SEC, REAL TIME:     0.55 SEC

 Node minimum:    17709368.  Node maximum:    17724100. integrals

 OPERATOR DM      FOR CENTER  0  COORDINATES:    0.000000    0.000000    0.000000


 **********************************************************************************************************************************
 DATASETS  * FILE   NREC   LENGTH (MB)   RECORD NAMES
              1      18       21.38       500      610      700      900      950      970     1000      129      960     1100   
                                          VAR    BASINP    GEOM    SYMINP    ZMAT    AOBASIS   BASIS     P2S    ABASIS      S 
                                         1400     1410     1200     1210     1080     1600     1650     1700   
                                           T        V       H0       H01     AOSYM     SMH    MOLCAS    OPER   

 PROGRAMS   *        TOTAL       INT
 CPU TIMES  *        10.87     10.71
 REAL TIME  *        23.76 SEC
 DISK USED  *         2.27 GB      
 GA USED    *         0.01 MB       (max)       0.00 MB       (current)
 **********************************************************************************************************************************


 PROGRAM * RHF-SCF (OPEN SHELL)       Authors: W. Meyer, H.-J. Werner


 NUMBER OF ELECTRONS:      25+   24-    SPACE SYMMETRY=1    SPIN SYMMETRY: Doublet 
 CONVERGENCE THRESHOLDS:    1.00E-05 (Density)    1.00E-07 (Energy)
 MAX. NUMBER OF ITERATIONS:       60
 INTERPOLATION TYPE:            DIIS
 INTERPOLATION STEPS:              2 (START)      1 (STEP)
 LEVEL SHIFTS:                 -0.60 (CLOSED) -0.30 (OPEN) 



 Orbital guess generated from atomic densities. Full valence occupancy:   39

 Molecular orbital dump at record        2100.2

 Initial alpha occupancy:  25
 Initial beta  occupancy:  24
 Wave function symmetry:    1

 ITERATION    DDIFF          GRAD             ENERGY        2-EL.EN.            DIPOLE MOMENTS         DIIS   ORB.
    1      0.000D+00      0.000D+00      -306.18320101    701.020733   -1.64132    0.85978   -0.57297    0    start
    2      0.000D+00      0.357D-02      -306.24596370    699.507140   -1.46359    0.56618   -0.32333    1    diag,B
    3      0.526D-02      0.134D-02      -306.26135147    699.423385   -1.39758    0.48862   -0.22349    2    diag,B
    4      0.244D-02      0.556D-03      -306.26539899    699.411019   -1.38824    0.44069   -0.18206    3    diag,B
    5      0.154D-02      0.189D-03      -306.26590037    699.408224   -1.40148    0.44097   -0.16578    4    diag,B
    6      0.654D-03      0.809D-04      -306.26601705    699.399506   -1.41216    0.43810   -0.15917    5    diag,B
    7      0.423D-03      0.311D-04      -306.26604403    699.405737   -1.42150    0.43912   -0.15427    6    fixocc
    8      0.174D-03      0.204D-04      -306.26605778    699.407032   -1.42683    0.43958   -0.15122    7    diag,B
    9      0.644D-04      0.178D-04      -306.26607489    699.410592   -1.43368    0.44031   -0.14743    8    diag,B
   10      0.504D-04      0.182D-04      -306.26605759    699.407999   -1.42690    0.43980   -0.15132    9    orth
   11      0.438D-04      0.174D-04      -306.26599079    699.394592   -1.39219    0.43818   -0.17133    9    diag,B
   12      0.208D-03      0.117D-04      -306.26596769    699.387008   -1.36834    0.43753   -0.18422    9    diag,B
   13      0.142D-03      0.745D-05      -306.26596232    699.380279   -1.35118    0.43672   -0.19262    9    diag,B
   14      0.996D-04      0.444D-05      -306.26596341    699.380177   -1.34908    0.43637   -0.19226    9    diag,B
   15      0.279D-04      0.287D-05      -306.26596358    699.378383   -1.34586    0.43600   -0.19356    9    diag,B
   16      0.224D-04      0.177D-05      -306.26596385    699.378594   -1.34572    0.43584   -0.19305    9    diag,B
   17      0.123D-04      0.964D-06      -306.26596389    699.378381   -1.34497    0.43572   -0.19331    9    diag,B
   18      0.716D-05      0.522D-06      -306.26596389    699.378351   -1.34502    0.43574   -0.19331    0    orth

 Final alpha occupancy:  25
 Final beta  occupancy:  24

 !RHF STATE 1.1 Energy               -306.265963894969
 Nuclear energy                       242.32118630
 One-electron energy                 -898.27632550
 Two-electron energy                  349.68917531
 Virial quotient                       -1.00121954
 !RHF STATE 1.1 Dipole moment          -1.34502097     0.43574328    -0.19331017
 Dipole moment /Debye                  -3.41847840     1.10747641    -0.49131326

 Orbital energies:

         1.1          2.1          3.1          4.1          5.1          6.1          7.1          8.1          9.1         10.1
    -20.608783   -20.605267   -11.272370   -11.270594   -11.242527   -11.241852    -1.448104    -1.139547    -1.099014    -0.961184

        11.1         12.1         13.1         14.1         15.1         16.1         17.1         18.1         19.1         20.1
     -0.947047    -0.746850    -0.692687    -0.643304    -0.631685    -0.610125    -0.578126    -0.573162    -0.550046    -0.538194

        21.1         22.1         23.1         24.1         25.1         26.1         27.1
     -0.531255    -0.504309    -0.446055    -0.396814    -0.340162     0.060912     0.062517

 HOMO     25.1    -0.340162 =      -9.2563eV
 LUMO     26.1     0.060912 =       1.6575eV
 LUMO-HOMO         0.401073 =      10.9138eV


 **********************************************************************************************************************************
 DATASETS  * FILE   NREC   LENGTH (MB)   RECORD NAMES
              1      18       21.38       500      610      700      900      950      970     1000      129      960     1100   
                                          VAR    BASINP    GEOM    SYMINP    ZMAT    AOBASIS   BASIS     P2S    ABASIS      S 
                                         1400     1410     1200     1210     1080     1600     1650     1700   
                                           T        V       H0       H01     AOSYM     SMH    MOLCAS    OPER   

              2       4        3.95       700     1000      520     2100   
                                         GEOM     BASIS   MCVARS     RHF  

 PROGRAMS   *        TOTAL       RHF       INT
 CPU TIMES  *        15.55      4.68     10.71
 REAL TIME  *        29.77 SEC
 DISK USED  *         2.51 GB      
 SF USED    *         0.13 MB      
 GA USED    *         0.01 MB       (max)       0.00 MB       (current)
 **********************************************************************************************************************************


 PROGRAM * CCSD (Unrestricted open-shell coupled cluster)     Authors: C. Hampel, H.-J. Werner, 1991, M. Deegan, P.J. Knowles, 1992


 Convergence thresholds:  THRVAR = 1.00D-08  THRDEN = 1.00D-06

 CCSD(T)     terms to be evaluated (factor= 1.000)


 Number of core orbitals:           6 (   6 )
 Number of closed-shell orbitals:  18 (  18 )
 Number of active  orbitals:        1 (   1 )
 Number of external orbitals:     158 ( 158 )

 Memory could be reduced to 152.34 Mwords without degradation in triples

 Number of N-1 electron functions:              37
 Number of N-2 electron functions:             666
 Number of singly external CSFs:              5883
 Number of doubly external CSFs:          12715866
 Total number of CSFs:                    12721749

 Molecular orbitals read from record     2100.2  Type=RHF/CANONICAL (state 1.1)

 Integral transformation finished. Total CPU:   8.24 sec, npass=  1  Memory used:  72.68 MW

 Starting RMP2 calculation

 ITER.      SQ.NORM     CORR.ENERGY   TOTAL ENERGY   ENERGY CHANGE        DEN1      VAR(S)    VAR(P)  DIIS     TIME
   1      1.34072338    -1.00529159  -307.27125549    -1.00529159    -0.00420597  0.14D-03  0.17D-02  1  1    10.45
   2      1.34526601    -1.00985110  -307.27581499    -0.00455950    -0.00001423  0.42D-05  0.70D-05  2  2    12.47
   3      1.34550233    -1.00995120  -307.27591510    -0.00010010    -0.00000018  0.14D-06  0.63D-07  3  3    14.63
   4      1.34551568    -1.00995342  -307.27591731    -0.00000221    -0.00000000  0.32D-08  0.33D-09  4  4    16.96
   5      1.34551642    -1.00995362  -307.27591751    -0.00000020    -0.00000000  0.54D-10  0.67D-11  5  5    19.46

 Norm of t1 vector:      0.09651161      S-energy:    -0.00843880      T1 diagnostic:  0.00098490
 Norm of t2 vector:      0.57982923      P-energy:    -1.00151482
                                         Alpha-Beta:  -0.75107704
                                         Alpha-Alpha: -0.12734965
                                         Beta-Beta:   -0.12308812

 Spin contamination <S**2-Sz**2-Sz>     0.00472805
  Reference energy                   -306.265963894969
  RHF-RMP2 correlation energy          -1.009953619426
 !RHF-RMP2 energy                    -307.275917514395

 Starting UCCSD calculation

 ITER.      SQ.NORM     CORR.ENERGY   TOTAL ENERGY   ENERGY CHANGE        DEN1      VAR(S)    VAR(P)  DIIS     TIME
   1      1.35177898    -1.01747352  -307.28343741    -1.01747352    -0.03471020  0.75D-02  0.82D-02  1  1    58.98
   2      1.39172404    -1.05246068  -307.31842458    -0.03498716    -0.00386607  0.69D-03  0.14D-02  2  2    98.23
   3      1.40741208    -1.05826348  -307.32422738    -0.00580280    -0.00061719  0.47D-03  0.12D-03  3  3   137.05
   4      1.41647474    -1.06064748  -307.32661137    -0.00238399    -0.00015508  0.10D-03  0.35D-04  4  4   176.79
   5      1.42243649    -1.06138330  -307.32734719    -0.00073582    -0.00005148  0.57D-04  0.66D-05  5  5   215.75
   6      1.42660123    -1.06171394  -307.32767784    -0.00033065    -0.00001456  0.14D-04  0.25D-05  6  6   254.45
   7      1.42905312    -1.06185334  -307.32781724    -0.00013940    -0.00000435  0.41D-05  0.79D-06  6  1   289.34
   8      1.42985283    -1.06187929  -307.32784319    -0.00002595    -0.00000170  0.16D-05  0.32D-06  6  2   324.20
   9      1.43048233    -1.06189599  -307.32785989    -0.00001670    -0.00000071  0.69D-06  0.11D-06  6  4   359.37
  10      1.43067343    -1.06190045  -307.32786434    -0.00000446    -0.00000025  0.22D-06  0.49D-07  6  3   394.27
  11      1.43081354    -1.06189800  -307.32786190     0.00000244    -0.00000009  0.78D-07  0.17D-07  6  6   429.15
  12      1.43088438    -1.06189680  -307.32786070     0.00000120    -0.00000003  0.22D-07  0.56D-08  6  5   463.88
  13      1.43090762    -1.06189530  -307.32785919     0.00000150    -0.00000001  0.12D-07  0.20D-08  6  1   498.65
  14      1.43091200    -1.06189426  -307.32785815     0.00000104    -0.00000001  0.49D-08  0.11D-08  6  3   533.33
  15      1.43090100    -1.06189359  -307.32785748     0.00000067    -0.00000000  0.29D-08  0.40D-09  6  2   568.11

 Norm of t1 vector:      0.21078750      S-energy:    -0.00982348      T1 diagnostic:  0.01996913
                                                                       D1 diagnostic:  0.08776341
 Norm of t2 vector:      0.62166681      P-energy:    -1.05207011
                                         Alpha-Beta:  -0.82914896
                                         Alpha-Alpha: -0.11359305
                                         Beta-Beta:   -0.10932810

 Singles amplitudes (print threshold =  0.500E-01):

         I         SYM. A    A   T(IA) [Beta-Beta]

        12         1         1      0.05117066
        18         1         1      0.11071282
        18         1        12      0.05476991
        18         1        17      0.06289306

 Doubles amplitudes (print threshold =  0.500E-01):

         I         J         SYM. A    SYM. B    A         B      T(IJ, AB) [Alpha-Beta]

        19        18         1         1        17         1      0.05407391

 Spin contamination <S**2-Sz**2-Sz>     0.01198962

 Memory could be reduced to 171.29 Mwords without degradation in triples


 RESULTS
 =======

  Reference energy                   -306.265963894969
  UCCSD singles energy                 -0.009823478253
  UCCSD pair energy                    -1.052070109092
  UCCSD correlation energy             -1.061893587345
  Triples (T) contribution             -0.040214085480
  Total correlation energy             -1.102107672824

  RHF-UCCSD energy                   -307.327857482314
  RHF-UCCSD[T] energy                -307.370474118456
  RHF-UCCSD-T energy                 -307.367386863337
 !RHF-UCCSD(T) energy                -307.368071567794

 Program statistics:

 Available memory in ccsd:             24999996822
 Min. memory needed in ccsd:              35682518
 Max. memory used in ccsd:                51889415
 Max. memory used in cckext:              46326347 (15 integral passes)
 Max. memory used in cckint:              72677837 ( 1 integral passes)



 **********************************************************************************************************************************
 DATASETS  * FILE   NREC   LENGTH (MB)   RECORD NAMES
              1      18       21.38       500      610      700      900      950      970     1000      129      960     1100   
                                          VAR    BASINP    GEOM    SYMINP    ZMAT    AOBASIS   BASIS     P2S    ABASIS      S 
                                         1400     1410     1200     1210     1080     1600     1650     1700   
                                           T        V       H0       H01     AOSYM     SMH    MOLCAS    OPER   

              2       4        3.95       700     1000      520     2100   
                                         GEOM     BASIS   MCVARS     RHF  

 PROGRAMS   *        TOTAL  UCCSD(T)       RHF       INT
 CPU TIMES  *       883.88    868.31      4.68     10.71
 REAL TIME  *       935.73 SEC
 DISK USED  *        15.41 GB      
 SF USED    *         3.30 GB      
 GA USED    *         0.01 MB       (max)       0.00 MB       (current)
 **********************************************************************************************************************************

 UCCSD(T)/O=AVDZ,C=AVDZ,H=VDZ energy=   -307.368071567794

        UCCSD(T)        RHF-SCF 
   -307.36807157   -306.26596389
 **********************************************************************************************************************************
 Molpro calculation terminated
 Variable memory released

 Fortran compiler diagnostic
 ***************************

 integer size                  8
 double precision size         8
 logical size                  8

 diagnostic completed successfully
