
 Primary working directories    : /scratch/saurabh/PBS_8058176.helios
 Secondary working directories  : /scratch/saurabh/PBS_8058176.helios
 Wavefunction directory         : /scratch/saurabh/PBS_8058176.helios/
 Main file repository           : /scratch/saurabh/PBS_8058176.helios/

 SHA1      : f6387f0c468d0184d0b38d85973bdb066f718752
 NAME      : 2015.1.44
 ARCHNAME  : linux/x86_64
 FC        : /opt/may/bin/gfortran
 BLASLIB   : -Wl,-_start-group /opt/intel/mkl/lib/intel64/libmkl_gf_ilp64.a /opt/intel/mkl/lib/intel64/libmkl_gnu_thread.a /opt/intel/mkl/lib/intel64/libmkl_core.a -Wl,-_end-group
 id        : ramakrishnan

 Nodes             nprocs
 hel07.tifrh.res.in    8

 Using DEFAULT tuning parameter for ncache   :   16384
 Using DEFAULT tuning parameter for mflopdgm :   10000
 Using DEFAULT tuning parameter for mflopdgv :    4000
 Using DEFAULT tuning parameter for mflopmxm :    5000
 Using DEFAULT tuning parameter for mflopmxv :    4000
 Using DEFAULT tuning parameter for mindgm   :       1
 Using DEFAULT tuning parameter for mindgc   :       4
 Using DEFAULT tuning parameter for mindgf   :    5000
 Using DEFAULT tuning parameter for mindgl   :       4
 Using DEFAULT tuning parameter for mindgr   :       1
 Using DEFAULT tuning parameter for mindgv   :      20
 Using DEFAULT tuning parameter for mincuda  :     500
 Using DEFAULT tuning parameter for mxmblk   :      64
 Using DEFAULT tuning parameter for mxmbln   :      64
 Using DEFAULT tuning parameter for nroll    :       2
 Using custom tuning parameter for ngpus     :       0
 Using customized tuning parameters: mindgm=1; mindgv=20; mindgc=4; mindgr=1; noblas=0; minvec=7
 default implementation of scratch files=sf  

 ***,TS_01
 memory,25,g
 geometry={
 C    1.729982   -1.026856   -0.142334
 C    0.632718   -0.006702   -0.035631
 C   -0.496792   -0.299777    0.966070
 C    1.050402    1.437910   -0.120253
 H    1.333278   -2.039470   -0.223676
 H    2.376129   -0.998500    0.744486
 H    2.369501   -0.832714   -1.004641
 H   -0.304917   -0.199741   -0.981413
 H    1.667877    1.706944    0.746098
 H    0.184029    2.098691   -0.128733
 H    1.646542    1.629578   -1.013186
 O   -1.673057    0.198285    0.336461
 O   -1.550679   -0.303552   -0.986789
 H   -0.402736    0.226914    1.918965
 H   -0.577677   -1.377008    1.137599
  }
 basis,O=AVDZ,C=AVDZ,H=VDZ
 {rhf
 wf,49,1,1
 }
 uccsd(t);
 

 Fortran compiler diagnostic
 ***************************

 integer size                  8
 double precision size         8
 logical size                  8

 diagnostic completed successfully

 Variables initialized (889), CPU time= 0.02 sec
 Commands  initialized (702), CPU time= 0.02 sec, 572 directives.
 Default parameters read. Elapsed time= 0.07 sec

 Using DEFAULT tuning parameter for mpplat   :       3
 Using DEFAULT tuning parameter for mppspeed :    1600
 Checking input...
 Passed
1


                                         ***  PROGRAM SYSTEM MOLPRO  ***
                                       Copyright, TTI GmbH Stuttgart, 2015
                                    Version 2015.1 linked Jun  9 2019 06:55:40


 **********************************************************************************************************************************
 LABEL *   TS_01                                                                         
  64 bit mpp version                                                                     DATE: 03-Oct-21          TIME: 03:02:26  
 **********************************************************************************************************************************

 SHA1:             f6387f0c468d0184d0b38d85973bdb066f718752
 **********************************************************************************************************************************

Geometry recognized as XYZ


 Variable memory set to ********** words,  buffer space   230000 words

 SETTING BASIS          =    O=AVDZ,C=AVDZ,H=VDZ


 Recomputing integrals since basis changed


 Using spherical harmonics

 Library entry C      S aug-cc-pVDZ          selected for orbital group  1
 Library entry C      P aug-cc-pVDZ          selected for orbital group  1
 Library entry C      D aug-cc-pVDZ          selected for orbital group  1
 Library entry H      S cc-pVDZ              selected for orbital group  2
 Library entry H      P cc-pVDZ              selected for orbital group  2
 Library entry O      S aug-cc-pVDZ          selected for orbital group  3
 Library entry O      P aug-cc-pVDZ          selected for orbital group  3
 Library entry O      D aug-cc-pVDZ          selected for orbital group  3


 PROGRAM * SEWARD (Integral evaluation for generally contracted gaussian basis sets)     Author: Roland Lindh, 1990

 Geometry written to block  1 of record 700


 Point group  C1  



 ATOMIC COORDINATES

 NR  ATOM    CHARGE       X              Y              Z

   1  C       6.00    3.269192180   -1.940476609   -0.268972278
   2  C       6.00    1.195663734   -0.012664944   -0.067332832
   3  C       6.00   -0.938800821   -0.566496428    1.825607717
   4  C       6.00    1.984972101    2.717256092   -0.227245236
   5  H       1.00    2.519530268   -3.854039739   -0.422686381
   6  H       1.00    4.490233047   -1.886891535    1.406874644
   7  H       1.00    4.477707942   -1.573601400   -1.898496344
   8  H       1.00   -0.576209621   -0.377455786   -1.854601785
   9  H       1.00    3.151830739    3.225656670    1.409920882
  10  H       1.00    0.347764409    3.965951210   -0.243270113
  11  H       1.00    3.111513433    3.079456119   -1.914644053
  12  O       8.00   -3.161619521    0.374704345    0.635819142
  13  O       8.00   -2.930358617   -0.573630145   -1.864760953
  14  H       1.00   -0.761060741    0.428805314    3.626318293
  15  H       1.00   -1.091651318   -2.602167991    2.149750550

 Bond lengths in Bohr (Angstrom)

 1-2  2.838421480  1-5  2.060908746  1-6  2.074192629  1-7  2.061663514  2-3  2.906181717
     ( 1.502027962)     ( 1.090585942)     ( 1.097615470)     ( 1.090985348)     ( 1.537885135)

  2- 4  2.846234098   2- 8  2.543017471   3-12  2.691166796   3-14  2.065133330   3-15  2.066976188
       ( 1.506162221)       ( 1.345706892)       ( 1.424104139)       ( 1.092821496)       ( 1.093796694)

  4- 9  2.073726869   4-10  2.059112751   4-11  2.060970403   8-13  2.362330435  12-13  2.684347354
       ( 1.097369001)       ( 1.089635543)       ( 1.090618570)       ( 1.250091431)       ( 1.420495446)

 Bond angles

  1-2-3  116.96047053   1-2-4  116.41386970   1-2-8  111.20115359   2-1-5  111.72763255

  2- 1- 6  110.79974782   2- 1- 7  111.31579413   2- 3-12  104.59714329   2- 3-14  114.38657617

  2- 3-15  110.12934978   2- 4- 9  110.29357314   2- 4-10  111.19749056   2- 4-11  111.47800043

  2- 8-13  135.17651643   3- 2- 4  115.02760399   3- 2- 8   85.33675012   3-12-13  102.54039423

  4-2-8  106.93714226   5-1-6  107.36055405   5-1-7  108.63286922   6-1-7  106.79361422

  8-13-12   93.00996243   9- 4-10  107.75008502   9- 4-11  107.20100191  10- 4-11  108.76353219

 12- 3-14  106.74015173  12- 3-15  110.65207498  14- 3-15  110.13785730

 NUCLEAR CHARGE:                   49
 NUMBER OF PRIMITIVE AOS:         285
 NUMBER OF SYMMETRY AOS:          273
 NUMBER OF CONTRACTIONS:          183   ( 183A   )
 NUMBER OF CORE ORBITALS:           6   (   6A   )
 NUMBER OF VALENCE ORBITALS:       33   (  33A   )


 NUCLEAR REPULSION ENERGY  256.73277838


 Eigenvalues of metric

         1 0.109E-03 0.149E-03 0.158E-03 0.170E-03 0.228E-03 0.287E-03 0.681E-03 0.122E-02


 Contracted 2-electron integrals neglected if value below      1.0D-11
 AO integral compression algorithm  1   Integral accuracy      1.0D-11

     639.107 MB (compressed) written to integral file ( 50.6%)

     Node minimum: 74.187 MB, node maximum: 87.556 MB


 NUMBER OF SORTED TWO-ELECTRON INTEGRALS:   17715680.     BUFFER LENGTH:  32768
 NUMBER OF SEGMENTS:   2  SEGMENT LENGTH:   15992000      RECORD LENGTH: 524288

 Memory used in sort:      16.55 MW

 SORT1 READ   158078244. AND WROTE    17393528. INTEGRALS IN     50 RECORDS. CPU TIME:     2.05 SEC, REAL TIME:     2.21 SEC
 SORT2 READ   138990081. AND WROTE   141733866. INTEGRALS IN   2272 RECORDS. CPU TIME:     0.28 SEC, REAL TIME:     0.41 SEC

 Node minimum:    17709368.  Node maximum:    17724100. integrals

 OPERATOR DM      FOR CENTER  0  COORDINATES:    0.000000    0.000000    0.000000


 **********************************************************************************************************************************
 DATASETS  * FILE   NREC   LENGTH (MB)   RECORD NAMES
              1      18       21.38       500      610      700      900      950      970     1000      129      960     1100   
                                          VAR    BASINP    GEOM    SYMINP    ZMAT    AOBASIS   BASIS     P2S    ABASIS      S 
                                         1400     1410     1200     1210     1080     1600     1650     1700   
                                           T        V       H0       H01     AOSYM     SMH    MOLCAS    OPER   

 PROGRAMS   *        TOTAL       INT
 CPU TIMES  *        10.91     10.75
 REAL TIME  *        24.79 SEC
 DISK USED  *         2.27 GB      
 GA USED    *         0.01 MB       (max)       0.00 MB       (current)
 **********************************************************************************************************************************


 PROGRAM * RHF-SCF (OPEN SHELL)       Authors: W. Meyer, H.-J. Werner


 NUMBER OF ELECTRONS:      25+   24-    SPACE SYMMETRY=1    SPIN SYMMETRY: Doublet 
 CONVERGENCE THRESHOLDS:    1.00E-05 (Density)    1.00E-07 (Energy)
 MAX. NUMBER OF ITERATIONS:       60
 INTERPOLATION TYPE:            DIIS
 INTERPOLATION STEPS:              2 (START)      1 (STEP)
 LEVEL SHIFTS:                 -0.60 (CLOSED) -0.30 (OPEN) 



 Orbital guess generated from atomic densities. Full valence occupancy:   39

 Molecular orbital dump at record        2100.2

 Initial alpha occupancy:  25
 Initial beta  occupancy:  24
 Wave function symmetry:    1

 ITERATION    DDIFF          GRAD             ENERGY        2-EL.EN.            DIPOLE MOMENTS         DIIS   ORB.
    1      0.000D+00      0.000D+00      -306.16861335    726.929705    2.18709   -0.03273    0.85529    0    start
    2      0.000D+00      0.368D-02      -306.23329043    727.246130    1.86392   -0.06146    0.60970    1    diag,B
    3      0.513D-02      0.138D-02      -306.24896072    727.104405    1.73737   -0.05878    0.60606    2    diag,B
    4      0.242D-02      0.626D-03      -306.25409992    727.101058    1.67077   -0.07708    0.56753    3    diag,B
    5      0.153D-02      0.245D-03      -306.25519478    727.094388    1.66755   -0.07551    0.57390    4    diag,B
    6      0.768D-03      0.107D-03      -306.25557426    727.079571    1.67132   -0.07645    0.57369    5    diag,B
    7      0.504D-03      0.548D-04      -306.25572761    727.081834    1.67460   -0.07533    0.57418    6    fixocc
    8      0.254D-03      0.352D-04      -306.25581603    727.083992    1.67713   -0.07373    0.57408    7    diag,B
    9      0.173D-03      0.211D-04      -306.25585120    727.088273    1.68009   -0.07224    0.57450    8    diag,B
   10      0.128D-03      0.111D-04      -306.25585937    727.088555    1.68205   -0.07134    0.57471    9    orth
   11      0.712D-04      0.583D-05      -306.25586127    727.089166    1.68360   -0.07094    0.57484    9    diag,B
   12      0.304D-04      0.344D-05      -306.25586188    727.089488    1.68457   -0.07074    0.57490    9    diag,B
   13      0.188D-04      0.227D-05      -306.25586223    727.090067    1.68568   -0.07061    0.57500    9    diag,B
   14      0.136D-04      0.168D-05      -306.25586244    727.090712    1.68664   -0.07050    0.57511    9    diag,B
   15      0.896D-05      0.119D-05      -306.25586260    727.091458    1.68784   -0.07038    0.57527    9    diag,B
   16      0.118D-04      0.700D-06      -306.25586265    727.091900    1.68864   -0.07029    0.57537    9    diag,B
   17      0.733D-05      0.330D-06      -306.25586265    727.091915    1.68873   -0.07028    0.57539    0    orth

 Final alpha occupancy:  25
 Final beta  occupancy:  24

 !RHF STATE 1.1 Energy               -306.255862654771
 Nuclear energy                       256.73277838
 One-electron energy                 -926.53459829
 Two-electron energy                  363.54595726
 Virial quotient                       -1.00126199
 !RHF STATE 1.1 Dipole moment           1.68873381    -0.07027618     0.57539156
 Dipole moment /Debye                   4.29205209    -0.17861253     1.46240369

 Orbital energies:

         1.1          2.1          3.1          4.1          5.1          6.1          7.1          8.1          9.1         10.1
    -20.617162   -20.615578   -11.301770   -11.283644   -11.250997   -11.244781    -1.468430    -1.168905    -1.104492    -0.966463

        11.1         12.1         13.1         14.1         15.1         16.1         17.1         18.1         19.1         20.1
     -0.934302    -0.774525    -0.690025    -0.673756    -0.645245    -0.608388    -0.585147    -0.574888    -0.561353    -0.535670

        21.1         22.1         23.1         24.1         25.1         26.1         27.1
     -0.512878    -0.497693    -0.489465    -0.419015    -0.393552     0.055248     0.062979

 HOMO     25.1    -0.393552 =     -10.7091eV
 LUMO     26.1     0.055248 =       1.5034eV
 LUMO-HOMO         0.448800 =      12.2125eV


 **********************************************************************************************************************************
 DATASETS  * FILE   NREC   LENGTH (MB)   RECORD NAMES
              1      18       21.38       500      610      700      900      950      970     1000      129      960     1100   
                                          VAR    BASINP    GEOM    SYMINP    ZMAT    AOBASIS   BASIS     P2S    ABASIS      S 
                                         1400     1410     1200     1210     1080     1600     1650     1700   
                                           T        V       H0       H01     AOSYM     SMH    MOLCAS    OPER   

              2       4        3.95       700     1000      520     2100   
                                         GEOM     BASIS   MCVARS     RHF  

 PROGRAMS   *        TOTAL       RHF       INT
 CPU TIMES  *        14.84      3.93     10.75
 REAL TIME  *        29.55 SEC
 DISK USED  *         2.51 GB      
 SF USED    *         0.13 MB      
 GA USED    *         0.01 MB       (max)       0.00 MB       (current)
 **********************************************************************************************************************************


 PROGRAM * CCSD (Unrestricted open-shell coupled cluster)     Authors: C. Hampel, H.-J. Werner, 1991, M. Deegan, P.J. Knowles, 1992


 Convergence thresholds:  THRVAR = 1.00D-08  THRDEN = 1.00D-06

 CCSD(T)     terms to be evaluated (factor= 1.000)


 Number of core orbitals:           6 (   6 )
 Number of closed-shell orbitals:  18 (  18 )
 Number of active  orbitals:        1 (   1 )
 Number of external orbitals:     158 ( 158 )

 Memory could be reduced to 152.34 Mwords without degradation in triples

 Number of N-1 electron functions:              37
 Number of N-2 electron functions:             666
 Number of singly external CSFs:              5883
 Number of doubly external CSFs:          12715866
 Total number of CSFs:                    12721749

 Molecular orbitals read from record     2100.2  Type=RHF/CANONICAL (state 1.1)

 Integral transformation finished. Total CPU:   8.57 sec, npass=  1  Memory used:  72.68 MW

 Starting RMP2 calculation

 ITER.      SQ.NORM     CORR.ENERGY   TOTAL ENERGY   ENERGY CHANGE        DEN1      VAR(S)    VAR(P)  DIIS     TIME
   1      1.32874678    -1.00587107  -307.26173372    -1.00587107    -0.00402121  0.33D-04  0.16D-02  1  1    10.66
   2      1.33255907    -1.01021794  -307.26608060    -0.00434688    -0.00000735  0.30D-06  0.35D-05  2  2    12.56
   3      1.33266889    -1.01027986  -307.26614252    -0.00006192    -0.00000004  0.61D-08  0.17D-07  3  3    14.65
   4      1.33267016    -1.01027966  -307.26614231     0.00000021    -0.00000000  0.16D-09  0.75D-10  4  4    16.94

 Norm of t1 vector:      0.06873254      S-energy:    -0.00609633      T1 diagnostic:  0.00031530
 Norm of t2 vector:      0.57266569      P-energy:    -1.00418332
                                         Alpha-Beta:  -0.75182651
                                         Alpha-Alpha: -0.12890320
                                         Beta-Beta:   -0.12345361

 Spin contamination <S**2-Sz**2-Sz>     0.00174920
  Reference energy                   -306.255862654768
  RHF-RMP2 correlation energy          -1.010279657022
 !RHF-RMP2 energy                    -307.266142311790

 Starting UCCSD calculation

 ITER.      SQ.NORM     CORR.ENERGY   TOTAL ENERGY   ENERGY CHANGE        DEN1      VAR(S)    VAR(P)  DIIS     TIME
   1      1.34334314    -1.02126314  -307.27712579    -1.02126314    -0.03329256  0.65D-02  0.75D-02  1  1    56.79
   2      1.37945524    -1.05521565  -307.31107830    -0.03395251    -0.00304008  0.36D-03  0.10D-02  2  2    98.21
   3      1.39256757    -1.06074562  -307.31660827    -0.00552997    -0.00046494  0.34D-03  0.75D-04  3  3   140.04
   4      1.39915433    -1.06259880  -307.31846146    -0.00185319    -0.00013385  0.10D-03  0.25D-04  4  4   182.08
   5      1.40383771    -1.06314297  -307.31900563    -0.00054417    -0.00006875  0.82D-04  0.63D-05  5  5   223.87
   6      1.40782772    -1.06342315  -307.31928580    -0.00028018    -0.00003736  0.40D-04  0.50D-05  6  6   259.39
   7      1.41332821    -1.06370105  -307.31956371    -0.00027790    -0.00002002  0.24D-04  0.20D-05  6  1   293.83
   8      1.41782590    -1.06384736  -307.31971002    -0.00014631    -0.00001068  0.11D-04  0.15D-05  6  2   328.38
   9      1.42197708    -1.06392706  -307.31978972    -0.00007970    -0.00000584  0.64D-05  0.67D-06  6  4   363.13
  10      1.42554793    -1.06400671  -307.31986937    -0.00007965    -0.00000262  0.25D-05  0.38D-06  6  3   397.78
  11      1.42847048    -1.06405445  -307.31991711    -0.00004774    -0.00000107  0.96D-06  0.17D-06  6  6   432.64
  12      1.42969302    -1.06407293  -307.31993558    -0.00001848    -0.00000026  0.16D-06  0.56D-07  6  5   467.40
  13      1.43039328    -1.06408287  -307.31994553    -0.00000995    -0.00000008  0.57D-07  0.17D-07  6  1   502.07
  14      1.43039998    -1.06408240  -307.31994505     0.00000048    -0.00000002  0.14D-07  0.45D-08  6  4   537.10
  15      1.43049032    -1.06408229  -307.31994495     0.00000010    -0.00000001  0.34D-08  0.11D-08  6  2   572.40

 Norm of t1 vector:      0.22503668      S-energy:    -0.00661788      T1 diagnostic:  0.02450877
                                                                       D1 diagnostic:  0.12718754
 Norm of t2 vector:      0.61631875      P-energy:    -1.05746441
                                         Alpha-Beta:  -0.83070695
                                         Alpha-Alpha: -0.11597601
                                         Beta-Beta:   -0.11078145

 Singles amplitudes (print threshold =  0.500E-01):

         I         SYM. A    A   T(IA) [Beta-Beta]

        18         1         1     -0.15964011

 Spin contamination <S**2-Sz**2-Sz>     0.00305075

 Memory could be reduced to 171.29 Mwords without degradation in triples


 RESULTS
 =======

  Reference energy                   -306.255862654768
  UCCSD singles energy                 -0.006617884130
  UCCSD pair energy                    -1.057464408161
  UCCSD correlation energy             -1.064082292291
  Triples (T) contribution             -0.039794887678
  Total correlation energy             -1.103877179969

  RHF-UCCSD energy                   -307.319944947059
  RHF-UCCSD[T] energy                -307.362616705336
  RHF-UCCSD-T energy                 -307.358907746576
 !RHF-UCCSD(T) energy                -307.359739834737

 Program statistics:

 Available memory in ccsd:             24999996822
 Min. memory needed in ccsd:              35682518
 Max. memory used in ccsd:                51889415
 Max. memory used in cckext:              46326347 (15 integral passes)
 Max. memory used in cckint:              72677837 ( 1 integral passes)



 **********************************************************************************************************************************
 DATASETS  * FILE   NREC   LENGTH (MB)   RECORD NAMES
              1      18       21.38       500      610      700      900      950      970     1000      129      960     1100   
                                          VAR    BASINP    GEOM    SYMINP    ZMAT    AOBASIS   BASIS     P2S    ABASIS      S 
                                         1400     1410     1200     1210     1080     1600     1650     1700   
                                           T        V       H0       H01     AOSYM     SMH    MOLCAS    OPER   

              2       4        3.95       700     1000      520     2100   
                                         GEOM     BASIS   MCVARS     RHF  

 PROGRAMS   *        TOTAL  UCCSD(T)       RHF       INT
 CPU TIMES  *       888.61    873.77      3.93     10.75
 REAL TIME  *       941.65 SEC
 DISK USED  *        15.41 GB      
 SF USED    *         3.30 GB      
 GA USED    *         0.01 MB       (max)       0.00 MB       (current)
 **********************************************************************************************************************************

 UCCSD(T)/O=AVDZ,C=AVDZ,H=VDZ energy=   -307.359739834737

        UCCSD(T)        RHF-SCF 
   -307.35973983   -306.25586265
 **********************************************************************************************************************************
 Molpro calculation terminated
 Variable memory released

 Fortran compiler diagnostic
 ***************************

 integer size                  8
 double precision size         8
 logical size                  8

 diagnostic completed successfully
