
 Primary working directories    : /scratch/saurabh/PBS_8058184.helios
 Secondary working directories  : /scratch/saurabh/PBS_8058184.helios
 Wavefunction directory         : /scratch/saurabh/PBS_8058184.helios/
 Main file repository           : /scratch/saurabh/PBS_8058184.helios/

 SHA1      : f6387f0c468d0184d0b38d85973bdb066f718752
 NAME      : 2015.1.44
 ARCHNAME  : linux/x86_64
 FC        : /opt/may/bin/gfortran
 BLASLIB   : -Wl,-_start-group /opt/intel/mkl/lib/intel64/libmkl_gf_ilp64.a /opt/intel/mkl/lib/intel64/libmkl_gnu_thread.a /opt/intel/mkl/lib/intel64/libmkl_core.a -Wl,-_end-group
 id        : ramakrishnan

 Nodes             nprocs
 hel03.tifrh.res.in    8

 Using DEFAULT tuning parameter for ncache   :   16384
 Using DEFAULT tuning parameter for mflopdgm :   10000
 Using DEFAULT tuning parameter for mflopdgv :    4000
 Using DEFAULT tuning parameter for mflopmxm :    5000
 Using DEFAULT tuning parameter for mflopmxv :    4000
 Using DEFAULT tuning parameter for mindgm   :       1
 Using DEFAULT tuning parameter for mindgc   :       4
 Using DEFAULT tuning parameter for mindgf   :    5000
 Using DEFAULT tuning parameter for mindgl   :       4
 Using DEFAULT tuning parameter for mindgr   :       1
 Using DEFAULT tuning parameter for mindgv   :      20
 Using DEFAULT tuning parameter for mincuda  :     500
 Using DEFAULT tuning parameter for mxmblk   :      64
 Using DEFAULT tuning parameter for mxmbln   :      64
 Using DEFAULT tuning parameter for nroll    :       2
 Using custom tuning parameter for ngpus     :       0
 Using customized tuning parameters: mindgm=1; mindgv=20; mindgc=4; mindgr=1; noblas=0; minvec=7
 default implementation of scratch files=sf  

 ***,TS_01
 memory,64,g
 geometry={
 C  0.707075   0.050851   0.025572
 C  0.154903   1.383846   0.478728
 H  0.347332   1.680071   1.505029
 H  0.214681   2.201897   -0.234343
 H  -1.210426  1.104396   0.420922
 C  1.062317   -0.825013  1.235364
 H  0.185503   -1.005972  1.856105
 H  1.454887   -1.791986  0.915548
 H  1.822977   -0.341219  1.849769
 C  1.940430   0.246386   -0.878643
 H  2.313099   -0.715685  -1.237053
 H  1.703309   0.863991   -1.746031
 H  2.745683   0.733762   -0.328522
 C  -0.386113  -0.666027  -0.823831
 H  -0.571399  -0.122368  -1.753789
 H  -0.088067  -1.691569  -1.047738
 O  -2.134812  0.520714   0.033612
 O  -1.588845  -0.777662  -0.086492
  }
 basis,O=AVQZ,C=AVQZ,H=VQZ
 {rhf
 wf,57,1,1
 }
 uccsd;
 

 Fortran compiler diagnostic
 ***************************

 integer size                  8
 double precision size         8
 logical size                  8

 diagnostic completed successfully

 Variables initialized (889), CPU time= 0.01 sec
 Commands  initialized (702), CPU time= 0.01 sec, 572 directives.
 Default parameters read. Elapsed time= 0.10 sec

 Using DEFAULT tuning parameter for mpplat   :       3
 Using DEFAULT tuning parameter for mppspeed :    1600
 Checking input...
 Passed
1


                                         ***  PROGRAM SYSTEM MOLPRO  ***
                                       Copyright, TTI GmbH Stuttgart, 2015
                                    Version 2015.1 linked Jun  9 2019 06:55:40


 **********************************************************************************************************************************
 LABEL *   TS_01                                                                         
  64 bit mpp version                                                                     DATE: 05-May-22          TIME: 16:43:58  
 **********************************************************************************************************************************

 SHA1:             f6387f0c468d0184d0b38d85973bdb066f718752
 **********************************************************************************************************************************

Geometry recognized as XYZ


 Variable memory set to ********** words,  buffer space   230000 words

 SETTING BASIS          =    O=AVQZ,C=AVQZ,H=VQZ


 Recomputing integrals since basis changed


 Using spherical harmonics

 Library entry C      S aug-cc-pVQZ          selected for orbital group  1
 Library entry C      P aug-cc-pVQZ          selected for orbital group  1
 Library entry C      D aug-cc-pVQZ          selected for orbital group  1
 Library entry C      F aug-cc-pVQZ          selected for orbital group  1
 Library entry C      G aug-cc-pVQZ          selected for orbital group  1
 Library entry H      S cc-pVQZ              selected for orbital group  2
 Library entry H      P cc-pVQZ              selected for orbital group  2
 Library entry H      D cc-pVQZ              selected for orbital group  2
 Library entry H      F cc-pVQZ              selected for orbital group  2
 Library entry O      S aug-cc-pVQZ          selected for orbital group  9
 Library entry O      P aug-cc-pVQZ          selected for orbital group  9
 Library entry O      D aug-cc-pVQZ          selected for orbital group  9
 Library entry O      F aug-cc-pVQZ          selected for orbital group  9
 Library entry O      G aug-cc-pVQZ          selected for orbital group  9


 PROGRAM * SEWARD (Integral evaluation for generally contracted gaussian basis sets)     Author: Roland Lindh, 1990

 Geometry written to block  1 of record 700


 Point group  C1  



 ATOMIC COORDINATES

 NR  ATOM    CHARGE       X              Y              Z

   1  C       6.00    1.336178100    0.096094463    0.048324076
   2  C       6.00    0.292724246    2.615089939    0.904664808
   3  H       1.00    0.656362354    3.174874060    2.844092620
   4  H       1.00    0.405688294    4.160982285   -0.442844089
   5  H       1.00   -2.287373634    2.087005973    0.795427300
   6  C       6.00    2.007488187   -1.559048619    2.334499624
   7  H       1.00    0.350549865   -1.901011569    3.507530108
   8  H       1.00    2.749337972   -3.386362759    1.730134974
   9  H       1.00    3.444927261   -0.644810458    3.495556804
  10  C       6.00    3.666881264    0.465602061   -1.660394631
  11  H       1.00    4.371123609   -1.352448641   -2.337691372
  12  H       1.00    3.218787516    1.632706364   -3.299520395
  13  H       1.00    5.188588895    1.386609221   -0.620816606
  14  C       6.00   -0.729647823   -1.258608622   -1.556814963
  15  H       1.00   -1.079787618   -0.231242006   -3.314180890
  16  H       1.00   -0.166422511   -3.196602131   -1.979937870
  17  O       8.00   -4.034210007    0.984006849    0.063517474
  18  O       8.00   -3.002481904   -1.469568197   -0.163446192

 Bond lengths in Bohr (Angstrom)

  1- 2  2.857875714   1- 6  2.901164334   1-10  2.913491501   1-14  2.946070014   2- 3  2.051090240
       ( 1.512322700)       ( 1.535230051)       ( 1.541753307)       ( 1.558993113)       ( 1.085390212)

  2- 4  2.053855947   2- 5  2.635851016   5-17  2.191742771   6- 7  2.058733538   6- 8  2.062686282
       ( 1.086853762)       ( 1.394832289)       ( 1.159820327)       ( 1.089434872)       ( 1.091526574)

  6- 9  2.061581015  10-11  2.063975899  10-12  2.061468829  10-13  2.060235611  14-15  2.065530208
       ( 1.090941691)       ( 1.092209010)       ( 1.090882325)       ( 1.090229735)       ( 1.093031515)

 14-16  2.062055913  14-18  2.674276582  17-18  2.671330360
       ( 1.091192997)       ( 1.415166223)       ( 1.413607150)

 Bond angles

  1-2-3  117.33268540   1-2-4  116.53561354   1-2-5   99.69388832   1-6-7  110.94862000

  1- 6- 8  110.96155986   1- 6- 9  110.61835262   1-10-11  110.71353419   1-10-12  111.36116281

  1-10-13  110.58673815   1-14-15  110.71413122   1-14-16  110.63655006   1-14-18  110.38645891

  2- 1- 6  110.56202837   2- 1-10  110.85652262   2- 1-14  108.21245352   2- 5-17  153.48455735

  3- 2- 4  113.90349576   3- 2- 5  105.50994348   4- 2- 5  100.22091064   5-17-18  100.53167853

  6- 1-10  110.45123335   6- 1-14  109.22397882   7- 6- 8  108.01442106   7- 6- 9  108.29668397

  8- 6- 9  107.88494464  10- 1-14  107.44125767  11-10-12  108.17615006  11-10-13  107.89892675

 12-10-13  107.97908938  14-18-17  107.46115838  15-14-16  109.82702375  15-14-18  109.78304294

 16-14-18  105.36157672

 NUCLEAR CHARGE:                   57
 NUMBER OF PRIMITIVE AOS:        1233
 NUMBER OF SYMMETRY AOS:         1003
 NUMBER OF CONTRACTIONS:          890   ( 890A   )
 NUMBER OF CORE ORBITALS:           7   (   7A   )
 NUMBER OF VALENCE ORBITALS:       39   (  39A   )


 NUCLEAR REPULSION ENERGY  338.70389871


 Eigenvalues of metric

         1 0.237E-05 0.264E-05 0.324E-05 0.588E-05 0.862E-05 0.188E-04 0.199E-04 0.209E-04


 Contracted 2-electron integrals neglected if value below      1.0D-12
 AO integral compression algorithm  1   Integral accuracy      1.0D-12

     257655.833 MB (compressed) written to integral file ( 39.3%)

     Node minimum: 31853.904 MB, node maximum: 32741.523 MB


 NUMBER OF SORTED TWO-ELECTRON INTEGRALS: 9825369128.     BUFFER LENGTH:  32768
 NUMBER OF SEGMENTS: 154  SEGMENT LENGTH:   63999968      RECORD LENGTH: 262144

 Memory used in sort:      64.29 MW

 SORT1 READ 81919869163. AND WROTE  7978363490. INTEGRALS IN  45738 RECORDS. CPU TIME:  4179.86 SEC, REAL TIME:  4689.74 SEC
 SORT2 READ 63858150376. AND WROTE 78604340760. INTEGRALS IN 974784 RECORDS. CPU TIME:   268.59 SEC, REAL TIME: 12318.37 SEC

 Node minimum:  9825369128.  Node maximum:  9825716062. integrals

 OPERATOR DM      FOR CENTER  0  COORDINATES:    0.000000    0.000000    0.000000


 **********************************************************************************************************************************
 DATASETS  * FILE   NREC   LENGTH (MB)   RECORD NAMES
              1      18       49.01       500      610      700      900      950      970     1000      129      960     1100   
                                          VAR    BASINP    GEOM    SYMINP    ZMAT    AOBASIS   BASIS     P2S    ABASIS      S 
                                         1400     1410     1200     1210     1080     1600     1650     1700   
                                           T        V       H0       H01     AOSYM     SMH    MOLCAS    OPER   

 PROGRAMS   *        TOTAL       INT
 CPU TIMES  *      5101.49   5101.34
 REAL TIME  *     17967.45 SEC
 DISK USED  *      1022.77 GB      
 GA USED    *         0.03 MB       (max)       0.00 MB       (current)
 **********************************************************************************************************************************


 PROGRAM * RHF-SCF (OPEN SHELL)       Authors: W. Meyer, H.-J. Werner


 NUMBER OF ELECTRONS:      29+   28-    SPACE SYMMETRY=1    SPIN SYMMETRY: Doublet 
 CONVERGENCE THRESHOLDS:    1.00E-05 (Density)    1.14E-07 (Energy)
 MAX. NUMBER OF ITERATIONS:       60
 INTERPOLATION TYPE:            DIIS
 INTERPOLATION STEPS:              2 (START)      1 (STEP)
 LEVEL SHIFTS:                 -0.60 (CLOSED) -0.30 (OPEN) 



 Orbital guess generated from atomic densities. Full valence occupancy:   46

 Molecular orbital dump at record        2100.2

 Initial alpha occupancy:  29
 Initial beta  occupancy:  28
 Wave function symmetry:    1

 ITERATION    DDIFF          GRAD             ENERGY        2-EL.EN.            DIPOLE MOMENTS         DIIS   ORB.
    1      0.000D+00      0.000D+00      -345.30056977    916.772376    1.60437   -0.09501   -0.41318    0    start
    2      0.000D+00      0.171D-02      -345.38032854    916.902559    1.58085    0.20747   -0.24185    1    diag,B
    3      0.102D-02      0.647D-03      -345.39895195    916.721487    1.50268    0.21493   -0.20340    2    diag,B
    4      0.419D-03      0.307D-03      -345.40734947    916.827794    1.48626    0.29181   -0.17043    3    diag,B
    5      0.296D-03      0.132D-03      -345.40979368    916.842346    1.50678    0.31696   -0.14880    4    diag,B
    6      0.139D-03      0.728D-04      -345.41108658    916.854805    1.53293    0.34085   -0.13345    5    diag,B
    7      0.116D-03      0.441D-04      -345.41175045    916.880152    1.56216    0.35760   -0.11999    6    fixocc
    8      0.846D-04      0.285D-04      -345.41202485    916.895116    1.58143    0.36866   -0.11096    7    diag,B
    9      0.569D-04      0.176D-04      -345.41214893    916.915119    1.59903    0.37860   -0.10391    8    diag,B
   10      0.506D-04      0.876D-05      -345.41217376    916.920517    1.60778    0.38386   -0.10068    9    orth
   11      0.249D-04      0.335D-05      -345.41217584    916.922318    1.60976    0.38580   -0.10005    9    diag,B
   12      0.124D-04      0.163D-05      -345.41217629    916.922633    1.61071    0.38675   -0.09962    9    diag,B
   13      0.529D-05      0.773D-06      -345.41217639    916.923097    1.61080    0.38710   -0.09958    9    diag,B
   14      0.307D-05      0.399D-06      -345.41217641    916.923089    1.61088    0.38718   -0.09955    0    orth

 Final alpha occupancy:  29
 Final beta  occupancy:  28

 !RHF STATE 1.1 Energy               -345.412176407714
 Nuclear energy                       338.70389871
 One-electron energy                -1142.57761958
 Two-electron energy                  458.46154447
 Virial quotient                       -1.00102889
 !RHF STATE 1.1 Dipole moment           1.61087663     0.38717817    -0.09954641
 Dipole moment /Debye                   4.09417182     0.98404429    -0.25300518

 Orbital energies:

         1.1          2.1          3.1          4.1          5.1          6.1          7.1          8.1          9.1         10.1
    -20.603113   -20.598578   -11.282273   -11.260714   -11.258721   -11.232863   -11.222415    -1.461281    -1.180130    -1.117415

        11.1         12.1         13.1         14.1         15.1         16.1         17.1         18.1         19.1         20.1
     -0.951083    -0.945877    -0.906802    -0.763238    -0.695909    -0.670426    -0.646945    -0.617915    -0.608004    -0.582571

        21.1         22.1         23.1         24.1         25.1         26.1         27.1         28.1         29.1         30.1
     -0.560187    -0.543674    -0.531317    -0.509770    -0.503051    -0.482355    -0.469327    -0.422419    -0.397788     0.033551

        31.1
      0.043799

 HOMO     29.1    -0.397788 =     -10.8244eV
 LUMO     30.1     0.033551 =       0.9130eV
 LUMO-HOMO         0.431339 =      11.7373eV


 **********************************************************************************************************************************
 DATASETS  * FILE   NREC   LENGTH (MB)   RECORD NAMES
              1      18       49.01       500      610      700      900      950      970     1000      129      960     1100   
                                          VAR    BASINP    GEOM    SYMINP    ZMAT    AOBASIS   BASIS     P2S    ABASIS      S 
                                         1400     1410     1200     1210     1080     1600     1650     1700   
                                           T        V       H0       H01     AOSYM     SMH    MOLCAS    OPER   

              2       4       25.40       700     1000      520     2100   
                                         GEOM     BASIS   MCVARS     RHF  

 PROGRAMS   *        TOTAL       RHF       INT
 CPU TIMES  *      9087.38   3985.89   5101.34
 REAL TIME  *     34632.15 SEC
 DISK USED  *      1024.28 GB      
 SF USED    *         3.17 MB      
 GA USED    *         0.03 MB       (max)       0.00 MB       (current)
 **********************************************************************************************************************************


 PROGRAM * CCSD (Unrestricted open-shell coupled cluster)     Authors: C. Hampel, H.-J. Werner, 1991, M. Deegan, P.J. Knowles, 1992


 Convergence thresholds:  THRVAR = 1.00D-08  THRDEN = 1.14D-06

 Number of core orbitals:           7 (   7 )
 Number of closed-shell orbitals:  21 (  21 )
 Number of active  orbitals:        1 (   1 )
 Number of external orbitals:     861 ( 861 )

 Number of N-1 electron functions:              43
 Number of N-2 electron functions:             903
 Number of singly external CSFs:             37066
 Number of doubly external CSFs:         506937459
 Total number of CSFs:                   506974525

 Molecular orbitals read from record     2100.2  Type=RHF/CANONICAL (state 1.1)

 Integral transformation finished. Total CPU:4474.83 sec, npass=  1  Memory used:8456.16 MW

 Starting RMP2 calculation

 ITER.      SQ.NORM     CORR.ENERGY   TOTAL ENERGY   ENERGY CHANGE        DEN1      VAR(S)    VAR(P)  DIIS     TIME
   1      1.40909517    -1.46159377  -346.87377017    -1.46159377    -0.00481194  0.32D-04  0.18D-02  1  1  4891.81
   2      1.41344878    -1.46676961  -346.87894602    -0.00517584    -0.00000831  0.89D-06  0.36D-05  2  2  5053.42
   3      1.41357724    -1.46685007  -346.87902647    -0.00008046    -0.00000007  0.42D-07  0.18D-07  3  3  5243.79
   4      1.41357950    -1.46684977  -346.87902618     0.00000030    -0.00000000  0.14D-08  0.74D-10  4  4  5461.14

 Norm of t1 vector:      0.05970343      S-energy:    -0.00491412      T1 diagnostic:  0.00052096
 Norm of t2 vector:      0.64032414      P-energy:    -1.46193565
                                         Alpha-Beta:  -1.12185040
                                         Alpha-Alpha: -0.17519973
                                         Beta-Beta:   -0.16488551

 Spin contamination <S**2-Sz**2-Sz>     0.00111997
  Reference energy                   -345.412176407717
  RHF-RMP2 correlation energy          -1.466849771451
 !RHF-RMP2 energy                    -346.879026179169

 Starting UCCSD calculation

 ITER.      SQ.NORM     CORR.ENERGY   TOTAL ENERGY   ENERGY CHANGE        DEN1      VAR(S)    VAR(P)  DIIS     TIME
   1      1.41439384    -1.45267949  -346.86485590    -1.45267949    -0.03949168  0.75D-02  0.76D-02  1  1 12175.50
   2      1.45018908    -1.48938873  -346.90156514    -0.03670924    -0.00398371  0.48D-03  0.12D-02  2  2 18427.56
   3      1.46704729    -1.49703886  -346.90921527    -0.00765013    -0.00063399  0.52D-03  0.83D-04  3  3 24712.29
   4      1.47461439    -1.49927287  -346.91144928    -0.00223401    -0.00022744  0.17D-03  0.37D-04  4  4 31010.11
   5      1.48239183    -1.50032089  -346.91249730    -0.00104802    -0.00010054  0.12D-03  0.77D-05  5  5 37574.18
   6      1.48871800    -1.50083241  -346.91300882    -0.00051152    -0.00003629  0.35D-04  0.48D-05  6  6 44031.67
   7      1.49484364    -1.50120353  -346.91337994    -0.00037113    -0.00001085  0.11D-04  0.12D-05  6  1 50982.76
   8      1.49664064    -1.50128220  -346.91345861    -0.00007867    -0.00000473  0.43D-05  0.70D-06  6  2 57545.79
   9      1.49814323    -1.50134097  -346.91351738    -0.00005877    -0.00000205  0.21D-05  0.22D-06  6  3 64013.85
  10      1.49877760    -1.50136918  -346.91354558    -0.00002821    -0.00000095  0.83D-06  0.14D-06  6  5 70431.91
  11      1.49946638    -1.50138602  -346.91356242    -0.00001684    -0.00000036  0.34D-06  0.47D-07  6  4 77043.84
  12      1.49965531    -1.50138592  -346.91356233     0.00000010    -0.00000014  0.96D-07  0.27D-07  6  1 83601.69
  13      1.49987937    -1.50138670  -346.91356311    -0.00000078    -0.00000004  0.27D-07  0.58D-08  6  6 90060.96
  14      1.49989634    -1.50138349  -346.91355990     0.00000321    -0.00000001  0.64D-08  0.21D-08  6  3 96750.36
  15      1.49989949    -1.50138298  -346.91355939     0.00000051    -0.00000000  0.17D-08  0.49D-09  6  2103274.24

 Norm of t1 vector:      0.21397774      S-energy:    -0.00589512      T1 diagnostic:  0.02158284
                                                                       D1 diagnostic:  0.12023509
 Norm of t2 vector:      0.67387908      P-energy:    -1.49548787
                                         Alpha-Beta:  -1.18746281
                                         Alpha-Alpha: -0.15890995
                                         Beta-Beta:   -0.14911511

 Singles amplitudes (print threshold =  0.500E-01):

         I         SYM. A    A   T(IA) [Beta-Beta]

        16         1         1      0.05859062
        17         1         1     -0.06239980
        21         1         1     -0.12561756

 Spin contamination <S**2-Sz**2-Sz>     0.00266380


 RESULTS
 =======

  Reference energy                   -345.412176407717
  UCCSD singles energy                 -0.005895115989
  UCCSD pair energy                    -1.495487866337
  UCCSD correlation energy             -1.501382982326

 !RHF-UCCSD energy                   -346.913559390043

 Program statistics:

 Available memory in ccsd:             63999995808
 Min. memory needed in ccsd:            1383591460
 Max. memory used in ccsd:              2037152340
 Max. memory used in cckext:            1453420800 (15 integral passes)
 Max. memory used in cckint:            8456162477 ( 1 integral passes)



 **********************************************************************************************************************************
 DATASETS  * FILE   NREC   LENGTH (MB)   RECORD NAMES
              1      18       49.01       500      610      700      900      950      970     1000      129      960     1100   
                                          VAR    BASINP    GEOM    SYMINP    ZMAT    AOBASIS   BASIS     P2S    ABASIS      S 
                                         1400     1410     1200     1210     1080     1600     1650     1700   
                                           T        V       H0       H01     AOSYM     SMH    MOLCAS    OPER   

              2       4       25.40       700     1000      520     2100   
                                         GEOM     BASIS   MCVARS     RHF  

 PROGRAMS   *        TOTAL     UCCSD       RHF       INT
 CPU TIMES  *    112381.94 103294.46   3985.89   5101.34
 REAL TIME  *    209755.60 SEC
 DISK USED  *      1538.70 GB      
 SF USED    *       164.93 GB      
 GA USED    *         0.03 MB       (max)       0.00 MB       (current)
 **********************************************************************************************************************************

 UCCSD/O=AVQZ,C=AVQZ,H=VQZ energy=   -346.913559390043

        UCCSD           RHF-SCF 
   -346.91355939   -345.41217641
 **********************************************************************************************************************************
 Molpro calculation terminated
 Variable memory released

 Fortran compiler diagnostic
 ***************************

 integer size                  8
 double precision size         8
 logical size                  8

 diagnostic completed successfully
