
 Primary working directories    : /scratch/saurabh/PBS_8064733.helios
 Secondary working directories  : /scratch/saurabh/PBS_8064733.helios
 Wavefunction directory         : /scratch/saurabh/PBS_8064733.helios/
 Main file repository           : /scratch/saurabh/PBS_8064733.helios/

 SHA1      : f6387f0c468d0184d0b38d85973bdb066f718752
 NAME      : 2015.1.44
 ARCHNAME  : linux/x86_64
 FC        : /opt/may/bin/gfortran
 BLASLIB   : -Wl,-_start-group /opt/intel/mkl/lib/intel64/libmkl_gf_ilp64.a /opt/intel/mkl/lib/intel64/libmkl_gnu_thread.a /opt/intel/mkl/lib/intel64/libmkl_core.a -Wl,-_end-group
 id        : ramakrishnan

 Nodes             nprocs
 hel06.tifrh.res.in    8

 Using DEFAULT tuning parameter for ncache   :   16384
 Using DEFAULT tuning parameter for mflopdgm :   10000
 Using DEFAULT tuning parameter for mflopdgv :    4000
 Using DEFAULT tuning parameter for mflopmxm :    5000
 Using DEFAULT tuning parameter for mflopmxv :    4000
 Using DEFAULT tuning parameter for mindgm   :       1
 Using DEFAULT tuning parameter for mindgc   :       4
 Using DEFAULT tuning parameter for mindgf   :    5000
 Using DEFAULT tuning parameter for mindgl   :       4
 Using DEFAULT tuning parameter for mindgr   :       1
 Using DEFAULT tuning parameter for mindgv   :      20
 Using DEFAULT tuning parameter for mincuda  :     500
 Using DEFAULT tuning parameter for mxmblk   :      64
 Using DEFAULT tuning parameter for mxmbln   :      64
 Using DEFAULT tuning parameter for nroll    :       2
 Using custom tuning parameter for ngpus     :       0
 Using customized tuning parameters: mindgm=1; mindgv=20; mindgc=4; mindgr=1; noblas=0; minvec=7
 default implementation of scratch files=sf  

 ***,TS_04
 memory,64,g
 geometry={
 C  0.906396   -0.004647  -0.007550
 C  0.403864   -0.272665  1.392132
 H  0.316899   -1.292238  1.741558
 H  0.407140   0.502206   2.144696
 H  -3.275789  -0.488035  0.270088
 C  1.991509   -0.988273  -0.456328
 H  1.665813   -2.021779  -0.330878
 H  2.235009   -0.837970  -1.510159
 H  2.906540   -0.848012  0.121808
 C  1.382912   1.444141   -0.147539
 H  1.667054   1.658703   -1.178898
 H  0.592875   2.139070   0.138728
 H  2.250733   1.632043   0.487515
 C  -0.437976  -0.216282  -0.725362
 H  -0.661212  0.513542   -1.504364
 H  -0.551787  -1.224551  -1.133629
 O  -2.816356  0.094721   -0.348284
 O  -1.312832  -0.033049  0.400961
  }
 basis={
                                                                            ! oxygen               (10s,5p,4d,2f) -&gt; [10s,5p,4d,2f]
 s, O , 0.1533000000E+05, 0.2299000000E+04, 0.5224000000E+03, 0.1473000000E+03, 0.4755000000E+02, 0.1676000000E+02, 0.6207000000E+01, 0.1752000000E+01, 0.6882000000E+00, 0.2384000000E+00
 c, 1.1, 0.1000000000E+01
 c, 2.2, 0.1000000000E+01
 c, 3.3, 0.1000000000E+01
 c, 4.4, 0.1000000000E+01
 c, 5.5, 0.1000000000E+01
 c, 6.6, 0.1000000000E+01
 c, 7.7, 0.1000000000E+01
 c, 8.8, 0.1000000000E+01
 c, 9.9, 0.1000000000E+01
 c, 10.10, 0.1000000000E+01
 p, O , 0.3446000000E+02, 0.7749000000E+01, 0.2280000000E+01, 0.7156000000E+00, 0.2140000000E+00
 c, 1.1, 0.1000000000E+01
 c, 2.2, 0.1000000000E+01
 c, 3.3, 0.1000000000E+01
 c, 4.4, 0.1000000000E+01
 c, 5.5, 0.1000000000E+01
 d, O , 0.2100000000E+02, 0.7000000000E+01, 0.2314000000E+01, 0.6450000000E+00
 c, 1.1, 0.1000000000E+01
 c, 2.2, 0.1000000000E+01
 c, 3.3, 0.1000000000E+01
 c, 4.4, 0.1000000000E+01
 f, O , 0.4300000000E+01, 0.1428000000E+01
 c, 1.1, 0.1000000000E+01
 c, 2.2, 0.1000000000E+01
                                                                                 ! hydrogen             (5s,2p,1d) -&gt; [5s,2p,1d]
 s, H , 0.3387000000E+02, 0.5095000000E+01, 0.1159000000E+01, 0.3258000000E+00, 0.1027000000E+00
 c, 1.1, 0.1000000000E+01
 c, 2.2, 0.1000000000E+01
 c, 3.3, 0.1000000000E+01
 c, 4.4, 0.1000000000E+01
 c, 5.5, 0.1000000000E+01
 p, H , 0.1407000000E+01, 0.3880000000E+00
 c, 1.1, 0.1000000000E+01
 c, 2.2, 0.1000000000E+01
 d, H , 0.1057000000E+01
 c, 1.1, 0.1000000000E+01
                                                                            ! carbon               (10s,5p,4d,2f) -&gt; [10s,5p,4d,2f]
 s, C , 0.8236000000E+04, 0.1235000000E+04, 0.2808000000E+03, 0.7927000000E+02, 0.2559000000E+02, 0.8997000000E+01, 0.3319000000E+01, 0.9059000000E+00, 0.3643000000E+00, 0.1285000000E+00
 c, 1.1, 0.1000000000E+01
 c, 2.2, 0.1000000000E+01
 c, 3.3, 0.1000000000E+01
 c, 4.4, 0.1000000000E+01
 c, 5.5, 0.1000000000E+01
 c, 6.6, 0.1000000000E+01
 c, 7.7, 0.1000000000E+01
 c, 8.8, 0.1000000000E+01
 c, 9.9, 0.1000000000E+01
 c, 10.10, 0.1000000000E+01
 p, C , 0.1871000000E+02, 0.4133000000E+01, 0.1200000000E+01, 0.3827000000E+00, 0.1209000000E+00
 c, 1.1, 0.1000000000E+01
 c, 2.2, 0.1000000000E+01
 c, 3.3, 0.1000000000E+01
 c, 4.4, 0.1000000000E+01
 c, 5.5, 0.1000000000E+01
 d, C , 0.1000000000E+02, 0.3300000000E+01, 0.1097000000E+01, 0.3180000000E+00
 c, 1.1, 0.1000000000E+01
 c, 2.2, 0.1000000000E+01
 c, 3.3, 0.1000000000E+01
 c, 4.4, 0.1000000000E+01
 f, C , 0.2300000000E+01, 0.7610000000E+00
 c, 1.1, 0.1000000000E+01
 c, 2.2, 0.1000000000E+01
 }
 DKROLL=1
 DKHO=2
 {rhf
 wf,57,1,1
 }
 {uccsd(t)
 core}
 

 Fortran compiler diagnostic
 ***************************

 integer size                  8
 double precision size         8
 logical size                  8

 diagnostic completed successfully

 Variables initialized (889), CPU time= 0.01 sec
 Commands  initialized (702), CPU time= 0.02 sec, 572 directives.
 Default parameters read. Elapsed time= 0.11 sec

 Using DEFAULT tuning parameter for mpplat   :       3
 Using DEFAULT tuning parameter for mppspeed :    1600
 Checking input...
 Passed
1


                                         ***  PROGRAM SYSTEM MOLPRO  ***
                                       Copyright, TTI GmbH Stuttgart, 2015
                                    Version 2015.1 linked Jun  9 2019 06:55:40


 **********************************************************************************************************************************
 LABEL *   TS_04                                                                         
  64 bit mpp version                                                                     DATE: 06-May-22          TIME: 14:45:36  
 **********************************************************************************************************************************

 SHA1:             f6387f0c468d0184d0b38d85973bdb066f718752
 **********************************************************************************************************************************

Geometry recognized as XYZ


 Variable memory set to ********** words,  buffer space   230000 words

 SETTING BASIS          =    USERDEF
 SETTING DKROLL         =         1.00000000                                  
 SETTING DKHO           =         2.00000000                                  


 Recomputing integrals since basis changed


 Using spherical harmonics



 PROGRAM * SEWARD (Integral evaluation for generally contracted gaussian basis sets)     Author: Roland Lindh, 1990

 Geometry written to block  1 of record 700


 Point group  C1  



 ATOMIC COORDINATES

 NR  ATOM    CHARGE       X              Y              Z

   1  C       6.00    1.712840200   -0.008781557   -0.014267432
   2  C       6.00    0.763192352   -0.515262174    2.630748209
   3  H       1.00    0.598852319   -2.441975908    3.291067650
   4  H       1.00    0.769383094    0.949031798    4.052888060
   5  H       1.00   -6.190344052   -0.922252489    0.510392350
   6  C       6.00    3.763406585   -1.867565306   -0.862334943
   7  H       1.00    3.147930345   -3.820608594   -0.625268801
   8  H       1.00    4.223554896   -1.583533801   -2.853786915
   9  H       1.00    5.492564570   -1.602510430    0.230183760
  10  C       6.00    2.613324934    2.729030975   -0.278808303
  11  H       1.00    3.150275495    3.134494392   -2.227794349
  12  H       1.00    1.120371376    4.042256461    0.262157926
  13  H       1.00    4.253268950    3.084114294    0.921269832
  14  C       6.00   -0.827654689   -0.408713746   -1.370735521
  15  H       1.00   -1.249509590    0.970453733   -2.842835952
  16  H       1.00   -1.042726309   -2.314066016   -2.142248337
  17  O       8.00   -5.322141509    0.178996748   -0.658161374
  18  O       8.00   -2.480892928   -0.062453559    0.757706477

 Bond lengths in Bohr (Angstrom)

  1- 2  2.855601757   1- 6  2.894670624   1-10  2.894213553   1-14  2.907587611   2- 3  2.043344127
       ( 1.511119373)       ( 1.531793728)       ( 1.531551856)       ( 1.538629102)       ( 1.081291146)

  2- 4  2.041243963   5-17  1.825388545   6- 7  2.061404726   6- 8  2.063562773   6- 9  2.062483586
       ( 1.080179787)       ( 0.965954019)       ( 1.090848403)       ( 1.091990393)       ( 1.091419312)

 10-11  2.061859135  10-12  2.060610581  10-13  2.062931910  14-15  2.060860056  14-16  2.066846656
       ( 1.091088867)       ( 1.090428160)       ( 1.091656554)       ( 1.090560177)       ( 1.093728149)

 14-18  2.717233543  17-18  3.183657256
       ( 1.437898068)       ( 1.684718867)

 Bond angles

  1-2-3  119.55849588   1-2-4  121.13679010   1-6-7  111.29598272   1-6-8  110.62899555

  1- 6- 9  110.86654425   1-10-11  110.69833570   1-10-12  110.69800470   1-10-13  110.91539689

  1-14-15  114.83784237   1-14-16  113.07064753   1-14-18   98.54852174   2- 1- 6  113.14492645

  2- 1-10  110.84930177   2- 1-14   96.72806438   3- 2- 4  116.84051614   5-17-18   95.39467704

  6- 1-10  111.11590624   6- 1-14  113.20054840   7- 6- 8  107.93675894   7- 6- 9  108.12898233

  8- 6- 9  107.85213205  10- 1-14  111.05867925  11-10-12  108.15030982  11-10-13  107.99996209

 12-10-13  108.27308171  14-18-17  101.78802812  15-14-16  109.20747884  15-14-18  110.46939897

 16-14-18  110.27689990

 NUCLEAR CHARGE:                   57
 NUMBER OF PRIMITIVE AOS:         670
 NUMBER OF SYMMETRY AOS:          589
 NUMBER OF CONTRACTIONS:          589   ( 589A   )
 NUMBER OF CORE ORBITALS:           7   (   7A   )
 NUMBER OF VALENCE ORBITALS:       39   (  39A   )


 NUCLEAR REPULSION ENERGY  327.87179088

 One-electron integrals computed with SEWARD

 2nd-order Douglas-Kroll-Hess method activated. Optimal DKH parametrization is used.

 Computing Douglas-Kroll / X2C integrals

 AO integral compression algorithm  1   Integral accuracy      1.0D-11

     20908.868 MB (compressed) written to integral file ( 17.0%)

     Node minimum: 2468.086 MB, node maximum: 2721.317 MB


 NUMBER OF SORTED TWO-ELECTRON INTEGRALS: 1886946720.     BUFFER LENGTH:  32768
 NUMBER OF SEGMENTS:  60  SEGMENT LENGTH:   31996696      RECORD LENGTH: 524288

 Memory used in sort:      32.55 MW

 SORT1 READ 15405923391. AND WROTE   688318167. INTEGRALS IN   2000 RECORDS. CPU TIME:   348.39 SEC, REAL TIME:   363.20 SEC
 SORT2 READ  5501852224. AND WROTE 15095486890. INTEGRALS IN  79416 RECORDS. CPU TIME:    43.54 SEC, REAL TIME:   557.34 SEC

 Node minimum:  1886859844.  Node maximum:  1887011880. integrals

 OPERATOR DM      FOR CENTER  0  COORDINATES:    0.000000    0.000000    0.000000


 Eigenvalues of metric

         1 0.333E-03 0.413E-03 0.437E-03 0.556E-03 0.761E-03 0.989E-03 0.107E-02 0.110E-02


 **********************************************************************************************************************************
 DATASETS  * FILE   NREC   LENGTH (MB)   RECORD NAMES
              1      22       42.59       500      610      700      900      950      970     1000      129      960     1700   
                                          VAR    BASINP    GEOM    SYMINP    ZMAT    AOBASIS   BASIS     P2S    ABASIS    OPER   
                                         1101     1401     1411     1412     1650     1100     1400     1410     1200     1210   
                                          SR      EKINR    POTR     PVPR    MOLCAS      S      EKIN      POT      H0       H01  
                                         1080     1600   
                                         AOSYM     SMH  

 PROGRAMS   *        TOTAL       INT
 CPU TIMES  *       484.14    483.89
 REAL TIME  *      1049.72 SEC
 DISK USED  *        85.97 GB      
 GA USED    *         0.02 MB       (max)       0.00 MB       (current)
 **********************************************************************************************************************************


 PROGRAM * RHF-SCF (OPEN SHELL)       Authors: W. Meyer, H.-J. Werner


 NUMBER OF ELECTRONS:      29+   28-    SPACE SYMMETRY=1    SPIN SYMMETRY: Doublet 
 CONVERGENCE THRESHOLDS:    1.00E-05 (Density)    1.14E-07 (Energy)
 MAX. NUMBER OF ITERATIONS:       60
 INTERPOLATION TYPE:            DIIS
 INTERPOLATION STEPS:              2 (START)      1 (STEP)
 LEVEL SHIFTS:                 -0.60 (CLOSED) -0.30 (OPEN) 



 Orbital guess generated from atomic densities. Full valence occupancy:   29

 Molecular orbital dump at record        2100.2

 Initial alpha occupancy:  29
 Initial beta  occupancy:  28
 Wave function symmetry:    1

 ITERATION    DDIFF          GRAD             ENERGY        2-EL.EN.            DIPOLE MOMENTS         DIIS   ORB.
    1      0.000D+00      0.000D+00      -345.40587357    898.993187    2.42674   -0.90060    1.02339    0    start
    2      0.000D+00      0.231D-02      -345.50239723    896.605180    1.44931   -0.52298    0.40664    1    diag,B
    3      0.716D-03      0.101D-02      -345.52040992    896.863066    1.44651   -0.54418    0.48722    2    diag,B
    4      0.228D-03      0.425D-03      -345.52894631    896.780647    1.21810   -0.50881    0.38223    3    diag,B
    5      0.226D-03      0.169D-03      -345.53134656    896.715223    1.10533   -0.49875    0.33838    4    diag,B
    6      0.141D-03      0.103D-03      -345.53271960    896.682243    1.03369   -0.49344    0.30211    5    diag,B
    7      0.928D-04      0.940D-04      -345.53425963    896.628923    0.96401   -0.48776    0.26589    6    fixocc
    8      0.885D-04      0.947D-04      -345.53272391    896.678276    1.02684   -0.49313    0.30105    7    diag,B
    9      0.814D-04      0.919D-04      -345.52646238    897.182789    1.38125   -0.52553    0.51439    8    diag,B
   10      0.520D-03      0.128D-03      -345.52749956    896.968974    1.28099   -0.51644    0.46062    9    orth
   11      0.148D-03      0.610D-04      -345.52693738    897.093834    1.33616   -0.52284    0.50669    9    diag,B
   12      0.135D-03      0.544D-04      -345.52700284    897.129585    1.33963   -0.52415    0.51934    9    diag,B
   13      0.665D-04      0.386D-04      -345.52708792    897.076954    1.30869   -0.52226    0.50828    9    diag,B
   14      0.442D-04      0.124D-04      -345.52708435    897.043600    1.29709   -0.52079    0.49704    9    diag,B
   15      0.325D-04      0.116D-04      -345.52708699    897.055502    1.30341   -0.52116    0.49812    9    diag,B
   16      0.932D-05      0.193D-05      -345.52708651    897.064339    1.30736   -0.52150    0.49997    9    diag,B
   17      0.711D-05      0.322D-05      -345.52708673    897.059477    1.30530   -0.52132    0.49902    9    diag,B
   18      0.255D-05      0.502D-06      -345.52708676    897.058641    1.30526   -0.52129    0.49883    9    diag,B
   19      0.886D-06      0.353D-06      -345.52708676    897.058989    1.30530   -0.52129    0.49878    0    orth

 Final alpha occupancy:  29
 Final beta  occupancy:  28

 !RHF STATE 1.1 Energy               -345.527086760939
 Nuclear energy                       327.87179088
 One-electron energy                -1121.92837206
 Two-electron energy                  448.52949442
 Virial quotient                       -0.99733863
 !RHF STATE 1.1 Dipole moment           1.30529803    -0.52128750     0.49878243
 Dipole moment /Debye                   3.31751936    -1.32489388     1.26769544

 Orbital energies:

         1.1          2.1          3.1          4.1          5.1          6.1          7.1          8.1          9.1         10.1
    -20.594060   -20.556119   -11.300481   -11.272244   -11.258621   -11.231259   -11.226619    -1.357334    -1.221510    -1.100825

        11.1         12.1         13.1         14.1         15.1         16.1         17.1         18.1         19.1         20.1
     -0.948355    -0.937229    -0.901573    -0.750223    -0.665827    -0.636384    -0.631780    -0.616975    -0.587704    -0.577968

        21.1         22.1         23.1         24.1         25.1         26.1         27.1         28.1         29.1         30.1
     -0.543930    -0.540621    -0.526735    -0.492599    -0.488329    -0.461663    -0.437436    -0.419849    -0.301053     0.091210

        31.1
      0.131648

 HOMO     29.1    -0.301053 =      -8.1921eV
 LUMO     30.1     0.091210 =       2.4819eV
 LUMO-HOMO         0.392263 =      10.6740eV


 **********************************************************************************************************************************
 DATASETS  * FILE   NREC   LENGTH (MB)   RECORD NAMES
              1      22       42.59       500      610      700      900      950      970     1000      129      960     1700   
                                          VAR    BASINP    GEOM    SYMINP    ZMAT    AOBASIS   BASIS     P2S    ABASIS    OPER   
                                         1101     1401     1411     1412     1650     1100     1400     1410     1200     1210   
                                          SR      EKINR    POTR     PVPR    MOLCAS      S      EKIN      POT      H0       H01  
                                         1080     1600   
                                         AOSYM     SMH  

              2       4       12.85       700     1000      520     2100   
                                         GEOM     BASIS   MCVARS     RHF  

 PROGRAMS   *        TOTAL       RHF       INT
 CPU TIMES  *       838.23    354.09    483.89
 REAL TIME  *      1454.55 SEC
 DISK USED  *        86.81 GB      
 SF USED    *         1.39 MB      
 GA USED    *         0.02 MB       (max)       0.00 MB       (current)
 **********************************************************************************************************************************


 PROGRAM * CCSD (Unrestricted open-shell coupled cluster)     Authors: C. Hampel, H.-J. Werner, 1991, M. Deegan, P.J. Knowles, 1992


 Convergence thresholds:  THRVAR = 1.00D-08  THRDEN = 1.14D-06

 CCSD(T)     terms to be evaluated (factor= 1.000)


 Number of closed-shell orbitals:  28 (  28 )
 Number of active  orbitals:        1 (   1 )
 Number of external orbitals:     560 ( 560 )

 Memory could be reduced to 7571.91 Mwords without degradation in triples

 Number of N-1 electron functions:              57
 Number of N-2 electron functions:            1596
 Number of singly external CSFs:             31977
 Number of doubly external CSFs:         378704172
 Total number of CSFs:                   378736149

 Molecular orbitals read from record     2100.2  Type=RHF/CANONICAL (state 1.1)

 Integral transformation finished. Total CPU:1237.13 sec, npass=  1  Memory used:3317.45 MW

 Starting RMP2 calculation

 ITER.      SQ.NORM     CORR.ENERGY   TOTAL ENERGY   ENERGY CHANGE        DEN1      VAR(S)    VAR(P)  DIIS     TIME
   1      1.44061883    -1.77840591  -347.30549267    -1.77840591    -0.00565005  0.32D-03  0.23D-02  1  1  1370.93
   2      1.44734290    -1.78454078  -347.31162754    -0.00613487    -0.00004798  0.24D-04  0.22D-04  2  2  1491.97
   3      1.44806232    -1.78481352  -347.31190028    -0.00027274    -0.00000097  0.82D-06  0.27D-06  3  3  1622.36
   4      1.44813235    -1.78482511  -347.31191187    -0.00001159    -0.00000001  0.11D-07  0.23D-08  4  4  1755.38
   5      1.44813678    -1.78482601  -347.31191278    -0.00000090    -0.00000000  0.20D-09  0.64D-10  5  5  1913.95

 Norm of t1 vector:      0.11612163      S-energy:    -0.01073386      T1 diagnostic:  0.00173624
 Norm of t2 vector:      0.65928184      P-energy:    -1.77409215
                                         Alpha-Beta:  -1.39610086
                                         Alpha-Alpha: -0.19954354
                                         Beta-Beta:   -0.17844775

 Singles amplitudes (print threshold =  0.500E-01):

         I         SYM. A    A   T(IA) [Alpha-Alpha]

        27         1         2     -0.05533756

         I         SYM. A    A   T(IA) [Beta-Beta]

        27         1         2      0.05235282

 Spin contamination <S**2-Sz**2-Sz>     0.00590270
  Reference energy                   -345.527086760927
  RHF-RMP2 correlation energy          -1.784826014188
 !RHF-RMP2 energy                    -347.311912775115

 Starting UCCSD calculation

 ITER.      SQ.NORM     CORR.ENERGY   TOTAL ENERGY   ENERGY CHANGE        DEN1      VAR(S)    VAR(P)  DIIS     TIME
   1      1.43314851    -1.76966344  -347.29675020    -1.76966344    -0.05011805  0.11D-01  0.97D-02  0  0  5452.52
   2      1.48055716    -1.81596737  -347.34305413    -0.04630394    -0.00620629  0.14D-02  0.20D-02  1  1  8948.13
   3      1.49676182    -1.81938246  -347.34646922    -0.00341509    -0.00165829  0.12D-02  0.31D-03  2  2 12439.89
   4      1.51859289    -1.82683847  -347.35392523    -0.00745601    -0.00052252  0.49D-03  0.80D-04  3  3 15996.58
   5      1.53838501    -1.82957153  -347.35665829    -0.00273306    -0.00026170  0.29D-03  0.34D-04  4  4 19532.11
   6      1.56041757    -1.83076832  -347.35785508    -0.00119679    -0.00010551  0.93D-04  0.23D-04  5  5 22976.75
   7      1.57708018    -1.83153931  -347.35862607    -0.00077099    -0.00003829  0.22D-04  0.13D-04  6  6 26476.22
   8      1.58313483    -1.83185898  -347.35894574    -0.00031967    -0.00001316  0.10D-04  0.33D-05  6  1 30019.64
   9      1.58781502    -1.83209443  -347.35918119    -0.00023545    -0.00000389  0.29D-05  0.82D-06  6  2 33500.58
  10      1.59035929    -1.83225468  -347.35934144    -0.00016025    -0.00000122  0.74D-06  0.28D-06  6  3 36971.10
  11      1.59011753    -1.83221810  -347.35930486     0.00003659    -0.00000038  0.28D-06  0.77D-07  6  4 40352.07
  12      1.59093530    -1.83226396  -347.35935072    -0.00004586    -0.00000011  0.66D-07  0.30D-07  6  5 43877.80
  13      1.59093713    -1.83225182  -347.35933858     0.00001214    -0.00000004  0.26D-07  0.82D-08  6  6 47493.86
  14      1.59098908    -1.83225512  -347.35934188    -0.00000331    -0.00000002  0.12D-07  0.29D-08  6  1 50957.17
  15      1.59097930    -1.83225307  -347.35933983     0.00000205    -0.00000001  0.40D-08  0.11D-08  6  2 54521.29
  16      1.59094027    -1.83225057  -347.35933733     0.00000250    -0.00000000  0.18D-08  0.38D-09  6  4 58032.24
  17      1.59091930    -1.83224911  -347.35933587     0.00000146    -0.00000000  0.74D-09  0.22D-09  6  3 61523.50
  18      1.59091588    -1.83224875  -347.35933551     0.00000036    -0.00000000  0.29D-09  0.59D-10  6  6 65097.62

 Norm of t1 vector:      0.33182383      S-energy:    -0.01566853      T1 diagnostic:  0.02573405
                                                                       D1 diagnostic:  0.16944005
 Norm of t2 vector:      0.69340380      P-energy:    -1.81658022
                                         Alpha-Beta:  -1.47750729
                                         Alpha-Alpha: -0.18010855
                                         Beta-Beta:   -0.15896438

 Singles amplitudes (print threshold =  0.500E-01):

         I         SYM. A    A   T(IA) [Alpha-Alpha]

        27         1         2     -0.10992230
        29         1         2      0.22249406
        29         1         3     -0.05382099

         I         SYM. A    A   T(IA) [Beta-Beta]

        27         1         1      0.07773015
        27         1         2      0.07929975

 Doubles amplitudes (print threshold =  0.500E-01):

         I         J         SYM. A    SYM. B    A         B      T(IJ, AB) [Alpha-Beta]

        29        27         1         1         2         1      0.08069801

 Spin contamination <S**2-Sz**2-Sz>     0.03739919

 Memory could be reduced to 8108.10 Mwords without degradation in triples


  Correlated core orbitals:             1.1       2.1       3.1       4.1       5.1       6.1       7.1
  Orbital energies:                   -20.5978  -20.5659  -11.3038  -11.2724  -11.2587  -11.2314  -11.2266

  UCCSD core-core energy               -0.258674189510
  UCCSD core-valence energy            -0.103292222209
  UCCSD valence correlation energy     -1.470282341689


 RESULTS
 =======

  Reference energy                   -345.527086760927
  UCCSD singles energy                 -0.015668534017
  UCCSD pair energy                    -1.816580219390
  UCCSD correlation energy             -1.832248753408
  Triples (T) contribution             -0.071245478637
  Total correlation energy             -1.903494232045

  RHF-UCCSD energy                   -347.359335514335
  RHF-UCCSD[T] energy                -347.434371473873
  RHF-UCCSD-T energy                 -347.430774169204
 !RHF-UCCSD(T) energy                -347.430580992972

 Program statistics:

 Available memory in ccsd:             63999992882
 Min. memory needed in ccsd:            1030333109
 Max. memory used in ccsd:              1522599654
 Max. memory used in cckext:            1124531452 (18 integral passes)
 Max. memory used in cckint:            3317452098 ( 1 integral passes)



 **********************************************************************************************************************************
 DATASETS  * FILE   NREC   LENGTH (MB)   RECORD NAMES
              1      22       42.59       500      610      700      900      950      970     1000      129      960     1700   
                                          VAR    BASINP    GEOM    SYMINP    ZMAT    AOBASIS   BASIS     P2S    ABASIS    OPER   
                                         1101     1401     1411     1412     1650     1100     1400     1410     1200     1210   
                                          SR      EKINR    POTR     PVPR    MOLCAS      S      EKIN      POT      H0       H01  
                                         1080     1600   
                                         AOSYM     SMH  

              2       4       12.85       700     1000      520     2100   
                                         GEOM     BASIS   MCVARS     RHF  

 PROGRAMS   *        TOTAL  UCCSD(T)       RHF       INT
 CPU TIMES  *    175216.37 174378.08    354.09    483.89
 REAL TIME  *    249483.87 SEC
 DISK USED  *       472.20 GB      
 SF USED    *       161.71 GB      
 GA USED    *         0.02 MB       (max)       0.00 MB       (current)
 **********************************************************************************************************************************

 UCCSD(T)/USERDEF energy=   -347.430580992972

        UCCSD(T)        RHF-SCF 
   -347.43058099   -345.52708676
 **********************************************************************************************************************************
 Molpro calculation terminated
 Variable memory released

 Fortran compiler diagnostic
 ***************************

 integer size                  8
 double precision size         8
 logical size                  8

 diagnostic completed successfully
