
 Primary working directories    : /scratch/saurabh/PBS_8066358.helios
 Secondary working directories  : /scratch/saurabh/PBS_8066358.helios
 Wavefunction directory         : /scratch/saurabh/PBS_8066358.helios/
 Main file repository           : /scratch/saurabh/PBS_8066358.helios/

 SHA1      : f6387f0c468d0184d0b38d85973bdb066f718752
 NAME      : 2015.1.44
 ARCHNAME  : linux/x86_64
 FC        : /opt/may/bin/gfortran
 BLASLIB   : -Wl,-_start-group /opt/intel/mkl/lib/intel64/libmkl_gf_ilp64.a /opt/intel/mkl/lib/intel64/libmkl_gnu_thread.a /opt/intel/mkl/lib/intel64/libmkl_core.a -Wl,-_end-group
 id        : ramakrishnan

 Nodes             nprocs
 hel05.tifrh.res.in    8

 Using DEFAULT tuning parameter for ncache   :   16384
 Using DEFAULT tuning parameter for mflopdgm :   10000
 Using DEFAULT tuning parameter for mflopdgv :    4000
 Using DEFAULT tuning parameter for mflopmxm :    5000
 Using DEFAULT tuning parameter for mflopmxv :    4000
 Using DEFAULT tuning parameter for mindgm   :       1
 Using DEFAULT tuning parameter for mindgc   :       4
 Using DEFAULT tuning parameter for mindgf   :    5000
 Using DEFAULT tuning parameter for mindgl   :       4
 Using DEFAULT tuning parameter for mindgr   :       1
 Using DEFAULT tuning parameter for mindgv   :      20
 Using DEFAULT tuning parameter for mincuda  :     500
 Using DEFAULT tuning parameter for mxmblk   :      64
 Using DEFAULT tuning parameter for mxmbln   :      64
 Using DEFAULT tuning parameter for nroll    :       2
 Using custom tuning parameter for ngpus     :       0
 Using customized tuning parameters: mindgm=1; mindgv=20; mindgc=4; mindgr=1; noblas=0; minvec=7
 default implementation of scratch files=sf  

 ***,TS_02
 memory,25,g
 geometry={
 C        0.016496   -0.000793   -0.943532
 H        0.409906    0.916804   -1.348344
 H        0.409603   -0.919094   -1.347051
 C       -1.128907    0.000008   -0.043670
 C       -0.007352    0.000148    1.028353
 H       -0.049984   -0.908539    1.624928
 H        1.192763    0.000642    0.787506
 H       -0.050297    0.908853    1.624921
 C       -1.974654   -1.266502   -0.048660
 H       -2.616557   -1.302601    0.833167
 H       -2.613607   -1.300842   -0.933170
 H       -1.350665   -2.160919   -0.048926
 O        2.618644    0.000750    0.594962
 O        2.588442   -0.000728   -0.681852
 C       -1.973893    1.267014   -0.049885
 H       -2.612792    1.300890   -0.934468
 H       -2.615820    1.304310    0.831892
 H       -1.349379    2.161083   -0.050963
  }
 basis,O=AVTZ,C=AVTZ,H=VTZ
 {rhf
 wf,57,1,1
 }
 uccsd(t);
 

 Fortran compiler diagnostic
 ***************************

 integer size                  8
 double precision size         8
 logical size                  8

 diagnostic completed successfully

 Variables initialized (889), CPU time= 0.02 sec
 Commands  initialized (702), CPU time= 0.01 sec, 572 directives.
 Default parameters read. Elapsed time= 0.09 sec

 Using DEFAULT tuning parameter for mpplat   :       3
 Using DEFAULT tuning parameter for mppspeed :    1600
 Checking input...
 Passed
1


                                         ***  PROGRAM SYSTEM MOLPRO  ***
                                       Copyright, TTI GmbH Stuttgart, 2015
                                    Version 2015.1 linked Jun  9 2019 06:55:40


 **********************************************************************************************************************************
 LABEL *   TS_02                                                                         
  64 bit mpp version                                                                     DATE: 09-May-22          TIME: 15:00:40  
 **********************************************************************************************************************************

 SHA1:             f6387f0c468d0184d0b38d85973bdb066f718752
 **********************************************************************************************************************************

Geometry recognized as XYZ


 Variable memory set to ********** words,  buffer space   230000 words

 SETTING BASIS          =    O=AVTZ,C=AVTZ,H=VTZ


 Recomputing integrals since basis changed


 Using spherical harmonics

 Library entry C      S aug-cc-pVTZ          selected for orbital group  1
 Library entry C      P aug-cc-pVTZ          selected for orbital group  1
 Library entry C      D aug-cc-pVTZ          selected for orbital group  1
 Library entry C      F aug-cc-pVTZ          selected for orbital group  1
 Library entry H      S cc-pVTZ              selected for orbital group  2
 Library entry H      P cc-pVTZ              selected for orbital group  2
 Library entry H      D cc-pVTZ              selected for orbital group  2
 Library entry O      S aug-cc-pVTZ          selected for orbital group  7
 Library entry O      P aug-cc-pVTZ          selected for orbital group  7
 Library entry O      D aug-cc-pVTZ          selected for orbital group  7
 Library entry O      F aug-cc-pVTZ          selected for orbital group  7


 PROGRAM * SEWARD (Integral evaluation for generally contracted gaussian basis sets)     Author: Roland Lindh, 1990

 Geometry written to block  1 of record 700


 Point group  C1  



 ATOMIC COORDINATES

 NR  ATOM    CHARGE       X              Y              Z

   1  C       6.00    0.031172922   -0.001498553   -1.783017070
   2  H       1.00    0.774610077    1.732508470   -2.548000882
   3  H       1.00    0.774037490   -1.736835943   -2.545557466
   4  C       6.00   -2.133325050    0.000015118   -0.082524340
   5  C       6.00   -0.013893266    0.000279679    1.943305529
   6  H       1.00   -0.094456071   -1.716889883    3.070668892
   7  H       1.00    2.253995402    0.001213204    1.488170661
   8  H       1.00   -0.095047555    1.717483257    3.070655664
   9  C       6.00   -3.731555251   -2.393341916   -0.091954073
  10  H       1.00   -4.944576119   -2.461559140    1.574457446
  11  H       1.00   -4.939001427   -2.458235111   -1.763435728
  12  H       1.00   -2.552386936   -4.083545087   -0.092456740
  13  O       8.00    4.948519978    0.001417295    1.124315235
  14  O       8.00    4.891446469   -0.001375721   -1.288513537
  15  C       6.00   -3.730117169    2.394309456   -0.094268988
  16  H       1.00   -4.937461300    2.458325818   -1.765888592
  17  H       1.00   -4.943183391    2.464788682    1.572048045
  18  H       1.00   -2.549956748    4.083855002   -0.096306112

 Bond lengths in Bohr (Angstrom)

 1-2  2.035848568  1-3  2.035856448  1-4  2.752585927  1-5  3.726595529  4-5  2.931889803
     ( 1.077324667)     ( 1.077328837)     ( 1.456605744)     ( 1.972029428)     ( 1.551489268)

  4- 9  2.877948329   4-15  2.877938218   5- 6  2.055750429   5- 7  2.313107786   5- 8  2.055794852
       ( 1.522944670)       ( 1.522939319)       ( 1.087856278)       ( 1.224043927)       ( 1.087879786)

  9-10  2.062280429   9-11  2.063004682   9-12  2.060879649  13-14  2.413505308  15-16  2.063029338
       ( 1.091311806)       ( 1.091695064)       ( 1.090570545)       ( 1.277172007)       ( 1.091708111)

 15-17  2.062306824  15-18  2.060909247
       ( 1.091325773)       ( 1.090586207)

 Bond angles

  1- 4- 5   81.86066983   1- 4- 9  115.73490129   1- 4-15  115.73658575   1- 5- 4   46.98645020

  1-5-6  123.25938619   1-5-7   77.95935787   1-5-8  123.31300902   2-1-3  116.87332518

  2-1-4  121.25318563   2-1-5  112.31750886   3-1-4  121.25134162   3-1-5  112.29324398

  4-1-5   51.15287997   4-5-6  110.51890820   4-5-7  124.94579060   4-5-8  110.51467111

  4- 9-10  110.57950646   4- 9-11  110.72262453   4- 9-12  111.36430627   4-15-16  110.72175071

  4-15-17  110.57880501   4-15-18  111.36551976   5- 4- 9  113.81507068   5- 4-15  113.81794353

  6- 5- 7   98.43365296   6- 5- 8  113.29414890   7- 5- 8   98.41068415   9- 4-15  112.56479442

 10- 9-11  108.02238915  10- 9-12  108.03594652  11- 9-12  107.99208476  16-15-17  108.02272044

 16-15-18  107.99211246  17-15-18  108.03596326

 NUCLEAR CHARGE:                   57
 NUMBER OF PRIMITIVE AOS:         656
 NUMBER OF SYMMETRY AOS:          582
 NUMBER OF CONTRACTIONS:          476   ( 476A   )
 NUMBER OF CORE ORBITALS:           7   (   7A   )
 NUMBER OF VALENCE ORBITALS:       39   (  39A   )


 NUCLEAR REPULSION ENERGY  314.16789344


 Eigenvalues of metric

         1 0.128E-04 0.137E-04 0.193E-04 0.237E-04 0.308E-04 0.646E-04 0.810E-04 0.117E-03


 Contracted 2-electron integrals neglected if value below      1.0D-12
 AO integral compression algorithm  1   Integral accuracy      1.0D-12

     23111.401 MB (compressed) written to integral file ( 42.6%)

     Node minimum: 2693.005 MB, node maximum: 3011.510 MB


 NUMBER OF SORTED TWO-ELECTRON INTEGRALS:  805481160.     BUFFER LENGTH:  32768
 NUMBER OF SEGMENTS:  26  SEGMENT LENGTH:   31996696      RECORD LENGTH: 524288

 Memory used in sort:      32.55 MW

 SORT1 READ  6778101919. AND WROTE   685529231. INTEGRALS IN   1976 RECORDS. CPU TIME:   332.08 SEC, REAL TIME:   368.95 SEC
 SORT2 READ  5497212797. AND WROTE  6444133101. INTEGRALS IN  85472 RECORDS. CPU TIME:    23.20 SEC, REAL TIME:   142.14 SEC

 Node minimum:   805466970.  Node maximum:   805566306. integrals

 OPERATOR DM      FOR CENTER  0  COORDINATES:    0.000000    0.000000    0.000000


 **********************************************************************************************************************************
 DATASETS  * FILE   NREC   LENGTH (MB)   RECORD NAMES
              1      18       28.49       500      610      700      900      950      970     1000      129      960     1100   
                                          VAR    BASINP    GEOM    SYMINP    ZMAT    AOBASIS   BASIS     P2S    ABASIS      S 
                                         1400     1410     1200     1210     1080     1600     1650     1700   
                                           T        V       H0       H01     AOSYM     SMH    MOLCAS    OPER   

 PROGRAMS   *        TOTAL       INT
 CPU TIMES  *       392.31    392.14
 REAL TIME  *       562.84 SEC
 DISK USED  *        88.81 GB      
 GA USED    *         0.02 MB       (max)       0.00 MB       (current)
 **********************************************************************************************************************************


 PROGRAM * RHF-SCF (OPEN SHELL)       Authors: W. Meyer, H.-J. Werner


 NUMBER OF ELECTRONS:      29+   28-    SPACE SYMMETRY=1    SPIN SYMMETRY: Doublet 
 CONVERGENCE THRESHOLDS:    1.00E-05 (Density)    1.14E-07 (Energy)
 MAX. NUMBER OF ITERATIONS:       60
 INTERPOLATION TYPE:            DIIS
 INTERPOLATION STEPS:              2 (START)      1 (STEP)
 LEVEL SHIFTS:                 -0.60 (CLOSED) -0.30 (OPEN) 



 Orbital guess generated from atomic densities. Full valence occupancy:   46

 Molecular orbital dump at record        2100.2

 Initial alpha occupancy:  29
 Initial beta  occupancy:  28
 Wave function symmetry:    1

 ITERATION    DDIFF          GRAD             ENERGY        2-EL.EN.            DIPOLE MOMENTS         DIIS   ORB.
    1      0.000D+00      0.000D+00      -345.22354314    867.882627   -2.89785    0.00008    0.14503    0    start
    2      0.000D+00      0.222D-02      -345.29154193    867.853983   -2.93281   -0.00012   -0.05073    1    diag,B
    3      0.197D-02      0.831D-03      -345.30701601    867.849050   -2.91344   -0.00015   -0.10754    2    diag,B
    4      0.897D-03      0.391D-03      -345.31232720    867.879216   -2.95455   -0.00025   -0.21895    3    diag,B
    5      0.572D-03      0.185D-03      -345.31356365    867.880787   -2.99134   -0.00026   -0.24566    4    diag,B
    6      0.248D-03      0.103D-03      -345.31442556    867.876634   -3.05020   -0.00031   -0.29845    5    diag,B
    7      0.253D-03      0.657D-04      -345.31493482    867.883392   -3.10281   -0.00035   -0.34381    6    fixocc
    8      0.190D-03      0.402D-04      -345.31518129    867.896325   -3.12850   -0.00038   -0.37287    7    diag,B
    9      0.119D-03      0.307D-04      -345.31533888    867.905546   -3.13595   -0.00040   -0.39017    8    diag,B
   10      0.755D-04      0.262D-04      -345.31554352    867.910712   -3.13594   -0.00042   -0.41281    9    orth
   11      0.110D-03      0.196D-04      -345.31570537    867.914044   -3.12808   -0.00045   -0.43738    9    diag,B
   12      0.125D-03      0.106D-04      -345.31574215    867.914585   -3.12188   -0.00047   -0.44936    9    diag,B
   13      0.734D-04      0.520D-05      -345.31574734    867.914954   -3.11830   -0.00047   -0.45342    9    diag,B
   14      0.333D-04      0.206D-05      -345.31574781    867.914410   -3.11719   -0.00048   -0.45464    9    diag,B
   15      0.172D-04      0.898D-06      -345.31574779    867.914640   -3.11690   -0.00047   -0.45388    9    diag,B
   16      0.751D-05      0.855D-06      -345.31574781    867.914237   -3.11684   -0.00047   -0.45397    0    orth

 Final alpha occupancy:  29
 Final beta  occupancy:  28

 !RHF STATE 1.1 Energy               -345.315747814097
 Nuclear energy                       314.16789344
 One-electron energy                -1093.44075968
 Two-electron energy                  433.95711843
 Virial quotient                       -1.00115943
 !RHF STATE 1.1 Dipole moment          -3.11683739    -0.00047467    -0.45396987
 Dipole moment /Debye                  -7.92169158    -0.00120642    -1.15380074

 Orbital energies:

         1.1          2.1          3.1          4.1          5.1          6.1          7.1          8.1          9.1         10.1
    -20.555880   -20.525223   -11.351873   -11.292680   -11.252281   -11.251715   -11.251698    -1.437967    -1.181128    -1.000135

        11.1         12.1         13.1         14.1         15.1         16.1         17.1         18.1         19.1         20.1
     -0.989402    -0.976310    -0.925898    -0.796724    -0.696144    -0.658343    -0.647393    -0.617226    -0.611716    -0.571836

        21.1         22.1         23.1         24.1         25.1         26.1         27.1         28.1         29.1         30.1
     -0.569006    -0.557475    -0.554367    -0.519311    -0.508103    -0.498650    -0.453605    -0.311234    -0.399672     0.027543

        31.1
      0.038230

 HOMO     29.1    -0.399672 =     -10.8756eV
 LUMO     30.1     0.027543 =       0.7495eV
 LUMO-HOMO         0.427215 =      11.6251eV


 **********************************************************************************************************************************
 DATASETS  * FILE   NREC   LENGTH (MB)   RECORD NAMES
              1      18       28.49       500      610      700      900      950      970     1000      129      960     1100   
                                          VAR    BASINP    GEOM    SYMINP    ZMAT    AOBASIS   BASIS     P2S    ABASIS      S 
                                         1400     1410     1200     1210     1080     1600     1650     1700   
                                           T        V       H0       H01     AOSYM     SMH    MOLCAS    OPER   

              2       4        9.47       700     1000      520     2100   
                                         GEOM     BASIS   MCVARS     RHF  

 PROGRAMS   *        TOTAL       RHF       INT
 CPU TIMES  *       573.24    180.93    392.14
 REAL TIME  *       757.02 SEC
 DISK USED  *        89.38 GB      
 SF USED    *         0.91 MB      
 GA USED    *         0.02 MB       (max)       0.00 MB       (current)
 **********************************************************************************************************************************


 PROGRAM * CCSD (Unrestricted open-shell coupled cluster)     Authors: C. Hampel, H.-J. Werner, 1991, M. Deegan, P.J. Knowles, 1992


 Convergence thresholds:  THRVAR = 1.00D-08  THRDEN = 1.14D-06

 CCSD(T)     terms to be evaluated (factor= 1.000)


 Number of core orbitals:           7 (   7 )
 Number of closed-shell orbitals:  21 (  21 )
 Number of active  orbitals:        1 (   1 )
 Number of external orbitals:     447 ( 447 )

 Memory could be reduced to 3029.16 Mwords without degradation in triples

 Number of N-1 electron functions:              43
 Number of N-2 electron functions:             903
 Number of singly external CSFs:             19264
 Number of doubly external CSFs:         136881696
 Total number of CSFs:                   136900960

 Molecular orbitals read from record     2100.2  Type=RHF/CANONICAL (state 1.1)

 Integral transformation finished. Total CPU: 447.95 sec, npass=  1  Memory used:1340.21 MW

 Starting RMP2 calculation

 ITER.      SQ.NORM     CORR.ENERGY   TOTAL ENERGY   ENERGY CHANGE        DEN1      VAR(S)    VAR(P)  DIIS     TIME
   1      1.41206121    -1.38112464  -346.69687245    -1.38112464    -0.00508059  0.49D-04  0.20D-02  1  1   492.60
   2      1.41708617    -1.38661866  -346.70236648    -0.00549403    -0.00001248  0.18D-05  0.62D-05  2  2   617.81
   3      1.41728201    -1.38672120  -346.70246901    -0.00010253    -0.00000012  0.68D-07  0.39D-07  3  3   661.69
   4      1.41728808    -1.38672144  -346.70246926    -0.00000025    -0.00000000  0.16D-08  0.23D-09  4  4   721.17

 Norm of t1 vector:      0.06132655      S-energy:    -0.00608839      T1 diagnostic:  0.00073047
 Norm of t2 vector:      0.64306076      P-energy:    -1.38063306
                                         Alpha-Beta:  -1.04827143
                                         Alpha-Alpha: -0.16715263
                                         Beta-Beta:   -0.16520900

 Spin contamination <S**2-Sz**2-Sz>     0.00190961
  Reference energy                   -345.315747814094
  RHF-RMP2 correlation energy          -1.386721444439
 !RHF-RMP2 energy                    -346.702469258533

 Starting UCCSD calculation

 ITER.      SQ.NORM     CORR.ENERGY   TOTAL ENERGY   ENERGY CHANGE        DEN1      VAR(S)    VAR(P)  DIIS     TIME
   1      1.42208096    -1.38067677  -346.69642459    -1.38067677    -0.04376383  0.14D-01  0.84D-02  1  1  1900.32
   2      1.46368501    -1.41933068  -346.73507849    -0.03865391    -0.00580910  0.93D-03  0.20D-02  2  2  2866.96
   3      1.49350783    -1.42811272  -346.74386053    -0.00878204    -0.00163101  0.20D-02  0.17D-03  3  3  3753.23
   4      1.50965368    -1.43135013  -346.74709794    -0.00323741    -0.00077844  0.85D-03  0.11D-03  4  4  4753.48
   5      1.53874219    -1.43414476  -346.74989257    -0.00279463    -0.00037612  0.50D-03  0.41D-04  5  5  5630.20
   6      1.56757264    -1.43586639  -346.75161421    -0.00172163    -0.00012844  0.16D-03  0.18D-04  6  6  6566.97
   7      1.58892330    -1.43685362  -346.75260143    -0.00098723    -0.00004458  0.47D-04  0.88D-05  6  5  7633.98
   8      1.60076516    -1.43719565  -346.75294346    -0.00034203    -0.00001547  0.14D-04  0.32D-05  6  1  8565.41
   9      1.60491828    -1.43735761  -346.75310542    -0.00016196    -0.00000548  0.53D-05  0.98D-06  6  2  9565.72
  10      1.60844769    -1.43747102  -346.75321884    -0.00011341    -0.00000250  0.24D-05  0.52D-06  6  3 10537.19
  11      1.61000423    -1.43750354  -346.75325135    -0.00003251    -0.00000124  0.12D-05  0.25D-06  6  4 11526.73
  12      1.61012454    -1.43745613  -346.75320394     0.00004741    -0.00000058  0.62D-06  0.11D-06  6  1 12544.67
  13      1.61098523    -1.43746941  -346.75321723    -0.00001329    -0.00000032  0.33D-06  0.76D-07  6  6 13568.22
  14      1.61119489    -1.43746746  -346.75321528     0.00000195    -0.00000015  0.15D-06  0.30D-07  6  2 14707.06
  15      1.61155844    -1.43748413  -346.75323195    -0.00001667    -0.00000006  0.38D-07  0.17D-07  6  5 15748.11
  16      1.61170944    -1.43750158  -346.75324939    -0.00001744    -0.00000002  0.16D-07  0.41D-08  6  3 16786.06
  17      1.61173215    -1.43750089  -346.75324871     0.00000068    -0.00000001  0.40D-08  0.15D-08  6  4 17785.56

 Norm of t1 vector:      0.36668259      S-energy:    -0.00609818      T1 diagnostic:  0.03798867
                                                                       D1 diagnostic:  0.22021613
 Norm of t2 vector:      0.69085167      P-energy:    -1.43140272
                                         Alpha-Beta:  -1.12724304
                                         Alpha-Alpha: -0.15230463
                                         Beta-Beta:   -0.15185505

 Singles amplitudes (print threshold =  0.500E-01):

         I         SYM. A    A   T(IA) [Alpha-Alpha]

        21         1         2     -0.09782602
        21         1         6      0.07178106
        21         1         8     -0.05445756

         I         SYM. A    A   T(IA) [Beta-Beta]

        17         1         1      0.10438774
        18         1         1      0.08633479
        21         1         2     -0.17034082
        21         1         3     -0.07126771
        21         1         6      0.12338252
        21         1         8     -0.09310025
        21         1        10     -0.08085567

 Spin contamination <S**2-Sz**2-Sz>     0.01710455

 Memory could be reduced to 3228.67 Mwords without degradation in triples


 RESULTS
 =======

  Reference energy                   -345.315747814094
  UCCSD singles energy                 -0.006098175303
  UCCSD pair energy                    -1.431402718433
  UCCSD correlation energy             -1.437500893735
  Triples (T) contribution             -0.070290385869
  Total correlation energy             -1.507791279605

  RHF-UCCSD energy                   -346.753248707829
  RHF-UCCSD[T] energy                -346.831981863909
  RHF-UCCSD-T energy                 -346.820975283878
 !RHF-UCCSD(T) energy                -346.823539093699

 Program statistics:

 Available memory in ccsd:             24999995808
 Min. memory needed in ccsd:             375449710
 Max. memory used in ccsd:               551709990
 Max. memory used in cckext:             418238836 (17 integral passes)
 Max. memory used in cckint:            1340205634 ( 1 integral passes)



 **********************************************************************************************************************************
 DATASETS  * FILE   NREC   LENGTH (MB)   RECORD NAMES
              1      18       28.49       500      610      700      900      950      970     1000      129      960     1100   
                                          VAR    BASINP    GEOM    SYMINP    ZMAT    AOBASIS   BASIS     P2S    ABASIS      S 
                                         1400     1410     1200     1210     1080     1600     1650     1700   
                                           T        V       H0       H01     AOSYM     SMH    MOLCAS    OPER   

              2       4        9.47       700     1000      520     2100   
                                         GEOM     BASIS   MCVARS     RHF  

 PROGRAMS   *        TOTAL  UCCSD(T)       RHF       INT
 CPU TIMES  *     46717.44  46144.12    180.93    392.14
 REAL TIME  *     59591.92 SEC
 DISK USED  *       228.32 GB      
 SF USED    *        62.03 GB      
 GA USED    *         0.02 MB       (max)       0.00 MB       (current)
 **********************************************************************************************************************************

 UCCSD(T)/O=AVTZ,C=AVTZ,H=VTZ energy=   -346.823539093699

        UCCSD(T)        RHF-SCF 
   -346.82353909   -345.31574781
 **********************************************************************************************************************************
 Molpro calculation terminated
 Variable memory released

 Fortran compiler diagnostic
 ***************************

 integer size                  8
 double precision size         8
 logical size                  8

 diagnostic completed successfully
