
 Primary working directories    : /scratch/saurabh/PBS_8055187.helios
 Secondary working directories  : /scratch/saurabh/PBS_8055187.helios
 Wavefunction directory         : /scratch/saurabh/PBS_8055187.helios/
 Main file repository           : /scratch/saurabh/PBS_8055187.helios/

 SHA1      : f6387f0c468d0184d0b38d85973bdb066f718752
 NAME      : 2015.1.44
 ARCHNAME  : linux/x86_64
 FC        : /opt/may/bin/gfortran
 BLASLIB   : -Wl,-_start-group /opt/intel/mkl/lib/intel64/libmkl_gf_ilp64.a /opt/intel/mkl/lib/intel64/libmkl_gnu_thread.a /opt/intel/mkl/lib/intel64/libmkl_core.a -Wl,-_end-group
 id        : ramakrishnan

 Nodes             nprocs
 hel01.tifrh.res.in    8

 Using DEFAULT tuning parameter for ncache   :   16384
 Using DEFAULT tuning parameter for mflopdgm :   10000
 Using DEFAULT tuning parameter for mflopdgv :    4000
 Using DEFAULT tuning parameter for mflopmxm :    5000
 Using DEFAULT tuning parameter for mflopmxv :    4000
 Using DEFAULT tuning parameter for mindgm   :       1
 Using DEFAULT tuning parameter for mindgc   :       4
 Using DEFAULT tuning parameter for mindgf   :    5000
 Using DEFAULT tuning parameter for mindgl   :       4
 Using DEFAULT tuning parameter for mindgr   :       1
 Using DEFAULT tuning parameter for mindgv   :      20
 Using DEFAULT tuning parameter for mincuda  :     500
 Using DEFAULT tuning parameter for mxmblk   :      64
 Using DEFAULT tuning parameter for mxmbln   :      64
 Using DEFAULT tuning parameter for nroll    :       2
 Using custom tuning parameter for ngpus     :       0
 Using customized tuning parameters: mindgm=1; mindgv=20; mindgc=4; mindgr=1; noblas=0; minvec=7
 default implementation of scratch files=sf  

 ***,Mol_01
 memory,64,g
 geometry={
 C  -0.000005  1.320684   -0.753285
 C  0.000000   -0.001686  0.054897
 C  1.258699   -0.808909  -0.308833
 C  -1.258695  -0.808916  -0.308832
 C  -0.000000  0.314303   1.517295
 H  0.882453   1.919408   -0.523874
 H  -0.882466  1.919403   -0.523873
 H  -0.000004  1.112215   -1.826312
 H  0.926270   0.515943   2.038541
 H  -0.926271  0.515943   2.038541
 H  -2.164819  -0.254131  -0.058074
 H  -1.284921  -1.756526  0.231099
 H  -1.284964  -1.027242  -1.378262
 H  2.164820   -0.254117  -0.058076
 H  1.284969   -1.027234  -1.378263
 H  1.284933   -1.756518  0.231098
  }
 basis,O=AVQZ,C=AVQZ,H=VQZ
 {rhf
 wf,41,1,1
 }
 uccsd(t);
 

 Fortran compiler diagnostic
 ***************************

 integer size                  8
 double precision size         8
 logical size                  8

 diagnostic completed successfully

 Variables initialized (889), CPU time= 0.01 sec
 Commands  initialized (702), CPU time= 0.02 sec, 572 directives.
 Default parameters read. Elapsed time= 0.11 sec

 Using DEFAULT tuning parameter for mpplat   :       3
 Using DEFAULT tuning parameter for mppspeed :    1600
 Checking input...
 Passed
1


                                         ***  PROGRAM SYSTEM MOLPRO  ***
                                       Copyright, TTI GmbH Stuttgart, 2015
                                    Version 2015.1 linked Jun  9 2019 06:55:40


 **********************************************************************************************************************************
 LABEL *   Mol_01                                                                        
  64 bit mpp version                                                                     DATE: 14-Apr-22          TIME: 20:13:08  
 **********************************************************************************************************************************

 SHA1:             f6387f0c468d0184d0b38d85973bdb066f718752
 **********************************************************************************************************************************

Geometry recognized as XYZ


 Variable memory set to ********** words,  buffer space   230000 words

 SETTING BASIS          =    O=AVQZ,C=AVQZ,H=VQZ


 Recomputing integrals since basis changed


 Using spherical harmonics

 Library entry C      S aug-cc-pVQZ          selected for orbital group  1
 Library entry C      P aug-cc-pVQZ          selected for orbital group  1
 Library entry C      D aug-cc-pVQZ          selected for orbital group  1
 Library entry C      F aug-cc-pVQZ          selected for orbital group  1
 Library entry C      G aug-cc-pVQZ          selected for orbital group  1
 Library entry H      S cc-pVQZ              selected for orbital group  2
 Library entry H      P cc-pVQZ              selected for orbital group  2
 Library entry H      D cc-pVQZ              selected for orbital group  2
 Library entry H      F cc-pVQZ              selected for orbital group  2


 PROGRAM * SEWARD (Integral evaluation for generally contracted gaussian basis sets)     Author: Roland Lindh, 1990

 Geometry written to block  1 of record 700


 Point group  C1  



 ATOMIC COORDINATES

 NR  ATOM    CHARGE       X              Y              Z

   1  C       6.00   -0.000009449    2.495731057   -1.423502344
   2  C       6.00    0.000000000   -0.003186078    0.103740295
   3  C       6.00    2.378596383   -1.528616470   -0.583609788
   4  C       6.00   -2.378588824   -1.528629698   -0.583607899
   5  C       6.00   -0.000000000    0.593946590    2.867272000
   6  H       1.00    1.667594488    3.627155441   -0.989978384
   7  H       1.00   -1.667619054    3.627145993   -0.989976494
   8  H       1.00   -0.000007559    2.101781742   -3.451229498
   9  H       1.00    1.750396617    0.974990966    3.852284184
  10  H       1.00   -1.750398507    0.974990966    3.852284184
  11  H       1.00   -4.090915019   -0.480237990   -0.109743955
  12  H       1.00   -2.428148782   -3.319353071    0.436713818
  13  H       1.00   -2.428230040   -1.941206044   -2.604537708
  14  H       1.00    4.090916909   -0.480211534   -0.109747734
  15  H       1.00    2.428239489   -1.941190926   -2.604539598
  16  H       1.00    2.428171458   -3.319337953    0.436711928

 Bond lengths in Bohr (Angstrom)

 1-2  2.928661286  1-6  2.061302270  1-7  2.061302068  1-8  2.065641178  2-3  2.908110859
     ( 1.549780811)     ( 1.090794186)     ( 1.090794079)     ( 1.093090237)     ( 1.538905994)

  2- 4  2.908111169   2- 5  2.827308775   3-14  2.062944434   3-15  2.063210948   3-16  2.061600719
       ( 1.538906157)       ( 1.496147372)       ( 1.091663182)       ( 1.091804215)       ( 1.090952118)

  4-11  2.062942851   4-12  2.061601997   4-13  2.063211280   5- 9  2.044341492   5-10  2.044343110
       ( 1.091662344)       ( 1.090952795)       ( 1.091804391)       ( 1.081818929)       ( 1.081819785)

 Bond angles

  1-2-3  108.92441405   1-2-4  108.92434790   1-2-5  109.23888982   2-1-6  111.01838153

  2- 1- 7  111.01843469   2- 1- 8  110.43714971   2- 3-14  110.97949090   2- 3-15  110.85989854

  2- 3-16  110.99668081   2- 4-11  110.97957138   2- 4-12  110.99658464   2- 4-13  110.85988914

  2- 5- 9  120.68520111   2- 5-10  120.68517420   3- 2- 4  109.75357857   3- 2- 5  109.98713348

  4-2-5  109.98715111   6-1-7  107.99794631   6-1-8  108.12769973   7-1-8  108.12779236

  9- 5-10  117.78855669  11- 4-12  107.92612864  11- 4-13  107.85738926  12- 4-13  108.08950902

 14- 3-15  107.85733145  14- 3-16  107.92609801  15- 3-16  108.08957067

 NUCLEAR CHARGE:                   41
 NUMBER OF PRIMITIVE AOS:         997
 NUMBER OF SYMMETRY AOS:          817
 NUMBER OF CONTRACTIONS:          730   ( 730A   )
 NUMBER OF CORE ORBITALS:           5   (   5A   )
 NUMBER OF VALENCE ORBITALS:       31   (  31A   )


 NUCLEAR REPULSION ENERGY  188.79882503


 Eigenvalues of metric

         1 0.324E-05 0.433E-05 0.479E-05 0.798E-05 0.160E-04 0.234E-04 0.260E-04 0.298E-04


 Contracted 2-electron integrals neglected if value below      1.0D-12
 AO integral compression algorithm  1   Integral accuracy      1.0D-12

     124743.582 MB (compressed) written to integral file ( 42.1%)

     Node minimum: 15023.473 MB, node maximum: 16234.840 MB


 NUMBER OF SORTED TWO-ELECTRON INTEGRALS: 4449290208.     BUFFER LENGTH:  32768
 NUMBER OF SEGMENTS: 140  SEGMENT LENGTH:   31998192      RECORD LENGTH: 131072

 Memory used in sort:      32.16 MW

 SORT1 READ 37060180568. AND WROTE  3810176476. INTEGRALS IN  43679 RECORDS. CPU TIME:  1572.73 SEC, REAL TIME:  1769.56 SEC
 SORT2 READ 30463552112. AND WROTE 35595255520. INTEGRALS IN 465304 RECORDS. CPU TIME:   179.78 SEC, REAL TIME:  4918.28 SEC

 Node minimum:  4449290208.  Node maximum:  4449523672. integrals

 OPERATOR DM      FOR CENTER  0  COORDINATES:    0.000000    0.000000    0.000000


 **********************************************************************************************************************************
 DATASETS  * FILE   NREC   LENGTH (MB)   RECORD NAMES
              1      18       39.57       500      610      700      900      950      970     1000      129      960     1100   
                                          VAR    BASINP    GEOM    SYMINP    ZMAT    AOBASIS   BASIS     P2S    ABASIS      S 
                                         1400     1410     1200     1210     1080     1600     1650     1700   
                                           T        V       H0       H01     AOSYM     SMH    MOLCAS    OPER   

 PROGRAMS   *        TOTAL       INT
 CPU TIMES  *      2015.50   2015.31
 REAL TIME  *      7080.46 SEC
 DISK USED  *       489.77 GB      
 GA USED    *         0.02 MB       (max)       0.00 MB       (current)
 **********************************************************************************************************************************


 PROGRAM * RHF-SCF (OPEN SHELL)       Authors: W. Meyer, H.-J. Werner


 NUMBER OF ELECTRONS:      21+   20-    SPACE SYMMETRY=1    SPIN SYMMETRY: Doublet 
 CONVERGENCE THRESHOLDS:    1.00E-05 (Density)    1.00E-07 (Energy)
 MAX. NUMBER OF ITERATIONS:       60
 INTERPOLATION TYPE:            DIIS
 INTERPOLATION STEPS:              2 (START)      1 (STEP)
 LEVEL SHIFTS:                 -0.60 (CLOSED) -0.30 (OPEN) 



 Orbital guess generated from atomic densities. Full valence occupancy:   36

 Molecular orbital dump at record        2100.2

 Initial alpha occupancy:  21
 Initial beta  occupancy:  20
 Wave function symmetry:    1

 ITERATION    DDIFF          GRAD             ENERGY        2-EL.EN.            DIPOLE MOMENTS         DIIS   ORB.
    1      0.000D+00      0.000D+00      -195.70040987    507.444347    0.00000    0.07893   -0.24383    0    start
    2      0.000D+00      0.169D-02      -195.75935159    504.456455    0.00000    0.04826   -0.15647    1    diag,B
    3      0.114D-02      0.685D-03      -195.77445976    504.497417    0.00000    0.04533   -0.09996    2    diag,B
    4      0.481D-03      0.280D-03      -195.77807788    504.448975    0.00000    0.04114   -0.07607    3    diag,B
    5      0.273D-03      0.724D-04      -195.77836864    504.453862    0.00000    0.03828   -0.06919    4    diag,B
    6      0.102D-03      0.239D-04      -195.77840581    504.444650    0.00000    0.03662   -0.06731    5    diag,B
    7      0.530D-04      0.806D-05      -195.77841063    504.444267    0.00000    0.03569   -0.06662    6    fixocc
    8      0.209D-04      0.303D-05      -195.77841148    504.444360    0.00000    0.03519   -0.06635    7    diag,B
    9      0.135D-04      0.107D-05      -195.77841160    504.444599    0.00000    0.03498   -0.06624    8    diag,B
   10      0.633D-05      0.383D-06      -195.77841162    504.444668    0.00000    0.03490   -0.06619    9    orth
   11      0.193D-05      0.142D-06      -195.77841162    504.444668    0.00000    0.03488   -0.06618    0    orth

 Final alpha occupancy:  21
 Final beta  occupancy:  20

 !RHF STATE 1.1 Energy               -195.778411623438
 Nuclear energy                       188.79882503
 One-electron energy                 -636.79957079
 Two-electron energy                  252.22233413
 Virial quotient                       -1.00082937
 !RHF STATE 1.1 Dipole moment           0.00000020     0.03488291    -0.06617920
 Dipole moment /Debye                   0.00000050     0.08865770    -0.16819974

 Orbital energies:

         1.1          2.1          3.1          4.1          5.1          6.1          7.1          8.1          9.1         10.1
    -11.235966   -11.212849   -11.209021   -11.208453   -11.208436    -1.100289    -0.929912    -0.927359    -0.896256    -0.727692

        11.1         12.1         13.1         14.1         15.1         16.1         17.1         18.1         19.1         20.1
     -0.616000    -0.614592    -0.593408    -0.563039    -0.537605    -0.518642    -0.511931    -0.470455    -0.463621    -0.456100

        21.1         22.1         23.1
     -0.351651     0.043198     0.049500

 HOMO     21.1    -0.351651 =      -9.5689eV
 LUMO     22.1     0.043198 =       1.1755eV
 LUMO-HOMO         0.394849 =      10.7444eV


 **********************************************************************************************************************************
 DATASETS  * FILE   NREC   LENGTH (MB)   RECORD NAMES
              1      18       39.57       500      610      700      900      950      970     1000      129      960     1100   
                                          VAR    BASINP    GEOM    SYMINP    ZMAT    AOBASIS   BASIS     P2S    ABASIS      S 
                                         1400     1410     1200     1210     1080     1600     1650     1700   
                                           T        V       H0       H01     AOSYM     SMH    MOLCAS    OPER   

              2       4       18.07       700     1000      520     2100   
                                         GEOM     BASIS   MCVARS     RHF  

 PROGRAMS   *        TOTAL       RHF       INT
 CPU TIMES  *      3541.28   1525.70   2015.31
 REAL TIME  *     13163.87 SEC
 DISK USED  *       490.85 GB      
 SF USED    *         2.13 MB      
 GA USED    *         0.02 MB       (max)       0.00 MB       (current)
 **********************************************************************************************************************************


 PROGRAM * CCSD (Unrestricted open-shell coupled cluster)     Authors: C. Hampel, H.-J. Werner, 1991, M. Deegan, P.J. Knowles, 1992


 Convergence thresholds:  THRVAR = 1.00D-08  THRDEN = 1.00D-06

 CCSD(T)     terms to be evaluated (factor= 1.000)


 Number of core orbitals:           5 (   5 )
 Number of closed-shell orbitals:  15 (  15 )
 Number of active  orbitals:        1 (   1 )
 Number of external orbitals:     709 ( 709 )

 Memory could be reduced to 8534.26 Mwords without degradation in triples

 Number of N-1 electron functions:              31
 Number of N-2 electron functions:             465
 Number of singly external CSFs:             22010
 Number of doubly external CSFs:         177615375
 Total number of CSFs:                   177637385

 Molecular orbitals read from record     2100.2  Type=RHF/CANONICAL (state 1.1)

 Integral transformation finished. Total CPU:1563.29 sec, npass=  1  Memory used:3441.46 MW

 Starting RMP2 calculation

 ITER.      SQ.NORM     CORR.ENERGY   TOTAL ENERGY   ENERGY CHANGE        DEN1      VAR(S)    VAR(P)  DIIS     TIME
   1      1.27518889    -0.91820968  -196.69662130    -0.91820968    -0.00329234  0.13D-04  0.12D-02  1  1  1724.47
   2      1.27814252    -0.92175155  -196.70016317    -0.00354187    -0.00000362  0.23D-06  0.16D-05  2  2  1786.61
   3      1.27820590    -0.92179265  -196.70020427    -0.00004110    -0.00000002  0.10D-07  0.53D-08  3  3  1831.89
   4      1.27820662    -0.92179253  -196.70020415     0.00000012    -0.00000000  0.29D-09  0.20D-10  4  4  1897.69

 Norm of t1 vector:      0.04229225      S-energy:    -0.00278613      T1 diagnostic:  0.00031081
 Norm of t2 vector:      0.52575469      P-energy:    -0.91900640
                                         Alpha-Beta:  -0.72267203
                                         Alpha-Alpha: -0.10593670
                                         Beta-Beta:   -0.09039767

 Spin contamination <S**2-Sz**2-Sz>     0.00097406
  Reference energy                   -195.778411623443
  RHF-RMP2 correlation energy          -0.921792528082
 !RHF-RMP2 energy                    -196.700204151525

 Starting UCCSD calculation

 ITER.      SQ.NORM     CORR.ENERGY   TOTAL ENERGY   ENERGY CHANGE        DEN1      VAR(S)    VAR(P)  DIIS     TIME
   1      1.29620665    -0.93911425  -196.71752587    -0.93911425    -0.02406642  0.26D-02  0.57D-02  1  1  3579.78
   2      1.32157072    -0.96457415  -196.74298578    -0.02545990    -0.00145529  0.12D-03  0.44D-03  2  2  5244.75
   3      1.32842016    -0.96848651  -196.74689813    -0.00391236    -0.00015081  0.50D-04  0.37D-04  3  3  6898.95
   4      1.33069425    -0.96944113  -196.74785276    -0.00095463    -0.00002027  0.67D-05  0.56D-05  4  4  8599.07
   5      1.33139814    -0.96960295  -196.74801457    -0.00016182    -0.00000475  0.36D-05  0.79D-06  5  5 10255.98
   6      1.33170577    -0.96964454  -196.74805617    -0.00004159    -0.00000093  0.59D-06  0.18D-06  6  6 11907.93
   7      1.33183245    -0.96965800  -196.74806963    -0.00001346    -0.00000016  0.11D-06  0.26D-07  6  1 13573.68
   8      1.33187418    -0.96966005  -196.74807167    -0.00000205    -0.00000002  0.11D-07  0.49D-08  6  2 15276.45
   9      1.33188204    -0.96965864  -196.74807026     0.00000141    -0.00000000  0.18D-08  0.12D-08  6  4 16951.43
  10      1.33188490    -0.96965905  -196.74807068    -0.00000041    -0.00000000  0.31D-09  0.18D-09  6  3 18601.47

 Norm of t1 vector:      0.09417608      S-energy:    -0.00321324      T1 diagnostic:  0.00999508
                                                                       D1 diagnostic:  0.02745033
 Norm of t2 vector:      0.56834476      P-energy:    -0.96644581
                                         Alpha-Beta:  -0.78198177
                                         Alpha-Alpha: -0.10008349
                                         Beta-Beta:   -0.08438055

 Spin contamination <S**2-Sz**2-Sz>     0.00074933

 Memory could be reduced to 8801.76 Mwords without degradation in triples


 RESULTS
 =======

  Reference energy                   -195.778411623443
  UCCSD singles energy                 -0.003213240385
  UCCSD pair energy                    -0.966445811409
  UCCSD correlation energy             -0.969659051793
  Triples (T) contribution             -0.039454781302
  Total correlation energy             -1.009113833095

  RHF-UCCSD energy                   -196.748070675236
  RHF-UCCSD[T] energy                -196.788389453594
  RHF-UCCSD-T energy                 -196.787182123558
 !RHF-UCCSD(T) energy                -196.787525456538

 Program statistics:

 Available memory in ccsd:             63999997692
 Min. memory needed in ccsd:             491975298
 Max. memory used in ccsd:               717866438
 Max. memory used in cckext:             507977460 (10 integral passes)
 Max. memory used in cckint:            3441458462 ( 1 integral passes)



 **********************************************************************************************************************************
 DATASETS  * FILE   NREC   LENGTH (MB)   RECORD NAMES
              1      18       39.57       500      610      700      900      950      970     1000      129      960     1100   
                                          VAR    BASINP    GEOM    SYMINP    ZMAT    AOBASIS   BASIS     P2S    ABASIS      S 
                                         1400     1410     1200     1210     1080     1600     1650     1700   
                                           T        V       H0       H01     AOSYM     SMH    MOLCAS    OPER   

              2       4       18.07       700     1000      520     2100   
                                         GEOM     BASIS   MCVARS     RHF  

 PROGRAMS   *        TOTAL  UCCSD(T)       RHF       INT
 CPU TIMES  *     65409.11  61867.74   1525.70   2015.31
 REAL TIME  *     91179.46 SEC
 DISK USED  *       670.27 GB      
 SF USED    *       155.97 GB      
 GA USED    *         0.02 MB       (max)       0.00 MB       (current)
 **********************************************************************************************************************************

 UCCSD(T)/O=AVQZ,C=AVQZ,H=VQZ energy=   -196.787525456538

        UCCSD(T)        RHF-SCF 
   -196.78752546   -195.77841162
 **********************************************************************************************************************************
 Molpro calculation terminated
 Variable memory released

 Fortran compiler diagnostic
 ***************************

 integer size                  8
 double precision size         8
 logical size                  8

 diagnostic completed successfully
