
 Primary working directories    : /scratch/saurabh/PBS_8055947.helios
 Secondary working directories  : /scratch/saurabh/PBS_8055947.helios
 Wavefunction directory         : /scratch/saurabh/PBS_8055947.helios/
 Main file repository           : /scratch/saurabh/PBS_8055947.helios/

 SHA1      : f6387f0c468d0184d0b38d85973bdb066f718752
 NAME      : 2015.1.44
 ARCHNAME  : linux/x86_64
 FC        : /opt/may/bin/gfortran
 BLASLIB   : -Wl,-_start-group /opt/intel/mkl/lib/intel64/libmkl_gf_ilp64.a /opt/intel/mkl/lib/intel64/libmkl_gnu_thread.a /opt/intel/mkl/lib/intel64/libmkl_core.a -Wl,-_end-group
 id        : ramakrishnan

 Nodes             nprocs
 hel07.tifrh.res.in    8

 Using DEFAULT tuning parameter for ncache   :   16384
 Using DEFAULT tuning parameter for mflopdgm :   10000
 Using DEFAULT tuning parameter for mflopdgv :    4000
 Using DEFAULT tuning parameter for mflopmxm :    5000
 Using DEFAULT tuning parameter for mflopmxv :    4000
 Using DEFAULT tuning parameter for mindgm   :       1
 Using DEFAULT tuning parameter for mindgc   :       4
 Using DEFAULT tuning parameter for mindgf   :    5000
 Using DEFAULT tuning parameter for mindgl   :       4
 Using DEFAULT tuning parameter for mindgr   :       1
 Using DEFAULT tuning parameter for mindgv   :      20
 Using DEFAULT tuning parameter for mincuda  :     500
 Using DEFAULT tuning parameter for mxmblk   :      64
 Using DEFAULT tuning parameter for mxmbln   :      64
 Using DEFAULT tuning parameter for nroll    :       2
 Using custom tuning parameter for ngpus     :       0
 Using customized tuning parameters: mindgm=1; mindgv=20; mindgc=4; mindgr=1; noblas=0; minvec=7
 default implementation of scratch files=sf  

 ***,Mol_03
 memory,64,g
 geometry={
 C  -1.090901  0.819175   1.235392
 C  -0.757997  -0.072705  0.030108
 C  -1.979130  -0.139922  -0.922839
 C  -0.409571  -1.456614  0.477090
 C  0.398603   0.558631   -0.783508
 H  -1.402166  1.813394   0.910178
 H  -0.224900  0.936204   1.886051
 H  -1.904533  0.387887   1.820486
 H  0.624035   -0.036070  -1.671569
 H  0.107767   1.564181   -1.099818
 H  1.928120   -0.930355  0.721946
 H  -0.066123  -2.188790  -0.242015
 H  -0.701939  -1.812020  1.455955
 H  -2.242816  0.858228   -1.280755
 H  -2.845019  -0.553635  -0.406297
 H  -1.771207  -0.769336  -1.789165
 O  1.593985   0.772145   -0.046966
 O  2.347610   -0.462281  -0.018341
  }
 basis={
                                                                            ! oxygen               (10s,5p,4d,2f) -&gt; [10s,5p,4d,2f]
 s, O , 0.1533000000E+05, 0.2299000000E+04, 0.5224000000E+03, 0.1473000000E+03, 0.4755000000E+02, 0.1676000000E+02, 0.6207000000E+01, 0.1752000000E+01, 0.6882000000E+00, 0.2384000000E+00
 c, 1.1, 0.1000000000E+01
 c, 2.2, 0.1000000000E+01
 c, 3.3, 0.1000000000E+01
 c, 4.4, 0.1000000000E+01
 c, 5.5, 0.1000000000E+01
 c, 6.6, 0.1000000000E+01
 c, 7.7, 0.1000000000E+01
 c, 8.8, 0.1000000000E+01
 c, 9.9, 0.1000000000E+01
 c, 10.10, 0.1000000000E+01
 p, O , 0.3446000000E+02, 0.7749000000E+01, 0.2280000000E+01, 0.7156000000E+00, 0.2140000000E+00
 c, 1.1, 0.1000000000E+01
 c, 2.2, 0.1000000000E+01
 c, 3.3, 0.1000000000E+01
 c, 4.4, 0.1000000000E+01
 c, 5.5, 0.1000000000E+01
 d, O , 0.2100000000E+02, 0.7000000000E+01, 0.2314000000E+01, 0.6450000000E+00
 c, 1.1, 0.1000000000E+01
 c, 2.2, 0.1000000000E+01
 c, 3.3, 0.1000000000E+01
 c, 4.4, 0.1000000000E+01
 f, O , 0.4300000000E+01, 0.1428000000E+01
 c, 1.1, 0.1000000000E+01
 c, 2.2, 0.1000000000E+01
                                                                                 ! hydrogen             (5s,2p,1d) -&gt; [5s,2p,1d]
 s, H , 0.3387000000E+02, 0.5095000000E+01, 0.1159000000E+01, 0.3258000000E+00, 0.1027000000E+00
 c, 1.1, 0.1000000000E+01
 c, 2.2, 0.1000000000E+01
 c, 3.3, 0.1000000000E+01
 c, 4.4, 0.1000000000E+01
 c, 5.5, 0.1000000000E+01
 p, H , 0.1407000000E+01, 0.3880000000E+00
 c, 1.1, 0.1000000000E+01
 c, 2.2, 0.1000000000E+01
 d, H , 0.1057000000E+01
 c, 1.1, 0.1000000000E+01
                                                                            ! carbon               (10s,5p,4d,2f) -&gt; [10s,5p,4d,2f]
 s, C , 0.8236000000E+04, 0.1235000000E+04, 0.2808000000E+03, 0.7927000000E+02, 0.2559000000E+02, 0.8997000000E+01, 0.3319000000E+01, 0.9059000000E+00, 0.3643000000E+00, 0.1285000000E+00
 c, 1.1, 0.1000000000E+01
 c, 2.2, 0.1000000000E+01
 c, 3.3, 0.1000000000E+01
 c, 4.4, 0.1000000000E+01
 c, 5.5, 0.1000000000E+01
 c, 6.6, 0.1000000000E+01
 c, 7.7, 0.1000000000E+01
 c, 8.8, 0.1000000000E+01
 c, 9.9, 0.1000000000E+01
 c, 10.10, 0.1000000000E+01
 p, C , 0.1871000000E+02, 0.4133000000E+01, 0.1200000000E+01, 0.3827000000E+00, 0.1209000000E+00
 c, 1.1, 0.1000000000E+01
 c, 2.2, 0.1000000000E+01
 c, 3.3, 0.1000000000E+01
 c, 4.4, 0.1000000000E+01
 c, 5.5, 0.1000000000E+01
 d, C , 0.1000000000E+02, 0.3300000000E+01, 0.1097000000E+01, 0.3180000000E+00
 c, 1.1, 0.1000000000E+01
 c, 2.2, 0.1000000000E+01
 c, 3.3, 0.1000000000E+01
 c, 4.4, 0.1000000000E+01
 f, C , 0.2300000000E+01, 0.7610000000E+00
 c, 1.1, 0.1000000000E+01
 c, 2.2, 0.1000000000E+01
 }
 DKROLL=1
 DKHO=2
 {rhf
 wf,57,1,1
 }
 {uccsd(t)
 core}
 

 Fortran compiler diagnostic
 ***************************

 integer size                  8
 double precision size         8
 logical size                  8

 diagnostic completed successfully

 Variables initialized (889), CPU time= 0.02 sec
 Commands  initialized (702), CPU time= 0.01 sec, 572 directives.
 Default parameters read. Elapsed time= 0.10 sec

 Using DEFAULT tuning parameter for mpplat   :       3
 Using DEFAULT tuning parameter for mppspeed :    1600
 Checking input...
 Passed
1


                                         ***  PROGRAM SYSTEM MOLPRO  ***
                                       Copyright, TTI GmbH Stuttgart, 2015
                                    Version 2015.1 linked Jun  9 2019 06:55:40


 **********************************************************************************************************************************
 LABEL *   Mol_03                                                                        
  64 bit mpp version                                                                     DATE: 18-Sep-21          TIME: 10:36:27  
 **********************************************************************************************************************************

 SHA1:             f6387f0c468d0184d0b38d85973bdb066f718752
 **********************************************************************************************************************************

Geometry recognized as XYZ


 Variable memory set to ********** words,  buffer space   230000 words

 SETTING BASIS          =    USERDEF
 SETTING DKROLL         =         1.00000000                                  
 SETTING DKHO           =         2.00000000                                  


 Recomputing integrals since basis changed


 Using spherical harmonics



 PROGRAM * SEWARD (Integral evaluation for generally contracted gaussian basis sets)     Author: Roland Lindh, 1990

 Geometry written to block  1 of record 700


 Point group  C1  



 ATOMIC COORDINATES

 NR  ATOM    CHARGE       X              Y              Z

   1  C       6.00   -2.061504119    1.548016398    2.334552536
   2  C       6.00   -1.432406733   -0.137392538    0.056895874
   3  C       6.00   -3.740013665   -0.264414259   -1.743912967
   4  C       6.00   -0.773977019   -2.752601529    0.901569437
   5  C       6.00    0.753250502    1.055659595   -1.480615536
   6  H       1.00   -2.649709721    3.426818016    1.719987145
   7  H       1.00   -0.424999405    1.769169157    3.564119847
   8  H       1.00   -3.599045765    0.733000197    3.440219954
   9  H       1.00    1.179255242   -0.068162421   -3.158807608
  10  H       1.00    0.203650115    2.955873699   -2.078354807
  11  H       1.00    3.643618735   -1.758116149    1.364280217
  12  H       1.00   -0.124954361   -4.136213644   -0.457342068
  13  H       1.00   -1.326472466   -3.424221532    2.751356200
  14  H       1.00   -4.238307988    1.621815872   -2.420276183
  15  H       1.00   -5.376306729   -1.046218523   -0.767790055
  16  H       1.00   -3.347096140   -1.453834338   -3.381031842
  17  O       8.00    3.012195097    1.459142578   -0.088752877
  18  O       8.00    4.436339947   -0.873584483   -0.034659467

 Bond lengths in Bohr (Angstrom)

 1-2  2.902427721  1-6  2.062418961  1-7  2.058856962  1-8  2.061743475  2-3  2.929862924
     ( 1.535898606)     ( 1.091385114)     ( 1.089500185)     ( 1.091027662)     ( 1.550416690)

  2- 4  2.826007994   2- 5  2.926501714   3-14  2.064855574   3-15  2.059487518   3-16  2.061373939
       ( 1.495459029)       ( 1.548638015)       ( 1.092674513)       ( 1.089833861)       ( 1.090832112)

  4-12  2.045055836   4-13  2.044024392   5- 9  2.064166803   5-10  2.066438110   5-17  2.683823925
       ( 1.082196944)       ( 1.081651127)       ( 1.092310032)       ( 1.093511956)       ( 1.420218459)

 11-18  1.835166321  17-18  2.733629491
       ( 0.971128195)       ( 1.446574430)

 Bond angles

  1-2-3  109.68165281   1-2-4  110.69055860   1-2-5  109.72049340   2-1-6  110.91411090

  2- 1- 7  111.02311742   2- 1- 8  110.66667103   2- 3-14  110.59721025   2- 3-15  110.54318741

  2- 3-16  111.28625117   2- 4-12  120.09462448   2- 4-13  120.76921719   2- 5- 9  111.05829561

  2- 5-10  109.16035473   2- 5-17  114.67296055   3- 2- 4  109.09267882   3- 2- 5  106.43867238

  4- 2- 5  111.11772207   5-17-18  108.69123024   6- 1- 7  107.86658219   6- 1- 8  107.89196829

  7- 1- 8  108.35827841   9- 5-10  108.68507469   9- 5-17  109.25541989  10- 5-17  103.62865694

 11-18-17  101.61578722  12- 4-13  117.69861154  14- 3-15  108.07669225  14- 3-16  108.23665990

 15- 3-16  107.98823771

 NUCLEAR CHARGE:                   57
 NUMBER OF PRIMITIVE AOS:         670
 NUMBER OF SYMMETRY AOS:          589
 NUMBER OF CONTRACTIONS:          589   ( 589A   )
 NUMBER OF CORE ORBITALS:           7   (   7A   )
 NUMBER OF VALENCE ORBITALS:       39   (  39A   )


 NUCLEAR REPULSION ENERGY  332.38378786

 One-electron integrals computed with SEWARD

 2nd-order Douglas-Kroll-Hess method activated. Optimal DKH parametrization is used.

 Computing Douglas-Kroll / X2C integrals

 AO integral compression algorithm  1   Integral accuracy      1.0D-11

     21720.203 MB (compressed) written to integral file ( 17.4%)

     Node minimum: 2597.585 MB, node maximum: 2980.839 MB


 NUMBER OF SORTED TWO-ELECTRON INTEGRALS: 1886946720.     BUFFER LENGTH:  32768
 NUMBER OF SEGMENTS:  60  SEGMENT LENGTH:   31996696      RECORD LENGTH: 524288

 Memory used in sort:      32.55 MW

 SORT1 READ 15639384736. AND WROTE   726267433. INTEGRALS IN   2109 RECORDS. CPU TIME:   377.59 SEC, REAL TIME:   396.60 SEC
 SORT2 READ  5774551389. AND WROTE 15095486890. INTEGRALS IN  80688 RECORDS. CPU TIME:    30.09 SEC, REAL TIME:   557.72 SEC

 Node minimum:  1886859844.  Node maximum:  1887011880. integrals

 OPERATOR DM      FOR CENTER  0  COORDINATES:    0.000000    0.000000    0.000000


 Eigenvalues of metric

         1 0.344E-03 0.392E-03 0.450E-03 0.554E-03 0.837E-03 0.855E-03 0.100E-02 0.106E-02


 **********************************************************************************************************************************
 DATASETS  * FILE   NREC   LENGTH (MB)   RECORD NAMES
              1      22       42.58       500      610      700      900      950      970     1000      129      960     1700   
                                          VAR    BASINP    GEOM    SYMINP    ZMAT    AOBASIS   BASIS     P2S    ABASIS    OPER   
                                         1101     1401     1411     1412     1650     1100     1400     1410     1200     1210   
                                          SR      EKINR    POTR     PVPR    MOLCAS      S      EKIN      POT      H0       H01  
                                         1080     1600   
                                         AOSYM     SMH  

 PROGRAMS   *        TOTAL       INT
 CPU TIMES  *       471.52    471.32
 REAL TIME  *      1068.47 SEC
 DISK USED  *        90.10 GB      
 GA USED    *         0.02 MB       (max)       0.00 MB       (current)
 **********************************************************************************************************************************


 PROGRAM * RHF-SCF (OPEN SHELL)       Authors: W. Meyer, H.-J. Werner


 NUMBER OF ELECTRONS:      29+   28-    SPACE SYMMETRY=1    SPIN SYMMETRY: Doublet 
 CONVERGENCE THRESHOLDS:    1.00E-05 (Density)    1.14E-07 (Energy)
 MAX. NUMBER OF ITERATIONS:       60
 INTERPOLATION TYPE:            DIIS
 INTERPOLATION STEPS:              2 (START)      1 (STEP)
 LEVEL SHIFTS:                 -0.60 (CLOSED) -0.30 (OPEN) 



 Orbital guess generated from atomic densities. Full valence occupancy:   29

 Molecular orbital dump at record        2100.2

 Initial alpha occupancy:  29
 Initial beta  occupancy:  28
 Wave function symmetry:    1

 ITERATION    DDIFF          GRAD             ENERGY        2-EL.EN.            DIPOLE MOMENTS         DIIS   ORB.
    1      0.000D+00      0.000D+00      -345.50360170    905.437485   -1.23604   -0.27104    0.04922    0    start
    2      0.000D+00      0.214D-02      -345.58447300    904.689934   -1.16899   -0.35565    0.06159    1    diag,B
    3      0.484D-03      0.765D-03      -345.60309437    904.651112   -1.09627   -0.35338    0.07667    2    diag,B
    4      0.265D-03      0.342D-03      -345.60898758    904.682499   -1.05825   -0.37558    0.08434    3    diag,B
    5      0.204D-03      0.114D-03      -345.60976201    904.673108   -1.05105   -0.37687    0.09443    4    diag,B
    6      0.872D-04      0.466D-04      -345.60992414    904.663614   -1.04767   -0.38111    0.09899    5    diag,B
    7      0.554D-04      0.171D-04      -345.60994849    904.656999   -1.04639   -0.38129    0.10135    6    fixocc
    8      0.269D-04      0.568D-05      -345.60995110    904.655701   -1.04580   -0.38108    0.10215    7    diag,B
    9      0.935D-05      0.196D-05      -345.60995143    904.655491   -1.04563   -0.38080    0.10236    8    diag,B
   10      0.391D-05      0.727D-06      -345.60995148    904.655480   -1.04559   -0.38067    0.10241    9    orth
   11      0.169D-05      0.287D-06      -345.60995149    904.655474   -1.04559   -0.38063    0.10241    0    orth

 Final alpha occupancy:  29
 Final beta  occupancy:  28

 !RHF STATE 1.1 Energy               -345.609951486965
 Nuclear energy                       332.38378786
 One-electron energy                -1130.32147644
 Two-electron energy                  452.32773710
 Virial quotient                       -0.99752158
 !RHF STATE 1.1 Dipole moment          -1.04558989    -0.38063473     0.10240857
 Dipole moment /Debye                  -2.65745035    -0.96741361     0.26027958

 Orbital energies:

         1.1          2.1          3.1          4.1          5.1          6.1          7.1          8.1          9.1         10.1
    -20.629363   -20.627059   -11.284026   -11.254224   -11.234556   -11.228749   -11.222089    -1.467607    -1.223219    -1.105993

        11.1         12.1         13.1         14.1         15.1         16.1         17.1         18.1         19.1         20.1
     -0.943045    -0.920188    -0.905878    -0.750407    -0.716550    -0.664436    -0.648937    -0.610291    -0.600883    -0.598915

        21.1         22.1         23.1         24.1         25.1         26.1         27.1         28.1         29.1         30.1
     -0.550496    -0.538895    -0.526733    -0.515122    -0.491284    -0.480284    -0.471502    -0.436439    -0.371659     0.130183

        31.1
      0.167930

 HOMO     29.1    -0.371659 =     -10.1134eV
 LUMO     30.1     0.130183 =       3.5425eV
 LUMO-HOMO         0.501842 =      13.6558eV


 **********************************************************************************************************************************
 DATASETS  * FILE   NREC   LENGTH (MB)   RECORD NAMES
              1      22       42.58       500      610      700      900      950      970     1000      129      960     1700   
                                          VAR    BASINP    GEOM    SYMINP    ZMAT    AOBASIS   BASIS     P2S    ABASIS    OPER   
                                         1101     1401     1411     1412     1650     1100     1400     1410     1200     1210   
                                          SR      EKINR    POTR     PVPR    MOLCAS      S      EKIN      POT      H0       H01  
                                         1080     1600   
                                         AOSYM     SMH  

              2       4       12.85       700     1000      520     2100   
                                         GEOM     BASIS   MCVARS     RHF  

 PROGRAMS   *        TOTAL       RHF       INT
 CPU TIMES  *       688.43    216.91    471.32
 REAL TIME  *      1340.33 SEC
 DISK USED  *        90.95 GB      
 SF USED    *         1.39 MB      
 GA USED    *         0.02 MB       (max)       0.00 MB       (current)
 **********************************************************************************************************************************


 PROGRAM * CCSD (Unrestricted open-shell coupled cluster)     Authors: C. Hampel, H.-J. Werner, 1991, M. Deegan, P.J. Knowles, 1992


 Convergence thresholds:  THRVAR = 1.00D-08  THRDEN = 1.14D-06

 CCSD(T)     terms to be evaluated (factor= 1.000)


 Number of closed-shell orbitals:  28 (  28 )
 Number of active  orbitals:        1 (   1 )
 Number of external orbitals:     560 ( 560 )

 Memory could be reduced to 7571.91 Mwords without degradation in triples

 Number of N-1 electron functions:              57
 Number of N-2 electron functions:            1596
 Number of singly external CSFs:             31977
 Number of doubly external CSFs:         378704172
 Total number of CSFs:                   378736149

 Molecular orbitals read from record     2100.2  Type=RHF/CANONICAL (state 1.1)

 Integral transformation finished. Total CPU:1163.72 sec, npass=  1  Memory used:3317.45 MW

 Starting RMP2 calculation

 ITER.      SQ.NORM     CORR.ENERGY   TOTAL ENERGY   ENERGY CHANGE        DEN1      VAR(S)    VAR(P)  DIIS     TIME
   1      1.39126736    -1.72300050  -347.33295199    -1.72300050    -0.00454928  0.13D-04  0.17D-02  1  1  1293.77
   2      1.39518730    -1.72787403  -347.33782552    -0.00487353    -0.00000508  0.26D-06  0.21D-05  2  2  1407.38
   3      1.39527976    -1.72794072  -347.33789221    -0.00006669    -0.00000003  0.12D-07  0.75D-08  3  3  1518.31
   4      1.39528075    -1.72794046  -347.33789195     0.00000026    -0.00000000  0.37D-09  0.28D-10  4  4  1634.01

 Norm of t1 vector:      0.04221077      S-energy:    -0.00282031      T1 diagnostic:  0.00024643
 Norm of t2 vector:      0.62729498      P-energy:    -1.72512015
                                         Alpha-Beta:  -1.36351035
                                         Alpha-Alpha: -0.18893029
                                         Beta-Beta:   -0.17267951

 Spin contamination <S**2-Sz**2-Sz>     0.00067337
  Reference energy                   -345.609951486965
  RHF-RMP2 correlation energy          -1.727940462090
 !RHF-RMP2 energy                    -347.337891949056

 Starting UCCSD calculation

 ITER.      SQ.NORM     CORR.ENERGY   TOTAL ENERGY   ENERGY CHANGE        DEN1      VAR(S)    VAR(P)  DIIS     TIME
   1      1.40446696    -1.74172985  -347.35168133    -1.74172985    -0.03976536  0.55D-02  0.73D-02  0  0  4824.55
   2      1.43450804    -1.77711224  -347.38706373    -0.03538239    -0.00361762  0.28D-03  0.11D-02  1  1  8060.59
   3      1.44665076    -1.78462165  -347.39457313    -0.00750941    -0.00046990  0.16D-03  0.10D-03  2  2 11463.62
   4      1.45286451    -1.78858956  -347.39854105    -0.00396792    -0.00006029  0.20D-04  0.16D-04  3  3 14794.77
   5      1.45466597    -1.78888746  -347.39883895    -0.00029790    -0.00001384  0.11D-04  0.17D-05  4  4 18223.43
   6      1.45526543    -1.78891987  -347.39887136    -0.00003241    -0.00000419  0.28D-05  0.73D-06  5  5 21638.70
   7      1.45575327    -1.78898640  -347.39893789    -0.00006653    -0.00000087  0.70D-06  0.12D-06  6  6 25001.23
   8      1.45587969    -1.78899904  -347.39895052    -0.00001263    -0.00000021  0.13D-06  0.38D-07  6  1 28352.31
   9      1.45595280    -1.78900178  -347.39895327    -0.00000274    -0.00000006  0.41D-07  0.86D-08  6  2 31559.27
  10      1.45597301    -1.78900573  -347.39895722    -0.00000395    -0.00000001  0.66D-08  0.19D-08  6  3 35169.34
  11      1.45597726    -1.78900457  -347.39895605     0.00000117    -0.00000000  0.14D-08  0.39D-09  6  4 38404.78
  12      1.45597915    -1.78900431  -347.39895580     0.00000025    -0.00000000  0.26D-09  0.90D-10  6  5 41611.51

 Norm of t1 vector:      0.12438074      S-energy:    -0.00326175      T1 diagnostic:  0.01056659
                                                                       D1 diagnostic:  0.03599590
 Norm of t2 vector:      0.66370821      P-energy:    -1.78574256
                                         Alpha-Beta:  -1.45272796
                                         Alpha-Alpha: -0.17469892
                                         Beta-Beta:   -0.15831568

 Spin contamination <S**2-Sz**2-Sz>     0.00066668

 Memory could be reduced to 8108.10 Mwords without degradation in triples


  Correlated core orbitals:             1.1       2.1       3.1       4.1       5.1       6.1       7.1
  Orbital energies:                   -20.6294  -20.6273  -11.2843  -11.2543  -11.2436  -11.2293  -11.2221

  UCCSD core-core energy               -0.258744616861
  UCCSD core-valence energy            -0.103696763004
  UCCSD valence correlation energy     -1.426562934828


 RESULTS
 =======

  Reference energy                   -345.609951486965
  UCCSD singles energy                 -0.003261749703
  UCCSD pair energy                    -1.785742564990
  UCCSD correlation energy             -1.789004314693
  Triples (T) contribution             -0.063227783495
  Total correlation energy             -1.852232098188

  RHF-UCCSD energy                   -347.398955801658
  RHF-UCCSD[T] energy                -347.464182109723
  RHF-UCCSD-T energy                 -347.461316749313
 !RHF-UCCSD(T) energy                -347.462183585153

 Program statistics:

 Available memory in ccsd:             63999992882
 Min. memory needed in ccsd:            1030333109
 Max. memory used in ccsd:              1522599654
 Max. memory used in cckext:            1124531452 (12 integral passes)
 Max. memory used in cckint:            3317452098 ( 1 integral passes)



 **********************************************************************************************************************************
 DATASETS  * FILE   NREC   LENGTH (MB)   RECORD NAMES
              1      22       42.58       500      610      700      900      950      970     1000      129      960     1700   
                                          VAR    BASINP    GEOM    SYMINP    ZMAT    AOBASIS   BASIS     P2S    ABASIS    OPER   
                                         1101     1401     1411     1412     1650     1100     1400     1410     1200     1210   
                                          SR      EKINR    POTR     PVPR    MOLCAS      S      EKIN      POT      H0       H01  
                                         1080     1600   
                                         AOSYM     SMH  

              2       4       12.85       700     1000      520     2100   
                                         GEOM     BASIS   MCVARS     RHF  

 PROGRAMS   *        TOTAL  UCCSD(T)       RHF       INT
 CPU TIMES  *    147809.65 147121.14    216.91    471.32
 REAL TIME  *    212035.84 SEC
 DISK USED  *       476.34 GB      
 SF USED    *       161.71 GB      
 GA USED    *         0.02 MB       (max)       0.00 MB       (current)
 **********************************************************************************************************************************

 UCCSD(T)/USERDEF energy=   -347.462183585153

        UCCSD(T)        RHF-SCF 
   -347.46218359   -345.60995149
 **********************************************************************************************************************************
 Molpro calculation terminated
 Variable memory released

 Fortran compiler diagnostic
 ***************************

 integer size                  8
 double precision size         8
 logical size                  8

 diagnostic completed successfully
