
 Primary working directories    : /scratch/saurabh/PBS_8055644.helios
 Secondary working directories  : /scratch/saurabh/PBS_8055644.helios
 Wavefunction directory         : /scratch/saurabh/PBS_8055644.helios/
 Main file repository           : /scratch/saurabh/PBS_8055644.helios/

 SHA1      : f6387f0c468d0184d0b38d85973bdb066f718752
 NAME      : 2015.1.44
 ARCHNAME  : linux/x86_64
 FC        : /opt/may/bin/gfortran
 BLASLIB   : -Wl,-_start-group /opt/intel/mkl/lib/intel64/libmkl_gf_ilp64.a /opt/intel/mkl/lib/intel64/libmkl_gnu_thread.a /opt/intel/mkl/lib/intel64/libmkl_core.a -Wl,-_end-group
 id        : ramakrishnan

 Nodes             nprocs
 hel01.tifrh.res.in    8

 Using DEFAULT tuning parameter for ncache   :   16384
 Using DEFAULT tuning parameter for mflopdgm :   10000
 Using DEFAULT tuning parameter for mflopdgv :    4000
 Using DEFAULT tuning parameter for mflopmxm :    5000
 Using DEFAULT tuning parameter for mflopmxv :    4000
 Using DEFAULT tuning parameter for mindgm   :       1
 Using DEFAULT tuning parameter for mindgc   :       4
 Using DEFAULT tuning parameter for mindgf   :    5000
 Using DEFAULT tuning parameter for mindgl   :       4
 Using DEFAULT tuning parameter for mindgr   :       1
 Using DEFAULT tuning parameter for mindgv   :      20
 Using DEFAULT tuning parameter for mincuda  :     500
 Using DEFAULT tuning parameter for mxmblk   :      64
 Using DEFAULT tuning parameter for mxmbln   :      64
 Using DEFAULT tuning parameter for nroll    :       2
 Using custom tuning parameter for ngpus     :       0
 Using customized tuning parameters: mindgm=1; mindgv=20; mindgc=4; mindgr=1; noblas=0; minvec=7
 default implementation of scratch files=sf  

 ***,Mol_01
 memory,25,g
 geometry={
 C  -0.000005  1.320684   -0.753285
 C  0.000000   -0.001686  0.054897
 C  1.258699   -0.808909  -0.308833
 C  -1.258695  -0.808916  -0.308832
 C  -0.000000  0.314303   1.517295
 H  0.882453   1.919408   -0.523874
 H  -0.882466  1.919403   -0.523873
 H  -0.000004  1.112215   -1.826312
 H  0.926270   0.515943   2.038541
 H  -0.926271  0.515943   2.038541
 H  -2.164819  -0.254131  -0.058074
 H  -1.284921  -1.756526  0.231099
 H  -1.284964  -1.027242  -1.378262
 H  2.164820   -0.254117  -0.058076
 H  1.284969   -1.027234  -1.378263
 H  1.284933   -1.756518  0.231098
  }
 basis={
                                                                            ! oxygen               (10s,5p,4d,2f) -&gt; [10s,5p,4d,2f]
 s, O , 0.1533000000E+05, 0.2299000000E+04, 0.5224000000E+03, 0.1473000000E+03, 0.4755000000E+02, 0.1676000000E+02, 0.6207000000E+01, 0.1752000000E+01, 0.6882000000E+00, 0.2384000000E+00
 c, 1.1, 0.1000000000E+01
 c, 2.2, 0.1000000000E+01
 c, 3.3, 0.1000000000E+01
 c, 4.4, 0.1000000000E+01
 c, 5.5, 0.1000000000E+01
 c, 6.6, 0.1000000000E+01
 c, 7.7, 0.1000000000E+01
 c, 8.8, 0.1000000000E+01
 c, 9.9, 0.1000000000E+01
 c, 10.10, 0.1000000000E+01
 p, O , 0.3446000000E+02, 0.7749000000E+01, 0.2280000000E+01, 0.7156000000E+00, 0.2140000000E+00
 c, 1.1, 0.1000000000E+01
 c, 2.2, 0.1000000000E+01
 c, 3.3, 0.1000000000E+01
 c, 4.4, 0.1000000000E+01
 c, 5.5, 0.1000000000E+01
 d, O , 0.2100000000E+02, 0.7000000000E+01, 0.2314000000E+01, 0.6450000000E+00
 c, 1.1, 0.1000000000E+01
 c, 2.2, 0.1000000000E+01
 c, 3.3, 0.1000000000E+01
 c, 4.4, 0.1000000000E+01
 f, O , 0.4300000000E+01, 0.1428000000E+01
 c, 1.1, 0.1000000000E+01
 c, 2.2, 0.1000000000E+01
                                                                                 ! hydrogen             (5s,2p,1d) -&gt; [5s,2p,1d]
 s, H , 0.3387000000E+02, 0.5095000000E+01, 0.1159000000E+01, 0.3258000000E+00, 0.1027000000E+00
 c, 1.1, 0.1000000000E+01
 c, 2.2, 0.1000000000E+01
 c, 3.3, 0.1000000000E+01
 c, 4.4, 0.1000000000E+01
 c, 5.5, 0.1000000000E+01
 p, H , 0.1407000000E+01, 0.3880000000E+00
 c, 1.1, 0.1000000000E+01
 c, 2.2, 0.1000000000E+01
 d, H , 0.1057000000E+01
 c, 1.1, 0.1000000000E+01
                                                                            ! carbon               (10s,5p,4d,2f) -&gt; [10s,5p,4d,2f]
 s, C , 0.8236000000E+04, 0.1235000000E+04, 0.2808000000E+03, 0.7927000000E+02, 0.2559000000E+02, 0.8997000000E+01, 0.3319000000E+01, 0.9059000000E+00, 0.3643000000E+00, 0.1285000000E+00
 c, 1.1, 0.1000000000E+01
 c, 2.2, 0.1000000000E+01
 c, 3.3, 0.1000000000E+01
 c, 4.4, 0.1000000000E+01
 c, 5.5, 0.1000000000E+01
 c, 6.6, 0.1000000000E+01
 c, 7.7, 0.1000000000E+01
 c, 8.8, 0.1000000000E+01
 c, 9.9, 0.1000000000E+01
 c, 10.10, 0.1000000000E+01
 p, C , 0.1871000000E+02, 0.4133000000E+01, 0.1200000000E+01, 0.3827000000E+00, 0.1209000000E+00
 c, 1.1, 0.1000000000E+01
 c, 2.2, 0.1000000000E+01
 c, 3.3, 0.1000000000E+01
 c, 4.4, 0.1000000000E+01
 c, 5.5, 0.1000000000E+01
 d, C , 0.1000000000E+02, 0.3300000000E+01, 0.1097000000E+01, 0.3180000000E+00
 c, 1.1, 0.1000000000E+01
 c, 2.2, 0.1000000000E+01
 c, 3.3, 0.1000000000E+01
 c, 4.4, 0.1000000000E+01
 f, C , 0.2300000000E+01, 0.7610000000E+00
 c, 1.1, 0.1000000000E+01
 c, 2.2, 0.1000000000E+01
 }
 {rhf
 wf,41,1,1
 }
 uccsd(t);
 

 Fortran compiler diagnostic
 ***************************

 integer size                  8
 double precision size         8
 logical size                  8

 diagnostic completed successfully

 Variables initialized (889), CPU time= 0.01 sec
 Commands  initialized (702), CPU time= 0.01 sec, 572 directives.
 Default parameters read. Elapsed time= 0.09 sec

 Using DEFAULT tuning parameter for mpplat   :       3
 Using DEFAULT tuning parameter for mppspeed :    1600
 Checking input...
 Passed
1


                                         ***  PROGRAM SYSTEM MOLPRO  ***
                                       Copyright, TTI GmbH Stuttgart, 2015
                                    Version 2015.1 linked Jun  9 2019 06:55:40


 **********************************************************************************************************************************
 LABEL *   Mol_01                                                                        
  64 bit mpp version                                                                     DATE: 15-Apr-22          TIME: 22:44:47  
 **********************************************************************************************************************************

 SHA1:             f6387f0c468d0184d0b38d85973bdb066f718752
 **********************************************************************************************************************************

Geometry recognized as XYZ


 Variable memory set to ********** words,  buffer space   230000 words

 SETTING BASIS          =    USERDEF


 Recomputing integrals since basis changed


 Using spherical harmonics



 PROGRAM * SEWARD (Integral evaluation for generally contracted gaussian basis sets)     Author: Roland Lindh, 1990

 Geometry written to block  1 of record 700


 Point group  C1  



 ATOMIC COORDINATES

 NR  ATOM    CHARGE       X              Y              Z

   1  C       6.00   -0.000009449    2.495731057   -1.423502344
   2  C       6.00    0.000000000   -0.003186078    0.103740295
   3  C       6.00    2.378596383   -1.528616470   -0.583609788
   4  C       6.00   -2.378588824   -1.528629698   -0.583607899
   5  C       6.00   -0.000000000    0.593946590    2.867272000
   6  H       1.00    1.667594488    3.627155441   -0.989978384
   7  H       1.00   -1.667619054    3.627145993   -0.989976494
   8  H       1.00   -0.000007559    2.101781742   -3.451229498
   9  H       1.00    1.750396617    0.974990966    3.852284184
  10  H       1.00   -1.750398507    0.974990966    3.852284184
  11  H       1.00   -4.090915019   -0.480237990   -0.109743955
  12  H       1.00   -2.428148782   -3.319353071    0.436713818
  13  H       1.00   -2.428230040   -1.941206044   -2.604537708
  14  H       1.00    4.090916909   -0.480211534   -0.109747734
  15  H       1.00    2.428239489   -1.941190926   -2.604539598
  16  H       1.00    2.428171458   -3.319337953    0.436711928

 Bond lengths in Bohr (Angstrom)

 1-2  2.928661286  1-6  2.061302270  1-7  2.061302068  1-8  2.065641178  2-3  2.908110859
     ( 1.549780811)     ( 1.090794186)     ( 1.090794079)     ( 1.093090237)     ( 1.538905994)

  2- 4  2.908111169   2- 5  2.827308775   3-14  2.062944434   3-15  2.063210948   3-16  2.061600719
       ( 1.538906157)       ( 1.496147372)       ( 1.091663182)       ( 1.091804215)       ( 1.090952118)

  4-11  2.062942851   4-12  2.061601997   4-13  2.063211280   5- 9  2.044341492   5-10  2.044343110
       ( 1.091662344)       ( 1.090952795)       ( 1.091804391)       ( 1.081818929)       ( 1.081819785)

 Bond angles

  1-2-3  108.92441405   1-2-4  108.92434790   1-2-5  109.23888982   2-1-6  111.01838153

  2- 1- 7  111.01843469   2- 1- 8  110.43714971   2- 3-14  110.97949090   2- 3-15  110.85989854

  2- 3-16  110.99668081   2- 4-11  110.97957138   2- 4-12  110.99658464   2- 4-13  110.85988914

  2- 5- 9  120.68520111   2- 5-10  120.68517420   3- 2- 4  109.75357857   3- 2- 5  109.98713348

  4-2-5  109.98715111   6-1-7  107.99794631   6-1-8  108.12769973   7-1-8  108.12779236

  9- 5-10  117.78855669  11- 4-12  107.92612864  11- 4-13  107.85738926  12- 4-13  108.08950902

 14- 3-15  107.85733145  14- 3-16  107.92609801  15- 3-16  108.08957067

 NUCLEAR CHARGE:                   41
 NUMBER OF PRIMITIVE AOS:         532
 NUMBER OF SYMMETRY AOS:          471
 NUMBER OF CONTRACTIONS:          471   ( 471A   )
 NUMBER OF CORE ORBITALS:           5   (   5A   )
 NUMBER OF VALENCE ORBITALS:       31   (  31A   )


 NUCLEAR REPULSION ENERGY  188.79882503


 Eigenvalues of metric

         1 0.406E-03 0.482E-03 0.485E-03 0.611E-03 0.893E-03 0.945E-03 0.107E-02 0.114E-02


 Contracted 2-electron integrals neglected if value below      1.0D-11
 AO integral compression algorithm  1   Integral accuracy      1.0D-11

     11885.347 MB (compressed) written to integral file ( 22.6%)

     Node minimum: 1401.422 MB, node maximum: 1543.504 MB


 NUMBER OF SORTED TWO-ELECTRON INTEGRALS:  772228520.     BUFFER LENGTH:  32768
 NUMBER OF SEGMENTS:  25  SEGMENT LENGTH:   31996696      RECORD LENGTH: 524288

 Memory used in sort:      32.55 MW

 SORT1 READ  6566401536. AND WROTE   402533759. INTEGRALS IN   1165 RECORDS. CPU TIME:   127.29 SEC, REAL TIME:   138.62 SEC
 SORT2 READ  3207646429. AND WROTE  6177883746. INTEGRALS IN  45032 RECORDS. CPU TIME:    19.07 SEC, REAL TIME:   138.12 SEC

 Node minimum:   772186838.  Node maximum:   772284100. integrals

 OPERATOR DM      FOR CENTER  0  COORDINATES:    0.000000    0.000000    0.000000


 **********************************************************************************************************************************
 DATASETS  * FILE   NREC   LENGTH (MB)   RECORD NAMES
              1      18       28.27       500      610      700      900      950      970     1000      129      960     1100   
                                          VAR    BASINP    GEOM    SYMINP    ZMAT    AOBASIS   BASIS     P2S    ABASIS      S 
                                         1400     1410     1200     1210     1080     1600     1650     1700   
                                           T        V       H0       H01     AOSYM     SMH    MOLCAS    OPER   

 PROGRAMS   *        TOTAL       INT
 CPU TIMES  *       172.73    172.57
 REAL TIME  *       316.04 SEC
 DISK USED  *        49.98 GB      
 GA USED    *         0.01 MB       (max)       0.00 MB       (current)
 **********************************************************************************************************************************


 PROGRAM * RHF-SCF (OPEN SHELL)       Authors: W. Meyer, H.-J. Werner


 NUMBER OF ELECTRONS:      21+   20-    SPACE SYMMETRY=1    SPIN SYMMETRY: Doublet 
 CONVERGENCE THRESHOLDS:    1.00E-05 (Density)    1.00E-07 (Energy)
 MAX. NUMBER OF ITERATIONS:       60
 INTERPOLATION TYPE:            DIIS
 INTERPOLATION STEPS:              2 (START)      1 (STEP)
 LEVEL SHIFTS:                 -0.60 (CLOSED) -0.30 (OPEN) 



 Orbital guess generated from atomic densities. Full valence occupancy:   21

 Molecular orbital dump at record        2100.2

 Initial alpha occupancy:  21
 Initial beta  occupancy:  20
 Wave function symmetry:    1

 ITERATION    DDIFF          GRAD             ENERGY        2-EL.EN.            DIPOLE MOMENTS         DIIS   ORB.
    1      0.000D+00      0.000D+00      -195.69033051    507.387075    0.00000    0.07908   -0.23358    0    start
    2      0.000D+00      0.210D-02      -195.74869977    504.481362    0.00000    0.04860   -0.14288    1    diag,B
    3      0.474D-03      0.858D-03      -195.76382889    504.509745    0.00000    0.04503   -0.08662    2    diag,B
    4      0.287D-03      0.348D-03      -195.76737929    504.458333    0.00000    0.04002   -0.06365    3    diag,B
    5      0.206D-03      0.887D-04      -195.76765057    504.457916    0.00000    0.03675   -0.05746    4    diag,B
    6      0.971D-04      0.284D-04      -195.76768235    504.445238    0.00000    0.03498   -0.05603    5    diag,B
    7      0.467D-04      0.935D-05      -195.76768618    504.442581    0.00000    0.03407   -0.05555    6    fixocc
    8      0.159D-04      0.338D-05      -195.76768679    504.441513    0.00000    0.03362   -0.05543    7    diag,B
    9      0.588D-05      0.123D-05      -195.76768689    504.441371    0.00000    0.03342   -0.05540    8    diag,B
   10      0.293D-05      0.456D-06      -195.76768691    504.441405    0.00000    0.03334   -0.05539    9    orth
   11      0.123D-05      0.175D-06      -195.76768691    504.441425    0.00000    0.03332   -0.05539    0    orth

 Final alpha occupancy:  21
 Final beta  occupancy:  20

 !RHF STATE 1.1 Energy               -195.767686912569
 Nuclear energy                       188.79882503
 One-electron energy                 -636.78722444
 Two-electron energy                  252.22071249
 Virial quotient                       -1.00084253
 !RHF STATE 1.1 Dipole moment           0.00000021     0.03332420    -0.05538659
 Dipole moment /Debye                   0.00000055     0.08469611    -0.14076945

 Orbital energies:

         1.1          2.1          3.1          4.1          5.1          6.1          7.1          8.1          9.1         10.1
    -11.236132   -11.212204   -11.209134   -11.208675   -11.208657    -1.100187    -0.929830    -0.927229    -0.895864    -0.727414

        11.1         12.1         13.1         14.1         15.1         16.1         17.1         18.1         19.1         20.1
     -0.615507    -0.614181    -0.593077    -0.562610    -0.537249    -0.518248    -0.511625    -0.470002    -0.463323    -0.455808

        21.1         22.1         23.1
     -0.351899     0.135672     0.180105

 HOMO     21.1    -0.351899 =      -9.5757eV
 LUMO     22.1     0.135672 =       3.6918eV
 LUMO-HOMO         0.487571 =      13.2675eV


 **********************************************************************************************************************************
 DATASETS  * FILE   NREC   LENGTH (MB)   RECORD NAMES
              1      18       28.27       500      610      700      900      950      970     1000      129      960     1100   
                                          VAR    BASINP    GEOM    SYMINP    ZMAT    AOBASIS   BASIS     P2S    ABASIS      S 
                                         1400     1410     1200     1210     1080     1600     1650     1700   
                                           T        V       H0       H01     AOSYM     SMH    MOLCAS    OPER   

              2       4        9.29       700     1000      520     2100   
                                         GEOM     BASIS   MCVARS     RHF  

 PROGRAMS   *        TOTAL       RHF       INT
 CPU TIMES  *       278.94    106.20    172.57
 REAL TIME  *       428.15 SEC
 DISK USED  *        50.54 GB      
 SF USED    *         0.89 MB      
 GA USED    *         0.01 MB       (max)       0.00 MB       (current)
 **********************************************************************************************************************************


 PROGRAM * CCSD (Unrestricted open-shell coupled cluster)     Authors: C. Hampel, H.-J. Werner, 1991, M. Deegan, P.J. Knowles, 1992


 Convergence thresholds:  THRVAR = 1.00D-08  THRDEN = 1.00D-06

 CCSD(T)     terms to be evaluated (factor= 1.000)


 Number of core orbitals:           5 (   5 )
 Number of closed-shell orbitals:  15 (  15 )
 Number of active  orbitals:        1 (   1 )
 Number of external orbitals:     450 ( 450 )

 Memory could be reduced to 2288.68 Mwords without degradation in triples

 Number of N-1 electron functions:              31
 Number of N-2 electron functions:             465
 Number of singly external CSFs:             13981
 Number of doubly external CSFs:          71648115
 Total number of CSFs:                    71662096

 Molecular orbitals read from record     2100.2  Type=RHF/CANONICAL (state 1.1)

 Integral transformation finished. Total CPU: 263.98 sec, npass=  1  Memory used: 944.22 MW

 Starting RMP2 calculation

 ITER.      SQ.NORM     CORR.ENERGY   TOTAL ENERGY   ENERGY CHANGE        DEN1      VAR(S)    VAR(P)  DIIS     TIME
   1      1.26967815    -0.88469060  -196.65237751    -0.88469060    -0.00330491  0.12D-04  0.12D-02  1  1   283.98
   2      1.27263832    -0.88825017  -196.65593708    -0.00355957    -0.00000345  0.18D-06  0.14D-05  2  2   298.47
   3      1.27269815    -0.88828963  -196.65597654    -0.00003946    -0.00000002  0.70D-08  0.45D-08  3  3   313.58
   4      1.27269863    -0.88828947  -196.65597638     0.00000016    -0.00000000  0.18D-09  0.15D-10  4  4   329.17

 Norm of t1 vector:      0.04197903      S-energy:    -0.00278570      T1 diagnostic:  0.00029378
 Norm of t2 vector:      0.52051551      P-energy:    -0.88550377
                                         Alpha-Beta:  -0.69257629
                                         Alpha-Alpha: -0.10399883
                                         Beta-Beta:   -0.08892865

 Spin contamination <S**2-Sz**2-Sz>     0.00094350
  Reference energy                   -195.767686912568
  RHF-RMP2 correlation energy          -0.888289471804
 !RHF-RMP2 energy                    -196.655976384372

 Starting UCCSD calculation

 ITER.      SQ.NORM     CORR.ENERGY   TOTAL ENERGY   ENERGY CHANGE        DEN1      VAR(S)    VAR(P)  DIIS     TIME
   1      1.29348311    -0.91148202  -196.67916893    -0.91148202    -0.02478929  0.26D-02  0.59D-02  1  1   670.21
   2      1.31826799    -0.93701262  -196.70469953    -0.02553060    -0.00155453  0.12D-03  0.47D-03  2  2   958.09
   3      1.32569513    -0.94161391  -196.70930082    -0.00460129    -0.00014884  0.41D-04  0.39D-04  3  3  1259.83
   4      1.32788429    -0.94251998  -196.71020689    -0.00090607    -0.00001887  0.53D-05  0.55D-05  4  4  1854.91
   5      1.32851462    -0.94266761  -196.71035452    -0.00014763    -0.00000437  0.31D-05  0.78D-06  5  5  2197.69
   6      1.32878876    -0.94271379  -196.71040070    -0.00004618    -0.00000085  0.50D-06  0.18D-06  6  6  2536.97
   7      1.32889252    -0.94272282  -196.71040973    -0.00000902    -0.00000014  0.96D-07  0.24D-07  6  1  2889.40
   8      1.32892939    -0.94272415  -196.71041106    -0.00000134    -0.00000002  0.98D-08  0.43D-08  6  2  3221.44
   9      1.32893654    -0.94272304  -196.71040996     0.00000111    -0.00000000  0.15D-08  0.10D-08  6  4  3569.46
  10      1.32893967    -0.94272351  -196.71041043    -0.00000047    -0.00000000  0.26D-09  0.16D-09  6  3  3922.21

 Norm of t1 vector:      0.09185296      S-energy:    -0.00322810      T1 diagnostic:  0.00964915
                                                                       D1 diagnostic:  0.02666478
 Norm of t2 vector:      0.56612958      P-energy:    -0.93949541
                                         Alpha-Beta:  -0.75812369
                                         Alpha-Alpha: -0.09831365
                                         Beta-Beta:   -0.08305808

 Spin contamination <S**2-Sz**2-Sz>     0.00067437

 Memory could be reduced to 2395.85 Mwords without degradation in triples


 RESULTS
 =======

  Reference energy                   -195.767686912568
  UCCSD singles energy                 -0.003228103307
  UCCSD pair energy                    -0.939495411429
  UCCSD correlation energy             -0.942723514737
  Triples (T) contribution             -0.037444192065
  Total correlation energy             -0.980167706802

  RHF-UCCSD energy                   -196.710410427304
  RHF-UCCSD[T] energy                -196.748711500201
  RHF-UCCSD-T energy                 -196.747492507488
 !RHF-UCCSD(T) energy                -196.747854619370

 Program statistics:

 Available memory in ccsd:             24999997692
 Min. memory needed in ccsd:             199085927
 Max. memory used in ccsd:               290132368
 Max. memory used in cckext:             211889552 (10 integral passes)
 Max. memory used in cckint:             944223506 ( 1 integral passes)



 **********************************************************************************************************************************
 DATASETS  * FILE   NREC   LENGTH (MB)   RECORD NAMES
              1      18       28.27       500      610      700      900      950      970     1000      129      960     1100   
                                          VAR    BASINP    GEOM    SYMINP    ZMAT    AOBASIS   BASIS     P2S    ABASIS      S 
                                         1400     1410     1200     1210     1080     1600     1650     1700   
                                           T        V       H0       H01     AOSYM     SMH    MOLCAS    OPER   

              2       4        9.29       700     1000      520     2100   
                                         GEOM     BASIS   MCVARS     RHF  

 PROGRAMS   *        TOTAL  UCCSD(T)       RHF       INT
 CPU TIMES  *     13498.69  13219.58    106.20    172.57
 REAL TIME  *     14229.08 SEC
 DISK USED  *       122.93 GB      
 SF USED    *        42.81 GB      
 GA USED    *         0.01 MB       (max)       0.00 MB       (current)
 **********************************************************************************************************************************

 UCCSD(T)/USERDEF energy=   -196.747854619370

        UCCSD(T)        RHF-SCF 
   -196.74785462   -195.76768691
 **********************************************************************************************************************************
 Molpro calculation terminated
 Variable memory released

 Fortran compiler diagnostic
 ***************************

 integer size                  8
 double precision size         8
 logical size                  8

 diagnostic completed successfully
