
 Primary working directories    : /scratch/saurabh/PBS_8054555.helios
 Secondary working directories  : /scratch/saurabh/PBS_8054555.helios
 Wavefunction directory         : /scratch/saurabh/PBS_8054555.helios/
 Main file repository           : /scratch/saurabh/PBS_8054555.helios/

 SHA1      : f6387f0c468d0184d0b38d85973bdb066f718752
 NAME      : 2015.1.44
 ARCHNAME  : linux/x86_64
 FC        : /opt/may/bin/gfortran
 BLASLIB   : -Wl,-_start-group /opt/intel/mkl/lib/intel64/libmkl_gf_ilp64.a /opt/intel/mkl/lib/intel64/libmkl_gnu_thread.a /opt/intel/mkl/lib/intel64/libmkl_core.a -Wl,-_end-group
 id        : ramakrishnan

 Nodes             nprocs
 hel01.tifrh.res.in    8

 Using DEFAULT tuning parameter for ncache   :   16384
 Using DEFAULT tuning parameter for mflopdgm :   10000
 Using DEFAULT tuning parameter for mflopdgv :    4000
 Using DEFAULT tuning parameter for mflopmxm :    5000
 Using DEFAULT tuning parameter for mflopmxv :    4000
 Using DEFAULT tuning parameter for mindgm   :       1
 Using DEFAULT tuning parameter for mindgc   :       4
 Using DEFAULT tuning parameter for mindgf   :    5000
 Using DEFAULT tuning parameter for mindgl   :       4
 Using DEFAULT tuning parameter for mindgr   :       1
 Using DEFAULT tuning parameter for mindgv   :      20
 Using DEFAULT tuning parameter for mincuda  :     500
 Using DEFAULT tuning parameter for mxmblk   :      64
 Using DEFAULT tuning parameter for mxmbln   :      64
 Using DEFAULT tuning parameter for nroll    :       2
 Using custom tuning parameter for ngpus     :       0
 Using customized tuning parameters: mindgm=1; mindgv=20; mindgc=4; mindgr=1; noblas=0; minvec=7
 default implementation of scratch files=sf  

 ***,Mol_02
 memory,25,g
 geometry={
 C  -1.063554  -1.018643  -1.089256
 C  -0.747680  0.031173   -0.013335
 C  -1.927658  0.145185   0.965624
 C  -0.481716  1.394391   -0.666931
 C  0.465868   -0.414646  0.814125
 H  -1.274865  -1.992396  -0.642476
 H  -0.230913  -1.139395  -1.781870
 H  -1.940053  -0.718943  -1.665593
 H  0.732530   0.316984   1.574524
 H  0.282019   -1.386665  1.274502
 H  0.361704   1.351582   -1.355179
 H  -0.262106  2.157344   0.081515
 H  -1.359093  1.716973   -1.229980
 H  -2.140251  -0.810148  1.449619
 H  -2.828532  0.455943   0.434842
 H  -1.729905  0.883449   1.745090
 O  1.650641   -0.622680  -0.005948
 O  2.464097   0.415244   0.012654
  }
 basis,O=AVTZ,C=AVTZ,H=VTZ
 {rhf
 wf,57,1,1
 }
 uccsd(t);
 

 Fortran compiler diagnostic
 ***************************

 integer size                  8
 double precision size         8
 logical size                  8

 diagnostic completed successfully

 Variables initialized (889), CPU time= 0.01 sec
 Commands  initialized (702), CPU time= 0.02 sec, 572 directives.
 Default parameters read. Elapsed time= 0.11 sec

 Using DEFAULT tuning parameter for mpplat   :       3
 Using DEFAULT tuning parameter for mppspeed :    1600
 Checking input...
 Passed
1


                                         ***  PROGRAM SYSTEM MOLPRO  ***
                                       Copyright, TTI GmbH Stuttgart, 2015
                                    Version 2015.1 linked Jun  9 2019 06:55:40


 **********************************************************************************************************************************
 LABEL *   Mol_02                                                                        
  64 bit mpp version                                                                     DATE: 14-Apr-22          TIME: 01:09:31  
 **********************************************************************************************************************************

 SHA1:             f6387f0c468d0184d0b38d85973bdb066f718752
 **********************************************************************************************************************************

Geometry recognized as XYZ


 Variable memory set to ********** words,  buffer space   230000 words

 SETTING BASIS          =    O=AVTZ,C=AVTZ,H=VTZ


 Recomputing integrals since basis changed


 Using spherical harmonics

 Library entry C      S aug-cc-pVTZ          selected for orbital group  1
 Library entry C      P aug-cc-pVTZ          selected for orbital group  1
 Library entry C      D aug-cc-pVTZ          selected for orbital group  1
 Library entry C      F aug-cc-pVTZ          selected for orbital group  1
 Library entry H      S cc-pVTZ              selected for orbital group  2
 Library entry H      P cc-pVTZ              selected for orbital group  2
 Library entry H      D cc-pVTZ              selected for orbital group  2
 Library entry O      S aug-cc-pVTZ          selected for orbital group  3
 Library entry O      P aug-cc-pVTZ          selected for orbital group  3
 Library entry O      D aug-cc-pVTZ          selected for orbital group  3
 Library entry O      F aug-cc-pVTZ          selected for orbital group  3


 PROGRAM * SEWARD (Integral evaluation for generally contracted gaussian basis sets)     Author: Roland Lindh, 1990

 Geometry written to block  1 of record 700


 Point group  C1  



 ATOMIC COORDINATES

 NR  ATOM    CHARGE       X              Y              Z

   1  C       6.00   -2.009825779   -1.924956289   -2.058395520
   2  C       6.00   -1.412910429    0.058908432   -0.025199498
   3  C       6.00   -3.642745682    0.274359887    1.824764899
   4  C       6.00   -0.910311310    2.635017101   -1.260316934
   5  C       6.00    0.880362930   -0.783567379    1.538473281
   6  H       1.00   -2.409145696   -3.765082772   -1.214103682
   7  H       1.00   -0.436362329   -2.153144498   -3.367246290
   8  H       1.00   -3.666168837   -1.358605369   -3.147514605
   9  H       1.00    1.384281078    0.599012946    2.975419137
  10  H       1.00    0.532938672   -2.620417077    2.408459725
  11  H       1.00    0.683521498    2.554119815   -2.560917160
  12  H       1.00   -0.495308556    4.076789316    0.154041025
  13  H       1.00   -2.568313548    3.244608733   -2.324325339
  14  H       1.00   -4.044488228   -1.530957840    2.739382895
  15  H       1.00   -5.345150815    0.861607398    0.821732287
  16  H       1.00   -3.269046672    1.669476655    3.297742163
  17  O       8.00    3.119259420   -1.176694663   -0.011240091
  18  O       8.00    4.656468474    0.784697435    0.023912594

 Bond lengths in Bohr (Angstrom)

 1-2  2.902742364  1-6  2.063577131  1-7  2.059356071  1-8  2.061651298  2-3  2.905331798
     ( 1.536065108)     ( 1.091997991)     ( 1.089764302)     ( 1.090978884)     ( 1.537435378)

  2- 4  2.900768316   2- 5  2.900679360   3-14  2.063272946   3-15  2.061338714   3-16  2.062926020
       ( 1.535020487)       ( 1.534973414)       ( 1.091837023)       ( 1.090813472)       ( 1.091653438)

  4-11  2.058739502   4-12  2.061878475   4-13  2.062204467   5- 9  2.056763293   5-10  2.061940067
       ( 1.089438028)       ( 1.091099101)       ( 1.091271608)       ( 1.088392263)       ( 1.091131694)

  5-17  2.751148504  17-18  2.492249255
       ( 1.455845092)       ( 1.318841510)

 Bond angles

  1-2-3  109.80737597   1-2-4  110.14164646   1-2-5  109.97828709   2-1-6  111.26329806

  2- 1- 7  111.33276170   2- 1- 8  110.33378351   2- 3-14  111.51934755   2- 3-15  110.19066925

  2- 3-16  111.45509415   2- 4-11  111.60660499   2- 4-12  111.33317943   2- 4-13  110.05385145

  2- 5- 9  112.02939581   2- 5-10  110.66922148   2- 5-17  112.41040324   3- 2- 4  109.76987515

  3- 2- 5  106.56293551   4- 2- 5  110.51684549   5-17-18  112.42957085   6- 1- 7  108.00370207

  6- 1- 8  107.79629408   7- 1- 8  107.97091456   9- 5-10  110.20229287   9- 5-17  106.87075783

 10- 5-17  104.32927783  11- 4-12  107.75843577  11- 4-13  107.94464677  12- 4-13  108.00180047

 14- 3-15  107.70773663  14- 3-16  108.08855105  15- 3-16  107.72101210

 NUCLEAR CHARGE:                   57
 NUMBER OF PRIMITIVE AOS:         656
 NUMBER OF SYMMETRY AOS:          582
 NUMBER OF CONTRACTIONS:          476   ( 476A   )
 NUMBER OF CORE ORBITALS:           7   (   7A   )
 NUMBER OF VALENCE ORBITALS:       39   (  39A   )


 NUCLEAR REPULSION ENERGY  332.45420122


 Eigenvalues of metric

         1 0.132E-04 0.153E-04 0.159E-04 0.245E-04 0.487E-04 0.525E-04 0.589E-04 0.883E-04


 Contracted 2-electron integrals neglected if value below      1.0D-12
 AO integral compression algorithm  1   Integral accuracy      1.0D-12

     25341.723 MB (compressed) written to integral file ( 46.3%)

     Node minimum: 3021.210 MB, node maximum: 3331.588 MB


 NUMBER OF SORTED TWO-ELECTRON INTEGRALS:  805481160.     BUFFER LENGTH:  32768
 NUMBER OF SEGMENTS:  26  SEGMENT LENGTH:   31996696      RECORD LENGTH: 524288

 Memory used in sort:      32.55 MW

 SORT1 READ  6841617445. AND WROTE   728746327. INTEGRALS IN   2098 RECORDS. CPU TIME:   111.23 SEC, REAL TIME:   118.26 SEC
 SORT2 READ  5826685712. AND WROTE  6444133101. INTEGRALS IN  92200 RECORDS. CPU TIME:    18.35 SEC, REAL TIME:   162.51 SEC

 Node minimum:   805466970.  Node maximum:   805566306. integrals

 OPERATOR DM      FOR CENTER  0  COORDINATES:    0.000000    0.000000    0.000000


 **********************************************************************************************************************************
 DATASETS  * FILE   NREC   LENGTH (MB)   RECORD NAMES
              1      18       28.48       500      610      700      900      950      970     1000      129      960     1100   
                                          VAR    BASINP    GEOM    SYMINP    ZMAT    AOBASIS   BASIS     P2S    ABASIS      S 
                                         1400     1410     1200     1210     1080     1600     1650     1700   
                                           T        V       H0       H01     AOSYM     SMH    MOLCAS    OPER   

 PROGRAMS   *        TOTAL       INT
 CPU TIMES  *       168.94    168.78
 REAL TIME  *       333.37 SEC
 DISK USED  *        94.98 GB      
 GA USED    *         0.02 MB       (max)       0.00 MB       (current)
 **********************************************************************************************************************************


 PROGRAM * RHF-SCF (OPEN SHELL)       Authors: W. Meyer, H.-J. Werner


 NUMBER OF ELECTRONS:      29+   28-    SPACE SYMMETRY=1    SPIN SYMMETRY: Doublet 
 CONVERGENCE THRESHOLDS:    1.00E-05 (Density)    1.14E-07 (Energy)
 MAX. NUMBER OF ITERATIONS:       60
 INTERPOLATION TYPE:            DIIS
 INTERPOLATION STEPS:              2 (START)      1 (STEP)
 LEVEL SHIFTS:                 -0.60 (CLOSED) -0.30 (OPEN) 



 Orbital guess generated from atomic densities. Full valence occupancy:   46

 Molecular orbital dump at record        2100.2

 Initial alpha occupancy:  29
 Initial beta  occupancy:  28
 Wave function symmetry:    1

 ITERATION    DDIFF          GRAD             ENERGY        2-EL.EN.            DIPOLE MOMENTS         DIIS   ORB.
    1      0.000D+00      0.000D+00      -345.31930126    903.074516   -1.67141   -0.66890    0.54142    0    start
    2      0.000D+00      0.280D-02      -345.42336657    903.968528   -1.36231   -0.11808    0.44596    1    diag,B
    3      0.246D-02      0.124D-02      -345.44409274    903.573643   -1.27576   -0.20600    0.40142    2    diag,B
    4      0.954D-03      0.521D-03      -345.45503387    903.716730   -1.13292   -0.11051    0.39101    3    diag,B
    5      0.644D-03      0.273D-03      -345.45959100    903.750922   -1.05883   -0.07491    0.38286    4    diag,B
    6      0.370D-03      0.173D-03      -345.46300887    903.790046   -0.99775   -0.03841    0.37897    5    diag,B
    7      0.307D-03      0.140D-03      -345.46644875    903.833372   -0.92701   -0.00252    0.37323    6    fixocc
    8      0.369D-03      0.731D-04      -345.46730258    903.882027   -0.89306    0.01465    0.36972    7    diag,B
    9      0.202D-03      0.313D-04      -345.46737538    903.897189   -0.88605    0.01767    0.36935    8    diag,B
   10      0.876D-04      0.146D-04      -345.46738236    903.889574   -0.88340    0.01597    0.36891    9    orth
   11      0.412D-04      0.796D-05      -345.46738404    903.891167   -0.88618    0.01549    0.36942    9    diag,B
   12      0.261D-04      0.509D-05      -345.46738516    903.889103   -0.88541    0.01511    0.36926    9    diag,B
   13      0.130D-04      0.125D-05      -345.46738521    903.889409   -0.88578    0.01512    0.36930    9    diag,B
   14      0.413D-05      0.571D-06      -345.46738523    903.889320   -0.88572    0.01513    0.36929    0    orth

 Final alpha occupancy:  29
 Final beta  occupancy:  28

 !RHF STATE 1.1 Energy               -345.467385226047
 Nuclear energy                       332.45420122
 One-electron energy                -1129.86624667
 Two-electron energy                  451.94466023
 Virial quotient                       -1.00120817
 !RHF STATE 1.1 Dipole moment          -0.88572040     0.01512942     0.36928595
 Dipole moment /Debye                  -2.25112926     0.03845263     0.93856980

 Orbital energies:

         1.1          2.1          3.1          4.1          5.1          6.1          7.1          8.1          9.1         10.1
    -20.653290   -20.645679   -11.289006   -11.247162   -11.223142   -11.216100   -11.216035    -1.528976    -1.172381    -1.097952

        11.1         12.1         13.1         14.1         15.1         16.1         17.1         18.1         19.1         20.1
     -0.943214    -0.938937    -0.917898    -0.759458    -0.692674    -0.682333    -0.659985    -0.616000    -0.594651    -0.580283

        21.1         22.1         23.1         24.1         25.1         26.1         27.1         28.1         29.1         30.1
     -0.557177    -0.545136    -0.527376    -0.520895    -0.489877    -0.468350    -0.467247    -0.456196    -0.562063     0.045784

        31.1
      0.055323

 HOMO     29.1    -0.562063 =     -15.2945eV
 LUMO     30.1     0.045784 =       1.2458eV
 LUMO-HOMO         0.607847 =      16.5404eV


 **********************************************************************************************************************************
 DATASETS  * FILE   NREC   LENGTH (MB)   RECORD NAMES
              1      18       28.48       500      610      700      900      950      970     1000      129      960     1100   
                                          VAR    BASINP    GEOM    SYMINP    ZMAT    AOBASIS   BASIS     P2S    ABASIS      S 
                                         1400     1410     1200     1210     1080     1600     1650     1700   
                                           T        V       H0       H01     AOSYM     SMH    MOLCAS    OPER   

              2       4        9.47       700     1000      520     2100   
                                         GEOM     BASIS   MCVARS     RHF  

 PROGRAMS   *        TOTAL       RHF       INT
 CPU TIMES  *       377.54    208.60    168.78
 REAL TIME  *       558.93 SEC
 DISK USED  *        95.54 GB      
 SF USED    *         0.91 MB      
 GA USED    *         0.02 MB       (max)       0.00 MB       (current)
 **********************************************************************************************************************************


 PROGRAM * CCSD (Unrestricted open-shell coupled cluster)     Authors: C. Hampel, H.-J. Werner, 1991, M. Deegan, P.J. Knowles, 1992


 Convergence thresholds:  THRVAR = 1.00D-08  THRDEN = 1.14D-06

 CCSD(T)     terms to be evaluated (factor= 1.000)


 Number of core orbitals:           7 (   7 )
 Number of closed-shell orbitals:  21 (  21 )
 Number of active  orbitals:        1 (   1 )
 Number of external orbitals:     447 ( 447 )

 Memory could be reduced to 3029.16 Mwords without degradation in triples

 Number of N-1 electron functions:              43
 Number of N-2 electron functions:             903
 Number of singly external CSFs:             19264
 Number of doubly external CSFs:         136881696
 Total number of CSFs:                   136900960

 Molecular orbitals read from record     2100.2  Type=RHF/CANONICAL (state 1.1)

 Integral transformation finished. Total CPU: 472.20 sec, npass=  1  Memory used:1340.21 MW

 Starting RMP2 calculation

 ITER.      SQ.NORM     CORR.ENERGY   TOTAL ENERGY   ENERGY CHANGE        DEN1      VAR(S)    VAR(P)  DIIS     TIME
   1      1.38199704    -1.34207218  -346.80945741    -1.34207218    -0.00462644  0.32D-04  0.17D-02  1  1   523.37
   2      1.38605823    -1.34705567  -346.81444089    -0.00498349    -0.00000844  0.13D-05  0.30D-05  2  2   564.46
   3      1.38616901    -1.34712645  -346.81451168    -0.00007078    -0.00000011  0.72D-07  0.18D-07  3  3   607.31
   4      1.38617161    -1.34712623  -346.81451146     0.00000022    -0.00000000  0.21D-08  0.20D-09  4  4   652.18

 Norm of t1 vector:      0.04812535      S-energy:    -0.00461412      T1 diagnostic:  0.00067577
 Norm of t2 vector:      0.61956078      P-energy:    -1.34251211
                                         Alpha-Beta:  -1.02677400
                                         Alpha-Alpha: -0.16203688
                                         Beta-Beta:   -0.15370123

 Spin contamination <S**2-Sz**2-Sz>     0.00126893
  Reference energy                   -345.467385226052
  RHF-RMP2 correlation energy          -1.347126229313
 !RHF-RMP2 energy                    -346.814511455365

 Starting UCCSD calculation

 ITER.      SQ.NORM     CORR.ENERGY   TOTAL ENERGY   ENERGY CHANGE        DEN1      VAR(S)    VAR(P)  DIIS     TIME
   1      1.40188327    -1.35990874  -346.82729397    -1.35990874    -0.03909909  0.78D-02  0.77D-02  1  1  1803.18
   2      1.43833806    -1.39629284  -346.86367807    -0.03638410    -0.00440670  0.67D-03  0.12D-02  2  2  2932.86
   3      1.45816740    -1.40486207  -346.87224729    -0.00856923    -0.00100947  0.80D-03  0.96D-04  3  3  4060.61
   4      1.47002050    -1.40785653  -346.87524175    -0.00299446    -0.00041538  0.33D-03  0.38D-04  4  4  5196.11
   5      1.48499730    -1.40996408  -346.87734930    -0.00210755    -0.00013991  0.12D-03  0.11D-04  5  5  6344.37
   6      1.49691574    -1.41104669  -346.87843192    -0.00108262    -0.00002583  0.15D-04  0.41D-05  6  6  7475.99
   7      1.50178702    -1.41136639  -346.87875161    -0.00031969    -0.00000428  0.21D-05  0.87D-06  6  1  8620.97
   8      1.50256366    -1.41142469  -346.87880992    -0.00005830    -0.00000088  0.37D-06  0.20D-06  6  2  9740.79
   9      1.50280646    -1.41143374  -346.87881896    -0.00000905    -0.00000017  0.80D-07  0.40D-07  6  3 10857.82
  10      1.50297911    -1.41145103  -346.87883625    -0.00001729    -0.00000003  0.20D-07  0.61D-08  6  6 12057.79
  11      1.50294431    -1.41144529  -346.87883051     0.00000574    -0.00000001  0.57D-08  0.18D-08  6  4 13182.15
  12      1.50297598    -1.41144651  -346.87883174    -0.00000122    -0.00000000  0.33D-08  0.33D-09  6  5 14306.85
  13      1.50296459    -1.41144488  -346.87883011     0.00000163    -0.00000000  0.24D-08  0.15D-09  6  2 15436.01
  14      1.50296341    -1.41144424  -346.87882946     0.00000064    -0.00000000  0.19D-08  0.98D-10  6  1 16547.71

 Norm of t1 vector:      0.23993933      S-energy:    -0.00524863      T1 diagnostic:  0.02503758
                                                                       D1 diagnostic:  0.14685113
 Norm of t2 vector:      0.66737735      P-energy:    -1.40619561
                                         Alpha-Beta:  -1.11406900
                                         Alpha-Alpha: -0.14855364
                                         Beta-Beta:   -0.14357296

 Singles amplitudes (print threshold =  0.500E-01):

         I         SYM. A    A   T(IA) [Beta-Beta]

        10         1         1     -0.08947251
        13         1         1     -0.13503768
        20         1         1     -0.08230990

 Spin contamination <S**2-Sz**2-Sz>     0.00172205

 Memory could be reduced to 3228.67 Mwords without degradation in triples


 RESULTS
 =======

  Reference energy                   -345.467385226052
  UCCSD singles energy                 -0.005248629269
  UCCSD pair energy                    -1.406195608791
  UCCSD correlation energy             -1.411444238060
  Triples (T) contribution             -0.059586827505
  Total correlation energy             -1.471031065565

  RHF-UCCSD energy                   -346.878829464113
  RHF-UCCSD[T] energy                -346.942115829111
  RHF-UCCSD-T energy                 -346.937777870787
 !RHF-UCCSD(T) energy                -346.938416291617

 Program statistics:

 Available memory in ccsd:             24999995808
 Min. memory needed in ccsd:             375449710
 Max. memory used in ccsd:               551709990
 Max. memory used in cckext:             418238836 (14 integral passes)
 Max. memory used in cckint:            1340205634 ( 1 integral passes)



 **********************************************************************************************************************************
 DATASETS  * FILE   NREC   LENGTH (MB)   RECORD NAMES
              1      18       28.48       500      610      700      900      950      970     1000      129      960     1100   
                                          VAR    BASINP    GEOM    SYMINP    ZMAT    AOBASIS   BASIS     P2S    ABASIS      S 
                                         1400     1410     1200     1210     1080     1600     1650     1700   
                                           T        V       H0       H01     AOSYM     SMH    MOLCAS    OPER   

              2       4        9.47       700     1000      520     2100   
                                         GEOM     BASIS   MCVARS     RHF  

 PROGRAMS   *        TOTAL  UCCSD(T)       RHF       INT
 CPU TIMES  *     46778.36  46400.80    208.60    168.78
 REAL TIME  *     47630.75 SEC
 DISK USED  *       234.49 GB      
 SF USED    *        62.03 GB      
 GA USED    *         0.02 MB       (max)       0.00 MB       (current)
 **********************************************************************************************************************************

 UCCSD(T)/O=AVTZ,C=AVTZ,H=VTZ energy=   -346.938416291617

        UCCSD(T)        RHF-SCF 
   -346.93841629   -345.46738523
 **********************************************************************************************************************************
 Molpro calculation terminated
 Variable memory released

 Fortran compiler diagnostic
 ***************************

 integer size                  8
 double precision size         8
 logical size                  8

 diagnostic completed successfully
