
 Primary working directories    : /scratch/saurabh/PBS_8053950.helios
 Secondary working directories  : /scratch/saurabh/PBS_8053950.helios
 Wavefunction directory         : /scratch/saurabh/PBS_8053950.helios/
 Main file repository           : /scratch/saurabh/PBS_8053950.helios/

 SHA1      : f6387f0c468d0184d0b38d85973bdb066f718752
 NAME      : 2015.1.44
 ARCHNAME  : linux/x86_64
 FC        : /opt/may/bin/gfortran
 BLASLIB   : -Wl,-_start-group /opt/intel/mkl/lib/intel64/libmkl_gf_ilp64.a /opt/intel/mkl/lib/intel64/libmkl_gnu_thread.a /opt/intel/mkl/lib/intel64/libmkl_core.a -Wl,-_end-group
 id        : ramakrishnan

 Nodes             nprocs
 hel06.tifrh.res.in    8

 Using DEFAULT tuning parameter for ncache   :   16384
 Using DEFAULT tuning parameter for mflopdgm :   10000
 Using DEFAULT tuning parameter for mflopdgv :    4000
 Using DEFAULT tuning parameter for mflopmxm :    5000
 Using DEFAULT tuning parameter for mflopmxv :    4000
 Using DEFAULT tuning parameter for mindgm   :       1
 Using DEFAULT tuning parameter for mindgc   :       4
 Using DEFAULT tuning parameter for mindgf   :    5000
 Using DEFAULT tuning parameter for mindgl   :       4
 Using DEFAULT tuning parameter for mindgr   :       1
 Using DEFAULT tuning parameter for mindgv   :      20
 Using DEFAULT tuning parameter for mincuda  :     500
 Using DEFAULT tuning parameter for mxmblk   :      64
 Using DEFAULT tuning parameter for mxmbln   :      64
 Using DEFAULT tuning parameter for nroll    :       2
 Using custom tuning parameter for ngpus     :       0
 Using customized tuning parameters: mindgm=1; mindgv=20; mindgc=4; mindgr=1; noblas=0; minvec=7
 default implementation of scratch files=sf  

 ***,Mol_05
 memory,25,g
 geometry={
 C  -1.190453  -0.728182  -0.241210
 C  0.113603   -1.419299  0.063434
 C  1.254089   -0.723538  0.106387
 C  1.254089   0.723538   -0.106387
 C  0.113603   1.419299   -0.063434
 C  -1.190453  0.728182   0.241210
 H  -2.028422  1.269349   -0.200715
 H  -1.351022  0.756441   1.327964
 H  0.117014   2.495348   -0.184809
 H  2.198996   -1.223417  0.278247
 H  0.117013   -2.495348  0.184809
 H  -2.028422  -1.269349  0.200715
 H  -1.351022  -0.756441  -1.327964
 H  2.198996   1.223417   -0.278247
  }
 basis,O=AVDZ,C=AVDZ,H=VDZ
 hf;
 ccsd(t);
 

 Fortran compiler diagnostic
 ***************************

 integer size                  8
 double precision size         8
 logical size                  8

 diagnostic completed successfully

 Variables initialized (889), CPU time= 0.01 sec
 Commands  initialized (702), CPU time= 0.02 sec, 572 directives.
 Default parameters read. Elapsed time= 0.10 sec

 Using DEFAULT tuning parameter for mpplat   :       3
 Using DEFAULT tuning parameter for mppspeed :    1600
 Checking input...
 Passed
1


                                         ***  PROGRAM SYSTEM MOLPRO  ***
                                       Copyright, TTI GmbH Stuttgart, 2015
                                    Version 2015.1 linked Jun  9 2019 06:55:40


 **********************************************************************************************************************************
 LABEL *   Mol_05                                                                        
  64 bit mpp version                                                                     DATE: 04-Apr-22          TIME: 23:42:23  
 **********************************************************************************************************************************

 SHA1:             f6387f0c468d0184d0b38d85973bdb066f718752
 **********************************************************************************************************************************

Geometry recognized as XYZ


 Variable memory set to ********** words,  buffer space   230000 words

 SETTING BASIS          =    O=AVDZ,C=AVDZ,H=VDZ


 Recomputing integrals since basis changed


 Using spherical harmonics

 Library entry C      S aug-cc-pVDZ          selected for orbital group  1
 Library entry C      P aug-cc-pVDZ          selected for orbital group  1
 Library entry C      D aug-cc-pVDZ          selected for orbital group  1
 Library entry H      S cc-pVDZ              selected for orbital group  2
 Library entry H      P cc-pVDZ              selected for orbital group  2


 PROGRAM * SEWARD (Integral evaluation for generally contracted gaussian basis sets)     Author: Roland Lindh, 1990

 Geometry written to block  1 of record 700


 Point group  C1  



 ATOMIC COORDINATES

 NR  ATOM    CHARGE       X              Y              Z

   1  C       6.00   -2.249630134   -1.376064549   -0.455820839
   2  C       6.00    0.214678557   -2.682086399    0.119872887
   3  C       6.00    2.369884746   -1.367288661    0.201042293
   4  C       6.00    2.369884746    1.367288661   -0.201042293
   5  C       6.00    0.214678557    2.682086399   -0.119872887
   6  C       6.00   -2.249630134    1.376064549    0.455820839
   7  H       1.00   -3.833162045    2.398721966   -0.379296379
   8  H       1.00   -2.553061568    1.429466319    2.509488263
   9  H       1.00    0.221124413    4.715524305   -0.349238395
  10  H       1.00    4.155500189   -2.311923066    0.525810625
  11  H       1.00    0.221122523   -4.715524305    0.349238395
  12  H       1.00   -3.833162045   -2.398721966    0.379296379
  13  H       1.00   -2.553061568   -1.429466319   -2.509488263
  14  H       1.00    4.155500189    2.311923066   -0.525810625

 Bond lengths in Bohr (Angstrom)

  1- 2  2.847794526   1- 6  2.899190425   1-12  2.061752234   1-13  2.076649291   2- 3  2.525904844
       ( 1.506987965)       ( 1.534185503)       ( 1.091032297)       ( 1.098915480)       ( 1.336651280)

  2-11  2.046343026   3- 4  2.763979946   3-10  2.046028138   4- 5  2.525904844   4-14  2.046028138
       ( 1.082878095)       ( 1.462635199)       ( 1.082711463)       ( 1.336651280)       ( 1.082711463)

 5-6  2.847794526  5-9  2.046343032  6-7  2.061752234  6-8  2.076649291
     ( 1.506987965)     ( 1.082878098)     ( 1.091032297)     ( 1.098915480)

 Bond angles

  1- 2- 3  120.40587420   1- 2-11  118.75723887   1- 6- 5  111.82534406   1- 6- 7  110.08940420

  1- 6- 8  109.59552568   2- 1- 6  111.82534406   2- 1-12  110.80976222   2- 1-13  108.33446975

  2- 3- 4  120.68471143   2- 3-10  120.62530822   3- 2-11  120.72740081   3- 4- 5  120.68471143

  3- 4-14  118.67701094   4- 3-10  118.67701094   4- 5- 6  120.40587420   4- 5- 9  120.72734819

  5- 4-14  120.62530822   5- 6- 7  110.80976222   5- 6- 8  108.33446975   6- 1-12  110.08940420

  6- 1-13  109.59552568   6- 5- 9  118.75729101   7- 6- 8  105.99716844  12- 1-13  105.99716844

 NUCLEAR CHARGE:                   44
 NUMBER OF PRIMITIVE AOS:         278
 NUMBER OF SYMMETRY AOS:          266
 NUMBER OF CONTRACTIONS:          178   ( 178A   )
 NUMBER OF CORE ORBITALS:           6   (   6A   )
 NUMBER OF VALENCE ORBITALS:       32   (  32A   )


 NUCLEAR REPULSION ENERGY  219.47327500


 Eigenvalues of metric

         1 0.300E-04 0.379E-04 0.550E-04 0.748E-04 0.107E-03 0.132E-03 0.158E-03 0.182E-03


 Contracted 2-electron integrals neglected if value below      1.0D-12
 AO integral compression algorithm  1   Integral accuracy      1.0D-12

     682.099 MB (compressed) written to integral file ( 60.5%)

     Node minimum: 70.779 MB, node maximum: 99.090 MB


 NUMBER OF SORTED TWO-ELECTRON INTEGRALS:   15864288.     BUFFER LENGTH:  32768
 NUMBER OF SEGMENTS:   1  SEGMENT LENGTH:   15864288      RECORD LENGTH: 524288

 Memory used in sort:      16.42 MW

 SORT1 READ   140700115. AND WROTE    15583716. INTEGRALS IN     45 RECORDS. CPU TIME:     1.84 SEC, REAL TIME:     1.98 SEC
 SORT2 READ   124972592. AND WROTE   126906346. INTEGRALS IN   2576 RECORDS. CPU TIME:     0.28 SEC, REAL TIME:     0.38 SEC

 Node minimum:    15856324.  Node maximum:    15870264. integrals

 OPERATOR DM      FOR CENTER  0  COORDINATES:    0.000000    0.000000    0.000000


 **********************************************************************************************************************************
 DATASETS  * FILE   NREC   LENGTH (MB)   RECORD NAMES
              1      18       21.29       500      610      700      900      950      970     1000      129      960     1100   
                                          VAR    BASINP    GEOM    SYMINP    ZMAT    AOBASIS   BASIS     P2S    ABASIS      S 
                                         1400     1410     1200     1210     1080     1600     1650     1700   
                                           T        V       H0       H01     AOSYM     SMH    MOLCAS    OPER   

 PROGRAMS   *        TOTAL       INT
 CPU TIMES  *        10.05      9.88
 REAL TIME  *        24.59 SEC
 DISK USED  *         2.18 GB      
 GA USED    *         0.00 MB       (max)       0.00 MB       (current)
 **********************************************************************************************************************************


 PROGRAM * RHF-SCF (CLOSED SHELL)       Authors: W. Meyer, H.-J. Werner


 NUMBER OF ELECTRONS:      22+   22-    SPACE SYMMETRY=1    SPIN SYMMETRY: Singlet 
 CONVERGENCE THRESHOLDS:    1.00E-05 (Density)    1.00E-07 (Energy)
 MAX. NUMBER OF ITERATIONS:       60
 INTERPOLATION TYPE:            DIIS
 INTERPOLATION STEPS:              2 (START)      1 (STEP)
 LEVEL SHIFTS:                  0.00 (CLOSED)  0.00 (OPEN) 



 Orbital guess generated from atomic densities. Full valence occupancy:   38

 Molecular orbital dump at record        2100.2

 Initial occupancy:  22

 ITERATION    DDIFF          GRAD             ENERGY        2-EL.EN.            DIPOLE MOMENTS         DIIS   ORB.
    1      0.000D+00      0.000D+00      -231.78670269    593.762684   -0.46795   -0.00000    0.00000    0    start
    2      0.000D+00      0.338D-02      -231.84738794    588.700886   -0.14135   -0.00000    0.00000    1    diag
    3      0.745D-02      0.137D-02      -231.85538502    591.200348   -0.24314   -0.00000    0.00000    2    diag
    4      0.259D-02      0.494D-03      -231.85689101    590.517664   -0.20007   -0.00000    0.00000    3    diag
    5      0.112D-02      0.695D-04      -231.85693007    590.505371   -0.20834   -0.00000    0.00000    4    diag
    6      0.251D-03      0.290D-04      -231.85693511    590.514949   -0.20282   -0.00000    0.00000    5    diag
    7      0.699D-04      0.837D-05      -231.85693568    590.513211   -0.20378   -0.00000    0.00000    6    diag
    8      0.255D-04      0.218D-05      -231.85693573    590.513736   -0.20342   -0.00000    0.00000    7    diag
    9      0.723D-05      0.850D-06      -231.85693574    590.513553   -0.20351   -0.00000    0.00000    0    orth

 Final occupancy:  22

 !RHF STATE 1.1 Energy               -231.856935740474
 Nuclear energy                       219.47327500
 One-electron energy                 -746.58698720
 Two-electron energy                  295.25677646
 Virial quotient                       -1.00073939
 !RHF STATE 1.1 Dipole moment          -0.20350570    -0.00000005     0.00000003
 Dipole moment /Debye                  -0.51722602    -0.00000011     0.00000007

 Orbital energies:

         1.1          2.1          3.1          4.1          5.1          6.1          7.1          8.1          9.1         10.1
    -11.234214   -11.234194   -11.232673   -11.232101   -11.230127   -11.229351    -1.132406    -1.011491    -1.007304    -0.847317

        11.1         12.1         13.1         14.1         15.1         16.1         17.1         18.1         19.1         20.1
     -0.803938    -0.687688    -0.671294    -0.607647    -0.585822    -0.578581    -0.544646    -0.513570    -0.475251    -0.454471

        21.1         22.1         23.1         24.1
     -0.422118    -0.300512     0.067333     0.069610

 HOMO     22.1    -0.300512 =      -8.1774eV
 LUMO     23.1     0.067333 =       1.8322eV
 LUMO-HOMO         0.367846 =      10.0096eV


 **********************************************************************************************************************************
 DATASETS  * FILE   NREC   LENGTH (MB)   RECORD NAMES
              1      18       21.29       500      610      700      900      950      970     1000      129      960     1100   
                                          VAR    BASINP    GEOM    SYMINP    ZMAT    AOBASIS   BASIS     P2S    ABASIS      S 
                                         1400     1410     1200     1210     1080     1600     1650     1700   
                                           T        V       H0       H01     AOSYM     SMH    MOLCAS    OPER   

              2       4        3.63       700     1000      520     2100   
                                         GEOM     BASIS   MCVARS     RHF  

 PROGRAMS   *        TOTAL        HF       INT
 CPU TIMES  *        11.62      1.57      9.88
 REAL TIME  *        26.43 SEC
 DISK USED  *         2.39 GB      
 SF USED    *         0.13 MB      
 GA USED    *         0.00 MB       (max)       0.00 MB       (current)
 **********************************************************************************************************************************


 PROGRAM * CCSD (Closed-shell coupled cluster)     Authors: C. Hampel, H.-J. Werner, 1991, M. Deegan, P.J. Knowles, 1992


 Convergence thresholds:  THRVAR = 1.00D-08  THRDEN = 1.00D-06

 CCSD(T)     terms to be evaluated (factor= 1.000)


 Number of core orbitals:           6 (   6 )
 Number of closed-shell orbitals:  16 (  16 )
 Number of external orbitals:     156 ( 156 )

 Molecular orbitals read from record     2100.2  Type=RHF/CANONICAL (state 1.1)

 Number of N-1 electron functions:              16
 Number of N-2 electron functions:             136
 Number of singly external CSFs:              2496
 Number of doubly external CSFs:           3116256
 Total number of CSFs:                     3118753

 Length of J-op  integral file:               0.00 MB
 Length of K-op  integral file:               2.19 MB
 Length of 3-ext integral record:             0.00 MB

 Memory could be reduced to 78.42 Mwords without degradation in triples

 Integral transformation finished. Total CPU:   6.38 sec, npass=  1  Memory used:  55.99 MW

 Reference energy:                   -231.85693574

 MP2 singlet pair energy:              -0.52036600
 MP2 triplet pair energy:              -0.30612547
 MP2 correlation energy:               -0.82649147
 MP2 total energy:                   -232.68342721

 SCS-MP2 correlation energy:           -0.81491727   (PS=  1.200000  PT=  0.333333)
 SCS-MP2 total energy:               -232.67185301

 ITER.      SQ.NORM     CORR.ENERGY   TOTAL ENERGY   ENERGY CHANGE        DEN1      VAR(S)    VAR(P)  DIIS     TIME  TIME/IT
   1      1.32727892    -0.87720008  -232.73413582    -0.05070862    -0.02738957  0.33D-02  0.56D-02  1  1    10.61     4.34
   2      1.35482679    -0.88266487  -232.73960061    -0.00546479    -0.02383813  0.66D-04  0.76D-03  2  2    14.69     4.36
   3      1.36332921    -0.88286780  -232.73980355    -0.00020294    -0.00397057  0.32D-04  0.73D-04  3  3    18.81     4.38
   4      1.36696296    -0.88299524  -232.73993098    -0.00012743    -0.00107133  0.23D-05  0.10D-04  4  4    23.05     4.42
   5      1.36803652    -0.88301475  -232.73995049    -0.00001951    -0.00021028  0.49D-06  0.13D-05  5  5    27.34     4.47
   6      1.36831564    -0.88300599  -232.73994173     0.00000875    -0.00003815  0.34D-07  0.13D-06  6  6    31.63     4.50
   7      1.36835708    -0.88300727  -232.73994302    -0.00000128     0.00000132  0.12D-07  0.20D-07  6  2    35.84     4.51
   8      1.36836823    -0.88300718  -232.73994292     0.00000010    -0.00000078  0.33D-08  0.27D-08  6  1    40.11     4.52
   9      1.36836775    -0.88300736  -232.73994310    -0.00000018     0.00000160  0.55D-09  0.56D-09  6  4    44.38     4.54

 Norm of t1 vector:      0.08265463      S-energy:    -0.00000025      T1 diagnostic:  0.01033183
                                                                       D1 diagnostic:  0.03077650

 Doubles amplitudes (print threshold =  0.500E-01):

         I         J         SYM. A    SYM. B    A         B      T(IJ, AB)

        16        16         1         1         7         7     -0.06130575


 Total CPU time for triples:     85.26 sec


 RESULTS
 =======

  Reference energy                   -231.856935740471
  CCSD singlet pair energy             -0.604242527808
  CCSD triplet pair energy             -0.278764588601
  CCSD correlation energy              -0.883007361943

  Triples (T) contribution             -0.036405439458
  Total correlation energy             -0.919412801401

  CCSD total energy                  -232.739943102415
  CCSD[T] energy                     -232.777110761707
  CCSD-T energy                      -232.776005167884
 !CCSD(T) total energy               -232.776348541872

 Timing summary (sec):

 STEP                 CPU(USER)    SYS     CPU(TOT)    WALL
 Transformation          6.42      0.77      7.19      7.18
 CCSD iterations        38.01      2.95     40.96     40.93
 Triples                85.26      1.80     87.06     87.00

 Program statistics:

 Available memory in ccsd:             24999998876
 Min. memory needed in ccsd:               7907317
 Max. memory used in ccsd:                10730933
 Max. memory used in cckext:               9034986 ( 9 integral passes)



 **********************************************************************************************************************************
 DATASETS  * FILE   NREC   LENGTH (MB)   RECORD NAMES
              1      19      318.33       500      610      700      900      950      970     1000      129      960     1100   
                                          VAR    BASINP    GEOM    SYMINP    ZMAT    AOBASIS   BASIS     P2S    ABASIS      S 
                                         1400     1410     1200     1210     1080     1600     1650     1700     1380   
                                           T        V       H0       H01     AOSYM     SMH    MOLCAS    OPER     JKOP   

              2       4        3.63       700     1000      520     2100   
                                         GEOM     BASIS   MCVARS     RHF  

 PROGRAMS   *        TOTAL   CCSD(T)        HF       INT
 CPU TIMES  *       141.35    129.73      1.57      9.88
 REAL TIME  *       161.68 SEC
 DISK USED  *         3.01 GB      
 SF USED    *       579.40 MB      
 GA USED    *         0.00 MB       (max)       0.00 MB       (current)
 **********************************************************************************************************************************

 CCSD(T)/O=AVDZ,C=AVDZ,H=VDZ energy=   -232.776348541872

        CCSD(T)         HF-SCF  
   -232.77634854   -231.85693574
 **********************************************************************************************************************************
 Molpro calculation terminated
 Variable memory released

 Fortran compiler diagnostic
 ***************************

 integer size                  8
 double precision size         8
 logical size                  8

 diagnostic completed successfully
