
 Primary working directories    : /scratch/saurabh/PBS_8053973.helios
 Secondary working directories  : /scratch/saurabh/PBS_8053973.helios
 Wavefunction directory         : /scratch/saurabh/PBS_8053973.helios/
 Main file repository           : /scratch/saurabh/PBS_8053973.helios/

 SHA1      : f6387f0c468d0184d0b38d85973bdb066f718752
 NAME      : 2015.1.44
 ARCHNAME  : linux/x86_64
 FC        : /opt/may/bin/gfortran
 BLASLIB   : -Wl,-_start-group /opt/intel/mkl/lib/intel64/libmkl_gf_ilp64.a /opt/intel/mkl/lib/intel64/libmkl_gnu_thread.a /opt/intel/mkl/lib/intel64/libmkl_core.a -Wl,-_end-group
 id        : ramakrishnan

 Nodes             nprocs
 hel05.tifrh.res.in    8

 Using DEFAULT tuning parameter for ncache   :   16384
 Using DEFAULT tuning parameter for mflopdgm :   10000
 Using DEFAULT tuning parameter for mflopdgv :    4000
 Using DEFAULT tuning parameter for mflopmxm :    5000
 Using DEFAULT tuning parameter for mflopmxv :    4000
 Using DEFAULT tuning parameter for mindgm   :       1
 Using DEFAULT tuning parameter for mindgc   :       4
 Using DEFAULT tuning parameter for mindgf   :    5000
 Using DEFAULT tuning parameter for mindgl   :       4
 Using DEFAULT tuning parameter for mindgr   :       1
 Using DEFAULT tuning parameter for mindgv   :      20
 Using DEFAULT tuning parameter for mincuda  :     500
 Using DEFAULT tuning parameter for mxmblk   :      64
 Using DEFAULT tuning parameter for mxmbln   :      64
 Using DEFAULT tuning parameter for nroll    :       2
 Using custom tuning parameter for ngpus     :       0
 Using customized tuning parameters: mindgm=1; mindgv=20; mindgc=4; mindgr=1; noblas=0; minvec=7
 default implementation of scratch files=sf  

 ***,Mol_01
 memory,25,g
 geometry={
 C  -1.270924  -0.670120  0.194373
 C  -1.211941  0.815216   0.003325
 C  0.001758   1.472759   -0.092155
 C  1.213897   0.812327   0.003290
 C  1.269313   -0.673149  0.194400
 C  -0.001619  -1.357184  -0.327410
 H  -0.002886  -2.414228  -0.056089
 H  -0.001543  -1.307736  -1.419272
 H  1.397519   -0.901934  1.261986
 H  2.151420   -1.087820  -0.300069
 H  2.140012   1.370470   -0.036080
 H  0.003020   2.547855   -0.231153
 H  -2.136708  1.375592   -0.036047
 H  -2.154005  -1.082653  -0.300149
 H  -1.399736  -0.898646  1.261941
  }
 basis,O=AVTZ,C=AVTZ,H=VTZ
 {rhf
 wf,45,1,1
 }
 uccsd(t);
 

 Fortran compiler diagnostic
 ***************************

 integer size                  8
 double precision size         8
 logical size                  8

 diagnostic completed successfully

 Variables initialized (889), CPU time= 0.01 sec
 Commands  initialized (702), CPU time= 0.02 sec, 572 directives.
 Default parameters read. Elapsed time= 0.09 sec

 Using DEFAULT tuning parameter for mpplat   :       3
 Using DEFAULT tuning parameter for mppspeed :    1600
 Checking input...
 Passed
1


                                         ***  PROGRAM SYSTEM MOLPRO  ***
                                       Copyright, TTI GmbH Stuttgart, 2015
                                    Version 2015.1 linked Jun  9 2019 06:55:40


 **********************************************************************************************************************************
 LABEL *   Mol_01                                                                        
  64 bit mpp version                                                                     DATE: 05-Apr-22          TIME: 16:37:46  
 **********************************************************************************************************************************

 SHA1:             f6387f0c468d0184d0b38d85973bdb066f718752
 **********************************************************************************************************************************

Geometry recognized as XYZ


 Variable memory set to ********** words,  buffer space   230000 words

 SETTING BASIS          =    O=AVTZ,C=AVTZ,H=VTZ


 Recomputing integrals since basis changed


 Using spherical harmonics

 Library entry C      S aug-cc-pVTZ          selected for orbital group  1
 Library entry C      P aug-cc-pVTZ          selected for orbital group  1
 Library entry C      D aug-cc-pVTZ          selected for orbital group  1
 Library entry C      F aug-cc-pVTZ          selected for orbital group  1
 Library entry H      S cc-pVTZ              selected for orbital group  2
 Library entry H      P cc-pVTZ              selected for orbital group  2
 Library entry H      D cc-pVTZ              selected for orbital group  2


 PROGRAM * SEWARD (Integral evaluation for generally contracted gaussian basis sets)     Author: Roland Lindh, 1990

 Geometry written to block  1 of record 700


 Point group  C1  



 ATOMIC COORDINATES

 NR  ATOM    CHARGE       X              Y              Z

   1  C       6.00   -2.401698285   -1.266343271    0.367311736
   2  C       6.00   -2.290236569    1.540534972    0.006283339
   3  C       6.00    0.003322139    2.783111157   -0.174147711
   4  C       6.00    2.293932873    1.535075554    0.006217199
   5  C       6.00    2.398653936   -1.272067251    0.367362759
   6  C       6.00   -0.003059467   -2.564706061   -0.618715230
   7  H       1.00   -0.005453750   -4.562229722   -0.105992849
   8  H       1.00   -0.002915847   -2.471262883   -2.682035376
   9  H       1.00    2.640928164   -1.704408242    2.384807913
  10  H       1.00    4.065594579   -2.055681873   -0.567048228
  11  H       1.00    4.044036583    2.589812962   -0.068181319
  12  H       1.00    0.005706973    4.814748155   -0.436815863
  13  H       1.00   -4.037792928    2.599492139   -0.068118958
  14  H       1.00   -4.070479521   -2.045917658   -0.567199407
  15  H       1.00   -2.645117687   -1.698194823    2.384722875

 Bond lengths in Bohr (Angstrom)

  1- 2  2.832195383   1- 6  2.900252281   1-14  2.065400231   1-15  2.077425444   2- 3  2.614758590
       ( 1.498733254)       ( 1.534747413)       ( 1.092962734)       ( 1.099326202)       ( 1.383670658)

  2-13  2.044719837   3- 4  2.614769953   3-12  2.048548055   4- 5  2.832215271   4-11  2.044717373
       ( 1.082019140)       ( 1.383676671)       ( 1.084044946)       ( 1.498743778)       ( 1.082017837)

  5- 6  2.900257258   5- 9  2.077426409   5-10  2.065397510   6- 7  2.062278049   6- 8  2.065434984
       ( 1.534750047)       ( 1.099326713)       ( 1.092961294)       ( 1.091310546)       ( 1.092981124)

 Bond angles

  1- 2- 3  120.94970700   1- 2-13  118.96476507   1- 6- 5  111.70082671   1- 6- 7  110.37297677

  1- 6- 8  108.62880750   2- 1- 6  111.57900450   2- 1-14  110.37677694   2- 1-15  109.53738463

  2- 3- 4  122.46835041   2- 3-12  118.76135397   3- 2-13  120.06980772   3- 4- 5  120.94825699

  3- 4-11  120.07185775   4- 3-12  118.76294631   4- 5- 6  111.57871597   4- 5- 9  109.53698543

  4- 5-10  110.37700051   5- 4-11  118.96407123   5- 6- 7  110.37328213   5- 6- 8  108.62827695

  6- 1-14  110.20795924   6- 1-15  109.51201933   6- 5- 9  109.51171022   6- 5-10  110.20796119

  7- 6- 8  106.98886134   9- 5-10  105.44228783  14- 1-15  105.44146543

 NUCLEAR CHARGE:                   45
 NUMBER OF PRIMITIVE AOS:         555
 NUMBER OF SYMMETRY AOS:          492
 NUMBER OF CONTRACTIONS:          402   ( 402A   )
 NUMBER OF CORE ORBITALS:           6   (   6A   )
 NUMBER OF VALENCE ORBITALS:       33   (  33A   )


 NUCLEAR REPULSION ENERGY  227.62947887


 Eigenvalues of metric

         1 0.134E-04 0.148E-04 0.205E-04 0.256E-04 0.268E-04 0.321E-04 0.394E-04 0.603E-04


 Contracted 2-electron integrals neglected if value below      1.0D-12
 AO integral compression algorithm  1   Integral accuracy      1.0D-12

     14159.970 MB (compressed) written to integral file ( 50.7%)

     Node minimum: 1690.567 MB, node maximum: 1885.602 MB


 NUMBER OF SORTED TWO-ELECTRON INTEGRALS:  410103000.     BUFFER LENGTH:  32768
 NUMBER OF SEGMENTS:  13  SEGMENT LENGTH:   31996696      RECORD LENGTH: 524288

 Memory used in sort:      32.55 MW

 SORT1 READ  3491184163. AND WROTE   387916665. INTEGRALS IN   1117 RECORDS. CPU TIME:    49.39 SEC, REAL TIME:    52.82 SEC
 SORT2 READ  3102265693. AND WROTE  3280783506. INTEGRALS IN  53488 RECORDS. CPU TIME:     7.65 SEC, REAL TIME:    89.73 SEC

 Node minimum:   410062500.  Node maximum:   410133378. integrals

 OPERATOR DM      FOR CENTER  0  COORDINATES:    0.000000    0.000000    0.000000


 **********************************************************************************************************************************
 DATASETS  * FILE   NREC   LENGTH (MB)   RECORD NAMES
              1      18       26.06       500      610      700      900      950      970     1000      129      960     1100   
                                          VAR    BASINP    GEOM    SYMINP    ZMAT    AOBASIS   BASIS     P2S    ABASIS      S 
                                         1400     1410     1200     1210     1080     1600     1650     1700   
                                           T        V       H0       H01     AOSYM     SMH    MOLCAS    OPER   

 PROGRAMS   *        TOTAL       INT
 CPU TIMES  *        90.75     90.59
 REAL TIME  *       189.04 SEC
 DISK USED  *        51.24 GB      
 GA USED    *         0.01 MB       (max)       0.00 MB       (current)
 **********************************************************************************************************************************


 PROGRAM * RHF-SCF (OPEN SHELL)       Authors: W. Meyer, H.-J. Werner


 NUMBER OF ELECTRONS:      23+   22-    SPACE SYMMETRY=1    SPIN SYMMETRY: Doublet 
 CONVERGENCE THRESHOLDS:    1.00E-05 (Density)    1.00E-07 (Energy)
 MAX. NUMBER OF ITERATIONS:       60
 INTERPOLATION TYPE:            DIIS
 INTERPOLATION STEPS:              2 (START)      1 (STEP)
 LEVEL SHIFTS:                 -0.60 (CLOSED) -0.30 (OPEN) 



 Orbital guess generated from atomic densities. Full valence occupancy:   39

 Molecular orbital dump at record        2100.2

 Initial alpha occupancy:  23
 Initial beta  occupancy:  22
 Wave function symmetry:    1

 ITERATION    DDIFF          GRAD             ENERGY        2-EL.EN.            DIPOLE MOMENTS         DIIS   ORB.
    1      0.000D+00      0.000D+00      -232.39810134    610.869861   -0.00059   -0.47316    0.14828    0    start
    2      0.000D+00      0.222D-02      -232.45727554    607.258960   -0.00035   -0.27790    0.06290    1    diag,B
    3      0.235D-02      0.910D-03      -232.47133774    607.420490   -0.00028   -0.22557    0.05035    2    diag,B
    4      0.941D-03      0.382D-03      -232.47497359    607.314954   -0.00025   -0.19944    0.04470    3    diag,B
    5      0.553D-03      0.104D-03      -232.47529465    607.296414   -0.00024   -0.19496    0.04521    4    diag,B
    6      0.261D-03      0.330D-04      -232.47533152    607.277772   -0.00024   -0.19351    0.04608    5    diag,B
    7      0.115D-03      0.104D-04      -232.47533527    607.272901   -0.00024   -0.19256    0.04642    6    fixocc
    8      0.467D-04      0.380D-05      -232.47533580    607.271477   -0.00023   -0.19219    0.04661    7    diag,B
    9      0.214D-04      0.160D-05      -232.47533591    607.271184   -0.00023   -0.19199    0.04671    8    diag,B
   10      0.117D-04      0.557D-06      -232.47533592    607.271096   -0.00023   -0.19192    0.04673    9    orth
   11      0.497D-05      0.165D-06      -232.47533592    607.271104   -0.00023   -0.19191    0.04672    0    orth

 Final alpha occupancy:  23
 Final beta  occupancy:  22

 !RHF STATE 1.1 Energy               -232.475335920462
 Nuclear energy                       227.62947887
 One-electron energy                 -763.74036677
 Two-electron energy                  303.63555198
 Virial quotient                       -1.00122486
 !RHF STATE 1.1 Dipole moment          -0.00022952    -0.19191284     0.04672448
 Dipole moment /Debye                  -0.00058333    -0.48776184     0.11875400

 Orbital energies:

         1.1          2.1          3.1          4.1          5.1          6.1          7.1          8.1          9.1         10.1
    -11.226599   -11.226447   -11.223324   -11.223275   -11.221490   -11.219726    -1.121550    -1.007593    -0.997932    -0.827809

        11.1         12.1         13.1         14.1         15.1         16.1         17.1         18.1         19.1         20.1
     -0.827684    -0.686969    -0.677185    -0.609515    -0.571358    -0.560104    -0.551211    -0.543610    -0.486202    -0.455495

        21.1         22.1         23.1         24.1         25.1
     -0.453578    -0.384537    -0.262874     0.052480     0.056605

 HOMO     23.1    -0.262874 =      -7.1532eV
 LUMO     24.1     0.052480 =       1.4280eV
 LUMO-HOMO         0.315354 =       8.5812eV


 **********************************************************************************************************************************
 DATASETS  * FILE   NREC   LENGTH (MB)   RECORD NAMES
              1      18       26.06       500      610      700      900      950      970     1000      129      960     1100   
                                          VAR    BASINP    GEOM    SYMINP    ZMAT    AOBASIS   BASIS     P2S    ABASIS      S 
                                         1400     1410     1200     1210     1080     1600     1650     1700   
                                           T        V       H0       H01     AOSYM     SMH    MOLCAS    OPER   

              2       4        7.59       700     1000      520     2100   
                                         GEOM     BASIS   MCVARS     RHF  

 PROGRAMS   *        TOTAL       RHF       INT
 CPU TIMES  *       152.40     61.64     90.59
 REAL TIME  *       255.16 SEC
 DISK USED  *        51.70 GB      
 SF USED    *         0.65 MB      
 GA USED    *         0.01 MB       (max)       0.00 MB       (current)
 **********************************************************************************************************************************


 PROGRAM * CCSD (Unrestricted open-shell coupled cluster)     Authors: C. Hampel, H.-J. Werner, 1991, M. Deegan, P.J. Knowles, 1992


 Convergence thresholds:  THRVAR = 1.00D-08  THRDEN = 1.00D-06

 CCSD(T)     terms to be evaluated (factor= 1.000)


 Number of core orbitals:           6 (   6 )
 Number of closed-shell orbitals:  16 (  16 )
 Number of active  orbitals:        1 (   1 )
 Number of external orbitals:     379 ( 379 )

 Memory could be reduced to 1480.45 Mwords without degradation in triples

 Number of N-1 electron functions:              33
 Number of N-2 electron functions:             528
 Number of singly external CSFs:             12540
 Number of doubly external CSFs:          57711360
 Total number of CSFs:                    57723900

 Molecular orbitals read from record     2100.2  Type=RHF/CANONICAL (state 1.1)

 Integral transformation finished. Total CPU: 164.87 sec, npass=  1  Memory used: 630.06 MW

 Starting RMP2 calculation

 ITER.      SQ.NORM     CORR.ENERGY   TOTAL ENERGY   ENERGY CHANGE        DEN1      VAR(S)    VAR(P)  DIIS     TIME
   1      1.32974155    -1.00114791  -233.47648383    -1.00114791    -0.00392308  0.12D-03  0.16D-02  1  1   179.21
   2      1.33387505    -1.00537769  -233.48071361    -0.00422978    -0.00000858  0.15D-05  0.49D-05  2  2   188.96
   3      1.33404393    -1.00545368  -233.48078960    -0.00007599    -0.00000007  0.11D-07  0.46D-07  3  3   199.02
   4      1.33405122    -1.00545488  -233.48079080    -0.00000120    -0.00000000  0.33D-10  0.18D-09  4  4   209.97
   5      1.33405129    -1.00545491  -233.48079084    -0.00000003    -0.00000000  0.39D-12  0.66D-12  5  5   222.47

 Norm of t1 vector:      0.09286444      S-energy:    -0.00691061      T1 diagnostic:  0.00018733
 Norm of t2 vector:      0.57046252      P-energy:    -0.99854431
                                         Alpha-Beta:  -0.76427630
                                         Alpha-Alpha: -0.12446393
                                         Beta-Beta:   -0.10980408

 Spin contamination <S**2-Sz**2-Sz>     0.00428482
  Reference energy                   -232.475335920461
  RHF-RMP2 correlation energy          -1.005454914765
 !RHF-RMP2 energy                    -233.480790835226

 Starting UCCSD calculation

 ITER.      SQ.NORM     CORR.ENERGY   TOTAL ENERGY   ENERGY CHANGE        DEN1      VAR(S)    VAR(P)  DIIS     TIME
   1      1.34099104    -1.01606410  -233.49140002    -1.01606410    -0.02724422  0.33D-02  0.66D-02  1  1   462.29
   2      1.37207121    -1.04445923  -233.51979515    -0.02839512    -0.00200370  0.36D-03  0.66D-03  2  2   701.60
   3      1.38117887    -1.04864280  -233.52397872    -0.00418358    -0.00022428  0.60D-04  0.70D-04  3  3   939.84
   4      1.38557837    -1.05004021  -233.52537613    -0.00139740    -0.00002763  0.14D-04  0.76D-05  4  4  1178.92
   5      1.38697719    -1.05027580  -233.52561172    -0.00023559    -0.00000424  0.28D-05  0.85D-06  5  5  1417.33
   6      1.38747019    -1.05031803  -233.52565395    -0.00004224    -0.00000069  0.45D-06  0.14D-06  6  6  1659.07
   7      1.38760569    -1.05032760  -233.52566352    -0.00000957    -0.00000015  0.94D-07  0.38D-07  6  1  1901.02
   8      1.38765177    -1.05032242  -233.52565834     0.00000518    -0.00000003  0.11D-07  0.15D-07  6  3  2113.36
   9      1.38766900    -1.05032683  -233.52566275    -0.00000440    -0.00000001  0.19D-08  0.25D-08  6  2  2318.78
  10      1.38767535    -1.05032750  -233.52566342    -0.00000068    -0.00000000  0.19D-09  0.42D-09  6  4  2524.06

 Norm of t1 vector:      0.14368692      S-energy:    -0.00858360      T1 diagnostic:  0.00998794
                                                                       D1 diagnostic:  0.02355687
 Norm of t2 vector:      0.60582953      P-energy:    -1.04174390
                                         Alpha-Beta:  -0.82778161
                                         Alpha-Alpha: -0.11426322
                                         Beta-Beta:   -0.09969907

 Doubles amplitudes (print threshold =  0.500E-01):

         I         J         SYM. A    SYM. B    A         B      T(IJ, AB) [Alpha-Beta]

        17        16         1         1        21         1     -0.05450886

 Spin contamination <S**2-Sz**2-Sz>     0.00956017

 Memory could be reduced to 1567.20 Mwords without degradation in triples


 RESULTS
 =======

  Reference energy                   -232.475335920461
  UCCSD singles energy                 -0.008583603653
  UCCSD pair energy                    -1.041743900592
  UCCSD correlation energy             -1.050327504246
  Triples (T) contribution             -0.048274099320
  Total correlation energy             -1.098601603566

  RHF-UCCSD energy                   -233.525663424707
  RHF-UCCSD[T] energy                -233.574584023904
  RHF-UCCSD-T energy                 -233.573593075988
 !RHF-UCCSD(T) energy                -233.573937524027

 Program statistics:

 Available memory in ccsd:             24999997418
 Min. memory needed in ccsd:             160133501
 Max. memory used in ccsd:               233635519
 Max. memory used in cckext:             175674484 (10 integral passes)
 Max. memory used in cckint:             630064032 ( 1 integral passes)



 **********************************************************************************************************************************
 DATASETS  * FILE   NREC   LENGTH (MB)   RECORD NAMES
              1      18       26.06       500      610      700      900      950      970     1000      129      960     1100   
                                          VAR    BASINP    GEOM    SYMINP    ZMAT    AOBASIS   BASIS     P2S    ABASIS      S 
                                         1400     1410     1200     1210     1080     1600     1650     1700   
                                           T        V       H0       H01     AOSYM     SMH    MOLCAS    OPER   

              2       4        7.59       700     1000      520     2100   
                                         GEOM     BASIS   MCVARS     RHF  

 PROGRAMS   *        TOTAL  UCCSD(T)       RHF       INT
 CPU TIMES  *      7380.55   7228.15     61.64     90.59
 REAL TIME  *      7671.12 SEC
 DISK USED  *       110.08 GB      
 SF USED    *        28.57 GB      
 GA USED    *         0.01 MB       (max)       0.00 MB       (current)
 **********************************************************************************************************************************

 UCCSD(T)/O=AVTZ,C=AVTZ,H=VTZ energy=   -233.573937524027

        UCCSD(T)        RHF-SCF 
   -233.57393752   -232.47533592
 **********************************************************************************************************************************
 Molpro calculation terminated
 Variable memory released

 Fortran compiler diagnostic
 ***************************

 integer size                  8
 double precision size         8
 logical size                  8

 diagnostic completed successfully
