
 Primary working directories    : /scratch/saurabh/PBS_8053989.helios
 Secondary working directories  : /scratch/saurabh/PBS_8053989.helios
 Wavefunction directory         : /scratch/saurabh/PBS_8053989.helios/
 Main file repository           : /scratch/saurabh/PBS_8053989.helios/

 SHA1      : f6387f0c468d0184d0b38d85973bdb066f718752
 NAME      : 2015.1.44
 ARCHNAME  : linux/x86_64
 FC        : /opt/may/bin/gfortran
 BLASLIB   : -Wl,-_start-group /opt/intel/mkl/lib/intel64/libmkl_gf_ilp64.a /opt/intel/mkl/lib/intel64/libmkl_gnu_thread.a /opt/intel/mkl/lib/intel64/libmkl_core.a -Wl,-_end-group
 id        : ramakrishnan

 Nodes             nprocs
 hel02.tifrh.res.in    8

 Using DEFAULT tuning parameter for ncache   :   16384
 Using DEFAULT tuning parameter for mflopdgm :   10000
 Using DEFAULT tuning parameter for mflopdgv :    4000
 Using DEFAULT tuning parameter for mflopmxm :    5000
 Using DEFAULT tuning parameter for mflopmxv :    4000
 Using DEFAULT tuning parameter for mindgm   :       1
 Using DEFAULT tuning parameter for mindgc   :       4
 Using DEFAULT tuning parameter for mindgf   :    5000
 Using DEFAULT tuning parameter for mindgl   :       4
 Using DEFAULT tuning parameter for mindgr   :       1
 Using DEFAULT tuning parameter for mindgv   :      20
 Using DEFAULT tuning parameter for mincuda  :     500
 Using DEFAULT tuning parameter for mxmblk   :      64
 Using DEFAULT tuning parameter for mxmbln   :      64
 Using DEFAULT tuning parameter for nroll    :       2
 Using custom tuning parameter for ngpus     :       0
 Using customized tuning parameters: mindgm=1; mindgv=20; mindgc=4; mindgr=1; noblas=0; minvec=7
 default implementation of scratch files=sf  

 ***,Mol_05
 memory,64,g
 geometry={
 C  -1.190453  -0.728182  -0.241210
 C  0.113603   -1.419299  0.063434
 C  1.254089   -0.723538  0.106387
 C  1.254089   0.723538   -0.106387
 C  0.113603   1.419299   -0.063434
 C  -1.190453  0.728182   0.241210
 H  -2.028422  1.269349   -0.200715
 H  -1.351022  0.756441   1.327964
 H  0.117014   2.495348   -0.184809
 H  2.198996   -1.223417  0.278247
 H  0.117013   -2.495348  0.184809
 H  -2.028422  -1.269349  0.200715
 H  -1.351022  -0.756441  -1.327964
 H  2.198996   1.223417   -0.278247
  }
 basis,O=AVQZ,C=AVQZ,H=VQZ
 hf;
 ccsd(t);
 

 Fortran compiler diagnostic
 ***************************

 integer size                  8
 double precision size         8
 logical size                  8

 diagnostic completed successfully

 Variables initialized (889), CPU time= 0.02 sec
 Commands  initialized (702), CPU time= 0.01 sec, 572 directives.
 Default parameters read. Elapsed time= 0.11 sec

 Using DEFAULT tuning parameter for mpplat   :       3
 Using DEFAULT tuning parameter for mppspeed :    1600
 Checking input...
 Passed
1


                                         ***  PROGRAM SYSTEM MOLPRO  ***
                                       Copyright, TTI GmbH Stuttgart, 2015
                                    Version 2015.1 linked Jun  9 2019 06:55:40


 **********************************************************************************************************************************
 LABEL *   Mol_05                                                                        
  64 bit mpp version                                                                     DATE: 06-Apr-22          TIME: 13:22:01  
 **********************************************************************************************************************************

 SHA1:             f6387f0c468d0184d0b38d85973bdb066f718752
 **********************************************************************************************************************************

Geometry recognized as XYZ


 Variable memory set to ********** words,  buffer space   230000 words

 SETTING BASIS          =    O=AVQZ,C=AVQZ,H=VQZ


 Recomputing integrals since basis changed


 Using spherical harmonics

 Library entry C      S aug-cc-pVQZ          selected for orbital group  1
 Library entry C      P aug-cc-pVQZ          selected for orbital group  1
 Library entry C      D aug-cc-pVQZ          selected for orbital group  1
 Library entry C      F aug-cc-pVQZ          selected for orbital group  1
 Library entry C      G aug-cc-pVQZ          selected for orbital group  1
 Library entry H      S cc-pVQZ              selected for orbital group  2
 Library entry H      P cc-pVQZ              selected for orbital group  2
 Library entry H      D cc-pVQZ              selected for orbital group  2
 Library entry H      F cc-pVQZ              selected for orbital group  2


 PROGRAM * SEWARD (Integral evaluation for generally contracted gaussian basis sets)     Author: Roland Lindh, 1990

 Geometry written to block  1 of record 700


 Point group  C1  



 ATOMIC COORDINATES

 NR  ATOM    CHARGE       X              Y              Z

   1  C       6.00   -2.249630134   -1.376064549   -0.455820839
   2  C       6.00    0.214678557   -2.682086399    0.119872887
   3  C       6.00    2.369884746   -1.367288661    0.201042293
   4  C       6.00    2.369884746    1.367288661   -0.201042293
   5  C       6.00    0.214678557    2.682086399   -0.119872887
   6  C       6.00   -2.249630134    1.376064549    0.455820839
   7  H       1.00   -3.833162045    2.398721966   -0.379296379
   8  H       1.00   -2.553061568    1.429466319    2.509488263
   9  H       1.00    0.221124413    4.715524305   -0.349238395
  10  H       1.00    4.155500189   -2.311923066    0.525810625
  11  H       1.00    0.221122523   -4.715524305    0.349238395
  12  H       1.00   -3.833162045   -2.398721966    0.379296379
  13  H       1.00   -2.553061568   -1.429466319   -2.509488263
  14  H       1.00    4.155500189    2.311923066   -0.525810625

 Bond lengths in Bohr (Angstrom)

  1- 2  2.847794526   1- 6  2.899190425   1-12  2.061752234   1-13  2.076649291   2- 3  2.525904844
       ( 1.506987965)       ( 1.534185503)       ( 1.091032297)       ( 1.098915480)       ( 1.336651280)

  2-11  2.046343026   3- 4  2.763979946   3-10  2.046028138   4- 5  2.525904844   4-14  2.046028138
       ( 1.082878095)       ( 1.462635199)       ( 1.082711463)       ( 1.336651280)       ( 1.082711463)

 5-6  2.847794526  5-9  2.046343032  6-7  2.061752234  6-8  2.076649291
     ( 1.506987965)     ( 1.082878098)     ( 1.091032297)     ( 1.098915480)

 Bond angles

  1- 2- 3  120.40587420   1- 2-11  118.75723887   1- 6- 5  111.82534406   1- 6- 7  110.08940420

  1- 6- 8  109.59552568   2- 1- 6  111.82534406   2- 1-12  110.80976222   2- 1-13  108.33446975

  2- 3- 4  120.68471143   2- 3-10  120.62530822   3- 2-11  120.72740081   3- 4- 5  120.68471143

  3- 4-14  118.67701094   4- 3-10  118.67701094   4- 5- 6  120.40587420   4- 5- 9  120.72734819

  5- 4-14  120.62530822   5- 6- 7  110.80976222   5- 6- 8  108.33446975   6- 1-12  110.08940420

  6- 1-13  109.59552568   6- 5- 9  118.75729101   7- 6- 8  105.99716844  12- 1-13  105.99716844

 NUCLEAR CHARGE:                   44
 NUMBER OF PRIMITIVE AOS:        1004
 NUMBER OF SYMMETRY AOS:          814
 NUMBER OF CONTRACTIONS:          720   ( 720A   )
 NUMBER OF CORE ORBITALS:           6   (   6A   )
 NUMBER OF VALENCE ORBITALS:       32   (  32A   )


 NUCLEAR REPULSION ENERGY  219.47327500


 Eigenvalues of metric

         1 0.284E-05 0.352E-05 0.538E-05 0.616E-05 0.675E-05 0.698E-05 0.856E-05 0.108E-04


 Contracted 2-electron integrals neglected if value below      1.0D-12
 AO integral compression algorithm  1   Integral accuracy      1.0D-12

     123335.868 MB (compressed) written to integral file ( 43.7%)

     Node minimum: 14964.228 MB, node maximum: 15881.470 MB


 NUMBER OF SORTED TWO-ELECTRON INTEGRALS: 4210841880.     BUFFER LENGTH:  32768
 NUMBER OF SEGMENTS: 132  SEGMENT LENGTH:   31998192      RECORD LENGTH: 131072

 Memory used in sort:      32.16 MW

 SORT1 READ 35284446851. AND WROTE  3656857789. INTEGRALS IN  41913 RECORDS. CPU TIME:  1702.58 SEC, REAL TIME:  1934.40 SEC
 SORT2 READ 29257031265. AND WROTE 33685826580. INTEGRALS IN 456672 RECORDS. CPU TIME:   114.34 SEC, REAL TIME:  5179.51 SEC

 Node minimum:  4210614765.  Node maximum:  4210841880. integrals

 OPERATOR DM      FOR CENTER  0  COORDINATES:    0.000000    0.000000    0.000000


 **********************************************************************************************************************************
 DATASETS  * FILE   NREC   LENGTH (MB)   RECORD NAMES
              1      18       39.01       500      610      700      900      950      970     1000      129      960     1100   
                                          VAR    BASINP    GEOM    SYMINP    ZMAT    AOBASIS   BASIS     P2S    ABASIS      S 
                                         1400     1410     1200     1210     1080     1600     1650     1700   
                                           T        V       H0       H01     AOSYM     SMH    MOLCAS    OPER   

 PROGRAMS   *        TOTAL       INT
 CPU TIMES  *      2129.97   2129.77
 REAL TIME  *      7581.19 SEC
 DISK USED  *       473.95 GB      
 GA USED    *         0.02 MB       (max)       0.00 MB       (current)
 **********************************************************************************************************************************


 PROGRAM * RHF-SCF (CLOSED SHELL)       Authors: W. Meyer, H.-J. Werner


 NUMBER OF ELECTRONS:      22+   22-    SPACE SYMMETRY=1    SPIN SYMMETRY: Singlet 
 CONVERGENCE THRESHOLDS:    1.00E-05 (Density)    1.00E-07 (Energy)
 MAX. NUMBER OF ITERATIONS:       60
 INTERPOLATION TYPE:            DIIS
 INTERPOLATION STEPS:              2 (START)      1 (STEP)
 LEVEL SHIFTS:                  0.00 (CLOSED)  0.00 (OPEN) 



 Orbital guess generated from atomic densities. Full valence occupancy:   38

 Molecular orbital dump at record        2100.2

 Initial occupancy:  22

 ITERATION    DDIFF          GRAD             ENERGY        2-EL.EN.            DIPOLE MOMENTS         DIIS   ORB.
    1      0.000D+00      0.000D+00      -231.85009041    594.586487   -0.46832   -0.00000    0.00000    0    start
    2      0.000D+00      0.174D-02      -231.91435976    588.700971   -0.13738   -0.00000    0.00000    1    diag
    3      0.159D-02      0.737D-03      -231.92376104    591.544470   -0.23664   -0.00000    0.00000    2    diag
    4      0.468D-03      0.251D-03      -231.92542089    590.872215   -0.19802   -0.00000    0.00000    3    diag
    5      0.222D-03      0.352D-04      -231.92546761    590.855952   -0.20475   -0.00000    0.00000    4    diag
    6      0.449D-04      0.137D-04      -231.92547264    590.862849   -0.19937   -0.00000    0.00000    5    diag
    7      0.131D-04      0.480D-05      -231.92547335    590.861307   -0.20057   -0.00000    0.00000    6    diag
    8      0.494D-05      0.116D-05      -231.92547342    590.861927   -0.20016   -0.00000    0.00000    7    diag
    9      0.144D-05      0.460D-06      -231.92547343    590.861669   -0.20026   -0.00000    0.00000    0    orth

 Final occupancy:  22

 !RHF STATE 1.1 Energy               -231.925473429461
 Nuclear energy                       219.47327500
 One-electron energy                 -746.82958284
 Two-electron energy                  295.43083441
 Virial quotient                       -1.00096487
 !RHF STATE 1.1 Dipole moment          -0.20025757    -0.00000005     0.00000003
 Dipole moment /Debye                  -0.50897062    -0.00000012     0.00000007

 Orbital energies:

         1.1          2.1          3.1          4.1          5.1          6.1          7.1          8.1          9.1         10.1
    -11.226547   -11.226482   -11.225661   -11.225112   -11.222323   -11.221526    -1.129722    -1.008938    -1.005148    -0.845811

        11.1         12.1         13.1         14.1         15.1         16.1         17.1         18.1         19.1         20.1
     -0.802547    -0.687217    -0.670962    -0.607981    -0.585684    -0.578448    -0.544601    -0.514374    -0.475719    -0.455025

        21.1         22.1         23.1         24.1
     -0.422842    -0.301286     0.044691     0.047503

 HOMO     22.1    -0.301286 =      -8.1984eV
 LUMO     23.1     0.044691 =       1.2161eV
 LUMO-HOMO         0.345977 =       9.4145eV


 **********************************************************************************************************************************
 DATASETS  * FILE   NREC   LENGTH (MB)   RECORD NAMES
              1      18       39.01       500      610      700      900      950      970     1000      129      960     1100   
                                          VAR    BASINP    GEOM    SYMINP    ZMAT    AOBASIS   BASIS     P2S    ABASIS      S 
                                         1400     1410     1200     1210     1080     1600     1650     1700   
                                           T        V       H0       H01     AOSYM     SMH    MOLCAS    OPER   

              2       4       13.48       700     1000      520     2100   
                                         GEOM     BASIS   MCVARS     RHF  

 PROGRAMS   *        TOTAL        HF       INT
 CPU TIMES  *      3216.83   1086.81   2129.77
 REAL TIME  *     12928.15 SEC
 DISK USED  *       474.64 GB      
 SF USED    *         2.08 MB      
 GA USED    *         0.02 MB       (max)       0.00 MB       (current)
 **********************************************************************************************************************************


 PROGRAM * CCSD (Closed-shell coupled cluster)     Authors: C. Hampel, H.-J. Werner, 1991, M. Deegan, P.J. Knowles, 1992


 Convergence thresholds:  THRVAR = 1.00D-08  THRDEN = 1.00D-06

 CCSD(T)     terms to be evaluated (factor= 1.000)


 Number of core orbitals:           6 (   6 )
 Number of closed-shell orbitals:  16 (  16 )
 Number of external orbitals:     698 ( 698 )

 Molecular orbitals read from record     2100.2  Type=RHF/CANONICAL (state 1.1)

 Number of N-1 electron functions:              16
 Number of N-2 electron functions:             136
 Number of singly external CSFs:             11168
 Number of doubly external CSFs:          62367696
 Total number of CSFs:                    62378865

 Length of J-op  integral file:               0.00 MB
 Length of K-op  integral file:              35.65 MB
 Length of 3-ext integral record:             0.00 MB

 Memory could be reduced to 6446.64 Mwords without degradation in triples

 Integral transformation finished. Total CPU:1681.08 sec, npass=  1  Memory used:3303.75 MW

 Reference energy:                   -231.92547343

 MP2 singlet pair energy:              -0.68347011
 MP2 triplet pair energy:              -0.35851039
 MP2 correlation energy:               -1.04198051
 MP2 total energy:                   -232.96745394

 SCS-MP2 correlation energy:           -1.04323727   (PS=  1.200000  PT=  0.333333)
 SCS-MP2 total energy:               -232.96871070

 ITER.      SQ.NORM     CORR.ENERGY   TOTAL ENERGY   ENERGY CHANGE        DEN1      VAR(S)    VAR(P)  DIIS     TIME  TIME/IT
   1      1.33990134    -1.06766613  -232.99313956    -0.02568562     0.00057203  0.42D-02  0.56D-02  1  1  2227.35   660.54
   2      1.36334730    -1.07158765  -232.99706108    -0.00392152    -0.02334724  0.81D-04  0.82D-03  2  2  2770.69   715.17
   3      1.37341688    -1.07175768  -232.99723111    -0.00017003    -0.00546529  0.34D-04  0.79D-04  3  3  3306.58   730.62
   4      1.37713144    -1.07181025  -232.99728368    -0.00005257    -0.00128852  0.32D-05  0.12D-04  4  4  3850.60   740.73
   5      1.37838336    -1.07184196  -232.99731539    -0.00003171    -0.00027171  0.62D-06  0.15D-05  5  5  4405.39   748.55
   6      1.37873498    -1.07183641  -232.99730984     0.00000555    -0.00004773  0.55D-07  0.17D-06  6  6  4955.51   752.63
   7      1.37879873    -1.07183354  -232.99730697     0.00000287    -0.00000556  0.16D-07  0.21D-07  6  2  5502.15   754.99
   8      1.37881257    -1.07183353  -232.99730696     0.00000000    -0.00000070  0.33D-08  0.36D-08  6  1  6052.01   757.03
   9      1.37881290    -1.07183377  -232.99730720    -0.00000024     0.00000136  0.93D-09  0.59D-09  6  4  6601.05   758.69

 Norm of t1 vector:      0.08727759      S-energy:    -0.00000028      T1 diagnostic:  0.01090970
                                                                       D1 diagnostic:  0.03426153

   CPU time for triples:   1905.10 sec for i =  1 -  4 / 16 (~   2.0 % done)
   CPU time for triples:   1921.71 sec for i =  5 - 10 / 16 (~  26.2 % done)
   CPU time for triples:   1924.34 sec for i = 11 - 12 / 16 (~  44.0 % done)
   CPU time for triples:   2894.21 sec for i = 13 - 14 / 16 (~  68.2 % done)
   CPU time for triples:   3636.76 sec for i = 15 - 16 / 16 (  100.0 % done)

 Total CPU time for triples:  12398.17 sec


 RESULTS
 =======

  Reference energy                   -231.925473429484
  CCSD singlet pair energy             -0.746337177570
  CCSD triplet pair energy             -0.325496318774
  CCSD correlation energy              -1.071833773836

  Triples (T) contribution             -0.053387539218
  Total correlation energy             -1.125221313053

  CCSD total energy                  -232.997307203319
  CCSD[T] energy                     -233.051831899718
  CCSD-T energy                      -233.050238129223
 !CCSD(T) total energy               -233.050694742537

 Timing summary (sec):

 STEP                 CPU(USER)    SYS     CPU(TOT)    WALL
 Transformation       1684.35     68.82   1753.17   1984.80
 CCSD iterations      4917.30    201.99   5119.29   6830.89
 Triples             12398.17    248.39  12646.56  13407.32

 Program statistics:

 Available memory in ccsd:             63999998876
 Min. memory needed in ccsd:             148705909
 Max. memory used in ccsd:               206765829
 Max. memory used in cckext:             145442524 ( 9 integral passes)



 **********************************************************************************************************************************
 DATASETS  * FILE   NREC   LENGTH (MB)   RECORD NAMES
              1      19    22690.08       500      610      700      900      950      970     1000      129      960     1100   
                                          VAR    BASINP    GEOM    SYMINP    ZMAT    AOBASIS   BASIS     P2S    ABASIS      S 
                                         1400     1410     1200     1210     1080     1600     1650     1700     1380   
                                           T        V       H0       H01     AOSYM     SMH    MOLCAS    OPER     JKOP   

              2       4       13.48       700     1000      520     2100   
                                         GEOM     BASIS   MCVARS     RHF  

 PROGRAMS   *        TOTAL   CCSD(T)        HF       INT
 CPU TIMES  *     22216.92  19000.03   1086.81   2129.77
 REAL TIME  *     35152.02 SEC
 DISK USED  *       503.63 GB      
 SF USED    *        28.02 GB      
 GA USED    *         0.02 MB       (max)       0.00 MB       (current)
 **********************************************************************************************************************************

 CCSD(T)/O=AVQZ,C=AVQZ,H=VQZ energy=   -233.050694742537

        CCSD(T)         HF-SCF  
   -233.05069474   -231.92547343
 **********************************************************************************************************************************
 Molpro calculation terminated
 Variable memory released

 Fortran compiler diagnostic
 ***************************

 integer size                  8
 double precision size         8
 logical size                  8

 diagnostic completed successfully
