
 Primary working directories    : /scratch/saurabh/PBS_8053966.helios
 Secondary working directories  : /scratch/saurabh/PBS_8053966.helios
 Wavefunction directory         : /scratch/saurabh/PBS_8053966.helios/
 Main file repository           : /scratch/saurabh/PBS_8053966.helios/

 SHA1      : f6387f0c468d0184d0b38d85973bdb066f718752
 NAME      : 2015.1.44
 ARCHNAME  : linux/x86_64
 FC        : /opt/may/bin/gfortran
 BLASLIB   : -Wl,-_start-group /opt/intel/mkl/lib/intel64/libmkl_gf_ilp64.a /opt/intel/mkl/lib/intel64/libmkl_gnu_thread.a /opt/intel/mkl/lib/intel64/libmkl_core.a -Wl,-_end-group
 id        : ramakrishnan

 Nodes             nprocs
 hel02.tifrh.res.in    8

 Using DEFAULT tuning parameter for ncache   :   16384
 Using DEFAULT tuning parameter for mflopdgm :   10000
 Using DEFAULT tuning parameter for mflopdgv :    4000
 Using DEFAULT tuning parameter for mflopmxm :    5000
 Using DEFAULT tuning parameter for mflopmxv :    4000
 Using DEFAULT tuning parameter for mindgm   :       1
 Using DEFAULT tuning parameter for mindgc   :       4
 Using DEFAULT tuning parameter for mindgf   :    5000
 Using DEFAULT tuning parameter for mindgl   :       4
 Using DEFAULT tuning parameter for mindgr   :       1
 Using DEFAULT tuning parameter for mindgv   :      20
 Using DEFAULT tuning parameter for mincuda  :     500
 Using DEFAULT tuning parameter for mxmblk   :      64
 Using DEFAULT tuning parameter for mxmbln   :      64
 Using DEFAULT tuning parameter for nroll    :       2
 Using custom tuning parameter for ngpus     :       0
 Using customized tuning parameters: mindgm=1; mindgv=20; mindgc=4; mindgr=1; noblas=0; minvec=7
 default implementation of scratch files=sf  

 ***,Mol_03
 memory,25,g
 geometry={
 C  -2.269576  -0.270483  -0.096576
 C  -1.682249  1.110892   -0.086820
 C  -0.401712  1.371823   0.158875
 C  0.603526   0.310707   0.499210
 C  0.021357   -1.055141  0.539334
 C  -1.191467  -1.354318  -0.268318
 H  -1.592942  -2.338914  -0.026702
 H  -0.916926  -1.386772  -1.334196
 H  0.589827   -1.850166  1.001169
 H  -0.030725  2.388525   0.140653
 H  -2.359938  1.935364   -0.279151
 H  -3.012008  -0.350157  -0.894120
 H  -2.817085  -0.434646  0.838365
 O  1.632009   0.442182   -0.537671
 H  1.101620   0.554259   1.441966
 O  2.831816   -0.216822  -0.055204
 H  2.848303   -1.001250  -0.619217
  }
 basis,O=AVTZ,C=AVTZ,H=VTZ
 {rhf
 wf,61,1,1
 }
 uccsd(t);
 

 Fortran compiler diagnostic
 ***************************

 integer size                  8
 double precision size         8
 logical size                  8

 diagnostic completed successfully

 Variables initialized (889), CPU time= 0.01 sec
 Commands  initialized (702), CPU time= 0.02 sec, 572 directives.
 Default parameters read. Elapsed time= 0.09 sec

 Using DEFAULT tuning parameter for mpplat   :       3
 Using DEFAULT tuning parameter for mppspeed :    1600
 Checking input...
 Passed
1


                                         ***  PROGRAM SYSTEM MOLPRO  ***
                                       Copyright, TTI GmbH Stuttgart, 2015
                                    Version 2015.1 linked Jun  9 2019 06:55:40


 **********************************************************************************************************************************
 LABEL *   Mol_03                                                                        
  64 bit mpp version                                                                     DATE: 05-Apr-22          TIME: 15:28:21  
 **********************************************************************************************************************************

 SHA1:             f6387f0c468d0184d0b38d85973bdb066f718752
 **********************************************************************************************************************************

Geometry recognized as XYZ


 Variable memory set to ********** words,  buffer space   230000 words

 SETTING BASIS          =    O=AVTZ,C=AVTZ,H=VTZ


 Recomputing integrals since basis changed


 Using spherical harmonics

 Library entry C      S aug-cc-pVTZ          selected for orbital group  1
 Library entry C      P aug-cc-pVTZ          selected for orbital group  1
 Library entry C      D aug-cc-pVTZ          selected for orbital group  1
 Library entry C      F aug-cc-pVTZ          selected for orbital group  1
 Library entry H      S cc-pVTZ              selected for orbital group  2
 Library entry H      P cc-pVTZ              selected for orbital group  2
 Library entry H      D cc-pVTZ              selected for orbital group  2
 Library entry O      S aug-cc-pVTZ          selected for orbital group  3
 Library entry O      P aug-cc-pVTZ          selected for orbital group  3
 Library entry O      D aug-cc-pVTZ          selected for orbital group  3
 Library entry O      F aug-cc-pVTZ          selected for orbital group  3


 PROGRAM * SEWARD (Integral evaluation for generally contracted gaussian basis sets)     Author: Roland Lindh, 1990

 Geometry written to block  1 of record 700


 Point group  C1  



 ATOMIC COORDINATES

 NR  ATOM    CHARGE       X              Y              Z

   1  C       6.00   -4.288877059   -0.511138791   -0.182502190
   2  C       6.00   -3.178989883    2.099281634   -0.164066022
   3  C       6.00   -0.759125661    2.592369761    0.300230238
   4  C       6.00    1.140498849    0.587151135    0.943370179
   5  C       6.00    0.040358881   -1.993927513    1.019193550
   6  C       6.00   -2.251546316   -2.559290106   -0.507047534
   7  H       1.00   -3.010224112   -4.419906889   -0.050459467
   8  H       1.00   -1.732739016   -2.620619277   -2.521265036
   9  H       1.00    1.114611491   -3.496307025    1.891935214
  10  H       1.00   -0.058061835    4.513658092    0.265795649
  11  H       1.00   -4.459636491    3.657307911   -0.527518937
  12  H       1.00   -5.691870205   -0.661700831   -1.689641922
  13  H       1.00   -5.323519120   -0.821361901    1.584280242
  14  O       8.00    3.084050043    0.835602877   -1.016050935
  15  H       1.00    2.081760093    1.047397712    2.724920821
  16  O       8.00    5.351356675   -0.409734198   -0.104320441
  17  H       1.00    5.382512590   -1.892088282   -1.170150542

 Bond lengths in Bohr (Angstrom)

  1- 2  2.836632551   1- 6  2.907055218   1-12  2.064589274   1-13  2.070807267   2- 3  2.512856895
       ( 1.501081302)       ( 1.538347372)       ( 1.092533593)       ( 1.095824014)       ( 1.329746603)

  2-11  2.049292472   3- 4  2.836036671   3-10  2.045488958   4- 5  2.806781808   4-14  2.771001734
       ( 1.084438875)       ( 1.500765976)       ( 1.082426142)       ( 1.485284969)       ( 1.466350969)

  4-15  2.066814538   5- 6  2.811027595   5- 9  2.042753260   6- 7  2.060572609   6- 8  2.080863866
       ( 1.093711152)       ( 1.487531743)       ( 1.080978473)       ( 1.090408066)       ( 1.101145737)

 14-16  2.742771644  16-17  1.826017011
       ( 1.451412249)       ( 0.966286589)

 Bond angles

  1- 2- 3  123.95684124   1- 2-11  116.99936039   1- 6- 5  111.65914473   1- 6- 7  110.69569691

  1- 6- 8  107.67162505   2- 1- 6  112.01658817   2- 1-12  109.73936981   2- 1-13  109.13570852

  2- 3- 4  123.24278896   2- 3-10  120.74738865   3- 2-11  119.03729510   3- 4- 5  113.18988214

  3- 4-14  104.24398066   3- 4-15  110.06411201   4- 3-10  115.99961038   4- 5- 6  119.33113470

  4- 5- 9  118.79932458   4-14-16  107.70029042   5- 4-14  112.11511516   5- 4-15  111.09991519

  5- 6- 7  111.19182734   5- 6- 8  109.15992976   6- 1-12  110.08220650   6- 1-13  109.86818940

  6- 5- 9  120.85158204   7- 6- 8  106.24056915  12- 1-13  105.80538475  14- 4-15  105.67195428

 14-16-17  100.87512759

 NUCLEAR CHARGE:                   61
 NUMBER OF PRIMITIVE AOS:         689
 NUMBER OF SYMMETRY AOS:          608
 NUMBER OF CONTRACTIONS:          494   ( 494A   )
 NUMBER OF CORE ORBITALS:           8   (   8A   )
 NUMBER OF VALENCE ORBITALS:       41   (  41A   )


 NUCLEAR REPULSION ENERGY  373.89890193


 Eigenvalues of metric

         1 0.114E-04 0.118E-04 0.164E-04 0.193E-04 0.216E-04 0.254E-04 0.312E-04 0.437E-04


 Contracted 2-electron integrals neglected if value below      1.0D-12
 AO integral compression algorithm  1   Integral accuracy      1.0D-12

     28426.109 MB (compressed) written to integral file ( 45.2%)

     Node minimum: 3413.639 MB, node maximum: 3774.611 MB


 NUMBER OF SORTED TWO-ELECTRON INTEGRALS:  934341488.     BUFFER LENGTH:  32768
 NUMBER OF SEGMENTS:  30  SEGMENT LENGTH:   31996696      RECORD LENGTH: 524288

 Memory used in sort:      32.55 MW

 SORT1 READ  7861376840. AND WROTE   817738955. INTEGRALS IN   2355 RECORDS. CPU TIME:   608.11 SEC, REAL TIME:   665.61 SEC
 SORT2 READ  6556486689. AND WROTE  7474426245. INTEGRALS IN 115192 RECORDS. CPU TIME:    90.40 SEC, REAL TIME:   128.36 SEC

 Node minimum:   934249790.  Node maximum:   934356772. integrals

 OPERATOR DM      FOR CENTER  0  COORDINATES:    0.000000    0.000000    0.000000


 **********************************************************************************************************************************
 DATASETS  * FILE   NREC   LENGTH (MB)   RECORD NAMES
              1      18       29.11       500      610      700      900      950      970     1000      129      960     1100   
                                          VAR    BASINP    GEOM    SYMINP    ZMAT    AOBASIS   BASIS     P2S    ABASIS      S 
                                         1400     1410     1200     1210     1080     1600     1650     1700   
                                           T        V       H0       H01     AOSYM     SMH    MOLCAS    OPER   

 PROGRAMS   *        TOTAL       INT
 CPU TIMES  *       747.67    747.51
 REAL TIME  *       880.44 SEC
 DISK USED  *       106.79 GB      
 GA USED    *         0.01 MB       (max)       0.00 MB       (current)
 **********************************************************************************************************************************


 PROGRAM * RHF-SCF (OPEN SHELL)       Authors: W. Meyer, H.-J. Werner


 NUMBER OF ELECTRONS:      31+   30-    SPACE SYMMETRY=1    SPIN SYMMETRY: Doublet 
 CONVERGENCE THRESHOLDS:    1.00E-05 (Density)    1.22E-07 (Energy)
 MAX. NUMBER OF ITERATIONS:       60
 INTERPOLATION TYPE:            DIIS
 INTERPOLATION STEPS:              2 (START)      1 (STEP)
 LEVEL SHIFTS:                 -0.60 (CLOSED) -0.30 (OPEN) 



 Orbital guess generated from atomic densities. Full valence occupancy:   49

 Molecular orbital dump at record        2100.2

 Initial alpha occupancy:  31
 Initial beta  occupancy:  30
 Wave function symmetry:    1

 ITERATION    DDIFF          GRAD             ENERGY        2-EL.EN.            DIPOLE MOMENTS         DIIS   ORB.
    1      0.000D+00      0.000D+00      -382.02411105   1014.587210   -1.00085   -0.99205   -0.16968    0    start
    2      0.000D+00      0.226D-02      -382.10927170   1013.014124   -0.90410   -0.78271   -0.00124    1    diag,B
    3      0.216D-02      0.839D-03      -382.12999372   1013.004120   -0.83335   -0.70487    0.01292    2    diag,B
    4      0.857D-03      0.379D-03      -382.13664505   1013.024591   -0.79743   -0.68317    0.05019    3    diag,B
    5      0.530D-03      0.136D-03      -382.13764037   1012.984779   -0.79245   -0.67767    0.05299    4    diag,B
    6      0.236D-03      0.580D-04      -382.13786319   1012.969601   -0.79096   -0.67917    0.05927    5    diag,B
    7      0.147D-03      0.215D-04      -382.13789578   1012.960699   -0.79135   -0.67924    0.06092    6    fixocc
    8      0.634D-04      0.772D-05      -382.13790012   1012.958071   -0.79142   -0.67911    0.06162    7    diag,B
    9      0.317D-04      0.319D-05      -382.13790097   1012.958326   -0.79157   -0.67902    0.06183    8    diag,B
   10      0.160D-04      0.139D-05      -382.13790115   1012.958060   -0.79164   -0.67895    0.06189    9    orth
   11      0.799D-05      0.562D-06      -382.13790118   1012.958041   -0.79167   -0.67892    0.06190    9    diag,B
   12      0.393D-05      0.214D-06      -382.13790118   1012.958023   -0.79168   -0.67891    0.06190    0    orth

 Final alpha occupancy:  31
 Final beta  occupancy:  30

 !RHF STATE 1.1 Energy               -382.137901178202
 Nuclear energy                       373.89890193
 One-electron energy                -1262.51581451
 Two-electron energy                  506.47901140
 Virial quotient                       -1.00139149
 !RHF STATE 1.1 Dipole moment          -0.79167731    -0.67890761     0.06190083
 Dipole moment /Debye                  -2.01211121    -1.72549800     0.15732590

 Orbital energies:

         1.1          2.1          3.1          4.1          5.1          6.1          7.1          8.1          9.1         10.1
    -20.616268   -20.615647   -11.291676   -11.238224   -11.234663   -11.233109   -11.229322   -11.228955    -1.460221    -1.221372

        11.1         12.1         13.1         14.1         15.1         16.1         17.1         18.1         19.1         20.1
     -1.117199    -1.016201    -0.991586    -0.856137    -0.815427    -0.719938    -0.695916    -0.684142    -0.629397    -0.624817

        21.1         22.1         23.1         24.1         25.1         26.1         27.1         28.1         29.1         30.1
     -0.617876    -0.580885    -0.569528    -0.541811    -0.516696    -0.498592    -0.482233    -0.462546    -0.444084    -0.363853

        31.1         32.1         33.1
     -0.361143     0.046583     0.052721

 HOMO     31.1    -0.361143 =      -9.8272eV
 LUMO     32.1     0.046583 =       1.2676eV
 LUMO-HOMO         0.407726 =      11.0948eV


 **********************************************************************************************************************************
 DATASETS  * FILE   NREC   LENGTH (MB)   RECORD NAMES
              1      18       29.11       500      610      700      900      950      970     1000      129      960     1100   
                                          VAR    BASINP    GEOM    SYMINP    ZMAT    AOBASIS   BASIS     P2S    ABASIS      S 
                                         1400     1410     1200     1210     1080     1600     1650     1700   
                                           T        V       H0       H01     AOSYM     SMH    MOLCAS    OPER   

              2       4        9.95       700     1000      520     2100   
                                         GEOM     BASIS   MCVARS     RHF  

 PROGRAMS   *        TOTAL       RHF       INT
 CPU TIMES  *       942.60    194.93    747.51
 REAL TIME  *      1091.36 SEC
 DISK USED  *       107.39 GB      
 SF USED    *         0.98 MB      
 GA USED    *         0.01 MB       (max)       0.00 MB       (current)
 **********************************************************************************************************************************


 PROGRAM * CCSD (Unrestricted open-shell coupled cluster)     Authors: C. Hampel, H.-J. Werner, 1991, M. Deegan, P.J. Knowles, 1992


 Convergence thresholds:  THRVAR = 1.00D-08  THRDEN = 1.22D-06

 CCSD(T)     terms to be evaluated (factor= 1.000)


 Number of core orbitals:           8 (   8 )
 Number of closed-shell orbitals:  22 (  22 )
 Number of active  orbitals:        1 (   1 )
 Number of external orbitals:     463 ( 463 )

 Memory could be reduced to 3497.92 Mwords without degradation in triples

 Number of N-1 electron functions:              45
 Number of N-2 electron functions:             990
 Number of singly external CSFs:             20880
 Number of doubly external CSFs:         160929120
 Total number of CSFs:                   160950000

 Molecular orbitals read from record     2100.2  Type=RHF/CANONICAL (state 1.1)

 Integral transformation finished. Total CPU: 526.32 sec, npass=  1  Memory used:1563.19 MW

 Starting RMP2 calculation

 ITER.      SQ.NORM     CORR.ENERGY   TOTAL ENERGY   ENERGY CHANGE        DEN1      VAR(S)    VAR(P)  DIIS     TIME
   1      1.43101478    -1.46522545  -383.60312662    -1.46522545    -0.00520028  0.15D-04  0.20D-02  1  1   576.40
   2      1.43583761    -1.47081607  -383.60871725    -0.00559063    -0.00000757  0.34D-06  0.39D-05  2  2   613.33
   3      1.43597550    -1.47090062  -383.60880180    -0.00008454    -0.00000004  0.14D-07  0.14D-07  3  3   657.20
   4      1.43597792    -1.47090083  -383.60880201    -0.00000021    -0.00000000  0.39D-09  0.51D-10  4  4   702.06

 Norm of t1 vector:      0.04330096      S-energy:    -0.00286642      T1 diagnostic:  0.00032134
 Norm of t2 vector:      0.65886489      P-energy:    -1.46803441
                                         Alpha-Beta:  -1.11085865
                                         Alpha-Alpha: -0.18617864
                                         Beta-Beta:   -0.17099712

 Spin contamination <S**2-Sz**2-Sz>     0.00065607
  Reference energy                   -382.137901178203
  RHF-RMP2 correlation energy          -1.470900828279
 !RHF-RMP2 energy                    -383.608802006482

 Starting UCCSD calculation

 ITER.      SQ.NORM     CORR.ENERGY   TOTAL ENERGY   ENERGY CHANGE        DEN1      VAR(S)    VAR(P)  DIIS     TIME
   1      1.44061347    -1.47047735  -383.60837853    -1.47047735    -0.03958572  0.62D-02  0.81D-02  1  1  1950.07
   2      1.47877408    -1.50871740  -383.64661858    -0.03824005    -0.00340012  0.25D-03  0.12D-02  2  2  3126.48
   3      1.49347753    -1.51593147  -383.65383265    -0.00721407    -0.00041370  0.17D-03  0.98D-04  3  3  4391.53
   4      1.49956994    -1.51810189  -383.65600307    -0.00217042    -0.00006989  0.24D-04  0.20D-04  4  4  5716.31
   5      1.50189713    -1.51855980  -383.65646098    -0.00045791    -0.00001737  0.13D-04  0.27D-05  5  5  6929.28
   6      1.50292409    -1.51869639  -383.65659757    -0.00013660    -0.00000412  0.27D-05  0.72D-06  6  6  8146.57
   7      1.50344954    -1.51874809  -383.65664927    -0.00005170    -0.00000108  0.86D-06  0.17D-06  6  1  9382.98
   8      1.50359350    -1.51875894  -383.65666012    -0.00001085    -0.00000032  0.21D-06  0.60D-07  6  2 10598.55
   9      1.50367468    -1.51875937  -383.65666055    -0.00000043    -0.00000009  0.71D-07  0.12D-07  6  3 11843.47
  10      1.50370486    -1.51876459  -383.65666577    -0.00000522    -0.00000002  0.17D-07  0.36D-08  6  4 13076.87
  11      1.50370085    -1.51876107  -383.65666225     0.00000352    -0.00000001  0.42D-08  0.13D-08  6  6 14282.61
  12      1.50370664    -1.51876084  -383.65666201     0.00000023    -0.00000000  0.87D-09  0.25D-09  6  5 15497.90

 Norm of t1 vector:      0.14095572      S-energy:    -0.00337884      T1 diagnostic:  0.01368545
                                                                       D1 diagnostic:  0.04315608
 Norm of t2 vector:      0.69558473      P-energy:    -1.51538200
                                         Alpha-Beta:  -1.19254976
                                         Alpha-Alpha: -0.16881583
                                         Beta-Beta:   -0.15401641

 Spin contamination <S**2-Sz**2-Sz>     0.00082931

 Memory could be reduced to 3731.46 Mwords without degradation in triples


 RESULTS
 =======

  Reference energy                   -382.137901178203
  UCCSD singles energy                 -0.003378839018
  UCCSD pair energy                    -1.515381996722
  UCCSD correlation energy             -1.518760835739
  Triples (T) contribution             -0.069525125492
  Total correlation energy             -1.588285961232

  RHF-UCCSD energy                   -383.656662013942
  RHF-UCCSD[T] energy                -383.728365289262
  RHF-UCCSD-T energy                 -383.725241228036
 !RHF-UCCSD(T) energy                -383.726187139434

 Program statistics:

 Available memory in ccsd:             24999995438
 Min. memory needed in ccsd:             440763757
 Max. memory used in ccsd:               648303951
 Max. memory used in cckext:             493366209 (12 integral passes)
 Max. memory used in cckint:            1563190753 ( 1 integral passes)



 **********************************************************************************************************************************
 DATASETS  * FILE   NREC   LENGTH (MB)   RECORD NAMES
              1      18       29.11       500      610      700      900      950      970     1000      129      960     1100   
                                          VAR    BASINP    GEOM    SYMINP    ZMAT    AOBASIS   BASIS     P2S    ABASIS      S 
                                         1400     1410     1200     1210     1080     1600     1650     1700   
                                           T        V       H0       H01     AOSYM     SMH    MOLCAS    OPER   

              2       4        9.95       700     1000      520     2100   
                                         GEOM     BASIS   MCVARS     RHF  

 PROGRAMS   *        TOTAL  UCCSD(T)       RHF       INT
 CPU TIMES  *     47999.56  47056.89    194.93    747.51
 REAL TIME  *     65969.24 SEC
 DISK USED  *       270.81 GB      
 SF USED    *        72.29 GB      
 GA USED    *         0.01 MB       (max)       0.00 MB       (current)
 **********************************************************************************************************************************

 UCCSD(T)/O=AVTZ,C=AVTZ,H=VTZ energy=   -383.726187139434

        UCCSD(T)        RHF-SCF 
   -383.72618714   -382.13790118
 **********************************************************************************************************************************
 Molpro calculation terminated
 Variable memory released

 Fortran compiler diagnostic
 ***************************

 integer size                  8
 double precision size         8
 logical size                  8

 diagnostic completed successfully
