
 Primary working directories    : /scratch/saurabh/PBS_8054000.helios
 Secondary working directories  : /scratch/saurabh/PBS_8054000.helios
 Wavefunction directory         : /scratch/saurabh/PBS_8054000.helios/
 Main file repository           : /scratch/saurabh/PBS_8054000.helios/

 SHA1      : f6387f0c468d0184d0b38d85973bdb066f718752
 NAME      : 2015.1.44
 ARCHNAME  : linux/x86_64
 FC        : /opt/may/bin/gfortran
 BLASLIB   : -Wl,-_start-group /opt/intel/mkl/lib/intel64/libmkl_gf_ilp64.a /opt/intel/mkl/lib/intel64/libmkl_gnu_thread.a /opt/intel/mkl/lib/intel64/libmkl_core.a -Wl,-_end-group
 id        : ramakrishnan

 Nodes             nprocs
 hel09.tifrh.res.in    8

 Using DEFAULT tuning parameter for ncache   :   16384
 Using DEFAULT tuning parameter for mflopdgm :   10000
 Using DEFAULT tuning parameter for mflopdgv :    4000
 Using DEFAULT tuning parameter for mflopmxm :    5000
 Using DEFAULT tuning parameter for mflopmxv :    4000
 Using DEFAULT tuning parameter for mindgm   :       1
 Using DEFAULT tuning parameter for mindgc   :       4
 Using DEFAULT tuning parameter for mindgf   :    5000
 Using DEFAULT tuning parameter for mindgl   :       4
 Using DEFAULT tuning parameter for mindgr   :       1
 Using DEFAULT tuning parameter for mindgv   :      20
 Using DEFAULT tuning parameter for mincuda  :     500
 Using DEFAULT tuning parameter for mxmblk   :      64
 Using DEFAULT tuning parameter for mxmbln   :      64
 Using DEFAULT tuning parameter for nroll    :       2
 Using custom tuning parameter for ngpus     :       0
 Using customized tuning parameters: mindgm=1; mindgv=20; mindgc=4; mindgr=1; noblas=0; minvec=7
 default implementation of scratch files=sf  

 ***,Mol_05
 memory,25,g
 geometry={
 C  -1.190453  -0.728182  -0.241210
 C  0.113603   -1.419299  0.063434
 C  1.254089   -0.723538  0.106387
 C  1.254089   0.723538   -0.106387
 C  0.113603   1.419299   -0.063434
 C  -1.190453  0.728182   0.241210
 H  -2.028422  1.269349   -0.200715
 H  -1.351022  0.756441   1.327964
 H  0.117014   2.495348   -0.184809
 H  2.198996   -1.223417  0.278247
 H  0.117013   -2.495348  0.184809
 H  -2.028422  -1.269349  0.200715
 H  -1.351022  -0.756441  -1.327964
 H  2.198996   1.223417   -0.278247
  }
 basis={
                                                                            ! oxygen               (10s,5p,4d,2f) -&gt; [10s,5p,4d,2f]
 s, O , 0.1533000000E+05, 0.2299000000E+04, 0.5224000000E+03, 0.1473000000E+03, 0.4755000000E+02, 0.1676000000E+02, 0.6207000000E+01, 0.1752000000E+01, 0.6882000000E+00, 0.2384000000E+00
 c, 1.1, 0.1000000000E+01
 c, 2.2, 0.1000000000E+01
 c, 3.3, 0.1000000000E+01
 c, 4.4, 0.1000000000E+01
 c, 5.5, 0.1000000000E+01
 c, 6.6, 0.1000000000E+01
 c, 7.7, 0.1000000000E+01
 c, 8.8, 0.1000000000E+01
 c, 9.9, 0.1000000000E+01
 c, 10.10, 0.1000000000E+01
 p, O , 0.3446000000E+02, 0.7749000000E+01, 0.2280000000E+01, 0.7156000000E+00, 0.2140000000E+00
 c, 1.1, 0.1000000000E+01
 c, 2.2, 0.1000000000E+01
 c, 3.3, 0.1000000000E+01
 c, 4.4, 0.1000000000E+01
 c, 5.5, 0.1000000000E+01
 d, O , 0.2100000000E+02, 0.7000000000E+01, 0.2314000000E+01, 0.6450000000E+00
 c, 1.1, 0.1000000000E+01
 c, 2.2, 0.1000000000E+01
 c, 3.3, 0.1000000000E+01
 c, 4.4, 0.1000000000E+01
 f, O , 0.4300000000E+01, 0.1428000000E+01
 c, 1.1, 0.1000000000E+01
 c, 2.2, 0.1000000000E+01
                                                                                 ! hydrogen             (5s,2p,1d) -&gt; [5s,2p,1d]
 s, H , 0.3387000000E+02, 0.5095000000E+01, 0.1159000000E+01, 0.3258000000E+00, 0.1027000000E+00
 c, 1.1, 0.1000000000E+01
 c, 2.2, 0.1000000000E+01
 c, 3.3, 0.1000000000E+01
 c, 4.4, 0.1000000000E+01
 c, 5.5, 0.1000000000E+01
 p, H , 0.1407000000E+01, 0.3880000000E+00
 c, 1.1, 0.1000000000E+01
 c, 2.2, 0.1000000000E+01
 d, H , 0.1057000000E+01
 c, 1.1, 0.1000000000E+01
                                                                            ! carbon               (10s,5p,4d,2f) -&gt; [10s,5p,4d,2f]
 s, C , 0.8236000000E+04, 0.1235000000E+04, 0.2808000000E+03, 0.7927000000E+02, 0.2559000000E+02, 0.8997000000E+01, 0.3319000000E+01, 0.9059000000E+00, 0.3643000000E+00, 0.1285000000E+00
 c, 1.1, 0.1000000000E+01
 c, 2.2, 0.1000000000E+01
 c, 3.3, 0.1000000000E+01
 c, 4.4, 0.1000000000E+01
 c, 5.5, 0.1000000000E+01
 c, 6.6, 0.1000000000E+01
 c, 7.7, 0.1000000000E+01
 c, 8.8, 0.1000000000E+01
 c, 9.9, 0.1000000000E+01
 c, 10.10, 0.1000000000E+01
 p, C , 0.1871000000E+02, 0.4133000000E+01, 0.1200000000E+01, 0.3827000000E+00, 0.1209000000E+00
 c, 1.1, 0.1000000000E+01
 c, 2.2, 0.1000000000E+01
 c, 3.3, 0.1000000000E+01
 c, 4.4, 0.1000000000E+01
 c, 5.5, 0.1000000000E+01
 d, C , 0.1000000000E+02, 0.3300000000E+01, 0.1097000000E+01, 0.3180000000E+00
 c, 1.1, 0.1000000000E+01
 c, 2.2, 0.1000000000E+01
 c, 3.3, 0.1000000000E+01
 c, 4.4, 0.1000000000E+01
 f, C , 0.2300000000E+01, 0.7610000000E+00
 c, 1.1, 0.1000000000E+01
 c, 2.2, 0.1000000000E+01
 }
 hf;
 ccsd(t);
 

 Fortran compiler diagnostic
 ***************************

 integer size                  8
 double precision size         8
 logical size                  8

 diagnostic completed successfully

 Variables initialized (889), CPU time= 0.02 sec
 Commands  initialized (702), CPU time= 0.01 sec, 572 directives.
 Default parameters read. Elapsed time= 0.11 sec

 Using DEFAULT tuning parameter for mpplat   :       3
 Using DEFAULT tuning parameter for mppspeed :    1600
 Checking input...
 Passed
1


                                         ***  PROGRAM SYSTEM MOLPRO  ***
                                       Copyright, TTI GmbH Stuttgart, 2015
                                    Version 2015.1 linked Jun  9 2019 06:55:40


 **********************************************************************************************************************************
 LABEL *   Mol_05                                                                        
  64 bit mpp version                                                                     DATE: 07-Apr-22          TIME: 05:38:10  
 **********************************************************************************************************************************

 SHA1:             f6387f0c468d0184d0b38d85973bdb066f718752
 **********************************************************************************************************************************

Geometry recognized as XYZ


 Variable memory set to ********** words,  buffer space   230000 words

 SETTING BASIS          =    USERDEF


 Recomputing integrals since basis changed


 Using spherical harmonics



 PROGRAM * SEWARD (Integral evaluation for generally contracted gaussian basis sets)     Author: Roland Lindh, 1990

 Geometry written to block  1 of record 700


 Point group  C1  



 ATOMIC COORDINATES

 NR  ATOM    CHARGE       X              Y              Z

   1  C       6.00   -2.249630134   -1.376064549   -0.455820839
   2  C       6.00    0.214678557   -2.682086399    0.119872887
   3  C       6.00    2.369884746   -1.367288661    0.201042293
   4  C       6.00    2.369884746    1.367288661   -0.201042293
   5  C       6.00    0.214678557    2.682086399   -0.119872887
   6  C       6.00   -2.249630134    1.376064549    0.455820839
   7  H       1.00   -3.833162045    2.398721966   -0.379296379
   8  H       1.00   -2.553061568    1.429466319    2.509488263
   9  H       1.00    0.221124413    4.715524305   -0.349238395
  10  H       1.00    4.155500189   -2.311923066    0.525810625
  11  H       1.00    0.221122523   -4.715524305    0.349238395
  12  H       1.00   -3.833162045   -2.398721966    0.379296379
  13  H       1.00   -2.553061568   -1.429466319   -2.509488263
  14  H       1.00    4.155500189    2.311923066   -0.525810625

 Bond lengths in Bohr (Angstrom)

  1- 2  2.847794526   1- 6  2.899190425   1-12  2.061752234   1-13  2.076649291   2- 3  2.525904844
       ( 1.506987965)       ( 1.534185503)       ( 1.091032297)       ( 1.098915480)       ( 1.336651280)

  2-11  2.046343026   3- 4  2.763979946   3-10  2.046028138   4- 5  2.525904844   4-14  2.046028138
       ( 1.082878095)       ( 1.462635199)       ( 1.082711463)       ( 1.336651280)       ( 1.082711463)

 5-6  2.847794526  5-9  2.046343032  6-7  2.061752234  6-8  2.076649291
     ( 1.506987965)     ( 1.082878098)     ( 1.091032297)     ( 1.098915480)

 Bond angles

  1- 2- 3  120.40587420   1- 2-11  118.75723887   1- 6- 5  111.82534406   1- 6- 7  110.08940420

  1- 6- 8  109.59552568   2- 1- 6  111.82534406   2- 1-12  110.80976222   2- 1-13  108.33446975

  2- 3- 4  120.68471143   2- 3-10  120.62530822   3- 2-11  120.72740081   3- 4- 5  120.68471143

  3- 4-14  118.67701094   4- 3-10  118.67701094   4- 5- 6  120.40587420   4- 5- 9  120.72734819

  5- 4-14  120.62530822   5- 6- 7  110.80976222   5- 6- 8  108.33446975   6- 1-12  110.08940420

  6- 1-13  109.59552568   6- 5- 9  118.75729101   7- 6- 8  105.99716844  12- 1-13  105.99716844

 NUCLEAR CHARGE:                   44
 NUMBER OF PRIMITIVE AOS:         550
 NUMBER OF SYMMETRY AOS:          482
 NUMBER OF CONTRACTIONS:          482   ( 482A   )
 NUMBER OF CORE ORBITALS:           6   (   6A   )
 NUMBER OF VALENCE ORBITALS:       32   (  32A   )


 NUCLEAR REPULSION ENERGY  219.47327500


 Eigenvalues of metric

         1 0.850E-04 0.307E-03 0.451E-03 0.580E-03 0.580E-03 0.640E-03 0.679E-03 0.759E-03


 Contracted 2-electron integrals neglected if value below      1.0D-11
 AO integral compression algorithm  1   Integral accuracy      1.0D-11

     12709.003 MB (compressed) written to integral file ( 21.9%)

     Node minimum: 1434.190 MB, node maximum: 1789.919 MB


 NUMBER OF SORTED TWO-ELECTRON INTEGRALS:  846868200.     BUFFER LENGTH:  32768
 NUMBER OF SEGMENTS:  27  SEGMENT LENGTH:   31996696      RECORD LENGTH: 524288

 Memory used in sort:      32.55 MW

 SORT1 READ  7242418365. AND WROTE   422016101. INTEGRALS IN   1221 RECORDS. CPU TIME:    76.46 SEC, REAL TIME:    81.19 SEC
 SORT2 READ  3376145324. AND WROTE  6774887406. INTEGRALS IN  44920 RECORDS. CPU TIME:    13.92 SEC, REAL TIME:    69.38 SEC

 Node minimum:   846810000.  Node maximum:   846911853. integrals

 OPERATOR DM      FOR CENTER  0  COORDINATES:    0.000000    0.000000    0.000000


 **********************************************************************************************************************************
 DATASETS  * FILE   NREC   LENGTH (MB)   RECORD NAMES
              1      18       28.62       500      610      700      900      950      970     1000      129      960     1100   
                                          VAR    BASINP    GEOM    SYMINP    ZMAT    AOBASIS   BASIS     P2S    ABASIS      S 
                                         1400     1410     1200     1210     1080     1600     1650     1700   
                                           T        V       H0       H01     AOSYM     SMH    MOLCAS    OPER   

 PROGRAMS   *        TOTAL       INT
 CPU TIMES  *       119.22    119.06
 REAL TIME  *       196.87 SEC
 DISK USED  *        52.79 GB      
 GA USED    *         0.01 MB       (max)       0.00 MB       (current)
 **********************************************************************************************************************************


 PROGRAM * RHF-SCF (CLOSED SHELL)       Authors: W. Meyer, H.-J. Werner


 NUMBER OF ELECTRONS:      22+   22-    SPACE SYMMETRY=1    SPIN SYMMETRY: Singlet 
 CONVERGENCE THRESHOLDS:    1.00E-05 (Density)    1.00E-07 (Energy)
 MAX. NUMBER OF ITERATIONS:       60
 INTERPOLATION TYPE:            DIIS
 INTERPOLATION STEPS:              2 (START)      1 (STEP)
 LEVEL SHIFTS:                  0.00 (CLOSED)  0.00 (OPEN) 



 Orbital guess generated from atomic densities. Full valence occupancy:   22

 Molecular orbital dump at record        2100.2

 Initial occupancy:  22

 ITERATION    DDIFF          GRAD             ENERGY        2-EL.EN.            DIPOLE MOMENTS         DIIS   ORB.
    1      0.000D+00      0.000D+00      -231.83877845    594.491304   -0.46108   -0.00000    0.00000    0    start
    2      0.000D+00      0.213D-02      -231.90216326    588.877927   -0.12151   -0.00000    0.00000    1    diag
    3      0.842D-03      0.882D-03      -231.91109474    591.597537   -0.22079   -0.00000    0.00000    2    diag
    4      0.397D-03      0.306D-03      -231.91267344    590.949925   -0.17859   -0.00000    0.00000    3    diag
    5      0.164D-03      0.432D-04      -231.91271762    590.933861   -0.18442   -0.00000    0.00000    4    diag
    6      0.450D-04      0.169D-04      -231.91272265    590.940777   -0.17871   -0.00000    0.00000    5    diag
    7      0.115D-04      0.595D-05      -231.91272337    590.939180   -0.17974   -0.00000    0.00000    6    diag
    8      0.466D-05      0.147D-05      -231.91272345    590.939809   -0.17927   -0.00000    0.00000    7    diag
    9      0.121D-05      0.590D-06      -231.91272345    590.939490   -0.17937   -0.00000    0.00000    0    orth

 Final occupancy:  22

 !RHF STATE 1.1 Energy               -231.912723453212
 Nuclear energy                       219.47327500
 One-electron energy                 -746.85574343
 Two-electron energy                  295.46974498
 Virial quotient                       -1.00095419
 !RHF STATE 1.1 Dipole moment          -0.17937372    -0.00000004     0.00000003
 Dipole moment /Debye                  -0.45589267    -0.00000011     0.00000006

 Orbital energies:

         1.1          2.1          3.1          4.1          5.1          6.1          7.1          8.1          9.1         10.1
    -11.225463   -11.225188   -11.224778   -11.224441   -11.221052   -11.220261    -1.128481    -1.007706    -1.004101    -0.844700

        11.1         12.1         13.1         14.1         15.1         16.1         17.1         18.1         19.1         20.1
     -0.801330    -0.685821    -0.669851    -0.606860    -0.584158    -0.577071    -0.543416    -0.513252    -0.474432    -0.453832

        21.1         22.1         23.1         24.1
     -0.421684    -0.300249     0.116590     0.141605

 HOMO     22.1    -0.300249 =      -8.1702eV
 LUMO     23.1     0.116590 =       3.1726eV
 LUMO-HOMO         0.416839 =      11.3428eV


 **********************************************************************************************************************************
 DATASETS  * FILE   NREC   LENGTH (MB)   RECORD NAMES
              1      18       28.62       500      610      700      900      950      970     1000      129      960     1100   
                                          VAR    BASINP    GEOM    SYMINP    ZMAT    AOBASIS   BASIS     P2S    ABASIS      S 
                                         1400     1410     1200     1210     1080     1600     1650     1700   
                                           T        V       H0       H01     AOSYM     SMH    MOLCAS    OPER   

              2       4        7.69       700     1000      520     2100   
                                         GEOM     BASIS   MCVARS     RHF  

 PROGRAMS   *        TOTAL        HF       INT
 CPU TIMES  *       211.26     92.04    119.06
 REAL TIME  *       292.81 SEC
 DISK USED  *        53.20 GB      
 SF USED    *         0.93 MB      
 GA USED    *         0.01 MB       (max)       0.00 MB       (current)
 **********************************************************************************************************************************


 PROGRAM * CCSD (Closed-shell coupled cluster)     Authors: C. Hampel, H.-J. Werner, 1991, M. Deegan, P.J. Knowles, 1992


 Convergence thresholds:  THRVAR = 1.00D-08  THRDEN = 1.00D-06

 CCSD(T)     terms to be evaluated (factor= 1.000)


 Number of core orbitals:           6 (   6 )
 Number of closed-shell orbitals:  16 (  16 )
 Number of external orbitals:     460 ( 460 )

 Molecular orbitals read from record     2100.2  Type=RHF/CANONICAL (state 1.1)

 Number of N-1 electron functions:              16
 Number of N-2 electron functions:             136
 Number of singly external CSFs:              7360
 Number of doubly external CSFs:          27088480
 Total number of CSFs:                    27095841

 Length of J-op  integral file:               0.00 MB
 Length of K-op  integral file:              15.99 MB
 Length of 3-ext integral record:             0.00 MB

 Memory could be reduced to 1868.16 Mwords without degradation in triples

 Integral transformation finished. Total CPU: 334.03 sec, npass=  1  Memory used:1010.64 MW

 Reference energy:                   -231.91272345

 MP2 singlet pair energy:              -0.65241277
 MP2 triplet pair energy:              -0.35264347
 MP2 correlation energy:               -1.00505624
 MP2 total energy:                   -232.91777969

 SCS-MP2 correlation energy:           -1.00231793   (PS=  1.200000  PT=  0.333333)
 SCS-MP2 total energy:               -232.91504138

 ITER.      SQ.NORM     CORR.ENERGY   TOTAL ENERGY   ENERGY CHANGE        DEN1      VAR(S)    VAR(P)  DIIS     TIME  TIME/IT
   1      1.33720906    -1.03793448  -232.95065793    -0.03287824    -0.00595046  0.43D-02  0.56D-02  1  1   445.51   112.57
   2      1.36031285    -1.04169341  -232.95441686    -0.00375893    -0.02330517  0.89D-04  0.83D-03  2  2   534.59   102.16
   3      1.37114757    -1.04191658  -232.95464004    -0.00022318    -0.00615035  0.25D-04  0.84D-04  3  3   616.43    96.22
   4      1.37487884    -1.04199742  -232.95472087    -0.00008083    -0.00123002  0.20D-05  0.12D-04  4  4   707.50    95.69
   5      1.37610673    -1.04202654  -232.95474999    -0.00002912    -0.00026706  0.33D-06  0.15D-05  5  5   797.69    95.24
   6      1.37646184    -1.04201946  -232.95474291     0.00000708    -0.00005856  0.24D-07  0.18D-06  6  6   895.69    96.29
   7      1.37651488    -1.04201728  -232.95474074     0.00000218    -0.00000052  0.14D-07  0.21D-07  6  2   994.28    97.12
   8      1.37652847    -1.04201758  -232.95474104    -0.00000030    -0.00000102  0.31D-08  0.37D-08  6  1  1087.52    97.06
   9      1.37653161    -1.04201765  -232.95474110    -0.00000007     0.00000007  0.93D-09  0.51D-09  6  3  1184.80    97.49

 Norm of t1 vector:      0.08671892      S-energy:    -0.00000020      T1 diagnostic:  0.01083987
                                                                       D1 diagnostic:  0.03423407

 Doubles amplitudes (print threshold =  0.500E-01):

         I         J         SYM. A    SYM. B    A         B      T(IJ, AB)

        15        15         1         1         1         1     -0.05156694
        16        16         1         1         1         1     -0.08484866

   CPU time for triples:   2059.38 sec for i =  1 - 14 / 16 (~  68.2 % done)
   CPU time for triples:    771.01 sec for i = 15 - 16 / 16 (  100.0 % done)

 Total CPU time for triples:   2861.41 sec


 RESULTS
 =======

  Reference energy                   -231.912723453218
  CCSD singlet pair energy             -0.721615021836
  CCSD triplet pair energy             -0.320402432735
  CCSD correlation energy              -1.042017650829

  Triples (T) contribution             -0.051051105547
  Total correlation energy             -1.093068756376

  CCSD total energy                  -232.954741104047
  CCSD[T] energy                     -233.006955243720
  CCSD-T energy                      -233.005303838471
 !CCSD(T) total energy               -233.005792209594

 Timing summary (sec):

 STEP                 CPU(USER)    SYS     CPU(TOT)    WALL
 Transformation        334.75     12.91    347.66    347.41
 CCSD iterations       850.32     28.35    878.67    878.00
 Triples              2861.41     39.93   2901.34   3116.04

 Program statistics:

 Available memory in ccsd:             24999998876
 Min. memory needed in ccsd:              65173621
 Max. memory used in ccsd:                90296245
 Max. memory used in cckext:              65352377 ( 9 integral passes)



 **********************************************************************************************************************************
 DATASETS  * FILE   NREC   LENGTH (MB)   RECORD NAMES
              1      19     6655.33       500      610      700      900      950      970     1000      129      960     1100   
                                          VAR    BASINP    GEOM    SYMINP    ZMAT    AOBASIS   BASIS     P2S    ABASIS      S 
                                         1400     1410     1200     1210     1080     1600     1650     1700     1380   
                                           T        V       H0       H01     AOSYM     SMH    MOLCAS    OPER     JKOP   

              2       4        7.69       700     1000      520     2100   
                                         GEOM     BASIS   MCVARS     RHF  

 PROGRAMS   *        TOTAL   CCSD(T)        HF       INT
 CPU TIMES  *      4257.88   4046.52     92.04    119.06
 REAL TIME  *      4634.68 SEC
 DISK USED  *        62.58 GB      
 SF USED    *         8.98 GB      
 GA USED    *         0.01 MB       (max)       0.00 MB       (current)
 **********************************************************************************************************************************

 CCSD(T)/USERDEF energy=   -233.005792209594

        CCSD(T)         HF-SCF  
   -233.00579221   -231.91272345
 **********************************************************************************************************************************
 Molpro calculation terminated
 Variable memory released

 Fortran compiler diagnostic
 ***************************

 integer size                  8
 double precision size         8
 logical size                  8

 diagnostic completed successfully
