
 Primary working directories    : /scratch/saurabh/PBS_8053965.helios
 Secondary working directories  : /scratch/saurabh/PBS_8053965.helios
 Wavefunction directory         : /scratch/saurabh/PBS_8053965.helios/
 Main file repository           : /scratch/saurabh/PBS_8053965.helios/

 SHA1      : f6387f0c468d0184d0b38d85973bdb066f718752
 NAME      : 2015.1.44
 ARCHNAME  : linux/x86_64
 FC        : /opt/may/bin/gfortran
 BLASLIB   : -Wl,-_start-group /opt/intel/mkl/lib/intel64/libmkl_gf_ilp64.a /opt/intel/mkl/lib/intel64/libmkl_gnu_thread.a /opt/intel/mkl/lib/intel64/libmkl_core.a -Wl,-_end-group
 id        : ramakrishnan

 Nodes             nprocs
 hel02.tifrh.res.in    8

 Using DEFAULT tuning parameter for ncache   :   16384
 Using DEFAULT tuning parameter for mflopdgm :   10000
 Using DEFAULT tuning parameter for mflopdgv :    4000
 Using DEFAULT tuning parameter for mflopmxm :    5000
 Using DEFAULT tuning parameter for mflopmxv :    4000
 Using DEFAULT tuning parameter for mindgm   :       1
 Using DEFAULT tuning parameter for mindgc   :       4
 Using DEFAULT tuning parameter for mindgf   :    5000
 Using DEFAULT tuning parameter for mindgl   :       4
 Using DEFAULT tuning parameter for mindgr   :       1
 Using DEFAULT tuning parameter for mindgv   :      20
 Using DEFAULT tuning parameter for mincuda  :     500
 Using DEFAULT tuning parameter for mxmblk   :      64
 Using DEFAULT tuning parameter for mxmbln   :      64
 Using DEFAULT tuning parameter for nroll    :       2
 Using custom tuning parameter for ngpus     :       0
 Using customized tuning parameters: mindgm=1; mindgv=20; mindgc=4; mindgr=1; noblas=0; minvec=7
 default implementation of scratch files=sf  

 ***,Mol_02
 memory,25,g
 geometry={
 C  -2.143523  -0.296366  -0.248241
 C  -1.626244  1.106064   -0.109575
 C  -0.374439  1.406148   0.227564
 C  0.645448   0.361421   0.551672
 C  0.060998   -1.034477  0.719939
 C  -1.011870  -1.323667  -0.329382
 H  -1.404954  -2.332968  -0.201763
 H  -0.558893  -1.282580  -1.322588
 H  -0.370013  -1.097105  1.723392
 H  0.874897   -1.758364  0.678121
 H  -0.055204  2.438893   0.289131
 H  -2.329465  1.911264   -0.292153
 H  -2.782586  -0.360730  -1.132434
 H  -2.800309  -0.517476  0.602293
 O  1.619649   0.367894   -0.576597
 H  1.239765   0.640911   1.421258
 O  2.740918   -0.237466  -0.253043
  }
 basis,O=AVTZ,C=AVTZ,H=VTZ
 {rhf
 wf,61,1,1
 }
 uccsd(t);
 

 Fortran compiler diagnostic
 ***************************

 integer size                  8
 double precision size         8
 logical size                  8

 diagnostic completed successfully

 Variables initialized (889), CPU time= 0.01 sec
 Commands  initialized (702), CPU time= 0.01 sec, 572 directives.
 Default parameters read. Elapsed time= 0.11 sec

 Using DEFAULT tuning parameter for mpplat   :       3
 Using DEFAULT tuning parameter for mppspeed :    1600
 Checking input...
 Passed
1


                                         ***  PROGRAM SYSTEM MOLPRO  ***
                                       Copyright, TTI GmbH Stuttgart, 2015
                                    Version 2015.1 linked Jun  9 2019 06:55:40


 **********************************************************************************************************************************
 LABEL *   Mol_02                                                                        
  64 bit mpp version                                                                     DATE: 05-Apr-22          TIME: 15:28:21  
 **********************************************************************************************************************************

 SHA1:             f6387f0c468d0184d0b38d85973bdb066f718752
 **********************************************************************************************************************************

Geometry recognized as XYZ


 Variable memory set to ********** words,  buffer space   230000 words

 SETTING BASIS          =    O=AVTZ,C=AVTZ,H=VTZ


 Recomputing integrals since basis changed


 Using spherical harmonics

 Library entry C      S aug-cc-pVTZ          selected for orbital group  1
 Library entry C      P aug-cc-pVTZ          selected for orbital group  1
 Library entry C      D aug-cc-pVTZ          selected for orbital group  1
 Library entry C      F aug-cc-pVTZ          selected for orbital group  1
 Library entry H      S cc-pVTZ              selected for orbital group  2
 Library entry H      P cc-pVTZ              selected for orbital group  2
 Library entry H      D cc-pVTZ              selected for orbital group  2
 Library entry O      S aug-cc-pVTZ          selected for orbital group  3
 Library entry O      P aug-cc-pVTZ          selected for orbital group  3
 Library entry O      D aug-cc-pVTZ          selected for orbital group  3
 Library entry O      F aug-cc-pVTZ          selected for orbital group  3


 PROGRAM * SEWARD (Integral evaluation for generally contracted gaussian basis sets)     Author: Roland Lindh, 1990

 Geometry written to block  1 of record 700


 Point group  C1  



 ATOMIC COORDINATES

 NR  ATOM    CHARGE       X              Y              Z

   1  C       6.00   -4.050671412   -0.560050573   -0.469107503
   2  C       6.00   -3.073155772    2.090158036   -0.207066740
   3  C       6.00   -0.707587160    2.657234611    0.430033636
   4  C       6.00    1.219719948    0.682986706    1.042508991
   5  C       6.00    0.115269514   -1.954878212    1.360487536
   6  C       6.00   -1.912157174   -2.501368110   -0.622441770
   7  H       1.00   -2.654978278   -4.408670577   -0.381276812
   8  H       1.00   -1.056154703   -2.423724933   -2.499329096
   9  H       1.00   -0.699223233   -2.073227980    3.256738885
  10  H       1.00    1.653315717   -3.322826387    1.281462969
  11  H       1.00   -0.104320441    4.608839817    0.546378404
  12  H       1.00   -4.402050867    3.611765512   -0.552089156
  13  H       1.00   -5.258325458   -0.681680905   -2.139990114
  14  H       1.00   -5.291817074   -0.977887916    1.138168817
  15  O       8.00    3.060693028    0.695218903   -1.089610414
  16  H       1.00    2.342816309    1.211146260    2.685788372
  17  O       8.00    5.179584350   -0.448745704   -0.478181968

 Bond lengths in Bohr (Angstrom)

  1- 2  2.836865851   1- 6  2.892311934   1-13  2.065204816   1-14  2.073250532   2- 3  2.514634682
       ( 1.501204759)       ( 1.530545563)       ( 1.092859325)       ( 1.097116934)       ( 1.330687368)

  2-12  2.049461381   3- 4  2.826180026   3-11  2.046027791   4- 5  2.877369014   4-15  2.816960182
       ( 1.084528257)       ( 1.495550064)       ( 1.082711280)       ( 1.522638109)       ( 1.490671132)

  4-16  2.059287517   5- 6  2.888099517   5- 9  2.067165760   5-10  2.059881845   6- 7  2.061006170
       ( 1.089728025)       ( 1.528316447)       ( 1.093897011)       ( 1.090042529)       ( 1.090637497)

  6- 8  2.064333966  15-17  2.484391314
       ( 1.092398491)       ( 1.314683266)

 Bond angles

  1- 2- 3  123.93311961   1- 2-12  117.04014963   1- 6- 5  110.83235973   1- 6- 7  110.39286322

  1- 6- 8  109.24137419   2- 1- 6  112.15794712   2- 1-13  109.34454339   2- 1-14  108.84123952

  2- 3- 4  122.60855550   2- 3-11  120.45620222   3- 2-12  119.02543833   3- 4- 5  113.74089420

  3- 4-15  106.17741551   3- 4-16  111.45022495   4- 3-11  116.93151560   4- 5- 6  111.53377801

  4- 5- 9  107.76408323   4- 5-10  108.54038306   4-15-17  111.66073220   5- 4-15  109.78407925

  5- 4-16  110.87205408   5- 6- 7  110.35160314   5- 6- 8  109.02829313   6- 1-13  110.48355640

  6- 1-14  110.39281735   6- 5- 9  110.02256317   6- 5-10  111.84860747   7- 6- 8  106.89665251

  9- 5-10  106.93990871  13- 1-14  105.38397769  15- 4-16  104.26731324

 NUCLEAR CHARGE:                   61
 NUMBER OF PRIMITIVE AOS:         689
 NUMBER OF SYMMETRY AOS:          608
 NUMBER OF CONTRACTIONS:          494   ( 494A   )
 NUMBER OF CORE ORBITALS:           8   (   8A   )
 NUMBER OF VALENCE ORBITALS:       41   (  41A   )


 NUCLEAR REPULSION ENERGY  378.69608428


 Eigenvalues of metric

         1 0.105E-04 0.125E-04 0.149E-04 0.168E-04 0.211E-04 0.251E-04 0.336E-04 0.419E-04


 Contracted 2-electron integrals neglected if value below      1.0D-12
 AO integral compression algorithm  1   Integral accuracy      1.0D-12

     29405.479 MB (compressed) written to integral file ( 46.5%)

     Node minimum: 3484.156 MB, node maximum: 3856.138 MB


 NUMBER OF SORTED TWO-ELECTRON INTEGRALS:  934341488.     BUFFER LENGTH:  32768
 NUMBER OF SEGMENTS:  30  SEGMENT LENGTH:   31996696      RECORD LENGTH: 524288

 Memory used in sort:      32.55 MW

 SORT1 READ  7906236721. AND WROTE   840374601. INTEGRALS IN   2419 RECORDS. CPU TIME:   457.11 SEC, REAL TIME:   531.13 SEC
 SORT2 READ  6724386418. AND WROTE  7474426245. INTEGRALS IN 110920 RECORDS. CPU TIME:    21.88 SEC, REAL TIME:   116.69 SEC

 Node minimum:   934249790.  Node maximum:   934356772. integrals

 OPERATOR DM      FOR CENTER  0  COORDINATES:    0.000000    0.000000    0.000000


 **********************************************************************************************************************************
 DATASETS  * FILE   NREC   LENGTH (MB)   RECORD NAMES
              1      18       29.11       500      610      700      900      950      970     1000      129      960     1100   
                                          VAR    BASINP    GEOM    SYMINP    ZMAT    AOBASIS   BASIS     P2S    ABASIS      S 
                                         1400     1410     1200     1210     1080     1600     1650     1700   
                                           T        V       H0       H01     AOSYM     SMH    MOLCAS    OPER   

 PROGRAMS   *        TOTAL       INT
 CPU TIMES  *       532.97    532.84
 REAL TIME  *       737.35 SEC
 DISK USED  *       109.81 GB      
 GA USED    *         0.01 MB       (max)       0.00 MB       (current)
 **********************************************************************************************************************************


 PROGRAM * RHF-SCF (OPEN SHELL)       Authors: W. Meyer, H.-J. Werner


 NUMBER OF ELECTRONS:      31+   30-    SPACE SYMMETRY=1    SPIN SYMMETRY: Doublet 
 CONVERGENCE THRESHOLDS:    1.00E-05 (Density)    1.22E-07 (Energy)
 MAX. NUMBER OF ITERATIONS:       60
 INTERPOLATION TYPE:            DIIS
 INTERPOLATION STEPS:              2 (START)      1 (STEP)
 LEVEL SHIFTS:                 -0.60 (CLOSED) -0.30 (OPEN) 



 Orbital guess generated from atomic densities. Full valence occupancy:   49

 Molecular orbital dump at record        2100.2

 Initial alpha occupancy:  31
 Initial beta  occupancy:  30
 Wave function symmetry:    1

 ITERATION    DDIFF          GRAD             ENERGY        2-EL.EN.            DIPOLE MOMENTS         DIIS   ORB.
    1      0.000D+00      0.000D+00      -382.01796388   1020.582842   -1.88865    0.21563    0.52910    0    start
    2      0.000D+00      0.267D-02      -382.12232816   1021.625862   -1.53599   -0.04065    0.62169    1    diag,B
    3      0.242D-02      0.118D-02      -382.14341628   1021.224766   -1.48030    0.02191    0.51984    2    diag,B
    4      0.924D-03      0.509D-03      -382.15479954   1021.438453   -1.32285   -0.02144    0.53463    3    diag,B
    5      0.643D-03      0.267D-03      -382.15937180   1021.452703   -1.24372   -0.03527    0.53205    4    diag,B
    6      0.375D-03      0.166D-03      -382.16288811   1021.486102   -1.16864   -0.05391    0.53425    5    diag,B
    7      0.321D-03      0.132D-03      -382.16603029   1021.519747   -1.09110   -0.07028    0.53137    6    fixocc
    8      0.330D-03      0.763D-04      -382.16715071   1021.571061   -1.04133   -0.07938    0.52690    7    diag,B
    9      0.245D-03      0.306D-04      -382.16722376   1021.596096   -1.03383   -0.08097    0.52664    8    diag,B
   10      0.815D-04      0.180D-04      -382.16723765   1021.585603   -1.02921   -0.07971    0.52410    9    orth
   11      0.467D-04      0.840D-05      -382.16724015   1021.588805   -1.03246   -0.07951    0.52485    9    diag,B
   12      0.292D-04      0.431D-05      -382.16724108   1021.586409   -1.03183   -0.07918    0.52436    9    diag,B
   13      0.127D-04      0.110D-05      -382.16724113   1021.586739   -1.03219   -0.07919    0.52444    9    diag,B
   14      0.437D-05      0.501D-06      -382.16724115   1021.586611   -1.03214   -0.07919    0.52443    0    orth

 Final alpha occupancy:  31
 Final beta  occupancy:  30

 !RHF STATE 1.1 Energy               -382.167241145171
 Nuclear energy                       378.69608428
 One-electron energy                -1271.65663086
 Two-electron energy                  510.79330543
 Virial quotient                       -1.00121977
 !RHF STATE 1.1 Dipole moment          -1.03213998    -0.07919272     0.52442643
 Dipole moment /Debye                  -2.62326633    -0.20127463     1.33287173

 Orbital energies:

         1.1          2.1          3.1          4.1          5.1          6.1          7.1          8.1          9.1         10.1
    -20.647809   -20.640117   -11.298427   -11.245402   -11.235508   -11.233202   -11.230893   -11.227854    -1.523676    -1.174370

        11.1         12.1         13.1         14.1         15.1         16.1         17.1         18.1         19.1         20.1
     -1.106921    -1.025096    -0.997065    -0.858071    -0.837299    -0.729952    -0.700522    -0.671584    -0.649919    -0.640148

        21.1         22.1         23.1         24.1         25.1         26.1         27.1         28.1         29.1         30.1
     -0.603605    -0.581854    -0.564792    -0.547253    -0.537301    -0.494760    -0.468293    -0.459611    -0.455315    -0.370078

        31.1         32.1         33.1
     -0.556564     0.045716     0.053926

 HOMO     31.1    -0.556564 =     -15.1449eV
 LUMO     32.1     0.045716 =       1.2440eV
 LUMO-HOMO         0.602280 =      16.3889eV


 **********************************************************************************************************************************
 DATASETS  * FILE   NREC   LENGTH (MB)   RECORD NAMES
              1      18       29.11       500      610      700      900      950      970     1000      129      960     1100   
                                          VAR    BASINP    GEOM    SYMINP    ZMAT    AOBASIS   BASIS     P2S    ABASIS      S 
                                         1400     1410     1200     1210     1080     1600     1650     1700   
                                           T        V       H0       H01     AOSYM     SMH    MOLCAS    OPER   

              2       4        9.95       700     1000      520     2100   
                                         GEOM     BASIS   MCVARS     RHF  

 PROGRAMS   *        TOTAL       RHF       INT
 CPU TIMES  *       694.83    161.86    532.84
 REAL TIME  *       914.72 SEC
 DISK USED  *       110.41 GB      
 SF USED    *         0.98 MB      
 GA USED    *         0.01 MB       (max)       0.00 MB       (current)
 **********************************************************************************************************************************


 PROGRAM * CCSD (Unrestricted open-shell coupled cluster)     Authors: C. Hampel, H.-J. Werner, 1991, M. Deegan, P.J. Knowles, 1992


 Convergence thresholds:  THRVAR = 1.00D-08  THRDEN = 1.22D-06

 CCSD(T)     terms to be evaluated (factor= 1.000)


 Number of core orbitals:           8 (   8 )
 Number of closed-shell orbitals:  22 (  22 )
 Number of active  orbitals:        1 (   1 )
 Number of external orbitals:     463 ( 463 )

 Memory could be reduced to 3497.92 Mwords without degradation in triples

 Number of N-1 electron functions:              45
 Number of N-2 electron functions:             990
 Number of singly external CSFs:             20880
 Number of doubly external CSFs:         160929120
 Total number of CSFs:                   160950000

 Molecular orbitals read from record     2100.2  Type=RHF/CANONICAL (state 1.1)

 Integral transformation finished. Total CPU: 481.59 sec, npass=  1  Memory used:1563.19 MW

 Starting RMP2 calculation

 ITER.      SQ.NORM     CORR.ENERGY   TOTAL ENERGY   ENERGY CHANGE        DEN1      VAR(S)    VAR(P)  DIIS     TIME
   1      1.42517122    -1.45309758  -383.62033873    -1.45309758    -0.00526862  0.32D-04  0.20D-02  1  1   541.29
   2      1.43006748    -1.45878095  -383.62602209    -0.00568337    -0.00001041  0.14D-05  0.44D-05  2  2   639.71
   3      1.43022081    -1.45887219  -383.62611333    -0.00009124    -0.00000011  0.72D-07  0.21D-07  3  3   686.09
   4      1.43022427    -1.45887220  -383.62611335    -0.00000001    -0.00000000  0.22D-08  0.25D-09  4  4   729.85

 Norm of t1 vector:      0.04810438      S-energy:    -0.00460669      T1 diagnostic:  0.00065770
 Norm of t2 vector:      0.65414848      P-energy:    -1.45426551
                                         Alpha-Beta:  -1.10128769
                                         Alpha-Alpha: -0.18068037
                                         Beta-Beta:   -0.17229745

 Spin contamination <S**2-Sz**2-Sz>     0.00114397
  Reference energy                   -382.167241145160
  RHF-RMP2 correlation energy          -1.458872200018
 !RHF-RMP2 energy                    -383.626113345178

 Starting UCCSD calculation

 ITER.      SQ.NORM     CORR.ENERGY   TOTAL ENERGY   ENERGY CHANGE        DEN1      VAR(S)    VAR(P)  DIIS     TIME
   1      1.43839081    -1.46098990  -383.62823105    -1.46098990    -0.04171489  0.87D-02  0.81D-02  1  1  1850.05
   2      1.47803909    -1.49937260  -383.66661374    -0.03838269    -0.00480918  0.71D-03  0.14D-02  2  2  3094.40
   3      1.50027041    -1.50855654  -383.67579768    -0.00918394    -0.00108472  0.82D-03  0.13D-03  3  3  4322.34
   4      1.51374104    -1.51192898  -383.67917013    -0.00337244    -0.00042496  0.32D-03  0.44D-04  4  4  5715.56
   5      1.52945386    -1.51418917  -383.68143032    -0.00226019    -0.00014086  0.12D-03  0.11D-04  5  5  6965.87
   6      1.54128506    -1.51526563  -383.68250678    -0.00107646    -0.00002884  0.17D-04  0.51D-05  6  6  8358.62
   7      1.54625518    -1.51560190  -383.68284304    -0.00033627    -0.00000535  0.27D-05  0.13D-05  6  1  9841.82
   8      1.54716543    -1.51566402  -383.68290517    -0.00006212    -0.00000109  0.45D-06  0.28D-06  6  2 11377.66
   9      1.54760195    -1.51568162  -383.68292276    -0.00001760    -0.00000023  0.11D-06  0.53D-07  6  4 12857.86
  10      1.54759757    -1.51568169  -383.68292283    -0.00000007    -0.00000004  0.24D-07  0.82D-08  6  3 14146.78
  11      1.54764783    -1.51568518  -383.68292633    -0.00000350    -0.00000001  0.67D-08  0.23D-08  6  5 15335.12
  12      1.54765456    -1.51568291  -383.68292406     0.00000227    -0.00000000  0.25D-08  0.53D-09  6  2 16658.83
  13      1.54764420    -1.51568115  -383.68292229     0.00000177    -0.00000000  0.12D-08  0.16D-09  6  6 17848.74
  14      1.54764017    -1.51568028  -383.68292143     0.00000087    -0.00000000  0.84D-09  0.59D-10  6  1 19066.59

 Norm of t1 vector:      0.24549704      S-energy:    -0.00523433      T1 diagnostic:  0.02507543
                                                                       D1 diagnostic:  0.14681609
 Norm of t2 vector:      0.69811988      P-energy:    -1.51044595
                                         Alpha-Beta:  -1.18728434
                                         Alpha-Alpha: -0.16410326
                                         Beta-Beta:   -0.15905835

 Singles amplitudes (print threshold =  0.500E-01):

         I         SYM. A    A   T(IA) [Beta-Beta]

        11         1         1     -0.06509885
        12         1         1      0.06199460
        13         1         1     -0.10413773
        17         1         1      0.11818924
        19         1         1     -0.05421027

 Spin contamination <S**2-Sz**2-Sz>     0.00164169

 Memory could be reduced to 3731.46 Mwords without degradation in triples


 RESULTS
 =======

  Reference energy                   -382.167241145160
  UCCSD singles energy                 -0.005234328342
  UCCSD pair energy                    -1.510445953758
  UCCSD correlation energy             -1.515680282100
  Triples (T) contribution             -0.069608206410
  Total correlation energy             -1.585288488510

  RHF-UCCSD energy                   -383.682921427260
  RHF-UCCSD[T] energy                -383.756501203265
  RHF-UCCSD-T energy                 -383.751795992466
 !RHF-UCCSD(T) energy                -383.752529633670

 Program statistics:

 Available memory in ccsd:             24999995438
 Min. memory needed in ccsd:             440763757
 Max. memory used in ccsd:               648303951
 Max. memory used in cckext:             493366209 (14 integral passes)
 Max. memory used in cckint:            1563190753 ( 1 integral passes)



 **********************************************************************************************************************************
 DATASETS  * FILE   NREC   LENGTH (MB)   RECORD NAMES
              1      18       29.11       500      610      700      900      950      970     1000      129      960     1100   
                                          VAR    BASINP    GEOM    SYMINP    ZMAT    AOBASIS   BASIS     P2S    ABASIS      S 
                                         1400     1410     1200     1210     1080     1600     1650     1700   
                                           T        V       H0       H01     AOSYM     SMH    MOLCAS    OPER   

              2       4        9.95       700     1000      520     2100   
                                         GEOM     BASIS   MCVARS     RHF  

 PROGRAMS   *        TOTAL  UCCSD(T)       RHF       INT
 CPU TIMES  *     49680.37  48985.50    161.86    532.84
 REAL TIME  *     68062.71 SEC
 DISK USED  *       273.83 GB      
 SF USED    *        72.29 GB      
 GA USED    *         0.01 MB       (max)       0.00 MB       (current)
 **********************************************************************************************************************************

 UCCSD(T)/O=AVTZ,C=AVTZ,H=VTZ energy=   -383.752529633670

        UCCSD(T)        RHF-SCF 
   -383.75252963   -382.16724115
 **********************************************************************************************************************************
 Molpro calculation terminated
 Variable memory released

 Fortran compiler diagnostic
 ***************************

 integer size                  8
 double precision size         8
 logical size                  8

 diagnostic completed successfully
