
 Primary working directories    : /scratch/saurabh/PBS_8053957.helios
 Secondary working directories  : /scratch/saurabh/PBS_8053957.helios
 Wavefunction directory         : /scratch/saurabh/PBS_8053957.helios/
 Main file repository           : /scratch/saurabh/PBS_8053957.helios/

 SHA1      : f6387f0c468d0184d0b38d85973bdb066f718752
 NAME      : 2015.1.44
 ARCHNAME  : linux/x86_64
 FC        : /opt/may/bin/gfortran
 BLASLIB   : -Wl,-_start-group /opt/intel/mkl/lib/intel64/libmkl_gf_ilp64.a /opt/intel/mkl/lib/intel64/libmkl_gnu_thread.a /opt/intel/mkl/lib/intel64/libmkl_core.a -Wl,-_end-group
 id        : ramakrishnan

 Nodes             nprocs
 hel02.tifrh.res.in    8

 Using DEFAULT tuning parameter for ncache   :   16384
 Using DEFAULT tuning parameter for mflopdgm :   10000
 Using DEFAULT tuning parameter for mflopdgv :    4000
 Using DEFAULT tuning parameter for mflopmxm :    5000
 Using DEFAULT tuning parameter for mflopmxv :    4000
 Using DEFAULT tuning parameter for mindgm   :       1
 Using DEFAULT tuning parameter for mindgc   :       4
 Using DEFAULT tuning parameter for mindgf   :    5000
 Using DEFAULT tuning parameter for mindgl   :       4
 Using DEFAULT tuning parameter for mindgr   :       1
 Using DEFAULT tuning parameter for mindgv   :      20
 Using DEFAULT tuning parameter for mincuda  :     500
 Using DEFAULT tuning parameter for mxmblk   :      64
 Using DEFAULT tuning parameter for mxmbln   :      64
 Using DEFAULT tuning parameter for nroll    :       2
 Using custom tuning parameter for ngpus     :       0
 Using customized tuning parameters: mindgm=1; mindgv=20; mindgc=4; mindgr=1; noblas=0; minvec=7
 default implementation of scratch files=sf  

 ***,Mol_03
 memory,25,g
 geometry={
 C  -2.269576  -0.270483  -0.096576
 C  -1.682249  1.110892   -0.086820
 C  -0.401712  1.371823   0.158875
 C  0.603526   0.310707   0.499210
 C  0.021357   -1.055141  0.539334
 C  -1.191467  -1.354318  -0.268318
 H  -1.592942  -2.338914  -0.026702
 H  -0.916926  -1.386772  -1.334196
 H  0.589827   -1.850166  1.001169
 H  -0.030725  2.388525   0.140653
 H  -2.359938  1.935364   -0.279151
 H  -3.012008  -0.350157  -0.894120
 H  -2.817085  -0.434646  0.838365
 O  1.632009   0.442182   -0.537671
 H  1.101620   0.554259   1.441966
 O  2.831816   -0.216822  -0.055204
 H  2.848303   -1.001250  -0.619217
  }
 basis,O=AVDZ,C=AVDZ,H=VDZ
 {rhf
 wf,61,1,1
 }
 uccsd(t);
 

 Fortran compiler diagnostic
 ***************************

 integer size                  8
 double precision size         8
 logical size                  8

 diagnostic completed successfully

 Variables initialized (889), CPU time= 0.02 sec
 Commands  initialized (702), CPU time= 0.02 sec, 572 directives.
 Default parameters read. Elapsed time= 0.10 sec

 Using DEFAULT tuning parameter for mpplat   :       3
 Using DEFAULT tuning parameter for mppspeed :    1600
 Checking input...
 Passed
1


                                         ***  PROGRAM SYSTEM MOLPRO  ***
                                       Copyright, TTI GmbH Stuttgart, 2015
                                    Version 2015.1 linked Jun  9 2019 06:55:40


 **********************************************************************************************************************************
 LABEL *   Mol_03                                                                        
  64 bit mpp version                                                                     DATE: 05-Apr-22          TIME: 01:46:19  
 **********************************************************************************************************************************

 SHA1:             f6387f0c468d0184d0b38d85973bdb066f718752
 **********************************************************************************************************************************

Geometry recognized as XYZ


 Variable memory set to ********** words,  buffer space   230000 words

 SETTING BASIS          =    O=AVDZ,C=AVDZ,H=VDZ


 Recomputing integrals since basis changed


 Using spherical harmonics

 Library entry C      S aug-cc-pVDZ          selected for orbital group  1
 Library entry C      P aug-cc-pVDZ          selected for orbital group  1
 Library entry C      D aug-cc-pVDZ          selected for orbital group  1
 Library entry H      S cc-pVDZ              selected for orbital group  2
 Library entry H      P cc-pVDZ              selected for orbital group  2
 Library entry O      S aug-cc-pVDZ          selected for orbital group  3
 Library entry O      P aug-cc-pVDZ          selected for orbital group  3
 Library entry O      D aug-cc-pVDZ          selected for orbital group  3


 PROGRAM * SEWARD (Integral evaluation for generally contracted gaussian basis sets)     Author: Roland Lindh, 1990

 Geometry written to block  1 of record 700


 Point group  C1  



 ATOMIC COORDINATES

 NR  ATOM    CHARGE       X              Y              Z

   1  C       6.00   -4.288877059   -0.511138791   -0.182502190
   2  C       6.00   -3.178989883    2.099281634   -0.164066022
   3  C       6.00   -0.759125661    2.592369761    0.300230238
   4  C       6.00    1.140498849    0.587151135    0.943370179
   5  C       6.00    0.040358881   -1.993927513    1.019193550
   6  C       6.00   -2.251546316   -2.559290106   -0.507047534
   7  H       1.00   -3.010224112   -4.419906889   -0.050459467
   8  H       1.00   -1.732739016   -2.620619277   -2.521265036
   9  H       1.00    1.114611491   -3.496307025    1.891935214
  10  H       1.00   -0.058061835    4.513658092    0.265795649
  11  H       1.00   -4.459636491    3.657307911   -0.527518937
  12  H       1.00   -5.691870205   -0.661700831   -1.689641922
  13  H       1.00   -5.323519120   -0.821361901    1.584280242
  14  O       8.00    3.084050043    0.835602877   -1.016050935
  15  H       1.00    2.081760093    1.047397712    2.724920821
  16  O       8.00    5.351356675   -0.409734198   -0.104320441
  17  H       1.00    5.382512590   -1.892088282   -1.170150542

 Bond lengths in Bohr (Angstrom)

  1- 2  2.836632551   1- 6  2.907055218   1-12  2.064589274   1-13  2.070807267   2- 3  2.512856895
       ( 1.501081302)       ( 1.538347372)       ( 1.092533593)       ( 1.095824014)       ( 1.329746603)

  2-11  2.049292472   3- 4  2.836036671   3-10  2.045488958   4- 5  2.806781808   4-14  2.771001734
       ( 1.084438875)       ( 1.500765976)       ( 1.082426142)       ( 1.485284969)       ( 1.466350969)

  4-15  2.066814538   5- 6  2.811027595   5- 9  2.042753260   6- 7  2.060572609   6- 8  2.080863866
       ( 1.093711152)       ( 1.487531743)       ( 1.080978473)       ( 1.090408066)       ( 1.101145737)

 14-16  2.742771644  16-17  1.826017011
       ( 1.451412249)       ( 0.966286589)

 Bond angles

  1- 2- 3  123.95684124   1- 2-11  116.99936039   1- 6- 5  111.65914473   1- 6- 7  110.69569691

  1- 6- 8  107.67162505   2- 1- 6  112.01658817   2- 1-12  109.73936981   2- 1-13  109.13570852

  2- 3- 4  123.24278896   2- 3-10  120.74738865   3- 2-11  119.03729510   3- 4- 5  113.18988214

  3- 4-14  104.24398066   3- 4-15  110.06411201   4- 3-10  115.99961038   4- 5- 6  119.33113470

  4- 5- 9  118.79932458   4-14-16  107.70029042   5- 4-14  112.11511516   5- 4-15  111.09991519

  5- 6- 7  111.19182734   5- 6- 8  109.15992976   6- 1-12  110.08220650   6- 1-13  109.86818940

  6- 5- 9  120.85158204   7- 6- 8  106.24056915  12- 1-13  105.80538475  14- 4-15  105.67195428

 14-16-17  100.87512759

 NUCLEAR CHARGE:                   61
 NUMBER OF PRIMITIVE AOS:         359
 NUMBER OF SYMMETRY AOS:          343
 NUMBER OF CONTRACTIONS:          229   ( 229A   )
 NUMBER OF CORE ORBITALS:           8   (   8A   )
 NUMBER OF VALENCE ORBITALS:       41   (  41A   )


 NUCLEAR REPULSION ENERGY  373.89890193


 Eigenvalues of metric

         1 0.311E-04 0.356E-04 0.467E-04 0.830E-04 0.115E-03 0.121E-03 0.147E-03 0.169E-03


 Contracted 2-electron integrals neglected if value below      1.0D-12
 AO integral compression algorithm  1   Integral accuracy      1.0D-12

     1669.595 MB (compressed) written to integral file ( 55.2%)

     Node minimum: 190.841 MB, node maximum: 223.085 MB


 NUMBER OF SORTED TWO-ELECTRON INTEGRALS:   43335888.     BUFFER LENGTH:  32768
 NUMBER OF SEGMENTS:   3  SEGMENT LENGTH:   15992000      RECORD LENGTH: 524288

 Memory used in sort:      16.55 MW

 SORT1 READ   378224992. AND WROTE    41719661. INTEGRALS IN    121 RECORDS. CPU TIME:     6.25 SEC, REAL TIME:     7.72 SEC
 SORT2 READ   333832421. AND WROTE   346779280. INTEGRALS IN   6360 RECORDS. CPU TIME:     0.91 SEC, REAL TIME:    13.10 SEC

 Node minimum:    43335888.  Node maximum:    43358932. integrals

 OPERATOR DM      FOR CENTER  0  COORDINATES:    0.000000    0.000000    0.000000


 **********************************************************************************************************************************
 DATASETS  * FILE   NREC   LENGTH (MB)   RECORD NAMES
              1      18       22.12       500      610      700      900      950      970     1000      129      960     1100   
                                          VAR    BASINP    GEOM    SYMINP    ZMAT    AOBASIS   BASIS     P2S    ABASIS      S 
                                         1400     1410     1200     1210     1080     1600     1650     1700   
                                           T        V       H0       H01     AOSYM     SMH    MOLCAS    OPER   

 PROGRAMS   *        TOTAL       INT
 CPU TIMES  *        23.37     23.19
 REAL TIME  *        62.99 SEC
 DISK USED  *         5.65 GB      
 GA USED    *         0.01 MB       (max)       0.00 MB       (current)
 **********************************************************************************************************************************


 PROGRAM * RHF-SCF (OPEN SHELL)       Authors: W. Meyer, H.-J. Werner


 NUMBER OF ELECTRONS:      31+   30-    SPACE SYMMETRY=1    SPIN SYMMETRY: Doublet 
 CONVERGENCE THRESHOLDS:    1.00E-05 (Density)    1.22E-07 (Energy)
 MAX. NUMBER OF ITERATIONS:       60
 INTERPOLATION TYPE:            DIIS
 INTERPOLATION STEPS:              2 (START)      1 (STEP)
 LEVEL SHIFTS:                 -0.60 (CLOSED) -0.30 (OPEN) 



 Orbital guess generated from atomic densities. Full valence occupancy:   49

 Molecular orbital dump at record        2100.2

 Initial alpha occupancy:  31
 Initial beta  occupancy:  30
 Wave function symmetry:    1

 ITERATION    DDIFF          GRAD             ENERGY        2-EL.EN.            DIPOLE MOMENTS         DIIS   ORB.
    1      0.000D+00      0.000D+00      -381.93906690   1013.656872   -0.96295   -0.98583   -0.18421    0    start
    2      0.000D+00      0.324D-02      -382.02092082   1012.590381   -0.88659   -0.79036   -0.00267    1    diag,B
    3      0.514D-02      0.125D-02      -382.04170135   1012.530242   -0.82333   -0.70980    0.01154    2    diag,B
    4      0.237D-02      0.549D-03      -382.04785068   1012.562085   -0.79502   -0.69281    0.05078    3    diag,B
    5      0.156D-02      0.196D-03      -382.04876425   1012.518967   -0.79372   -0.68847    0.05347    4    diag,B
    6      0.674D-03      0.831D-04      -382.04896537   1012.498720   -0.79450   -0.68984    0.05974    5    diag,B
    7      0.396D-03      0.294D-04      -382.04899121   1012.491867   -0.79574   -0.68968    0.06128    6    fixocc
    8      0.153D-03      0.111D-04      -382.04899518   1012.489533   -0.79614   -0.68959    0.06197    7    diag,B
    9      0.788D-04      0.431D-05      -382.04899584   1012.489735   -0.79644   -0.68961    0.06212    8    diag,B
   10      0.363D-04      0.190D-05      -382.04899598   1012.489538   -0.79663   -0.68960    0.06215    9    orth
   11      0.192D-04      0.713D-06      -382.04899600   1012.489529   -0.79672   -0.68956    0.06216    9    diag,B
   12      0.745D-05      0.269D-06      -382.04899600   1012.489515   -0.79673   -0.68955    0.06216    0    orth

 Final alpha occupancy:  31
 Final beta  occupancy:  30

 !RHF STATE 1.1 Energy               -382.048996004053
 Nuclear energy                       373.89890193
 One-electron energy                -1262.19265528
 Two-electron energy                  506.24475735
 Virial quotient                       -1.00104710
 !RHF STATE 1.1 Dipole moment          -0.79673142    -0.68954893     0.06215898
 Dipole moment /Debye                  -2.02495665    -1.75254376     0.15798202

 Orbital energies:

         1.1          2.1          3.1          4.1          5.1          6.1          7.1          8.1          9.1         10.1
    -20.625121   -20.624739   -11.297225   -11.245141   -11.240645   -11.239107   -11.235834   -11.233993    -1.464814    -1.225306

        11.1         12.1         13.1         14.1         15.1         16.1         17.1         18.1         19.1         20.1
     -1.119584    -1.018281    -0.993546    -0.857561    -0.816652    -0.720838    -0.696698    -0.684760    -0.630340    -0.625027

        21.1         22.1         23.1         24.1         25.1         26.1         27.1         28.1         29.1         30.1
     -0.617679    -0.581022    -0.569752    -0.542144    -0.516075    -0.498366    -0.482095    -0.462140    -0.443515    -0.363376

        31.1         32.1         33.1
     -0.360378     0.059470     0.064745

 HOMO     31.1    -0.360378 =      -9.8064eV
 LUMO     32.1     0.059470 =       1.6183eV
 LUMO-HOMO         0.419847 =      11.4246eV


 **********************************************************************************************************************************
 DATASETS  * FILE   NREC   LENGTH (MB)   RECORD NAMES
              1      18       22.12       500      610      700      900      950      970     1000      129      960     1100   
                                          VAR    BASINP    GEOM    SYMINP    ZMAT    AOBASIS   BASIS     P2S    ABASIS      S 
                                         1400     1410     1200     1210     1080     1600     1650     1700   
                                           T        V       H0       H01     AOSYM     SMH    MOLCAS    OPER   

              2       4        4.53       700     1000      520     2100   
                                         GEOM     BASIS   MCVARS     RHF  

 PROGRAMS   *        TOTAL       RHF       INT
 CPU TIMES  *        29.39      6.02     23.19
 REAL TIME  *        70.54 SEC
 DISK USED  *         5.93 GB      
 SF USED    *         0.21 MB      
 GA USED    *         0.01 MB       (max)       0.00 MB       (current)
 **********************************************************************************************************************************


 PROGRAM * CCSD (Unrestricted open-shell coupled cluster)     Authors: C. Hampel, H.-J. Werner, 1991, M. Deegan, P.J. Knowles, 1992


 Convergence thresholds:  THRVAR = 1.00D-08  THRDEN = 1.22D-06

 CCSD(T)     terms to be evaluated (factor= 1.000)


 Number of core orbitals:           8 (   8 )
 Number of closed-shell orbitals:  22 (  22 )
 Number of active  orbitals:        1 (   1 )
 Number of external orbitals:     198 ( 198 )

 Memory could be reduced to 347.23 Mwords without degradation in triples

 Number of N-1 electron functions:              45
 Number of N-2 electron functions:             990
 Number of singly external CSFs:              8955
 Number of doubly external CSFs:          29573390
 Total number of CSFs:                    29582345

 Molecular orbitals read from record     2100.2  Type=RHF/CANONICAL (state 1.1)

 Integral transformation finished. Total CPU:  34.70 sec, npass=  1  Memory used: 169.14 MW

 Starting RMP2 calculation

 ITER.      SQ.NORM     CORR.ENERGY   TOTAL ENERGY   ENERGY CHANGE        DEN1      VAR(S)    VAR(P)  DIIS     TIME
   1      1.39996175    -1.21495864  -383.26395465    -1.21495864    -0.00505267  0.15D-04  0.20D-02  1  1    44.02
   2      1.40473607    -1.22041007  -383.26940608    -0.00545143    -0.00000691  0.33D-06  0.36D-05  2  2    51.76
   3      1.40485979    -1.22048150  -383.26947751    -0.00007143    -0.00000003  0.12D-07  0.12D-07  3  3    60.23
   4      1.40486176    -1.22048173  -383.26947773    -0.00000023    -0.00000000  0.33D-09  0.41D-10  4  4    70.08

 Norm of t1 vector:      0.04263343      S-energy:    -0.00268698      T1 diagnostic:  0.00031846
 Norm of t2 vector:      0.63485758      P-energy:    -1.21779475
                                         Alpha-Beta:  -0.90796925
                                         Alpha-Alpha: -0.16119583
                                         Beta-Beta:   -0.14862967

 Spin contamination <S**2-Sz**2-Sz>     0.00069690
  Reference energy                   -382.048996004050
  RHF-RMP2 correlation energy          -1.220481730136
 !RHF-RMP2 energy                    -383.269477734186

 Starting UCCSD calculation

 ITER.      SQ.NORM     CORR.ENERGY   TOTAL ENERGY   ENERGY CHANGE        DEN1      VAR(S)    VAR(P)  DIIS     TIME
   1      1.42255795    -1.24024012  -383.28923612    -1.24024012    -0.03726699  0.62D-02  0.88D-02  1  1   227.69
   2      1.46601012    -1.27982404  -383.32882004    -0.03958392    -0.00283390  0.22D-03  0.10D-02  2  2   371.58
   3      1.48005860    -1.28606607  -383.33506207    -0.00624203    -0.00039659  0.18D-03  0.95D-04  3  3   511.51
   4      1.48605404    -1.28804670  -383.33704271    -0.00198064    -0.00006247  0.22D-04  0.19D-04  4  4   653.59
   5      1.48828273    -1.28846259  -383.33745859    -0.00041589    -0.00001545  0.11D-04  0.26D-05  5  5   797.19
   6      1.48925044    -1.28858052  -383.33757652    -0.00011793    -0.00000365  0.24D-05  0.69D-06  6  6   934.74
   7      1.48973396    -1.28863472  -383.33763073    -0.00005420    -0.00000101  0.81D-06  0.16D-06  6  1  1073.55
   8      1.48990369    -1.28864566  -383.33764167    -0.00001094    -0.00000027  0.18D-06  0.55D-07  6  2  1206.83
   9      1.48997758    -1.28864620  -383.33764221    -0.00000054    -0.00000008  0.61D-07  0.12D-07  6  3  1340.72
  10      1.49000069    -1.28864733  -383.33764333    -0.00000113    -0.00000002  0.14D-07  0.35D-08  6  4  1477.06
  11      1.48999204    -1.28864179  -383.33763779     0.00000554    -0.00000001  0.29D-08  0.12D-08  6  6  1608.77
  12      1.48999449    -1.28864108  -383.33763708     0.00000071    -0.00000000  0.64D-09  0.20D-09  6  5  1738.95

 Norm of t1 vector:      0.14630267      S-energy:    -0.00325477      T1 diagnostic:  0.01426108
                                                                       D1 diagnostic:  0.04429035
 Norm of t2 vector:      0.68453635      P-energy:    -1.28538631
                                         Alpha-Beta:  -1.00539865
                                         Alpha-Alpha: -0.14615063
                                         Beta-Beta:   -0.13383703

 Spin contamination <S**2-Sz**2-Sz>     0.00081053

 Memory could be reduced to 390.35 Mwords without degradation in triples


 RESULTS
 =======

  Reference energy                   -382.048996004050
  UCCSD singles energy                 -0.003254767833
  UCCSD pair energy                    -1.285386307214
  UCCSD correlation energy             -1.288641075046
  Triples (T) contribution             -0.049114691219
  Total correlation energy             -1.337755766266

  RHF-UCCSD energy                   -383.337637079096
  RHF-UCCSD[T] energy                -383.388805781435
  RHF-UCCSD-T energy                 -383.385965348018
 !RHF-UCCSD(T) energy                -383.386751770316

 Program statistics:

 Available memory in ccsd:             24999995438
 Min. memory needed in ccsd:              82146246
 Max. memory used in ccsd:               120154247
 Max. memory used in cckext:             107067558 (12 integral passes)
 Max. memory used in cckint:             169136318 ( 1 integral passes)



 **********************************************************************************************************************************
 DATASETS  * FILE   NREC   LENGTH (MB)   RECORD NAMES
              1      18       22.12       500      610      700      900      950      970     1000      129      960     1100   
                                          VAR    BASINP    GEOM    SYMINP    ZMAT    AOBASIS   BASIS     P2S    ABASIS      S 
                                         1400     1410     1200     1210     1080     1600     1650     1700   
                                           T        V       H0       H01     AOSYM     SMH    MOLCAS    OPER   

              2       4        4.53       700     1000      520     2100   
                                         GEOM     BASIS   MCVARS     RHF  

 PROGRAMS   *        TOTAL  UCCSD(T)       RHF       INT
 CPU TIMES  *      3321.92   3292.49      6.02     23.19
 REAL TIME  *      3476.79 SEC
 DISK USED  *        35.99 GB      
 SF USED    *         7.75 GB      
 GA USED    *         0.01 MB       (max)       0.00 MB       (current)
 **********************************************************************************************************************************

 UCCSD(T)/O=AVDZ,C=AVDZ,H=VDZ energy=   -383.386751770316

        UCCSD(T)        RHF-SCF 
   -383.38675177   -382.04899600
 **********************************************************************************************************************************
 Molpro calculation terminated
 Variable memory released

 Fortran compiler diagnostic
 ***************************

 integer size                  8
 double precision size         8
 logical size                  8

 diagnostic completed successfully
