
 Primary working directories    : /scratch/saurabh/PBS_8053996.helios
 Secondary working directories  : /scratch/saurabh/PBS_8053996.helios
 Wavefunction directory         : /scratch/saurabh/PBS_8053996.helios/
 Main file repository           : /scratch/saurabh/PBS_8053996.helios/

 SHA1      : f6387f0c468d0184d0b38d85973bdb066f718752
 NAME      : 2015.1.44
 ARCHNAME  : linux/x86_64
 FC        : /opt/may/bin/gfortran
 BLASLIB   : -Wl,-_start-group /opt/intel/mkl/lib/intel64/libmkl_gf_ilp64.a /opt/intel/mkl/lib/intel64/libmkl_gnu_thread.a /opt/intel/mkl/lib/intel64/libmkl_core.a -Wl,-_end-group
 id        : ramakrishnan

 Nodes             nprocs
 hel02.tifrh.res.in    8

 Using DEFAULT tuning parameter for ncache   :   16384
 Using DEFAULT tuning parameter for mflopdgm :   10000
 Using DEFAULT tuning parameter for mflopdgv :    4000
 Using DEFAULT tuning parameter for mflopmxm :    5000
 Using DEFAULT tuning parameter for mflopmxv :    4000
 Using DEFAULT tuning parameter for mindgm   :       1
 Using DEFAULT tuning parameter for mindgc   :       4
 Using DEFAULT tuning parameter for mindgf   :    5000
 Using DEFAULT tuning parameter for mindgl   :       4
 Using DEFAULT tuning parameter for mindgr   :       1
 Using DEFAULT tuning parameter for mindgv   :      20
 Using DEFAULT tuning parameter for mincuda  :     500
 Using DEFAULT tuning parameter for mxmblk   :      64
 Using DEFAULT tuning parameter for mxmbln   :      64
 Using DEFAULT tuning parameter for nroll    :       2
 Using custom tuning parameter for ngpus     :       0
 Using customized tuning parameters: mindgm=1; mindgv=20; mindgc=4; mindgr=1; noblas=0; minvec=7
 default implementation of scratch files=sf  

 ***,Mol_01
 memory,25,g
 geometry={
 C  -1.270924  -0.670120  0.194373
 C  -1.211941  0.815216   0.003325
 C  0.001758   1.472759   -0.092155
 C  1.213897   0.812327   0.003290
 C  1.269313   -0.673149  0.194400
 C  -0.001619  -1.357184  -0.327410
 H  -0.002886  -2.414228  -0.056089
 H  -0.001543  -1.307736  -1.419272
 H  1.397519   -0.901934  1.261986
 H  2.151420   -1.087820  -0.300069
 H  2.140012   1.370470   -0.036080
 H  0.003020   2.547855   -0.231153
 H  -2.136708  1.375592   -0.036047
 H  -2.154005  -1.082653  -0.300149
 H  -1.399736  -0.898646  1.261941
  }
 basis={
                                                                            ! oxygen               (10s,5p,4d,2f) -&gt; [10s,5p,4d,2f]
 s, O , 0.1533000000E+05, 0.2299000000E+04, 0.5224000000E+03, 0.1473000000E+03, 0.4755000000E+02, 0.1676000000E+02, 0.6207000000E+01, 0.1752000000E+01, 0.6882000000E+00, 0.2384000000E+00
 c, 1.1, 0.1000000000E+01
 c, 2.2, 0.1000000000E+01
 c, 3.3, 0.1000000000E+01
 c, 4.4, 0.1000000000E+01
 c, 5.5, 0.1000000000E+01
 c, 6.6, 0.1000000000E+01
 c, 7.7, 0.1000000000E+01
 c, 8.8, 0.1000000000E+01
 c, 9.9, 0.1000000000E+01
 c, 10.10, 0.1000000000E+01
 p, O , 0.3446000000E+02, 0.7749000000E+01, 0.2280000000E+01, 0.7156000000E+00, 0.2140000000E+00
 c, 1.1, 0.1000000000E+01
 c, 2.2, 0.1000000000E+01
 c, 3.3, 0.1000000000E+01
 c, 4.4, 0.1000000000E+01
 c, 5.5, 0.1000000000E+01
 d, O , 0.2100000000E+02, 0.7000000000E+01, 0.2314000000E+01, 0.6450000000E+00
 c, 1.1, 0.1000000000E+01
 c, 2.2, 0.1000000000E+01
 c, 3.3, 0.1000000000E+01
 c, 4.4, 0.1000000000E+01
 f, O , 0.4300000000E+01, 0.1428000000E+01
 c, 1.1, 0.1000000000E+01
 c, 2.2, 0.1000000000E+01
                                                                                 ! hydrogen             (5s,2p,1d) -&gt; [5s,2p,1d]
 s, H , 0.3387000000E+02, 0.5095000000E+01, 0.1159000000E+01, 0.3258000000E+00, 0.1027000000E+00
 c, 1.1, 0.1000000000E+01
 c, 2.2, 0.1000000000E+01
 c, 3.3, 0.1000000000E+01
 c, 4.4, 0.1000000000E+01
 c, 5.5, 0.1000000000E+01
 p, H , 0.1407000000E+01, 0.3880000000E+00
 c, 1.1, 0.1000000000E+01
 c, 2.2, 0.1000000000E+01
 d, H , 0.1057000000E+01
 c, 1.1, 0.1000000000E+01
                                                                            ! carbon               (10s,5p,4d,2f) -&gt; [10s,5p,4d,2f]
 s, C , 0.8236000000E+04, 0.1235000000E+04, 0.2808000000E+03, 0.7927000000E+02, 0.2559000000E+02, 0.8997000000E+01, 0.3319000000E+01, 0.9059000000E+00, 0.3643000000E+00, 0.1285000000E+00
 c, 1.1, 0.1000000000E+01
 c, 2.2, 0.1000000000E+01
 c, 3.3, 0.1000000000E+01
 c, 4.4, 0.1000000000E+01
 c, 5.5, 0.1000000000E+01
 c, 6.6, 0.1000000000E+01
 c, 7.7, 0.1000000000E+01
 c, 8.8, 0.1000000000E+01
 c, 9.9, 0.1000000000E+01
 c, 10.10, 0.1000000000E+01
 p, C , 0.1871000000E+02, 0.4133000000E+01, 0.1200000000E+01, 0.3827000000E+00, 0.1209000000E+00
 c, 1.1, 0.1000000000E+01
 c, 2.2, 0.1000000000E+01
 c, 3.3, 0.1000000000E+01
 c, 4.4, 0.1000000000E+01
 c, 5.5, 0.1000000000E+01
 d, C , 0.1000000000E+02, 0.3300000000E+01, 0.1097000000E+01, 0.3180000000E+00
 c, 1.1, 0.1000000000E+01
 c, 2.2, 0.1000000000E+01
 c, 3.3, 0.1000000000E+01
 c, 4.4, 0.1000000000E+01
 f, C , 0.2300000000E+01, 0.7610000000E+00
 c, 1.1, 0.1000000000E+01
 c, 2.2, 0.1000000000E+01
 }
 {rhf
 wf,45,1,1
 }
 uccsd(t);
 

 Fortran compiler diagnostic
 ***************************

 integer size                  8
 double precision size         8
 logical size                  8

 diagnostic completed successfully

 Variables initialized (889), CPU time= 0.01 sec
 Commands  initialized (702), CPU time= 0.02 sec, 572 directives.
 Default parameters read. Elapsed time= 0.11 sec

 Using DEFAULT tuning parameter for mpplat   :       3
 Using DEFAULT tuning parameter for mppspeed :    1600
 Checking input...
 Passed
1


                                         ***  PROGRAM SYSTEM MOLPRO  ***
                                       Copyright, TTI GmbH Stuttgart, 2015
                                    Version 2015.1 linked Jun  9 2019 06:55:40


 **********************************************************************************************************************************
 LABEL *   Mol_01                                                                        
  64 bit mpp version                                                                     DATE: 07-Apr-22          TIME: 00:45:03  
 **********************************************************************************************************************************

 SHA1:             f6387f0c468d0184d0b38d85973bdb066f718752
 **********************************************************************************************************************************

Geometry recognized as XYZ


 Variable memory set to ********** words,  buffer space   230000 words

 SETTING BASIS          =    USERDEF


 Recomputing integrals since basis changed


 Using spherical harmonics



 PROGRAM * SEWARD (Integral evaluation for generally contracted gaussian basis sets)     Author: Roland Lindh, 1990

 Geometry written to block  1 of record 700


 Point group  C1  



 ATOMIC COORDINATES

 NR  ATOM    CHARGE       X              Y              Z

   1  C       6.00   -2.401698285   -1.266343271    0.367311736
   2  C       6.00   -2.290236569    1.540534972    0.006283339
   3  C       6.00    0.003322139    2.783111157   -0.174147711
   4  C       6.00    2.293932873    1.535075554    0.006217199
   5  C       6.00    2.398653936   -1.272067251    0.367362759
   6  C       6.00   -0.003059467   -2.564706061   -0.618715230
   7  H       1.00   -0.005453750   -4.562229722   -0.105992849
   8  H       1.00   -0.002915847   -2.471262883   -2.682035376
   9  H       1.00    2.640928164   -1.704408242    2.384807913
  10  H       1.00    4.065594579   -2.055681873   -0.567048228
  11  H       1.00    4.044036583    2.589812962   -0.068181319
  12  H       1.00    0.005706973    4.814748155   -0.436815863
  13  H       1.00   -4.037792928    2.599492139   -0.068118958
  14  H       1.00   -4.070479521   -2.045917658   -0.567199407
  15  H       1.00   -2.645117687   -1.698194823    2.384722875

 Bond lengths in Bohr (Angstrom)

  1- 2  2.832195383   1- 6  2.900252281   1-14  2.065400231   1-15  2.077425444   2- 3  2.614758590
       ( 1.498733254)       ( 1.534747413)       ( 1.092962734)       ( 1.099326202)       ( 1.383670658)

  2-13  2.044719837   3- 4  2.614769953   3-12  2.048548055   4- 5  2.832215271   4-11  2.044717373
       ( 1.082019140)       ( 1.383676671)       ( 1.084044946)       ( 1.498743778)       ( 1.082017837)

  5- 6  2.900257258   5- 9  2.077426409   5-10  2.065397510   6- 7  2.062278049   6- 8  2.065434984
       ( 1.534750047)       ( 1.099326713)       ( 1.092961294)       ( 1.091310546)       ( 1.092981124)

 Bond angles

  1- 2- 3  120.94970700   1- 2-13  118.96476507   1- 6- 5  111.70082671   1- 6- 7  110.37297677

  1- 6- 8  108.62880750   2- 1- 6  111.57900450   2- 1-14  110.37677694   2- 1-15  109.53738463

  2- 3- 4  122.46835041   2- 3-12  118.76135397   3- 2-13  120.06980772   3- 4- 5  120.94825699

  3- 4-11  120.07185775   4- 3-12  118.76294631   4- 5- 6  111.57871597   4- 5- 9  109.53698543

  4- 5-10  110.37700051   5- 4-11  118.96407123   5- 6- 7  110.37328213   5- 6- 8  108.62827695

  6- 1-14  110.20795924   6- 1-15  109.51201933   6- 5- 9  109.51171022   6- 5-10  110.20796119

  7- 6- 8  106.98886134   9- 5-10  105.44228783  14- 1-15  105.44146543

 NUCLEAR CHARGE:                   45
 NUMBER OF PRIMITIVE AOS:         567
 NUMBER OF SYMMETRY AOS:          498
 NUMBER OF CONTRACTIONS:          498   ( 498A   )
 NUMBER OF CORE ORBITALS:           6   (   6A   )
 NUMBER OF VALENCE ORBITALS:       33   (  33A   )


 NUCLEAR REPULSION ENERGY  227.62947887


 Eigenvalues of metric

         1 0.113E-03 0.377E-03 0.472E-03 0.505E-03 0.645E-03 0.700E-03 0.809E-03 0.816E-03


 Contracted 2-electron integrals neglected if value below      1.0D-11
 AO integral compression algorithm  1   Integral accuracy      1.0D-11

     14321.189 MB (compressed) written to integral file ( 21.8%)

     Node minimum: 1657.274 MB, node maximum: 2007.761 MB


 NUMBER OF SORTED TWO-ELECTRON INTEGRALS:  964909968.     BUFFER LENGTH:  32768
 NUMBER OF SEGMENTS:  31  SEGMENT LENGTH:   31996696      RECORD LENGTH: 524288

 Memory used in sort:      32.55 MW

 SORT1 READ  8212038101. AND WROTE   478525309. INTEGRALS IN   1388 RECORDS. CPU TIME:   261.76 SEC, REAL TIME:   300.64 SEC
 SORT2 READ  3823659504. AND WROTE  7719217626. INTEGRALS IN  50672 RECORDS. CPU TIME:    21.75 SEC, REAL TIME:   160.94 SEC

 Node minimum:   964847844.  Node maximum:   964956564. integrals

 OPERATOR DM      FOR CENTER  0  COORDINATES:    0.000000    0.000000    0.000000


 **********************************************************************************************************************************
 DATASETS  * FILE   NREC   LENGTH (MB)   RECORD NAMES
              1      18       29.21       500      610      700      900      950      970     1000      129      960     1100   
                                          VAR    BASINP    GEOM    SYMINP    ZMAT    AOBASIS   BASIS     P2S    ABASIS      S 
                                         1400     1410     1200     1210     1080     1600     1650     1700   
                                           T        V       H0       H01     AOSYM     SMH    MOLCAS    OPER   

 PROGRAMS   *        TOTAL       INT
 CPU TIMES  *       325.03    324.87
 REAL TIME  *       524.87 SEC
 DISK USED  *        59.74 GB      
 GA USED    *         0.01 MB       (max)       0.00 MB       (current)
 **********************************************************************************************************************************


 PROGRAM * RHF-SCF (OPEN SHELL)       Authors: W. Meyer, H.-J. Werner


 NUMBER OF ELECTRONS:      23+   22-    SPACE SYMMETRY=1    SPIN SYMMETRY: Doublet 
 CONVERGENCE THRESHOLDS:    1.00E-05 (Density)    1.00E-07 (Energy)
 MAX. NUMBER OF ITERATIONS:       60
 INTERPOLATION TYPE:            DIIS
 INTERPOLATION STEPS:              2 (START)      1 (STEP)
 LEVEL SHIFTS:                 -0.60 (CLOSED) -0.30 (OPEN) 



 Orbital guess generated from atomic densities. Full valence occupancy:   23

 Molecular orbital dump at record        2100.2

 Initial alpha occupancy:  23
 Initial beta  occupancy:  22
 Wave function symmetry:    1

 ITERATION    DDIFF          GRAD             ENERGY        2-EL.EN.            DIPOLE MOMENTS         DIIS   ORB.
    1      0.000D+00      0.000D+00      -232.39894358    610.936084   -0.00058   -0.46419    0.14556    0    start
    2      0.000D+00      0.199D-02      -232.45825674    607.334516   -0.00033   -0.26495    0.05909    1    diag,B
    3      0.487D-03      0.814D-03      -232.47225170    607.502721   -0.00026   -0.20946    0.04539    2    diag,B
    4      0.294D-03      0.343D-03      -232.47583883    607.410882   -0.00022   -0.17931    0.03798    3    diag,B
    5      0.240D-03      0.915D-04      -232.47613897    607.398262   -0.00021   -0.17189    0.03714    4    diag,B
    6      0.123D-03      0.287D-04      -232.47617133    607.383665   -0.00021   -0.16861    0.03719    5    diag,B
    7      0.657D-04      0.868D-05      -232.47617431    607.379126   -0.00020   -0.16677    0.03721    6    fixocc
    8      0.225D-04      0.298D-05      -232.47617469    607.378006   -0.00020   -0.16594    0.03726    7    diag,B
    9      0.614D-05      0.123D-05      -232.47617476    607.377884   -0.00020   -0.16551    0.03728    8    diag,B
   10      0.236D-05      0.485D-06      -232.47617477    607.377907   -0.00020   -0.16545    0.03728    0    orth

 Final alpha occupancy:  23
 Final beta  occupancy:  22

 !RHF STATE 1.1 Energy               -232.476174768344
 Nuclear energy                       227.62947887
 One-electron energy                 -763.79460696
 Two-electron energy                  303.68895332
 Virial quotient                       -1.00096674
 !RHF STATE 1.1 Dipole moment          -0.00019856    -0.16545008     0.03727574
 Dipole moment /Debye                  -0.00050464    -0.42050462     0.09473926

 Orbital energies:

         1.1          2.1          3.1          4.1          5.1          6.1          7.1          8.1          9.1         10.1
    -11.224168   -11.224007   -11.221904   -11.221852   -11.219444   -11.218446    -1.120348    -1.006519    -0.996828    -0.826770

        11.1         12.1         13.1         14.1         15.1         16.1         17.1         18.1         19.1         20.1
     -0.826703    -0.686084    -0.676102    -0.608765    -0.570138    -0.559262    -0.550376    -0.542618    -0.485518    -0.454717

        21.1         22.1         23.1         24.1         25.1
     -0.452702    -0.383723    -0.262722     0.136999     0.163525

 HOMO     23.1    -0.262722 =      -7.1490eV
 LUMO     24.1     0.136999 =       3.7279eV
 LUMO-HOMO         0.399720 =      10.8769eV


 **********************************************************************************************************************************
 DATASETS  * FILE   NREC   LENGTH (MB)   RECORD NAMES
              1      18       29.21       500      610      700      900      950      970     1000      129      960     1100   
                                          VAR    BASINP    GEOM    SYMINP    ZMAT    AOBASIS   BASIS     P2S    ABASIS      S 
                                         1400     1410     1200     1210     1080     1600     1650     1700   
                                           T        V       H0       H01     AOSYM     SMH    MOLCAS    OPER   

              2       4       10.01       700     1000      520     2100   
                                         GEOM     BASIS   MCVARS     RHF  

 PROGRAMS   *        TOTAL       RHF       INT
 CPU TIMES  *       449.68    124.65    324.87
 REAL TIME  *       689.54 SEC
 DISK USED  *        60.32 GB      
 SF USED    *         0.99 MB      
 GA USED    *         0.01 MB       (max)       0.00 MB       (current)
 **********************************************************************************************************************************


 PROGRAM * CCSD (Unrestricted open-shell coupled cluster)     Authors: C. Hampel, H.-J. Werner, 1991, M. Deegan, P.J. Knowles, 1992


 Convergence thresholds:  THRVAR = 1.00D-08  THRDEN = 1.00D-06

 CCSD(T)     terms to be evaluated (factor= 1.000)


 Number of core orbitals:           6 (   6 )
 Number of closed-shell orbitals:  16 (  16 )
 Number of active  orbitals:        1 (   1 )
 Number of external orbitals:     475 ( 475 )

 Memory could be reduced to 2820.30 Mwords without degradation in triples

 Number of N-1 electron functions:              33
 Number of N-2 electron functions:             528
 Number of singly external CSFs:             15708
 Number of doubly external CSFs:          90569472
 Total number of CSFs:                    90585180

 Molecular orbitals read from record     2100.2  Type=RHF/CANONICAL (state 1.1)

 Integral transformation finished. Total CPU: 332.84 sec, npass=  1  Memory used:1181.17 MW

 Starting RMP2 calculation

 ITER.      SQ.NORM     CORR.ENERGY   TOTAL ENERGY   ENERGY CHANGE        DEN1      VAR(S)    VAR(P)  DIIS     TIME
   1      1.32830330    -1.01827469  -233.49444946    -1.01827469    -0.00394720  0.12D-03  0.16D-02  1  1   363.52
   2      1.33242911    -1.02253117  -233.49870594    -0.00425648    -0.00000831  0.14D-05  0.46D-05  2  2   383.96
   3      1.33259322    -1.02260660  -233.49878137    -0.00007543    -0.00000006  0.10D-07  0.42D-07  3  3   405.15
   4      1.33260034    -1.02260776  -233.49878253    -0.00000117    -0.00000000  0.20D-10  0.14D-09  4  4   427.09
   5      1.33260042    -1.02260780  -233.49878257    -0.00000004    -0.00000000  0.24D-12  0.37D-12  5  5   450.63

 Norm of t1 vector:      0.09306280      S-energy:    -0.00699523      T1 diagnostic:  0.00018031
 Norm of t2 vector:      0.56915704      P-energy:    -1.01561257
                                         Alpha-Beta:  -0.77910827
                                         Alpha-Alpha: -0.12557244
                                         Beta-Beta:   -0.11093185

 Spin contamination <S**2-Sz**2-Sz>     0.00428482
  Reference energy                   -232.476174768341
  RHF-RMP2 correlation energy          -1.022607797951
 !RHF-RMP2 energy                    -233.498782566292

 Starting UCCSD calculation

 ITER.      SQ.NORM     CORR.ENERGY   TOTAL ENERGY   ENERGY CHANGE        DEN1      VAR(S)    VAR(P)  DIIS     TIME
   1      1.33827152    -1.02753412  -233.50370888    -1.02753412    -0.02819108  0.36D-02  0.64D-02  1  1   903.15
   2      1.36762913    -1.05534404  -233.53151881    -0.02780993    -0.00235301  0.36D-03  0.76D-03  2  2  1310.87
   3      1.37831397    -1.06090250  -233.53707727    -0.00555846    -0.00024255  0.60D-04  0.78D-04  3  3  1785.73
   4      1.38292520    -1.06238305  -233.53855782    -0.00148055    -0.00002999  0.14D-04  0.84D-05  4  4  2275.84
   5      1.38435720    -1.06262264  -233.53879741    -0.00023959    -0.00000483  0.29D-05  0.10D-05  5  5  2740.94
   6      1.38493086    -1.06268454  -233.53885931    -0.00006190    -0.00000073  0.49D-06  0.14D-06  6  6  3370.71
   7      1.38506436    -1.06268651  -233.53886128    -0.00000197    -0.00000016  0.10D-06  0.39D-07  6  2  3891.11
   8      1.38513095    -1.06269476  -233.53886953    -0.00000825    -0.00000003  0.13D-07  0.15D-07  6  1  4369.12
   9      1.38514314    -1.06269416  -233.53886893     0.00000060    -0.00000001  0.21D-08  0.34D-08  6  3  4857.23

 Norm of t1 vector:      0.14510227      S-energy:    -0.00872083      T1 diagnostic:  0.01011389
                                                                       D1 diagnostic:  0.02537331
 Norm of t2 vector:      0.60339744      P-energy:    -1.05397333
                                         Alpha-Beta:  -0.83828514
                                         Alpha-Alpha: -0.11511954
                                         Beta-Beta:   -0.10056866

 Doubles amplitudes (print threshold =  0.500E-01):

         I         J         SYM. A    SYM. B    A         B      T(IJ, AB) [Alpha-Beta]

        17        16         1         1         6         1      0.05421285

 Spin contamination <S**2-Sz**2-Sz>     0.00981713

 Memory could be reduced to 2956.07 Mwords without degradation in triples


 RESULTS
 =======

  Reference energy                   -232.476174768341
  UCCSD singles energy                 -0.008720830037
  UCCSD pair energy                    -1.053973334547
  UCCSD correlation energy             -1.062694164584
  Triples (T) contribution             -0.049071823965
  Total correlation energy             -1.111765988549

  RHF-UCCSD energy                   -233.538868932925
  RHF-UCCSD[T] energy                -233.588684546241
  RHF-UCCSD-T energy                 -233.587586750675
 !RHF-UCCSD(T) energy                -233.587940756890

 Program statistics:

 Available memory in ccsd:             24999997418
 Min. memory needed in ccsd:             250751933
 Max. memory used in ccsd:               366175711
 Max. memory used in cckext:             268884875 ( 9 integral passes)
 Max. memory used in cckint:            1181165294 ( 1 integral passes)



 **********************************************************************************************************************************
 DATASETS  * FILE   NREC   LENGTH (MB)   RECORD NAMES
              1      18       29.21       500      610      700      900      950      970     1000      129      960     1100   
                                          VAR    BASINP    GEOM    SYMINP    ZMAT    AOBASIS   BASIS     P2S    ABASIS      S 
                                         1400     1410     1200     1210     1080     1600     1650     1700   
                                           T        V       H0       H01     AOSYM     SMH    MOLCAS    OPER   

              2       4       10.01       700     1000      520     2100   
                                         GEOM     BASIS   MCVARS     RHF  

 PROGRAMS   *        TOTAL  UCCSD(T)       RHF       INT
 CPU TIMES  *     18923.35  18473.37    124.65    324.87
 REAL TIME  *     22525.78 SEC
 DISK USED  *       151.94 GB      
 SF USED    *        53.60 GB      
 GA USED    *         0.01 MB       (max)       0.00 MB       (current)
 **********************************************************************************************************************************

 UCCSD(T)/USERDEF energy=   -233.587940756890

        UCCSD(T)        RHF-SCF 
   -233.58794076   -232.47617477
 **********************************************************************************************************************************
 Molpro calculation terminated
 Variable memory released

 Fortran compiler diagnostic
 ***************************

 integer size                  8
 double precision size         8
 logical size                  8

 diagnostic completed successfully
