
 Primary working directories    : /scratch/saurabh/PBS_8053978.helios
 Secondary working directories  : /scratch/saurabh/PBS_8053978.helios
 Wavefunction directory         : /scratch/saurabh/PBS_8053978.helios/
 Main file repository           : /scratch/saurabh/PBS_8053978.helios/

 SHA1      : f6387f0c468d0184d0b38d85973bdb066f718752
 NAME      : 2015.1.44
 ARCHNAME  : linux/x86_64
 FC        : /opt/may/bin/gfortran
 BLASLIB   : -Wl,-_start-group /opt/intel/mkl/lib/intel64/libmkl_gf_ilp64.a /opt/intel/mkl/lib/intel64/libmkl_gnu_thread.a /opt/intel/mkl/lib/intel64/libmkl_core.a -Wl,-_end-group
 id        : ramakrishnan

 Nodes             nprocs
 hel09.tifrh.res.in    8

 Using DEFAULT tuning parameter for ncache   :   16384
 Using DEFAULT tuning parameter for mflopdgm :   10000
 Using DEFAULT tuning parameter for mflopdgv :    4000
 Using DEFAULT tuning parameter for mflopmxm :    5000
 Using DEFAULT tuning parameter for mflopmxv :    4000
 Using DEFAULT tuning parameter for mindgm   :       1
 Using DEFAULT tuning parameter for mindgc   :       4
 Using DEFAULT tuning parameter for mindgf   :    5000
 Using DEFAULT tuning parameter for mindgl   :       4
 Using DEFAULT tuning parameter for mindgr   :       1
 Using DEFAULT tuning parameter for mindgv   :      20
 Using DEFAULT tuning parameter for mincuda  :     500
 Using DEFAULT tuning parameter for mxmblk   :      64
 Using DEFAULT tuning parameter for mxmbln   :      64
 Using DEFAULT tuning parameter for nroll    :       2
 Using custom tuning parameter for ngpus     :       0
 Using customized tuning parameters: mindgm=1; mindgv=20; mindgc=4; mindgr=1; noblas=0; minvec=7
 default implementation of scratch files=sf  

 ***,Mol_04
 memory,64,g
 geometry={
 C  -1.605525  -0.558623  0.098808
 C  -1.372721  0.910958   -0.128619
 C  -0.179572  1.485859   -0.001383
 C  1.010556   0.700217   0.402356
 C  0.928872   -0.762490  0.363199
 C  -0.350462  -1.419947  -0.127387
 H  -0.476049  -2.390560  0.354813
 H  -0.228873  -1.608485  -1.195466
 H  -0.054794  2.548371   -0.170250
 H  -2.233943  1.514663   -0.391422
 H  -2.408910  -0.908495  -0.552258
 H  -1.979348  -0.697344  1.120194
 O  1.696453   -0.054217  -0.621508
 H  1.684656   1.174652   1.109306
 H  1.538754   -1.334900  1.055303
  }
 basis,O=AVQZ,C=AVQZ,H=VQZ
 hf;
 ccsd(t);
 

 Fortran compiler diagnostic
 ***************************

 integer size                  8
 double precision size         8
 logical size                  8

 diagnostic completed successfully

 Variables initialized (889), CPU time= 0.02 sec
 Commands  initialized (702), CPU time= 0.02 sec, 572 directives.
 Default parameters read. Elapsed time= 0.11 sec

 Using DEFAULT tuning parameter for mpplat   :       3
 Using DEFAULT tuning parameter for mppspeed :    1600
 Checking input...
 Passed
1


                                         ***  PROGRAM SYSTEM MOLPRO  ***
                                       Copyright, TTI GmbH Stuttgart, 2015
                                    Version 2015.1 linked Jun  9 2019 06:55:40


 **********************************************************************************************************************************
 LABEL *   Mol_04                                                                        
  64 bit mpp version                                                                     DATE: 05-Apr-22          TIME: 16:11:21  
 **********************************************************************************************************************************

 SHA1:             f6387f0c468d0184d0b38d85973bdb066f718752
 **********************************************************************************************************************************

Geometry recognized as XYZ


 Variable memory set to ********** words,  buffer space   230000 words

 SETTING BASIS          =    O=AVQZ,C=AVQZ,H=VQZ


 Recomputing integrals since basis changed


 Using spherical harmonics

 Library entry C      S aug-cc-pVQZ          selected for orbital group  1
 Library entry C      P aug-cc-pVQZ          selected for orbital group  1
 Library entry C      D aug-cc-pVQZ          selected for orbital group  1
 Library entry C      F aug-cc-pVQZ          selected for orbital group  1
 Library entry C      G aug-cc-pVQZ          selected for orbital group  1
 Library entry H      S cc-pVQZ              selected for orbital group  2
 Library entry H      P cc-pVQZ              selected for orbital group  2
 Library entry H      D cc-pVQZ              selected for orbital group  2
 Library entry H      F cc-pVQZ              selected for orbital group  2
 Library entry O      S aug-cc-pVQZ          selected for orbital group  3
 Library entry O      P aug-cc-pVQZ          selected for orbital group  3
 Library entry O      D aug-cc-pVQZ          selected for orbital group  3
 Library entry O      F aug-cc-pVQZ          selected for orbital group  3
 Library entry O      G aug-cc-pVQZ          selected for orbital group  3


 PROGRAM * SEWARD (Integral evaluation for generally contracted gaussian basis sets)     Author: Roland Lindh, 1990

 Geometry written to block  1 of record 700


 Point group  C1  



 ATOMIC COORDINATES

 NR  ATOM    CHARGE       X              Y              Z

   1  C       6.00   -3.034002536   -1.055644477    0.186720059
   2  C       6.00   -2.594066735    1.721461131   -0.243054684
   3  C       6.00   -0.339341900    2.807866570   -0.002613491
   4  C       6.00    1.909674074    1.323218358    0.760342645
   5  C       6.00    1.755313685   -1.440897273    0.686346639
   6  C       6.00   -0.662277197   -2.683310941   -0.240726542
   7  H       1.00   -0.899602232   -4.517503684    0.670499395
   8  H       1.00   -0.432507287   -3.039596125   -2.259103331
   9  H       1.00   -0.103545653    4.815723254   -0.321725873
  10  H       1.00   -4.221540448    2.862298241   -0.739680379
  11  H       1.00   -4.552180159   -1.716806736   -1.043616370
  12  H       1.00   -3.740425625   -1.317789175    2.116859866
  13  O       8.00    3.205831553   -0.102455281   -1.174479904
  14  H       1.00    3.183538454    2.219770572    2.096284528
  15  H       1.00    2.907823633   -2.522595404    1.994233648

 Bond lengths in Bohr (Angstrom)

  1- 2  2.844391920   1- 6  2.908107598   1-11  2.062941239   1-12  2.072002196   2- 3  2.514333476
       ( 1.505187383)       ( 1.538904268)       ( 1.091661491)       ( 1.096456343)       ( 1.330527976)

  2-10  2.048613452   3- 4  2.800777611   3- 9  2.046685380   4- 5  2.769411085   4-13  2.730587452
       ( 1.084079553)       ( 1.482107685)       ( 1.083059261)       ( 1.465509234)       ( 1.444964652)

  4-14  2.052139627   5- 6  2.871898689   5-13  2.712582621   5-15  2.051564880   6- 7  2.061775667
       ( 1.085945524)       ( 1.519743338)       ( 1.435436906)       ( 1.085641381)       ( 1.091044697)

 6-8  2.062420473
     ( 1.091385914)

 Bond angles

  1- 2- 3  123.10073310   1- 2-10  117.22367757   1- 6- 5  113.38846099   1- 6- 7  109.82089074

  1- 6- 8  109.35338313   2- 1- 6  113.46010586   2- 1-11  109.67136189   2- 1-12  108.48203298

  2- 3- 4  121.13758508   2- 3- 9  120.81654562   3- 2-10  119.66730301   3- 4- 5  118.49193568

  3- 4-13  117.70434717   3- 4-14  116.37287550   4- 3- 9  118.03355011   4- 5- 6  119.16517008

  4- 5-13   59.73818647   4- 5-15  118.54844175   4-13- 5   61.16499606   5- 4-13   59.09681747

  5- 4-14  119.21212328   5- 6- 7  109.82128188   5- 6- 8  107.26937368   6- 1-11  109.46001623

  6- 1-12  110.13069739   6- 5-13  116.24171806   6- 5-15  116.78222851   7- 6- 8  106.95765953

 11- 1-12  105.31419605  13- 4-14  113.24896341  13- 5-15  113.39619923

 NUCLEAR CHARGE:                   52
 NUMBER OF PRIMITIVE AOS:        1122
 NUMBER OF SYMMETRY AOS:          907
 NUMBER OF CONTRACTIONS:          800   ( 800A   )
 NUMBER OF CORE ORBITALS:           7   (   7A   )
 NUMBER OF VALENCE ORBITALS:       36   (  36A   )


 NUCLEAR REPULSION ENERGY  298.34942894


 Eigenvalues of metric

         1 0.183E-05 0.264E-05 0.408E-05 0.466E-05 0.669E-05 0.725E-05 0.992E-05 0.102E-04


 Contracted 2-electron integrals neglected if value below      1.0D-12
 AO integral compression algorithm  1   Integral accuracy      1.0D-12

     184927.912 MB (compressed) written to integral file ( 43.0%)

     Node minimum: 22274.638 MB, node maximum: 24166.531 MB


 NUMBER OF SORTED TWO-ELECTRON INTEGRALS: 6416170200.     BUFFER LENGTH:  32768
 NUMBER OF SEGMENTS: 134  SEGMENT LENGTH:   47999840      RECORD LENGTH: 262144

 Memory used in sort:      48.29 MW

 SORT1 READ 53737109374. AND WROTE  5533655519. INTEGRALS IN  31737 RECORDS. CPU TIME:  2334.82 SEC, REAL TIME:  2628.08 SEC
 SORT2 READ 44261929707. AND WROTE 51328240200. INTEGRALS IN 737504 RECORDS. CPU TIME:   293.82 SEC, REAL TIME:  6742.20 SEC

 Node minimum:  6415889850.  Node maximum:  6416170200. integrals

 OPERATOR DM      FOR CENTER  0  COORDINATES:    0.000000    0.000000    0.000000


 **********************************************************************************************************************************
 DATASETS  * FILE   NREC   LENGTH (MB)   RECORD NAMES
              1      18       43.44       500      610      700      900      950      970     1000      129      960     1100   
                                          VAR    BASINP    GEOM    SYMINP    ZMAT    AOBASIS   BASIS     P2S    ABASIS      S 
                                         1400     1410     1200     1210     1080     1600     1650     1700   
                                           T        V       H0       H01     AOSYM     SMH    MOLCAS    OPER   

 PROGRAMS   *        TOTAL       INT
 CPU TIMES  *      3072.08   3071.89
 REAL TIME  *      9990.82 SEC
 DISK USED  *       715.05 GB      
 GA USED    *         0.02 MB       (max)       0.00 MB       (current)
 **********************************************************************************************************************************


 PROGRAM * RHF-SCF (CLOSED SHELL)       Authors: W. Meyer, H.-J. Werner


 NUMBER OF ELECTRONS:      26+   26-    SPACE SYMMETRY=1    SPIN SYMMETRY: Singlet 
 CONVERGENCE THRESHOLDS:    1.00E-05 (Density)    1.04E-07 (Energy)
 MAX. NUMBER OF ITERATIONS:       60
 INTERPOLATION TYPE:            DIIS
 INTERPOLATION STEPS:              2 (START)      1 (STEP)
 LEVEL SHIFTS:                  0.00 (CLOSED)  0.00 (OPEN) 



 Orbital guess generated from atomic densities. Full valence occupancy:   43

 Molecular orbital dump at record        2100.2

 Initial occupancy:  26

 ITERATION    DDIFF          GRAD             ENERGY        2-EL.EN.            DIPOLE MOMENTS         DIIS   ORB.
    1      0.000D+00      0.000D+00      -306.70375501    807.104617   -1.12980   -0.26921    0.99877    0    start
    2      0.000D+00      0.181D-02      -306.77677486    803.455196   -0.69105   -0.11728    0.42325    1    diag
    3      0.157D-02      0.856D-03      -306.78874932    805.216393   -0.79004   -0.14068    0.73612    2    diag
    4      0.527D-03      0.305D-03      -306.79081822    804.954146   -0.73933   -0.14045    0.64911    3    diag
    5      0.219D-03      0.791D-04      -306.79097130    804.859542   -0.74740   -0.13511    0.66432    4    diag
    6      0.636D-04      0.208D-04      -306.79098452    804.882872   -0.74292   -0.13583    0.66298    5    diag
    7      0.215D-04      0.415D-05      -306.79098539    804.872207   -0.74237   -0.13564    0.66257    6    diag
    8      0.646D-05      0.136D-05      -306.79098550    804.875596   -0.74205   -0.13558    0.66285    7    diag
    9      0.181D-05      0.600D-06      -306.79098552    804.874342   -0.74176   -0.13554    0.66283    8    diag
   10      0.843D-06      0.209D-06      -306.79098552    804.874645   -0.74170   -0.13553    0.66280    0    orth

 Final occupancy:  26

 !RHF STATE 1.1 Energy               -306.790985521359
 Nuclear energy                       298.34942894
 One-electron energy                -1007.57773715
 Two-electron energy                  402.43732268
 Virial quotient                       -1.00110337
 !RHF STATE 1.1 Dipole moment          -0.74169970    -0.13552825     0.66280408
 Dipole moment /Debye                  -1.88508912    -0.34445588     1.68456959

 Orbital energies:

         1.1          2.1          3.1          4.1          5.1          6.1          7.1          8.1          9.1         10.1
    -20.558334   -11.283143   -11.281146   -11.238891   -11.234787   -11.229917   -11.227835    -1.400332    -1.107191    -1.022728

        11.1         12.1         13.1         14.1         15.1         16.1         17.1         18.1         19.1         20.1
     -0.951054    -0.860986    -0.829327    -0.713548    -0.698373    -0.641982    -0.627012    -0.609539    -0.563167    -0.552003

        21.1         22.1         23.1         24.1         25.1         26.1         27.1         28.1
     -0.518987    -0.499882    -0.474622    -0.441769    -0.428690    -0.356301     0.039480     0.046114

 HOMO     26.1    -0.356301 =      -9.6954eV
 LUMO     27.1     0.039480 =       1.0743eV
 LUMO-HOMO         0.395780 =      10.7697eV


 **********************************************************************************************************************************
 DATASETS  * FILE   NREC   LENGTH (MB)   RECORD NAMES
              1      18       43.44       500      610      700      900      950      970     1000      129      960     1100   
                                          VAR    BASINP    GEOM    SYMINP    ZMAT    AOBASIS   BASIS     P2S    ABASIS      S 
                                         1400     1410     1200     1210     1080     1600     1650     1700   
                                           T        V       H0       H01     AOSYM     SMH    MOLCAS    OPER   

              2       4       15.95       700     1000      520     2100   
                                         GEOM     BASIS   MCVARS     RHF  

 PROGRAMS   *        TOTAL        HF       INT
 CPU TIMES  *      4999.62   1927.52   3071.89
 REAL TIME  *     18142.97 SEC
 DISK USED  *       715.87 GB      
 SF USED    *         2.56 MB      
 GA USED    *         0.02 MB       (max)       0.00 MB       (current)
 **********************************************************************************************************************************


 PROGRAM * CCSD (Closed-shell coupled cluster)     Authors: C. Hampel, H.-J. Werner, 1991, M. Deegan, P.J. Knowles, 1992


 Convergence thresholds:  THRVAR = 1.00D-08  THRDEN = 1.04D-06

 CCSD(T)     terms to be evaluated (factor= 1.000)


 Number of core orbitals:           7 (   7 )
 Number of closed-shell orbitals:  19 (  19 )
 Number of external orbitals:     774 ( 774 )

 Molecular orbitals read from record     2100.2  Type=RHF/CANONICAL (state 1.1)

 Number of N-1 electron functions:              19
 Number of N-2 electron functions:             190
 Number of singly external CSFs:             14706
 Number of doubly external CSFs:         108140571
 Total number of CSFs:                   108155278

 Length of J-op  integral file:               0.00 MB
 Length of K-op  integral file:              44.00 MB
 Length of 3-ext integral record:             0.00 MB

 Memory could be reduced to 10231.05 Mwords without degradation in triples

 Integral transformation finished. Total CPU:2630.29 sec, npass=  1  Memory used:5337.63 MW

 Reference energy:                   -306.79098552

 MP2 singlet pair energy:              -0.84086808
 MP2 triplet pair energy:              -0.46195807
 MP2 correlation energy:               -1.30282614
 MP2 total energy:                   -308.09381166

 SCS-MP2 correlation energy:           -1.29648226   (PS=  1.200000  PT=  0.333333)
 SCS-MP2 total energy:               -308.08746779

 ITER.      SQ.NORM     CORR.ENERGY   TOTAL ENERGY   ENERGY CHANGE        DEN1      VAR(S)    VAR(P)  DIIS     TIME  TIME/IT
   1      1.38459291    -1.32334426  -308.11432978    -0.02051811     0.01372262  0.61D-02  0.69D-02  1  1  3726.72  1262.78
   2      1.41046426    -1.32590931  -308.11689483    -0.00256505    -0.02914361  0.11D-03  0.95D-03  2  2  4807.19  1345.44
   3      1.42093144    -1.32611126  -308.11709678    -0.00020196    -0.00592007  0.79D-04  0.69D-04  3  3  5909.39  1385.98
   4      1.42429728    -1.32599648  -308.11698200     0.00011478    -0.00147529  0.51D-05  0.12D-04  4  4  7002.18  1406.23
   5      1.42554980    -1.32603552  -308.11702104    -0.00003904    -0.00032047  0.14D-05  0.11D-05  5  5  8082.52  1417.22
   6      1.42585556    -1.32602674  -308.11701227     0.00000878    -0.00005076  0.14D-06  0.14D-06  6  6  9163.05  1426.35
   7      1.42592300    -1.32602104  -308.11700657     0.00000570    -0.00000412  0.40D-07  0.17D-07  6  1 10248.92  1433.08
   8      1.42594091    -1.32602099  -308.11700651     0.00000005    -0.00000376  0.71D-08  0.24D-08  6  2 11332.72  1437.25
   9      1.42594540    -1.32602062  -308.11700614     0.00000037     0.00000107  0.14D-08  0.43D-09  6  3 12425.70  1443.87

 Norm of t1 vector:      0.10032871      S-energy:    -0.00000059      T1 diagnostic:  0.01150849
                                                                       D1 diagnostic:  0.03242544

   CPU time for triples:   2969.90 sec for i =  1 -  4 / 19 (~   1.2 % done)
   CPU time for triples:   2529.90 sec for i =  5 -  5 / 19 (~   2.3 % done)
   CPU time for triples:   3339.55 sec for i =  6 - 12 / 19 (~  26.8 % done)
   CPU time for triples:   3143.89 sec for i = 13 - 13 / 19 (~  33.7 % done)
   CPU time for triples:   3165.95 sec for i = 14 - 15 / 19 (~  50.7 % done)
   CPU time for triples:   4751.94 sec for i = 16 - 16 / 19 (~  61.0 % done)
   CPU time for triples:   3161.79 sec for i = 17 - 17 / 19 (~  72.6 % done)
   CPU time for triples:   3958.85 sec for i = 18 - 18 / 19 (~  85.6 % done)
   CPU time for triples:   4745.22 sec for i = 19 - 19 / 19 (  100.0 % done)

 Total CPU time for triples:  31844.19 sec


 RESULTS
 =======

  Reference energy                   -306.790985521361
  CCSD singlet pair energy             -0.910381574210
  CCSD triplet pair energy             -0.415638457804
  CCSD correlation energy              -1.326020620635

  Triples (T) contribution             -0.064094805408
  Total correlation energy             -1.390115426043

  CCSD total energy                  -308.117006141996
  CCSD[T] energy                     -308.182951993651
  CCSD-T energy                      -308.180322803154
 !CCSD(T) total energy               -308.181100947404

 Timing summary (sec):

 STEP                 CPU(USER)    SYS     CPU(TOT)    WALL
 Transformation       2636.02    127.14   2763.16   3073.59
 CCSD iterations      9790.74    409.08  10199.82  13000.45
 Triples             31844.19   1408.24  33252.43  36742.85

 Program statistics:

 Available memory in ccsd:             63999998456
 Min. memory needed in ccsd:             250549362
 Max. memory used in ccsd:               352360368
 Max. memory used in cckext:             248925328 ( 9 integral passes)



 **********************************************************************************************************************************
 DATASETS  * FILE   NREC   LENGTH (MB)   RECORD NAMES
              1      19    36800.30       500      610      700      900      950      970     1000      129      960     1100   
                                          VAR    BASINP    GEOM    SYMINP    ZMAT    AOBASIS   BASIS     P2S    ABASIS      S 
                                         1400     1410     1200     1210     1080     1600     1650     1700     1380   
                                           T        V       H0       H01     AOSYM     SMH    MOLCAS    OPER     JKOP   

              2       4       15.95       700     1000      520     2100   
                                         GEOM     BASIS   MCVARS     RHF  

 PROGRAMS   *        TOTAL   CCSD(T)        HF       INT
 CPU TIMES  *     49270.81  44271.15   1927.52   3071.89
 REAL TIME  *     70960.98 SEC
 DISK USED  *       763.53 GB      
 SF USED    *        46.00 GB      
 GA USED    *         0.02 MB       (max)       0.00 MB       (current)
 **********************************************************************************************************************************

 CCSD(T)/O=AVQZ,C=AVQZ,H=VQZ energy=   -308.181100947404

        CCSD(T)         HF-SCF  
   -308.18110095   -306.79098552
 **********************************************************************************************************************************
 Molpro calculation terminated
 Variable memory released

 Fortran compiler diagnostic
 ***************************

 integer size                  8
 double precision size         8
 logical size                  8

 diagnostic completed successfully
