
 Primary working directories    : /scratch/saurabh/PBS_8053999.helios
 Secondary working directories  : /scratch/saurabh/PBS_8053999.helios
 Wavefunction directory         : /scratch/saurabh/PBS_8053999.helios/
 Main file repository           : /scratch/saurabh/PBS_8053999.helios/

 SHA1      : f6387f0c468d0184d0b38d85973bdb066f718752
 NAME      : 2015.1.44
 ARCHNAME  : linux/x86_64
 FC        : /opt/may/bin/gfortran
 BLASLIB   : -Wl,-_start-group /opt/intel/mkl/lib/intel64/libmkl_gf_ilp64.a /opt/intel/mkl/lib/intel64/libmkl_gnu_thread.a /opt/intel/mkl/lib/intel64/libmkl_core.a -Wl,-_end-group
 id        : ramakrishnan

 Nodes             nprocs
 hel06.tifrh.res.in    8

 Using DEFAULT tuning parameter for ncache   :   16384
 Using DEFAULT tuning parameter for mflopdgm :   10000
 Using DEFAULT tuning parameter for mflopdgv :    4000
 Using DEFAULT tuning parameter for mflopmxm :    5000
 Using DEFAULT tuning parameter for mflopmxv :    4000
 Using DEFAULT tuning parameter for mindgm   :       1
 Using DEFAULT tuning parameter for mindgc   :       4
 Using DEFAULT tuning parameter for mindgf   :    5000
 Using DEFAULT tuning parameter for mindgl   :       4
 Using DEFAULT tuning parameter for mindgr   :       1
 Using DEFAULT tuning parameter for mindgv   :      20
 Using DEFAULT tuning parameter for mincuda  :     500
 Using DEFAULT tuning parameter for mxmblk   :      64
 Using DEFAULT tuning parameter for mxmbln   :      64
 Using DEFAULT tuning parameter for nroll    :       2
 Using custom tuning parameter for ngpus     :       0
 Using customized tuning parameters: mindgm=1; mindgv=20; mindgc=4; mindgr=1; noblas=0; minvec=7
 default implementation of scratch files=sf  

 ***,Mol_04
 memory,25,g
 geometry={
 C  -1.605525  -0.558623  0.098808
 C  -1.372721  0.910958   -0.128619
 C  -0.179572  1.485859   -0.001383
 C  1.010556   0.700217   0.402356
 C  0.928872   -0.762490  0.363199
 C  -0.350462  -1.419947  -0.127387
 H  -0.476049  -2.390560  0.354813
 H  -0.228873  -1.608485  -1.195466
 H  -0.054794  2.548371   -0.170250
 H  -2.233943  1.514663   -0.391422
 H  -2.408910  -0.908495  -0.552258
 H  -1.979348  -0.697344  1.120194
 O  1.696453   -0.054217  -0.621508
 H  1.684656   1.174652   1.109306
 H  1.538754   -1.334900  1.055303
  }
 basis={
                                                                            ! oxygen               (10s,5p,4d,2f) -&gt; [10s,5p,4d,2f]
 s, O , 0.1533000000E+05, 0.2299000000E+04, 0.5224000000E+03, 0.1473000000E+03, 0.4755000000E+02, 0.1676000000E+02, 0.6207000000E+01, 0.1752000000E+01, 0.6882000000E+00, 0.2384000000E+00
 c, 1.1, 0.1000000000E+01
 c, 2.2, 0.1000000000E+01
 c, 3.3, 0.1000000000E+01
 c, 4.4, 0.1000000000E+01
 c, 5.5, 0.1000000000E+01
 c, 6.6, 0.1000000000E+01
 c, 7.7, 0.1000000000E+01
 c, 8.8, 0.1000000000E+01
 c, 9.9, 0.1000000000E+01
 c, 10.10, 0.1000000000E+01
 p, O , 0.3446000000E+02, 0.7749000000E+01, 0.2280000000E+01, 0.7156000000E+00, 0.2140000000E+00
 c, 1.1, 0.1000000000E+01
 c, 2.2, 0.1000000000E+01
 c, 3.3, 0.1000000000E+01
 c, 4.4, 0.1000000000E+01
 c, 5.5, 0.1000000000E+01
 d, O , 0.2100000000E+02, 0.7000000000E+01, 0.2314000000E+01, 0.6450000000E+00
 c, 1.1, 0.1000000000E+01
 c, 2.2, 0.1000000000E+01
 c, 3.3, 0.1000000000E+01
 c, 4.4, 0.1000000000E+01
 f, O , 0.4300000000E+01, 0.1428000000E+01
 c, 1.1, 0.1000000000E+01
 c, 2.2, 0.1000000000E+01
                                                                                 ! hydrogen             (5s,2p,1d) -&gt; [5s,2p,1d]
 s, H , 0.3387000000E+02, 0.5095000000E+01, 0.1159000000E+01, 0.3258000000E+00, 0.1027000000E+00
 c, 1.1, 0.1000000000E+01
 c, 2.2, 0.1000000000E+01
 c, 3.3, 0.1000000000E+01
 c, 4.4, 0.1000000000E+01
 c, 5.5, 0.1000000000E+01
 p, H , 0.1407000000E+01, 0.3880000000E+00
 c, 1.1, 0.1000000000E+01
 c, 2.2, 0.1000000000E+01
 d, H , 0.1057000000E+01
 c, 1.1, 0.1000000000E+01
                                                                            ! carbon               (10s,5p,4d,2f) -&gt; [10s,5p,4d,2f]
 s, C , 0.8236000000E+04, 0.1235000000E+04, 0.2808000000E+03, 0.7927000000E+02, 0.2559000000E+02, 0.8997000000E+01, 0.3319000000E+01, 0.9059000000E+00, 0.3643000000E+00, 0.1285000000E+00
 c, 1.1, 0.1000000000E+01
 c, 2.2, 0.1000000000E+01
 c, 3.3, 0.1000000000E+01
 c, 4.4, 0.1000000000E+01
 c, 5.5, 0.1000000000E+01
 c, 6.6, 0.1000000000E+01
 c, 7.7, 0.1000000000E+01
 c, 8.8, 0.1000000000E+01
 c, 9.9, 0.1000000000E+01
 c, 10.10, 0.1000000000E+01
 p, C , 0.1871000000E+02, 0.4133000000E+01, 0.1200000000E+01, 0.3827000000E+00, 0.1209000000E+00
 c, 1.1, 0.1000000000E+01
 c, 2.2, 0.1000000000E+01
 c, 3.3, 0.1000000000E+01
 c, 4.4, 0.1000000000E+01
 c, 5.5, 0.1000000000E+01
 d, C , 0.1000000000E+02, 0.3300000000E+01, 0.1097000000E+01, 0.3180000000E+00
 c, 1.1, 0.1000000000E+01
 c, 2.2, 0.1000000000E+01
 c, 3.3, 0.1000000000E+01
 c, 4.4, 0.1000000000E+01
 f, C , 0.2300000000E+01, 0.7610000000E+00
 c, 1.1, 0.1000000000E+01
 c, 2.2, 0.1000000000E+01
 }
 hf;
 ccsd(t);
 

 Fortran compiler diagnostic
 ***************************

 integer size                  8
 double precision size         8
 logical size                  8

 diagnostic completed successfully

 Variables initialized (889), CPU time= 0.02 sec
 Commands  initialized (702), CPU time= 0.01 sec, 572 directives.
 Default parameters read. Elapsed time= 0.10 sec

 Using DEFAULT tuning parameter for mpplat   :       3
 Using DEFAULT tuning parameter for mppspeed :    1600
 Checking input...
 Passed
1


                                         ***  PROGRAM SYSTEM MOLPRO  ***
                                       Copyright, TTI GmbH Stuttgart, 2015
                                    Version 2015.1 linked Jun  9 2019 06:55:40


 **********************************************************************************************************************************
 LABEL *   Mol_04                                                                        
  64 bit mpp version                                                                     DATE: 07-Apr-22          TIME: 02:20:19  
 **********************************************************************************************************************************

 SHA1:             f6387f0c468d0184d0b38d85973bdb066f718752
 **********************************************************************************************************************************

Geometry recognized as XYZ


 Variable memory set to ********** words,  buffer space   230000 words

 SETTING BASIS          =    USERDEF


 Recomputing integrals since basis changed


 Using spherical harmonics



 PROGRAM * SEWARD (Integral evaluation for generally contracted gaussian basis sets)     Author: Roland Lindh, 1990

 Geometry written to block  1 of record 700


 Point group  C1  



 ATOMIC COORDINATES

 NR  ATOM    CHARGE       X              Y              Z

   1  C       6.00   -3.034002536   -1.055644477    0.186720059
   2  C       6.00   -2.594066735    1.721461131   -0.243054684
   3  C       6.00   -0.339341900    2.807866570   -0.002613491
   4  C       6.00    1.909674074    1.323218358    0.760342645
   5  C       6.00    1.755313685   -1.440897273    0.686346639
   6  C       6.00   -0.662277197   -2.683310941   -0.240726542
   7  H       1.00   -0.899602232   -4.517503684    0.670499395
   8  H       1.00   -0.432507287   -3.039596125   -2.259103331
   9  H       1.00   -0.103545653    4.815723254   -0.321725873
  10  H       1.00   -4.221540448    2.862298241   -0.739680379
  11  H       1.00   -4.552180159   -1.716806736   -1.043616370
  12  H       1.00   -3.740425625   -1.317789175    2.116859866
  13  O       8.00    3.205831553   -0.102455281   -1.174479904
  14  H       1.00    3.183538454    2.219770572    2.096284528
  15  H       1.00    2.907823633   -2.522595404    1.994233648

 Bond lengths in Bohr (Angstrom)

  1- 2  2.844391920   1- 6  2.908107598   1-11  2.062941239   1-12  2.072002196   2- 3  2.514333476
       ( 1.505187383)       ( 1.538904268)       ( 1.091661491)       ( 1.096456343)       ( 1.330527976)

  2-10  2.048613452   3- 4  2.800777611   3- 9  2.046685380   4- 5  2.769411085   4-13  2.730587452
       ( 1.084079553)       ( 1.482107685)       ( 1.083059261)       ( 1.465509234)       ( 1.444964652)

  4-14  2.052139627   5- 6  2.871898689   5-13  2.712582621   5-15  2.051564880   6- 7  2.061775667
       ( 1.085945524)       ( 1.519743338)       ( 1.435436906)       ( 1.085641381)       ( 1.091044697)

 6-8  2.062420473
     ( 1.091385914)

 Bond angles

  1- 2- 3  123.10073310   1- 2-10  117.22367757   1- 6- 5  113.38846099   1- 6- 7  109.82089074

  1- 6- 8  109.35338313   2- 1- 6  113.46010586   2- 1-11  109.67136189   2- 1-12  108.48203298

  2- 3- 4  121.13758508   2- 3- 9  120.81654562   3- 2-10  119.66730301   3- 4- 5  118.49193568

  3- 4-13  117.70434717   3- 4-14  116.37287550   4- 3- 9  118.03355011   4- 5- 6  119.16517008

  4- 5-13   59.73818647   4- 5-15  118.54844175   4-13- 5   61.16499606   5- 4-13   59.09681747

  5- 4-14  119.21212328   5- 6- 7  109.82128188   5- 6- 8  107.26937368   6- 1-11  109.46001623

  6- 1-12  110.13069739   6- 5-13  116.24171806   6- 5-15  116.78222851   7- 6- 8  106.95765953

 11- 1-12  105.31419605  13- 4-14  113.24896341  13- 5-15  113.39619923

 NUCLEAR CHARGE:                   52
 NUMBER OF PRIMITIVE AOS:         619
 NUMBER OF SYMMETRY AOS:          541
 NUMBER OF CONTRACTIONS:          541   ( 541A   )
 NUMBER OF CORE ORBITALS:           7   (   7A   )
 NUMBER OF VALENCE ORBITALS:       36   (  36A   )


 NUCLEAR REPULSION ENERGY  298.34942894


 Eigenvalues of metric

         1 0.912E-04 0.271E-03 0.486E-03 0.529E-03 0.678E-03 0.706E-03 0.756E-03 0.796E-03


 Contracted 2-electron integrals neglected if value below      1.0D-11
 AO integral compression algorithm  1   Integral accuracy      1.0D-11

     18453.627 MB (compressed) written to integral file ( 20.2%)

     Node minimum: 2185.757 MB, node maximum: 2438.988 MB


 NUMBER OF SORTED TWO-ELECTRON INTEGRALS: 1343442408.     BUFFER LENGTH:  32768
 NUMBER OF SEGMENTS:  43  SEGMENT LENGTH:   31996696      RECORD LENGTH: 524288

 Memory used in sort:      32.55 MW

 SORT1 READ 11420078276. AND WROTE   609055341. INTEGRALS IN   1760 RECORDS. CPU TIME:   294.38 SEC, REAL TIME:   335.74 SEC
 SORT2 READ  4892471237. AND WROTE 10747465966. INTEGRALS IN  72840 RECORDS. CPU TIME:    27.47 SEC, REAL TIME:   121.40 SEC

 Node minimum:  1343369104.  Node maximum:  1343497389. integrals

 OPERATOR DM      FOR CENTER  0  COORDINATES:    0.000000    0.000000    0.000000


 **********************************************************************************************************************************
 DATASETS  * FILE   NREC   LENGTH (MB)   RECORD NAMES
              1      18       30.83       500      610      700      900      950      970     1000      129      960     1100   
                                          VAR    BASINP    GEOM    SYMINP    ZMAT    AOBASIS   BASIS     P2S    ABASIS      S 
                                         1400     1410     1200     1210     1080     1600     1650     1700   
                                           T        V       H0       H01     AOSYM     SMH    MOLCAS    OPER   

 PROGRAMS   *        TOTAL       INT
 CPU TIMES  *       367.23    367.05
 REAL TIME  *       521.42 SEC
 DISK USED  *        76.46 GB      
 GA USED    *         0.01 MB       (max)       0.00 MB       (current)
 **********************************************************************************************************************************


 PROGRAM * RHF-SCF (CLOSED SHELL)       Authors: W. Meyer, H.-J. Werner


 NUMBER OF ELECTRONS:      26+   26-    SPACE SYMMETRY=1    SPIN SYMMETRY: Singlet 
 CONVERGENCE THRESHOLDS:    1.00E-05 (Density)    1.04E-07 (Energy)
 MAX. NUMBER OF ITERATIONS:       60
 INTERPOLATION TYPE:            DIIS
 INTERPOLATION STEPS:              2 (START)      1 (STEP)
 LEVEL SHIFTS:                  0.00 (CLOSED)  0.00 (OPEN) 



 Orbital guess generated from atomic densities. Full valence occupancy:   26

 Molecular orbital dump at record        2100.2

 Initial occupancy:  26

 ITERATION    DDIFF          GRAD             ENERGY        2-EL.EN.            DIPOLE MOMENTS         DIIS   ORB.
    1      0.000D+00      0.000D+00      -306.68633645    807.013417   -1.11727   -0.26181    0.98913    0    start
    2      0.000D+00      0.221D-02      -306.75865755    803.658478   -0.68187   -0.10324    0.42607    1    diag
    3      0.907D-03      0.103D-02      -306.77027567    805.267490   -0.77694   -0.12581    0.73039    2    diag
    4      0.355D-03      0.370D-03      -306.77228319    805.039288   -0.72639   -0.12388    0.64374    3    diag
    5      0.169D-03      0.949D-04      -306.77242777    804.946584   -0.73376   -0.11777    0.65848    4    diag
    6      0.465D-04      0.247D-04      -306.77244007    804.968997   -0.72932   -0.11818    0.65693    5    diag
    7      0.195D-04      0.501D-05      -306.77244090    804.959139   -0.72869   -0.11787    0.65649    6    diag
    8      0.561D-05      0.167D-05      -306.77244101    804.962096   -0.72836   -0.11777    0.65675    7    diag
    9      0.162D-05      0.717D-06      -306.77244103    804.960881   -0.72806   -0.11773    0.65671    8    diag
   10      0.608D-06      0.256D-06      -306.77244103    804.961209   -0.72801   -0.11772    0.65669    0    orth

 Final occupancy:  26

 !RHF STATE 1.1 Energy               -306.772441033069
 Nuclear energy                       298.34942894
 One-electron energy                -1007.60247431
 Two-electron energy                  402.48060433
 Virial quotient                       -1.00107697
 !RHF STATE 1.1 Dipole moment          -0.72801384    -0.11771792     0.65669466
 Dipole moment /Debye                  -1.85030541    -0.29918952     1.66904201

 Orbital energies:

         1.1          2.1          3.1          4.1          5.1          6.1          7.1          8.1          9.1         10.1
    -20.555979   -11.282085   -11.280105   -11.237828   -11.234413   -11.229473   -11.226803    -1.398758    -1.106261    -1.021854

        11.1         12.1         13.1         14.1         15.1         16.1         17.1         18.1         19.1         20.1
     -0.950033    -0.859909    -0.828198    -0.712186    -0.697292    -0.640739    -0.625665    -0.608348    -0.561967    -0.550612

        21.1         22.1         23.1         24.1         25.1         26.1         27.1         28.1
     -0.517755    -0.498409    -0.473558    -0.439942    -0.427221    -0.355239     0.133065     0.146925

 HOMO     26.1    -0.355239 =      -9.6665eV
 LUMO     27.1     0.133065 =       3.6209eV
 LUMO-HOMO         0.488304 =      13.2874eV


 **********************************************************************************************************************************
 DATASETS  * FILE   NREC   LENGTH (MB)   RECORD NAMES
              1      18       30.83       500      610      700      900      950      970     1000      129      960     1100   
                                          VAR    BASINP    GEOM    SYMINP    ZMAT    AOBASIS   BASIS     P2S    ABASIS      S 
                                         1400     1410     1200     1210     1080     1600     1650     1700   
                                           T        V       H0       H01     AOSYM     SMH    MOLCAS    OPER   

              2       4        8.93       700     1000      520     2100   
                                         GEOM     BASIS   MCVARS     RHF  

 PROGRAMS   *        TOTAL        HF       INT
 CPU TIMES  *       519.22    151.99    367.05
 REAL TIME  *       679.61 SEC
 DISK USED  *        76.94 GB      
 SF USED    *         1.17 MB      
 GA USED    *         0.01 MB       (max)       0.00 MB       (current)
 **********************************************************************************************************************************


 PROGRAM * CCSD (Closed-shell coupled cluster)     Authors: C. Hampel, H.-J. Werner, 1991, M. Deegan, P.J. Knowles, 1992


 Convergence thresholds:  THRVAR = 1.00D-08  THRDEN = 1.04D-06

 CCSD(T)     terms to be evaluated (factor= 1.000)


 Number of core orbitals:           7 (   7 )
 Number of closed-shell orbitals:  19 (  19 )
 Number of external orbitals:     515 ( 515 )

 Molecular orbitals read from record     2100.2  Type=RHF/CANONICAL (state 1.1)

 Number of N-1 electron functions:              19
 Number of N-2 electron functions:             190
 Number of singly external CSFs:              9785
 Number of doubly external CSFs:          47878005
 Total number of CSFs:                    47887791

 Length of J-op  integral file:               0.00 MB
 Length of K-op  integral file:              20.10 MB
 Length of 3-ext integral record:             0.00 MB

 Memory could be reduced to 3052.06 Mwords without degradation in triples

 Integral transformation finished. Total CPU: 549.57 sec, npass=  1  Memory used:1682.87 MW

 Reference energy:                   -306.77244103

 MP2 singlet pair energy:              -0.80017908
 MP2 triplet pair energy:              -0.45325909
 MP2 correlation energy:               -1.25343817
 MP2 total energy:                   -308.02587920

 SCS-MP2 correlation energy:           -1.24224277   (PS=  1.200000  PT=  0.333333)
 SCS-MP2 total energy:               -308.01468381

 ITER.      SQ.NORM     CORR.ENERGY   TOTAL ENERGY   ENERGY CHANGE        DEN1      VAR(S)    VAR(P)  DIIS     TIME  TIME/IT
   1      1.38019967    -1.28193066  -308.05437169    -0.02849249     0.00625840  0.61D-02  0.68D-02  1  1   717.06   168.56
   2      1.40561290    -1.28449705  -308.05693808    -0.00256639    -0.02902975  0.11D-03  0.94D-03  2  2   905.15   180.77
   3      1.41677348    -1.28470406  -308.05714510    -0.00020701    -0.00669637  0.66D-04  0.70D-04  3  3  1091.79   184.39
   4      1.42010759    -1.28463499  -308.05707602     0.00006907    -0.00142145  0.36D-05  0.11D-04  4  4  1276.61   185.89
   5      1.42125617    -1.28467757  -308.05711860    -0.00004257    -0.00026712  0.12D-05  0.11D-05  5  5  1461.38   187.05
   6      1.42156412    -1.28466650  -308.05710753     0.00001107    -0.00006371  0.97D-07  0.13D-06  6  6  1715.48   262.97
   7      1.42162091    -1.28466250  -308.05710353     0.00000400    -0.00000364  0.35D-07  0.15D-07  6  2  1924.62   258.97
   8      1.42163493    -1.28466157  -308.05710261     0.00000093    -0.00000047  0.71D-08  0.22D-08  6  1  2122.74   254.17
   9      1.42164084    -1.28466128  -308.05710231     0.00000030    -0.00000034  0.15D-08  0.39D-09  6  3  2327.66   256.36

 Norm of t1 vector:      0.09951679      S-energy:    -0.00000001      T1 diagnostic:  0.01141536
                                                                       D1 diagnostic:  0.03209566

 Doubles amplitudes (print threshold =  0.500E-01):

         I         J         SYM. A    SYM. B    A         B      T(IJ, AB)

        19        19         1         1         2         2     -0.06016778

   CPU time for triples:   2034.21 sec for i =  1 - 12 / 19 (~  26.8 % done)
   CPU time for triples:   1805.85 sec for i = 13 - 15 / 19 (~  50.7 % done)
   CPU time for triples:   2640.44 sec for i = 16 - 18 / 19 (~  85.6 % done)
   CPU time for triples:   1052.76 sec for i = 19 - 19 / 19 (  100.0 % done)

 Total CPU time for triples:   7545.74 sec


 RESULTS
 =======

  Reference energy                   -306.772441033070
  CCSD singlet pair energy             -0.876563356902
  CCSD triplet pair energy             -0.408097908500
  CCSD correlation energy              -1.284661277630

  Triples (T) contribution             -0.060916048428
  Total correlation energy             -1.345577326058

  CCSD total energy                  -308.057102310700
  CCSD[T] energy                     -308.119843695278
  CCSD-T energy                      -308.117206934008
 !CCSD(T) total energy               -308.118018359128

 Timing summary (sec):

 STEP                 CPU(USER)    SYS     CPU(TOT)    WALL
 Transformation        550.80     20.00    570.80    570.39
 CCSD iterations      1777.12     53.70   1830.82   2308.12
 Triples              7545.74    151.53   7697.27   7863.14

 Program statistics:

 Available memory in ccsd:             24999998456
 Min. memory needed in ccsd:             111705743
 Max. memory used in ccsd:               156547339
 Max. memory used in cckext:             113891811 ( 9 integral passes)



 **********************************************************************************************************************************
 DATASETS  * FILE   NREC   LENGTH (MB)   RECORD NAMES
              1      19    11104.31       500      610      700      900      950      970     1000      129      960     1100   
                                          VAR    BASINP    GEOM    SYMINP    ZMAT    AOBASIS   BASIS     P2S    ABASIS      S 
                                         1400     1410     1200     1210     1080     1600     1650     1700     1380   
                                           T        V       H0       H01     AOSYM     SMH    MOLCAS    OPER     JKOP   

              2       4        8.93       700     1000      520     2100   
                                         GEOM     BASIS   MCVARS     RHF  

 PROGRAMS   *        TOTAL   CCSD(T)        HF       INT
 CPU TIMES  *     10393.01   9873.74    151.99    367.05
 REAL TIME  *     11422.22 SEC
 DISK USED  *        92.83 GB      
 SF USED    *        15.19 GB      
 GA USED    *         0.01 MB       (max)       0.00 MB       (current)
 **********************************************************************************************************************************

 CCSD(T)/USERDEF energy=   -308.118018359128

        CCSD(T)         HF-SCF  
   -308.11801836   -306.77244103
 **********************************************************************************************************************************
 Molpro calculation terminated
 Variable memory released

 Fortran compiler diagnostic
 ***************************

 integer size                  8
 double precision size         8
 logical size                  8

 diagnostic completed successfully
