
 Primary working directories    : /scratch/saurabh/PBS_8057626.helios
 Secondary working directories  : /scratch/saurabh/PBS_8057626.helios
 Wavefunction directory         : /scratch/saurabh/PBS_8057626.helios/
 Main file repository           : /scratch/saurabh/PBS_8057626.helios/

 SHA1      : f6387f0c468d0184d0b38d85973bdb066f718752
 NAME      : 2015.1.44
 ARCHNAME  : linux/x86_64
 FC        : /opt/may/bin/gfortran
 BLASLIB   : -Wl,-_start-group /opt/intel/mkl/lib/intel64/libmkl_gf_ilp64.a /opt/intel/mkl/lib/intel64/libmkl_gnu_thread.a /opt/intel/mkl/lib/intel64/libmkl_core.a -Wl,-_end-group
 id        : ramakrishnan

 Nodes             nprocs
 hel04.tifrh.res.in    8

 Using DEFAULT tuning parameter for ncache   :   16384
 Using DEFAULT tuning parameter for mflopdgm :   10000
 Using DEFAULT tuning parameter for mflopdgv :    4000
 Using DEFAULT tuning parameter for mflopmxm :    5000
 Using DEFAULT tuning parameter for mflopmxv :    4000
 Using DEFAULT tuning parameter for mindgm   :       1
 Using DEFAULT tuning parameter for mindgc   :       4
 Using DEFAULT tuning parameter for mindgf   :    5000
 Using DEFAULT tuning parameter for mindgl   :       4
 Using DEFAULT tuning parameter for mindgr   :       1
 Using DEFAULT tuning parameter for mindgv   :      20
 Using DEFAULT tuning parameter for mincuda  :     500
 Using DEFAULT tuning parameter for mxmblk   :      64
 Using DEFAULT tuning parameter for mxmbln   :      64
 Using DEFAULT tuning parameter for nroll    :       2
 Using custom tuning parameter for ngpus     :       0
 Using customized tuning parameters: mindgm=1; mindgv=20; mindgc=4; mindgr=1; noblas=0; minvec=7
 default implementation of scratch files=sf  

 ***,TS_02
 memory,64,g
 geometry={
 C  -1.285569  -0.616825  0.000027
 H  -1.630771  -1.085342  0.915429
 H  0.026458   -0.950626  -0.000075
 H  -1.630877  -1.085201  -0.915406
 C  -1.044096  0.743790   0.000118
 H  -1.023461  1.316997   -0.914815
 H  -1.023353  1.316856   0.915137
 O  1.145733   0.615227   -0.000019
 O  1.261766   -0.649536  -0.000123
  }
 basis={
                                                                            ! oxygen               (10s,5p,4d,2f) -&gt; [10s,5p,4d,2f]
 s, O , 0.1533000000E+05, 0.2299000000E+04, 0.5224000000E+03, 0.1473000000E+03, 0.4755000000E+02, 0.1676000000E+02, 0.6207000000E+01, 0.1752000000E+01, 0.6882000000E+00, 0.2384000000E+00
 c, 1.1, 0.1000000000E+01
 c, 2.2, 0.1000000000E+01
 c, 3.3, 0.1000000000E+01
 c, 4.4, 0.1000000000E+01
 c, 5.5, 0.1000000000E+01
 c, 6.6, 0.1000000000E+01
 c, 7.7, 0.1000000000E+01
 c, 8.8, 0.1000000000E+01
 c, 9.9, 0.1000000000E+01
 c, 10.10, 0.1000000000E+01
 p, O , 0.3446000000E+02, 0.7749000000E+01, 0.2280000000E+01, 0.7156000000E+00, 0.2140000000E+00
 c, 1.1, 0.1000000000E+01
 c, 2.2, 0.1000000000E+01
 c, 3.3, 0.1000000000E+01
 c, 4.4, 0.1000000000E+01
 c, 5.5, 0.1000000000E+01
 d, O , 0.2100000000E+02, 0.7000000000E+01, 0.2314000000E+01, 0.6450000000E+00
 c, 1.1, 0.1000000000E+01
 c, 2.2, 0.1000000000E+01
 c, 3.3, 0.1000000000E+01
 c, 4.4, 0.1000000000E+01
 f, O , 0.4300000000E+01, 0.1428000000E+01
 c, 1.1, 0.1000000000E+01
 c, 2.2, 0.1000000000E+01
                                                                                 ! hydrogen             (5s,2p,1d) -&gt; [5s,2p,1d]
 s, H , 0.3387000000E+02, 0.5095000000E+01, 0.1159000000E+01, 0.3258000000E+00, 0.1027000000E+00
 c, 1.1, 0.1000000000E+01
 c, 2.2, 0.1000000000E+01
 c, 3.3, 0.1000000000E+01
 c, 4.4, 0.1000000000E+01
 c, 5.5, 0.1000000000E+01
 p, H , 0.1407000000E+01, 0.3880000000E+00
 c, 1.1, 0.1000000000E+01
 c, 2.2, 0.1000000000E+01
 d, H , 0.1057000000E+01
 c, 1.1, 0.1000000000E+01
                                                                            ! carbon               (10s,5p,4d,2f) -&gt; [10s,5p,4d,2f]
 s, C , 0.8236000000E+04, 0.1235000000E+04, 0.2808000000E+03, 0.7927000000E+02, 0.2559000000E+02, 0.8997000000E+01, 0.3319000000E+01, 0.9059000000E+00, 0.3643000000E+00, 0.1285000000E+00
 c, 1.1, 0.1000000000E+01
 c, 2.2, 0.1000000000E+01
 c, 3.3, 0.1000000000E+01
 c, 4.4, 0.1000000000E+01
 c, 5.5, 0.1000000000E+01
 c, 6.6, 0.1000000000E+01
 c, 7.7, 0.1000000000E+01
 c, 8.8, 0.1000000000E+01
 c, 9.9, 0.1000000000E+01
 c, 10.10, 0.1000000000E+01
 p, C , 0.1871000000E+02, 0.4133000000E+01, 0.1200000000E+01, 0.3827000000E+00, 0.1209000000E+00
 c, 1.1, 0.1000000000E+01
 c, 2.2, 0.1000000000E+01
 c, 3.3, 0.1000000000E+01
 c, 4.4, 0.1000000000E+01
 c, 5.5, 0.1000000000E+01
 d, C , 0.1000000000E+02, 0.3300000000E+01, 0.1097000000E+01, 0.3180000000E+00
 c, 1.1, 0.1000000000E+01
 c, 2.2, 0.1000000000E+01
 c, 3.3, 0.1000000000E+01
 c, 4.4, 0.1000000000E+01
 f, C , 0.2300000000E+01, 0.7610000000E+00
 c, 1.1, 0.1000000000E+01
 c, 2.2, 0.1000000000E+01
 }
 {rhf
 wf,33,1,1
 }
 uccsd(t);
 

 Fortran compiler diagnostic
 ***************************

 integer size                  8
 double precision size         8
 logical size                  8

 diagnostic completed successfully

 Variables initialized (889), CPU time= 0.01 sec
 Commands  initialized (702), CPU time= 0.02 sec, 572 directives.
 Default parameters read. Elapsed time= 0.24 sec

 Using DEFAULT tuning parameter for mpplat   :       3
 Using DEFAULT tuning parameter for mppspeed :    1600
 Checking input...
 Passed
1


                                         ***  PROGRAM SYSTEM MOLPRO  ***
                                       Copyright, TTI GmbH Stuttgart, 2015
                                    Version 2015.1 linked Jun  9 2019 06:55:40


 **********************************************************************************************************************************
 LABEL *   TS_02                                                                         
  64 bit mpp version                                                                     DATE: 29-Apr-22          TIME: 19:57:02  
 **********************************************************************************************************************************

 SHA1:             f6387f0c468d0184d0b38d85973bdb066f718752
 **********************************************************************************************************************************

Geometry recognized as XYZ


 Variable memory set to ********** words,  buffer space   230000 words

 SETTING BASIS          =    USERDEF


 Recomputing integrals since basis changed


 Using spherical harmonics



 PROGRAM * SEWARD (Integral evaluation for generally contracted gaussian basis sets)     Author: Roland Lindh, 1990

 Geometry written to block  1 of record 700


 Point group  C1  



 ATOMIC COORDINATES

 NR  ATOM    CHARGE       X              Y              Z

   1  C       6.00   -2.429373324   -1.165630317    0.000051023
   2  H       1.00   -3.081710562   -2.050999131    1.729910096
   3  H       1.00    0.049998374   -1.796422787   -0.000141729
   4  H       1.00   -3.081910873   -2.050732680   -1.729866633
   5  C       6.00   -1.973055488    1.405559394    0.000222988
   6  H       1.00   -1.934060989    2.488763637   -1.728749805
   7  H       1.00   -1.933856899    2.488497185    1.729358296
   8  O       8.00    2.165121582    1.162610534   -0.000035905
   9  O       8.00    2.384392173   -1.227445148   -0.000232436

 Bond lengths in Bohr (Angstrom)

 1-2  2.049837609  1-3  2.558355565  1-4  2.049835735  1-5  2.611367942  3-9  2.402733854
     ( 1.084727349)     ( 1.353823462)     ( 1.084726357)     ( 1.381876404)     ( 1.271471999)

 5-6  2.040636891  5-7  2.040637083  8-9  2.400092872
     ( 1.079858538)     ( 1.079858640)     ( 1.270074452)

 Bond angles

  1-3-9  152.02785412   1-5-6  121.73107517   1-5-7  121.73110604   2-1-3  101.65287622

  2-1-4  115.11179324   2-1-5  118.73964215   3-1-4  101.65286295   3-1-5   94.21045077

  3-9-8   98.45619573   4-1-5  118.73968638   6-5-7  115.84077342

 NUCLEAR CHARGE:                   33
 NUMBER OF PRIMITIVE AOS:         361
 NUMBER OF SYMMETRY AOS:          316
 NUMBER OF CONTRACTIONS:          316   ( 316A   )
 NUMBER OF CORE ORBITALS:           4   (   4A   )
 NUMBER OF VALENCE ORBITALS:       21   (  21A   )


 NUCLEAR REPULSION ENERGY  121.57616098


 Eigenvalues of metric

         1 0.352E-03 0.103E-02 0.104E-02 0.109E-02 0.153E-02 0.175E-02 0.348E-02 0.389E-02


 Contracted 2-electron integrals neglected if value below      1.0D-11
 AO integral compression algorithm  1   Integral accuracy      1.0D-11

     2375.811 MB (compressed) written to integral file ( 20.8%)

     Node minimum: 270.008 MB, node maximum: 338.952 MB


 NUMBER OF SORTED TWO-ELECTRON INTEGRALS:  156775440.     BUFFER LENGTH:  32768
 NUMBER OF SEGMENTS:   5  SEGMENT LENGTH:   31996696      RECORD LENGTH: 524288

 Memory used in sort:      32.55 MW

 SORT1 READ  1425555905. AND WROTE    76140679. INTEGRALS IN    221 RECORDS. CPU TIME:    12.94 SEC, REAL TIME:    13.61 SEC
 SORT2 READ   606078446. AND WROTE  1254328741. INTEGRALS IN   8640 RECORDS. CPU TIME:     2.56 SEC, REAL TIME:    16.38 SEC

 Node minimum:   156769180.  Node maximum:   156813006. integrals

 OPERATOR DM      FOR CENTER  0  COORDINATES:    0.000000    0.000000    0.000000


 **********************************************************************************************************************************
 DATASETS  * FILE   NREC   LENGTH (MB)   RECORD NAMES
              1      18       23.70       500      610      700      900      950      970     1000      129      960     1100   
                                          VAR    BASINP    GEOM    SYMINP    ZMAT    AOBASIS   BASIS     P2S    ABASIS      S 
                                         1400     1410     1200     1210     1080     1600     1650     1700   
                                           T        V       H0       H01     AOSYM     SMH    MOLCAS    OPER   

 PROGRAMS   *        TOTAL       INT
 CPU TIMES  *        61.60     61.42
 REAL TIME  *       114.10 SEC
 DISK USED  *         9.57 GB      
 GA USED    *         0.00 MB       (max)       0.00 MB       (current)
 **********************************************************************************************************************************


 PROGRAM * RHF-SCF (OPEN SHELL)       Authors: W. Meyer, H.-J. Werner


 NUMBER OF ELECTRONS:      17+   16-    SPACE SYMMETRY=1    SPIN SYMMETRY: Doublet 
 CONVERGENCE THRESHOLDS:    1.00E-05 (Density)    1.00E-07 (Energy)
 MAX. NUMBER OF ITERATIONS:       60
 INTERPOLATION TYPE:            DIIS
 INTERPOLATION STEPS:              2 (START)      1 (STEP)
 LEVEL SHIFTS:                 -0.60 (CLOSED) -0.30 (OPEN) 



 Orbital guess generated from atomic densities. Full valence occupancy:   17

 Molecular orbital dump at record        2100.2

 Initial alpha occupancy:  17
 Initial beta  occupancy:  16
 Wave function symmetry:    1

 ITERATION    DDIFF          GRAD             ENERGY        2-EL.EN.            DIPOLE MOMENTS         DIIS   ORB.
    1      0.000D+00      0.000D+00      -228.15715659    404.973970   -0.61511   -0.23945    0.00002    0    start
    2      0.000D+00      0.332D-02      -228.20774819    406.822095   -1.01818    0.01187    0.00006    1    diag,B
    3      0.743D-03      0.112D-02      -228.21590905    406.694314   -1.06481    0.03379    0.00006    2    diag,B
    4      0.313D-03      0.553D-03      -228.22057860    406.871726   -1.17217    0.12904    0.00008    3    diag,B
    5      0.324D-03      0.305D-03      -228.22220558    406.949561   -1.23565    0.16066    0.00008    4    diag,B
    6      0.199D-03      0.177D-03      -228.22328763    407.000034   -1.29833    0.21465    0.00009    5    diag,B
    7      0.190D-03      0.123D-03      -228.22391299    407.038009   -1.33743    0.25177    0.00010    6    fixocc
    8      0.139D-03      0.851D-04      -228.22431791    407.052398   -1.35131    0.27780    0.00010    7    diag,B
    9      0.897D-04      0.710D-04      -228.22476621    407.054271   -1.34991    0.30221    0.00010    8    diag,B
   10      0.104D-03      0.537D-04      -228.22519921    407.047245   -1.34004    0.33661    0.00010    9    orth
   11      0.193D-03      0.220D-04      -228.22519835    407.052780   -1.33856    0.33499    0.00010    9    diag,B
   12      0.223D-04      0.172D-04      -228.22521483    407.050677   -1.33712    0.34010    0.00010    9    diag,B
   13      0.413D-04      0.607D-05      -228.22521533    407.051618   -1.33716    0.33833    0.00010    9    diag,B
   14      0.899D-05      0.370D-05      -228.22521586    407.051117   -1.33687    0.33814    0.00010    9    diag,B
   15      0.579D-05      0.128D-05      -228.22521590    407.051189   -1.33683    0.33792    0.00010    9    diag,B
   16      0.190D-05      0.413D-06      -228.22521590    407.051159   -1.33681    0.33791    0.00010    0    orth

 Final alpha occupancy:  17
 Final beta  occupancy:  16

 !RHF STATE 1.1 Energy               -228.225215904575
 Nuclear energy                       121.57616098
 One-electron energy                 -553.32695623
 Two-electron energy                  203.52557935
 Virial quotient                       -1.00084864
 !RHF STATE 1.1 Dipole moment          -1.33681002     0.33791481     0.00010335
 Dipole moment /Debye                  -3.39760961     0.85883753     0.00026268

 Orbital energies:

         1.1          2.1          3.1          4.1          5.1          6.1          7.1          8.1          9.1         10.1
    -20.640493   -20.606764   -11.309408   -11.228737    -1.524764    -1.074156    -1.067005    -0.838777    -0.714201    -0.676219

        11.1         12.1         13.1         14.1         15.1         16.1         17.1         18.1         19.1
     -0.639914    -0.608327    -0.589893    -0.538944    -0.453069    -0.383292    -0.487855     0.092444     0.139453

 HOMO     17.1    -0.487855 =     -13.2752eV
 LUMO     18.1     0.092444 =       2.5155eV
 LUMO-HOMO         0.580299 =      15.7907eV


 **********************************************************************************************************************************
 DATASETS  * FILE   NREC   LENGTH (MB)   RECORD NAMES
              1      18       23.70       500      610      700      900      950      970     1000      129      960     1100   
                                          VAR    BASINP    GEOM    SYMINP    ZMAT    AOBASIS   BASIS     P2S    ABASIS      S 
                                         1400     1410     1200     1210     1080     1600     1650     1700   
                                           T        V       H0       H01     AOSYM     SMH    MOLCAS    OPER   

              2       4        5.73       700     1000      520     2100   
                                         GEOM     BASIS   MCVARS     RHF  

 PROGRAMS   *        TOTAL       RHF       INT
 CPU TIMES  *        86.74     25.14     61.42
 REAL TIME  *       140.85 SEC
 DISK USED  *         9.93 GB      
 SF USED    *         0.40 MB      
 GA USED    *         0.00 MB       (max)       0.00 MB       (current)
 **********************************************************************************************************************************


 PROGRAM * CCSD (Unrestricted open-shell coupled cluster)     Authors: C. Hampel, H.-J. Werner, 1991, M. Deegan, P.J. Knowles, 1992


 Convergence thresholds:  THRVAR = 1.00D-08  THRDEN = 1.00D-06

 CCSD(T)     terms to be evaluated (factor= 1.000)


 Number of core orbitals:           4 (   4 )
 Number of closed-shell orbitals:  12 (  12 )
 Number of active  orbitals:        1 (   1 )
 Number of external orbitals:     299 ( 299 )

 Memory could be reduced to 591.95 Mwords without degradation in triples

 Number of N-1 electron functions:              25
 Number of N-2 electron functions:             300
 Number of singly external CSFs:              7500
 Number of doubly external CSFs:          20498400
 Total number of CSFs:                    20505900

 Molecular orbitals read from record     2100.2  Type=RHF/CANONICAL (state 1.1)

 Integral transformation finished. Total CPU:  45.77 sec, npass=  1  Memory used: 238.83 MW

 Starting RMP2 calculation

 ITER.      SQ.NORM     CORR.ENERGY   TOTAL ENERGY   ENERGY CHANGE        DEN1      VAR(S)    VAR(P)  DIIS     TIME
   1      1.24722341    -0.87076547  -229.09598138    -0.87076547    -0.00311093  0.36D-04  0.13D-02  1  1    50.68
   2      1.25043529    -0.87413546  -229.09935136    -0.00336998    -0.00000839  0.78D-06  0.43D-05  2  2    55.16
   3      1.25057214    -0.87421001  -229.09942592    -0.00007456    -0.00000005  0.24D-07  0.17D-07  3  3    59.76
   4      1.25057568    -0.87421050  -229.09942640    -0.00000049    -0.00000000  0.45D-09  0.94D-10  4  4    64.66

 Norm of t1 vector:      0.05509653      S-energy:    -0.00570308      T1 diagnostic:  0.00084924
 Norm of t2 vector:      0.49753397      P-energy:    -0.86850742
                                         Alpha-Beta:  -0.65356429
                                         Alpha-Alpha: -0.10869809
                                         Beta-Beta:   -0.10624504

 Spin contamination <S**2-Sz**2-Sz>     0.00210415
  Reference energy                   -228.225215904575
  RHF-RMP2 correlation energy          -0.874210499583
 !RHF-RMP2 energy                    -229.099426404158

 Starting UCCSD calculation

 ITER.      SQ.NORM     CORR.ENERGY   TOTAL ENERGY   ENERGY CHANGE        DEN1      VAR(S)    VAR(P)  DIIS     TIME
   1      1.24474193    -0.85151379  -229.07672969    -0.85151379    -0.03084016  0.11D-01  0.50D-02  1  1   130.65
   2      1.27044529    -0.87632718  -229.10154308    -0.02481339    -0.00448941  0.11D-02  0.13D-02  2  2   184.15
   3      1.29342945    -0.88348266  -229.10869856    -0.00715548    -0.00110794  0.11D-02  0.11D-03  3  3   246.67
   4      1.30898246    -0.88678800  -229.11200390    -0.00330534    -0.00040614  0.33D-03  0.53D-04  4  4   308.54
   5      1.32666704    -0.88884181  -229.11405772    -0.00205381    -0.00009522  0.78D-04  0.12D-04  5  5   362.05
   6      1.33544222    -0.88967713  -229.11489304    -0.00083532    -0.00001701  0.11D-04  0.36D-05  6  6   415.53
   7      1.33837523    -0.88987642  -229.11509232    -0.00019928    -0.00000422  0.24D-05  0.11D-05  6  2   481.99
   8      1.33868567    -0.88990567  -229.11512157    -0.00002925    -0.00000114  0.90D-06  0.21D-06  6  1   554.51
   9      1.33882806    -0.88991936  -229.11513526    -0.00001369    -0.00000030  0.25D-06  0.52D-07  6  3   610.14
  10      1.33889180    -0.88991983  -229.11513573    -0.00000047    -0.00000008  0.52D-07  0.18D-07  6  5   664.44
  11      1.33896206    -0.88992370  -229.11513960    -0.00000387    -0.00000002  0.15D-07  0.33D-08  6  4   718.75
  12      1.33898138    -0.88992340  -229.11513930     0.00000030    -0.00000001  0.59D-08  0.11D-08  6  6   773.06

 Norm of t1 vector:      0.25463713      S-energy:    -0.00572210      T1 diagnostic:  0.03477244
                                                                       D1 diagnostic:  0.12071990
 Norm of t2 vector:      0.52358506      P-energy:    -0.88420130
                                         Alpha-Beta:  -0.69073073
                                         Alpha-Alpha: -0.09701623
                                         Beta-Beta:   -0.09645434

 Singles amplitudes (print threshold =  0.500E-01):

         I         SYM. A    A   T(IA) [Alpha-Alpha]

        12         1         2      0.07922800

         I         SYM. A    A   T(IA) [Beta-Beta]

         9         1         1      0.16075609
        11         1         2     -0.07555538
        12         1         2      0.11830484

 Doubles amplitudes (print threshold =  0.500E-01):

         I         J         SYM. A    SYM. B    A         B      T(IJ, AB) [Alpha-Beta]

        12        12         1         1         2         2     -0.09548076

 Spin contamination <S**2-Sz**2-Sz>     0.00496949

 Memory could be reduced to 624.23 Mwords without degradation in triples


 RESULTS
 =======

  Reference energy                   -228.225215904575
  UCCSD singles energy                 -0.005722099511
  UCCSD pair energy                    -0.884201295646
  UCCSD correlation energy             -0.889923395156
  Triples (T) contribution             -0.044279709812
  Total correlation energy             -0.934203104968

  RHF-UCCSD energy                   -229.115139299731
  RHF-UCCSD[T] energy                -229.163666701387
  RHF-UCCSD-T energy                 -229.158649749717
 !RHF-UCCSD(T) energy                -229.159419009543

 Program statistics:

 Available memory in ccsd:             63999998418
 Min. memory needed in ccsd:              58074467
 Max. memory used in ccsd:                83780031
 Max. memory used in cckext:              62519040 (12 integral passes)
 Max. memory used in cckint:             238825082 ( 1 integral passes)



 **********************************************************************************************************************************
 DATASETS  * FILE   NREC   LENGTH (MB)   RECORD NAMES
              1      18       23.70       500      610      700      900      950      970     1000      129      960     1100   
                                          VAR    BASINP    GEOM    SYMINP    ZMAT    AOBASIS   BASIS     P2S    ABASIS      S 
                                         1400     1410     1200     1210     1080     1600     1650     1700   
                                           T        V       H0       H01     AOSYM     SMH    MOLCAS    OPER   

              2       4        5.73       700     1000      520     2100   
                                         GEOM     BASIS   MCVARS     RHF  

 PROGRAMS   *        TOTAL  UCCSD(T)       RHF       INT
 CPU TIMES  *      1737.12   1650.38     25.14     61.42
 REAL TIME  *      1880.31 SEC
 DISK USED  *        30.55 GB      
 SF USED    *        10.64 GB      
 GA USED    *         0.00 MB       (max)       0.00 MB       (current)
 **********************************************************************************************************************************

 UCCSD(T)/USERDEF energy=   -229.159419009543

        UCCSD(T)        RHF-SCF 
   -229.15941901   -228.22521590
 **********************************************************************************************************************************
 Molpro calculation terminated
 Variable memory released

 Fortran compiler diagnostic
 ***************************

 integer size                  8
 double precision size         8
 logical size                  8

 diagnostic completed successfully
