
 Primary working directories    : /scratch/saurabh/PBS_8057630.helios
 Secondary working directories  : /scratch/saurabh/PBS_8057630.helios
 Wavefunction directory         : /scratch/saurabh/PBS_8057630.helios/
 Main file repository           : /scratch/saurabh/PBS_8057630.helios/

 SHA1      : f6387f0c468d0184d0b38d85973bdb066f718752
 NAME      : 2015.1.44
 ARCHNAME  : linux/x86_64
 FC        : /opt/may/bin/gfortran
 BLASLIB   : -Wl,-_start-group /opt/intel/mkl/lib/intel64/libmkl_gf_ilp64.a /opt/intel/mkl/lib/intel64/libmkl_gnu_thread.a /opt/intel/mkl/lib/intel64/libmkl_core.a -Wl,-_end-group
 id        : ramakrishnan

 Nodes             nprocs
 hel09.tifrh.res.in    8

 Using DEFAULT tuning parameter for ncache   :   16384
 Using DEFAULT tuning parameter for mflopdgm :   10000
 Using DEFAULT tuning parameter for mflopdgv :    4000
 Using DEFAULT tuning parameter for mflopmxm :    5000
 Using DEFAULT tuning parameter for mflopmxv :    4000
 Using DEFAULT tuning parameter for mindgm   :       1
 Using DEFAULT tuning parameter for mindgc   :       4
 Using DEFAULT tuning parameter for mindgf   :    5000
 Using DEFAULT tuning parameter for mindgl   :       4
 Using DEFAULT tuning parameter for mindgr   :       1
 Using DEFAULT tuning parameter for mindgv   :      20
 Using DEFAULT tuning parameter for mincuda  :     500
 Using DEFAULT tuning parameter for mxmblk   :      64
 Using DEFAULT tuning parameter for mxmbln   :      64
 Using DEFAULT tuning parameter for nroll    :       2
 Using custom tuning parameter for ngpus     :       0
 Using customized tuning parameters: mindgm=1; mindgv=20; mindgc=4; mindgr=1; noblas=0; minvec=7
 default implementation of scratch files=sf  

 ***,TS_02
 memory,25,g
 geometry={
 C  -1.285569  -0.616825  0.000027
 H  -1.630771  -1.085342  0.915429
 H  0.026458   -0.950626  -0.000075
 H  -1.630877  -1.085201  -0.915406
 C  -1.044096  0.743790   0.000118
 H  -1.023461  1.316997   -0.914815
 H  -1.023353  1.316856   0.915137
 O  1.145733   0.615227   -0.000019
 O  1.261766   -0.649536  -0.000123
  }
 basis,O=AVTZ,C=AVTZ,H=VTZ
 {rhf
 wf,33,1,1
 }
 uccsd(t);
 

 Fortran compiler diagnostic
 ***************************

 integer size                  8
 double precision size         8
 logical size                  8

 diagnostic completed successfully

 Variables initialized (889), CPU time= 0.01 sec
 Commands  initialized (702), CPU time= 0.02 sec, 572 directives.
 Default parameters read. Elapsed time= 0.10 sec

 Using DEFAULT tuning parameter for mpplat   :       3
 Using DEFAULT tuning parameter for mppspeed :    1600
 Checking input...
 Passed
1


                                         ***  PROGRAM SYSTEM MOLPRO  ***
                                       Copyright, TTI GmbH Stuttgart, 2015
                                    Version 2015.1 linked Jun  9 2019 06:55:40


 **********************************************************************************************************************************
 LABEL *   TS_02                                                                         
  64 bit mpp version                                                                     DATE: 29-Apr-22          TIME: 20:38:00  
 **********************************************************************************************************************************

 SHA1:             f6387f0c468d0184d0b38d85973bdb066f718752
 **********************************************************************************************************************************

Geometry recognized as XYZ


 Variable memory set to ********** words,  buffer space   230000 words

 SETTING BASIS          =    O=AVTZ,C=AVTZ,H=VTZ


 Recomputing integrals since basis changed


 Using spherical harmonics

 Library entry C      S aug-cc-pVTZ          selected for orbital group  1
 Library entry C      P aug-cc-pVTZ          selected for orbital group  1
 Library entry C      D aug-cc-pVTZ          selected for orbital group  1
 Library entry C      F aug-cc-pVTZ          selected for orbital group  1
 Library entry H      S cc-pVTZ              selected for orbital group  2
 Library entry H      P cc-pVTZ              selected for orbital group  2
 Library entry H      D cc-pVTZ              selected for orbital group  2
 Library entry O      S aug-cc-pVTZ          selected for orbital group  5
 Library entry O      P aug-cc-pVTZ          selected for orbital group  5
 Library entry O      D aug-cc-pVTZ          selected for orbital group  5
 Library entry O      F aug-cc-pVTZ          selected for orbital group  5


 PROGRAM * SEWARD (Integral evaluation for generally contracted gaussian basis sets)     Author: Roland Lindh, 1990

 Geometry written to block  1 of record 700


 Point group  C1  



 ATOMIC COORDINATES

 NR  ATOM    CHARGE       X              Y              Z

   1  C       6.00   -2.429373324   -1.165630317    0.000051023
   2  H       1.00   -3.081710562   -2.050999131    1.729910096
   3  H       1.00    0.049998374   -1.796422787   -0.000141729
   4  H       1.00   -3.081910873   -2.050732680   -1.729866633
   5  C       6.00   -1.973055488    1.405559394    0.000222988
   6  H       1.00   -1.934060989    2.488763637   -1.728749805
   7  H       1.00   -1.933856899    2.488497185    1.729358296
   8  O       8.00    2.165121582    1.162610534   -0.000035905
   9  O       8.00    2.384392173   -1.227445148   -0.000232436

 Bond lengths in Bohr (Angstrom)

 1-2  2.049837609  1-3  2.558355565  1-4  2.049835735  1-5  2.611367942  3-9  2.402733854
     ( 1.084727349)     ( 1.353823462)     ( 1.084726357)     ( 1.381876404)     ( 1.271471999)

 5-6  2.040636891  5-7  2.040637083  8-9  2.400092872
     ( 1.079858538)     ( 1.079858640)     ( 1.270074452)

 Bond angles

  1-3-9  152.02785412   1-5-6  121.73107517   1-5-7  121.73110604   2-1-3  101.65287622

  2-1-4  115.11179324   2-1-5  118.73964215   3-1-4  101.65286295   3-1-5   94.21045077

  3-9-8   98.45619573   4-1-5  118.73968638   6-5-7  115.84077342

 NUCLEAR CHARGE:                   33
 NUMBER OF PRIMITIVE AOS:         353
 NUMBER OF SYMMETRY AOS:          312
 NUMBER OF CONTRACTIONS:          254   ( 254A   )
 NUMBER OF CORE ORBITALS:           4   (   4A   )
 NUMBER OF VALENCE ORBITALS:       21   (  21A   )


 NUCLEAR REPULSION ENERGY  121.57616098


 Eigenvalues of metric

         1 0.312E-04 0.997E-04 0.192E-03 0.289E-03 0.375E-03 0.541E-03 0.586E-03 0.604E-03


 Contracted 2-electron integrals neglected if value below      1.0D-12
 AO integral compression algorithm  1   Integral accuracy      1.0D-12

     2418.541 MB (compressed) written to integral file ( 50.6%)

     Node minimum: 271.581 MB, node maximum: 319.291 MB


 NUMBER OF SORTED TWO-ELECTRON INTEGRALS:   65561408.     BUFFER LENGTH:  32768
 NUMBER OF SEGMENTS:   5  SEGMENT LENGTH:   15996384      RECORD LENGTH: 524288

 Memory used in sort:      16.55 MW

 SORT1 READ   597354470. AND WROTE    63942417. INTEGRALS IN    186 RECORDS. CPU TIME:     8.00 SEC, REAL TIME:     8.60 SEC
 SORT2 READ   510731794. AND WROTE   524410305. INTEGRALS IN   9744 RECORDS. CPU TIME:     1.29 SEC, REAL TIME:     1.74 SEC

 Node minimum:    65537120.  Node maximum:    65565457. integrals

 OPERATOR DM      FOR CENTER  0  COORDINATES:    0.000000    0.000000    0.000000


 **********************************************************************************************************************************
 DATASETS  * FILE   NREC   LENGTH (MB)   RECORD NAMES
              1      18       22.41       500      610      700      900      950      970     1000      129      960     1100   
                                          VAR    BASINP    GEOM    SYMINP    ZMAT    AOBASIS   BASIS     P2S    ABASIS      S 
                                         1400     1410     1200     1210     1080     1600     1650     1700   
                                           T        V       H0       H01     AOSYM     SMH    MOLCAS    OPER   

 PROGRAMS   *        TOTAL       INT
 CPU TIMES  *        20.16     20.01
 REAL TIME  *        33.89 SEC
 DISK USED  *         8.52 GB      
 GA USED    *         0.00 MB       (max)       0.00 MB       (current)
 **********************************************************************************************************************************


 PROGRAM * RHF-SCF (OPEN SHELL)       Authors: W. Meyer, H.-J. Werner


 NUMBER OF ELECTRONS:      17+   16-    SPACE SYMMETRY=1    SPIN SYMMETRY: Doublet 
 CONVERGENCE THRESHOLDS:    1.00E-05 (Density)    1.00E-07 (Energy)
 MAX. NUMBER OF ITERATIONS:       60
 INTERPOLATION TYPE:            DIIS
 INTERPOLATION STEPS:              2 (START)      1 (STEP)
 LEVEL SHIFTS:                 -0.60 (CLOSED) -0.30 (OPEN) 



 Orbital guess generated from atomic densities. Full valence occupancy:   25

 Molecular orbital dump at record        2100.2

 Initial alpha occupancy:  17
 Initial beta  occupancy:  16
 Wave function symmetry:    1

 ITERATION    DDIFF          GRAD             ENERGY        2-EL.EN.            DIPOLE MOMENTS         DIIS   ORB.
    1      0.000D+00      0.000D+00      -228.15749966    404.756380   -0.63157   -0.23579    0.00002    0    start
    2      0.000D+00      0.366D-02      -228.20900189    406.709900   -1.03990    0.01591    0.00006    1    diag,B
    3      0.287D-02      0.125D-02      -228.21738736    406.571168   -1.08356    0.03750    0.00007    2    diag,B
    4      0.102D-02      0.626D-03      -228.22218679    406.748741   -1.18878    0.13242    0.00008    3    diag,B
    5      0.825D-03      0.346D-03      -228.22388523    406.822539   -1.25159    0.16371    0.00009    4    diag,B
    6      0.439D-03      0.202D-03      -228.22500215    406.862041   -1.31316    0.21737    0.00009    5    diag,B
    7      0.392D-03      0.140D-03      -228.22565891    406.891699   -1.35299    0.25535    0.00010    6    fixocc
    8      0.287D-03      0.959D-04      -228.22607847    406.903475   -1.36704    0.28197    0.00010    7    diag,B
    9      0.185D-03      0.804D-04      -228.22656400    406.905875   -1.36663    0.30913    0.00010    8    diag,B
   10      0.236D-03      0.603D-04      -228.22700470    406.899261   -1.35787    0.34517    0.00011    9    orth
   11      0.412D-03      0.249D-04      -228.22700385    406.904794   -1.35570    0.34335    0.00010    9    diag,B
   12      0.573D-04      0.214D-04      -228.22702332    406.900689   -1.35403    0.34926    0.00011    9    diag,B
   13      0.981D-04      0.702D-05      -228.22702387    406.901654   -1.35388    0.34739    0.00011    9    diag,B
   14      0.195D-04      0.427D-05      -228.22702440    406.901064   -1.35355    0.34712    0.00011    9    diag,B
   15      0.158D-04      0.151D-05      -228.22702446    406.901134   -1.35347    0.34691    0.00011    9    diag,B
   16      0.495D-05      0.584D-06      -228.22702446    406.901090   -1.35345    0.34690    0.00011    0    orth

 Final alpha occupancy:  17
 Final beta  occupancy:  16

 !RHF STATE 1.1 Energy               -228.227024459069
 Nuclear energy                       121.57616098
 One-electron energy                 -553.25373036
 Two-electron energy                  203.45054492
 Virial quotient                       -1.00126938
 !RHF STATE 1.1 Dipole moment          -1.35345322     0.34690132     0.00010500
 Dipole moment /Debye                  -3.43990963     0.88167746     0.00026687

 Orbital energies:

         1.1          2.1          3.1          4.1          5.1          6.1          7.1          8.1          9.1         10.1
    -20.645176   -20.612426   -11.311470   -11.230443    -1.527967    -1.075349    -1.069708    -0.839851    -0.716740    -0.677311

        11.1         12.1         13.1         14.1         15.1         16.1         17.1         18.1         19.1
     -0.642420    -0.609646    -0.591818    -0.539786    -0.455300    -0.385313    -0.491174     0.048072     0.058383

 HOMO     17.1    -0.491174 =     -13.3655eV
 LUMO     18.1     0.048072 =       1.3081eV
 LUMO-HOMO         0.539245 =      14.6736eV


 **********************************************************************************************************************************
 DATASETS  * FILE   NREC   LENGTH (MB)   RECORD NAMES
              1      18       22.41       500      610      700      900      950      970     1000      129      960     1100   
                                          VAR    BASINP    GEOM    SYMINP    ZMAT    AOBASIS   BASIS     P2S    ABASIS      S 
                                         1400     1410     1200     1210     1080     1600     1650     1700   
                                           T        V       H0       H01     AOSYM     SMH    MOLCAS    OPER   

              2       4        4.74       700     1000      520     2100   
                                         GEOM     BASIS   MCVARS     RHF  

 PROGRAMS   *        TOTAL       RHF       INT
 CPU TIMES  *        32.75     12.59     20.01
 REAL TIME  *        47.63 SEC
 DISK USED  *         8.81 GB      
 SF USED    *         0.26 MB      
 GA USED    *         0.00 MB       (max)       0.00 MB       (current)
 **********************************************************************************************************************************


 PROGRAM * CCSD (Unrestricted open-shell coupled cluster)     Authors: C. Hampel, H.-J. Werner, 1991, M. Deegan, P.J. Knowles, 1992


 Convergence thresholds:  THRVAR = 1.00D-08  THRDEN = 1.00D-06

 CCSD(T)     terms to be evaluated (factor= 1.000)


 Number of core orbitals:           4 (   4 )
 Number of closed-shell orbitals:  12 (  12 )
 Number of active  orbitals:        1 (   1 )
 Number of external orbitals:     237 ( 237 )

 Memory could be reduced to 306.43 Mwords without degradation in triples

 Number of N-1 electron functions:              25
 Number of N-2 electron functions:             300
 Number of singly external CSFs:              5950
 Number of doubly external CSFs:          12897696
 Total number of CSFs:                    12903646

 Molecular orbitals read from record     2100.2  Type=RHF/CANONICAL (state 1.1)

 Integral transformation finished. Total CPU:  22.64 sec, npass=  1  Memory used: 126.31 MW

 Starting RMP2 calculation

 ITER.      SQ.NORM     CORR.ENERGY   TOTAL ENERGY   ENERGY CHANGE        DEN1      VAR(S)    VAR(P)  DIIS     TIME
   1      1.25110242    -0.85602831  -229.08305277    -0.85602831    -0.00317049  0.45D-04  0.13D-02  1  1    25.21
   2      1.25444041    -0.85946606  -229.08649052    -0.00343775    -0.00000942  0.12D-05  0.47D-05  2  2    27.17
   3      1.25459075    -0.85954552  -229.08656998    -0.00007946    -0.00000007  0.38D-07  0.21D-07  3  3    29.43
   4      1.25459522    -0.85954624  -229.08657070    -0.00000072    -0.00000000  0.75D-09  0.16D-09  4  4    32.19

 Norm of t1 vector:      0.05753644      S-energy:    -0.00578421      T1 diagnostic:  0.00094496
 Norm of t2 vector:      0.50128314      P-energy:    -0.85376203
                                         Alpha-Beta:  -0.64052402
                                         Alpha-Alpha: -0.10782564
                                         Beta-Beta:   -0.10541238

 Spin contamination <S**2-Sz**2-Sz>     0.00264435
  Reference energy                   -228.227024459067
  RHF-RMP2 correlation energy          -0.859546240888
 !RHF-RMP2 energy                    -229.086570699954

 Starting UCCSD calculation

 ITER.      SQ.NORM     CORR.ENERGY   TOTAL ENERGY   ENERGY CHANGE        DEN1      VAR(S)    VAR(P)  DIIS     TIME
   1      1.24947398    -0.84109889  -229.06812335    -0.84109889    -0.03048633  0.11D-01  0.51D-02  1  1    68.17
   2      1.27682500    -0.86623141  -229.09325587    -0.02513252    -0.00446058  0.11D-02  0.13D-02  2  2   103.18
   3      1.30000574    -0.87288401  -229.09990847    -0.00665260    -0.00112689  0.11D-02  0.11D-03  3  3   140.38
   4      1.31691478    -0.87635436  -229.10337882    -0.00347035    -0.00038661  0.31D-03  0.53D-04  4  4   175.41
   5      1.33353118    -0.87827132  -229.10529578    -0.00191696    -0.00009660  0.78D-04  0.13D-04  5  5   210.37
   6      1.34247702    -0.87911147  -229.10613593    -0.00084015    -0.00001747  0.11D-04  0.35D-05  6  6   240.98
   7      1.34525460    -0.87928768  -229.10631214    -0.00017621    -0.00000410  0.23D-05  0.10D-05  6  1   274.40
   8      1.34577539    -0.87934778  -229.10637224    -0.00006010    -0.00000112  0.83D-06  0.22D-06  6  2   312.98
   9      1.34582318    -0.87934348  -229.10636794     0.00000430    -0.00000029  0.24D-06  0.52D-07  6  3   351.15
  10      1.34606857    -0.87937501  -229.10639947    -0.00003153    -0.00000007  0.54D-07  0.15D-07  6  4   388.99
  11      1.34598906    -0.87936011  -229.10638457     0.00001489    -0.00000002  0.15D-07  0.41D-08  6  6   419.78
  12      1.34602904    -0.87936450  -229.10638896    -0.00000439    -0.00000001  0.56D-08  0.10D-08  6  1   450.70
  13      1.34600988    -0.87935969  -229.10638415     0.00000482    -0.00000000  0.19D-08  0.31D-09  6  5   481.54
  14      1.34601196    -0.87936007  -229.10638453    -0.00000039    -0.00000000  0.60D-09  0.15D-09  6  3   512.37

 Norm of t1 vector:      0.25841592      S-energy:    -0.00591536      T1 diagnostic:  0.03520342
                                                                       D1 diagnostic:  0.12043574
 Norm of t2 vector:      0.52842518      P-energy:    -0.87344471
                                         Alpha-Beta:  -0.68136862
                                         Alpha-Alpha: -0.09626648
                                         Beta-Beta:   -0.09580961

 Singles amplitudes (print threshold =  0.500E-01):

         I         SYM. A    A   T(IA) [Alpha-Alpha]

        12         1         5      0.05215182

         I         SYM. A    A   T(IA) [Beta-Beta]

         9         1         1      0.16395059
        12         1         5      0.07509570
        12         1         9     -0.07231749

 Spin contamination <S**2-Sz**2-Sz>     0.00525118

 Memory could be reduced to 326.84 Mwords without degradation in triples


 RESULTS
 =======

  Reference energy                   -228.227024459067
  UCCSD singles energy                 -0.005915361084
  UCCSD pair energy                    -0.873444712912
  UCCSD correlation energy             -0.879360073996
  Triples (T) contribution             -0.044193064214
  Total correlation energy             -0.923553138210

  RHF-UCCSD energy                   -229.106384533062
  RHF-UCCSD[T] energy                -229.154984385731
  RHF-UCCSD-T energy                 -229.149752447933
 !RHF-UCCSD(T) energy                -229.150577597276

 Program statistics:

 Available memory in ccsd:             24999998418
 Min. memory needed in ccsd:              36661651
 Max. memory used in ccsd:                52819029
 Max. memory used in cckext:              40550281 (14 integral passes)
 Max. memory used in cckint:             126311224 ( 1 integral passes)



 **********************************************************************************************************************************
 DATASETS  * FILE   NREC   LENGTH (MB)   RECORD NAMES
              1      18       22.41       500      610      700      900      950      970     1000      129      960     1100   
                                          VAR    BASINP    GEOM    SYMINP    ZMAT    AOBASIS   BASIS     P2S    ABASIS      S 
                                         1400     1410     1200     1210     1080     1600     1650     1700   
                                           T        V       H0       H01     AOSYM     SMH    MOLCAS    OPER   

              2       4        4.74       700     1000      520     2100   
                                         GEOM     BASIS   MCVARS     RHF  

 PROGRAMS   *        TOTAL  UCCSD(T)       RHF       INT
 CPU TIMES  *       970.07    937.31     12.59     20.01
 REAL TIME  *      1028.10 SEC
 DISK USED  *        21.80 GB      
 SF USED    *         5.62 GB      
 GA USED    *         0.00 MB       (max)       0.00 MB       (current)
 **********************************************************************************************************************************

 UCCSD(T)/O=AVTZ,C=AVTZ,H=VTZ energy=   -229.150577597276

        UCCSD(T)        RHF-SCF 
   -229.15057760   -228.22702446
 **********************************************************************************************************************************
 Molpro calculation terminated
 Variable memory released

 Fortran compiler diagnostic
 ***************************

 integer size                  8
 double precision size         8
 logical size                  8

 diagnostic completed successfully
