
 Primary working directories    : /scratch/saurabh/PBS_8057633.helios
 Secondary working directories  : /scratch/saurabh/PBS_8057633.helios
 Wavefunction directory         : /scratch/saurabh/PBS_8057633.helios/
 Main file repository           : /scratch/saurabh/PBS_8057633.helios/

 SHA1      : f6387f0c468d0184d0b38d85973bdb066f718752
 NAME      : 2015.1.44
 ARCHNAME  : linux/x86_64
 FC        : /opt/may/bin/gfortran
 BLASLIB   : -Wl,-_start-group /opt/intel/mkl/lib/intel64/libmkl_gf_ilp64.a /opt/intel/mkl/lib/intel64/libmkl_gnu_thread.a /opt/intel/mkl/lib/intel64/libmkl_core.a -Wl,-_end-group
 id        : ramakrishnan

 Nodes             nprocs
 hel07.tifrh.res.in    8

 Using DEFAULT tuning parameter for ncache   :   16384
 Using DEFAULT tuning parameter for mflopdgm :   10000
 Using DEFAULT tuning parameter for mflopdgv :    4000
 Using DEFAULT tuning parameter for mflopmxm :    5000
 Using DEFAULT tuning parameter for mflopmxv :    4000
 Using DEFAULT tuning parameter for mindgm   :       1
 Using DEFAULT tuning parameter for mindgc   :       4
 Using DEFAULT tuning parameter for mindgf   :    5000
 Using DEFAULT tuning parameter for mindgl   :       4
 Using DEFAULT tuning parameter for mindgr   :       1
 Using DEFAULT tuning parameter for mindgv   :      20
 Using DEFAULT tuning parameter for mincuda  :     500
 Using DEFAULT tuning parameter for mxmblk   :      64
 Using DEFAULT tuning parameter for mxmbln   :      64
 Using DEFAULT tuning parameter for nroll    :       2
 Using custom tuning parameter for ngpus     :       0
 Using customized tuning parameters: mindgm=1; mindgv=20; mindgc=4; mindgr=1; noblas=0; minvec=7
 default implementation of scratch files=sf  

 ***,TS_01
 memory,25,g
 geometry={
 C  -1.222388  -0.566466  -0.119613
 H  -1.941196  -0.966413  0.586382
 H  0.022943   -1.137914  0.059018
 H  -1.471076  -0.736313  -1.162951
 C  -0.540324  0.752654   0.211403
 H  -0.961280  1.623724   -0.293709
 H  -0.528184  0.915931   1.291989
 O  0.791214   0.598096   -0.290043
 O  1.140669   -0.700114  0.161109
  }
 basis,O=AVDZ,C=AVDZ,H=VDZ
 {rhf
 wf,33,1,1
 }
 uccsd(t);
 

 Fortran compiler diagnostic
 ***************************

 integer size                  8
 double precision size         8
 logical size                  8

 diagnostic completed successfully

 Variables initialized (889), CPU time= 0.02 sec
 Commands  initialized (702), CPU time= 0.01 sec, 572 directives.
 Default parameters read. Elapsed time= 0.10 sec

 Using DEFAULT tuning parameter for mpplat   :       3
 Using DEFAULT tuning parameter for mppspeed :    1600
 Checking input...
 Passed
1


                                         ***  PROGRAM SYSTEM MOLPRO  ***
                                       Copyright, TTI GmbH Stuttgart, 2015
                                    Version 2015.1 linked Jun  9 2019 06:55:40


 **********************************************************************************************************************************
 LABEL *   TS_01                                                                         
  64 bit mpp version                                                                     DATE: 27-Sep-21          TIME: 08:45:59  
 **********************************************************************************************************************************

 SHA1:             f6387f0c468d0184d0b38d85973bdb066f718752
 **********************************************************************************************************************************

Geometry recognized as XYZ


 Variable memory set to ********** words,  buffer space   230000 words

 SETTING BASIS          =    O=AVDZ,C=AVDZ,H=VDZ


 Recomputing integrals since basis changed


 Using spherical harmonics

 Library entry C      S aug-cc-pVDZ          selected for orbital group  1
 Library entry C      P aug-cc-pVDZ          selected for orbital group  1
 Library entry C      D aug-cc-pVDZ          selected for orbital group  1
 Library entry H      S cc-pVDZ              selected for orbital group  2
 Library entry H      P cc-pVDZ              selected for orbital group  2
 Library entry O      S aug-cc-pVDZ          selected for orbital group  5
 Library entry O      P aug-cc-pVDZ          selected for orbital group  5
 Library entry O      D aug-cc-pVDZ          selected for orbital group  5


 PROGRAM * SEWARD (Integral evaluation for generally contracted gaussian basis sets)     Author: Roland Lindh, 1990

 Geometry written to block  1 of record 700


 Point group  C1  



 ATOMIC COORDINATES

 NR  ATOM    CHARGE       X              Y              Z

   1  C       6.00   -2.309978538   -1.070465599   -0.226035811
   2  H       1.00   -3.668328794   -1.826255893    1.108101384
   3  H       1.00    0.043355986   -2.150345813    0.111527856
   4  H       1.00   -2.779930748   -1.391429912   -2.197658886
   5  C       6.00   -1.021064379    1.422309927    0.399493772
   6  H       1.00   -1.816555929    3.068393662   -0.555029570
   7  H       1.00   -0.998123103    1.730858739    2.441505366
   8  O       8.00    1.495177766    1.130237636   -0.548101834
   9  O       8.00    2.155552009   -1.323023716    0.304451886

 Bond lengths in Bohr (Angstrom)

 1-2  2.048476615  1-3  2.611182470  1-4  2.052113720  1-5  2.875155090  3-9  2.276632067
     ( 1.084007142)     ( 1.381778257)     ( 1.085931815)     ( 1.521466551)     ( 1.204741808)

 5-6  2.062404733  5-7  2.065318383  5-8  2.704573568  8-9  2.679819630
     ( 1.091377584)     ( 1.092919421)     ( 1.431198697)     ( 1.418099478)

 Bond angles

  1-3-9  134.17285746   1-5-6  114.73269751   1-5-7  110.46375177   1-5-8  104.31307252

  2-1-3  111.15201700   2-1-4  114.59328140   2-1-5  118.38885257   3-1-4  105.42143578

  3-1-5   85.77961768   3-9-8   94.42128169   4-1-5  116.57051733   5-8-9  102.51304178

  6-5-7  110.03804788   6-5-8  106.43258706   7-5-8  110.62273913

 NUCLEAR CHARGE:                   33
 NUMBER OF PRIMITIVE AOS:         183
 NUMBER OF SYMMETRY AOS:          175
 NUMBER OF CONTRACTIONS:          117   ( 117A   )
 NUMBER OF CORE ORBITALS:           4   (   4A   )
 NUMBER OF VALENCE ORBITALS:       21   (  21A   )


 NUCLEAR REPULSION ENERGY  129.14415697

 Eigenvalues of metric

         1 0.263E-03 0.274E-03 0.903E-03 0.203E-02 0.262E-02 0.469E-02 0.514E-02 0.700E-02


 Contracted 2-electron integrals neglected if value below      1.0D-11
 AO integral compression algorithm  1   Integral accuracy      1.0D-11

     123.994 MB (compressed) written to integral file ( 54.0%)

     Node minimum: 10.486 MB, node maximum: 17.302 MB


 NUMBER OF SORTED TWO-ELECTRON INTEGRALS:    2975624.     BUFFER LENGTH:  32768
 NUMBER OF SEGMENTS:   1  SEGMENT LENGTH:    2975624      RECORD LENGTH: 524288

 Memory used in sort:       3.53 MW

 SORT1 READ    28665347. AND WROTE     2958273. INTEGRALS IN      9 RECORDS. CPU TIME:     0.38 SEC, REAL TIME:     0.41 SEC
 SORT2 READ    23686549. AND WROTE    23829156. INTEGRALS IN    528 RECORDS. CPU TIME:     0.06 SEC, REAL TIME:     0.09 SEC

 Node minimum:     2975624.  Node maximum:     2981665. integrals

 OPERATOR DM      FOR CENTER  0  COORDINATES:    0.000000    0.000000    0.000000


 **********************************************************************************************************************************
 DATASETS  * FILE   NREC   LENGTH (MB)   RECORD NAMES
              1      18       20.53       500      610      700      900      950      970     1000      129      960     1100   
                                          VAR    BASINP    GEOM    SYMINP    ZMAT    AOBASIS   BASIS     P2S    ABASIS      S 
                                         1400     1410     1200     1210     1080     1600     1650     1700   
                                           T        V       H0       H01     AOSYM     SMH    MOLCAS    OPER   

 PROGRAMS   *        TOTAL       INT
 CPU TIMES  *        13.92     13.77
 REAL TIME  *        26.59 SEC
 DISK USED  *       407.58 MB      
 GA USED    *         0.00 MB       (max)       0.00 MB       (current)
 **********************************************************************************************************************************


 PROGRAM * RHF-SCF (OPEN SHELL)       Authors: W. Meyer, H.-J. Werner


 NUMBER OF ELECTRONS:      17+   16-    SPACE SYMMETRY=1    SPIN SYMMETRY: Doublet 
 CONVERGENCE THRESHOLDS:    1.00E-05 (Density)    1.00E-07 (Energy)
 MAX. NUMBER OF ITERATIONS:       60
 INTERPOLATION TYPE:            DIIS
 INTERPOLATION STEPS:              2 (START)      1 (STEP)
 LEVEL SHIFTS:                 -0.60 (CLOSED) -0.30 (OPEN) 



 Orbital guess generated from atomic densities. Full valence occupancy:   25

 Molecular orbital dump at record        2100.2

 Initial alpha occupancy:  17
 Initial beta  occupancy:  16
 Wave function symmetry:    1

 ITERATION    DDIFF          GRAD             ENERGY        2-EL.EN.            DIPOLE MOMENTS         DIIS   ORB.
    1      0.000D+00      0.000D+00      -228.11585764    419.660122   -1.61417    0.11353    0.13842    0    start
    2      0.000D+00      0.466D-02      -228.15610715    421.463485   -1.51728    0.04813    0.15029    1    diag,B
    3      0.540D-02      0.159D-02      -228.16504939    421.427596   -1.49824    0.06055    0.14260    2    diag,B
    4      0.246D-02      0.725D-03      -228.16873479    421.524981   -1.51363    0.04420    0.15017    3    diag,B
    5      0.154D-02      0.315D-03      -228.16991635    421.549262   -1.54276    0.04470    0.14677    4    diag,B
    6      0.637D-03      0.205D-03      -228.17079490    421.565079   -1.57180    0.03888    0.14521    5    diag,B
    7      0.549D-03      0.151D-03      -228.17153157    421.598873   -1.60399    0.03257    0.14069    6    fixocc
    8      0.567D-03      0.113D-03      -228.17201057    421.623245   -1.63071    0.02443    0.13574    7    diag,B
    9      0.590D-03      0.694D-04      -228.17216804    421.654676   -1.65201    0.01671    0.13207    8    diag,B
   10      0.381D-03      0.399D-04      -228.17220363    421.661249   -1.66205    0.01302    0.13043    9    orth
   11      0.205D-03      0.195D-04      -228.17221073    421.666027   -1.66577    0.01145    0.13033    9    diag,B
   12      0.680D-04      0.141D-04      -228.17221480    421.667127   -1.66836    0.01033    0.13014    9    diag,B
   13      0.612D-04      0.691D-05      -228.17221608    421.669626   -1.67018    0.00966    0.13012    9    diag,B
   14      0.362D-04      0.438D-05      -228.17221642    421.670279   -1.67115    0.00922    0.13007    9    diag,B
   15      0.228D-04      0.156D-05      -228.17221646    421.670555   -1.67134    0.00919    0.13007    9    diag,B
   16      0.638D-05      0.756D-06      -228.17221647    421.670699   -1.67142    0.00917    0.13007    0    orth

 Final alpha occupancy:  17
 Final beta  occupancy:  16

 !RHF STATE 1.1 Energy               -228.172216466918
 Nuclear energy                       129.14415697
 One-electron energy                 -568.15172318
 Two-electron energy                  210.83534974
 Virial quotient                       -1.00137324
 !RHF STATE 1.1 Dipole moment          -1.67141779     0.00917048     0.13006660
 Dipole moment /Debye                  -4.24804202     0.02330751     0.33057467

 Orbital energies:

         1.1          2.1          3.1          4.1          5.1          6.1          7.1          8.1          9.1         10.1
    -20.622509   -20.621275   -11.312961   -11.287541    -1.476406    -1.177049    -1.036286    -0.847434    -0.708851    -0.685239

        11.1         12.1         13.1         14.1         15.1         16.1         17.1         18.1         19.1
     -0.634616    -0.605521    -0.551419    -0.528498    -0.506463    -0.425363    -0.426231     0.056970     0.069391

 HOMO     17.1    -0.426231 =     -11.5983eV
 LUMO     18.1     0.056970 =       1.5502eV
 LUMO-HOMO         0.483201 =      13.1486eV


 **********************************************************************************************************************************
 DATASETS  * FILE   NREC   LENGTH (MB)   RECORD NAMES
              1      18       20.53       500      610      700      900      950      970     1000      129      960     1100   
                                          VAR    BASINP    GEOM    SYMINP    ZMAT    AOBASIS   BASIS     P2S    ABASIS      S 
                                         1400     1410     1200     1210     1080     1600     1650     1700   
                                           T        V       H0       H01     AOSYM     SMH    MOLCAS    OPER   

              2       4        3.28       700     1000      520     2100   
                                         GEOM     BASIS   MCVARS     RHF  

 PROGRAMS   *        TOTAL       RHF       INT
 CPU TIMES  *        14.76      0.84     13.77
 REAL TIME  *        30.03 SEC
 DISK USED  *       614.44 MB      
 SF USED    *         0.06 MB      
 GA USED    *         0.00 MB       (max)       0.00 MB       (current)
 **********************************************************************************************************************************


 PROGRAM * CCSD (Unrestricted open-shell coupled cluster)     Authors: C. Hampel, H.-J. Werner, 1991, M. Deegan, P.J. Knowles, 1992


 Convergence thresholds:  THRVAR = 1.00D-08  THRDEN = 1.00D-06

 CCSD(T)     terms to be evaluated (factor= 1.000)


 Number of core orbitals:           4 (   4 )
 Number of closed-shell orbitals:  12 (  12 )
 Number of active  orbitals:        1 (   1 )
 Number of external orbitals:     100 ( 100 )

 Memory could be reduced to 29.58 Mwords without degradation in triples

 Number of N-1 electron functions:              25
 Number of N-2 electron functions:             300
 Number of singly external CSFs:              2525
 Number of doubly external CSFs:           2318556
 Total number of CSFs:                     2321081

 Molecular orbitals read from record     2100.2  Type=RHF/CANONICAL (state 1.1)

 Integral transformation finished. Total CPU:   1.21 sec, npass=  1  Memory used:  13.67 MW

 Starting RMP2 calculation

 ITER.      SQ.NORM     CORR.ENERGY   TOTAL ENERGY   ENERGY CHANGE        DEN1      VAR(S)    VAR(P)  DIIS     TIME
   1      1.22307453    -0.70255626  -228.87477272    -0.70255626    -0.00276868  0.33D-04  0.11D-02  1  1     1.51
   2      1.22570096    -0.70554975  -228.87776622    -0.00299349    -0.00000612  0.63D-06  0.28D-05  2  2     1.78
   3      1.22578936    -0.70559978  -228.87781625    -0.00005003    -0.00000004  0.24D-07  0.12D-07  3  3     2.06
   4      1.22579100    -0.70559982  -228.87781629    -0.00000004    -0.00000000  0.82D-09  0.38D-10  4  4     2.36

 Norm of t1 vector:      0.06282411      S-energy:    -0.00516813      T1 diagnostic:  0.00057572
 Norm of t2 vector:      0.47100333      P-energy:    -0.70043169
                                         Alpha-Beta:  -0.52155162
                                         Alpha-Alpha: -0.09357413
                                         Beta-Beta:   -0.08530594

 Spin contamination <S**2-Sz**2-Sz>     0.00223779
  Reference energy                   -228.172216466917
  RHF-RMP2 correlation energy          -0.705599822711
 !RHF-RMP2 energy                    -228.877816289628

 Starting UCCSD calculation

 ITER.      SQ.NORM     CORR.ENERGY   TOTAL ENERGY   ENERGY CHANGE        DEN1      VAR(S)    VAR(P)  DIIS     TIME
   1      1.23043093    -0.70752846  -228.87974492    -0.70752846    -0.02330284  0.54D-02  0.49D-02  1  1     5.71
   2      1.25658612    -0.73100239  -228.90321886    -0.02347394    -0.00236713  0.37D-03  0.77D-03  2  2     9.04
   3      1.26810218    -0.73525498  -228.90747145    -0.00425259    -0.00044074  0.36D-03  0.61D-04  3  3    12.36
   4      1.27485689    -0.73686658  -228.90908304    -0.00161160    -0.00015428  0.13D-03  0.26D-04  4  4    15.63
   5      1.28083415    -0.73748388  -228.90970035    -0.00061731    -0.00007943  0.92D-04  0.76D-05  5  5    18.93
   6      1.28643851    -0.73786147  -228.91007794    -0.00037759    -0.00004006  0.41D-04  0.58D-05  6  6    22.27
   7      1.29275610    -0.73818052  -228.91039698    -0.00031905    -0.00002216  0.26D-04  0.24D-05  6  1    25.66
   8      1.29691374    -0.73830810  -228.91052457    -0.00012758    -0.00001370  0.15D-04  0.18D-05  6  2    29.11
   9      1.30172282    -0.73846052  -228.91067698    -0.00015242    -0.00000836  0.95D-05  0.95D-06  6  3    32.66
  10      1.30605259    -0.73850309  -228.91071956    -0.00004258    -0.00000422  0.41D-05  0.63D-06  6  5    36.89
  11      1.31171945    -0.73861202  -228.91082849    -0.00010893    -0.00000156  0.14D-05  0.24D-06  6  4    40.97
  12      1.31305732    -0.73861306  -228.91082953    -0.00000104    -0.00000059  0.46D-06  0.11D-06  6  1    45.04
  13      1.31511483    -0.73865922  -228.91087568    -0.00004616    -0.00000016  0.12D-06  0.30D-07  6  6    49.14
  14      1.31534112    -0.73865833  -228.91087480     0.00000088    -0.00000006  0.45D-07  0.95D-08  6  2    53.15
  15      1.31539210    -0.73865331  -228.91086978     0.00000502    -0.00000001  0.71D-08  0.25D-08  6  6    57.18
  16      1.31538808    -0.73865286  -228.91086933     0.00000045    -0.00000000  0.28D-08  0.63D-09  6  4    61.24

 Norm of t1 vector:      0.24033428      S-energy:    -0.00622641      T1 diagnostic:  0.03198766
                                                                       D1 diagnostic:  0.14332601
 Norm of t2 vector:      0.50757021      P-energy:    -0.73242646
                                         Alpha-Beta:  -0.57358181
                                         Alpha-Alpha: -0.08347792
                                         Beta-Beta:   -0.07536673

 Singles amplitudes (print threshold =  0.500E-01):

         I         SYM. A    A   T(IA) [Beta-Beta]

         9         1         1      0.07041283
        11         1         1      0.06156104
        12         1         1      0.17165127

 Spin contamination <S**2-Sz**2-Sz>     0.00451125

 Memory could be reduced to 33.27 Mwords without degradation in triples


 RESULTS
 =======

  Reference energy                   -228.172216466917
  UCCSD singles energy                 -0.006226407434
  UCCSD pair energy                    -0.732426455612
  UCCSD correlation energy             -0.738652863046
  Triples (T) contribution             -0.027400682183
  Total correlation energy             -0.766053545229

  RHF-UCCSD energy                   -228.910869329963
  RHF-UCCSD[T] energy                -228.941084203612
  RHF-UCCSD-T energy                 -228.937590385299
 !RHF-UCCSD(T) energy                -228.938270012146

 Program statistics:

 Available memory in ccsd:             24999998418
 Min. memory needed in ccsd:               6737227
 Max. memory used in ccsd:                 9622196
 Max. memory used in cckext:               8729608 (16 integral passes)
 Max. memory used in cckint:              13669786 ( 1 integral passes)



 **********************************************************************************************************************************
 DATASETS  * FILE   NREC   LENGTH (MB)   RECORD NAMES
              1      18       20.53       500      610      700      900      950      970     1000      129      960     1100   
                                          VAR    BASINP    GEOM    SYMINP    ZMAT    AOBASIS   BASIS     P2S    ABASIS      S 
                                         1400     1410     1200     1210     1080     1600     1650     1700   
                                           T        V       H0       H01     AOSYM     SMH    MOLCAS    OPER   

              2       4        3.28       700     1000      520     2100   
                                         GEOM     BASIS   MCVARS     RHF  

 PROGRAMS   *        TOTAL  UCCSD(T)       RHF       INT
 CPU TIMES  *        94.37     79.60      0.84     13.77
 REAL TIME  *       116.69 SEC
 DISK USED  *         2.95 GB      
 SF USED    *       596.05 MB      
 GA USED    *         0.00 MB       (max)       0.00 MB       (current)
 **********************************************************************************************************************************

 UCCSD(T)/O=AVDZ,C=AVDZ,H=VDZ energy=   -228.938270012146

        UCCSD(T)        RHF-SCF 
   -228.93827001   -228.17221647
 **********************************************************************************************************************************
 Molpro calculation terminated
 Variable memory released

 Fortran compiler diagnostic
 ***************************

 integer size                  8
 double precision size         8
 logical size                  8

 diagnostic completed successfully
