
 Primary working directories    : /scratch/saurabh/PBS_8057608.helios
 Secondary working directories  : /scratch/saurabh/PBS_8057608.helios
 Wavefunction directory         : /scratch/saurabh/PBS_8057608.helios/
 Main file repository           : /scratch/saurabh/PBS_8057608.helios/

 SHA1      : f6387f0c468d0184d0b38d85973bdb066f718752
 NAME      : 2015.1.44
 ARCHNAME  : linux/x86_64
 FC        : /opt/may/bin/gfortran
 BLASLIB   : -Wl,-_start-group /opt/intel/mkl/lib/intel64/libmkl_gf_ilp64.a /opt/intel/mkl/lib/intel64/libmkl_gnu_thread.a /opt/intel/mkl/lib/intel64/libmkl_core.a -Wl,-_end-group
 id        : ramakrishnan

 Nodes             nprocs
 hel04.tifrh.res.in    8

 Using DEFAULT tuning parameter for ncache   :   16384
 Using DEFAULT tuning parameter for mflopdgm :   10000
 Using DEFAULT tuning parameter for mflopdgv :    4000
 Using DEFAULT tuning parameter for mflopmxm :    5000
 Using DEFAULT tuning parameter for mflopmxv :    4000
 Using DEFAULT tuning parameter for mindgm   :       1
 Using DEFAULT tuning parameter for mindgc   :       4
 Using DEFAULT tuning parameter for mindgf   :    5000
 Using DEFAULT tuning parameter for mindgl   :       4
 Using DEFAULT tuning parameter for mindgr   :       1
 Using DEFAULT tuning parameter for mindgv   :      20
 Using DEFAULT tuning parameter for mincuda  :     500
 Using DEFAULT tuning parameter for mxmblk   :      64
 Using DEFAULT tuning parameter for mxmbln   :      64
 Using DEFAULT tuning parameter for nroll    :       2
 Using custom tuning parameter for ngpus     :       0
 Using customized tuning parameters: mindgm=1; mindgv=20; mindgc=4; mindgr=1; noblas=0; minvec=7
 default implementation of scratch files=sf  

 ***,TS_03
 memory,64,g
 geometry={
 C  -1.625492  0.535263   -0.115726
 H  -2.181955  0.478982   -1.040579
 H  1.676417   1.144824   -0.288345
 H  -1.556027  1.502362   0.362906
 C  -0.927126  -0.548362  0.362641
 H  -0.522174  -0.530436  1.363983
 H  -1.134012  -1.532305  -0.034874
 O  0.760953   -0.468441  -0.484652
 O  1.618229   0.345337   0.254079
  }
 basis,O=AVQZ,C=AVQZ,H=VQZ
 {rhf
 wf,33,1,1
 }
 uccsd;
 

 Fortran compiler diagnostic
 ***************************

 integer size                  8
 double precision size         8
 logical size                  8

 diagnostic completed successfully

 Variables initialized (889), CPU time= 0.02 sec
 Commands  initialized (702), CPU time= 0.01 sec, 572 directives.
 Default parameters read. Elapsed time= 0.24 sec

 Using DEFAULT tuning parameter for mpplat   :       3
 Using DEFAULT tuning parameter for mppspeed :    1600
 Checking input...
 Passed
1


                                         ***  PROGRAM SYSTEM MOLPRO  ***
                                       Copyright, TTI GmbH Stuttgart, 2015
                                    Version 2015.1 linked Jun  9 2019 06:55:40


 **********************************************************************************************************************************
 LABEL *   TS_03                                                                         
  64 bit mpp version                                                                     DATE: 29-Apr-22          TIME: 16:53:29  
 **********************************************************************************************************************************

 SHA1:             f6387f0c468d0184d0b38d85973bdb066f718752
 **********************************************************************************************************************************

Geometry recognized as XYZ


 Variable memory set to ********** words,  buffer space   230000 words

 SETTING BASIS          =    O=AVQZ,C=AVQZ,H=VQZ


 Recomputing integrals since basis changed


 Using spherical harmonics

 Library entry C      S aug-cc-pVQZ          selected for orbital group  1
 Library entry C      P aug-cc-pVQZ          selected for orbital group  1
 Library entry C      D aug-cc-pVQZ          selected for orbital group  1
 Library entry C      F aug-cc-pVQZ          selected for orbital group  1
 Library entry C      G aug-cc-pVQZ          selected for orbital group  1
 Library entry H      S cc-pVQZ              selected for orbital group  2
 Library entry H      P cc-pVQZ              selected for orbital group  2
 Library entry H      D cc-pVQZ              selected for orbital group  2
 Library entry H      F cc-pVQZ              selected for orbital group  2
 Library entry O      S aug-cc-pVQZ          selected for orbital group  5
 Library entry O      P aug-cc-pVQZ          selected for orbital group  5
 Library entry O      D aug-cc-pVQZ          selected for orbital group  5
 Library entry O      F aug-cc-pVQZ          selected for orbital group  5
 Library entry O      G aug-cc-pVQZ          selected for orbital group  5


 PROGRAM * SEWARD (Integral evaluation for generally contracted gaussian basis sets)     Author: Roland Lindh, 1990

 Geometry written to block  1 of record 700


 Point group  C1  



 ATOMIC COORDINATES

 NR  ATOM    CHARGE       X              Y              Z

   1  C       6.00   -3.071734698    1.011500475   -0.218690445
   2  H       1.00   -4.123297366    0.905144799   -1.966409321
   3  H       1.00    3.167969001    2.163403821   -0.544893079
   4  H       1.00   -2.940464872    2.839052720    0.685792949
   5  C       6.00   -1.752014223   -1.036253997    0.685292172
   6  H       1.00   -0.986765849   -1.002378767    2.577554309
   7  H       1.00   -2.142972102   -2.895636789   -0.065902309
   8  O       8.00    1.437992764   -0.885225196   -0.915859546
   9  O       8.00    3.058009617    0.652592351    0.480139724

 Bond lengths in Bohr (Angstrom)

 1-2  2.042453633  1-4  2.043347544  1-5  2.598488999  3-9  1.829025591  5-6  2.041423180
     ( 1.080819917)     ( 1.081292954)     ( 1.375061161)     ( 0.967878661)     ( 1.080274625)

 5-7  2.043146000  5-8  3.572483883  8-9  2.634037086
     ( 1.081186302)     ( 1.890477057)     ( 1.393872399)

 Bond angles

  1-5-6  119.98515977   1-5-7  119.47787388   1-5-8  105.32358077   2-1-4  117.28523294

  2-1-5  121.20712719   3-9-8  102.83884042   4-1-5  121.21232605   5-8-9  109.65362483

  6-5-7  115.31741275   6-5-8   94.58934494   7-5-8   92.55358586

 NUCLEAR CHARGE:                   33
 NUMBER OF PRIMITIVE AOS:         657
 NUMBER OF SYMMETRY AOS:          532
 NUMBER OF CONTRACTIONS:          470   ( 470A   )
 NUMBER OF CORE ORBITALS:           4   (   4A   )
 NUMBER OF VALENCE ORBITALS:       21   (  21A   )


 NUCLEAR REPULSION ENERGY  118.39374015


 Eigenvalues of metric

         1 0.121E-04 0.449E-04 0.504E-04 0.709E-04 0.736E-04 0.795E-04 0.106E-03 0.112E-03


 Contracted 2-electron integrals neglected if value below      1.0D-12
 AO integral compression algorithm  1   Integral accuracy      1.0D-12

     24120.656 MB (compressed) written to integral file ( 44.6%)

     Node minimum: 2850.554 MB, node maximum: 3324.248 MB


 NUMBER OF SORTED TWO-ELECTRON INTEGRALS:  765684240.     BUFFER LENGTH:  32768
 NUMBER OF SEGMENTS:  24  SEGMENT LENGTH:   31996696      RECORD LENGTH: 524288

 Memory used in sort:      32.55 MW

 SORT1 READ  6753625218. AND WROTE   678718185. INTEGRALS IN   1955 RECORDS. CPU TIME:   343.93 SEC, REAL TIME:   370.91 SEC
 SORT2 READ  5435875368. AND WROTE  6125639955. INTEGRALS IN  91192 RECORDS. CPU TIME:    22.07 SEC, REAL TIME:   638.28 SEC

 Node minimum:   765656570.  Node maximum:   765753420. integrals

 OPERATOR DM      FOR CENTER  0  COORDINATES:    0.000000    0.000000    0.000000


 **********************************************************************************************************************************
 DATASETS  * FILE   NREC   LENGTH (MB)   RECORD NAMES
              1      18       28.13       500      610      700      900      950      970     1000      129      960     1100   
                                          VAR    BASINP    GEOM    SYMINP    ZMAT    AOBASIS   BASIS     P2S    ABASIS      S 
                                         1400     1410     1200     1210     1080     1600     1650     1700   
                                           T        V       H0       H01     AOSYM     SMH    MOLCAS    OPER   

 PROGRAMS   *        TOTAL       INT
 CPU TIMES  *       442.13    441.94
 REAL TIME  *      1134.68 SEC
 DISK USED  *        88.99 GB      
 GA USED    *         0.01 MB       (max)       0.00 MB       (current)
 **********************************************************************************************************************************


 PROGRAM * RHF-SCF (OPEN SHELL)       Authors: W. Meyer, H.-J. Werner


 NUMBER OF ELECTRONS:      17+   16-    SPACE SYMMETRY=1    SPIN SYMMETRY: Doublet 
 CONVERGENCE THRESHOLDS:    1.00E-05 (Density)    1.00E-07 (Energy)
 MAX. NUMBER OF ITERATIONS:       60
 INTERPOLATION TYPE:            DIIS
 INTERPOLATION STEPS:              2 (START)      1 (STEP)
 LEVEL SHIFTS:                 -0.60 (CLOSED) -0.30 (OPEN) 



 Orbital guess generated from atomic densities. Full valence occupancy:   25

 Molecular orbital dump at record        2100.2

 Initial alpha occupancy:  17
 Initial beta  occupancy:  16
 Wave function symmetry:    1

 ITERATION    DDIFF          GRAD             ENERGY        2-EL.EN.            DIPOLE MOMENTS         DIIS   ORB.
    1      0.000D+00      0.000D+00      -228.19402457    400.869106   -0.36476    0.89477   -0.07047    0    start
    2      0.000D+00      0.237D-02      -228.23534165    401.279928   -0.62159    0.69998   -0.06115    1    diag,B
    3      0.125D-02      0.774D-03      -228.24408868    401.143760   -0.65112    0.61942   -0.05897    2    diag,B
    4      0.493D-03      0.353D-03      -228.24745684    401.279769   -0.71525    0.58952   -0.05925    3    diag,B
    5      0.323D-03      0.139D-03      -228.24819845    401.253034   -0.73036    0.57810   -0.06250    4    diag,B
    6      0.135D-03      0.653D-04      -228.24843015    401.262237   -0.73611    0.57815   -0.06472    5    diag,B
    7      0.837D-04      0.335D-04      -228.24851645    401.252309   -0.72675    0.57819   -0.06888    6    fixocc
    8      0.431D-04      0.269D-04      -228.24856449    401.246692   -0.71690    0.57863   -0.07123    7    diag,B
    9      0.205D-04      0.262D-04      -228.24857793    401.244714   -0.71363    0.57856   -0.07200    8    diag,B
   10      0.504D-05      0.266D-04      -228.24836091    401.287215   -0.78039    0.58264   -0.05685    9    orth
   11      0.973D-04      0.180D-04      -228.24826911    401.328169   -0.83967    0.58827   -0.04255    9    diag,B
   12      0.909D-04      0.859D-05      -228.24826383    401.340175   -0.85317    0.58972   -0.03847    9    diag,B
   13      0.272D-04      0.417D-05      -228.24826383    401.341852   -0.85618    0.58994   -0.03735    9    diag,B
   14      0.103D-04      0.224D-05      -228.24826388    401.344274   -0.85893    0.59013   -0.03646    9    diag,B
   15      0.616D-05      0.127D-05      -228.24826398    401.344217   -0.85880    0.59008   -0.03646    0    orth

 Final alpha occupancy:  17
 Final beta  occupancy:  16

 !RHF STATE 1.1 Energy               -228.248263976755
 Nuclear energy                       118.39374015
 One-electron energy                 -547.31411248
 Two-electron energy                  200.67210836
 Virial quotient                       -1.00125043
 !RHF STATE 1.1 Dipole moment          -0.85879511     0.59008046    -0.03645577
 Dipole moment /Debye                  -2.18269648     1.49973669    -0.09265526

 Orbital energies:

         1.1          2.1          3.1          4.1          5.1          6.1          7.1          8.1          9.1         10.1
    -20.611118   -20.609951   -11.280749   -11.259167    -1.456111    -1.142954    -1.042819    -0.824860    -0.703941    -0.665964

        11.1         12.1         13.1         14.1         15.1         16.1         17.1         18.1         19.1
     -0.616924    -0.594173    -0.585413    -0.531448    -0.460472    -0.414668    -0.368405     0.042095     0.054670

 HOMO     17.1    -0.368405 =     -10.0248eV
 LUMO     18.1     0.042095 =       1.1455eV
 LUMO-HOMO         0.410500 =      11.1703eV


 **********************************************************************************************************************************
 DATASETS  * FILE   NREC   LENGTH (MB)   RECORD NAMES
              1      18       28.13       500      610      700      900      950      970     1000      129      960     1100   
                                          VAR    BASINP    GEOM    SYMINP    ZMAT    AOBASIS   BASIS     P2S    ABASIS      S 
                                         1400     1410     1200     1210     1080     1600     1650     1700   
                                           T        V       H0       H01     AOSYM     SMH    MOLCAS    OPER   

              2       4        9.16       700     1000      520     2100   
                                         GEOM     BASIS   MCVARS     RHF  

 PROGRAMS   *        TOTAL       RHF       INT
 CPU TIMES  *       596.56    154.43    441.94
 REAL TIME  *      1358.86 SEC
 DISK USED  *        89.55 GB      
 SF USED    *         0.89 MB      
 GA USED    *         0.01 MB       (max)       0.00 MB       (current)
 **********************************************************************************************************************************


 PROGRAM * CCSD (Unrestricted open-shell coupled cluster)     Authors: C. Hampel, H.-J. Werner, 1991, M. Deegan, P.J. Knowles, 1992


 Convergence thresholds:  THRVAR = 1.00D-08  THRDEN = 1.00D-06

 Number of core orbitals:           4 (   4 )
 Number of closed-shell orbitals:  12 (  12 )
 Number of active  orbitals:        1 (   1 )
 Number of external orbitals:     453 ( 453 )

 Number of N-1 electron functions:              25
 Number of N-2 electron functions:             300
 Number of singly external CSFs:             11350
 Number of doubly external CSFs:          46961760
 Total number of CSFs:                    46973110

 Molecular orbitals read from record     2100.2  Type=RHF/CANONICAL (state 1.1)

 Integral transformation finished. Total CPU: 242.74 sec, npass=  1  Memory used: 766.42 MW

 Starting RMP2 calculation

 ITER.      SQ.NORM     CORR.ENERGY   TOTAL ENERGY   ENERGY CHANGE        DEN1      VAR(S)    VAR(P)  DIIS     TIME
   1      1.26109091    -0.90596166  -229.15422564    -0.90596166    -0.00300801  0.15D-03  0.12D-02  1  1   259.65
   2      1.26453459    -0.90921240  -229.15747638    -0.00325074    -0.00001301  0.36D-05  0.67D-05  2  2   271.44
   3      1.26476051    -0.90931011  -229.15757408    -0.00009771    -0.00000015  0.92D-07  0.57D-07  3  3   327.84
   4      1.26477219    -0.90931197  -229.15757595    -0.00000186    -0.00000000  0.28D-08  0.24D-09  4  4   337.77
   5      1.26477271    -0.90931213  -229.15757611    -0.00000016    -0.00000000  0.61D-10  0.52D-11  5  5   350.36

 Norm of t1 vector:      0.10312025      S-energy:    -0.00947023      T1 diagnostic:  0.00107083
 Norm of t2 vector:      0.50412193      P-energy:    -0.89984190
                                         Alpha-Beta:  -0.68727841
                                         Alpha-Alpha: -0.11022211
                                         Beta-Beta:   -0.10234138

 Spin contamination <S**2-Sz**2-Sz>     0.00723734
  Reference energy                   -228.248263976752
  RHF-RMP2 correlation energy          -0.909312133135
 !RHF-RMP2 energy                    -229.157576109887

 Starting UCCSD calculation

 ITER.      SQ.NORM     CORR.ENERGY   TOTAL ENERGY   ENERGY CHANGE        DEN1      VAR(S)    VAR(P)  DIIS     TIME
   1      1.25113892    -0.88414189  -229.13240587    -0.88414189    -0.02830104  0.60D-02  0.55D-02  1  1   624.30
   2      1.27770548    -0.90935077  -229.15761475    -0.02520888    -0.00340301  0.63D-03  0.11D-02  2  2   855.87
   3      1.29152002    -0.91440836  -229.16267234    -0.00505759    -0.00053487  0.40D-03  0.10D-03  3  3  1072.36
   4      1.29885673    -0.91639968  -229.16466366    -0.00199132    -0.00016162  0.10D-03  0.35D-04  4  4  1294.36
   5      1.30525371    -0.91723371  -229.16549769    -0.00083403    -0.00005026  0.58D-04  0.52D-05  5  5  1512.02
   6      1.30894216    -0.91754480  -229.16580878    -0.00031109    -0.00001672  0.16D-04  0.27D-05  6  6  1741.65
   7      1.31132767    -0.91765401  -229.16591798    -0.00010921    -0.00000565  0.64D-05  0.75D-06  6  1  1968.22
   8      1.31232981    -0.91770424  -229.16596822    -0.00005024    -0.00000239  0.24D-05  0.40D-06  6  2  2211.24
   9      1.31307134    -0.91772085  -229.16598483    -0.00001661    -0.00000095  0.10D-05  0.13D-06  6  3  2454.40
  10      1.31335657    -0.91773562  -229.16599960    -0.00001477    -0.00000039  0.36D-06  0.75D-07  6  5  2706.09
  11      1.31361709    -0.91773782  -229.16600180    -0.00000220    -0.00000014  0.12D-06  0.27D-07  6  4  2970.76
  12      1.31377312    -0.91774131  -229.16600528    -0.00000348    -0.00000005  0.48D-07  0.86D-08  6  6  3232.28
  13      1.31377416    -0.91773725  -229.16600122     0.00000406    -0.00000003  0.24D-07  0.50D-08  6  1  3527.02
  14      1.31378750    -0.91773575  -229.16599972     0.00000150    -0.00000001  0.13D-07  0.22D-08  6  3  3794.81
  15      1.31377232    -0.91773202  -229.16599599     0.00000373    -0.00000001  0.56D-08  0.10D-08  6  2  4066.07
  16      1.31376781    -0.91773257  -229.16599655    -0.00000056    -0.00000000  0.20D-08  0.39D-09  6  3  4370.96

 Norm of t1 vector:      0.20303476      S-energy:    -0.01143028      T1 diagnostic:  0.02148834
                                                                       D1 diagnostic:  0.08148807
 Norm of t2 vector:      0.52205813      P-energy:    -0.90630229
                                         Alpha-Beta:  -0.72012869
                                         Alpha-Alpha: -0.09730178
                                         Beta-Beta:   -0.08887182

 Singles amplitudes (print threshold =  0.500E-01):

         I         SYM. A    A   T(IA) [Beta-Beta]

        12         1         1     -0.10455196
        12         1        11     -0.07762218

 Doubles amplitudes (print threshold =  0.500E-01):

         I         J         SYM. A    SYM. B    A         B      T(IJ, AB) [Alpha-Beta]

        13        12         1         1        11         1     -0.06298081

 Spin contamination <S**2-Sz**2-Sz>     0.02273038


 RESULTS
 =======

  Reference energy                   -228.248263976752
  UCCSD singles energy                 -0.011430280672
  UCCSD pair energy                    -0.906302292484
  UCCSD correlation energy             -0.917732573156

 !RHF-UCCSD energy                   -229.165996549908

 Program statistics:

 Available memory in ccsd:             63999998418
 Min. memory needed in ccsd:             132483879
 Max. memory used in ccsd:               191452673
 Max. memory used in cckext:             137579722 (16 integral passes)
 Max. memory used in cckint:             766416154 ( 1 integral passes)



 **********************************************************************************************************************************
 DATASETS  * FILE   NREC   LENGTH (MB)   RECORD NAMES
              1      18       28.13       500      610      700      900      950      970     1000      129      960     1100   
                                          VAR    BASINP    GEOM    SYMINP    ZMAT    AOBASIS   BASIS     P2S    ABASIS      S 
                                         1400     1410     1200     1210     1080     1600     1650     1700   
                                           T        V       H0       H01     AOSYM     SMH    MOLCAS    OPER   

              2       4        9.16       700     1000      520     2100   
                                         GEOM     BASIS   MCVARS     RHF  

 PROGRAMS   *        TOTAL     UCCSD       RHF       INT
 CPU TIMES  *      4969.39   4372.71    154.43    441.94
 REAL TIME  *     10367.64 SEC
 DISK USED  *       136.79 GB      
 SF USED    *        14.68 GB      
 GA USED    *         0.01 MB       (max)       0.00 MB       (current)
 **********************************************************************************************************************************

 UCCSD/O=AVQZ,C=AVQZ,H=VQZ energy=   -229.165996549908

        UCCSD           RHF-SCF 
   -229.16599655   -228.24826398
 **********************************************************************************************************************************
 Molpro calculation terminated
 Variable memory released

 Fortran compiler diagnostic
 ***************************

 integer size                  8
 double precision size         8
 logical size                  8

 diagnostic completed successfully
