
 Primary working directories    : /scratch/saurabh/PBS_8057610.helios
 Secondary working directories  : /scratch/saurabh/PBS_8057610.helios
 Wavefunction directory         : /scratch/saurabh/PBS_8057610.helios/
 Main file repository           : /scratch/saurabh/PBS_8057610.helios/

 SHA1      : f6387f0c468d0184d0b38d85973bdb066f718752
 NAME      : 2015.1.44
 ARCHNAME  : linux/x86_64
 FC        : /opt/may/bin/gfortran
 BLASLIB   : -Wl,-_start-group /opt/intel/mkl/lib/intel64/libmkl_gf_ilp64.a /opt/intel/mkl/lib/intel64/libmkl_gnu_thread.a /opt/intel/mkl/lib/intel64/libmkl_core.a -Wl,-_end-group
 id        : ramakrishnan

 Nodes             nprocs
 hel07.tifrh.res.in    8

 Using DEFAULT tuning parameter for ncache   :   16384
 Using DEFAULT tuning parameter for mflopdgm :   10000
 Using DEFAULT tuning parameter for mflopdgv :    4000
 Using DEFAULT tuning parameter for mflopmxm :    5000
 Using DEFAULT tuning parameter for mflopmxv :    4000
 Using DEFAULT tuning parameter for mindgm   :       1
 Using DEFAULT tuning parameter for mindgc   :       4
 Using DEFAULT tuning parameter for mindgf   :    5000
 Using DEFAULT tuning parameter for mindgl   :       4
 Using DEFAULT tuning parameter for mindgr   :       1
 Using DEFAULT tuning parameter for mindgv   :      20
 Using DEFAULT tuning parameter for mincuda  :     500
 Using DEFAULT tuning parameter for mxmblk   :      64
 Using DEFAULT tuning parameter for mxmbln   :      64
 Using DEFAULT tuning parameter for nroll    :       2
 Using custom tuning parameter for ngpus     :       0
 Using customized tuning parameters: mindgm=1; mindgv=20; mindgc=4; mindgr=1; noblas=0; minvec=7
 default implementation of scratch files=sf  

 ***,TS_01
 memory,64,g
 geometry={
 C  -1.222388  -0.566466  -0.119613
 H  -1.941196  -0.966413  0.586382
 H  0.022943   -1.137914  0.059018
 H  -1.471076  -0.736313  -1.162951
 C  -0.540324  0.752654   0.211403
 H  -0.961280  1.623724   -0.293709
 H  -0.528184  0.915931   1.291989
 O  0.791214   0.598096   -0.290043
 O  1.140669   -0.700114  0.161109
  }
 basis={
                                                                            ! oxygen               (10s,5p,4d,2f) -&gt; [10s,5p,4d,2f]
 s, O , 0.1533000000E+05, 0.2299000000E+04, 0.5224000000E+03, 0.1473000000E+03, 0.4755000000E+02, 0.1676000000E+02, 0.6207000000E+01, 0.1752000000E+01, 0.6882000000E+00, 0.2384000000E+00
 c, 1.1, 0.1000000000E+01
 c, 2.2, 0.1000000000E+01
 c, 3.3, 0.1000000000E+01
 c, 4.4, 0.1000000000E+01
 c, 5.5, 0.1000000000E+01
 c, 6.6, 0.1000000000E+01
 c, 7.7, 0.1000000000E+01
 c, 8.8, 0.1000000000E+01
 c, 9.9, 0.1000000000E+01
 c, 10.10, 0.1000000000E+01
 p, O , 0.3446000000E+02, 0.7749000000E+01, 0.2280000000E+01, 0.7156000000E+00, 0.2140000000E+00
 c, 1.1, 0.1000000000E+01
 c, 2.2, 0.1000000000E+01
 c, 3.3, 0.1000000000E+01
 c, 4.4, 0.1000000000E+01
 c, 5.5, 0.1000000000E+01
 d, O , 0.2100000000E+02, 0.7000000000E+01, 0.2314000000E+01, 0.6450000000E+00
 c, 1.1, 0.1000000000E+01
 c, 2.2, 0.1000000000E+01
 c, 3.3, 0.1000000000E+01
 c, 4.4, 0.1000000000E+01
 f, O , 0.4300000000E+01, 0.1428000000E+01
 c, 1.1, 0.1000000000E+01
 c, 2.2, 0.1000000000E+01
                                                                                 ! hydrogen             (5s,2p,1d) -&gt; [5s,2p,1d]
 s, H , 0.3387000000E+02, 0.5095000000E+01, 0.1159000000E+01, 0.3258000000E+00, 0.1027000000E+00
 c, 1.1, 0.1000000000E+01
 c, 2.2, 0.1000000000E+01
 c, 3.3, 0.1000000000E+01
 c, 4.4, 0.1000000000E+01
 c, 5.5, 0.1000000000E+01
 p, H , 0.1407000000E+01, 0.3880000000E+00
 c, 1.1, 0.1000000000E+01
 c, 2.2, 0.1000000000E+01
 d, H , 0.1057000000E+01
 c, 1.1, 0.1000000000E+01
                                                                            ! carbon               (10s,5p,4d,2f) -&gt; [10s,5p,4d,2f]
 s, C , 0.8236000000E+04, 0.1235000000E+04, 0.2808000000E+03, 0.7927000000E+02, 0.2559000000E+02, 0.8997000000E+01, 0.3319000000E+01, 0.9059000000E+00, 0.3643000000E+00, 0.1285000000E+00
 c, 1.1, 0.1000000000E+01
 c, 2.2, 0.1000000000E+01
 c, 3.3, 0.1000000000E+01
 c, 4.4, 0.1000000000E+01
 c, 5.5, 0.1000000000E+01
 c, 6.6, 0.1000000000E+01
 c, 7.7, 0.1000000000E+01
 c, 8.8, 0.1000000000E+01
 c, 9.9, 0.1000000000E+01
 c, 10.10, 0.1000000000E+01
 p, C , 0.1871000000E+02, 0.4133000000E+01, 0.1200000000E+01, 0.3827000000E+00, 0.1209000000E+00
 c, 1.1, 0.1000000000E+01
 c, 2.2, 0.1000000000E+01
 c, 3.3, 0.1000000000E+01
 c, 4.4, 0.1000000000E+01
 c, 5.5, 0.1000000000E+01
 d, C , 0.1000000000E+02, 0.3300000000E+01, 0.1097000000E+01, 0.3180000000E+00
 c, 1.1, 0.1000000000E+01
 c, 2.2, 0.1000000000E+01
 c, 3.3, 0.1000000000E+01
 c, 4.4, 0.1000000000E+01
 f, C , 0.2300000000E+01, 0.7610000000E+00
 c, 1.1, 0.1000000000E+01
 c, 2.2, 0.1000000000E+01
 }
 DKROLL=1
 DKHO=2
 {rhf
 wf,33,1,1
 }
 {uccsd(t)
 core}
 

 Fortran compiler diagnostic
 ***************************

 integer size                  8
 double precision size         8
 logical size                  8

 diagnostic completed successfully

 Variables initialized (889), CPU time= 0.02 sec
 Commands  initialized (702), CPU time= 0.02 sec, 572 directives.
 Default parameters read. Elapsed time= 0.12 sec

 Using DEFAULT tuning parameter for mpplat   :       3
 Using DEFAULT tuning parameter for mppspeed :    1600
 Checking input...
 Passed
1


                                         ***  PROGRAM SYSTEM MOLPRO  ***
                                       Copyright, TTI GmbH Stuttgart, 2015
                                    Version 2015.1 linked Jun  9 2019 06:55:40


 **********************************************************************************************************************************
 LABEL *   TS_01                                                                         
  64 bit mpp version                                                                     DATE: 27-Sep-21          TIME: 05:41:01  
 **********************************************************************************************************************************

 SHA1:             f6387f0c468d0184d0b38d85973bdb066f718752
 **********************************************************************************************************************************

Geometry recognized as XYZ


 Variable memory set to ********** words,  buffer space   230000 words

 SETTING BASIS          =    USERDEF
 SETTING DKROLL         =         1.00000000                                  
 SETTING DKHO           =         2.00000000                                  


 Recomputing integrals since basis changed


 Using spherical harmonics



 PROGRAM * SEWARD (Integral evaluation for generally contracted gaussian basis sets)     Author: Roland Lindh, 1990

 Geometry written to block  1 of record 700


 Point group  C1  



 ATOMIC COORDINATES

 NR  ATOM    CHARGE       X              Y              Z

   1  C       6.00   -2.309978538   -1.070465599   -0.226035811
   2  H       1.00   -3.668328794   -1.826255893    1.108101384
   3  H       1.00    0.043355986   -2.150345813    0.111527856
   4  H       1.00   -2.779930748   -1.391429912   -2.197658886
   5  C       6.00   -1.021064379    1.422309927    0.399493772
   6  H       1.00   -1.816555929    3.068393662   -0.555029570
   7  H       1.00   -0.998123103    1.730858739    2.441505366
   8  O       8.00    1.495177766    1.130237636   -0.548101834
   9  O       8.00    2.155552009   -1.323023716    0.304451886

 Bond lengths in Bohr (Angstrom)

 1-2  2.048476615  1-3  2.611182470  1-4  2.052113720  1-5  2.875155090  3-9  2.276632067
     ( 1.084007142)     ( 1.381778257)     ( 1.085931815)     ( 1.521466551)     ( 1.204741808)

 5-6  2.062404733  5-7  2.065318383  5-8  2.704573568  8-9  2.679819630
     ( 1.091377584)     ( 1.092919421)     ( 1.431198697)     ( 1.418099478)

 Bond angles

  1-3-9  134.17285746   1-5-6  114.73269751   1-5-7  110.46375177   1-5-8  104.31307252

  2-1-3  111.15201700   2-1-4  114.59328140   2-1-5  118.38885257   3-1-4  105.42143578

  3-1-5   85.77961768   3-9-8   94.42128169   4-1-5  116.57051733   5-8-9  102.51304178

  6-5-7  110.03804788   6-5-8  106.43258706   7-5-8  110.62273913

 NUCLEAR CHARGE:                   33
 NUMBER OF PRIMITIVE AOS:         361
 NUMBER OF SYMMETRY AOS:          316
 NUMBER OF CONTRACTIONS:          316   ( 316A   )
 NUMBER OF CORE ORBITALS:           4   (   4A   )
 NUMBER OF VALENCE ORBITALS:       21   (  21A   )


 NUCLEAR REPULSION ENERGY  129.14415697

 One-electron integrals computed with SEWARD

 2nd-order Douglas-Kroll-Hess method activated. Optimal DKH parametrization is used.

 Computing Douglas-Kroll / X2C integrals

 AO integral compression algorithm  1   Integral accuracy      1.0D-11

     3043.230 MB (compressed) written to integral file ( 26.7%)

     Node minimum: 356.254 MB, node maximum: 405.275 MB


 NUMBER OF SORTED TWO-ELECTRON INTEGRALS:  156775440.     BUFFER LENGTH:  32768
 NUMBER OF SEGMENTS:   5  SEGMENT LENGTH:   31996696      RECORD LENGTH: 524288

 Memory used in sort:      32.55 MW

 SORT1 READ  1425894010. AND WROTE    94602050. INTEGRALS IN    273 RECORDS. CPU TIME:    28.66 SEC, REAL TIME:    41.72 SEC
 SORT2 READ   753871471. AND WROTE  1254328741. INTEGRALS IN  11448 RECORDS. CPU TIME:     3.81 SEC, REAL TIME:    35.69 SEC

 Node minimum:   156769180.  Node maximum:   156813006. integrals

 OPERATOR DM      FOR CENTER  0  COORDINATES:    0.000000    0.000000    0.000000


 Eigenvalues of metric

         1 0.591E-03 0.969E-03 0.130E-02 0.154E-02 0.170E-02 0.213E-02 0.327E-02 0.442E-02


 **********************************************************************************************************************************
 DATASETS  * FILE   NREC   LENGTH (MB)   RECORD NAMES
              1      22       26.51       500      610      700      900      950      970     1000      129      960     1700   
                                          VAR    BASINP    GEOM    SYMINP    ZMAT    AOBASIS   BASIS     P2S    ABASIS    OPER   
                                         1101     1401     1411     1412     1650     1100     1400     1410     1200     1210   
                                          SR      EKINR    POTR     PVPR    MOLCAS      S      EKIN      POT      H0       H01  
                                         1080     1600   
                                         AOSYM     SMH  

 PROGRAMS   *        TOTAL       INT
 CPU TIMES  *        50.40     50.23
 REAL TIME  *       124.62 SEC
 DISK USED  *        12.01 GB      
 GA USED    *         0.00 MB       (max)       0.00 MB       (current)
 **********************************************************************************************************************************


 PROGRAM * RHF-SCF (OPEN SHELL)       Authors: W. Meyer, H.-J. Werner


 NUMBER OF ELECTRONS:      17+   16-    SPACE SYMMETRY=1    SPIN SYMMETRY: Doublet 
 CONVERGENCE THRESHOLDS:    1.00E-05 (Density)    1.00E-07 (Energy)
 MAX. NUMBER OF ITERATIONS:       60
 INTERPOLATION TYPE:            DIIS
 INTERPOLATION STEPS:              2 (START)      1 (STEP)
 LEVEL SHIFTS:                 -0.60 (CLOSED) -0.30 (OPEN) 



 Orbital guess generated from atomic densities. Full valence occupancy:   17

 Molecular orbital dump at record        2100.2

 Initial alpha occupancy:  17
 Initial beta  occupancy:  16
 Wave function symmetry:    1

 ITERATION    DDIFF          GRAD             ENERGY        2-EL.EN.            DIPOLE MOMENTS         DIIS   ORB.
    1      0.000D+00      0.000D+00      -228.30364092    420.620691   -1.68376    0.09220    0.14074    0    start
    2      0.000D+00      0.296D-02      -228.34432842    422.003446   -1.51227    0.03960    0.14656    1    diag,B
    3      0.642D-03      0.957D-03      -228.35300653    422.006679   -1.48998    0.05033    0.13988    2    diag,B
    4      0.333D-03      0.440D-03      -228.35662148    422.085176   -1.48724    0.03644    0.14669    3    diag,B
    5      0.268D-03      0.184D-03      -228.35768615    422.115074   -1.51019    0.03742    0.14363    4    diag,B
    6      0.123D-03      0.114D-03      -228.35839688    422.128636   -1.53209    0.03239    0.14268    5    diag,B
    7      0.998D-04      0.831D-04      -228.35904051    422.155717   -1.56011    0.02687    0.13864    6    fixocc
    8      0.115D-03      0.608D-04      -228.35946209    422.181617   -1.58554    0.01927    0.13375    7    diag,B
    9      0.118D-03      0.372D-04      -228.35959824    422.210753   -1.60433    0.01238    0.13042    8    diag,B
   10      0.723D-04      0.217D-04      -228.35963140    422.219691   -1.61391    0.00855    0.12880    9    orth
   11      0.378D-04      0.120D-04      -228.35964031    422.225175   -1.61852    0.00665    0.12851    9    diag,B
   12      0.148D-04      0.802D-05      -228.35964492    422.227660   -1.62157    0.00527    0.12829    9    diag,B
   13      0.130D-04      0.413D-05      -228.35964618    422.230331   -1.62323    0.00469    0.12828    9    diag,B
   14      0.625D-05      0.292D-05      -228.35964668    422.231350   -1.62441    0.00417    0.12820    9    diag,B
   15      0.542D-05      0.113D-05      -228.35964675    422.231734   -1.62476    0.00407    0.12819    9    diag,B
   16      0.210D-05      0.491D-06      -228.35964676    422.231919   -1.62486    0.00405    0.12818    0    orth

 Final alpha occupancy:  17
 Final beta  occupancy:  16

 !RHF STATE 1.1 Energy               -228.359646755897
 Nuclear energy                       129.14415697
 One-electron energy                 -568.61976301
 Two-electron energy                  211.11595928
 Virial quotient                       -0.99718210
 !RHF STATE 1.1 Dipole moment          -1.62486481     0.00404791     0.12817867
 Dipole moment /Debye                  -4.12972389     0.01028809     0.32577635

 Orbital energies:

         1.1          2.1          3.1          4.1          5.1          6.1          7.1          8.1          9.1         10.1
    -20.623987   -20.622805   -11.307862   -11.283683    -1.469584    -1.171674    -1.032999    -0.844754    -0.705369    -0.683041

        11.1         12.1         13.1         14.1         15.1         16.1         17.1         18.1         19.1
     -0.630978    -0.603422    -0.549636    -0.525447    -0.503462    -0.423759    -0.423012     0.134723     0.165605

 HOMO     17.1    -0.423012 =     -11.5107eV
 LUMO     18.1     0.134723 =       3.6660eV
 LUMO-HOMO         0.557735 =      15.1767eV


 **********************************************************************************************************************************
 DATASETS  * FILE   NREC   LENGTH (MB)   RECORD NAMES
              1      22       26.51       500      610      700      900      950      970     1000      129      960     1700   
                                          VAR    BASINP    GEOM    SYMINP    ZMAT    AOBASIS   BASIS     P2S    ABASIS    OPER   
                                         1101     1401     1411     1412     1650     1100     1400     1410     1200     1210   
                                          SR      EKINR    POTR     PVPR    MOLCAS      S      EKIN      POT      H0       H01  
                                         1080     1600   
                                         AOSYM     SMH  

              2       4        5.73       700     1000      520     2100   
                                         GEOM     BASIS   MCVARS     RHF  

 PROGRAMS   *        TOTAL       RHF       INT
 CPU TIMES  *        77.86     27.46     50.23
 REAL TIME  *       154.92 SEC
 DISK USED  *        12.39 GB      
 SF USED    *         0.40 MB      
 GA USED    *         0.00 MB       (max)       0.00 MB       (current)
 **********************************************************************************************************************************


 PROGRAM * CCSD (Unrestricted open-shell coupled cluster)     Authors: C. Hampel, H.-J. Werner, 1991, M. Deegan, P.J. Knowles, 1992


 Convergence thresholds:  THRVAR = 1.00D-08  THRDEN = 1.00D-06

 CCSD(T)     terms to be evaluated (factor= 1.000)


 Number of closed-shell orbitals:  16 (  16 )
 Number of active  orbitals:        1 (   1 )
 Number of external orbitals:     299 ( 299 )

 Memory could be reduced to 756.58 Mwords without degradation in triples

 Number of N-1 electron functions:              33
 Number of N-2 electron functions:             528
 Number of singly external CSFs:              9900
 Number of doubly external CSFs:          35961600
 Total number of CSFs:                    35971500

 Molecular orbitals read from record     2100.2  Type=RHF/CANONICAL (state 1.1)

 Integral transformation finished. Total CPU:  58.43 sec, npass=  1  Memory used: 312.05 MW

 Starting RMP2 calculation

 ITER.      SQ.NORM     CORR.ENERGY   TOTAL ENERGY   ENERGY CHANGE        DEN1      VAR(S)    VAR(P)  DIIS     TIME
   1      1.23979518    -1.06632842  -229.42597518    -1.06632842    -0.00283847  0.34D-04  0.11D-02  1  1    69.99
   2      1.24240618    -1.06938343  -229.42903019    -0.00305501    -0.00000641  0.65D-06  0.28D-05  2  2    79.28
   3      1.24250158    -1.06944359  -229.42909034    -0.00006015    -0.00000005  0.26D-07  0.15D-07  3  3    92.53
   4      1.24250356    -1.06944344  -229.42909020     0.00000014    -0.00000000  0.93D-09  0.49D-10  4  4   103.57

 Norm of t1 vector:      0.06419731      S-energy:    -0.00552052      T1 diagnostic:  0.00050416
 Norm of t2 vector:      0.48824407      P-energy:    -1.06392292
                                         Alpha-Beta:  -0.83130288
                                         Alpha-Alpha: -0.12236115
                                         Beta-Beta:   -0.11025889

 Spin contamination <S**2-Sz**2-Sz>     0.00213170
  Reference energy                   -228.359646755896
  RHF-RMP2 correlation energy          -1.069443442563
 !RHF-RMP2 energy                    -229.429090198459

 Starting UCCSD calculation

 ITER.      SQ.NORM     CORR.ENERGY   TOTAL ENERGY   ENERGY CHANGE        DEN1      VAR(S)    VAR(P)  DIIS     TIME
   1      1.23789849    -1.06058088  -229.42022763    -1.06058088    -0.02702716  0.50D-02  0.45D-02  1  1   220.13
   2      1.25922477    -1.08471400  -229.44436076    -0.02413313    -0.00274123  0.40D-03  0.79D-03  2  2   336.56
   3      1.26951445    -1.08937354  -229.44902029    -0.00465953    -0.00045961  0.33D-03  0.70D-04  3  3   459.28
   4      1.27589610    -1.09144021  -229.45108697    -0.00206668    -0.00016391  0.12D-03  0.26D-04  4  4   573.22
   5      1.28156835    -1.09217840  -229.45182516    -0.00073819    -0.00008457  0.10D-03  0.64D-05  5  5   689.14
   6      1.28625304    -1.09250242  -229.45214917    -0.00032401    -0.00004371  0.46D-04  0.52D-05  6  6   798.83
   7      1.29275074    -1.09284813  -229.45249489    -0.00034572    -0.00002177  0.26D-04  0.19D-05  6  1  1008.92
   8      1.29518905    -1.09289599  -229.45254274    -0.00004785    -0.00001475  0.17D-04  0.17D-05  6  3  1212.46
   9      1.30002945    -1.09312047  -229.45276723    -0.00022449    -0.00000856  0.10D-04  0.81D-06  6  2  1345.32
  10      1.30389546    -1.09321890  -229.45286566    -0.00009843    -0.00000471  0.47D-05  0.60D-06  6  4  1514.54
  11      1.30893069    -1.09331985  -229.45296661    -0.00010095    -0.00000200  0.19D-05  0.26D-06  6  5  1656.60
  12      1.31096495    -1.09333230  -229.45297906    -0.00001245    -0.00000080  0.57D-06  0.15D-06  6  6  1801.14
  13      1.31222524    -1.09333428  -229.45298104    -0.00000198    -0.00000025  0.23D-06  0.33D-07  6  5  1902.13
  14      1.31307068    -1.09333549  -229.45298224    -0.00000121    -0.00000007  0.51D-07  0.12D-07  6  1  2003.61
  15      1.31281146    -1.09333043  -229.45297718     0.00000506    -0.00000003  0.21D-07  0.39D-08  6  3  2104.18
  16      1.31320673    -1.09333797  -229.45298472    -0.00000754    -0.00000001  0.51D-08  0.11D-08  6  2  2217.98
  17      1.31318032    -1.09333818  -229.45298494    -0.00000021    -0.00000000  0.13D-08  0.42D-09  6  4  2318.31

 Norm of t1 vector:      0.22515237      S-energy:    -0.00659849      T1 diagnostic:  0.02583579
                                                                       D1 diagnostic:  0.13498615
 Norm of t2 vector:      0.51233459      P-energy:    -1.08673969
                                         Alpha-Beta:  -0.87720288
                                         Alpha-Alpha: -0.11080576
                                         Beta-Beta:   -0.09873105

 Singles amplitudes (print threshold =  0.500E-01):

         I         SYM. A    A   T(IA) [Beta-Beta]

        13         1         1      0.06638046
        15         1         1      0.05996029
        16         1         1     -0.16054929

 Spin contamination <S**2-Sz**2-Sz>     0.00462095

 Memory could be reduced to 810.83 Mwords without degradation in triples


  Correlated core orbitals:             1.1       2.1       3.1       4.1
  Orbital energies:                   -20.6243  -20.6278  -11.3080  -11.2910

  UCCSD core-core energy               -0.147323175029
  UCCSD core-valence energy            -0.063772124903
  UCCSD valence correlation energy     -0.882242881482


 RESULTS
 =======

  Reference energy                   -228.359646755896
  UCCSD singles energy                 -0.006598490614
  UCCSD pair energy                    -1.086739690801
  UCCSD correlation energy             -1.093338181415
  Triples (T) contribution             -0.041415530635
  Total correlation energy             -1.134753712050

  RHF-UCCSD energy                   -229.452984937311
  RHF-UCCSD[T] energy                -229.496885944460
  RHF-UCCSD-T energy                 -229.493710789926
 !RHF-UCCSD(T) energy                -229.494400467946

 Program statistics:

 Available memory in ccsd:             63999997418
 Min. memory needed in ccsd:              99970605
 Max. memory used in ccsd:               145797881
 Max. memory used in cckext:             108976666 (17 integral passes)
 Max. memory used in cckint:             312053350 ( 1 integral passes)



 **********************************************************************************************************************************
 DATASETS  * FILE   NREC   LENGTH (MB)   RECORD NAMES
              1      22       26.51       500      610      700      900      950      970     1000      129      960     1700   
                                          VAR    BASINP    GEOM    SYMINP    ZMAT    AOBASIS   BASIS     P2S    ABASIS    OPER   
                                         1101     1401     1411     1412     1650     1100     1400     1410     1200     1210   
                                          SR      EKINR    POTR     PVPR    MOLCAS      S      EKIN      POT      H0       H01  
                                         1080     1600   
                                         AOSYM     SMH  

              2       4        5.73       700     1000      520     2100   
                                         GEOM     BASIS   MCVARS     RHF  

 PROGRAMS   *        TOTAL  UCCSD(T)       RHF       INT
 CPU TIMES  *      4435.49   4357.61     27.46     50.23
 REAL TIME  *      5765.45 SEC
 DISK USED  *        48.77 GB      
 SF USED    *        14.78 GB      
 GA USED    *         0.00 MB       (max)       0.00 MB       (current)
 **********************************************************************************************************************************

 UCCSD(T)/USERDEF energy=   -229.494400467946

        UCCSD(T)        RHF-SCF 
   -229.49440047   -228.35964676
 **********************************************************************************************************************************
 Molpro calculation terminated
 Variable memory released

 Fortran compiler diagnostic
 ***************************

 integer size                  8
 double precision size         8
 logical size                  8

 diagnostic completed successfully
