
 Primary working directories    : /scratch/saurabh/PBS_8109970.helios
 Secondary working directories  : /scratch/saurabh/PBS_8109970.helios
 Wavefunction directory         : /scratch/saurabh/PBS_8109970.helios/
 Main file repository           : /scratch/saurabh/PBS_8109970.helios/

 SHA1      : f6387f0c468d0184d0b38d85973bdb066f718752
 NAME      : 2015.1.44
 ARCHNAME  : linux/x86_64
 FC        : /opt/may/bin/gfortran
 BLASLIB   : -Wl,-_start-group /opt/intel/mkl/lib/intel64/libmkl_gf_ilp64.a /opt/intel/mkl/lib/intel64/libmkl_gnu_thread.a /opt/intel/mkl/lib/intel64/libmkl_core.a -Wl,-_end-group
 id        : ramakrishnan

 Nodes             nprocs
 hel06.tifrh.res.in    8

 Using DEFAULT tuning parameter for ncache   :   16384
 Using DEFAULT tuning parameter for mflopdgm :   10000
 Using DEFAULT tuning parameter for mflopdgv :    4000
 Using DEFAULT tuning parameter for mflopmxm :    5000
 Using DEFAULT tuning parameter for mflopmxv :    4000
 Using DEFAULT tuning parameter for mindgm   :       1
 Using DEFAULT tuning parameter for mindgc   :       4
 Using DEFAULT tuning parameter for mindgf   :    5000
 Using DEFAULT tuning parameter for mindgl   :       4
 Using DEFAULT tuning parameter for mindgr   :       1
 Using DEFAULT tuning parameter for mindgv   :      20
 Using DEFAULT tuning parameter for mincuda  :     500
 Using DEFAULT tuning parameter for mxmblk   :      64
 Using DEFAULT tuning parameter for mxmbln   :      64
 Using DEFAULT tuning parameter for nroll    :       2
 Using custom tuning parameter for ngpus     :       0
 Using customized tuning parameters: mindgm=1; mindgv=20; mindgc=4; mindgr=1; noblas=0; minvec=7
 default implementation of scratch files=sf  

 ***,TS_02
 memory,25,g
 geometry={
 C -2.12536 -0.43528 -0.27774
 C -1.69459 0.99837 -0.41504
 C -0.55727 1.44384 0.13919
 C 0.26257 0.54944 0.92355
 C 0.15415 -0.83432 0.79582
 C -0.92285 -1.37657 -0.15341
 H -1.24713 -2.36298 0.17727
 H -0.48896 -1.51242 -1.14826
 H 0.39452 -1.42974 1.67337
 H 1.28695 -0.97712 0.14226
 H -0.27598 2.48604 0.07072
 H -2.35175 1.68778 -0.93109
 H -2.73816 -0.7285 -1.13197
 H -2.77902 -0.51917 0.60056
 O 2.23922 0.64922 -0.37198
 H 0.87748 0.97216 1.70527
 O 2.33854 -0.61033 -0.53206
  }
 basis,O=AVDZ,C=AVDZ,H=VDZ
 {rhf
 wf,61,1,1
 }
 uccsd(t);
 

 Fortran compiler diagnostic
 ***************************

 integer size                  8
 double precision size         8
 logical size                  8

 diagnostic completed successfully

 Variables initialized (889), CPU time= 0.01 sec
 Commands  initialized (702), CPU time= 0.02 sec, 572 directives.
 Default parameters read. Elapsed time= 0.17 sec

 Using DEFAULT tuning parameter for mpplat   :       3
 Using DEFAULT tuning parameter for mppspeed :    1600
 Checking input...
 Passed
1


                                         ***  PROGRAM SYSTEM MOLPRO  ***
                                       Copyright, TTI GmbH Stuttgart, 2015
                                    Version 2015.1 linked Jun  9 2019 06:55:40


 **********************************************************************************************************************************
 LABEL *   TS_02                                                                         
  64 bit mpp version                                                                     DATE: 08-Jul-22          TIME: 15:17:14  
 **********************************************************************************************************************************

 SHA1:             f6387f0c468d0184d0b38d85973bdb066f718752
 **********************************************************************************************************************************

Geometry recognized as XYZ


 Variable memory set to ********** words,  buffer space   230000 words

 SETTING BASIS          =    O=AVDZ,C=AVDZ,H=VDZ


 Recomputing integrals since basis changed


 Using spherical harmonics

 Library entry C      S aug-cc-pVDZ          selected for orbital group  1
 Library entry C      P aug-cc-pVDZ          selected for orbital group  1
 Library entry C      D aug-cc-pVDZ          selected for orbital group  1
 Library entry H      S cc-pVDZ              selected for orbital group  2
 Library entry H      P cc-pVDZ              selected for orbital group  2
 Library entry O      S aug-cc-pVDZ          selected for orbital group  3
 Library entry O      P aug-cc-pVDZ          selected for orbital group  3
 Library entry O      D aug-cc-pVDZ          selected for orbital group  3


 PROGRAM * SEWARD (Integral evaluation for generally contracted gaussian basis sets)     Author: Roland Lindh, 1990

 Geometry written to block  1 of record 700


 Point group  C1  



 ATOMIC COORDINATES

 NR  ATOM    CHARGE       X              Y              Z

   1  C       6.00   -4.016348316   -0.822559988   -0.524852534
   2  C       6.00   -3.202310993    1.886645871   -0.784311931
   3  C       6.00   -1.053087677    2.728462168    0.263030979
   4  C       6.00    0.496185389    1.038291122    1.745256562
   5  C       6.00    0.291301282   -1.576636300    1.503881844
   6  C       6.00   -1.743933754   -2.601340291   -0.289902885
   7  H       1.00   -2.356734142   -4.465385038    0.334991750
   8  H       1.00   -0.924000486   -2.858059585   -2.169896920
   9  H       1.00    0.745534751   -2.701817029    3.162211005
  10  H       1.00    2.431983036   -1.846489191    0.268832438
  11  H       1.00   -0.521526616    4.697934735    0.133641432
  12  H       1.00   -4.444163413    3.189441959   -1.759505097
  13  H       1.00   -5.174372485   -1.376665482   -2.139113281
  14  H       1.00   -5.251586695   -0.981089112    1.134893921
  15  O       8.00    4.231512533    1.226847995   -0.702940324
  16  H       1.00    1.658196880    1.837116149    3.222493268
  17  O       8.00    4.419200131   -1.153356546   -1.005447682

 Bond lengths in Bohr (Angstrom)

  1- 2  2.840734469   1- 6  2.895363302   1-13  2.062496215   1-14  2.075018947   2- 3  2.534707618
       ( 1.503251943)       ( 1.532160277)       ( 1.091425994)       ( 1.098052739)       ( 1.341309508)

  2-12  2.047065410   3- 4  2.730186418   3-11  2.044045256   4- 5  2.634024426   4-16  2.042209690
       ( 1.083260364)       ( 1.444752434)       ( 1.081662168)       ( 1.393865699)       ( 1.080690828)

  5- 6  2.899976479   5- 9  2.054851655   5-10  2.486098548   6- 7  2.059291246   6- 8  2.067020303
       ( 1.534601465)       ( 1.087380667)       ( 1.315586696)       ( 1.089729998)       ( 1.093820039)

 10-17  2.460336252  15-17  2.406680492
       ( 1.301953876)       ( 1.273560470)

 Bond angles

  1- 2- 3  121.46495047   1- 2-12  118.46516779   1- 6- 5  112.57704032   1- 6- 7  110.31475978

  1- 6- 8  108.28989120   2- 1- 6  111.61800148   2- 1-13  110.22002921   2- 1-14  108.45160742

  2- 3- 4  119.99241480   2- 3-11  120.95383221   3- 2-12  119.99118590   3- 4- 5  121.37857421

  3- 4-16  118.25784948   4- 3-11  118.89975626   4- 5- 6  117.52005255   4- 5- 9  116.90125591

  4- 5-10   94.95107405   5- 4-16  119.92499972   5- 6- 7  109.93723823   5- 6- 8  109.15223667

  5-10-17  157.24962636   6- 1-13  109.82361890   6- 1-14  110.81600973   6- 5- 9  117.44159269

  6- 5-10  104.99069948   7- 6- 8  106.35655837   9- 5-10   98.69308271  10-17-15   98.65781438

 13- 1-14  105.74022181

 NUCLEAR CHARGE:                   61
 NUMBER OF PRIMITIVE AOS:         359
 NUMBER OF SYMMETRY AOS:          343
 NUMBER OF CONTRACTIONS:          229   ( 229A   )
 NUMBER OF CORE ORBITALS:           8   (   8A   )
 NUMBER OF VALENCE ORBITALS:       41   (  41A   )


 NUCLEAR REPULSION ENERGY  369.95295375


 Eigenvalues of metric

         1 0.299E-04 0.306E-04 0.511E-04 0.708E-04 0.938E-04 0.107E-03 0.149E-03 0.166E-03


 Contracted 2-electron integrals neglected if value below      1.0D-12
 AO integral compression algorithm  1   Integral accuracy      1.0D-12

     1695.023 MB (compressed) written to integral file ( 55.9%)

     Node minimum: 197.394 MB, node maximum: 219.939 MB


 NUMBER OF SORTED TWO-ELECTRON INTEGRALS:   43335888.     BUFFER LENGTH:  32768
 NUMBER OF SEGMENTS:   3  SEGMENT LENGTH:   15992000      RECORD LENGTH: 524288

 Memory used in sort:      16.55 MW

 SORT1 READ   379521613. AND WROTE    42116842. INTEGRALS IN    122 RECORDS. CPU TIME:     5.21 SEC, REAL TIME:     5.60 SEC
 SORT2 READ   337613713. AND WROTE   346779280. INTEGRALS IN   6568 RECORDS. CPU TIME:     0.63 SEC, REAL TIME:     0.97 SEC

 Node minimum:    43335888.  Node maximum:    43358932. integrals

 OPERATOR DM      FOR CENTER  0  COORDINATES:    0.000000    0.000000    0.000000


 **********************************************************************************************************************************
 DATASETS  * FILE   NREC   LENGTH (MB)   RECORD NAMES
              1      18       22.12       500      610      700      900      950      970     1000      129      960     1100   
                                          VAR    BASINP    GEOM    SYMINP    ZMAT    AOBASIS   BASIS     P2S    ABASIS      S 
                                         1400     1410     1200     1210     1080     1600     1650     1700   
                                           T        V       H0       H01     AOSYM     SMH    MOLCAS    OPER   

 PROGRAMS   *        TOTAL       INT
 CPU TIMES  *        15.28     15.09
 REAL TIME  *        29.12 SEC
 DISK USED  *         5.72 GB      
 GA USED    *         0.01 MB       (max)       0.00 MB       (current)
 **********************************************************************************************************************************


 PROGRAM * RHF-SCF (OPEN SHELL)       Authors: W. Meyer, H.-J. Werner


 NUMBER OF ELECTRONS:      31+   30-    SPACE SYMMETRY=1    SPIN SYMMETRY: Doublet 
 CONVERGENCE THRESHOLDS:    1.00E-05 (Density)    1.22E-07 (Energy)
 MAX. NUMBER OF ITERATIONS:       60
 INTERPOLATION TYPE:            DIIS
 INTERPOLATION STEPS:              2 (START)      1 (STEP)
 LEVEL SHIFTS:                 -0.60 (CLOSED) -0.30 (OPEN) 



 Orbital guess generated from atomic densities. Full valence occupancy:   49

 Molecular orbital dump at record        2100.2

 Initial alpha occupancy:  31
 Initial beta  occupancy:  30
 Wave function symmetry:    1

 ITERATION    DDIFF          GRAD             ENERGY        2-EL.EN.            DIPOLE MOMENTS         DIIS   ORB.
    1      0.000D+00      0.000D+00      -381.86708373   1004.294609   -1.03504   -0.59215    0.37929    0    start
    2      0.000D+00      0.344D-02      -381.95241233   1004.005989   -1.48851   -0.17376    0.57663    1    diag,B
    3      0.529D-02      0.136D-02      -381.97027740   1004.000315   -1.54794   -0.16933    0.57456    2    diag,B
    4      0.206D-02      0.696D-03      -381.97938988   1004.068228   -1.68282   -0.04197    0.63710    3    diag,B
    5      0.176D-02      0.356D-03      -381.98192531   1004.094362   -1.75789   -0.02179    0.66453    4    diag,B
    6      0.826D-03      0.208D-03      -381.98375401   1004.095314   -1.84967    0.03329    0.69850    5    diag,B
    7      0.794D-03      0.133D-03      -381.98469798   1004.109871   -1.91520    0.07434    0.71781    6    fixocc
    8      0.497D-03      0.868D-04      -381.98524836   1004.131745   -1.95317    0.10703    0.72509    7    diag,B
    9      0.372D-03      0.637D-04      -381.98563011   1004.149499   -1.96843    0.13092    0.72476    8    diag,B
   10      0.291D-03      0.455D-04      -381.98589386   1004.155648   -1.97131    0.15220    0.72127    9    orth
   11      0.316D-03      0.240D-04      -381.98595675   1004.153561   -1.96324    0.16019    0.71936    9    diag,B
   12      0.174D-03      0.126D-04      -381.98596822   1004.149354   -1.95845    0.16205    0.71906    9    diag,B
   13      0.792D-04      0.654D-05      -381.98597021   1004.148290   -1.95394    0.16097    0.71935    9    diag,B
   14      0.441D-04      0.427D-05      -381.98597131   1004.147244   -1.95195    0.16124    0.71960    9    diag,B
   15      0.326D-04      0.157D-05      -381.98597141   1004.147299   -1.95112    0.16103    0.71978    9    diag,B
   16      0.166D-04      0.651D-06      -381.98597143   1004.147269   -1.95103    0.16102    0.71985    9    diag,B
   17      0.600D-05      0.334D-06      -381.98597144   1004.147263   -1.95103    0.16102    0.71986    0    orth

 Final alpha occupancy:  31
 Final beta  occupancy:  30

 !RHF STATE 1.1 Energy               -381.985971437913
 Nuclear energy                       369.95295375
 One-electron energy                -1254.01255688
 Two-electron energy                  502.07363170
 Virial quotient                       -1.00075046
 !RHF STATE 1.1 Dipole moment          -1.95103455     0.16102202     0.71985534
 Dipole moment /Debye                  -4.95871039     0.40925034     1.82956994

 Orbital energies:

         1.1          2.1          3.1          4.1          5.1          6.1          7.1          8.1          9.1         10.1
    -20.621358   -20.589903   -11.312139   -11.279864   -11.255750   -11.254161   -11.246920   -11.232303    -1.501126    -1.163107

        11.1         12.1         13.1         14.1         15.1         16.1         17.1         18.1         19.1         20.1
     -1.051621    -1.042739    -1.028614    -0.869528    -0.845983    -0.720411    -0.701805    -0.693125    -0.628097    -0.616922

        21.1         22.1         23.1         24.1         25.1         26.1         27.1         28.1         29.1         30.1
     -0.609359    -0.595548    -0.572743    -0.564236    -0.537261    -0.496393    -0.480733    -0.440074    -0.420876    -0.327149

        31.1         32.1         33.1
     -0.465588     0.048455     0.055729

 HOMO     31.1    -0.465588 =     -12.6693eV
 LUMO     32.1     0.048455 =       1.3185eV
 LUMO-HOMO         0.514043 =      13.9878eV


 **********************************************************************************************************************************
 DATASETS  * FILE   NREC   LENGTH (MB)   RECORD NAMES
              1      18       22.12       500      610      700      900      950      970     1000      129      960     1100   
                                          VAR    BASINP    GEOM    SYMINP    ZMAT    AOBASIS   BASIS     P2S    ABASIS      S 
                                         1400     1410     1200     1210     1080     1600     1650     1700   
                                           T        V       H0       H01     AOSYM     SMH    MOLCAS    OPER   

              2       4        4.53       700     1000      520     2100   
                                         GEOM     BASIS   MCVARS     RHF  

 PROGRAMS   *        TOTAL       RHF       INT
 CPU TIMES  *        24.05      8.77     15.09
 REAL TIME  *        41.53 SEC
 DISK USED  *         6.00 GB      
 SF USED    *         0.21 MB      
 GA USED    *         0.01 MB       (max)       0.00 MB       (current)
 **********************************************************************************************************************************


 PROGRAM * CCSD (Unrestricted open-shell coupled cluster)     Authors: C. Hampel, H.-J. Werner, 1991, M. Deegan, P.J. Knowles, 1992


 Convergence thresholds:  THRVAR = 1.00D-08  THRDEN = 1.22D-06

 CCSD(T)     terms to be evaluated (factor= 1.000)


 Number of core orbitals:           8 (   8 )
 Number of closed-shell orbitals:  22 (  22 )
 Number of active  orbitals:        1 (   1 )
 Number of external orbitals:     198 ( 198 )

 Memory could be reduced to 347.23 Mwords without degradation in triples

 Number of N-1 electron functions:              45
 Number of N-2 electron functions:             990
 Number of singly external CSFs:              8955
 Number of doubly external CSFs:          29573390
 Total number of CSFs:                    29582345

 Molecular orbitals read from record     2100.2  Type=RHF/CANONICAL (state 1.1)

 Integral transformation finished. Total CPU:  30.36 sec, npass=  1  Memory used: 169.14 MW

 Starting RMP2 calculation

 ITER.      SQ.NORM     CORR.ENERGY   TOTAL ENERGY   ENERGY CHANGE        DEN1      VAR(S)    VAR(P)  DIIS     TIME
   1      1.42900620    -1.24815136  -383.23412280    -1.24815136    -0.00568850  0.45D-04  0.24D-02  1  1    38.06
   2      1.43506085    -1.25433036  -383.24030180    -0.00617900    -0.00001363  0.14D-05  0.79D-05  2  2    45.25
   3      1.43529681    -1.25444265  -383.24041408    -0.00011228    -0.00000010  0.43D-07  0.38D-07  3  3    52.86
   4      1.43530360    -1.25444382  -383.24041526    -0.00000118    -0.00000000  0.83D-09  0.23D-09  4  4    63.49

 Norm of t1 vector:      0.05662287      S-energy:    -0.00535904      T1 diagnostic:  0.00071175
 Norm of t2 vector:      0.65734120      P-energy:    -1.24908479
                                         Alpha-Beta:  -0.92343032
                                         Alpha-Alpha: -0.16257964
                                         Beta-Beta:   -0.16307483

 Spin contamination <S**2-Sz**2-Sz>     0.00157919
  Reference energy                   -381.985971437918
  RHF-RMP2 correlation energy          -1.254443824499
 !RHF-RMP2 energy                    -383.240415262418

 Starting UCCSD calculation

 ITER.      SQ.NORM     CORR.ENERGY   TOTAL ENERGY   ENERGY CHANGE        DEN1      VAR(S)    VAR(P)  DIIS     TIME
   1      1.44395361    -1.25632624  -383.24229768    -1.25632624    -0.04393012  0.15D-01  0.93D-02  1  1   215.86
   2      1.49445645    -1.29748715  -383.28345859    -0.04116091    -0.00612446  0.10D-02  0.22D-02  2  2   334.08
   3      1.52825365    -1.30692340  -383.29289483    -0.00943624    -0.00162033  0.17D-02  0.20D-03  3  3   456.09
   4      1.55121298    -1.31140302  -383.29737446    -0.00447963    -0.00057892  0.51D-03  0.10D-03  4  4   567.37
   5      1.57508585    -1.31398512  -383.29995656    -0.00258210    -0.00018222  0.19D-03  0.26D-04  5  5   686.19
   6      1.59141542    -1.31525332  -383.30122476    -0.00126820    -0.00003707  0.29D-04  0.82D-05  6  6   804.82
   7      1.59814220    -1.31565923  -383.30163066    -0.00040590    -0.00000792  0.50D-05  0.24D-05  6  1   917.75
   8      1.59978077    -1.31575527  -383.30172671    -0.00009605    -0.00000240  0.19D-05  0.58D-06  6  2  1030.52
   9      1.60014385    -1.31575557  -383.30172701    -0.00000030    -0.00000091  0.92D-06  0.17D-06  6  3  1143.57
  10      1.60075289    -1.31580885  -383.30178028    -0.00005328    -0.00000042  0.46D-06  0.70D-07  6  4  1257.67
  11      1.60073196    -1.31579199  -383.30176342     0.00001686    -0.00000019  0.20D-06  0.35D-07  6  6  1371.78
  12      1.60109545    -1.31581428  -383.30178572    -0.00002230    -0.00000007  0.66D-07  0.14D-07  6  5  1484.09
  13      1.60105913    -1.31580306  -383.30177450     0.00001122    -0.00000002  0.16D-07  0.63D-08  6  1  1596.05
  14      1.60107579    -1.31580219  -383.30177363     0.00000087    -0.00000001  0.67D-08  0.20D-08  6  2  1707.56

 Norm of t1 vector:      0.31620263      S-energy:    -0.00556714      T1 diagnostic:  0.03225010
                                                                       D1 diagnostic:  0.16409204
 Norm of t2 vector:      0.70787830      P-energy:    -1.31023504
                                         Alpha-Beta:  -1.01524788
                                         Alpha-Alpha: -0.14601220
                                         Beta-Beta:   -0.14897496

 Singles amplitudes (print threshold =  0.500E-01):

         I         SYM. A    A   T(IA) [Alpha-Alpha]

        22         1         2      0.09149710

         I         SYM. A    A   T(IA) [Beta-Beta]

        16         1         1      0.16211082
        21         1         2      0.08018206
        22         1         2      0.14369932
        22         1         3      0.05092903

 Doubles amplitudes (print threshold =  0.500E-01):

         I         J         SYM. A    SYM. B    A         B      T(IJ, AB) [Alpha-Beta]

        22        22         1         1         2         2     -0.06589465

 Spin contamination <S**2-Sz**2-Sz>     0.00632126

 Memory could be reduced to 390.35 Mwords without degradation in triples


 RESULTS
 =======

  Reference energy                   -381.985971437918
  UCCSD singles energy                 -0.005567143408
  UCCSD pair energy                    -1.310235044927
  UCCSD correlation energy             -1.315802188335
  Triples (T) contribution             -0.058617966776
  Total correlation energy             -1.374420155111

  RHF-UCCSD energy                   -383.301773626253
  RHF-UCCSD[T] energy                -383.366913633567
  RHF-UCCSD-T energy                 -383.359083757314
 !RHF-UCCSD(T) energy                -383.360391593029

 Program statistics:

 Available memory in ccsd:             24999995438
 Min. memory needed in ccsd:              82146246
 Max. memory used in ccsd:               120154247
 Max. memory used in cckext:             107067558 (14 integral passes)
 Max. memory used in cckint:             169136318 ( 1 integral passes)



 **********************************************************************************************************************************
 DATASETS  * FILE   NREC   LENGTH (MB)   RECORD NAMES
              1      18       22.12       500      610      700      900      950      970     1000      129      960     1100   
                                          VAR    BASINP    GEOM    SYMINP    ZMAT    AOBASIS   BASIS     P2S    ABASIS      S 
                                         1400     1410     1200     1210     1080     1600     1650     1700   
                                           T        V       H0       H01     AOSYM     SMH    MOLCAS    OPER   

              2       4        4.53       700     1000      520     2100   
                                         GEOM     BASIS   MCVARS     RHF  

 PROGRAMS   *        TOTAL  UCCSD(T)       RHF       INT
 CPU TIMES  *      3035.79   3011.74      8.77     15.09
 REAL TIME  *      3148.62 SEC
 DISK USED  *        36.06 GB      
 SF USED    *         7.75 GB      
 GA USED    *         0.01 MB       (max)       0.00 MB       (current)
 **********************************************************************************************************************************

 UCCSD(T)/O=AVDZ,C=AVDZ,H=VDZ energy=   -383.360391593029

        UCCSD(T)        RHF-SCF 
   -383.36039159   -381.98597144
 **********************************************************************************************************************************
 Molpro calculation terminated
 Variable memory released

 Fortran compiler diagnostic
 ***************************

 integer size                  8
 double precision size         8
 logical size                  8

 diagnostic completed successfully
