
 Primary working directories    : /scratch/saurabh/PBS_8109967.helios
 Secondary working directories  : /scratch/saurabh/PBS_8109967.helios
 Wavefunction directory         : /scratch/saurabh/PBS_8109967.helios/
 Main file repository           : /scratch/saurabh/PBS_8109967.helios/

 SHA1      : f6387f0c468d0184d0b38d85973bdb066f718752
 NAME      : 2015.1.44
 ARCHNAME  : linux/x86_64
 FC        : /opt/may/bin/gfortran
 BLASLIB   : -Wl,-_start-group /opt/intel/mkl/lib/intel64/libmkl_gf_ilp64.a /opt/intel/mkl/lib/intel64/libmkl_gnu_thread.a /opt/intel/mkl/lib/intel64/libmkl_core.a -Wl,-_end-group
 id        : ramakrishnan

 Nodes             nprocs
 hel09.tifrh.res.in    8

 Using DEFAULT tuning parameter for ncache   :   16384
 Using DEFAULT tuning parameter for mflopdgm :   10000
 Using DEFAULT tuning parameter for mflopdgv :    4000
 Using DEFAULT tuning parameter for mflopmxm :    5000
 Using DEFAULT tuning parameter for mflopmxv :    4000
 Using DEFAULT tuning parameter for mindgm   :       1
 Using DEFAULT tuning parameter for mindgc   :       4
 Using DEFAULT tuning parameter for mindgf   :    5000
 Using DEFAULT tuning parameter for mindgl   :       4
 Using DEFAULT tuning parameter for mindgr   :       1
 Using DEFAULT tuning parameter for mindgv   :      20
 Using DEFAULT tuning parameter for mincuda  :     500
 Using DEFAULT tuning parameter for mxmblk   :      64
 Using DEFAULT tuning parameter for mxmbln   :      64
 Using DEFAULT tuning parameter for nroll    :       2
 Using custom tuning parameter for ngpus     :       0
 Using customized tuning parameters: mindgm=1; mindgv=20; mindgc=4; mindgr=1; noblas=0; minvec=7
 default implementation of scratch files=sf  

 ***,TS_03
 memory,25,g
 geometry={
 C -2.29907 -0.19609 -0.21397
 C -1.65526 1.16148 -0.16544
 C -0.40886 1.34772 0.27242
 C 0.41618 0.22407 0.73271
 C -0.09413 -1.06285 0.62565
 C -1.26108 -1.32811 -0.27079
 H -1.72416 -2.28703 -0.03546
 H -0.88954 -1.41116 -1.30216
 H 0.43655 -1.89169 1.07471
 H 3.13575 -0.9688 -0.44163
 H 0.02724 2.33644 0.30742
 H -2.25379 2.01351 -0.46552
 H -2.96964 -0.26383 -1.07261
 H -2.93629 -0.31431 0.67164
 O 1.73624 0.25514 -0.64984
 H 1.15899 0.43037 1.49008
 O 2.99229 -0.07026 -0.11391
  }
 basis,O=AVDZ,C=AVDZ,H=VDZ
 {rhf
 wf,61,1,1
 }
 uccsd(t);
 

 Fortran compiler diagnostic
 ***************************

 integer size                  8
 double precision size         8
 logical size                  8

 diagnostic completed successfully

 Variables initialized (889), CPU time= 0.02 sec
 Commands  initialized (702), CPU time= 0.02 sec, 572 directives.
 Default parameters read. Elapsed time= 0.09 sec

 Using DEFAULT tuning parameter for mpplat   :       3
 Using DEFAULT tuning parameter for mppspeed :    1600
 Checking input...
 Passed
1


                                         ***  PROGRAM SYSTEM MOLPRO  ***
                                       Copyright, TTI GmbH Stuttgart, 2015
                                    Version 2015.1 linked Jun  9 2019 06:55:40


 **********************************************************************************************************************************
 LABEL *   TS_03                                                                         
  64 bit mpp version                                                                     DATE: 08-Jul-22          TIME: 15:54:26  
 **********************************************************************************************************************************

 SHA1:             f6387f0c468d0184d0b38d85973bdb066f718752
 **********************************************************************************************************************************

Geometry recognized as XYZ


 Variable memory set to ********** words,  buffer space   230000 words

 SETTING BASIS          =    O=AVDZ,C=AVDZ,H=VDZ


 Recomputing integrals since basis changed


 Using spherical harmonics

 Library entry C      S aug-cc-pVDZ          selected for orbital group  1
 Library entry C      P aug-cc-pVDZ          selected for orbital group  1
 Library entry C      D aug-cc-pVDZ          selected for orbital group  1
 Library entry H      S cc-pVDZ              selected for orbital group  2
 Library entry H      P cc-pVDZ              selected for orbital group  2
 Library entry O      S aug-cc-pVDZ          selected for orbital group  3
 Library entry O      P aug-cc-pVDZ          selected for orbital group  3
 Library entry O      D aug-cc-pVDZ          selected for orbital group  3


 PROGRAM * SEWARD (Integral evaluation for generally contracted gaussian basis sets)     Author: Roland Lindh, 1990

 Geometry written to block  1 of record 700


 Point group  C1  



 ATOMIC COORDINATES

 NR  ATOM    CHARGE       X              Y              Z

   1  C       6.00   -4.344612641   -0.370556396   -0.404344699
   2  C       6.00   -3.127988065    2.194879099   -0.312636290
   3  C       6.00   -0.772633423    2.546821693    0.514799191
   4  C       6.00    0.786466219    0.423430933    1.384621229
   5  C       6.00   -0.177879920   -2.008495411    1.182307150
   6  C       6.00   -2.383095821   -2.509764163   -0.511718937
   7  H       1.00   -3.258190195   -4.321860339   -0.067009688
   8  H       1.00   -1.680986977   -2.666705918   -2.460725770
   9  H       1.00    0.824959940   -3.574776013    2.030907563
  10  H       1.00    5.925708695   -1.830766669   -0.834559748
  11  H       1.00    0.051476140    4.415231706    0.580939605
  12  H       1.00   -4.259045842    3.804982449   -0.879705306
  13  H       1.00   -5.611806289   -0.498566443   -2.026939138
  14  H       1.00   -5.548783922   -0.593959818    1.269215654
  15  O       8.00    3.281018087    0.482144723   -1.228019625
  16  H       1.00    2.190173681    0.813281432    2.815843104
  17  O       8.00    5.654608585   -0.132772158   -0.215258703

 Bond lengths in Bohr (Angstrom)

  1- 2  2.840782475   1- 6  2.904356613   1-13  2.062760051   1-14  2.073822996   2- 3  2.521152227
       ( 1.503277347)       ( 1.536919332)       ( 1.091565611)       ( 1.097419869)       ( 1.334136304)

  2-12  2.047752857   3- 4  2.774197251   3-11  2.043156163   4- 5  2.623958880   4-15  3.612772974
       ( 1.083624145)       ( 1.468041964)       ( 1.081191680)       ( 1.388539242)       ( 1.911797126)

  4-16  2.042247318   5- 6  2.825592312   5- 9  2.044271354   6- 7  2.060885496   6- 8  2.077550283
       ( 1.080710740)       ( 1.495239059)       ( 1.081781813)       ( 1.090573639)       ( 1.099392264)

 10-17  1.827625349  15-17  2.652873784
       ( 0.967137685)       ( 1.403840350)

 Bond angles

  1- 2- 3  122.46384078   1- 2-12  117.68275826   1- 6- 5  111.97843501   1- 6- 7  110.66365156

  1- 6- 8  108.57614589   2- 1- 6  112.15490547   2- 1-13  110.15322234   2- 1-14  108.65740512

  2- 3- 4  121.40586176   2- 3-11  121.00458959   3- 2-12  119.81106896   3- 4- 5  118.59875623

  3- 4-15   98.56141101   3- 4-16  117.38082763   4- 3-11  117.58800736   4- 5- 6  119.83279689

  4- 5- 9  119.85541152   4-15-17  109.75183038   5- 4-15  102.30214326   5- 4-16  118.91836160

  5- 6- 7  110.97801625   5- 6- 8  108.18493857   6- 1-13  109.88317779   6- 1-14  110.03811078

  6- 5- 9  119.72278865   7- 6- 8  106.23111802  10-17-15  102.63322415  13- 1-14  105.74757714

 15- 4-16   91.66795549

 NUCLEAR CHARGE:                   61
 NUMBER OF PRIMITIVE AOS:         359
 NUMBER OF SYMMETRY AOS:          343
 NUMBER OF CONTRACTIONS:          229   ( 229A   )
 NUMBER OF CORE ORBITALS:           8   (   8A   )
 NUMBER OF VALENCE ORBITALS:       41   (  41A   )


 NUCLEAR REPULSION ENERGY  366.06437395


 Eigenvalues of metric

         1 0.288E-04 0.332E-04 0.457E-04 0.701E-04 0.104E-03 0.108E-03 0.141E-03 0.158E-03


 Contracted 2-electron integrals neglected if value below      1.0D-12
 AO integral compression algorithm  1   Integral accuracy      1.0D-12

     1649.934 MB (compressed) written to integral file ( 54.6%)

     Node minimum: 193.462 MB, node maximum: 223.871 MB


 NUMBER OF SORTED TWO-ELECTRON INTEGRALS:   43335888.     BUFFER LENGTH:  32768
 NUMBER OF SEGMENTS:   3  SEGMENT LENGTH:   15992000      RECORD LENGTH: 524288

 Memory used in sort:      16.55 MW

 SORT1 READ   377886937. AND WROTE    41368171. INTEGRALS IN    119 RECORDS. CPU TIME:     5.08 SEC, REAL TIME:     5.57 SEC
 SORT2 READ   332253756. AND WROTE   346779280. INTEGRALS IN   5992 RECORDS. CPU TIME:     0.63 SEC, REAL TIME:     0.99 SEC

 Node minimum:    43335888.  Node maximum:    43358932. integrals

 OPERATOR DM      FOR CENTER  0  COORDINATES:    0.000000    0.000000    0.000000


 **********************************************************************************************************************************
 DATASETS  * FILE   NREC   LENGTH (MB)   RECORD NAMES
              1      18       22.12       500      610      700      900      950      970     1000      129      960     1100   
                                          VAR    BASINP    GEOM    SYMINP    ZMAT    AOBASIS   BASIS     P2S    ABASIS      S 
                                         1400     1410     1200     1210     1080     1600     1650     1700   
                                           T        V       H0       H01     AOSYM     SMH    MOLCAS    OPER   

 PROGRAMS   *        TOTAL       INT
 CPU TIMES  *        18.80     18.59
 REAL TIME  *        36.93 SEC
 DISK USED  *         5.60 GB      
 GA USED    *         0.01 MB       (max)       0.00 MB       (current)
 **********************************************************************************************************************************


 PROGRAM * RHF-SCF (OPEN SHELL)       Authors: W. Meyer, H.-J. Werner


 NUMBER OF ELECTRONS:      31+   30-    SPACE SYMMETRY=1    SPIN SYMMETRY: Doublet 
 CONVERGENCE THRESHOLDS:    1.00E-05 (Density)    1.22E-07 (Energy)
 MAX. NUMBER OF ITERATIONS:       60
 INTERPOLATION TYPE:            DIIS
 INTERPOLATION STEPS:              2 (START)      1 (STEP)
 LEVEL SHIFTS:                 -0.60 (CLOSED) -0.30 (OPEN) 



 Orbital guess generated from atomic densities. Full valence occupancy:   49

 Molecular orbital dump at record        2100.2

 Initial alpha occupancy:  31
 Initial beta  occupancy:  30
 Wave function symmetry:    1

 ITERATION    DDIFF          GRAD             ENERGY        2-EL.EN.            DIPOLE MOMENTS         DIIS   ORB.
    1      0.000D+00      0.000D+00      -381.89290180    999.715674   -1.31201   -1.34407    0.30768    0    start
    2      0.000D+00      0.310D-02      -381.96859083    997.411438   -1.23394   -0.96833    0.29039    1    diag,B
    3      0.498D-02      0.122D-02      -381.98850081    997.469410   -1.21368   -0.88073    0.35015    2    diag,B
    4      0.239D-02      0.511D-03      -381.99421960    997.377817   -1.23264   -0.84512    0.37115    3    diag,B
    5      0.150D-02      0.194D-03      -381.99540042    997.366823   -1.26161   -0.84576    0.39969    4    diag,B
    6      0.645D-03      0.111D-03      -381.99603645    997.343196   -1.29215   -0.84416    0.41477    5    diag,B
    7      0.391D-03      0.802D-04      -381.99662574    997.341487   -1.32734   -0.84280    0.43472    6    fixocc
    8      0.271D-03      0.772D-04      -381.99687326    997.341515   -1.34210   -0.84153    0.44225    7    diag,B
    9      0.988D-04      0.764D-04      -381.99792866    997.348166   -1.40619   -0.83490    0.47318    8    diag,B
   10      0.403D-03      0.705D-04      -381.99939409    997.319385   -1.55880   -0.78891    0.53086    9    orth
   11      0.134D-02      0.113D-03      -381.99869365    997.371422   -1.46507   -0.82647    0.50531    9    diag,B
   12      0.103D-02      0.812D-04      -381.99953929    997.363725   -1.54073   -0.80639    0.53606    9    diag,B
   13      0.577D-03      0.335D-04      -381.99962298    997.358345   -1.56633   -0.79747    0.54376    9    diag,B
   14      0.217D-03      0.742D-05      -381.99962330    997.359988   -1.56905   -0.79847    0.54395    9    diag,B
   15      0.423D-04      0.630D-05      -381.99962500    997.358602   -1.57414   -0.79711    0.54502    9    diag,B
   16      0.428D-04      0.218D-05      -381.99962496    997.359844   -1.57320   -0.79835    0.54461    9    diag,B
   17      0.262D-04      0.269D-05      -381.99962529    997.359348   -1.57437   -0.79809    0.54486    9    diag,B
   18      0.109D-04      0.952D-06      -381.99962532    997.359015   -1.57500   -0.79789    0.54498    9    diag,B
   19      0.708D-05      0.363D-06      -381.99962533    997.359114   -1.57496   -0.79791    0.54501    0    orth

 Final alpha occupancy:  31
 Final beta  occupancy:  30

 !RHF STATE 1.1 Energy               -381.999625325000
 Nuclear energy                       366.06437395
 One-electron energy                -1246.74355615
 Two-electron energy                  498.67955687
 Virial quotient                       -1.00102731
 !RHF STATE 1.1 Dipole moment          -1.57495830    -0.79790519     0.54500742
 Dipole moment /Debye                  -4.00288252    -2.02793988     1.38517996

 Orbital energies:

         1.1          2.1          3.1          4.1          5.1          6.1          7.1          8.1          9.1         10.1
    -20.583314   -20.566965   -11.315039   -11.262687   -11.262060   -11.253393   -11.251965   -11.247446    -1.417584    -1.164991

        11.1         12.1         13.1         14.1         15.1         16.1         17.1         18.1         19.1         20.1
     -1.101772    -1.034699    -1.026199    -0.872173    -0.832966    -0.714957    -0.696773    -0.665164    -0.628981    -0.615997

        21.1         22.1         23.1         24.1         25.1         26.1         27.1         28.1         29.1         30.1
     -0.601835    -0.574769    -0.570088    -0.548949    -0.530529    -0.501081    -0.479270    -0.427499    -0.411472    -0.352132

        31.1         32.1         33.1
     -0.358996     0.055450     0.061227

 HOMO     31.1    -0.358996 =      -9.7688eV
 LUMO     32.1     0.055450 =       1.5089eV
 LUMO-HOMO         0.414447 =      11.2777eV


 **********************************************************************************************************************************
 DATASETS  * FILE   NREC   LENGTH (MB)   RECORD NAMES
              1      18       22.12       500      610      700      900      950      970     1000      129      960     1100   
                                          VAR    BASINP    GEOM    SYMINP    ZMAT    AOBASIS   BASIS     P2S    ABASIS      S 
                                         1400     1410     1200     1210     1080     1600     1650     1700   
                                           T        V       H0       H01     AOSYM     SMH    MOLCAS    OPER   

              2       4        4.53       700     1000      520     2100   
                                         GEOM     BASIS   MCVARS     RHF  

 PROGRAMS   *        TOTAL       RHF       INT
 CPU TIMES  *        27.88      9.09     18.59
 REAL TIME  *        47.06 SEC
 DISK USED  *         5.88 GB      
 SF USED    *         0.21 MB      
 GA USED    *         0.01 MB       (max)       0.00 MB       (current)
 **********************************************************************************************************************************


 PROGRAM * CCSD (Unrestricted open-shell coupled cluster)     Authors: C. Hampel, H.-J. Werner, 1991, M. Deegan, P.J. Knowles, 1992


 Convergence thresholds:  THRVAR = 1.00D-08  THRDEN = 1.22D-06

 CCSD(T)     terms to be evaluated (factor= 1.000)


 Number of core orbitals:           8 (   8 )
 Number of closed-shell orbitals:  22 (  22 )
 Number of active  orbitals:        1 (   1 )
 Number of external orbitals:     198 ( 198 )

 Memory could be reduced to 347.23 Mwords without degradation in triples

 Number of N-1 electron functions:              45
 Number of N-2 electron functions:             990
 Number of singly external CSFs:              8955
 Number of doubly external CSFs:          29573390
 Total number of CSFs:                    29582345

 Molecular orbitals read from record     2100.2  Type=RHF/CANONICAL (state 1.1)

 Integral transformation finished. Total CPU:  27.30 sec, npass=  1  Memory used: 169.14 MW

 Starting RMP2 calculation

 ITER.      SQ.NORM     CORR.ENERGY   TOTAL ENERGY   ENERGY CHANGE        DEN1      VAR(S)    VAR(P)  DIIS     TIME
   1      1.41937947    -1.23284035  -383.23246567    -1.23284035    -0.00560473  0.69D-04  0.24D-02  1  1    34.17
   2      1.42538285    -1.23892581  -383.23855114    -0.00608546    -0.00002033  0.36D-05  0.12D-04  2  2    40.59
   3      1.42570019    -1.23906987  -383.23869520    -0.00014406    -0.00000027  0.17D-06  0.11D-06  3  3    47.63
   4      1.42571602    -1.23907231  -383.23869764    -0.00000244    -0.00000000  0.54D-08  0.75D-09  4  4    55.51
   5      1.42571711    -1.23907254  -383.23869786    -0.00000023    -0.00000000  0.10D-09  0.15D-10  5  5    64.02

 Norm of t1 vector:      0.06188963      S-energy:    -0.00388524      T1 diagnostic:  0.00079730
 Norm of t2 vector:      0.64952812      P-energy:    -1.23518730
                                         Alpha-Beta:  -0.91960525
                                         Alpha-Alpha: -0.16292131
                                         Beta-Beta:   -0.15266074

 Spin contamination <S**2-Sz**2-Sz>     0.00177494
  Reference energy                   -381.999625325004
  RHF-RMP2 correlation energy          -1.239072538396
 !RHF-RMP2 energy                    -383.238697863401

 Starting UCCSD calculation

 ITER.      SQ.NORM     CORR.ENERGY   TOTAL ENERGY   ENERGY CHANGE        DEN1      VAR(S)    VAR(P)  DIIS     TIME
   1      1.43796874    -1.24898278  -383.24860811    -1.24898278    -0.04166188  0.12D-01  0.92D-02  1  1   205.08
   2      1.49049424    -1.29082270  -383.29044802    -0.04183991    -0.00507753  0.10D-02  0.19D-02  2  2   335.14
   3      1.51802133    -1.29870319  -383.29832851    -0.00788049    -0.00137202  0.14D-02  0.21D-03  3  3   467.19
   4      1.53799819    -1.30253680  -383.30216212    -0.00383361    -0.00059251  0.57D-03  0.10D-03  4  4   604.30
   5      1.56162788    -1.30492330  -383.30454862    -0.00238650    -0.00030452  0.34D-03  0.43D-04  5  5   717.00
   6      1.58786337    -1.30653545  -383.30616077    -0.00161215    -0.00013347  0.13D-03  0.24D-04  6  6   829.75
   7      1.61520868    -1.30792140  -383.30754672    -0.00138595    -0.00004652  0.40D-04  0.99D-05  6  1   942.33
   8      1.62750671    -1.30835752  -383.30798284    -0.00043612    -0.00001707  0.12D-04  0.49D-05  6  2  1054.84
   9      1.63472125    -1.30854277  -383.30816809    -0.00018525    -0.00000471  0.33D-05  0.13D-05  6  3  1167.57
  10      1.63836140    -1.30873452  -383.30835985    -0.00019176    -0.00000153  0.11D-05  0.40D-06  6  4  1279.86
  11      1.63858191    -1.30869033  -383.30831565     0.00004420    -0.00000054  0.43D-06  0.13D-06  6  6  1391.88
  12      1.63937288    -1.30873008  -383.30835540    -0.00003975    -0.00000022  0.19D-06  0.46D-07  6  5  1503.92
  13      1.63936702    -1.30871747  -383.30834279     0.00001261    -0.00000010  0.85D-07  0.20D-07  6  2  1621.74
  14      1.63958160    -1.30872252  -383.30834784    -0.00000505    -0.00000005  0.39D-07  0.10D-07  6  1  1741.20
  15      1.63963037    -1.30872243  -383.30834776     0.00000008    -0.00000002  0.20D-07  0.36D-08  6  3  1853.48
  16      1.63964642    -1.30872186  -383.30834719     0.00000057    -0.00000001  0.10D-07  0.20D-08  6  4  1965.62
  17      1.63957203    -1.30871960  -383.30834492     0.00000226    -0.00000000  0.44D-08  0.11D-08  6  2  2076.78
  18      1.63950775    -1.30871661  -383.30834194     0.00000298    -0.00000000  0.12D-08  0.38D-09  6  6  2189.40
  19      1.63945152    -1.30871452  -383.30833985     0.00000209    -0.00000000  0.33D-09  0.16D-09  6  3  2302.14
  20      1.63941843    -1.30871269  -383.30833802     0.00000183    -0.00000000  0.59D-10  0.25D-10  6  5  2414.88
  21      1.63941012    -1.30871242  -383.30833774     0.00000028    -0.00000000  0.23D-10  0.81D-11  6  1  2531.28

 Norm of t1 vector:      0.36694423      S-energy:    -0.00696792      T1 diagnostic:  0.03529387
                                                                       D1 diagnostic:  0.20347474
 Norm of t2 vector:      0.71046608      P-energy:    -1.30174450
                                         Alpha-Beta:  -1.01811542
                                         Alpha-Alpha: -0.14535574
                                         Beta-Beta:   -0.13827334

 Singles amplitudes (print threshold =  0.500E-01):

         I         SYM. A    A   T(IA) [Beta-Beta]

        20         1         1     -0.09759090
        20         1         8      0.05072531
        21         1         1      0.17534671
        22         1         1      0.19213887
        22         1         8     -0.08557992

 Spin contamination <S**2-Sz**2-Sz>     0.02280187

 Memory could be reduced to 390.35 Mwords without degradation in triples


 RESULTS
 =======

  Reference energy                   -381.999625325004
  UCCSD singles energy                 -0.006967915722
  UCCSD pair energy                    -1.301744500863
  UCCSD correlation energy             -1.308712416584
  Triples (T) contribution             -0.054962254178
  Total correlation energy             -1.363674670763

  RHF-UCCSD energy                   -383.308337741589
  RHF-UCCSD[T] energy                -383.369421972293
  RHF-UCCSD-T energy                 -383.363190892770
 !RHF-UCCSD(T) energy                -383.363299995767

 Program statistics:

 Available memory in ccsd:             24999995438
 Min. memory needed in ccsd:              82146246
 Max. memory used in ccsd:               120154247
 Max. memory used in cckext:             107067558 (21 integral passes)
 Max. memory used in cckint:             169136318 ( 1 integral passes)



 **********************************************************************************************************************************
 DATASETS  * FILE   NREC   LENGTH (MB)   RECORD NAMES
              1      18       22.12       500      610      700      900      950      970     1000      129      960     1100   
                                          VAR    BASINP    GEOM    SYMINP    ZMAT    AOBASIS   BASIS     P2S    ABASIS      S 
                                         1400     1410     1200     1210     1080     1600     1650     1700   
                                           T        V       H0       H01     AOSYM     SMH    MOLCAS    OPER   

              2       4        4.53       700     1000      520     2100   
                                         GEOM     BASIS   MCVARS     RHF  

 PROGRAMS   *        TOTAL  UCCSD(T)       RHF       INT
 CPU TIMES  *      3791.45   3763.56      9.09     18.59
 REAL TIME  *      3937.43 SEC
 DISK USED  *        35.93 GB      
 SF USED    *         7.75 GB      
 GA USED    *         0.01 MB       (max)       0.00 MB       (current)
 **********************************************************************************************************************************

 UCCSD(T)/O=AVDZ,C=AVDZ,H=VDZ energy=   -383.363299995767

        UCCSD(T)        RHF-SCF 
   -383.36330000   -381.99962533
 **********************************************************************************************************************************
 Molpro calculation terminated
 Variable memory released

 Fortran compiler diagnostic
 ***************************

 integer size                  8
 double precision size         8
 logical size                  8

 diagnostic completed successfully
