
 Primary working directories    : /scratch/saurabh/PBS_8109677.helios
 Secondary working directories  : /scratch/saurabh/PBS_8109677.helios
 Wavefunction directory         : /scratch/saurabh/PBS_8109677.helios/
 Main file repository           : /scratch/saurabh/PBS_8109677.helios/

 SHA1      : f6387f0c468d0184d0b38d85973bdb066f718752
 NAME      : 2015.1.44
 ARCHNAME  : linux/x86_64
 FC        : /opt/may/bin/gfortran
 BLASLIB   : -Wl,-_start-group /opt/intel/mkl/lib/intel64/libmkl_gf_ilp64.a /opt/intel/mkl/lib/intel64/libmkl_gnu_thread.a /opt/intel/mkl/lib/intel64/libmkl_core.a -Wl,-_end-group
 id        : ramakrishnan

 Nodes             nprocs
 hel04.tifrh.res.in    8

 Using DEFAULT tuning parameter for ncache   :   16384
 Using DEFAULT tuning parameter for mflopdgm :   10000
 Using DEFAULT tuning parameter for mflopdgv :    4000
 Using DEFAULT tuning parameter for mflopmxm :    5000
 Using DEFAULT tuning parameter for mflopmxv :    4000
 Using DEFAULT tuning parameter for mindgm   :       1
 Using DEFAULT tuning parameter for mindgc   :       4
 Using DEFAULT tuning parameter for mindgf   :    5000
 Using DEFAULT tuning parameter for mindgl   :       4
 Using DEFAULT tuning parameter for mindgr   :       1
 Using DEFAULT tuning parameter for mindgv   :      20
 Using DEFAULT tuning parameter for mincuda  :     500
 Using DEFAULT tuning parameter for mxmblk   :      64
 Using DEFAULT tuning parameter for mxmbln   :      64
 Using DEFAULT tuning parameter for nroll    :       2
 Using custom tuning parameter for ngpus     :       0
 Using customized tuning parameters: mindgm=1; mindgv=20; mindgc=4; mindgr=1; noblas=0; minvec=7
 default implementation of scratch files=sf  

 ***,TS_02
 memory,64,g
 geometry={
 C -2.12536 -0.43528 -0.27774
 C -1.69459 0.99837 -0.41504
 C -0.55727 1.44384 0.13919
 C 0.26257 0.54944 0.92355
 C 0.15415 -0.83432 0.79582
 C -0.92285 -1.37657 -0.15341
 H -1.24713 -2.36298 0.17727
 H -0.48896 -1.51242 -1.14826
 H 0.39452 -1.42974 1.67337
 H 1.28695 -0.97712 0.14226
 H -0.27598 2.48604 0.07072
 H -2.35175 1.68778 -0.93109
 H -2.73816 -0.7285 -1.13197
 H -2.77902 -0.51917 0.60056
 O 2.23922 0.64922 -0.37198
 H 0.87748 0.97216 1.70527
 O 2.33854 -0.61033 -0.53206
  }
 basis,O=AVQZ,C=AVQZ,H=VQZ
 {rhf
 wf,61,1,1
 }
 uccsd;
 

 Fortran compiler diagnostic
 ***************************

 integer size                  8
 double precision size         8
 logical size                  8

 diagnostic completed successfully

 Variables initialized (889), CPU time= 0.01 sec
 Commands  initialized (702), CPU time= 0.02 sec, 572 directives.
 Default parameters read. Elapsed time= 0.16 sec

 Using DEFAULT tuning parameter for mpplat   :       3
 Using DEFAULT tuning parameter for mppspeed :    1600
 Checking input...
 Passed
1


                                         ***  PROGRAM SYSTEM MOLPRO  ***
                                       Copyright, TTI GmbH Stuttgart, 2015
                                    Version 2015.1 linked Jun  9 2019 06:55:40


 **********************************************************************************************************************************
 LABEL *   TS_02                                                                         
  64 bit mpp version                                                                     DATE: 03-Jul-22          TIME: 17:18:43  
 **********************************************************************************************************************************

 SHA1:             f6387f0c468d0184d0b38d85973bdb066f718752
 **********************************************************************************************************************************

Geometry recognized as XYZ


 Variable memory set to ********** words,  buffer space   230000 words

 SETTING BASIS          =    O=AVQZ,C=AVQZ,H=VQZ


 Recomputing integrals since basis changed


 Using spherical harmonics

 Library entry C      S aug-cc-pVQZ          selected for orbital group  1
 Library entry C      P aug-cc-pVQZ          selected for orbital group  1
 Library entry C      D aug-cc-pVQZ          selected for orbital group  1
 Library entry C      F aug-cc-pVQZ          selected for orbital group  1
 Library entry C      G aug-cc-pVQZ          selected for orbital group  1
 Library entry H      S cc-pVQZ              selected for orbital group  2
 Library entry H      P cc-pVQZ              selected for orbital group  2
 Library entry H      D cc-pVQZ              selected for orbital group  2
 Library entry H      F cc-pVQZ              selected for orbital group  2
 Library entry O      S aug-cc-pVQZ          selected for orbital group  3
 Library entry O      P aug-cc-pVQZ          selected for orbital group  3
 Library entry O      D aug-cc-pVQZ          selected for orbital group  3
 Library entry O      F aug-cc-pVQZ          selected for orbital group  3
 Library entry O      G aug-cc-pVQZ          selected for orbital group  3


 PROGRAM * SEWARD (Integral evaluation for generally contracted gaussian basis sets)     Author: Roland Lindh, 1990

 Geometry written to block  1 of record 700


 Point group  C1  



 ATOMIC COORDINATES

 NR  ATOM    CHARGE       X              Y              Z

   1  C       6.00   -4.016348316   -0.822559988   -0.524852534
   2  C       6.00   -3.202310993    1.886645871   -0.784311931
   3  C       6.00   -1.053087677    2.728462168    0.263030979
   4  C       6.00    0.496185389    1.038291122    1.745256562
   5  C       6.00    0.291301282   -1.576636300    1.503881844
   6  C       6.00   -1.743933754   -2.601340291   -0.289902885
   7  H       1.00   -2.356734142   -4.465385038    0.334991750
   8  H       1.00   -0.924000486   -2.858059585   -2.169896920
   9  H       1.00    0.745534751   -2.701817029    3.162211005
  10  H       1.00    2.431983036   -1.846489191    0.268832438
  11  H       1.00   -0.521526616    4.697934735    0.133641432
  12  H       1.00   -4.444163413    3.189441959   -1.759505097
  13  H       1.00   -5.174372485   -1.376665482   -2.139113281
  14  H       1.00   -5.251586695   -0.981089112    1.134893921
  15  O       8.00    4.231512533    1.226847995   -0.702940324
  16  H       1.00    1.658196880    1.837116149    3.222493268
  17  O       8.00    4.419200131   -1.153356546   -1.005447682

 Bond lengths in Bohr (Angstrom)

  1- 2  2.840734469   1- 6  2.895363302   1-13  2.062496215   1-14  2.075018947   2- 3  2.534707618
       ( 1.503251943)       ( 1.532160277)       ( 1.091425994)       ( 1.098052739)       ( 1.341309508)

  2-12  2.047065410   3- 4  2.730186418   3-11  2.044045256   4- 5  2.634024426   4-16  2.042209690
       ( 1.083260364)       ( 1.444752434)       ( 1.081662168)       ( 1.393865699)       ( 1.080690828)

  5- 6  2.899976479   5- 9  2.054851655   5-10  2.486098548   6- 7  2.059291246   6- 8  2.067020303
       ( 1.534601465)       ( 1.087380667)       ( 1.315586696)       ( 1.089729998)       ( 1.093820039)

 10-17  2.460336252  15-17  2.406680492
       ( 1.301953876)       ( 1.273560470)

 Bond angles

  1- 2- 3  121.46495047   1- 2-12  118.46516779   1- 6- 5  112.57704032   1- 6- 7  110.31475978

  1- 6- 8  108.28989120   2- 1- 6  111.61800148   2- 1-13  110.22002921   2- 1-14  108.45160742

  2- 3- 4  119.99241480   2- 3-11  120.95383221   3- 2-12  119.99118590   3- 4- 5  121.37857421

  3- 4-16  118.25784948   4- 3-11  118.89975626   4- 5- 6  117.52005255   4- 5- 9  116.90125591

  4- 5-10   94.95107405   5- 4-16  119.92499972   5- 6- 7  109.93723823   5- 6- 8  109.15223667

  5-10-17  157.24962636   6- 1-13  109.82361890   6- 1-14  110.81600973   6- 5- 9  117.44159269

  6- 5-10  104.99069948   7- 6- 8  106.35655837   9- 5-10   98.69308271  10-17-15   98.65781438

 13- 1-14  105.74022181

 NUCLEAR CHARGE:                   61
 NUMBER OF PRIMITIVE AOS:        1277
 NUMBER OF SYMMETRY AOS:         1032
 NUMBER OF CONTRACTIONS:          910   ( 910A   )
 NUMBER OF CORE ORBITALS:           8   (   8A   )
 NUMBER OF VALENCE ORBITALS:       41   (  41A   )


 NUCLEAR REPULSION ENERGY  369.95295375


 Eigenvalues of metric

         1 0.167E-05 0.287E-05 0.351E-05 0.414E-05 0.598E-05 0.636E-05 0.721E-05 0.942E-05


 Contracted 2-electron integrals neglected if value below      1.0D-12
 AO integral compression algorithm  1   Integral accuracy      1.0D-12

     272368.927 MB (compressed) written to integral file ( 38.3%)

     Node minimum: 33535.820 MB, node maximum: 35014.312 MB


 NUMBER OF SORTED TWO-ELECTRON INTEGRALS:10738555128.     BUFFER LENGTH:  32768
 NUMBER OF SEGMENTS: 169  SEGMENT LENGTH:   63999968      RECORD LENGTH: 262144

 Memory used in sort:      64.29 MW

 SORT1 READ 88891938012. AND WROTE  8457483753. INTEGRALS IN  48480 RECORDS. CPU TIME:  3736.73 SEC, REAL TIME:  4188.10 SEC
 SORT2 READ 67694240536. AND WROTE 85907404765. INTEGRALS IN1028744 RECORDS. CPU TIME:   268.92 SEC, REAL TIME: 11197.87 SEC

 Node minimum: 10738244250.  Node maximum: 10738606942. integrals

 OPERATOR DM      FOR CENTER  0  COORDINATES:    0.000000    0.000000    0.000000


 **********************************************************************************************************************************
 DATASETS  * FILE   NREC   LENGTH (MB)   RECORD NAMES
              1      18       50.29       500      610      700      900      950      970     1000      129      960     1100   
                                          VAR    BASINP    GEOM    SYMINP    ZMAT    AOBASIS   BASIS     P2S    ABASIS      S 
                                         1400     1410     1200     1210     1080     1600     1650     1700   
                                           T        V       H0       H01     AOSYM     SMH    MOLCAS    OPER   

 PROGRAMS   *        TOTAL       INT
 CPU TIMES  *      4660.30   4660.11
 REAL TIME  *     16240.84 SEC
 DISK USED  *      1083.35 GB      
 GA USED    *         0.02 MB       (max)       0.00 MB       (current)
 **********************************************************************************************************************************


 PROGRAM * RHF-SCF (OPEN SHELL)       Authors: W. Meyer, H.-J. Werner


 NUMBER OF ELECTRONS:      31+   30-    SPACE SYMMETRY=1    SPIN SYMMETRY: Doublet 
 CONVERGENCE THRESHOLDS:    1.00E-05 (Density)    1.22E-07 (Energy)
 MAX. NUMBER OF ITERATIONS:       60
 INTERPOLATION TYPE:            DIIS
 INTERPOLATION STEPS:              2 (START)      1 (STEP)
 LEVEL SHIFTS:                 -0.60 (CLOSED) -0.30 (OPEN) 



 Orbital guess generated from atomic densities. Full valence occupancy:   49

 Molecular orbital dump at record        2100.2

 Initial alpha occupancy:  31
 Initial beta  occupancy:  30
 Wave function symmetry:    1

 ITERATION    DDIFF          GRAD             ENERGY        2-EL.EN.            DIPOLE MOMENTS         DIIS   ORB.
    1      0.000D+00      0.000D+00      -381.97596112   1005.410137   -1.10656   -0.58968    0.40394    0    start
    2      0.000D+00      0.174D-02      -382.06329090   1004.527925   -1.52095   -0.16684    0.58257    1    diag,B
    3      0.105D-02      0.674D-03      -382.08093762   1004.553527   -1.56384   -0.16507    0.57727    2    diag,B
    4      0.418D-03      0.341D-03      -382.08996802   1004.637956   -1.68080   -0.04340    0.63328    3    diag,B
    5      0.338D-03      0.176D-03      -382.09265049   1004.662247   -1.75179   -0.01951    0.66004    4    diag,B
    6      0.169D-03      0.998D-04      -382.09439640   1004.662338   -1.83223    0.03316    0.69102    5    diag,B
    7      0.170D-03      0.675D-04      -382.09542351   1004.677090   -1.89712    0.07448    0.71144    6    fixocc
    8      0.129D-03      0.443D-04      -382.09604298   1004.694664   -1.93782    0.10905    0.72041    7    diag,B
    9      0.848D-04      0.329D-04      -382.09648483   1004.714793   -1.95687    0.13544    0.72143    8    diag,B
   10      0.742D-04      0.240D-04      -382.09681289   1004.721584   -1.96140    0.15936    0.71808    9    orth
   11      0.782D-04      0.128D-04      -382.09689076   1004.721100   -1.95306    0.16786    0.71559    9    diag,B
   12      0.508D-04      0.693D-05      -382.09690674   1004.716601   -1.94757    0.17051    0.71497    9    diag,B
   13      0.252D-04      0.354D-05      -382.09690919   1004.715141   -1.94270    0.16936    0.71519    9    diag,B
   14      0.156D-04      0.227D-05      -382.09691058   1004.713845   -1.94016    0.16960    0.71539    9    diag,B
   15      0.116D-04      0.966D-06      -382.09691069   1004.713623   -1.93913    0.16908    0.71563    9    diag,B
   16      0.545D-05      0.520D-06      -382.09691073   1004.713594   -1.93912    0.16913    0.71567    0    orth

 Final alpha occupancy:  31
 Final beta  occupancy:  30

 !RHF STATE 1.1 Energy               -382.096910726177
 Nuclear energy                       369.95295375
 One-electron energy                -1254.40666156
 Two-electron energy                  502.35679709
 Virial quotient                       -1.00082365
 !RHF STATE 1.1 Dipole moment          -1.93911551     0.16912570     0.71566724
 Dipole moment /Debye                  -4.92841721     0.42984649     1.81892555

 Orbital energies:

         1.1          2.1          3.1          4.1          5.1          6.1          7.1          8.1          9.1         10.1
    -20.611455   -20.579589   -11.303975   -11.272057   -11.247818   -11.247123   -11.239901   -11.225971    -1.494368    -1.160446

        11.1         12.1         13.1         14.1         15.1         16.1         17.1         18.1         19.1         20.1
     -1.048383    -1.040192    -1.025700    -0.868079    -0.844494    -0.719920    -0.701342    -0.692564    -0.628138    -0.616122

        21.1         22.1         23.1         24.1         25.1         26.1         27.1         28.1         29.1         30.1
     -0.608512    -0.595378    -0.572790    -0.563705    -0.537837    -0.496859    -0.481402    -0.440417    -0.421043    -0.327149

        31.1         32.1         33.1
     -0.467598     0.033279     0.042385

 HOMO     31.1    -0.467598 =     -12.7240eV
 LUMO     32.1     0.033279 =       0.9056eV
 LUMO-HOMO         0.500877 =      13.6296eV


 **********************************************************************************************************************************
 DATASETS  * FILE   NREC   LENGTH (MB)   RECORD NAMES
              1      18       50.29       500      610      700      900      950      970     1000      129      960     1100   
                                          VAR    BASINP    GEOM    SYMINP    ZMAT    AOBASIS   BASIS     P2S    ABASIS      S 
                                         1400     1410     1200     1210     1080     1600     1650     1700   
                                           T        V       H0       H01     AOSYM     SMH    MOLCAS    OPER   

              2       4       26.40       700     1000      520     2100   
                                         GEOM     BASIS   MCVARS     RHF  

 PROGRAMS   *        TOTAL       RHF       INT
 CPU TIMES  *      9274.36   4614.05   4660.11
 REAL TIME  *     35212.16 SEC
 DISK USED  *      1084.92 GB      
 SF USED    *         3.32 MB      
 GA USED    *         0.02 MB       (max)       0.00 MB       (current)
 **********************************************************************************************************************************


 PROGRAM * CCSD (Unrestricted open-shell coupled cluster)     Authors: C. Hampel, H.-J. Werner, 1991, M. Deegan, P.J. Knowles, 1992


 Convergence thresholds:  THRVAR = 1.00D-08  THRDEN = 1.22D-06

 Number of core orbitals:           8 (   8 )
 Number of closed-shell orbitals:  22 (  22 )
 Number of active  orbitals:        1 (   1 )
 Number of external orbitals:     879 ( 879 )

 Number of N-1 electron functions:              45
 Number of N-2 electron functions:             990
 Number of singly external CSFs:             39600
 Number of doubly external CSFs:         579038240
 Total number of CSFs:                   579077840

 Molecular orbitals read from record     2100.2  Type=RHF/CANONICAL (state 1.1)

 Integral transformation finished. Total CPU:5759.89 sec, npass=  1  Memory used:9437.98 MW

 Starting RMP2 calculation

 ITER.      SQ.NORM     CORR.ENERGY   TOTAL ENERGY   ENERGY CHANGE        DEN1      VAR(S)    VAR(P)  DIIS     TIME
   1      1.46762927    -1.58448621  -383.68139694    -1.58448621    -0.00588476  0.46D-04  0.25D-02  1  1  6270.48
   2      1.47376329    -1.59084823  -383.68775895    -0.00636201    -0.00001512  0.14D-05  0.86D-05  2  2  6466.12
   3      1.47402469    -1.59098268  -383.68789340    -0.00013445    -0.00000012  0.52D-07  0.49D-07  3  3  6700.51
   4      1.47403325    -1.59098399  -383.68789472    -0.00000131    -0.00000000  0.12D-08  0.32D-09  4  4  6963.27
   5      1.47403339    -1.59098399  -383.68789472     0.00000000    -0.00000000  0.25D-10  0.52D-11  5  5  7241.86

 Norm of t1 vector:      0.05734994      S-energy:    -0.00570812      T1 diagnostic:  0.00072266
 Norm of t2 vector:      0.68610814      P-energy:    -1.58527587
                                         Alpha-Beta:  -1.20179464
                                         Alpha-Alpha: -0.19373871
                                         Beta-Beta:   -0.18974252

 Spin contamination <S**2-Sz**2-Sz>     0.00148708
  Reference energy                   -382.096910726179
  RHF-RMP2 correlation energy          -1.590983989111
 !RHF-RMP2 energy                    -383.687894715290

 Starting UCCSD calculation

 ITER.      SQ.NORM     CORR.ENERGY   TOTAL ENERGY   ENERGY CHANGE        DEN1      VAR(S)    VAR(P)  DIIS     TIME
   1      1.46170281    -1.55525357  -383.65216430    -1.55525357    -0.04744766  0.15D-01  0.86D-02  1  1 15525.02
   2      1.50418766    -1.59560224  -383.69251297    -0.04034867    -0.00655888  0.11D-02  0.21D-02  2  2 23900.16
   3      1.53541403    -1.60553758  -383.70244831    -0.00993534    -0.00157739  0.16D-02  0.19D-03  3  3 32357.19
   4      1.55331161    -1.60963581  -383.70654654    -0.00409823    -0.00062439  0.56D-03  0.91D-04  4  4 40992.14
   5      1.57712241    -1.61248401  -383.70939473    -0.00284819    -0.00020590  0.22D-03  0.23D-04  5  5 49505.30
   6      1.59238696    -1.61379539  -383.71070612    -0.00131139    -0.00004519  0.36D-04  0.85D-05  6  6 58121.67
   7      1.60024236    -1.61422794  -383.71113866    -0.00043254    -0.00000975  0.59D-05  0.27D-05  6  1 66703.83
   8      1.60204464    -1.61436909  -383.71127982    -0.00014116    -0.00000251  0.18D-05  0.60D-06  6  2 75293.69
   9      1.60215565    -1.61435118  -383.71126190     0.00001792    -0.00000093  0.92D-06  0.16D-06  6  3 83984.40
  10      1.60290435    -1.61442268  -383.71133340    -0.00007150    -0.00000043  0.45D-06  0.71D-07  6  4 92705.84
  11      1.60285858    -1.61441318  -383.71132390     0.00000950    -0.00000020  0.21D-06  0.33D-07  6  6101206.39
  12      1.60315966    -1.61442977  -383.71134050    -0.00001659    -0.00000008  0.77D-07  0.13D-07  6  5110081.44
  13      1.60316314    -1.61442212  -383.71133285     0.00000765    -0.00000003  0.22D-07  0.56D-08  6  2118841.73
  14      1.60316563    -1.61441932  -383.71133005     0.00000280    -0.00000001  0.71D-08  0.19D-08  6  1127489.81
  15      1.60313655    -1.61441524  -383.71132597     0.00000408    -0.00000000  0.27D-08  0.53D-09  6  6136363.23
  16      1.60313077    -1.61441503  -383.71132575     0.00000021    -0.00000000  0.17D-08  0.20D-09  6  3145009.80

 Norm of t1 vector:      0.29918503      S-energy:    -0.00592152      T1 diagnostic:  0.03047604
                                                                       D1 diagnostic:  0.14848338
 Norm of t2 vector:      0.71667223      P-energy:    -1.60849350
                                         Alpha-Beta:  -1.26226431
                                         Alpha-Alpha: -0.17395817
                                         Beta-Beta:   -0.17227102

 Singles amplitudes (print threshold =  0.500E-01):

         I         SYM. A    A   T(IA) [Alpha-Alpha]

        22         1         5      0.06923268

         I         SYM. A    A   T(IA) [Beta-Beta]

        16         1         1      0.16364835
        21         1         5      0.06220107
        22         1         5      0.10946369
        22         1         6      0.06409178

 Spin contamination <S**2-Sz**2-Sz>     0.00572129


 RESULTS
 =======

  Reference energy                   -382.096910726179
  UCCSD singles energy                 -0.005921522837
  UCCSD pair energy                    -1.608493504775
  UCCSD correlation energy             -1.614415027611

 !RHF-UCCSD energy                   -383.711325753790

 Program statistics:

 Available memory in ccsd:             63999995438
 Min. memory needed in ccsd:            1578237965
 Max. memory used in ccsd:              2325867215
 Max. memory used in cckext:            1664539485 (16 integral passes)
 Max. memory used in cckint:            9437981417 ( 1 integral passes)



 **********************************************************************************************************************************
 DATASETS  * FILE   NREC   LENGTH (MB)   RECORD NAMES
              1      18       50.29       500      610      700      900      950      970     1000      129      960     1100   
                                          VAR    BASINP    GEOM    SYMINP    ZMAT    AOBASIS   BASIS     P2S    ABASIS      S 
                                         1400     1410     1200     1210     1080     1600     1650     1700   
                                           T        V       H0       H01     AOSYM     SMH    MOLCAS    OPER   

              2       4       26.40       700     1000      520     2100   
                                         GEOM     BASIS   MCVARS     RHF  

 PROGRAMS   *        TOTAL     UCCSD       RHF       INT
 CPU TIMES  *    154301.46 145026.99   4614.05   4660.11
 REAL TIME  *    264298.20 SEC
 DISK USED  *      1672.79 GB      
 SF USED    *       185.13 GB      
 GA USED    *         0.02 MB       (max)       0.00 MB       (current)
 **********************************************************************************************************************************

 UCCSD/O=AVQZ,C=AVQZ,H=VQZ energy=   -383.711325753790

        UCCSD           RHF-SCF 
   -383.71132575   -382.09691073
 **********************************************************************************************************************************
 Molpro calculation terminated
 Variable memory released

 Fortran compiler diagnostic
 ***************************

 integer size                  8
 double precision size         8
 logical size                  8

 diagnostic completed successfully
