
 Primary working directories    : /scratch/saurabh/PBS_8109703.helios
 Secondary working directories  : /scratch/saurabh/PBS_8109703.helios
 Wavefunction directory         : /scratch/saurabh/PBS_8109703.helios/
 Main file repository           : /scratch/saurabh/PBS_8109703.helios/

 SHA1      : f6387f0c468d0184d0b38d85973bdb066f718752
 NAME      : 2015.1.44
 ARCHNAME  : linux/x86_64
 FC        : /opt/may/bin/gfortran
 BLASLIB   : -Wl,-_start-group /opt/intel/mkl/lib/intel64/libmkl_gf_ilp64.a /opt/intel/mkl/lib/intel64/libmkl_gnu_thread.a /opt/intel/mkl/lib/intel64/libmkl_core.a -Wl,-_end-group
 id        : ramakrishnan

 Nodes             nprocs
 hel07.tifrh.res.in    8

 Using DEFAULT tuning parameter for ncache   :   16384
 Using DEFAULT tuning parameter for mflopdgm :   10000
 Using DEFAULT tuning parameter for mflopdgv :    4000
 Using DEFAULT tuning parameter for mflopmxm :    5000
 Using DEFAULT tuning parameter for mflopmxv :    4000
 Using DEFAULT tuning parameter for mindgm   :       1
 Using DEFAULT tuning parameter for mindgc   :       4
 Using DEFAULT tuning parameter for mindgf   :    5000
 Using DEFAULT tuning parameter for mindgl   :       4
 Using DEFAULT tuning parameter for mindgr   :       1
 Using DEFAULT tuning parameter for mindgv   :      20
 Using DEFAULT tuning parameter for mincuda  :     500
 Using DEFAULT tuning parameter for mxmblk   :      64
 Using DEFAULT tuning parameter for mxmbln   :      64
 Using DEFAULT tuning parameter for nroll    :       2
 Using custom tuning parameter for ngpus     :       0
 Using customized tuning parameters: mindgm=1; mindgv=20; mindgc=4; mindgr=1; noblas=0; minvec=7
 default implementation of scratch files=sf  

 ***,TS_03
 memory,64,g
 geometry={
 C -2.29907 -0.19609 -0.21397
 C -1.65526 1.16148 -0.16544
 C -0.40886 1.34772 0.27242
 C 0.41618 0.22407 0.73271
 C -0.09413 -1.06285 0.62565
 C -1.26108 -1.32811 -0.27079
 H -1.72416 -2.28703 -0.03546
 H -0.88954 -1.41116 -1.30216
 H 0.43655 -1.89169 1.07471
 H 3.13575 -0.9688 -0.44163
 H 0.02724 2.33644 0.30742
 H -2.25379 2.01351 -0.46552
 H -2.96964 -0.26383 -1.07261
 H -2.93629 -0.31431 0.67164
 O 1.73624 0.25514 -0.64984
 H 1.15899 0.43037 1.49008
 O 2.99229 -0.07026 -0.11391
  }
 basis={
                                                                            ! oxygen               (10s,5p,4d,2f) -&gt; [10s,5p,4d,2f]
 s, O , 0.1533000000E+05, 0.2299000000E+04, 0.5224000000E+03, 0.1473000000E+03, 0.4755000000E+02, 0.1676000000E+02, 0.6207000000E+01, 0.1752000000E+01, 0.6882000000E+00, 0.2384000000E+00
 c, 1.1, 0.1000000000E+01
 c, 2.2, 0.1000000000E+01
 c, 3.3, 0.1000000000E+01
 c, 4.4, 0.1000000000E+01
 c, 5.5, 0.1000000000E+01
 c, 6.6, 0.1000000000E+01
 c, 7.7, 0.1000000000E+01
 c, 8.8, 0.1000000000E+01
 c, 9.9, 0.1000000000E+01
 c, 10.10, 0.1000000000E+01
 p, O , 0.3446000000E+02, 0.7749000000E+01, 0.2280000000E+01, 0.7156000000E+00, 0.2140000000E+00
 c, 1.1, 0.1000000000E+01
 c, 2.2, 0.1000000000E+01
 c, 3.3, 0.1000000000E+01
 c, 4.4, 0.1000000000E+01
 c, 5.5, 0.1000000000E+01
 d, O , 0.2100000000E+02, 0.7000000000E+01, 0.2314000000E+01, 0.6450000000E+00
 c, 1.1, 0.1000000000E+01
 c, 2.2, 0.1000000000E+01
 c, 3.3, 0.1000000000E+01
 c, 4.4, 0.1000000000E+01
 f, O , 0.4300000000E+01, 0.1428000000E+01
 c, 1.1, 0.1000000000E+01
 c, 2.2, 0.1000000000E+01
                                                                                 ! hydrogen             (5s,2p,1d) -&gt; [5s,2p,1d]
 s, H , 0.3387000000E+02, 0.5095000000E+01, 0.1159000000E+01, 0.3258000000E+00, 0.1027000000E+00
 c, 1.1, 0.1000000000E+01
 c, 2.2, 0.1000000000E+01
 c, 3.3, 0.1000000000E+01
 c, 4.4, 0.1000000000E+01
 c, 5.5, 0.1000000000E+01
 p, H , 0.1407000000E+01, 0.3880000000E+00
 c, 1.1, 0.1000000000E+01
 c, 2.2, 0.1000000000E+01
 d, H , 0.1057000000E+01
 c, 1.1, 0.1000000000E+01
                                                                            ! carbon               (10s,5p,4d,2f) -&gt; [10s,5p,4d,2f]
 s, C , 0.8236000000E+04, 0.1235000000E+04, 0.2808000000E+03, 0.7927000000E+02, 0.2559000000E+02, 0.8997000000E+01, 0.3319000000E+01, 0.9059000000E+00, 0.3643000000E+00, 0.1285000000E+00
 c, 1.1, 0.1000000000E+01
 c, 2.2, 0.1000000000E+01
 c, 3.3, 0.1000000000E+01
 c, 4.4, 0.1000000000E+01
 c, 5.5, 0.1000000000E+01
 c, 6.6, 0.1000000000E+01
 c, 7.7, 0.1000000000E+01
 c, 8.8, 0.1000000000E+01
 c, 9.9, 0.1000000000E+01
 c, 10.10, 0.1000000000E+01
 p, C , 0.1871000000E+02, 0.4133000000E+01, 0.1200000000E+01, 0.3827000000E+00, 0.1209000000E+00
 c, 1.1, 0.1000000000E+01
 c, 2.2, 0.1000000000E+01
 c, 3.3, 0.1000000000E+01
 c, 4.4, 0.1000000000E+01
 c, 5.5, 0.1000000000E+01
 d, C , 0.1000000000E+02, 0.3300000000E+01, 0.1097000000E+01, 0.3180000000E+00
 c, 1.1, 0.1000000000E+01
 c, 2.2, 0.1000000000E+01
 c, 3.3, 0.1000000000E+01
 c, 4.4, 0.1000000000E+01
 f, C , 0.2300000000E+01, 0.7610000000E+00
 c, 1.1, 0.1000000000E+01
 c, 2.2, 0.1000000000E+01
 }
 DKROLL=1
 DKHO=2
 {rhf
 wf,61,1,1
 }
 {uccsd(t)
 core}
 

 Fortran compiler diagnostic
 ***************************

 integer size                  8
 double precision size         8
 logical size                  8

 diagnostic completed successfully

 Variables initialized (889), CPU time= 0.01 sec
 Commands  initialized (702), CPU time= 0.02 sec, 572 directives.
 Default parameters read. Elapsed time= 0.11 sec

 Using DEFAULT tuning parameter for mpplat   :       3
 Using DEFAULT tuning parameter for mppspeed :    1600
 Checking input...
 Passed
1


                                         ***  PROGRAM SYSTEM MOLPRO  ***
                                       Copyright, TTI GmbH Stuttgart, 2015
                                    Version 2015.1 linked Jun  9 2019 06:55:40


 **********************************************************************************************************************************
 LABEL *   TS_03                                                                         
  64 bit mpp version                                                                     DATE: 03-Dec-21          TIME: 03:41:48  
 **********************************************************************************************************************************

 SHA1:             f6387f0c468d0184d0b38d85973bdb066f718752
 **********************************************************************************************************************************

Geometry recognized as XYZ


 Variable memory set to ********** words,  buffer space   230000 words

 SETTING BASIS          =    USERDEF
 SETTING DKROLL         =         1.00000000                                  
 SETTING DKHO           =         2.00000000                                  


 Recomputing integrals since basis changed


 Using spherical harmonics



 PROGRAM * SEWARD (Integral evaluation for generally contracted gaussian basis sets)     Author: Roland Lindh, 1990

 Geometry written to block  1 of record 700


 Point group  C1  



 ATOMIC COORDINATES

 NR  ATOM    CHARGE       X              Y              Z

   1  C       6.00   -4.344612641   -0.370556396   -0.404344699
   2  C       6.00   -3.127988065    2.194879099   -0.312636290
   3  C       6.00   -0.772633423    2.546821693    0.514799191
   4  C       6.00    0.786466219    0.423430933    1.384621229
   5  C       6.00   -0.177879920   -2.008495411    1.182307150
   6  C       6.00   -2.383095821   -2.509764163   -0.511718937
   7  H       1.00   -3.258190195   -4.321860339   -0.067009688
   8  H       1.00   -1.680986977   -2.666705918   -2.460725770
   9  H       1.00    0.824959940   -3.574776013    2.030907563
  10  H       1.00    5.925708695   -1.830766669   -0.834559748
  11  H       1.00    0.051476140    4.415231706    0.580939605
  12  H       1.00   -4.259045842    3.804982449   -0.879705306
  13  H       1.00   -5.611806289   -0.498566443   -2.026939138
  14  H       1.00   -5.548783922   -0.593959818    1.269215654
  15  O       8.00    3.281018087    0.482144723   -1.228019625
  16  H       1.00    2.190173681    0.813281432    2.815843104
  17  O       8.00    5.654608585   -0.132772158   -0.215258703

 Bond lengths in Bohr (Angstrom)

  1- 2  2.840782475   1- 6  2.904356613   1-13  2.062760051   1-14  2.073822996   2- 3  2.521152227
       ( 1.503277347)       ( 1.536919332)       ( 1.091565611)       ( 1.097419869)       ( 1.334136304)

  2-12  2.047752857   3- 4  2.774197251   3-11  2.043156163   4- 5  2.623958880   4-15  3.612772974
       ( 1.083624145)       ( 1.468041964)       ( 1.081191680)       ( 1.388539242)       ( 1.911797126)

  4-16  2.042247318   5- 6  2.825592312   5- 9  2.044271354   6- 7  2.060885496   6- 8  2.077550283
       ( 1.080710740)       ( 1.495239059)       ( 1.081781813)       ( 1.090573639)       ( 1.099392264)

 10-17  1.827625349  15-17  2.652873784
       ( 0.967137685)       ( 1.403840350)

 Bond angles

  1- 2- 3  122.46384078   1- 2-12  117.68275826   1- 6- 5  111.97843501   1- 6- 7  110.66365156

  1- 6- 8  108.57614589   2- 1- 6  112.15490547   2- 1-13  110.15322234   2- 1-14  108.65740512

  2- 3- 4  121.40586176   2- 3-11  121.00458959   3- 2-12  119.81106896   3- 4- 5  118.59875623

  3- 4-15   98.56141101   3- 4-16  117.38082763   4- 3-11  117.58800736   4- 5- 6  119.83279689

  4- 5- 9  119.85541152   4-15-17  109.75183038   5- 4-15  102.30214326   5- 4-16  118.91836160

  5- 6- 7  110.97801625   5- 6- 8  108.18493857   6- 1-13  109.88317779   6- 1-14  110.03811078

  6- 5- 9  119.72278865   7- 6- 8  106.23111802  10-17-15  102.63322415  13- 1-14  105.74757714

 15- 4-16   91.66795549

 NUCLEAR CHARGE:                   61
 NUMBER OF PRIMITIVE AOS:         705
 NUMBER OF SYMMETRY AOS:          616
 NUMBER OF CONTRACTIONS:          616   ( 616A   )
 NUMBER OF CORE ORBITALS:           8   (   8A   )
 NUMBER OF VALENCE ORBITALS:       41   (  41A   )


 NUCLEAR REPULSION ENERGY  366.06437395

 One-electron integrals computed with SEWARD

 2nd-order Douglas-Kroll-Hess method activated. Optimal DKH parametrization is used.

 Computing Douglas-Kroll / X2C integrals

 AO integral compression algorithm  1   Integral accuracy      1.0D-11

     23192.928 MB (compressed) written to integral file ( 15.9%)

     Node minimum: 2726.822 MB, node maximum: 3107.455 MB


 NUMBER OF SORTED TWO-ELECTRON INTEGRALS: 2257105080.     BUFFER LENGTH:  32768
 NUMBER OF SEGMENTS:  71  SEGMENT LENGTH:   31996696      RECORD LENGTH: 262144

 Memory used in sort:      32.29 MW

 SORT1 READ 18204584452. AND WROTE   752105883. INTEGRALS IN   4337 RECORDS. CPU TIME:   470.97 SEC, REAL TIME:   488.26 SEC
 SORT2 READ  6027593727. AND WROTE 18056935666. INTEGRALS IN  94832 RECORDS. CPU TIME:    40.84 SEC, REAL TIME:   768.45 SEC

 Node minimum:  2257033818.  Node maximum:  2257200100. integrals

 OPERATOR DM      FOR CENTER  0  COORDINATES:    0.000000    0.000000    0.000000


 Eigenvalues of metric

         1 0.969E-04 0.286E-03 0.417E-03 0.482E-03 0.554E-03 0.655E-03 0.705E-03 0.767E-03


 **********************************************************************************************************************************
 DATASETS  * FILE   NREC   LENGTH (MB)   RECORD NAMES
              1      22       44.66       500      610      700      900      950      970     1000      129      960     1700   
                                          VAR    BASINP    GEOM    SYMINP    ZMAT    AOBASIS   BASIS     P2S    ABASIS    OPER   
                                         1101     1401     1411     1412     1650     1100     1400     1410     1200     1210   
                                          SR      EKINR    POTR     PVPR    MOLCAS      S      EKIN      POT      H0       H01  
                                         1080     1600   
                                         AOSYM     SMH  

 PROGRAMS   *        TOTAL       INT
 CPU TIMES  *       611.45    611.26
 REAL TIME  *      1419.47 SEC
 DISK USED  *        94.95 GB      
 GA USED    *         0.01 MB       (max)       0.00 MB       (current)
 **********************************************************************************************************************************


 PROGRAM * RHF-SCF (OPEN SHELL)       Authors: W. Meyer, H.-J. Werner


 NUMBER OF ELECTRONS:      31+   30-    SPACE SYMMETRY=1    SPIN SYMMETRY: Doublet 
 CONVERGENCE THRESHOLDS:    1.00E-05 (Density)    1.22E-07 (Energy)
 MAX. NUMBER OF ITERATIONS:       60
 INTERPOLATION TYPE:            DIIS
 INTERPOLATION STEPS:              2 (START)      1 (STEP)
 LEVEL SHIFTS:                 -0.60 (CLOSED) -0.30 (OPEN) 



 Orbital guess generated from atomic densities. Full valence occupancy:   31

 Molecular orbital dump at record        2100.2

 Initial alpha occupancy:  31
 Initial beta  occupancy:  30
 Wave function symmetry:    1

 ITERATION    DDIFF          GRAD             ENERGY        2-EL.EN.            DIPOLE MOMENTS         DIIS   ORB.
    1      0.000D+00      0.000D+00      -382.16671589   1001.140141   -1.36265   -1.35641    0.32120    0    start
    2      0.000D+00      0.199D-02      -382.24661576    998.211114   -1.22866   -0.95855    0.28276    1    diag,B
    3      0.514D-03      0.732D-03      -382.26582758    998.373777   -1.19351   -0.87926    0.34226    2    diag,B
    4      0.299D-03      0.328D-03      -382.27221416    998.279139   -1.18926   -0.82919    0.35924    3    diag,B
    5      0.243D-03      0.123D-03      -382.27345363    998.287172   -1.20764   -0.82467    0.38744    4    diag,B
    6      0.120D-03      0.655D-04      -382.27401720    998.270028   -1.22803   -0.82012    0.40033    5    diag,B
    7      0.773D-04      0.441D-04      -382.27451448    998.267480   -1.25548   -0.81775    0.41866    6    fixocc
    8      0.539D-04      0.411D-04      -382.27475583    998.268843   -1.27006   -0.81644    0.42685    7    diag,B
    9      0.202D-04      0.409D-04      -382.27505659    998.272656   -1.28955   -0.81498    0.43689    8    diag,B
   10      0.242D-04      0.411D-04      -382.27459315    998.266710   -1.25708   -0.81729    0.42092    9    orth
   11      0.377D-04      0.404D-04      -382.27164530    998.159976   -0.84004   -0.85130    0.21005    9    diag,B
   12      0.412D-03      0.844D-04      -382.27209159    998.202593   -0.97960   -0.83163    0.28343    9    diag,B
   13      0.137D-03      0.383D-04      -382.27228092    998.218977   -1.00411   -0.82402    0.30211    9    diag,B
   14      0.316D-04      0.244D-04      -382.27189652    998.158096   -0.78538   -0.83217    0.19376    9    diag,B
   15      0.200D-03      0.604D-04      -382.27187119    998.155517   -0.78132   -0.83603    0.19064    9    diag,B
   16      0.741D-05      0.667D-04      -382.27205373    998.211559   -0.92627   -0.79752    0.27385    9    diag,B
   17      0.153D-03      0.232D-04      -382.27198578    998.180598   -0.84111   -0.80072    0.22819    9    diag,B
   18      0.795D-04      0.593D-05      -382.27198288    998.189376   -0.86299   -0.79708    0.24023    9    diag,B
   19      0.208D-04      0.535D-05      -382.27198367    998.185861   -0.85458   -0.79900    0.23487    9    diag,B
   20      0.953D-05      0.116D-05      -382.27198345    998.186822   -0.85819   -0.79866    0.23649    9    orth
   21      0.325D-05      0.480D-06      -382.27198345    998.187088   -0.85931   -0.79885    0.23682    9    diag,B
   22      0.111D-05      0.304D-06      -382.27198345    998.187193   -0.85921   -0.79879    0.23678    0    orth

 Final alpha occupancy:  31
 Final beta  occupancy:  30

 !RHF STATE 1.1 Energy               -382.271983452315
 Nuclear energy                       366.06437395
 One-electron energy                -1247.42995388
 Two-electron energy                  499.09359648
 Virial quotient                       -0.99752753
 !RHF STATE 1.1 Dipole moment          -0.85920944    -0.79878857     0.23677576
 Dipole moment /Debye                  -2.18374954    -2.03018506     0.60178453

 Orbital energies:

         1.1          2.1          3.1          4.1          5.1          6.1          7.1          8.1          9.1         10.1
    -20.616320   -20.615718   -11.272688   -11.254914   -11.241581   -11.241418   -11.240229   -11.231978    -1.444244    -1.156363

        11.1         12.1         13.1         14.1         15.1         16.1         17.1         18.1         19.1         20.1
     -1.116766    -1.020530    -1.013265    -0.858607    -0.818312    -0.703037    -0.687945    -0.684674    -0.620656    -0.605394

        21.1         22.1         23.1         24.1         25.1         26.1         27.1         28.1         29.1         30.1
     -0.588252    -0.583727    -0.575466    -0.553323    -0.523283    -0.489554    -0.467835    -0.455402    -0.421200    -0.341751

        31.1         32.1         33.1
     -0.353955     0.110651     0.133672

 HOMO     31.1    -0.353955 =      -9.6316eV
 LUMO     32.1     0.110651 =       3.0110eV
 LUMO-HOMO         0.464606 =      12.6426eV


 **********************************************************************************************************************************
 DATASETS  * FILE   NREC   LENGTH (MB)   RECORD NAMES
              1      22       44.66       500      610      700      900      950      970     1000      129      960     1700   
                                          VAR    BASINP    GEOM    SYMINP    ZMAT    AOBASIS   BASIS     P2S    ABASIS    OPER   
                                         1101     1401     1411     1412     1650     1100     1400     1410     1200     1210   
                                          SR      EKINR    POTR     PVPR    MOLCAS      S      EKIN      POT      H0       H01  
                                         1080     1600   
                                         AOSYM     SMH  

              2       4       13.75       700     1000      520     2100   
                                         GEOM     BASIS   MCVARS     RHF  

 PROGRAMS   *        TOTAL       RHF       INT
 CPU TIMES  *      1069.39    457.94    611.26
 REAL TIME  *      1942.97 SEC
 DISK USED  *        95.86 GB      
 SF USED    *         1.52 MB      
 GA USED    *         0.01 MB       (max)       0.00 MB       (current)
 **********************************************************************************************************************************


 PROGRAM * CCSD (Unrestricted open-shell coupled cluster)     Authors: C. Hampel, H.-J. Werner, 1991, M. Deegan, P.J. Knowles, 1992


 Convergence thresholds:  THRVAR = 1.00D-08  THRDEN = 1.22D-06

 CCSD(T)     terms to be evaluated (factor= 1.000)


 Number of closed-shell orbitals:  30 (  30 )
 Number of active  orbitals:        1 (   1 )
 Number of external orbitals:     585 ( 585 )

 Memory could be reduced to 9182.15 Mwords without degradation in triples

 Number of N-1 electron functions:              61
 Number of N-2 electron functions:            1830
 Number of singly external CSFs:             35746
 Number of doubly external CSFs:         473622780
 Total number of CSFs:                   473658526

 Molecular orbitals read from record     2100.2  Type=RHF/CANONICAL (state 1.1)

 Integral transformation finished. Total CPU:1499.35 sec, npass=  1  Memory used:4052.58 MW

 Starting RMP2 calculation

 ITER.      SQ.NORM     CORR.ENERGY   TOTAL ENERGY   ENERGY CHANGE        DEN1      VAR(S)    VAR(P)  DIIS     TIME
   1      1.47209829    -1.92167840  -384.19366185    -1.92167840    -0.00606327  0.22D-03  0.25D-02  1  1  1658.54
   2      1.47899232    -1.92825604  -384.20023950    -0.00657764    -0.00003207  0.12D-04  0.16D-04  2  2  1817.06
   3      1.47951191    -1.92847205  -384.20045550    -0.00021600    -0.00000064  0.55D-06  0.20D-06  3  3  2001.21
   4      1.47955540    -1.92847835  -384.20046180    -0.00000630    -0.00000001  0.15D-07  0.17D-08  4  4  2183.86
   5      1.47955849    -1.92847905  -384.20046250    -0.00000070    -0.00000000  0.32D-09  0.41D-10  5  5  2384.63

 Norm of t1 vector:      0.10556720      S-energy:    -0.00951576      T1 diagnostic:  0.00118741
 Norm of t2 vector:      0.68440781      P-energy:    -1.91896329
                                         Alpha-Beta:  -1.50407391
                                         Alpha-Alpha: -0.21127120
                                         Beta-Beta:   -0.20361817

 Spin contamination <S**2-Sz**2-Sz>     0.00492245
  Reference energy                   -382.271983452322
  RHF-RMP2 correlation energy          -1.928479045584
 !RHF-RMP2 energy                    -384.200462497906

 Starting UCCSD calculation

 ITER.      SQ.NORM     CORR.ENERGY   TOTAL ENERGY   ENERGY CHANGE        DEN1      VAR(S)    VAR(P)  DIIS     TIME
   1      1.46198571    -1.91256688  -384.18455034    -1.91256688    -0.04900982  0.91D-02  0.92D-02  0  0  6969.56
   2      1.50447721    -1.95701383  -384.22899729    -0.04444695    -0.00534612  0.85D-03  0.18D-02  1  1 11744.76
   3      1.51881013    -1.96168880  -384.23367225    -0.00467496    -0.00120215  0.61D-03  0.28D-03  2  2 16662.21
   4      1.53347436    -1.96827567  -384.24025912    -0.00658687    -0.00022723  0.13D-03  0.57D-04  3  3 21474.04
   5      1.54123332    -1.96979018  -384.24177363    -0.00151451    -0.00007412  0.71D-04  0.97D-05  4  4 26024.04
   6      1.54600257    -1.97006319  -384.24204665    -0.00027302    -0.00002099  0.17D-04  0.38D-05  5  5 30581.89
   7      1.54898640    -1.97023465  -384.24221810    -0.00017145    -0.00000524  0.36D-05  0.13D-05  6  6 35203.75
   8      1.54988593    -1.97027636  -384.24225981    -0.00004171    -0.00000147  0.93D-06  0.42D-06  6  2 39767.36
   9      1.55041603    -1.97031705  -384.24230051    -0.00004069    -0.00000040  0.28D-06  0.97D-07  6  1 44295.32
  10      1.55051799    -1.97033083  -384.24231428    -0.00001377    -0.00000011  0.83D-07  0.20D-07  6  3 48780.32
  11      1.55057381    -1.97032707  -384.24231053     0.00000375    -0.00000004  0.32D-07  0.63D-08  6  4 53277.63
  12      1.55061396    -1.97033034  -384.24231380    -0.00000327    -0.00000001  0.99D-08  0.22D-08  6  6 57783.18
  13      1.55062838    -1.97032783  -384.24231128     0.00000252    -0.00000000  0.31D-08  0.69D-09  6  5 62478.23
  14      1.55063804    -1.97032829  -384.24231174    -0.00000046    -0.00000000  0.12D-08  0.20D-09  6  2 67140.94

 Norm of t1 vector:      0.21690404      S-energy:    -0.01152517      T1 diagnostic:  0.01476799
                                                                       D1 diagnostic:  0.05864163
 Norm of t2 vector:      0.70964123      P-energy:    -1.95880312
                                         Alpha-Beta:  -1.58549263
                                         Alpha-Alpha: -0.19095812
                                         Beta-Beta:   -0.18235238

 Singles amplitudes (print threshold =  0.500E-01):

         I         SYM. A    A   T(IA) [Alpha-Alpha]

        31         1         2      0.05858806

         I         SYM. A    A   T(IA) [Beta-Beta]

        29         1         1     -0.05099865
        29         1         2      0.05771658
        30         1         2      0.07304687

 Doubles amplitudes (print threshold =  0.500E-01):

         I         J         SYM. A    SYM. B    A         B      T(IJ, AB) [Alpha-Beta]

        30        30         1         1         2         2     -0.05786646

 Spin contamination <S**2-Sz**2-Sz>     0.02006716

 Memory could be reduced to 9853.07 Mwords without degradation in triples


  Correlated core orbitals:             1.1       2.1       3.1       4.1       5.1       6.1       7.1       8.1
  Orbital energies:                   -20.6180  -20.6243  -11.2735  -11.2587  -11.2416  -11.2415  -11.2403  -11.2320

  UCCSD core-core energy               -0.295615525208
  UCCSD core-valence energy            -0.117210444960
  UCCSD valence correlation energy     -1.557502318823


 RESULTS
 =======

  Reference energy                   -382.271983452322
  UCCSD singles energy                 -0.011525166986
  UCCSD pair energy                    -1.958803122005
  UCCSD correlation energy             -1.970328288991
  Triples (T) contribution             -0.080013871563
  Total correlation energy             -2.050342160554

  RHF-UCCSD energy                   -384.242311741312
  RHF-UCCSD[T] energy                -384.325065253783
  RHF-UCCSD-T energy                 -384.321322220219
 !RHF-UCCSD(T) energy                -384.322325612876

 Program statistics:

 Available memory in ccsd:             63999991902
 Min. memory needed in ccsd:            1287073539
 Max. memory used in ccsd:              1903742319
 Max. memory used in cckext:            1411604585 (14 integral passes)
 Max. memory used in cckint:            4052579656 ( 1 integral passes)



 **********************************************************************************************************************************
 DATASETS  * FILE   NREC   LENGTH (MB)   RECORD NAMES
              1      22       44.66       500      610      700      900      950      970     1000      129      960     1700   
                                          VAR    BASINP    GEOM    SYMINP    ZMAT    AOBASIS   BASIS     P2S    ABASIS    OPER   
                                         1101     1401     1411     1412     1650     1100     1400     1410     1200     1210   
                                          SR      EKINR    POTR     PVPR    MOLCAS      S      EKIN      POT      H0       H01  
                                         1080     1600   
                                         AOSYM     SMH  

              2       4       13.75       700     1000      520     2100   
                                         GEOM     BASIS   MCVARS     RHF  

 PROGRAMS   *        TOTAL  UCCSD(T)       RHF       INT
 CPU TIMES  *    220714.25 219644.76    457.94    611.26
 REAL TIME  *    296018.33 SEC
 DISK USED  *       578.07 GB      
 SF USED    *       198.29 GB      
 GA USED    *         0.01 MB       (max)       0.00 MB       (current)
 **********************************************************************************************************************************

 UCCSD(T)/USERDEF energy=   -384.322325612876

        UCCSD(T)        RHF-SCF 
   -384.32232561   -382.27198345
 **********************************************************************************************************************************
 Molpro calculation terminated
 Variable memory released

 Fortran compiler diagnostic
 ***************************

 integer size                  8
 double precision size         8
 logical size                  8

 diagnostic completed successfully
