
 Primary working directories    : /scratch/saurabh/PBS_8055937.helios
 Secondary working directories  : /scratch/saurabh/PBS_8055937.helios
 Wavefunction directory         : /scratch/saurabh/PBS_8055937.helios/
 Main file repository           : /scratch/saurabh/PBS_8055937.helios/

 SHA1      : f6387f0c468d0184d0b38d85973bdb066f718752
 NAME      : 2015.1.44
 ARCHNAME  : linux/x86_64
 FC        : /opt/may/bin/gfortran
 BLASLIB   : -Wl,-_start-group /opt/intel/mkl/lib/intel64/libmkl_gf_ilp64.a /opt/intel/mkl/lib/intel64/libmkl_gnu_thread.a /opt/intel/mkl/lib/intel64/libmkl_core.a -Wl,-_end-group
 id        : ramakrishnan

 Nodes             nprocs
 hel08.tifrh.res.in    8

 Using DEFAULT tuning parameter for ncache   :   16384
 Using DEFAULT tuning parameter for mflopdgm :   10000
 Using DEFAULT tuning parameter for mflopdgv :    4000
 Using DEFAULT tuning parameter for mflopmxm :    5000
 Using DEFAULT tuning parameter for mflopmxv :    4000
 Using DEFAULT tuning parameter for mindgm   :       1
 Using DEFAULT tuning parameter for mindgc   :       4
 Using DEFAULT tuning parameter for mindgf   :    5000
 Using DEFAULT tuning parameter for mindgl   :       4
 Using DEFAULT tuning parameter for mindgr   :       1
 Using DEFAULT tuning parameter for mindgv   :      20
 Using DEFAULT tuning parameter for mincuda  :     500
 Using DEFAULT tuning parameter for mxmblk   :      64
 Using DEFAULT tuning parameter for mxmbln   :      64
 Using DEFAULT tuning parameter for nroll    :       2
 Using custom tuning parameter for ngpus     :       0
 Using customized tuning parameters: mindgm=1; mindgv=20; mindgc=4; mindgr=1; noblas=0; minvec=7
 default implementation of scratch files=sf  

 ***,Mol_03
 memory,64,g
 geometry={
 C  0.299981   -0.417790  1.502845
 C  0.398461   0.017356   0.081051
 C  1.599862   -0.630154  -0.616530
 C  0.416065   1.535827   -0.063131
 H  0.094122   0.282969   2.298536
 H  0.376328   -1.469121  1.746016
 H  2.525261   -0.270029  -0.168641
 H  1.599808   -0.375432  -1.676334
 H  1.564555   -1.714624  -0.518454
 O  -0.711641  -0.545907  -0.691519
 H  0.478580   1.814196   -1.114656
 H  1.276854   1.953596   0.460649
 H  -0.489456  1.969532   0.356241
 O  -1.968222  -0.013991  -0.203604
 H  -2.273367  -0.743339  0.352216
  }
 basis,O=AVTZ,C=AVTZ,H=VTZ
 {rhf
 wf,49,1,1
 }
 uccsd(t);
 

 Fortran compiler diagnostic
 ***************************

 integer size                  8
 double precision size         8
 logical size                  8

 diagnostic completed successfully

 Variables initialized (889), CPU time= 0.01 sec
 Commands  initialized (702), CPU time= 0.02 sec, 572 directives.
 Default parameters read. Elapsed time= 0.11 sec

 Using DEFAULT tuning parameter for mpplat   :       3
 Using DEFAULT tuning parameter for mppspeed :    1600
 Checking input...
 Passed
1


                                         ***  PROGRAM SYSTEM MOLPRO  ***
                                       Copyright, TTI GmbH Stuttgart, 2015
                                    Version 2015.1 linked Jun  9 2019 06:55:40


 **********************************************************************************************************************************
 LABEL *   Mol_03                                                                        
  64 bit mpp version                                                                     DATE: 18-Apr-22          TIME: 23:48:17  
 **********************************************************************************************************************************

 SHA1:             f6387f0c468d0184d0b38d85973bdb066f718752
 **********************************************************************************************************************************

Geometry recognized as XYZ


 Variable memory set to ********** words,  buffer space   230000 words

 SETTING BASIS          =    O=AVTZ,C=AVTZ,H=VTZ


 Recomputing integrals since basis changed


 Using spherical harmonics

 Library entry C      S aug-cc-pVTZ          selected for orbital group  1
 Library entry C      P aug-cc-pVTZ          selected for orbital group  1
 Library entry C      D aug-cc-pVTZ          selected for orbital group  1
 Library entry C      F aug-cc-pVTZ          selected for orbital group  1
 Library entry H      S cc-pVTZ              selected for orbital group  2
 Library entry H      P cc-pVTZ              selected for orbital group  2
 Library entry H      D cc-pVTZ              selected for orbital group  2
 Library entry O      S aug-cc-pVTZ          selected for orbital group  3
 Library entry O      P aug-cc-pVTZ          selected for orbital group  3
 Library entry O      D aug-cc-pVTZ          selected for orbital group  3
 Library entry O      F aug-cc-pVTZ          selected for orbital group  3


 PROGRAM * SEWARD (Integral evaluation for generally contracted gaussian basis sets)     Author: Roland Lindh, 1990

 Geometry written to block  1 of record 700


 Point group  C1  



 ATOMIC COORDINATES

 NR  ATOM    CHARGE       X              Y              Z

   1  C       6.00    0.566881933   -0.789508678    2.839965458
   2  C       6.00    0.752982161    0.032798087    0.153164192
   3  C       6.00    3.023301017   -1.190818476   -1.165072848
   4  C       6.00    0.786248900    2.902292405   -0.119300300
   5  H       1.00    0.177864802    0.534733912    4.343603527
   6  H       1.00    0.711156853   -2.776236334    3.299492049
   7  H       1.00    4.772051683   -0.510280856   -0.318685303
   8  H       1.00    3.023198972   -0.709463658   -3.167812153
   9  H       1.00    2.956580457   -3.240169767   -0.979736068
  10  O       8.00   -1.344806589   -1.031614719   -1.306781520
  11  H       1.00    0.904385129    3.428333576   -2.106394563
  12  H       1.00    2.412904361    3.691761398    0.870500450
  13  H       1.00   -0.924937790    3.721876074    0.673197924
  14  O       8.00   -3.719400532   -0.026439158   -0.384755798
  15  H       1.00   -4.296041011   -1.404707128    0.665591777

 Bond lengths in Bohr (Angstrom)

 1-2  2.815976340  1-5  2.041048801  1-6  2.044276576  2-3  2.896434721  2-4  2.882592794
     ( 1.490150506)     ( 1.080076512)     ( 1.081784577)     ( 1.532727247)     ( 1.525402415)

  2-10  2.768597794   3- 7  2.058551000   3- 8  2.059773579   3- 9  2.058796266   4-11  2.058936399
       ( 1.465078859)       ( 1.089338277)       ( 1.089985238)       ( 1.089468066)       ( 1.089542221)

  4-12  2.061304151   4-13  2.056193258  10-14  2.738467772  14-15  1.826298679
       ( 1.090795182)       ( 1.088090613)       ( 1.449134738)       ( 0.966435641)

 Bond angles

  1- 2- 3  111.26514517   1- 2- 4  112.43501569   1- 2-10  109.92507566   2- 1- 5  121.73828859

  2-1-6  119.57783952   2-3-7  109.82098213   2-3-8  110.10599383   2-3-9  110.74104169

  2- 4-11  110.25600952   2- 4-12  110.18024535   2- 4-13  110.53302319   2-10-14  109.77713124

  3- 2- 4  111.62141269   3- 2-10  101.04041683   4- 2-10  109.97521675   5- 1- 6  118.58039730

  7- 3- 8  108.81766440   7- 3- 9  108.63820717   8- 3- 9  108.67191283  10-14-15  100.97721710

 11- 4-12  108.68083915  11- 4-13  108.53504253  12- 4-13  108.60242682

 NUCLEAR CHARGE:                   49
 NUMBER OF PRIMITIVE AOS:         555
 NUMBER OF SYMMETRY AOS:          492
 NUMBER OF CONTRACTIONS:          402   ( 402A   )
 NUMBER OF CORE ORBITALS:           6   (   6A   )
 NUMBER OF VALENCE ORBITALS:       33   (  33A   )


 NUCLEAR REPULSION ENERGY  259.05744286


 Eigenvalues of metric

         1 0.166E-04 0.203E-04 0.318E-04 0.395E-04 0.115E-03 0.134E-03 0.157E-03 0.188E-03


 Contracted 2-electron integrals neglected if value below      1.0D-12
 AO integral compression algorithm  1   Integral accuracy      1.0D-12

     13688.635 MB (compressed) written to integral file ( 48.6%)

     Node minimum: 1620.836 MB, node maximum: 1859.125 MB


 NUMBER OF SORTED TWO-ELECTRON INTEGRALS:  410103000.     BUFFER LENGTH:  32768
 NUMBER OF SEGMENTS:  13  SEGMENT LENGTH:   31996696      RECORD LENGTH: 524288

 Memory used in sort:      32.55 MW

 SORT1 READ  3521135693. AND WROTE   381499965. INTEGRALS IN   1100 RECORDS. CPU TIME:   164.48 SEC, REAL TIME:   176.03 SEC
 SORT2 READ  3055728746. AND WROTE  3280783506. INTEGRALS IN  49464 RECORDS. CPU TIME:    47.90 SEC, REAL TIME:   131.32 SEC

 Node minimum:   410062500.  Node maximum:   410133378. integrals

 OPERATOR DM      FOR CENTER  0  COORDINATES:    0.000000    0.000000    0.000000


 **********************************************************************************************************************************
 DATASETS  * FILE   NREC   LENGTH (MB)   RECORD NAMES
              1      18       26.07       500      610      700      900      950      970     1000      129      960     1100   
                                          VAR    BASINP    GEOM    SYMINP    ZMAT    AOBASIS   BASIS     P2S    ABASIS      S 
                                         1400     1410     1200     1210     1080     1600     1650     1700   
                                           T        V       H0       H01     AOSYM     SMH    MOLCAS    OPER   

 PROGRAMS   *        TOTAL       INT
 CPU TIMES  *       281.53    281.30
 REAL TIME  *       416.37 SEC
 DISK USED  *        50.23 GB      
 GA USED    *         0.01 MB       (max)       0.00 MB       (current)
 **********************************************************************************************************************************


 PROGRAM * RHF-SCF (OPEN SHELL)       Authors: W. Meyer, H.-J. Werner


 NUMBER OF ELECTRONS:      25+   24-    SPACE SYMMETRY=1    SPIN SYMMETRY: Doublet 
 CONVERGENCE THRESHOLDS:    1.00E-05 (Density)    1.00E-07 (Energy)
 MAX. NUMBER OF ITERATIONS:       60
 INTERPOLATION TYPE:            DIIS
 INTERPOLATION STEPS:              2 (START)      1 (STEP)
 LEVEL SHIFTS:                 -0.60 (CLOSED) -0.30 (OPEN) 



 Orbital guess generated from atomic densities. Full valence occupancy:   39

 Molecular orbital dump at record        2100.2

 Initial alpha occupancy:  25
 Initial beta  occupancy:  24
 Wave function symmetry:    1

 ITERATION    DDIFF          GRAD             ENERGY        2-EL.EN.            DIPOLE MOMENTS         DIIS   ORB.
    1      0.000D+00      0.000D+00      -306.30256830    733.496788    0.47688   -0.36680    0.85545    0    start
    2      0.000D+00      0.264D-02      -306.37377163    733.043562    0.45662   -0.18207    0.75280    1    diag,B
    3      0.234D-02      0.926D-03      -306.38920360    732.878579    0.43110   -0.18339    0.71347    2    diag,B
    4      0.905D-03      0.416D-03      -306.39393984    732.921991    0.41891   -0.16379    0.71297    3    diag,B
    5      0.561D-03      0.145D-03      -306.39456251    732.908390    0.42263   -0.16482    0.71146    4    diag,B
    6      0.230D-03      0.555D-04      -306.39467610    732.903739    0.42541   -0.16243    0.71499    5    diag,B
    7      0.144D-03      0.202D-04      -306.39469292    732.902987    0.42785   -0.16170    0.71531    6    fixocc
    8      0.699D-04      0.796D-05      -306.39469583    732.902763    0.42926   -0.16129    0.71527    7    diag,B
    9      0.340D-04      0.338D-05      -306.39469643    732.903612    0.43016   -0.16119    0.71516    8    diag,B
   10      0.139D-04      0.137D-05      -306.39469654    732.903635    0.43060   -0.16118    0.71510    9    orth
   11      0.696D-05      0.497D-06      -306.39469655    732.903675    0.43074   -0.16120    0.71508    9    diag,B
   12      0.349D-05      0.206D-06      -306.39469655    732.903655    0.43076   -0.16121    0.71507    0    orth

 Final alpha occupancy:  25
 Final beta  occupancy:  24

 !RHF STATE 1.1 Energy               -306.394696553568
 Nuclear energy                       259.05744286
 One-electron energy                 -931.90396716
 Two-electron energy                  366.45182775
 Virial quotient                       -1.00149491
 !RHF STATE 1.1 Dipole moment           0.43076491    -0.16120630     0.71507351
 Dipole moment /Debye                   1.09482348    -0.40971870     1.81741653

 Orbital energies:

         1.1          2.1          3.1          4.1          5.1          6.1          7.1          8.1          9.1         10.1
    -20.615055   -20.614219   -11.299772   -11.231850   -11.221057   -11.214938    -1.461358    -1.223533    -1.055256    -0.945198

        11.1         12.1         13.1         14.1         15.1         16.1         17.1         18.1         19.1         20.1
     -0.920624    -0.762974    -0.704374    -0.654513    -0.638069    -0.620715    -0.586987    -0.548903    -0.540949    -0.530999

        21.1         22.1         23.1         24.1         25.1         26.1         27.1
     -0.514312    -0.487075    -0.467649    -0.449879    -0.379787     0.047542     0.055116

 HOMO     25.1    -0.379787 =     -10.3345eV
 LUMO     26.1     0.047542 =       1.2937eV
 LUMO-HOMO         0.427330 =      11.6282eV


 **********************************************************************************************************************************
 DATASETS  * FILE   NREC   LENGTH (MB)   RECORD NAMES
              1      18       26.07       500      610      700      900      950      970     1000      129      960     1100   
                                          VAR    BASINP    GEOM    SYMINP    ZMAT    AOBASIS   BASIS     P2S    ABASIS      S 
                                         1400     1410     1200     1210     1080     1600     1650     1700   
                                           T        V       H0       H01     AOSYM     SMH    MOLCAS    OPER   

              2       4        7.59       700     1000      520     2100   
                                         GEOM     BASIS   MCVARS     RHF  

 PROGRAMS   *        TOTAL       RHF       INT
 CPU TIMES  *       348.16     66.61    281.30
 REAL TIME  *       495.80 SEC
 DISK USED  *        50.69 GB      
 SF USED    *         0.65 MB      
 GA USED    *         0.01 MB       (max)       0.00 MB       (current)
 **********************************************************************************************************************************


 PROGRAM * CCSD (Unrestricted open-shell coupled cluster)     Authors: C. Hampel, H.-J. Werner, 1991, M. Deegan, P.J. Knowles, 1992


 Convergence thresholds:  THRVAR = 1.00D-08  THRDEN = 1.00D-06

 CCSD(T)     terms to be evaluated (factor= 1.000)


 Number of core orbitals:           6 (   6 )
 Number of closed-shell orbitals:  18 (  18 )
 Number of active  orbitals:        1 (   1 )
 Number of external orbitals:     377 ( 377 )

 Memory could be reduced to 1621.64 Mwords without degradation in triples

 Number of N-1 electron functions:              37
 Number of N-2 electron functions:             666
 Number of singly external CSFs:             13986
 Number of doubly external CSFs:          71952300
 Total number of CSFs:                    71966286

 Molecular orbitals read from record     2100.2  Type=RHF/CANONICAL (state 1.1)

 Integral transformation finished. Total CPU: 176.44 sec, npass=  1  Memory used: 704.67 MW

 Starting RMP2 calculation

 ITER.      SQ.NORM     CORR.ENERGY   TOTAL ENERGY   ENERGY CHANGE        DEN1      VAR(S)    VAR(P)  DIIS     TIME
   1      1.33232685    -1.17647917  -307.57117572    -1.17647917    -0.00385028  0.11D-04  0.14D-02  1  1   205.00
   2      1.33565744    -1.18060479  -307.57530134    -0.00412562    -0.00000409  0.13D-06  0.18D-05  2  2   218.93
   3      1.33573247    -1.18065674  -307.57535329    -0.00005195    -0.00000002  0.50D-08  0.56D-08  3  3   246.06
   4      1.33573302    -1.18065655  -307.57535311     0.00000019    -0.00000000  0.15D-09  0.19D-10  4  4   312.65

 Norm of t1 vector:      0.04193803      S-energy:    -0.00279623      T1 diagnostic:  0.00020831
 Norm of t2 vector:      0.57790503      P-energy:    -1.17786032
                                         Alpha-Beta:  -0.89855456
                                         Alpha-Alpha: -0.14730632
                                         Beta-Beta:   -0.13199944

 Spin contamination <S**2-Sz**2-Sz>     0.00075647
  Reference energy                   -306.394696553574
  RHF-RMP2 correlation energy          -1.180656552311
 !RHF-RMP2 energy                    -307.575353105885

 Starting UCCSD calculation

 ITER.      SQ.NORM     CORR.ENERGY   TOTAL ENERGY   ENERGY CHANGE        DEN1      VAR(S)    VAR(P)  DIIS     TIME
   1      1.34510760    -1.18705649  -307.58175304    -1.18705649    -0.03239608  0.47D-02  0.66D-02  1  1   708.54
   2      1.37494648    -1.21847525  -307.61317180    -0.03141876    -0.00266077  0.18D-03  0.85D-03  2  2  1079.39
   3      1.38575682    -1.22426369  -307.61896024    -0.00578844    -0.00029307  0.12D-03  0.60D-04  3  3  1458.84
   4      1.38983639    -1.22585025  -307.62054680    -0.00158656    -0.00004687  0.16D-04  0.12D-04  4  4  1826.25
   5      1.39127207    -1.22613709  -307.62083364    -0.00028684    -0.00001271  0.10D-04  0.17D-05  5  5  2187.94
   6      1.39193272    -1.22622804  -307.62092459    -0.00009095    -0.00000338  0.23D-05  0.58D-06  6  6  2552.06
   7      1.39232214    -1.22626595  -307.62096251    -0.00003791    -0.00000097  0.83D-06  0.12D-06  6  1  2920.17
   8      1.39244452    -1.22627352  -307.62097007    -0.00000757    -0.00000030  0.21D-06  0.53D-07  6  2  3277.57
   9      1.39252525    -1.22627562  -307.62097218    -0.00000210    -0.00000008  0.65D-07  0.11D-07  6  3  3642.34
  10      1.39255560    -1.22628015  -307.62097670    -0.00000453    -0.00000002  0.11D-07  0.30D-08  6  4  4014.51
  11      1.39255449    -1.22627688  -307.62097344     0.00000327    -0.00000000  0.24D-08  0.74D-09  6  6  4379.81
  12      1.39255798    -1.22627644  -307.62097300     0.00000044    -0.00000000  0.49D-09  0.14D-09  6  5  4735.72

 Norm of t1 vector:      0.12299461      S-energy:    -0.00327731      T1 diagnostic:  0.01290963
                                                                       D1 diagnostic:  0.03416985
 Norm of t2 vector:      0.61435357      P-energy:    -1.22299913
                                         Alpha-Beta:  -0.96906967
                                         Alpha-Alpha: -0.13469671
                                         Beta-Beta:   -0.11923275

 Spin contamination <S**2-Sz**2-Sz>     0.00076590

 Memory could be reduced to 1728.35 Mwords without degradation in triples


 RESULTS
 =======

  Reference energy                   -306.394696553574
  UCCSD singles energy                 -0.003277308957
  UCCSD pair energy                    -1.222999132969
  UCCSD correlation energy             -1.226276441925
  Triples (T) contribution             -0.051472010073
  Total correlation energy             -1.277748451999

  RHF-UCCSD energy                   -307.620972995500
  RHF-UCCSD[T] energy                -307.674212000145
  RHF-UCCSD-T energy                 -307.671671912846
 !RHF-UCCSD(T) energy                -307.672445005573

 Program statistics:

 Available memory in ccsd:             63999996822
 Min. memory needed in ccsd:             198669241
 Max. memory used in ccsd:               290766235
 Max. memory used in cckext:             221032500 (12 integral passes)
 Max. memory used in cckint:             704667795 ( 1 integral passes)



 **********************************************************************************************************************************
 DATASETS  * FILE   NREC   LENGTH (MB)   RECORD NAMES
              1      18       26.07       500      610      700      900      950      970     1000      129      960     1100   
                                          VAR    BASINP    GEOM    SYMINP    ZMAT    AOBASIS   BASIS     P2S    ABASIS      S 
                                         1400     1410     1200     1210     1080     1600     1650     1700   
                                           T        V       H0       H01     AOSYM     SMH    MOLCAS    OPER   

              2       4        7.59       700     1000      520     2100   
                                         GEOM     BASIS   MCVARS     RHF  

 PROGRAMS   *        TOTAL  UCCSD(T)       RHF       INT
 CPU TIMES  *     11681.37  11333.14     66.61    281.30
 REAL TIME  *     18368.07 SEC
 DISK USED  *       123.60 GB      
 SF USED    *        32.32 GB      
 GA USED    *         0.01 MB       (max)       0.00 MB       (current)
 **********************************************************************************************************************************

 UCCSD(T)/O=AVTZ,C=AVTZ,H=VTZ energy=   -307.672445005573

        UCCSD(T)        RHF-SCF 
   -307.67244501   -306.39469655
 **********************************************************************************************************************************
 Molpro calculation terminated
 Variable memory released

 Fortran compiler diagnostic
 ***************************

 integer size                  8
 double precision size         8
 logical size                  8

 diagnostic completed successfully
