
 Primary working directories    : /scratch/saurabh/PBS_8055875.helios
 Secondary working directories  : /scratch/saurabh/PBS_8055875.helios
 Wavefunction directory         : /scratch/saurabh/PBS_8055875.helios/
 Main file repository           : /scratch/saurabh/PBS_8055875.helios/

 SHA1      : f6387f0c468d0184d0b38d85973bdb066f718752
 NAME      : 2015.1.44
 ARCHNAME  : linux/x86_64
 FC        : /opt/may/bin/gfortran
 BLASLIB   : -Wl,-_start-group /opt/intel/mkl/lib/intel64/libmkl_gf_ilp64.a /opt/intel/mkl/lib/intel64/libmkl_gnu_thread.a /opt/intel/mkl/lib/intel64/libmkl_core.a -Wl,-_end-group
 id        : ramakrishnan

 Nodes             nprocs
 hel06.tifrh.res.in    8

 Using DEFAULT tuning parameter for ncache   :   16384
 Using DEFAULT tuning parameter for mflopdgm :   10000
 Using DEFAULT tuning parameter for mflopdgv :    4000
 Using DEFAULT tuning parameter for mflopmxm :    5000
 Using DEFAULT tuning parameter for mflopmxv :    4000
 Using DEFAULT tuning parameter for mindgm   :       1
 Using DEFAULT tuning parameter for mindgc   :       4
 Using DEFAULT tuning parameter for mindgf   :    5000
 Using DEFAULT tuning parameter for mindgl   :       4
 Using DEFAULT tuning parameter for mindgr   :       1
 Using DEFAULT tuning parameter for mindgv   :      20
 Using DEFAULT tuning parameter for mincuda  :     500
 Using DEFAULT tuning parameter for mxmblk   :      64
 Using DEFAULT tuning parameter for mxmbln   :      64
 Using DEFAULT tuning parameter for nroll    :       2
 Using custom tuning parameter for ngpus     :       0
 Using customized tuning parameters: mindgm=1; mindgv=20; mindgc=4; mindgr=1; noblas=0; minvec=7
 default implementation of scratch files=sf  

 ***,Mol_02
 memory,25,g
 geometry={
 C  -0.667957  0.670834   1.265796
 C  0.113820   0.350403   -0.000000
 C  1.503478   0.968774   0.000000
 C  -0.667957  0.670834   -1.265796
 H  -0.887045  1.738171   1.304642
 H  -0.093255  0.405232   2.153117
 H  -1.607746  0.122322   1.280426
 H  1.423454   2.055754   0.000000
 H  2.062996   0.666024   -0.884767
 H  2.062996   0.666024   0.884767
 O  0.410249   -1.118607  0.000000
 H  -0.093255  0.405232   -2.153117
 H  -0.887045  1.738171   -1.304642
 H  -1.607746  0.122322   -1.280426
 O  -0.667957  -1.866931  0.000000
  }
 basis,O=AVDZ,C=AVDZ,H=VDZ
 {rhf
 wf,49,2,1
 }
 uccsd(t);
 

 Fortran compiler diagnostic
 ***************************

 integer size                  8
 double precision size         8
 logical size                  8

 diagnostic completed successfully

 Variables initialized (889), CPU time= 0.02 sec
 Commands  initialized (702), CPU time= 0.02 sec, 572 directives.
 Default parameters read. Elapsed time= 0.09 sec

 Using DEFAULT tuning parameter for mpplat   :       3
 Using DEFAULT tuning parameter for mppspeed :    1600
 Checking input...
 Passed
1


                                         ***  PROGRAM SYSTEM MOLPRO  ***
                                       Copyright, TTI GmbH Stuttgart, 2015
                                    Version 2015.1 linked Jun  9 2019 06:55:40


 **********************************************************************************************************************************
 LABEL *   Mol_02                                                                        
  64 bit mpp version                                                                     DATE: 18-Apr-22          TIME: 14:44:54  
 **********************************************************************************************************************************

 SHA1:             f6387f0c468d0184d0b38d85973bdb066f718752
 **********************************************************************************************************************************

Geometry recognized as XYZ


 Variable memory set to ********** words,  buffer space   230000 words

 SETTING BASIS          =    O=AVDZ,C=AVDZ,H=VDZ


 Recomputing integrals since basis changed


 Using spherical harmonics

 Library entry C      S aug-cc-pVDZ          selected for orbital group  1
 Library entry C      P aug-cc-pVDZ          selected for orbital group  1
 Library entry C      D aug-cc-pVDZ          selected for orbital group  1
 Library entry H      S cc-pVDZ              selected for orbital group  2
 Library entry H      P cc-pVDZ              selected for orbital group  2
 Library entry O      S aug-cc-pVDZ          selected for orbital group  3
 Library entry O      P aug-cc-pVDZ          selected for orbital group  3
 Library entry O      D aug-cc-pVDZ          selected for orbital group  3


 PROGRAM * SEWARD (Integral evaluation for generally contracted gaussian basis sets)     Author: Roland Lindh, 1990

 Geometry written to block  1 of record 700


 Point group  Cs  



 ATOMIC COORDINATES

 NR  ATOM    CHARGE       X              Y              Z

   1  C       6.00   -1.262255793    1.267692535    2.392007770
   2  C       6.00   -1.262255793    1.267692535   -2.392007770
   3  C       6.00    0.215088627    0.662165703    0.000000000
   4  C       6.00    2.841161654    1.830717537    0.000000000
   5  H       1.00   -1.676272110    3.284667148    2.465416071
   6  H       1.00   -1.676272110    3.284667148   -2.465416071
   7  H       1.00   -0.176226410    0.765777497    4.068801444
   8  H       1.00   -0.176226410    0.765777497   -4.068801444
   9  H       1.00   -3.038199618    0.231155079    2.419654463
  10  H       1.00   -3.038199618    0.231155079   -2.419654463
  11  H       1.00    2.689938211    3.884812039    0.000000000
  12  H       1.00    3.898497436    1.258602952   -1.671967314
  13  H       1.00    3.898497436    1.258602952    1.671967314
  14  O       8.00    0.775258253   -2.113860871    0.000000000
  15  O       8.00   -1.262255793   -3.527988283    0.000000000

 Bond lengths in Bohr (Angstrom)

 1-3  2.875919062  1-5  2.060336108  1-7  2.059858139  1-9  2.056489899  2-3  2.875919062
     ( 1.521870828)     ( 1.090282915)     ( 1.090029985)     ( 1.088247589)     ( 1.521870828)

  2- 6  2.060336108   2- 8  2.059858139   2-10  2.056489899   3- 4  2.874329997   3-14  2.831980500
       ( 1.090282915)       ( 1.090029985)       ( 1.088247589)       ( 1.521029931)       ( 1.498619542)

  4-11  2.059653553   4-12  2.059307833   4-13  2.059307833  14-15  2.480165282
       ( 1.089921722)       ( 1.089738776)       ( 1.089738776)       ( 1.312446947)

 Bond angles

  1- 3- 2  112.55513354   1- 3- 4  112.56478485   1- 3-14  107.93875476   2- 3- 4  112.56478485

  2- 3-14  107.93875476   3- 1- 5  109.81465678   3- 1- 7  110.78854317   3- 1- 9  110.40621642

  3- 2- 6  109.81465678   3- 2- 8  110.78854317   3- 2-10  110.40621642   3- 4-11  109.77759404

  3- 4-12  110.86391250   3- 4-13  110.86391250   3-14-15  113.35398812   4- 3-14  102.57972278

  5- 1- 7  108.38973716   5- 1- 9  108.62740569   6- 2- 8  108.38973716   6- 2-10  108.62740569

  7- 1- 9  108.75675871   8- 2-10  108.75675871  11- 4-12  108.34674157  11- 4-13  108.34674157

 12- 4-13  108.56542507

 NUCLEAR CHARGE:                   49
 NUMBER OF PRIMITIVE AOS:         285
 NUMBER OF SYMMETRY AOS:          273
 NUMBER OF CONTRACTIONS:          183   ( 111A'  +  72A"  )
 NUMBER OF CORE ORBITALS:           6   (   5A'  +   1A"  )
 NUMBER OF VALENCE ORBITALS:       33   (  21A'  +  12A"  )


 NUCLEAR REPULSION ENERGY  260.60787050


 Eigenvalues of metric

         1 0.816E-04 0.130E-03 0.212E-03 0.269E-03 0.444E-03 0.111E-02 0.143E-02 0.195E-02
         2 0.148E-03 0.308E-03 0.164E-02 0.258E-02 0.501E-02 0.594E-02 0.875E-02 0.106E-01


 Contracted 2-electron integrals neglected if value below      1.0D-11
 AO integral compression algorithm  1   Integral accuracy      1.0D-11

     336.855 MB (compressed) written to integral file ( 51.2%)

     Node minimum: 34.865 MB, node maximum: 49.021 MB


 NUMBER OF SORTED TWO-ELECTRON INTEGRALS:    8966216.     BUFFER LENGTH:  32768
 NUMBER OF SEGMENTS:   1  SEGMENT LENGTH:    8966216      RECORD LENGTH: 524288

 Memory used in sort:       9.52 MW

 SORT1 READ    82233503. AND WROTE     8783864. INTEGRALS IN     26 RECORDS. CPU TIME:     1.13 SEC, REAL TIME:     1.19 SEC
 SORT2 READ    70288069. AND WROTE    71783886. INTEGRALS IN   1328 RECORDS. CPU TIME:     0.36 SEC, REAL TIME:     0.43 SEC

 Node minimum:     8962901.  Node maximum:     8983072. integrals

 OPERATOR DM      FOR CENTER  0  COORDINATES:    0.000000    0.000000    0.000000


 **********************************************************************************************************************************
 DATASETS  * FILE   NREC   LENGTH (MB)   RECORD NAMES
              1      18       20.80       500      610      700      900      950      970     1000      129      960     1100   
                                          VAR    BASINP    GEOM    SYMINP    ZMAT    AOBASIS   BASIS     P2S    ABASIS      S 
                                         1400     1410     1200     1210     1080     1600     1650     1700   
                                           T        V       H0       H01     AOSYM     SMH    MOLCAS    OPER   

 PROGRAMS   *        TOTAL       INT
 CPU TIMES  *        10.06      9.86
 REAL TIME  *        22.70 SEC
 DISK USED  *         1.19 GB      
 GA USED    *         0.00 MB       (max)       0.00 MB       (current)
 **********************************************************************************************************************************


 PROGRAM * RHF-SCF (OPEN SHELL)       Authors: W. Meyer, H.-J. Werner


 NUMBER OF ELECTRONS:      25+   24-    SPACE SYMMETRY=2    SPIN SYMMETRY: Doublet 
 CONVERGENCE THRESHOLDS:    1.00E-05 (Density)    1.00E-07 (Energy)
 MAX. NUMBER OF ITERATIONS:       60
 INTERPOLATION TYPE:            DIIS
 INTERPOLATION STEPS:              2 (START)      1 (STEP)
 LEVEL SHIFTS:                 -0.60 (CLOSED) -0.30 (OPEN) 



 Orbital guess generated from atomic densities. Full valence occupancy:   26  13

 Molecular orbital dump at record        2100.2

 Initial alpha occupancy:  17   8
 Initial beta  occupancy:  17   7
 Wave function symmetry:    2

 ITERATION    DDIFF          GRAD             ENERGY        2-EL.EN.            DIPOLE MOMENTS         DIIS   ORB.
    1      0.000D+00      0.000D+00      -306.22552336    732.817389    0.59458    1.68054    0.00000    0    start
    2      0.000D+00      0.642D-02      -306.31568497    734.925816    0.10847    1.44763    0.00000    1    diag,B
    3      0.943D-02      0.271D-02      -306.33309145    734.382552    0.19692    1.36289    0.00000    2    diag,B
    4      0.404D-02      0.117D-02      -306.34236257    734.491082    0.09658    1.24688    0.00000    3    diag,B
    5      0.268D-02      0.636D-03      -306.34630332    734.520667    0.06268    1.19174    0.00000    4    diag,B
    6      0.166D-02      0.406D-03      -306.34951898    734.550315    0.02613    1.14422    0.00000    5    diag,B
    7      0.152D-02      0.319D-03      -306.35254332    734.584314   -0.00792    1.08598    0.00000    6    fixocc
    8      0.163D-02      0.157D-03      -306.35316553    734.631514   -0.02190    1.05918    0.00000    7    diag,B
    9      0.706D-03      0.692D-04      -306.35323011    734.630379   -0.02289    1.05095    0.00000    8    diag,B
   10      0.355D-03      0.213D-04      -306.35323284    734.629682   -0.02184    1.05205    0.00000    9    orth
   11      0.105D-03      0.114D-04      -306.35323352    734.626485   -0.02124    1.05122    0.00000    9    diag,B
   12      0.737D-04      0.781D-05      -306.35323388    734.627596   -0.02129    1.05196    0.00000    9    diag,B
   13      0.257D-04      0.277D-05      -306.35323393    734.627251   -0.02128    1.05180    0.00000    9    diag,B
   14      0.161D-04      0.766D-06      -306.35323394    734.627242   -0.02129    1.05178    0.00000    9    diag,B
   15      0.561D-05      0.353D-06      -306.35323394    734.627292   -0.02130    1.05178    0.00000    0    orth

 Final alpha occupancy:  17   8
 Final beta  occupancy:  17   7

 !RHF STATE 1.2 Energy               -306.353233939608
 Nuclear energy                       260.60787050
 One-electron energy                 -934.27475026
 Two-electron energy                  367.31364582
 Virial quotient                       -1.00104126
 !RHF STATE 1.2 Dipole moment          -0.02130146     1.05178090     0.00000000
 Dipole moment /Debye                  -0.05413936     2.67318531     0.00000000

 Orbital energies:

         1.1          2.1          3.1          4.1          5.1          6.1          7.1          8.1          9.1         10.1
    -20.653802   -20.646006   -11.310048   -11.234210   -11.231107    -1.528953    -1.174568    -1.052965    -0.954652    -0.780956

        11.1         12.1         13.1         14.1         15.1         16.1         17.1         18.1         19.1
     -0.680580    -0.669007    -0.598484    -0.565995    -0.548574    -0.490598    -0.451440     0.061444     0.066554

         1.2          2.2          3.2          4.2          5.2          6.2          7.2          8.2          9.2         10.2
    -11.231129    -0.954861    -0.652002    -0.589247    -0.537247    -0.528611    -0.482342    -0.552713     0.067756     0.106920

 HOMO     17.1    -0.451440 =     -12.2843eV
 LUMO     18.1     0.061444 =       1.6720eV
 LUMO-HOMO         0.512884 =      13.9563eV


 **********************************************************************************************************************************
 DATASETS  * FILE   NREC   LENGTH (MB)   RECORD NAMES
              1      18       20.80       500      610      700      900      950      970     1000      129      960     1100   
                                          VAR    BASINP    GEOM    SYMINP    ZMAT    AOBASIS   BASIS     P2S    ABASIS      S 
                                         1400     1410     1200     1210     1080     1600     1650     1700   
                                           T        V       H0       H01     AOSYM     SMH    MOLCAS    OPER   

              2       4        3.51       700     1000      520     2100   
                                         GEOM     BASIS   MCVARS     RHF  

 PROGRAMS   *        TOTAL       RHF       INT
 CPU TIMES  *        11.11      1.05      9.86
 REAL TIME  *        23.98 SEC
 DISK USED  *         1.41 GB      
 SF USED    *         0.07 MB      
 GA USED    *         0.00 MB       (max)       0.00 MB       (current)
 **********************************************************************************************************************************


 PROGRAM * CCSD (Unrestricted open-shell coupled cluster)     Authors: C. Hampel, H.-J. Werner, 1991, M. Deegan, P.J. Knowles, 1992


 Convergence thresholds:  THRVAR = 1.00D-08  THRDEN = 1.00D-06

 CCSD(T)     terms to be evaluated (factor= 1.000)


 Number of core orbitals:           6 (   5   1 )
 Number of closed-shell orbitals:  18 (  12   6 )
 Number of active  orbitals:        1 (   0   1 )
 Number of external orbitals:     158 (  94  64 )

 Memory could be reduced to 76.99 Mwords without degradation in triples

 Number of N-1 electron functions:              37
 Number of N-2 electron functions:             666
 Number of singly external CSFs:              3101
 Number of doubly external CSFs:           6372594
 Total number of CSFs:                     6375695

 Molecular orbitals read from record     2100.2  Type=RHF/CANONICAL (state 1.2)

 Integral transformation finished. Total CPU:   3.06 sec, npass=  1  Memory used:  24.22 MW

 Starting RMP2 calculation

 ITER.      SQ.NORM     CORR.ENERGY   TOTAL ENERGY   ENERGY CHANGE        DEN1      VAR(S)    VAR(P)  DIIS     TIME
   1      1.30280397    -0.96222579  -307.31545973    -0.96222579    -0.00383973  0.31D-04  0.14D-02  1  1     3.99
   2      1.30622979    -0.96638155  -307.31961549    -0.00415576    -0.00000739  0.13D-05  0.26D-05  2  2     4.87
   3      1.30631900    -0.96643387  -307.31966781    -0.00005232    -0.00000009  0.61D-07  0.14D-07  3  3     5.77
   4      1.30632125    -0.96643391  -307.31966785    -0.00000005    -0.00000000  0.15D-08  0.17D-09  4  4     6.72

 Norm of t1 vector:      0.04740017      S-energy:    -0.00428109      T1 diagnostic:  0.00072034
 Norm of t2 vector:      0.55142948      P-energy:    -0.96215283
                                         Alpha-Beta:  -0.72438792
                                         Alpha-Alpha: -0.12118386
                                         Beta-Beta:   -0.11658104

 Spin contamination <S**2-Sz**2-Sz>     0.00155739
  Reference energy                   -306.353233939607
  RHF-RMP2 correlation energy          -0.966433913695
 !RHF-RMP2 energy                    -307.319667853301

 Starting UCCSD calculation

 ITER.      SQ.NORM     CORR.ENERGY   TOTAL ENERGY   ENERGY CHANGE        DEN1      VAR(S)    VAR(P)  DIIS     TIME
   1      1.32877222    -0.99067997  -307.34391391    -0.99067997    -0.03315232  0.75D-02  0.71D-02  1  1    17.93
   2      1.36536545    -1.02387032  -307.37710426    -0.03319036    -0.00369331  0.66D-03  0.11D-02  2  2    29.16
   3      1.38466932    -1.03108972  -307.38432366    -0.00721939    -0.00096456  0.80D-03  0.85D-04  3  3    40.47
   4      1.39867837    -1.03414449  -307.38737843    -0.00305477    -0.00035041  0.28D-03  0.34D-04  4  4    51.76
   5      1.41473654    -1.03612816  -307.38936210    -0.00198367    -0.00009822  0.82D-04  0.90D-05  5  5    63.22
   6      1.42501725    -1.03700220  -307.39023614    -0.00087403    -0.00001554  0.74D-05  0.32D-05  6  6    75.00
   7      1.42803986    -1.03721514  -307.39044908    -0.00021294    -0.00000295  0.16D-05  0.61D-06  6  1    86.79
   8      1.42865833    -1.03724818  -307.39048212    -0.00003304    -0.00000053  0.21D-06  0.14D-06  6  2    99.25
   9      1.42894463    -1.03726662  -307.39050056    -0.00001845    -0.00000010  0.50D-07  0.23D-07  6  3   111.41
  10      1.42887906    -1.03725121  -307.39048515     0.00001541    -0.00000002  0.10D-07  0.42D-08  6  5   122.94
  11      1.42896188    -1.03725648  -307.39049042    -0.00000527    -0.00000000  0.13D-08  0.57D-09  6  4   134.74
  12      1.42895363    -1.03725491  -307.39048885     0.00000157    -0.00000000  0.33D-09  0.11D-09  6  6   146.41
  13      1.42895058    -1.03725482  -307.39048876     0.00000009    -0.00000000  0.64D-10  0.19D-10  6  1   158.56

 Norm of t1 vector:      0.24441296      S-energy:    -0.00490352      T1 diagnostic:  0.02753537
                                                                       D1 diagnostic:  0.14855883
 Norm of t2 vector:      0.60762891      P-energy:    -1.03235130
                                         Alpha-Beta:  -0.81184354
                                         Alpha-Alpha: -0.11083974
                                         Beta-Beta:   -0.10966802

 Singles amplitudes (print threshold =  0.500E-01):

         I         SYM. A    A   T(IA) [Beta-Beta]

        14         2         1      0.11521532
        15         2         1     -0.11023834
        16         2         1      0.09348275
        18         2         1      0.09950594

 Spin contamination <S**2-Sz**2-Sz>     0.00193097

 Memory could be reduced to 86.04 Mwords without degradation in triples


 RESULTS
 =======

  Reference energy                   -306.353233939607
  UCCSD singles energy                 -0.004903521112
  UCCSD pair energy                    -1.032351299633
  UCCSD correlation energy             -1.037254820744
  Triples (T) contribution             -0.036019937415
  Total correlation energy             -1.073274758160

  RHF-UCCSD energy                   -307.390488760351
  RHF-UCCSD[T] energy                -307.430020442363
  RHF-UCCSD-T energy                 -307.425993054009
 !RHF-UCCSD(T) energy                -307.426508697767

 Program statistics:

 Available memory in ccsd:             24999996822
 Min. memory needed in ccsd:              17902602
 Max. memory used in ccsd:                26018413
 Max. memory used in cckext:              24034012 (13 integral passes)
 Max. memory used in cckint:              24215226 ( 1 integral passes)



 **********************************************************************************************************************************
 DATASETS  * FILE   NREC   LENGTH (MB)   RECORD NAMES
              1      18       20.80       500      610      700      900      950      970     1000      129      960     1100   
                                          VAR    BASINP    GEOM    SYMINP    ZMAT    AOBASIS   BASIS     P2S    ABASIS      S 
                                         1400     1410     1200     1210     1080     1600     1650     1700   
                                           T        V       H0       H01     AOSYM     SMH    MOLCAS    OPER   

              2       4        3.51       700     1000      520     2100   
                                         GEOM     BASIS   MCVARS     RHF  

 PROGRAMS   *        TOTAL  UCCSD(T)       RHF       INT
 CPU TIMES  *       287.17    276.06      1.05      9.86
 REAL TIME  *       321.30 SEC
 DISK USED  *         7.87 GB      
 SF USED    *         1.66 GB      
 GA USED    *         0.00 MB       (max)       0.00 MB       (current)
 **********************************************************************************************************************************

 UCCSD(T)/O=AVDZ,C=AVDZ,H=VDZ energy=   -307.426508697767

        UCCSD(T)        RHF-SCF 
   -307.42650870   -306.35323394
 **********************************************************************************************************************************
 Molpro calculation terminated
 Variable memory released

 Fortran compiler diagnostic
 ***************************

 integer size                  8
 double precision size         8
 logical size                  8

 diagnostic completed successfully
