
 Primary working directories    : /scratch/saurabh/PBS_8054361.helios
 Secondary working directories  : /scratch/saurabh/PBS_8054361.helios
 Wavefunction directory         : /scratch/saurabh/PBS_8054361.helios/
 Main file repository           : /scratch/saurabh/PBS_8054361.helios/

 SHA1      : f6387f0c468d0184d0b38d85973bdb066f718752
 NAME      : 2015.1.44
 ARCHNAME  : linux/x86_64
 FC        : /opt/may/bin/gfortran
 BLASLIB   : -Wl,-_start-group /opt/intel/mkl/lib/intel64/libmkl_gf_ilp64.a /opt/intel/mkl/lib/intel64/libmkl_gnu_thread.a /opt/intel/mkl/lib/intel64/libmkl_core.a -Wl,-_end-group
 id        : ramakrishnan

 Nodes             nprocs
 hel09.tifrh.res.in    8

 Using DEFAULT tuning parameter for ncache   :   16384
 Using DEFAULT tuning parameter for mflopdgm :   10000
 Using DEFAULT tuning parameter for mflopdgv :    4000
 Using DEFAULT tuning parameter for mflopmxm :    5000
 Using DEFAULT tuning parameter for mflopmxv :    4000
 Using DEFAULT tuning parameter for mindgm   :       1
 Using DEFAULT tuning parameter for mindgc   :       4
 Using DEFAULT tuning parameter for mindgf   :    5000
 Using DEFAULT tuning parameter for mindgl   :       4
 Using DEFAULT tuning parameter for mindgr   :       1
 Using DEFAULT tuning parameter for mindgv   :      20
 Using DEFAULT tuning parameter for mincuda  :     500
 Using DEFAULT tuning parameter for mxmblk   :      64
 Using DEFAULT tuning parameter for mxmbln   :      64
 Using DEFAULT tuning parameter for nroll    :       2
 Using custom tuning parameter for ngpus     :       0
 Using customized tuning parameters: mindgm=1; mindgv=20; mindgc=4; mindgr=1; noblas=0; minvec=7
 default implementation of scratch files=sf  

 ***,Mol_05
 memory,25,g
 geometry={
 C  -1.272636  -0.676750  0.000001
 C  -0.000007  0.124048   0.000004
 C  -0.000110  1.454215   -0.000002
 C  1.272735   -0.676582  0.000001
 H  -2.153991  -0.037135  0.000036
 H  -1.322215  -1.329609  0.876239
 H  -1.322239  -1.329555  -0.876275
 H  1.322437   -1.329441  0.876233
 H  2.154004   -0.036844  0.000024
 H  1.322420   -1.329365  -0.876288
 H  -0.922249  2.021111   -0.000001
 H  0.921944   2.021249   0.000008
  }
 basis,O=AVTZ,C=AVTZ,H=VTZ
 hf;
 ccsd(t);
 

 Fortran compiler diagnostic
 ***************************

 integer size                  8
 double precision size         8
 logical size                  8

 diagnostic completed successfully

 Variables initialized (889), CPU time= 0.01 sec
 Commands  initialized (702), CPU time= 0.02 sec, 572 directives.
 Default parameters read. Elapsed time= 0.10 sec

 Using DEFAULT tuning parameter for mpplat   :       3
 Using DEFAULT tuning parameter for mppspeed :    1600
 Checking input...
 Passed
1


                                         ***  PROGRAM SYSTEM MOLPRO  ***
                                       Copyright, TTI GmbH Stuttgart, 2015
                                    Version 2015.1 linked Jun  9 2019 06:55:40


 **********************************************************************************************************************************
 LABEL *   Mol_05                                                                        
  64 bit mpp version                                                                     DATE: 12-Apr-22          TIME: 01:53:53  
 **********************************************************************************************************************************

 SHA1:             f6387f0c468d0184d0b38d85973bdb066f718752
 **********************************************************************************************************************************

Geometry recognized as XYZ


 Variable memory set to ********** words,  buffer space   230000 words

 SETTING BASIS          =    O=AVTZ,C=AVTZ,H=VTZ


 Recomputing integrals since basis changed


 Using spherical harmonics

 Library entry C      S aug-cc-pVTZ          selected for orbital group  1
 Library entry C      P aug-cc-pVTZ          selected for orbital group  1
 Library entry C      D aug-cc-pVTZ          selected for orbital group  1
 Library entry C      F aug-cc-pVTZ          selected for orbital group  1
 Library entry H      S cc-pVTZ              selected for orbital group  2
 Library entry H      P cc-pVTZ              selected for orbital group  2
 Library entry H      D cc-pVTZ              selected for orbital group  2


 PROGRAM * SEWARD (Integral evaluation for generally contracted gaussian basis sets)     Author: Roland Lindh, 1990

 Geometry written to block  1 of record 700


 Point group  C1  



 ATOMIC COORDINATES

 NR  ATOM    CHARGE       X              Y              Z

   1  C       6.00   -2.404933496   -1.278872155    0.000001890
   2  C       6.00   -0.000013228    0.234416746    0.000007559
   3  C       6.00   -0.000207870    2.748068076   -0.000003779
   4  C       6.00    2.405120579   -1.278554681    0.000001890
   5  H       1.00   -4.070453065   -0.070174980    0.000068030
   6  H       1.00   -2.498624228   -2.512596863    1.655851730
   7  H       1.00   -2.498669581   -2.512494818   -1.655919760
   8  H       1.00    2.499043747   -2.512279389    1.655840391
   9  H       1.00    4.070477631   -0.069625069    0.000045353
  10  H       1.00    2.499011622   -2.512135770   -1.655944326
  11  H       1.00   -1.742798029    3.819346257   -0.000001890
  12  H       1.00    1.742221662    3.819607040    0.000015118

 Bond lengths in Bohr (Angstrom)

 1-2  2.841423023  1-5  2.057888311  1-6  2.067049419  1-7  2.067048097  2-3  2.513651337
     ( 1.503616310)     ( 1.088987597)     ( 1.093835446)     ( 1.093834747)     ( 1.330167004)

  2- 4  2.841434703   3-11  2.045545747   3-12  2.045545508   4- 8  2.067050885   4- 9  2.057893320
       ( 1.503622491)       ( 1.082456193)       ( 1.082456067)       ( 1.093836222)       ( 1.088990248)

  4-10  2.067050000
       ( 1.093835754)

 Bond angles

  1-2-3  122.17559590   1-2-4  115.64764640   2-1-5  111.85090785   2-1-6  110.86909328

  2- 1- 7  110.86882978   2- 3-11  121.58605639   2- 3-12  121.58576207   2- 4- 8  110.87094418

  2- 4- 9  111.85072411   2- 4-10  110.86807435   3- 2- 4  122.17675770   5- 1- 6  108.29147027

  5- 1- 7  108.29176842   6- 1- 7  106.46804464   8- 4- 9  108.29073617   8- 4-10  106.46853236

  9- 4-10  108.29108215  11- 3-12  116.82818153

 NUCLEAR CHARGE:                   32
 NUMBER OF PRIMITIVE AOS:         404
 NUMBER OF SYMMETRY AOS:          360
 NUMBER OF CONTRACTIONS:          296   ( 296A   )
 NUMBER OF CORE ORBITALS:           4   (   4A   )
 NUMBER OF VALENCE ORBITALS:       24   (  24A   )


 NUCLEAR REPULSION ENERGY  119.88432360


 Eigenvalues of metric

         1 0.125E-04 0.267E-04 0.362E-04 0.687E-04 0.118E-03 0.168E-03 0.198E-03 0.216E-03


 Contracted 2-electron integrals neglected if value below      1.0D-12
 AO integral compression algorithm  1   Integral accuracy      1.0D-12

     3900.178 MB (compressed) written to integral file ( 46.5%)

     Node minimum: 446.431 MB, node maximum: 556.007 MB


 NUMBER OF SORTED TWO-ELECTRON INTEGRALS:  120758120.     BUFFER LENGTH:  32768
 NUMBER OF SEGMENTS:   8  SEGMENT LENGTH:   15996384      RECORD LENGTH: 524288

 Memory used in sort:      16.55 MW

 SORT1 READ  1049469293. AND WROTE   112508907. INTEGRALS IN    327 RECORDS. CPU TIME:    16.34 SEC, REAL TIME:    20.40 SEC
 SORT2 READ   901568866. AND WROTE   966086946. INTEGRALS IN  16968 RECORDS. CPU TIME:     2.54 SEC, REAL TIME:     3.81 SEC

 Node minimum:   120741638.  Node maximum:   120780100. integrals

 OPERATOR DM      FOR CENTER  0  COORDINATES:    0.000000    0.000000    0.000000


 **********************************************************************************************************************************
 DATASETS  * FILE   NREC   LENGTH (MB)   RECORD NAMES
              1      18       23.31       500      610      700      900      950      970     1000      129      960     1100   
                                          VAR    BASINP    GEOM    SYMINP    ZMAT    AOBASIS   BASIS     P2S    ABASIS      S 
                                         1400     1410     1200     1210     1080     1600     1650     1700   
                                           T        V       H0       H01     AOSYM     SMH    MOLCAS    OPER   

 PROGRAMS   *        TOTAL       INT
 CPU TIMES  *        42.75     42.58
 REAL TIME  *        70.01 SEC
 DISK USED  *        14.72 GB      
 GA USED    *         0.01 MB       (max)       0.00 MB       (current)
 **********************************************************************************************************************************


 PROGRAM * RHF-SCF (CLOSED SHELL)       Authors: W. Meyer, H.-J. Werner


 NUMBER OF ELECTRONS:      16+   16-    SPACE SYMMETRY=1    SPIN SYMMETRY: Singlet 
 CONVERGENCE THRESHOLDS:    1.00E-05 (Density)    1.00E-07 (Energy)
 MAX. NUMBER OF ITERATIONS:       60
 INTERPOLATION TYPE:            DIIS
 INTERPOLATION STEPS:              2 (START)      1 (STEP)
 LEVEL SHIFTS:                  0.00 (CLOSED)  0.00 (OPEN) 



 Orbital guess generated from atomic densities. Full valence occupancy:   28

 Molecular orbital dump at record        2100.2

 Initial occupancy:  16

 ITERATION    DDIFF          GRAD             ENERGY        2-EL.EN.            DIPOLE MOMENTS         DIIS   ORB.
    1      0.000D+00      0.000D+00      -156.11007821    343.676222    0.00005   -0.54369   -0.00001    0    start
    2      0.000D+00      0.286D-02      -156.16232343    339.685263    0.00002   -0.19571    0.00000    1    diag
    3      0.396D-02      0.107D-02      -156.16858018    341.296687    0.00002   -0.25678    0.00000    2    diag
    4      0.111D-02      0.320D-03      -156.16953929    340.949458    0.00002   -0.23456    0.00000    3    diag
    5      0.452D-03      0.572D-04      -156.16956573    340.986864    0.00002   -0.22857    0.00000    4    diag
    6      0.961D-04      0.227D-04      -156.16956877    340.977172    0.00002   -0.22995    0.00000    5    diag
    7      0.321D-04      0.443D-05      -156.16956899    340.980520    0.00002   -0.22888    0.00000    6    diag
    8      0.960D-05      0.217D-05      -156.16956902    340.979973    0.00002   -0.22890    0.00000    7    diag
    9      0.346D-05      0.541D-06      -156.16956903    340.980005    0.00002   -0.22878    0.00000    0    orth

 Final occupancy:  16

 !RHF STATE 1.1 Energy               -156.169569027425
 Nuclear energy                       119.88432360
 One-electron energy                 -446.54389533
 Two-electron energy                  170.49000271
 Virial quotient                       -1.00122075
 !RHF STATE 1.1 Dipole moment           0.00002006    -0.22877553     0.00000077
 Dipole moment /Debye                   0.00005099    -0.58145131     0.00000196

 Orbital energies:

         1.1          2.1          3.1          4.1          5.1          6.1          7.1          8.1          9.1         10.1
    -11.238037   -11.219004   -11.218979   -11.207390    -1.089816    -0.941725    -0.927171    -0.718925    -0.619793    -0.610452

        11.1         12.1         13.1         14.1         15.1         16.1         17.1         18.1
     -0.589989    -0.536697    -0.521354    -0.516048    -0.479007    -0.347557     0.055521     0.057325

 HOMO     16.1    -0.347557 =      -9.4575eV
 LUMO     17.1     0.055521 =       1.5108eV
 LUMO-HOMO         0.403078 =      10.9683eV


 **********************************************************************************************************************************
 DATASETS  * FILE   NREC   LENGTH (MB)   RECORD NAMES
              1      18       23.31       500      610      700      900      950      970     1000      129      960     1100   
                                          VAR    BASINP    GEOM    SYMINP    ZMAT    AOBASIS   BASIS     P2S    ABASIS      S 
                                         1400     1410     1200     1210     1080     1600     1650     1700   
                                           T        V       H0       H01     AOSYM     SMH    MOLCAS    OPER   

              2       4        4.74       700     1000      520     2100   
                                         GEOM     BASIS   MCVARS     RHF  

 PROGRAMS   *        TOTAL        HF       INT
 CPU TIMES  *        55.88     13.13     42.58
 REAL TIME  *        84.37 SEC
 DISK USED  *        14.99 GB      
 SF USED    *         0.35 MB      
 GA USED    *         0.01 MB       (max)       0.00 MB       (current)
 **********************************************************************************************************************************


 PROGRAM * CCSD (Closed-shell coupled cluster)     Authors: C. Hampel, H.-J. Werner, 1991, M. Deegan, P.J. Knowles, 1992


 Convergence thresholds:  THRVAR = 1.00D-08  THRDEN = 1.00D-06

 CCSD(T)     terms to be evaluated (factor= 1.000)


 Number of core orbitals:           4 (   4 )
 Number of closed-shell orbitals:  12 (  12 )
 Number of external orbitals:     280 ( 280 )

 Molecular orbitals read from record     2100.2  Type=RHF/CANONICAL (state 1.1)

 Number of N-1 electron functions:              12
 Number of N-2 electron functions:              78
 Number of singly external CSFs:              3360
 Number of doubly external CSFs:           5646480
 Total number of CSFs:                     5649841

 Length of J-op  integral file:               0.00 MB
 Length of K-op  integral file:               6.04 MB
 Length of 3-ext integral record:             0.00 MB

 Memory could be reduced to 333.42 Mwords without degradation in triples

 Integral transformation finished. Total CPU:  36.23 sec, npass=  1  Memory used: 182.43 MW

 Reference energy:                   -156.16956903

 MP2 singlet pair energy:              -0.46403171
 MP2 triplet pair energy:              -0.22845705
 MP2 correlation energy:               -0.69248875
 MP2 total energy:                   -156.86205778

 SCS-MP2 correlation energy:           -0.69898910   (PS=  1.200000  PT=  0.333333)
 SCS-MP2 total energy:               -156.86855813

 ITER.      SQ.NORM     CORR.ENERGY   TOTAL ENERGY   ENERGY CHANGE        DEN1      VAR(S)    VAR(P)  DIIS     TIME  TIME/IT
   1      1.24224863    -0.73118441  -156.90075344    -0.03869565    -0.02057926  0.24D-02  0.37D-02  1  1    47.68    11.68
   2      1.26003622    -0.73445493  -156.90402395    -0.00327052    -0.01721001  0.48D-04  0.48D-03  2  2    61.24    12.98
   3      1.26635639    -0.73459583  -156.90416486    -0.00014090    -0.00349331  0.21D-04  0.39D-04  3  3    73.64    13.00
   4      1.26853306    -0.73466072  -156.90422975    -0.00006489    -0.00074382  0.23D-05  0.43D-05  4  4    85.93    13.01
   5      1.26910569    -0.73466831  -156.90423733    -0.00000758    -0.00012703  0.48D-06  0.46D-06  5  5    98.23    13.03
   6      1.26924457    -0.73466256  -156.90423159     0.00000575    -0.00002048  0.80D-07  0.35D-07  6  6   110.64    13.06
   7      1.26926632    -0.73466248  -156.90423151     0.00000008     0.00000008  0.13D-07  0.44D-08  6  2   123.03    13.08
   8      1.26927183    -0.73466253  -156.90423156    -0.00000005    -0.00000039  0.26D-08  0.59D-09  6  1   135.38    13.09

 Norm of t1 vector:      0.06854564      S-energy:    -0.00000061      T1 diagnostic:  0.00989371
                                                                       D1 diagnostic:  0.03018632

 Doubles amplitudes (print threshold =  0.500E-01):

         I         J         SYM. A    SYM. B    A         B      T(IJ, AB)

        12        12         1         1        15        15     -0.07055945


 Total CPU time for triples:    218.30 sec


 RESULTS
 =======

  Reference energy                   -156.169569027428
  CCSD singlet pair energy             -0.522991629909
  CCSD triplet pair energy             -0.211670293364
  CCSD correlation energy              -0.734662534056

  Triples (T) contribution             -0.031152996562
  Total correlation energy             -0.765815530618

  CCSD total energy                  -156.904231561484
  CCSD[T] energy                     -156.936103768501
  CCSD-T energy                      -156.935086651511
 !CCSD(T) total energy               -156.935384558046

 Timing summary (sec):

 STEP                 CPU(USER)    SYS     CPU(TOT)    WALL
 Transformation         36.34      2.57     38.91     38.87
 CCSD iterations        99.09      5.94    105.03    104.95
 Triples               218.30      4.09    222.39    222.21

 Program statistics:

 Available memory in ccsd:             24999999324
 Min. memory needed in ccsd:              14631447
 Max. memory used in ccsd:                19716903
 Max. memory used in cckext:              14470088 ( 8 integral passes)



 **********************************************************************************************************************************
 DATASETS  * FILE   NREC   LENGTH (MB)   RECORD NAMES
              1      19     1164.46       500      610      700      900      950      970     1000      129      960     1100   
                                          VAR    BASINP    GEOM    SYMINP    ZMAT    AOBASIS   BASIS     P2S    ABASIS      S 
                                         1400     1410     1200     1210     1080     1600     1650     1700     1380   
                                           T        V       H0       H01     AOSYM     SMH    MOLCAS    OPER     JKOP   

              2       4        4.74       700     1000      520     2100   
                                         GEOM     BASIS   MCVARS     RHF  

 PROGRAMS   *        TOTAL   CCSD(T)        HF       INT
 CPU TIMES  *       409.65    353.77     13.13     42.58
 REAL TIME  *       450.89 SEC
 DISK USED  *        16.71 GB      
 SF USED    *         1.64 GB      
 GA USED    *         0.01 MB       (max)       0.00 MB       (current)
 **********************************************************************************************************************************

 CCSD(T)/O=AVTZ,C=AVTZ,H=VTZ energy=   -156.935384558046

        CCSD(T)         HF-SCF  
   -156.93538456   -156.16956903
 **********************************************************************************************************************************
 Molpro calculation terminated
 Variable memory released

 Fortran compiler diagnostic
 ***************************

 integer size                  8
 double precision size         8
 logical size                  8

 diagnostic completed successfully
