
 Primary working directories    : /scratch/saurabh/PBS_8055876.helios
 Secondary working directories  : /scratch/saurabh/PBS_8055876.helios
 Wavefunction directory         : /scratch/saurabh/PBS_8055876.helios/
 Main file repository           : /scratch/saurabh/PBS_8055876.helios/

 SHA1      : f6387f0c468d0184d0b38d85973bdb066f718752
 NAME      : 2015.1.44
 ARCHNAME  : linux/x86_64
 FC        : /opt/may/bin/gfortran
 BLASLIB   : -Wl,-_start-group /opt/intel/mkl/lib/intel64/libmkl_gf_ilp64.a /opt/intel/mkl/lib/intel64/libmkl_gnu_thread.a /opt/intel/mkl/lib/intel64/libmkl_core.a -Wl,-_end-group
 id        : ramakrishnan

 Nodes             nprocs
 hel06.tifrh.res.in    8

 Using DEFAULT tuning parameter for ncache   :   16384
 Using DEFAULT tuning parameter for mflopdgm :   10000
 Using DEFAULT tuning parameter for mflopdgv :    4000
 Using DEFAULT tuning parameter for mflopmxm :    5000
 Using DEFAULT tuning parameter for mflopmxv :    4000
 Using DEFAULT tuning parameter for mindgm   :       1
 Using DEFAULT tuning parameter for mindgc   :       4
 Using DEFAULT tuning parameter for mindgf   :    5000
 Using DEFAULT tuning parameter for mindgl   :       4
 Using DEFAULT tuning parameter for mindgr   :       1
 Using DEFAULT tuning parameter for mindgv   :      20
 Using DEFAULT tuning parameter for mincuda  :     500
 Using DEFAULT tuning parameter for mxmblk   :      64
 Using DEFAULT tuning parameter for mxmbln   :      64
 Using DEFAULT tuning parameter for nroll    :       2
 Using custom tuning parameter for ngpus     :       0
 Using customized tuning parameters: mindgm=1; mindgv=20; mindgc=4; mindgr=1; noblas=0; minvec=7
 default implementation of scratch files=sf  

 ***,Mol_03
 memory,25,g
 geometry={
 C  0.299981   -0.417790  1.502845
 C  0.398461   0.017356   0.081051
 C  1.599862   -0.630154  -0.616530
 C  0.416065   1.535827   -0.063131
 H  0.094122   0.282969   2.298536
 H  0.376328   -1.469121  1.746016
 H  2.525261   -0.270029  -0.168641
 H  1.599808   -0.375432  -1.676334
 H  1.564555   -1.714624  -0.518454
 O  -0.711641  -0.545907  -0.691519
 H  0.478580   1.814196   -1.114656
 H  1.276854   1.953596   0.460649
 H  -0.489456  1.969532   0.356241
 O  -1.968222  -0.013991  -0.203604
 H  -2.273367  -0.743339  0.352216
  }
 basis,O=AVDZ,C=AVDZ,H=VDZ
 {rhf
 wf,49,1,1
 }
 uccsd(t);
 

 Fortran compiler diagnostic
 ***************************

 integer size                  8
 double precision size         8
 logical size                  8

 diagnostic completed successfully

 Variables initialized (889), CPU time= 0.02 sec
 Commands  initialized (702), CPU time= 0.02 sec, 572 directives.
 Default parameters read. Elapsed time= 0.10 sec

 Using DEFAULT tuning parameter for mpplat   :       3
 Using DEFAULT tuning parameter for mppspeed :    1600
 Checking input...
 Passed
1


                                         ***  PROGRAM SYSTEM MOLPRO  ***
                                       Copyright, TTI GmbH Stuttgart, 2015
                                    Version 2015.1 linked Jun  9 2019 06:55:40


 **********************************************************************************************************************************
 LABEL *   Mol_03                                                                        
  64 bit mpp version                                                                     DATE: 18-Apr-22          TIME: 14:47:21  
 **********************************************************************************************************************************

 SHA1:             f6387f0c468d0184d0b38d85973bdb066f718752
 **********************************************************************************************************************************

Geometry recognized as XYZ


 Variable memory set to ********** words,  buffer space   230000 words

 SETTING BASIS          =    O=AVDZ,C=AVDZ,H=VDZ


 Recomputing integrals since basis changed


 Using spherical harmonics

 Library entry C      S aug-cc-pVDZ          selected for orbital group  1
 Library entry C      P aug-cc-pVDZ          selected for orbital group  1
 Library entry C      D aug-cc-pVDZ          selected for orbital group  1
 Library entry H      S cc-pVDZ              selected for orbital group  2
 Library entry H      P cc-pVDZ              selected for orbital group  2
 Library entry O      S aug-cc-pVDZ          selected for orbital group  3
 Library entry O      P aug-cc-pVDZ          selected for orbital group  3
 Library entry O      D aug-cc-pVDZ          selected for orbital group  3


 PROGRAM * SEWARD (Integral evaluation for generally contracted gaussian basis sets)     Author: Roland Lindh, 1990

 Geometry written to block  1 of record 700


 Point group  C1  



 ATOMIC COORDINATES

 NR  ATOM    CHARGE       X              Y              Z

   1  C       6.00    0.566881933   -0.789508678    2.839965458
   2  C       6.00    0.752982161    0.032798087    0.153164192
   3  C       6.00    3.023301017   -1.190818476   -1.165072848
   4  C       6.00    0.786248900    2.902292405   -0.119300300
   5  H       1.00    0.177864802    0.534733912    4.343603527
   6  H       1.00    0.711156853   -2.776236334    3.299492049
   7  H       1.00    4.772051683   -0.510280856   -0.318685303
   8  H       1.00    3.023198972   -0.709463658   -3.167812153
   9  H       1.00    2.956580457   -3.240169767   -0.979736068
  10  O       8.00   -1.344806589   -1.031614719   -1.306781520
  11  H       1.00    0.904385129    3.428333576   -2.106394563
  12  H       1.00    2.412904361    3.691761398    0.870500450
  13  H       1.00   -0.924937790    3.721876074    0.673197924
  14  O       8.00   -3.719400532   -0.026439158   -0.384755798
  15  H       1.00   -4.296041011   -1.404707128    0.665591777

 Bond lengths in Bohr (Angstrom)

 1-2  2.815976340  1-5  2.041048801  1-6  2.044276576  2-3  2.896434721  2-4  2.882592794
     ( 1.490150506)     ( 1.080076512)     ( 1.081784577)     ( 1.532727247)     ( 1.525402415)

  2-10  2.768597794   3- 7  2.058551000   3- 8  2.059773579   3- 9  2.058796266   4-11  2.058936399
       ( 1.465078859)       ( 1.089338277)       ( 1.089985238)       ( 1.089468066)       ( 1.089542221)

  4-12  2.061304151   4-13  2.056193258  10-14  2.738467772  14-15  1.826298679
       ( 1.090795182)       ( 1.088090613)       ( 1.449134738)       ( 0.966435641)

 Bond angles

  1- 2- 3  111.26514517   1- 2- 4  112.43501569   1- 2-10  109.92507566   2- 1- 5  121.73828859

  2-1-6  119.57783952   2-3-7  109.82098213   2-3-8  110.10599383   2-3-9  110.74104169

  2- 4-11  110.25600952   2- 4-12  110.18024535   2- 4-13  110.53302319   2-10-14  109.77713124

  3- 2- 4  111.62141269   3- 2-10  101.04041683   4- 2-10  109.97521675   5- 1- 6  118.58039730

  7- 3- 8  108.81766440   7- 3- 9  108.63820717   8- 3- 9  108.67191283  10-14-15  100.97721710

 11- 4-12  108.68083915  11- 4-13  108.53504253  12- 4-13  108.60242682

 NUCLEAR CHARGE:                   49
 NUMBER OF PRIMITIVE AOS:         285
 NUMBER OF SYMMETRY AOS:          273
 NUMBER OF CONTRACTIONS:          183   ( 183A   )
 NUMBER OF CORE ORBITALS:           6   (   6A   )
 NUMBER OF VALENCE ORBITALS:       33   (  33A   )


 NUCLEAR REPULSION ENERGY  259.05744286


 Eigenvalues of metric

         1 0.666E-04 0.137E-03 0.141E-03 0.213E-03 0.261E-03 0.329E-03 0.588E-03 0.130E-02


 Contracted 2-electron integrals neglected if value below      1.0D-11
 AO integral compression algorithm  1   Integral accuracy      1.0D-11

     643.564 MB (compressed) written to integral file ( 51.0%)

     Node minimum: 73.662 MB, node maximum: 87.294 MB


 NUMBER OF SORTED TWO-ELECTRON INTEGRALS:   17715680.     BUFFER LENGTH:  32768
 NUMBER OF SEGMENTS:   2  SEGMENT LENGTH:   15992000      RECORD LENGTH: 524288

 Memory used in sort:      16.55 MW

 SORT1 READ   157754998. AND WROTE    17423399. INTEGRALS IN     51 RECORDS. CPU TIME:     2.14 SEC, REAL TIME:     2.32 SEC
 SORT2 READ   139325846. AND WROTE   141733866. INTEGRALS IN   2504 RECORDS. CPU TIME:     0.34 SEC, REAL TIME:     0.48 SEC

 Node minimum:    17709368.  Node maximum:    17724100. integrals

 OPERATOR DM      FOR CENTER  0  COORDINATES:    0.000000    0.000000    0.000000


 **********************************************************************************************************************************
 DATASETS  * FILE   NREC   LENGTH (MB)   RECORD NAMES
              1      18       21.38       500      610      700      900      950      970     1000      129      960     1100   
                                          VAR    BASINP    GEOM    SYMINP    ZMAT    AOBASIS   BASIS     P2S    ABASIS      S 
                                         1400     1410     1200     1210     1080     1600     1650     1700   
                                           T        V       H0       H01     AOSYM     SMH    MOLCAS    OPER   

 PROGRAMS   *        TOTAL       INT
 CPU TIMES  *        11.08     10.92
 REAL TIME  *        26.00 SEC
 DISK USED  *         2.31 GB      
 GA USED    *         0.01 MB       (max)       0.00 MB       (current)
 **********************************************************************************************************************************


 PROGRAM * RHF-SCF (OPEN SHELL)       Authors: W. Meyer, H.-J. Werner


 NUMBER OF ELECTRONS:      25+   24-    SPACE SYMMETRY=1    SPIN SYMMETRY: Doublet 
 CONVERGENCE THRESHOLDS:    1.00E-05 (Density)    1.00E-07 (Energy)
 MAX. NUMBER OF ITERATIONS:       60
 INTERPOLATION TYPE:            DIIS
 INTERPOLATION STEPS:              2 (START)      1 (STEP)
 LEVEL SHIFTS:                 -0.60 (CLOSED) -0.30 (OPEN) 



 Orbital guess generated from atomic densities. Full valence occupancy:   39

 Molecular orbital dump at record        2100.2

 Initial alpha occupancy:  25
 Initial beta  occupancy:  24
 Wave function symmetry:    1

 ITERATION    DDIFF          GRAD             ENERGY        2-EL.EN.            DIPOLE MOMENTS         DIIS   ORB.
    1      0.000D+00      0.000D+00      -306.23013558    732.763190    0.44585   -0.37769    0.83181    0    start
    2      0.000D+00      0.387D-02      -306.29949226    732.699112    0.44089   -0.18572    0.75344    1    diag,B
    3      0.607D-02      0.139D-02      -306.31489341    732.495447    0.42130   -0.18662    0.71401    2    diag,B
    4      0.271D-02      0.613D-03      -306.31933205    732.548782    0.41284   -0.16646    0.71878    3    diag,B
    5      0.166D-02      0.210D-03      -306.31990636    732.533999    0.41867   -0.16774    0.71843    4    diag,B
    6      0.717D-03      0.803D-04      -306.32000976    732.525362    0.42290   -0.16524    0.72214    5    diag,B
    7      0.456D-03      0.283D-04      -306.32002377    732.525736    0.42565   -0.16442    0.72227    6    fixocc
    8      0.184D-03      0.119D-04      -306.32002663    732.526004    0.42728   -0.16397    0.72219    7    diag,B
    9      0.690D-04      0.478D-05      -306.32002714    732.526743    0.42819   -0.16392    0.72213    8    diag,B
   10      0.315D-04      0.192D-05      -306.32002722    732.526774    0.42862   -0.16393    0.72208    9    orth
   11      0.170D-04      0.690D-06      -306.32002723    732.526800    0.42876   -0.16395    0.72206    9    diag,B
   12      0.527D-05      0.288D-06      -306.32002723    732.526779    0.42878   -0.16395    0.72205    0    orth

 Final alpha occupancy:  25
 Final beta  occupancy:  24

 !RHF STATE 1.1 Energy               -306.320027233089
 Nuclear energy                       259.05744286
 One-electron energy                 -931.64085961
 Two-electron energy                  366.26338952
 Virial quotient                       -1.00134627
 !RHF STATE 1.1 Dipole moment           0.42877603    -0.16394830     0.72204957
 Dipole moment /Debye                   1.08976859    -0.41668772     1.83514676

 Orbital energies:

         1.1          2.1          3.1          4.1          5.1          6.1          7.1          8.1          9.1         10.1
    -20.624019   -20.623682   -11.304537   -11.237666   -11.228547   -11.222070    -1.465906    -1.227403    -1.057294    -0.946565

        11.1         12.1         13.1         14.1         15.1         16.1         17.1         18.1         19.1         20.1
     -0.921891    -0.764284    -0.705332    -0.655103    -0.638371    -0.620687    -0.587078    -0.548342    -0.540754    -0.530339

        21.1         22.1         23.1         24.1         25.1         26.1         27.1
     -0.513834    -0.486802    -0.467474    -0.449364    -0.379383     0.061507     0.067814

 HOMO     25.1    -0.379383 =     -10.3235eV
 LUMO     26.1     0.061507 =       1.6737eV
 LUMO-HOMO         0.440890 =      11.9972eV


 **********************************************************************************************************************************
 DATASETS  * FILE   NREC   LENGTH (MB)   RECORD NAMES
              1      18       21.38       500      610      700      900      950      970     1000      129      960     1100   
                                          VAR    BASINP    GEOM    SYMINP    ZMAT    AOBASIS   BASIS     P2S    ABASIS      S 
                                         1400     1410     1200     1210     1080     1600     1650     1700   
                                           T        V       H0       H01     AOSYM     SMH    MOLCAS    OPER   

              2       4        3.95       700     1000      520     2100   
                                         GEOM     BASIS   MCVARS     RHF  

 PROGRAMS   *        TOTAL       RHF       INT
 CPU TIMES  *        13.41      2.33     10.92
 REAL TIME  *        28.84 SEC
 DISK USED  *         2.55 GB      
 SF USED    *         0.13 MB      
 GA USED    *         0.01 MB       (max)       0.00 MB       (current)
 **********************************************************************************************************************************


 PROGRAM * CCSD (Unrestricted open-shell coupled cluster)     Authors: C. Hampel, H.-J. Werner, 1991, M. Deegan, P.J. Knowles, 1992


 Convergence thresholds:  THRVAR = 1.00D-08  THRDEN = 1.00D-06

 CCSD(T)     terms to be evaluated (factor= 1.000)


 Number of core orbitals:           6 (   6 )
 Number of closed-shell orbitals:  18 (  18 )
 Number of active  orbitals:        1 (   1 )
 Number of external orbitals:     158 ( 158 )

 Memory could be reduced to 152.34 Mwords without degradation in triples

 Number of N-1 electron functions:              37
 Number of N-2 electron functions:             666
 Number of singly external CSFs:              5883
 Number of doubly external CSFs:          12715866
 Total number of CSFs:                    12721749

 Molecular orbitals read from record     2100.2  Type=RHF/CANONICAL (state 1.1)

 Integral transformation finished. Total CPU:   8.57 sec, npass=  1  Memory used:  72.68 MW

 Starting RMP2 calculation

 ITER.      SQ.NORM     CORR.ENERGY   TOTAL ENERGY   ENERGY CHANGE        DEN1      VAR(S)    VAR(P)  DIIS     TIME
   1      1.30794043    -0.97306346  -307.29309070    -0.97306346    -0.00374200  0.11D-04  0.14D-02  1  1    11.07
   2      1.31123434    -0.97708702  -307.29711425    -0.00402356    -0.00000368  0.12D-06  0.16D-05  2  2    13.12
   3      1.31129993    -0.97712966  -307.29715689    -0.00004264    -0.00000001  0.45D-08  0.46D-08  3  3    15.65
   4      1.31130030    -0.97712951  -307.29715674     0.00000015    -0.00000000  0.13D-09  0.15D-10  4  4    18.05

 Norm of t1 vector:      0.04111916      S-energy:    -0.00259628      T1 diagnostic:  0.00020512
 Norm of t2 vector:      0.55642566      P-energy:    -0.97453322
                                         Alpha-Beta:  -0.73323039
                                         Alpha-Alpha: -0.12705018
                                         Beta-Beta:   -0.11425265

 Spin contamination <S**2-Sz**2-Sz>     0.00080118
  Reference energy                   -306.320027233087
  RHF-RMP2 correlation energy          -0.977129508027
 !RHF-RMP2 energy                    -307.297156741114

 Starting UCCSD calculation

 ITER.      SQ.NORM     CORR.ENERGY   TOTAL ENERGY   ENERGY CHANGE        DEN1      VAR(S)    VAR(P)  DIIS     TIME
   1      1.33073173    -0.99956630  -307.31959353    -0.99956630    -0.03076237  0.48D-02  0.71D-02  1  1    58.85
   2      1.36467303    -1.03229756  -307.35232480    -0.03273127    -0.00222142  0.16D-03  0.75D-03  2  2    99.80
   3      1.37490742    -1.03725412  -307.35728135    -0.00495655    -0.00028311  0.13D-03  0.58D-04  3  3   143.72
   4      1.37888957    -1.03869143  -307.35871866    -0.00143731    -0.00004260  0.15D-04  0.12D-04  4  4   186.90
   5      1.38028670    -1.03895550  -307.35898274    -0.00026407    -0.00001150  0.90D-05  0.17D-05  5  5   237.79
   6      1.38092118    -1.03903471  -307.35906195    -0.00007921    -0.00000306  0.21D-05  0.57D-06  6  6   284.62
   7      1.38128772    -1.03907593  -307.35910316    -0.00004121    -0.00000093  0.80D-06  0.12D-06  6  1   325.55
   8      1.38143437    -1.03908442  -307.35911166    -0.00000850    -0.00000026  0.17D-06  0.50D-07  6  2   355.98
   9      1.38150757    -1.03908628  -307.35911351    -0.00000185    -0.00000007  0.53D-07  0.11D-07  6  3   387.02
  10      1.38153054    -1.03908693  -307.35911417    -0.00000066    -0.00000001  0.82D-08  0.29D-08  6  4   417.76
  11      1.38152613    -1.03908222  -307.35910945     0.00000472    -0.00000000  0.16D-08  0.62D-09  6  6   447.91
  12      1.38152733    -1.03908151  -307.35910874     0.00000071    -0.00000000  0.34D-09  0.10D-09  6  5   478.28

 Norm of t1 vector:      0.12895986      S-energy:    -0.00312746      T1 diagnostic:  0.01363952
                                                                       D1 diagnostic:  0.03564704
 Norm of t2 vector:      0.60406679      P-energy:    -1.03595404
                                         Alpha-Beta:  -0.81656888
                                         Alpha-Alpha: -0.11623225
                                         Beta-Beta:   -0.10315290

 Spin contamination <S**2-Sz**2-Sz>     0.00073771

 Memory could be reduced to 171.29 Mwords without degradation in triples


 RESULTS
 =======

  Reference energy                   -306.320027233087
  UCCSD singles energy                 -0.003127463694
  UCCSD pair energy                    -1.035954041596
  UCCSD correlation energy             -1.039081505290
  Triples (T) contribution             -0.035698107373
  Total correlation energy             -1.074779612663

  RHF-UCCSD energy                   -307.359108738377
  RHF-UCCSD[T] energy                -307.396515481448
  RHF-UCCSD-T energy                 -307.394144516556
 !RHF-UCCSD(T) energy                -307.394806845750

 Program statistics:

 Available memory in ccsd:             24999996822
 Min. memory needed in ccsd:              35682518
 Max. memory used in ccsd:                51889415
 Max. memory used in cckext:              46326347 (12 integral passes)
 Max. memory used in cckint:              72677837 ( 1 integral passes)



 **********************************************************************************************************************************
 DATASETS  * FILE   NREC   LENGTH (MB)   RECORD NAMES
              1      18       21.38       500      610      700      900      950      970     1000      129      960     1100   
                                          VAR    BASINP    GEOM    SYMINP    ZMAT    AOBASIS   BASIS     P2S    ABASIS      S 
                                         1400     1410     1200     1210     1080     1600     1650     1700   
                                           T        V       H0       H01     AOSYM     SMH    MOLCAS    OPER   

              2       4        3.95       700     1000      520     2100   
                                         GEOM     BASIS   MCVARS     RHF  

 PROGRAMS   *        TOTAL  UCCSD(T)       RHF       INT
 CPU TIMES  *       785.07    771.66      2.33     10.92
 REAL TIME  *       832.45 SEC
 DISK USED  *        15.45 GB      
 SF USED    *         3.30 GB      
 GA USED    *         0.01 MB       (max)       0.00 MB       (current)
 **********************************************************************************************************************************

 UCCSD(T)/O=AVDZ,C=AVDZ,H=VDZ energy=   -307.394806845750

        UCCSD(T)        RHF-SCF 
   -307.39480685   -306.32002723
 **********************************************************************************************************************************
 Molpro calculation terminated
 Variable memory released

 Fortran compiler diagnostic
 ***************************

 integer size                  8
 double precision size         8
 logical size                  8

 diagnostic completed successfully
