
 Primary working directories    : /scratch/saurabh/PBS_8055871.helios
 Secondary working directories  : /scratch/saurabh/PBS_8055871.helios
 Wavefunction directory         : /scratch/saurabh/PBS_8055871.helios/
 Main file repository           : /scratch/saurabh/PBS_8055871.helios/

 SHA1      : f6387f0c468d0184d0b38d85973bdb066f718752
 NAME      : 2015.1.44
 ARCHNAME  : linux/x86_64
 FC        : /opt/may/bin/gfortran
 BLASLIB   : -Wl,-_start-group /opt/intel/mkl/lib/intel64/libmkl_gf_ilp64.a /opt/intel/mkl/lib/intel64/libmkl_gnu_thread.a /opt/intel/mkl/lib/intel64/libmkl_core.a -Wl,-_end-group
 id        : ramakrishnan

 Nodes             nprocs
 hel01.tifrh.res.in    8

 Using DEFAULT tuning parameter for ncache   :   16384
 Using DEFAULT tuning parameter for mflopdgm :   10000
 Using DEFAULT tuning parameter for mflopdgv :    4000
 Using DEFAULT tuning parameter for mflopmxm :    5000
 Using DEFAULT tuning parameter for mflopmxv :    4000
 Using DEFAULT tuning parameter for mindgm   :       1
 Using DEFAULT tuning parameter for mindgc   :       4
 Using DEFAULT tuning parameter for mindgf   :    5000
 Using DEFAULT tuning parameter for mindgl   :       4
 Using DEFAULT tuning parameter for mindgr   :       1
 Using DEFAULT tuning parameter for mindgv   :      20
 Using DEFAULT tuning parameter for mincuda  :     500
 Using DEFAULT tuning parameter for mxmblk   :      64
 Using DEFAULT tuning parameter for mxmbln   :      64
 Using DEFAULT tuning parameter for nroll    :       2
 Using custom tuning parameter for ngpus     :       0
 Using customized tuning parameters: mindgm=1; mindgv=20; mindgc=4; mindgr=1; noblas=0; minvec=7
 default implementation of scratch files=sf  

 ***,Mol_01
 memory,25,g
 geometry={
 C  0.587488   -1.361150  0.014532
 C  -0.000027  -0.000011  -0.148270
 C  -1.472550  0.171814   0.014623
 C  0.885071   1.189347   0.014314
 H  1.581371   -1.430125  -0.433166
 H  -0.043758  -2.131690  -0.433583
 H  0.705018   -1.634109  1.076509
 H  -1.824088  1.104079   -0.432927
 H  -1.767707  0.205859   1.076623
 H  -2.029355  -0.654072  -0.433583
 H  1.867952   1.027801   -0.433852
 H  1.062775   1.427714   1.076254
 H  0.447901   2.084541   -0.433467
  }
 basis,O=AVTZ,C=AVTZ,H=VTZ
 {rhf
 wf,33,1,1
 }
 uccsd(t);
 

 Fortran compiler diagnostic
 ***************************

 integer size                  8
 double precision size         8
 logical size                  8

 diagnostic completed successfully

 Variables initialized (889), CPU time= 0.02 sec
 Commands  initialized (702), CPU time= 0.02 sec, 572 directives.
 Default parameters read. Elapsed time= 0.09 sec

 Using DEFAULT tuning parameter for mpplat   :       3
 Using DEFAULT tuning parameter for mppspeed :    1600
 Checking input...
 Passed
1


                                         ***  PROGRAM SYSTEM MOLPRO  ***
                                       Copyright, TTI GmbH Stuttgart, 2015
                                    Version 2015.1 linked Jun  9 2019 06:55:40


 **********************************************************************************************************************************
 LABEL *   Mol_01                                                                        
  64 bit mpp version                                                                     DATE: 18-Apr-22          TIME: 15:28:21  
 **********************************************************************************************************************************

 SHA1:             f6387f0c468d0184d0b38d85973bdb066f718752
 **********************************************************************************************************************************

Geometry recognized as XYZ


 Variable memory set to ********** words,  buffer space   230000 words

 SETTING BASIS          =    O=AVTZ,C=AVTZ,H=VTZ


 Recomputing integrals since basis changed


 Using spherical harmonics

 Library entry C      S aug-cc-pVTZ          selected for orbital group  1
 Library entry C      P aug-cc-pVTZ          selected for orbital group  1
 Library entry C      D aug-cc-pVTZ          selected for orbital group  1
 Library entry C      F aug-cc-pVTZ          selected for orbital group  1
 Library entry H      S cc-pVTZ              selected for orbital group  2
 Library entry H      P cc-pVTZ              selected for orbital group  2
 Library entry H      D cc-pVTZ              selected for orbital group  2


 PROGRAM * SEWARD (Integral evaluation for generally contracted gaussian basis sets)     Author: Roland Lindh, 1990

 Geometry written to block  1 of record 700


 Point group  C1  



 ATOMIC COORDINATES

 NR  ATOM    CHARGE       X              Y              Z

   1  C       6.00    1.110191421   -2.572200714    0.027461500
   2  C       6.00   -0.000051023   -0.000020787   -0.280189692
   3  C       6.00   -2.782716205    0.324681404    0.027633465
   4  C       6.00    1.672541791    2.247540097    0.027049540
   5  H       1.00    2.988358091   -2.702544574   -0.818565106
   6  H       1.00   -0.082690636   -4.028310282   -0.819353122
   7  H       1.00    1.332290933   -3.088018468    2.034307181
   8  H       1.00   -3.447026747    2.086406930   -0.818113462
   9  H       1.00   -3.340482098    0.389017130    2.034522609
  10  H       1.00   -3.834925160   -1.236016946   -0.819353122
  11  H       1.00    3.529917694    1.942262401   -0.819861459
  12  H       1.00    2.008353682    2.697988444    2.033825300
  13  H       1.00    0.846410221    3.939211585   -0.819133914

 Bond lengths in Bohr (Angstrom)

 1-2  2.818403293  1-5  2.064039869  1-6  2.064053701  1-7  2.083944753  2-3  2.818405955
     ( 1.491434794)     ( 1.092242861)     ( 1.092250181)     ( 1.102776072)     ( 1.491436202)

  2- 4  2.818420230   3- 8  2.064042923   3- 9  2.083949595   3-10  2.064051672   4-11  2.064048923
       ( 1.491443757)       ( 1.092244477)       ( 1.102778634)       ( 1.092249107)       ( 1.092247652)

  4-12  2.083943928   4-13  2.064042692
       ( 1.102775635)       ( 1.092244355)

 Bond angles

  1-2-3  118.82600482   1-2-4  118.82338880   2-1-5  111.79841107   2-1-6  111.80098227

  2- 1- 7  111.90066880   2- 3- 8  111.79880473   2- 3- 9  111.90021286   2- 3-10  111.80095111

  2- 4-11  111.79914848   2- 4-12  111.89925727   2- 4-13  111.79999300   3- 2- 4  118.82564408

  5-1-6  108.25057095   5-1-7  106.38643773   6-1-7  106.38363627   8-3-9  106.38605998

  8- 3-10  108.25032985   9- 3-10  106.38434896  11- 4-12  106.38459494  11- 4-13  108.25081109

 12- 4-13  106.38702337

 NUCLEAR CHARGE:                   33
 NUMBER OF PRIMITIVE AOS:         421
 NUMBER OF SYMMETRY AOS:          376
 NUMBER OF CONTRACTIONS:          310   ( 310A   )
 NUMBER OF CORE ORBITALS:           4   (   4A   )
 NUMBER OF VALENCE ORBITALS:       25   (  25A   )


 NUCLEAR REPULSION ENERGY  125.48977720


 Eigenvalues of metric

         1 0.315E-04 0.316E-04 0.431E-04 0.158E-03 0.158E-03 0.162E-03 0.206E-03 0.240E-03


 Contracted 2-electron integrals neglected if value below      1.0D-12
 AO integral compression algorithm  1   Integral accuracy      1.0D-12

     5113.381 MB (compressed) written to integral file ( 51.0%)

     Node minimum: 594.805 MB, node maximum: 697.565 MB


 NUMBER OF SORTED TWO-ELECTRON INTEGRALS:  145226600.     BUFFER LENGTH:  32768
 NUMBER OF SEGMENTS:   5  SEGMENT LENGTH:   31996696      RECORD LENGTH: 524288

 Memory used in sort:      32.55 MW

 SORT1 READ  1253500860. AND WROTE   137127191. INTEGRALS IN    395 RECORDS. CPU TIME:    16.98 SEC, REAL TIME:    41.48 SEC
 SORT2 READ  1098830507. AND WROTE  1161885115. INTEGRALS IN  19472 RECORDS. CPU TIME:     2.28 SEC, REAL TIME:    53.92 SEC

 Node minimum:   145214550.  Node maximum:   145256730. integrals

 OPERATOR DM      FOR CENTER  0  COORDINATES:    0.000000    0.000000    0.000000


 **********************************************************************************************************************************
 DATASETS  * FILE   NREC   LENGTH (MB)   RECORD NAMES
              1      18       23.63       500      610      700      900      950      970     1000      129      960     1100   
                                          VAR    BASINP    GEOM    SYMINP    ZMAT    AOBASIS   BASIS     P2S    ABASIS      S 
                                         1400     1410     1200     1210     1080     1600     1650     1700   
                                           T        V       H0       H01     AOSYM     SMH    MOLCAS    OPER   

 PROGRAMS   *        TOTAL       INT
 CPU TIMES  *        38.60     38.40
 REAL TIME  *       127.34 SEC
 DISK USED  *        18.26 GB      
 GA USED    *         0.01 MB       (max)       0.00 MB       (current)
 **********************************************************************************************************************************


 PROGRAM * RHF-SCF (OPEN SHELL)       Authors: W. Meyer, H.-J. Werner


 NUMBER OF ELECTRONS:      17+   16-    SPACE SYMMETRY=1    SPIN SYMMETRY: Doublet 
 CONVERGENCE THRESHOLDS:    1.00E-05 (Density)    1.00E-07 (Energy)
 MAX. NUMBER OF ITERATIONS:       60
 INTERPOLATION TYPE:            DIIS
 INTERPOLATION STEPS:              2 (START)      1 (STEP)
 LEVEL SHIFTS:                 -0.60 (CLOSED) -0.30 (OPEN) 



 Orbital guess generated from atomic densities. Full valence occupancy:   29

 Molecular orbital dump at record        2100.2

 Initial alpha occupancy:  17
 Initial beta  occupancy:  16
 Wave function symmetry:    1

 ITERATION    DDIFF          GRAD             ENERGY        2-EL.EN.            DIPOLE MOMENTS         DIIS   ORB.
    1      0.000D+00      0.000D+00      -156.65318989    355.301759    0.00001   -0.00002    0.25053    0    start
    2      0.000D+00      0.267D-02      -156.70738390    352.428941    0.00001    0.00000    0.12591    1    diag,B
    3      0.276D-02      0.108D-02      -156.72139402    352.496590    0.00001    0.00000    0.09901    2    diag,B
    4      0.101D-02      0.493D-03      -156.72591838    352.473163    0.00001    0.00001    0.07953    3    diag,B
    5      0.742D-03      0.134D-03      -156.72632221    352.471815    0.00001    0.00001    0.07284    4    diag,B
    6      0.342D-03      0.426D-04      -156.72636624    352.467285    0.00001    0.00001    0.06989    5    diag,B
    7      0.149D-03      0.132D-04      -156.72637119    352.466363    0.00001    0.00001    0.06885    6    fixocc
    8      0.640D-04      0.489D-05      -156.72637203    352.466307    0.00001    0.00001    0.06848    7    diag,B
    9      0.301D-04      0.179D-05      -156.72637215    352.466417    0.00001    0.00001    0.06839    8    diag,B
   10      0.768D-05      0.523D-06      -156.72637216    352.466379    0.00001    0.00001    0.06837    9    orth
   11      0.453D-05      0.150D-06      -156.72637216    352.466385    0.00001    0.00001    0.06837    0    orth

 Final alpha occupancy:  17
 Final beta  occupancy:  16

 !RHF STATE 1.1 Energy               -156.726372157239
 Nuclear energy                       125.48977720
 One-electron energy                 -458.44934196
 Two-electron energy                  176.23319260
 Virial quotient                       -1.00093662
 !RHF STATE 1.1 Dipole moment           0.00000667     0.00000797     0.06837197
 Dipole moment /Debye                   0.00001694     0.00002025     0.17377282

 Orbital energies:

         1.1          2.1          3.1          4.1          5.1          6.1          7.1          8.1          9.1         10.1
    -11.215644   -11.212716   -11.212715   -11.212567    -1.068393    -0.935296    -0.935293    -0.721332    -0.598125    -0.598113

        11.1         12.1         13.1         14.1         15.1         16.1         17.1         18.1         19.1
     -0.584311    -0.530401    -0.530391    -0.513355    -0.480794    -0.480788    -0.322492     0.058265     0.058266

 HOMO     17.1    -0.322492 =      -8.7754eV
 LUMO     18.1     0.058265 =       1.5855eV
 LUMO-HOMO         0.380757 =      10.3609eV


 **********************************************************************************************************************************
 DATASETS  * FILE   NREC   LENGTH (MB)   RECORD NAMES
              1      18       23.63       500      610      700      900      950      970     1000      129      960     1100   
                                          VAR    BASINP    GEOM    SYMINP    ZMAT    AOBASIS   BASIS     P2S    ABASIS      S 
                                         1400     1410     1200     1210     1080     1600     1650     1700   
                                           T        V       H0       H01     AOSYM     SMH    MOLCAS    OPER   

              2       4        5.70       700     1000      520     2100   
                                         GEOM     BASIS   MCVARS     RHF  

 PROGRAMS   *        TOTAL       RHF       INT
 CPU TIMES  *       100.84     62.25     38.40
 REAL TIME  *       192.72 SEC
 DISK USED  *        18.60 GB      
 SF USED    *         0.39 MB      
 GA USED    *         0.01 MB       (max)       0.00 MB       (current)
 **********************************************************************************************************************************


 PROGRAM * CCSD (Unrestricted open-shell coupled cluster)     Authors: C. Hampel, H.-J. Werner, 1991, M. Deegan, P.J. Knowles, 1992


 Convergence thresholds:  THRVAR = 1.00D-08  THRDEN = 1.00D-06

 CCSD(T)     terms to be evaluated (factor= 1.000)


 Number of core orbitals:           4 (   4 )
 Number of closed-shell orbitals:  12 (  12 )
 Number of active  orbitals:        1 (   1 )
 Number of external orbitals:     293 ( 293 )

 Memory could be reduced to 558.73 Mwords without degradation in triples

 Number of N-1 electron functions:              25
 Number of N-2 electron functions:             300
 Number of singly external CSFs:              7350
 Number of doubly external CSFs:          19686240
 Total number of CSFs:                    19693590

 Molecular orbitals read from record     2100.2  Type=RHF/CANONICAL (state 1.1)

 Integral transformation finished. Total CPU:  47.57 sec, npass=  1  Memory used: 225.81 MW

 Starting RMP2 calculation

 ITER.      SQ.NORM     CORR.ENERGY   TOTAL ENERGY   ENERGY CHANGE        DEN1      VAR(S)    VAR(P)  DIIS     TIME
   1      1.21392397    -0.69051795  -157.41689010    -0.69051795    -0.00263567  0.21D-04  0.99D-03  1  1    52.43
   2      1.21633312    -0.69336511  -157.41973727    -0.00284716    -0.00000441  0.51D-06  0.18D-05  2  2    55.72
   3      1.21639550    -0.69340389  -157.41977605    -0.00003879    -0.00000003  0.16D-07  0.78D-08  3  3    59.41
   4      1.21639659    -0.69340390  -157.41977606    -0.00000001    -0.00000000  0.39D-09  0.44D-10  4  4    63.42

 Norm of t1 vector:      0.04353332      S-energy:    -0.00284039      T1 diagnostic:  0.00056973
 Norm of t2 vector:      0.46314301      P-energy:    -0.69056352
                                         Alpha-Beta:  -0.54082622
                                         Alpha-Alpha: -0.08175424
                                         Beta-Beta:   -0.06798307

 Spin contamination <S**2-Sz**2-Sz>     0.00133616
  Reference energy                   -156.726372157241
  RHF-RMP2 correlation energy          -0.693403903498
 !RHF-RMP2 energy                    -157.419776060739

 Starting UCCSD calculation

 ITER.      SQ.NORM     CORR.ENERGY   TOTAL ENERGY   ENERGY CHANGE        DEN1      VAR(S)    VAR(P)  DIIS     TIME
   1      1.23660658    -0.71867953  -157.44505169    -0.71867953    -0.01981138  0.22D-02  0.49D-02  1  1   130.44
   2      1.25889140    -0.74021891  -157.46659107    -0.02153939    -0.00116024  0.13D-03  0.34D-03  2  2   189.67
   3      1.26481183    -0.74318637  -157.46955852    -0.00296745    -0.00014762  0.67D-04  0.31D-04  3  3   249.91
   4      1.26700353    -0.74399965  -157.47037181    -0.00081328    -0.00002152  0.90D-05  0.53D-05  4  4   304.88
   5      1.26789393    -0.74419718  -157.47056933    -0.00019753    -0.00000397  0.24D-05  0.78D-06  5  5   357.47
   6      1.26823030    -0.74423600  -157.47060816    -0.00003883    -0.00000051  0.22D-06  0.14D-06  6  6   411.20
   7      1.26831465    -0.74424025  -157.47061241    -0.00000425    -0.00000006  0.27D-07  0.18D-07  6  2   465.87
   8      1.26834013    -0.74424469  -157.47061685    -0.00000444    -0.00000001  0.65D-08  0.23D-08  6  1   518.83
   9      1.26834433    -0.74424471  -157.47061687    -0.00000002    -0.00000000  0.18D-08  0.44D-09  6  4   572.63

 Norm of t1 vector:      0.09669578      S-energy:    -0.00332380      T1 diagnostic:  0.01133470
                                                                       D1 diagnostic:  0.03618560
 Norm of t2 vector:      0.50891478      P-energy:    -0.74092091
                                         Alpha-Beta:  -0.59852432
                                         Alpha-Alpha: -0.07769292
                                         Beta-Beta:   -0.06470367

 Singles amplitudes (print threshold =  0.500E-01):

         I         SYM. A    A   T(IA) [Beta-Beta]

         7         1         1      0.05056548

 Spin contamination <S**2-Sz**2-Sz>     0.00116656

 Memory could be reduced to 589.74 Mwords without degradation in triples


 RESULTS
 =======

  Reference energy                   -156.726372157241
  UCCSD singles energy                 -0.003323800593
  UCCSD pair energy                    -0.740920909909
  UCCSD correlation energy             -0.744244710502
  Triples (T) contribution             -0.028391468651
  Total correlation energy             -0.772636179153

  RHF-UCCSD energy                   -157.470616867743
  RHF-UCCSD[T] energy                -157.499702976957
  RHF-UCCSD-T energy                 -157.498719408708
 !RHF-UCCSD(T) energy                -157.499008336394

 Program statistics:

 Available memory in ccsd:             24999998418
 Min. memory needed in ccsd:              55787891
 Max. memory used in ccsd:                80473005
 Max. memory used in cckext:              60186030 ( 9 integral passes)
 Max. memory used in cckint:             225806690 ( 1 integral passes)



 **********************************************************************************************************************************
 DATASETS  * FILE   NREC   LENGTH (MB)   RECORD NAMES
              1      18       23.63       500      610      700      900      950      970     1000      129      960     1100   
                                          VAR    BASINP    GEOM    SYMINP    ZMAT    AOBASIS   BASIS     P2S    ABASIS      S 
                                         1400     1410     1200     1210     1080     1600     1650     1700   
                                           T        V       H0       H01     AOSYM     SMH    MOLCAS    OPER   

              2       4        5.70       700     1000      520     2100   
                                         GEOM     BASIS   MCVARS     RHF  

 PROGRAMS   *        TOTAL  UCCSD(T)       RHF       INT
 CPU TIMES  *      1559.01   1458.14     62.25     38.40
 REAL TIME  *      1712.97 SEC
 DISK USED  *        38.41 GB      
 SF USED    *        10.06 GB      
 GA USED    *         0.01 MB       (max)       0.00 MB       (current)
 **********************************************************************************************************************************

 UCCSD(T)/O=AVTZ,C=AVTZ,H=VTZ energy=   -157.499008336394

        UCCSD(T)        RHF-SCF 
   -157.49900834   -156.72637216
 **********************************************************************************************************************************
 Molpro calculation terminated
 Variable memory released

 Fortran compiler diagnostic
 ***************************

 integer size                  8
 double precision size         8
 logical size                  8

 diagnostic completed successfully
