
 Primary working directories    : /scratch/saurabh/PBS_8054516.helios
 Secondary working directories  : /scratch/saurabh/PBS_8054516.helios
 Wavefunction directory         : /scratch/saurabh/PBS_8054516.helios/
 Main file repository           : /scratch/saurabh/PBS_8054516.helios/

 SHA1      : f6387f0c468d0184d0b38d85973bdb066f718752
 NAME      : 2015.1.44
 ARCHNAME  : linux/x86_64
 FC        : /opt/may/bin/gfortran
 BLASLIB   : -Wl,-_start-group /opt/intel/mkl/lib/intel64/libmkl_gf_ilp64.a /opt/intel/mkl/lib/intel64/libmkl_gnu_thread.a /opt/intel/mkl/lib/intel64/libmkl_core.a -Wl,-_end-group
 id        : ramakrishnan

 Nodes             nprocs
 hel06.tifrh.res.in    8

 Using DEFAULT tuning parameter for ncache   :   16384
 Using DEFAULT tuning parameter for mflopdgm :   10000
 Using DEFAULT tuning parameter for mflopdgv :    4000
 Using DEFAULT tuning parameter for mflopmxm :    5000
 Using DEFAULT tuning parameter for mflopmxv :    4000
 Using DEFAULT tuning parameter for mindgm   :       1
 Using DEFAULT tuning parameter for mindgc   :       4
 Using DEFAULT tuning parameter for mindgf   :    5000
 Using DEFAULT tuning parameter for mindgl   :       4
 Using DEFAULT tuning parameter for mindgr   :       1
 Using DEFAULT tuning parameter for mindgv   :      20
 Using DEFAULT tuning parameter for mincuda  :     500
 Using DEFAULT tuning parameter for mxmblk   :      64
 Using DEFAULT tuning parameter for mxmbln   :      64
 Using DEFAULT tuning parameter for nroll    :       2
 Using custom tuning parameter for ngpus     :       0
 Using customized tuning parameters: mindgm=1; mindgv=20; mindgc=4; mindgr=1; noblas=0; minvec=7
 default implementation of scratch files=sf  

 ***,Mol_05
 memory,25,g
 geometry={
 C  -1.272636  -0.676750  0.000001
 C  -0.000007  0.124048   0.000004
 C  -0.000110  1.454215   -0.000002
 C  1.272735   -0.676582  0.000001
 H  -2.153991  -0.037135  0.000036
 H  -1.322215  -1.329609  0.876239
 H  -1.322239  -1.329555  -0.876275
 H  1.322437   -1.329441  0.876233
 H  2.154004   -0.036844  0.000024
 H  1.322420   -1.329365  -0.876288
 H  -0.922249  2.021111   -0.000001
 H  0.921944   2.021249   0.000008
  }
 basis={
                                                                            ! oxygen               (10s,5p,4d,2f) -&gt; [10s,5p,4d,2f]
 s, O , 0.1533000000E+05, 0.2299000000E+04, 0.5224000000E+03, 0.1473000000E+03, 0.4755000000E+02, 0.1676000000E+02, 0.6207000000E+01, 0.1752000000E+01, 0.6882000000E+00, 0.2384000000E+00
 c, 1.1, 0.1000000000E+01
 c, 2.2, 0.1000000000E+01
 c, 3.3, 0.1000000000E+01
 c, 4.4, 0.1000000000E+01
 c, 5.5, 0.1000000000E+01
 c, 6.6, 0.1000000000E+01
 c, 7.7, 0.1000000000E+01
 c, 8.8, 0.1000000000E+01
 c, 9.9, 0.1000000000E+01
 c, 10.10, 0.1000000000E+01
 p, O , 0.3446000000E+02, 0.7749000000E+01, 0.2280000000E+01, 0.7156000000E+00, 0.2140000000E+00
 c, 1.1, 0.1000000000E+01
 c, 2.2, 0.1000000000E+01
 c, 3.3, 0.1000000000E+01
 c, 4.4, 0.1000000000E+01
 c, 5.5, 0.1000000000E+01
 d, O , 0.2100000000E+02, 0.7000000000E+01, 0.2314000000E+01, 0.6450000000E+00
 c, 1.1, 0.1000000000E+01
 c, 2.2, 0.1000000000E+01
 c, 3.3, 0.1000000000E+01
 c, 4.4, 0.1000000000E+01
 f, O , 0.4300000000E+01, 0.1428000000E+01
 c, 1.1, 0.1000000000E+01
 c, 2.2, 0.1000000000E+01
                                                                                 ! hydrogen             (5s,2p,1d) -&gt; [5s,2p,1d]
 s, H , 0.3387000000E+02, 0.5095000000E+01, 0.1159000000E+01, 0.3258000000E+00, 0.1027000000E+00
 c, 1.1, 0.1000000000E+01
 c, 2.2, 0.1000000000E+01
 c, 3.3, 0.1000000000E+01
 c, 4.4, 0.1000000000E+01
 c, 5.5, 0.1000000000E+01
 p, H , 0.1407000000E+01, 0.3880000000E+00
 c, 1.1, 0.1000000000E+01
 c, 2.2, 0.1000000000E+01
 d, H , 0.1057000000E+01
 c, 1.1, 0.1000000000E+01
                                                                            ! carbon               (10s,5p,4d,2f) -&gt; [10s,5p,4d,2f]
 s, C , 0.8236000000E+04, 0.1235000000E+04, 0.2808000000E+03, 0.7927000000E+02, 0.2559000000E+02, 0.8997000000E+01, 0.3319000000E+01, 0.9059000000E+00, 0.3643000000E+00, 0.1285000000E+00
 c, 1.1, 0.1000000000E+01
 c, 2.2, 0.1000000000E+01
 c, 3.3, 0.1000000000E+01
 c, 4.4, 0.1000000000E+01
 c, 5.5, 0.1000000000E+01
 c, 6.6, 0.1000000000E+01
 c, 7.7, 0.1000000000E+01
 c, 8.8, 0.1000000000E+01
 c, 9.9, 0.1000000000E+01
 c, 10.10, 0.1000000000E+01
 p, C , 0.1871000000E+02, 0.4133000000E+01, 0.1200000000E+01, 0.3827000000E+00, 0.1209000000E+00
 c, 1.1, 0.1000000000E+01
 c, 2.2, 0.1000000000E+01
 c, 3.3, 0.1000000000E+01
 c, 4.4, 0.1000000000E+01
 c, 5.5, 0.1000000000E+01
 d, C , 0.1000000000E+02, 0.3300000000E+01, 0.1097000000E+01, 0.3180000000E+00
 c, 1.1, 0.1000000000E+01
 c, 2.2, 0.1000000000E+01
 c, 3.3, 0.1000000000E+01
 c, 4.4, 0.1000000000E+01
 f, C , 0.2300000000E+01, 0.7610000000E+00
 c, 1.1, 0.1000000000E+01
 c, 2.2, 0.1000000000E+01
 }
 DKROLL=1
 DKHO=2
 hf;
 {ccsd(t)
 core}
 

 Fortran compiler diagnostic
 ***************************

 integer size                  8
 double precision size         8
 logical size                  8

 diagnostic completed successfully

 Variables initialized (889), CPU time= 0.02 sec
 Commands  initialized (702), CPU time= 0.01 sec, 572 directives.
 Default parameters read. Elapsed time= 0.11 sec

 Using DEFAULT tuning parameter for mpplat   :       3
 Using DEFAULT tuning parameter for mppspeed :    1600
 Checking input...
 Passed
1


                                         ***  PROGRAM SYSTEM MOLPRO  ***
                                       Copyright, TTI GmbH Stuttgart, 2015
                                    Version 2015.1 linked Jun  9 2019 06:55:40


 **********************************************************************************************************************************
 LABEL *   Mol_05                                                                        
  64 bit mpp version                                                                     DATE: 13-Apr-22          TIME: 03:30:34  
 **********************************************************************************************************************************

 SHA1:             f6387f0c468d0184d0b38d85973bdb066f718752
 **********************************************************************************************************************************

Geometry recognized as XYZ


 Variable memory set to ********** words,  buffer space   230000 words

 SETTING BASIS          =    USERDEF
 SETTING DKROLL         =         1.00000000                                  
 SETTING DKHO           =         2.00000000                                  


 Recomputing integrals since basis changed


 Using spherical harmonics



 PROGRAM * SEWARD (Integral evaluation for generally contracted gaussian basis sets)     Author: Roland Lindh, 1990

 Geometry written to block  1 of record 700


 Point group  C1  



 ATOMIC COORDINATES

 NR  ATOM    CHARGE       X              Y              Z

   1  C       6.00   -2.404933496   -1.278872155    0.000001890
   2  C       6.00   -0.000013228    0.234416746    0.000007559
   3  C       6.00   -0.000207870    2.748068076   -0.000003779
   4  C       6.00    2.405120579   -1.278554681    0.000001890
   5  H       1.00   -4.070453065   -0.070174980    0.000068030
   6  H       1.00   -2.498624228   -2.512596863    1.655851730
   7  H       1.00   -2.498669581   -2.512494818   -1.655919760
   8  H       1.00    2.499043747   -2.512279389    1.655840391
   9  H       1.00    4.070477631   -0.069625069    0.000045353
  10  H       1.00    2.499011622   -2.512135770   -1.655944326
  11  H       1.00   -1.742798029    3.819346257   -0.000001890
  12  H       1.00    1.742221662    3.819607040    0.000015118

 Bond lengths in Bohr (Angstrom)

 1-2  2.841423023  1-5  2.057888311  1-6  2.067049419  1-7  2.067048097  2-3  2.513651337
     ( 1.503616310)     ( 1.088987597)     ( 1.093835446)     ( 1.093834747)     ( 1.330167004)

  2- 4  2.841434703   3-11  2.045545747   3-12  2.045545508   4- 8  2.067050885   4- 9  2.057893320
       ( 1.503622491)       ( 1.082456193)       ( 1.082456067)       ( 1.093836222)       ( 1.088990248)

  4-10  2.067050000
       ( 1.093835754)

 Bond angles

  1-2-3  122.17559590   1-2-4  115.64764640   2-1-5  111.85090785   2-1-6  110.86909328

  2- 1- 7  110.86882978   2- 3-11  121.58605639   2- 3-12  121.58576207   2- 4- 8  110.87094418

  2- 4- 9  111.85072411   2- 4-10  110.86807435   3- 2- 4  122.17675770   5- 1- 6  108.29147027

  5- 1- 7  108.29176842   6- 1- 7  106.46804464   8- 4- 9  108.29073617   8- 4-10  106.46853236

  9- 4-10  108.29108215  11- 3-12  116.82818153

 NUCLEAR CHARGE:                   32
 NUMBER OF PRIMITIVE AOS:         412
 NUMBER OF SYMMETRY AOS:          364
 NUMBER OF CONTRACTIONS:          364   ( 364A   )
 NUMBER OF CORE ORBITALS:           4   (   4A   )
 NUMBER OF VALENCE ORBITALS:       24   (  24A   )


 NUCLEAR REPULSION ENERGY  119.88432360

 One-electron integrals computed with SEWARD

 2nd-order Douglas-Kroll-Hess method activated. Optimal DKH parametrization is used.

 Computing Douglas-Kroll / X2C integrals

 AO integral compression algorithm  1   Integral accuracy      1.0D-11

     4137.419 MB (compressed) written to integral file ( 21.6%)

     Node minimum: 436.732 MB, node maximum: 590.348 MB


 NUMBER OF SORTED TWO-ELECTRON INTEGRALS:  275792448.     BUFFER LENGTH:  32768
 NUMBER OF SEGMENTS:   9  SEGMENT LENGTH:   31996696      RECORD LENGTH: 524288

 Memory used in sort:      32.55 MW

 SORT1 READ  2393768420. AND WROTE   137131231. INTEGRALS IN    397 RECORDS. CPU TIME:    25.73 SEC, REAL TIME:    27.40 SEC
 SORT2 READ  1103660508. AND WROTE  2206505665. INTEGRALS IN  17008 RECORDS. CPU TIME:     5.27 SEC, REAL TIME:    15.06 SEC

 Node minimum:   275784145.  Node maximum:   275842272. integrals

 OPERATOR DM      FOR CENTER  0  COORDINATES:    0.000000    0.000000    0.000000


 Eigenvalues of metric

         1 0.270E-03 0.298E-03 0.601E-03 0.733E-03 0.997E-03 0.103E-02 0.108E-02 0.129E-02


 **********************************************************************************************************************************
 DATASETS  * FILE   NREC   LENGTH (MB)   RECORD NAMES
              1      22       28.67       500      610      700      900      950      970     1000      129      960     1700   
                                          VAR    BASINP    GEOM    SYMINP    ZMAT    AOBASIS   BASIS     P2S    ABASIS    OPER   
                                         1101     1401     1411     1412     1650     1100     1400     1410     1200     1210   
                                          SR      EKINR    POTR     PVPR    MOLCAS      S      EKIN      POT      H0       H01  
                                         1080     1600   
                                         AOSYM     SMH  

 PROGRAMS   *        TOTAL       INT
 CPU TIMES  *        55.55     55.38
 REAL TIME  *        83.19 SEC
 DISK USED  *        17.30 GB      
 GA USED    *         0.01 MB       (max)       0.00 MB       (current)
 **********************************************************************************************************************************


 PROGRAM * RHF-SCF (CLOSED SHELL)       Authors: W. Meyer, H.-J. Werner


 NUMBER OF ELECTRONS:      16+   16-    SPACE SYMMETRY=1    SPIN SYMMETRY: Singlet 
 CONVERGENCE THRESHOLDS:    1.00E-05 (Density)    1.00E-07 (Energy)
 MAX. NUMBER OF ITERATIONS:       60
 INTERPOLATION TYPE:            DIIS
 INTERPOLATION STEPS:              2 (START)      1 (STEP)
 LEVEL SHIFTS:                  0.00 (CLOSED)  0.00 (OPEN) 



 Orbital guess generated from atomic densities. Full valence occupancy:   16

 Molecular orbital dump at record        2100.2

 Initial occupancy:  16

 ITERATION    DDIFF          GRAD             ENERGY        2-EL.EN.            DIPOLE MOMENTS         DIIS   ORB.
    1      0.000D+00      0.000D+00      -156.16927463    343.760708    0.00005   -0.54356   -0.00001    0    start
    2      0.000D+00      0.259D-02      -156.22170818    339.787915    0.00002   -0.19239    0.00000    1    diag
    3      0.938D-03      0.965D-03      -156.22792236    341.384013    0.00002   -0.25134    0.00000    2    diag
    4      0.369D-03      0.287D-03      -156.22885591    341.046809    0.00002   -0.22733    0.00000    3    diag
    5      0.178D-03      0.494D-04      -156.22887982    341.083265    0.00002   -0.22067    0.00000    4    diag
    6      0.392D-04      0.202D-04      -156.22888251    341.073878    0.00002   -0.22171    0.00000    5    diag
    7      0.114D-04      0.378D-05      -156.22888270    341.077091    0.00002   -0.22050    0.00000    6    diag
    8      0.318D-05      0.199D-05      -156.22888274    341.076583    0.00002   -0.22042    0.00000    7    diag
    9      0.122D-05      0.557D-06      -156.22888274    341.076598    0.00002   -0.22027    0.00000    0    orth

 Final occupancy:  16

 !RHF STATE 1.1 Energy               -156.228882742766
 Nuclear energy                       119.88432360
 One-electron energy                 -446.65150558
 Two-electron energy                  170.53829924
 Virial quotient                       -0.99833562
 !RHF STATE 1.1 Dipole moment           0.00001954    -0.22027087     0.00000096
 Dipole moment /Debye                   0.00004966    -0.55983605     0.00000244

 Orbital energies:

         1.1          2.1          3.1          4.1          5.1          6.1          7.1          8.1          9.1         10.1
    -11.240400   -11.222354   -11.222327   -11.209834    -1.089407    -0.941658    -0.926761    -0.718447    -0.618973    -0.609788

        11.1         12.1         13.1         14.1         15.1         16.1         17.1         18.1
     -0.589506    -0.536354    -0.520920    -0.515380    -0.478330    -0.347015     0.137936     0.163843

 HOMO     16.1    -0.347015 =      -9.4427eV
 LUMO     17.1     0.137936 =       3.7534eV
 LUMO-HOMO         0.484950 =      13.1962eV


 **********************************************************************************************************************************
 DATASETS  * FILE   NREC   LENGTH (MB)   RECORD NAMES
              1      22       28.67       500      610      700      900      950      970     1000      129      960     1700   
                                          VAR    BASINP    GEOM    SYMINP    ZMAT    AOBASIS   BASIS     P2S    ABASIS    OPER   
                                         1101     1401     1411     1412     1650     1100     1400     1410     1200     1210   
                                          SR      EKINR    POTR     PVPR    MOLCAS      S      EKIN      POT      H0       H01  
                                         1080     1600   
                                         AOSYM     SMH  

              2       4        5.64       700     1000      520     2100   
                                         GEOM     BASIS   MCVARS     RHF  

 PROGRAMS   *        TOTAL        HF       INT
 CPU TIMES  *        82.80     27.25     55.38
 REAL TIME  *       112.11 SEC
 DISK USED  *        17.64 GB      
 SF USED    *         0.53 MB      
 GA USED    *         0.01 MB       (max)       0.00 MB       (current)
 **********************************************************************************************************************************


 PROGRAM * CCSD (Closed-shell coupled cluster)     Authors: C. Hampel, H.-J. Werner, 1991, M. Deegan, P.J. Knowles, 1992


 Convergence thresholds:  THRVAR = 1.00D-08  THRDEN = 1.00D-06

 CCSD(T)     terms to be evaluated (factor= 1.000)


 Number of closed-shell orbitals:  16 (  16 )
 Number of external orbitals:     348 ( 348 )

 Molecular orbitals read from record     2100.2  Type=RHF/CANONICAL (state 1.1)

 Number of N-1 electron functions:              16
 Number of N-2 electron functions:             136
 Number of singly external CSFs:              5568
 Number of doubly external CSFs:          15504096
 Total number of CSFs:                    15509665

 Length of J-op  integral file:               0.00 MB
 Length of K-op  integral file:               9.12 MB
 Length of 3-ext integral record:             0.00 MB

 Memory could be reduced to 818.45 Mwords without degradation in triples

 Integral transformation finished. Total CPU: 111.42 sec, npass=  1  Memory used: 443.51 MW

 Reference energy:                   -156.22888274

 MP2 singlet pair energy:              -0.63558028
 MP2 triplet pair energy:              -0.26050751
 MP2 correlation energy:               -0.89608779
 MP2 total energy:                   -157.12497054

 SCS-MP2 correlation energy:           -0.92478990   (PS=  1.200000  PT=  0.333333)
 SCS-MP2 total energy:               -157.15367264

 ITER.      SQ.NORM     CORR.ENERGY   TOTAL ENERGY   ENERGY CHANGE        DEN1      VAR(S)    VAR(P)  DIIS     TIME  TIME/IT
   1      1.24421796    -0.94012733  -157.16901007    -0.04403953    -0.02332094  0.32D-02  0.36D-02  1  1   149.40    38.43
   2      1.26087698    -0.94297313  -157.17185588    -0.00284581    -0.01841011  0.61D-04  0.53D-03  2  2   187.54    39.09
   3      1.26720998    -0.94316994  -157.17205269    -0.00019681    -0.00366717  0.27D-04  0.57D-04  3  3   225.96    39.51
   4      1.27029529    -0.94314901  -157.17203176     0.00002093    -0.00152986  0.22D-05  0.59D-05  4  4   263.75    39.53
   5      1.27098372    -0.94316795  -157.17205070    -0.00001894    -0.00013971  0.40D-06  0.55D-06  5  5   300.84    39.41
   6      1.27113171    -0.94316799  -157.17205074    -0.00000004    -0.00000554  0.61D-07  0.48D-07  6  6   339.58    39.74
   7      1.27115908    -0.94316619  -157.17204893     0.00000180    -0.00000525  0.12D-07  0.44D-08  6  1   377.66    39.89
   8      1.27116327    -0.94316607  -157.17204881     0.00000012     0.00000065  0.22D-08  0.48D-09  6  3   414.28    39.73
   9      1.27116526    -0.94316598  -157.17204873     0.00000008    -0.00000068  0.26D-09  0.97D-10  6  2   450.93    39.59

 Norm of t1 vector:      0.07443563      S-energy:    -0.00000034      T1 diagnostic:  0.00930445
                                                                       D1 diagnostic:  0.03345181

 Doubles amplitudes (print threshold =  0.500E-01):

         I         J         SYM. A    SYM. B    A         B      T(IJ, AB)

        16        16         1         1         2         2     -0.08215220


 Total CPU time for triples:   1171.19 sec


 RESULTS
 =======

  Reference energy                   -156.228882742762

  Correlated core orbitals:             1.1       2.1       3.1       4.1
  Orbital energies:                   -11.2404  -11.2224  -11.2223  -11.2098

  CCSD core-core energy                -0.148360197406
  CCSD core-valence energy             -0.053295099238
  CCSD valence correlation energy      -0.741510687042

  CCSD singlet pair energy             -0.699448772654
  CCSD triplet pair energy             -0.243716866656
  CCSD correlation energy              -0.943165983686

  Triples (T) contribution             -0.033511448803
  Total correlation energy             -0.976677432490

  CCSD total energy                  -157.172048726448
  CCSD[T] energy                     -157.206546782741
  CCSD-T energy                      -157.205201417324
 !CCSD(T) total energy               -157.205560175251

 Timing summary (sec):

 STEP                 CPU(USER)    SYS     CPU(TOT)    WALL
 Transformation        111.73      5.65    117.38    117.28
 CCSD iterations       339.34     17.60    356.94    356.69
 Triples              1171.19     23.89   1195.08   1194.31

 Program statistics:

 Available memory in ccsd:             24999998876
 Min. memory needed in ccsd:              37527283
 Max. memory used in ccsd:                51924563
 Max. memory used in cckext:              37367199 ( 9 integral passes)



 **********************************************************************************************************************************
 DATASETS  * FILE   NREC   LENGTH (MB)   RECORD NAMES
              1      23     2952.60       500      610      700      900      950      970     1000      129      960     1700   
                                          VAR    BASINP    GEOM    SYMINP    ZMAT    AOBASIS   BASIS     P2S    ABASIS    OPER   
                                         1101     1401     1411     1412     1650     1100     1400     1410     1200     1210   
                                          SR      EKINR    POTR     PVPR    MOLCAS      S      EKIN      POT      H0       H01  
                                         1080     1600     1380   
                                         AOSYM     SMH     JKOP   

              2       4        5.64       700     1000      520     2100   
                                         GEOM     BASIS   MCVARS     RHF  

 PROGRAMS   *        TOTAL   CCSD(T)        HF       INT
 CPU TIMES  *      1705.12   1622.31     27.25     55.38
 REAL TIME  *      1781.42 SEC
 DISK USED  *        22.15 GB      
 SF USED    *         4.18 GB      
 GA USED    *         0.01 MB       (max)       0.00 MB       (current)
 **********************************************************************************************************************************

 CCSD(T)/USERDEF energy=   -157.205560175251

        CCSD(T)         HF-SCF  
   -157.20556018   -156.22888274
 **********************************************************************************************************************************
 Molpro calculation terminated
 Variable memory released

 Fortran compiler diagnostic
 ***************************

 integer size                  8
 double precision size         8
 logical size                  8

 diagnostic completed successfully
