
 Primary working directories    : /scratch/saurabh/PBS_8053990.helios
 Secondary working directories  : /scratch/saurabh/PBS_8053990.helios
 Wavefunction directory         : /scratch/saurabh/PBS_8053990.helios/
 Main file repository           : /scratch/saurabh/PBS_8053990.helios/

 SHA1      : f6387f0c468d0184d0b38d85973bdb066f718752
 NAME      : 2015.1.44
 ARCHNAME  : linux/x86_64
 FC        : /opt/may/bin/gfortran
 BLASLIB   : -Wl,-_start-group /opt/intel/mkl/lib/intel64/libmkl_gf_ilp64.a /opt/intel/mkl/lib/intel64/libmkl_gnu_thread.a /opt/intel/mkl/lib/intel64/libmkl_core.a -Wl,-_end-group
 id        : ramakrishnan

 Nodes             nprocs
 hel04.tifrh.res.in    8

 Using DEFAULT tuning parameter for ncache   :   16384
 Using DEFAULT tuning parameter for mflopdgm :   10000
 Using DEFAULT tuning parameter for mflopdgv :    4000
 Using DEFAULT tuning parameter for mflopmxm :    5000
 Using DEFAULT tuning parameter for mflopmxv :    4000
 Using DEFAULT tuning parameter for mindgm   :       1
 Using DEFAULT tuning parameter for mindgc   :       4
 Using DEFAULT tuning parameter for mindgf   :    5000
 Using DEFAULT tuning parameter for mindgl   :       4
 Using DEFAULT tuning parameter for mindgr   :       1
 Using DEFAULT tuning parameter for mindgv   :      20
 Using DEFAULT tuning parameter for mincuda  :     500
 Using DEFAULT tuning parameter for mxmblk   :      64
 Using DEFAULT tuning parameter for mxmbln   :      64
 Using DEFAULT tuning parameter for nroll    :       2
 Using custom tuning parameter for ngpus     :       0
 Using customized tuning parameters: mindgm=1; mindgv=20; mindgc=4; mindgr=1; noblas=0; minvec=7
 default implementation of scratch files=sf  

 ***,Mol_01
 memory,25,g
 geometry={
 C  1.285611   -0.776670  0.155807
 C  -0.000018  -1.460529  -0.162801
 C  -1.285630  -0.776640  0.155807
 C  -1.264955  0.710844   -0.240619
 C  0.000017   1.408445   0.267198
 C  1.264973   0.710813   -0.240619
 H  2.156968   1.210222   0.143880
 H  1.303304   0.789616   -1.331113
 H  0.000017   1.407584   1.362970
 H  0.000030   2.456287   -0.041544
 H  -2.156938  1.210274   0.143879
 H  -1.303282  0.789647   -1.331113
 H  -1.477514  -0.834498  1.241601
 H  -2.125418  -1.287915  -0.319242
 H  -0.000036  -2.516295  -0.400319
 H  2.125386   -1.287967  -0.319240
 H  1.477492   -0.834532  1.241601
  }
 basis={
                                                                            ! oxygen               (10s,5p,4d,2f) -&gt; [10s,5p,4d,2f]
 s, O , 0.1533000000E+05, 0.2299000000E+04, 0.5224000000E+03, 0.1473000000E+03, 0.4755000000E+02, 0.1676000000E+02, 0.6207000000E+01, 0.1752000000E+01, 0.6882000000E+00, 0.2384000000E+00
 c, 1.1, 0.1000000000E+01
 c, 2.2, 0.1000000000E+01
 c, 3.3, 0.1000000000E+01
 c, 4.4, 0.1000000000E+01
 c, 5.5, 0.1000000000E+01
 c, 6.6, 0.1000000000E+01
 c, 7.7, 0.1000000000E+01
 c, 8.8, 0.1000000000E+01
 c, 9.9, 0.1000000000E+01
 c, 10.10, 0.1000000000E+01
 p, O , 0.3446000000E+02, 0.7749000000E+01, 0.2280000000E+01, 0.7156000000E+00, 0.2140000000E+00
 c, 1.1, 0.1000000000E+01
 c, 2.2, 0.1000000000E+01
 c, 3.3, 0.1000000000E+01
 c, 4.4, 0.1000000000E+01
 c, 5.5, 0.1000000000E+01
 d, O , 0.2100000000E+02, 0.7000000000E+01, 0.2314000000E+01, 0.6450000000E+00
 c, 1.1, 0.1000000000E+01
 c, 2.2, 0.1000000000E+01
 c, 3.3, 0.1000000000E+01
 c, 4.4, 0.1000000000E+01
 f, O , 0.4300000000E+01, 0.1428000000E+01
 c, 1.1, 0.1000000000E+01
 c, 2.2, 0.1000000000E+01
                                                                                 ! hydrogen             (5s,2p,1d) -&gt; [5s,2p,1d]
 s, H , 0.3387000000E+02, 0.5095000000E+01, 0.1159000000E+01, 0.3258000000E+00, 0.1027000000E+00
 c, 1.1, 0.1000000000E+01
 c, 2.2, 0.1000000000E+01
 c, 3.3, 0.1000000000E+01
 c, 4.4, 0.1000000000E+01
 c, 5.5, 0.1000000000E+01
 p, H , 0.1407000000E+01, 0.3880000000E+00
 c, 1.1, 0.1000000000E+01
 c, 2.2, 0.1000000000E+01
 d, H , 0.1057000000E+01
 c, 1.1, 0.1000000000E+01
                                                                            ! carbon               (10s,5p,4d,2f) -&gt; [10s,5p,4d,2f]
 s, C , 0.8236000000E+04, 0.1235000000E+04, 0.2808000000E+03, 0.7927000000E+02, 0.2559000000E+02, 0.8997000000E+01, 0.3319000000E+01, 0.9059000000E+00, 0.3643000000E+00, 0.1285000000E+00
 c, 1.1, 0.1000000000E+01
 c, 2.2, 0.1000000000E+01
 c, 3.3, 0.1000000000E+01
 c, 4.4, 0.1000000000E+01
 c, 5.5, 0.1000000000E+01
 c, 6.6, 0.1000000000E+01
 c, 7.7, 0.1000000000E+01
 c, 8.8, 0.1000000000E+01
 c, 9.9, 0.1000000000E+01
 c, 10.10, 0.1000000000E+01
 p, C , 0.1871000000E+02, 0.4133000000E+01, 0.1200000000E+01, 0.3827000000E+00, 0.1209000000E+00
 c, 1.1, 0.1000000000E+01
 c, 2.2, 0.1000000000E+01
 c, 3.3, 0.1000000000E+01
 c, 4.4, 0.1000000000E+01
 c, 5.5, 0.1000000000E+01
 d, C , 0.1000000000E+02, 0.3300000000E+01, 0.1097000000E+01, 0.3180000000E+00
 c, 1.1, 0.1000000000E+01
 c, 2.2, 0.1000000000E+01
 c, 3.3, 0.1000000000E+01
 c, 4.4, 0.1000000000E+01
 f, C , 0.2300000000E+01, 0.7610000000E+00
 c, 1.1, 0.1000000000E+01
 c, 2.2, 0.1000000000E+01
 }
 DKROLL=1
 DKHO=2
 {rhf
 wf,47,1,1
 }
 {uccsd(t)
 core}
 

 Fortran compiler diagnostic
 ***************************

 integer size                  8
 double precision size         8
 logical size                  8

 diagnostic completed successfully

 Variables initialized (889), CPU time= 0.01 sec
 Commands  initialized (702), CPU time= 0.02 sec, 572 directives.
 Default parameters read. Elapsed time= 0.11 sec

 Using DEFAULT tuning parameter for mpplat   :       3
 Using DEFAULT tuning parameter for mppspeed :    1600
 Checking input...
 Passed
1


                                         ***  PROGRAM SYSTEM MOLPRO  ***
                                       Copyright, TTI GmbH Stuttgart, 2015
                                    Version 2015.1 linked Jun  9 2019 06:55:40


 **********************************************************************************************************************************
 LABEL *   Mol_01                                                                        
  64 bit mpp version                                                                     DATE: 06-Apr-22          TIME: 12:43:52  
 **********************************************************************************************************************************

 SHA1:             f6387f0c468d0184d0b38d85973bdb066f718752
 **********************************************************************************************************************************

Geometry recognized as XYZ


 Variable memory set to ********** words,  buffer space   230000 words

 SETTING BASIS          =    USERDEF
 SETTING DKROLL         =         1.00000000                                  
 SETTING DKHO           =         2.00000000                                  


 Recomputing integrals since basis changed


 Using spherical harmonics



 PROGRAM * SEWARD (Integral evaluation for generally contracted gaussian basis sets)     Author: Roland Lindh, 1990

 Geometry written to block  1 of record 700


 Point group  C1  



 ATOMIC COORDINATES

 NR  ATOM    CHARGE       X              Y              Z

   1  C       6.00    2.429452693   -1.467693589    0.294432558
   2  C       6.00   -0.000034015   -2.759999807   -0.307649303
   3  C       6.00   -2.429488598   -1.467636897    0.294432558
   4  C       6.00   -2.390418510    1.343300477   -0.454704010
   5  C       6.00    0.000032125    2.661575312    0.504931041
   6  C       6.00    2.390452525    1.343241896   -0.454704010
   7  H       1.00    4.076078779    2.286988130    0.271893795
   8  H       1.00    2.462887617    1.492157984   -2.515439011
   9  H       1.00    0.000032125    2.659948257    2.575640016
  10  H       1.00    0.000056692    4.641709713   -0.078506782
  11  H       1.00   -4.076022088    2.287086396    0.271891905
  12  H       1.00   -2.462846043    1.492216565   -2.515439011
  13  H       1.00   -2.792096805   -1.576972671    2.346285846
  14  H       1.00   -4.016457920   -2.433806622   -0.603279947
  15  H       1.00   -0.000068030   -4.755108399   -0.756493272
  16  H       1.00    4.016397449   -2.433904887   -0.603276168
  17  H       1.00    2.792055231   -1.577036922    2.346285846

 Bond lengths in Bohr (Angstrom)

  1- 2  2.816906742   1- 6  2.909310041   1-16  2.063453147   1-17  2.086513475   2- 3  2.816905044
       ( 1.490642853)       ( 1.539540573)       ( 1.091932381)       ( 1.104135381)       ( 1.490641955)

  2-15  2.044974133   3- 4  2.909312805   3-13  2.086514064   3-14  2.063454218   4- 5  2.893614040
       ( 1.082153708)       ( 1.539542036)       ( 1.104135693)       ( 1.091932948)       ( 1.531234607)

  4-11  2.063960490   4-12  2.067377685   5- 6  2.893615751   5- 9  2.070709614   5-10  2.064299383
       ( 1.092200856)       ( 1.094009157)       ( 1.531235513)       ( 1.095772338)       ( 1.092380190)

 6-7  2.063961529  6-8  2.067377949
     ( 1.092201406)     ( 1.094009297)

 Bond angles

  1- 2- 3  119.18800755   1- 2-15  119.63732001   1- 6- 5  111.46135305   1- 6- 7  109.88853992

  1- 6- 8  109.01374402   2- 1- 6  112.12674217   2- 1-16  110.82369955   2- 1-17  109.63513873

  2- 3- 4  112.12668265   2- 3-13  109.63520422   2- 3-14  110.82375810   3- 2-15  119.63674265

  3- 4- 5  111.46138988   3- 4-11  109.88850810   3- 4-12  109.01368257   4- 3-13  107.82927139

  4- 3-14  110.53015931   4- 5- 6  111.40177008   4- 5- 9  109.34653644   4- 5-10  110.07707264

  5- 4-11  110.46283248   5- 4-12  109.06853158   5- 6- 7  110.46279327   5- 6- 8  109.06858984

  6- 1-16  110.53025146   6- 1-17  107.82924915   6- 5- 9  109.34652357   6- 5-10  110.07704545

  7- 6- 8  106.81953505   9- 5-10  106.46239568  11- 4-12  106.81961024  13- 3-14  105.64248943

 16- 1-17  105.64247881

 NUCLEAR CHARGE:                   47
 NUMBER OF PRIMITIVE AOS:         601
 NUMBER OF SYMMETRY AOS:          530
 NUMBER OF CONTRACTIONS:          530   ( 530A   )
 NUMBER OF CORE ORBITALS:           6   (   6A   )
 NUMBER OF VALENCE ORBITALS:       35   (  35A   )


 NUCLEAR REPULSION ENERGY  245.13000418

 One-electron integrals computed with SEWARD

 2nd-order Douglas-Kroll-Hess method activated. Optimal DKH parametrization is used.

 Computing Douglas-Kroll / X2C integrals

 AO integral compression algorithm  1   Integral accuracy      1.0D-11

     17725.391 MB (compressed) written to integral file ( 21.2%)

     Node minimum: 2098.201 MB, node maximum: 2326.266 MB


 NUMBER OF SORTED TWO-ELECTRON INTEGRALS: 1237562040.     BUFFER LENGTH:  32768
 NUMBER OF SEGMENTS:  39  SEGMENT LENGTH:   31996696      RECORD LENGTH: 524288

 Memory used in sort:      32.55 MW

 SORT1 READ 10443689305. AND WROTE   601149046. INTEGRALS IN   1739 RECORDS. CPU TIME:   263.52 SEC, REAL TIME:   296.54 SEC
 SORT2 READ  4800753273. AND WROTE  9900425970. INTEGRALS IN  66376 RECORDS. CPU TIME:    25.54 SEC, REAL TIME:   134.91 SEC

 Node minimum:  1237491684.  Node maximum:  1237614810. integrals

 OPERATOR DM      FOR CENTER  0  COORDINATES:    0.000000    0.000000    0.000000


 Eigenvalues of metric

         1 0.304E-03 0.321E-03 0.408E-03 0.563E-03 0.668E-03 0.830E-03 0.872E-03 0.941E-03


 **********************************************************************************************************************************
 DATASETS  * FILE   NREC   LENGTH (MB)   RECORD NAMES
              1      22       38.32       500      610      700      900      950      970     1000      129      960     1700   
                                          VAR    BASINP    GEOM    SYMINP    ZMAT    AOBASIS   BASIS     P2S    ABASIS    OPER   
                                         1101     1401     1411     1412     1650     1100     1400     1410     1200     1210   
                                          SR      EKINR    POTR     PVPR    MOLCAS      S      EKIN      POT      H0       H01  
                                         1080     1600   
                                         AOSYM     SMH  

 PROGRAMS   *        TOTAL       INT
 CPU TIMES  *       325.44    325.28
 REAL TIME  *       483.07 SEC
 DISK USED  *        74.72 GB      
 GA USED    *         0.01 MB       (max)       0.00 MB       (current)
 **********************************************************************************************************************************


 PROGRAM * RHF-SCF (OPEN SHELL)       Authors: W. Meyer, H.-J. Werner


 NUMBER OF ELECTRONS:      24+   23-    SPACE SYMMETRY=1    SPIN SYMMETRY: Doublet 
 CONVERGENCE THRESHOLDS:    1.00E-05 (Density)    1.00E-07 (Energy)
 MAX. NUMBER OF ITERATIONS:       60
 INTERPOLATION TYPE:            DIIS
 INTERPOLATION STEPS:              2 (START)      1 (STEP)
 LEVEL SHIFTS:                 -0.60 (CLOSED) -0.30 (OPEN) 



 Orbital guess generated from atomic densities. Full valence occupancy:   24

 Molecular orbital dump at record        2100.2

 Initial alpha occupancy:  24
 Initial beta  occupancy:  23
 Wave function symmetry:    1

 ITERATION    DDIFF          GRAD             ENERGY        2-EL.EN.            DIPOLE MOMENTS         DIIS   ORB.
    1      0.000D+00      0.000D+00      -233.65043115    646.572469    0.00000    0.14124    0.23625    0    start
    2      0.000D+00      0.196D-02      -233.71859544    642.661783    0.00000    0.07756    0.09307    1    diag,B
    3      0.472D-03      0.826D-03      -233.73664373    642.954863    0.00000    0.05145    0.07222    2    diag,B
    4      0.297D-03      0.350D-03      -233.74156632    642.841179    0.00000    0.03615    0.05631    3    diag,B
    5      0.235D-03      0.102D-03      -233.74209313    642.824166    0.00000    0.03006    0.05135    4    diag,B
    6      0.122D-03      0.328D-04      -233.74215458    642.804641    0.00000    0.02773    0.04981    5    diag,B
    7      0.600D-04      0.968D-05      -233.74215994    642.797555    0.00000    0.02701    0.04922    6    fixocc
    8      0.194D-04      0.324D-05      -233.74216069    642.795812    0.00000    0.02690    0.04914    7    diag,B
    9      0.687D-05      0.135D-05      -233.74216086    642.795402    0.00000    0.02692    0.04909    8    diag,B
   10      0.333D-05      0.539D-06      -233.74216089    642.795389    0.00000    0.02698    0.04906    9    orth
   11      0.163D-05      0.183D-06      -233.74216089    642.795432    0.00000    0.02699    0.04904    0    orth

 Final alpha occupancy:  24
 Final beta  occupancy:  23

 !RHF STATE 1.1 Energy               -233.742160890831
 Nuclear energy                       245.13000418
 One-electron energy                 -800.26988102
 Two-electron energy                  321.39771595
 Virial quotient                       -0.99812113
 !RHF STATE 1.1 Dipole moment           0.00000084     0.02699346     0.04904424
 Dipole moment /Debye                   0.00000214     0.06860604     0.12464986

 Orbital energies:

         1.1          2.1          3.1          4.1          5.1          6.1          7.1          8.1          9.1         10.1
    -11.220573   -11.220552   -11.217865   -11.217644   -11.216840   -11.213363    -1.107974    -1.002475    -0.989965    -0.833365

        11.1         12.1         13.1         14.1         15.1         16.1         17.1         18.1         19.1         20.1
     -0.812135    -0.725333    -0.651848    -0.604141    -0.594370    -0.559724    -0.529625    -0.527822    -0.519203    -0.477843

        21.1         22.1         23.1         24.1         25.1         26.1
     -0.460169    -0.436217    -0.432740    -0.330900     0.140617     0.164157

 HOMO     24.1    -0.330900 =      -9.0043eV
 LUMO     25.1     0.140617 =       3.8264eV
 LUMO-HOMO         0.471517 =      12.8306eV


 **********************************************************************************************************************************
 DATASETS  * FILE   NREC   LENGTH (MB)   RECORD NAMES
              1      22       38.32       500      610      700      900      950      970     1000      129      960     1700   
                                          VAR    BASINP    GEOM    SYMINP    ZMAT    AOBASIS   BASIS     P2S    ABASIS    OPER   
                                         1101     1401     1411     1412     1650     1100     1400     1410     1200     1210   
                                          SR      EKINR    POTR     PVPR    MOLCAS      S      EKIN      POT      H0       H01  
                                         1080     1600   
                                         AOSYM     SMH  

              2       4       10.98       700     1000      520     2100   
                                         GEOM     BASIS   MCVARS     RHF  

 PROGRAMS   *        TOTAL       RHF       INT
 CPU TIMES  *       495.86    170.41    325.28
 REAL TIME  *       711.80 SEC
 DISK USED  *        75.44 GB      
 SF USED    *         1.13 MB      
 GA USED    *         0.01 MB       (max)       0.00 MB       (current)
 **********************************************************************************************************************************


 PROGRAM * CCSD (Unrestricted open-shell coupled cluster)     Authors: C. Hampel, H.-J. Werner, 1991, M. Deegan, P.J. Knowles, 1992


 Convergence thresholds:  THRVAR = 1.00D-08  THRDEN = 1.00D-06

 CCSD(T)     terms to be evaluated (factor= 1.000)


 Number of closed-shell orbitals:  23 (  23 )
 Number of active  orbitals:        1 (   1 )
 Number of external orbitals:     506 ( 506 )

 Memory could be reduced to 4682.86 Mwords without degradation in triples

 Number of N-1 electron functions:              47
 Number of N-2 electron functions:            1081
 Number of singly external CSFs:             23829
 Number of doubly external CSFs:         209746407
 Total number of CSFs:                   209770236

 Molecular orbitals read from record     2100.2  Type=RHF/CANONICAL (state 1.1)

 Integral transformation finished. Total CPU: 646.20 sec, npass=  1  Memory used:2005.80 MW

 Starting RMP2 calculation

 ITER.      SQ.NORM     CORR.ENERGY   TOTAL ENERGY   ENERGY CHANGE        DEN1      VAR(S)    VAR(P)  DIIS     TIME
   1      1.32090491    -1.31973609  -235.06189698    -1.31973609    -0.00385907  0.16D-04  0.14D-02  1  1   707.42
   2      1.32434242    -1.32388677  -235.06604766    -0.00415068    -0.00000465  0.34D-06  0.19D-05  2  2   770.96
   3      1.32442097    -1.32394086  -235.06610175    -0.00005409    -0.00000003  0.12D-07  0.79D-08  3  3   843.68
   4      1.32442192    -1.32394064  -235.06610153     0.00000022    -0.00000000  0.28D-09  0.36D-10  4  4   903.01

 Norm of t1 vector:      0.04322986      S-energy:    -0.00290177      T1 diagnostic:  0.00033195
 Norm of t2 vector:      0.56793758      P-energy:    -1.32103886
                                         Alpha-Beta:  -1.05807190
                                         Alpha-Alpha: -0.13936165
                                         Beta-Beta:   -0.12360531

 Spin contamination <S**2-Sz**2-Sz>     0.00084880
  Reference energy                   -233.742160890829
  RHF-RMP2 correlation energy          -1.323940636319
 !RHF-RMP2 energy                    -235.066101527147

 Starting UCCSD calculation

 ITER.      SQ.NORM     CORR.ENERGY   TOTAL ENERGY   ENERGY CHANGE        DEN1      VAR(S)    VAR(P)  DIIS     TIME
   1      1.34227676    -1.35416580  -235.09632669    -1.35416580    -0.03000502  0.38D-02  0.63D-02  1  1  2329.30
   2      1.36888556    -1.38369549  -235.12585638    -0.02952969    -0.00208918  0.17D-03  0.62D-03  2  2  3824.81
   3      1.37759668    -1.38903143  -235.13119232    -0.00533594    -0.00022395  0.73D-04  0.56D-04  3  3  5292.90
   4      1.38113253    -1.39084408  -235.13300497    -0.00181265    -0.00002897  0.10D-04  0.76D-05  4  4  6915.84
   5      1.38211183    -1.39105064  -235.13321153    -0.00020655    -0.00000643  0.47D-05  0.10D-05  5  5  8405.54
   6      1.38248948    -1.39107904  -235.13323993    -0.00002841    -0.00000130  0.77D-06  0.27D-06  6  6  9875.48
   7      1.38266625    -1.39110449  -235.13326538    -0.00002545    -0.00000020  0.13D-06  0.38D-07  6  1 11471.80
   8      1.38271993    -1.39110919  -235.13327008    -0.00000470    -0.00000003  0.16D-07  0.68D-08  6  2 13063.53
   9      1.38273666    -1.39110986  -235.13327075    -0.00000067    -0.00000001  0.38D-08  0.13D-08  6  3 14485.93

 Norm of t1 vector:      0.10661162      S-energy:    -0.00335405      T1 diagnostic:  0.00952775
                                                                       D1 diagnostic:  0.03417986
 Norm of t2 vector:      0.60940186      P-energy:    -1.38775580
                                         Alpha-Beta:  -1.13965335
                                         Alpha-Alpha: -0.13173010
                                         Beta-Beta:   -0.11637235

 Spin contamination <S**2-Sz**2-Sz>     0.00076199

 Memory could be reduced to 4983.87 Mwords without degradation in triples


  Correlated core orbitals:             1.1       2.1       3.1       4.1       5.1       6.1
  Orbital energies:                   -11.2207  -11.2206  -11.2180  -11.2178  -11.2169  -11.2225

  UCCSD core-core energy               -0.222816518111
  UCCSD core-valence energy            -0.079384258015
  UCCSD valence correlation energy     -1.088909079845


 RESULTS
 =======

  Reference energy                   -233.742160890829
  UCCSD singles energy                 -0.003354052957
  UCCSD pair energy                    -1.387755803014
  UCCSD correlation energy             -1.391109855971
  Triples (T) contribution             -0.048479044913
  Total correlation energy             -1.439588900884

  RHF-UCCSD energy                   -235.133270746800
  RHF-UCCSD[T] energy                -235.182997369339
  RHF-UCCSD-T energy                 -235.181251488372
 !RHF-UCCSD(T) energy                -235.181749791713

 Program statistics:

 Available memory in ccsd:             24999995052
 Min. memory needed in ccsd:             573074302
 Max. memory used in ccsd:               844214287
 Max. memory used in cckext:             619359463 ( 9 integral passes)
 Max. memory used in cckint:            2005798082 ( 1 integral passes)



 **********************************************************************************************************************************
 DATASETS  * FILE   NREC   LENGTH (MB)   RECORD NAMES
              1      22       38.32       500      610      700      900      950      970     1000      129      960     1700   
                                          VAR    BASINP    GEOM    SYMINP    ZMAT    AOBASIS   BASIS     P2S    ABASIS    OPER   
                                         1101     1401     1411     1412     1650     1100     1400     1410     1200     1210   
                                          SR      EKINR    POTR     PVPR    MOLCAS      S      EKIN      POT      H0       H01  
                                         1080     1600   
                                         AOSYM     SMH  

              2       4       10.98       700     1000      520     2100   
                                         GEOM     BASIS   MCVARS     RHF  

 PROGRAMS   *        TOTAL  UCCSD(T)       RHF       INT
 CPU TIMES  *     60370.12  59874.25    170.41    325.28
 REAL TIME  *     72064.39 SEC
 DISK USED  *       288.54 GB      
 SF USED    *        96.60 GB      
 GA USED    *         0.01 MB       (max)       0.00 MB       (current)
 **********************************************************************************************************************************

 UCCSD(T)/USERDEF energy=   -235.181749791713

        UCCSD(T)        RHF-SCF 
   -235.18174979   -233.74216089
 **********************************************************************************************************************************
 Molpro calculation terminated
 Variable memory released

 Fortran compiler diagnostic
 ***************************

 integer size                  8
 double precision size         8
 logical size                  8

 diagnostic completed successfully
