
 Primary working directories    : /scratch/saurabh/PBS_8053994.helios
 Secondary working directories  : /scratch/saurabh/PBS_8053994.helios
 Wavefunction directory         : /scratch/saurabh/PBS_8053994.helios/
 Main file repository           : /scratch/saurabh/PBS_8053994.helios/

 SHA1      : f6387f0c468d0184d0b38d85973bdb066f718752
 NAME      : 2015.1.44
 ARCHNAME  : linux/x86_64
 FC        : /opt/may/bin/gfortran
 BLASLIB   : -Wl,-_start-group /opt/intel/mkl/lib/intel64/libmkl_gf_ilp64.a /opt/intel/mkl/lib/intel64/libmkl_gnu_thread.a /opt/intel/mkl/lib/intel64/libmkl_core.a -Wl,-_end-group
 id        : ramakrishnan

 Nodes             nprocs
 hel09.tifrh.res.in    8

 Using DEFAULT tuning parameter for ncache   :   16384
 Using DEFAULT tuning parameter for mflopdgm :   10000
 Using DEFAULT tuning parameter for mflopdgv :    4000
 Using DEFAULT tuning parameter for mflopmxm :    5000
 Using DEFAULT tuning parameter for mflopmxv :    4000
 Using DEFAULT tuning parameter for mindgm   :       1
 Using DEFAULT tuning parameter for mindgc   :       4
 Using DEFAULT tuning parameter for mindgf   :    5000
 Using DEFAULT tuning parameter for mindgl   :       4
 Using DEFAULT tuning parameter for mindgr   :       1
 Using DEFAULT tuning parameter for mindgv   :      20
 Using DEFAULT tuning parameter for mincuda  :     500
 Using DEFAULT tuning parameter for mxmblk   :      64
 Using DEFAULT tuning parameter for mxmbln   :      64
 Using DEFAULT tuning parameter for nroll    :       2
 Using custom tuning parameter for ngpus     :       0
 Using customized tuning parameters: mindgm=1; mindgv=20; mindgc=4; mindgr=1; noblas=0; minvec=7
 default implementation of scratch files=sf  

 ***,Mol_03
 memory,25,g
 geometry={
 C  -0.624685  -0.207931  0.245677
 C  0.313967   -1.351706  -0.157268
 C  1.748666   -1.064431  0.298789
 C  2.266775   0.261398   -0.262880
 C  1.343548   1.430535   0.124347
 C  -0.087158  1.121347   -0.152553
 H  -0.787815  1.899876   -0.416331
 H  1.643710   2.345333   -0.389472
 H  1.484706   1.634034   1.199739
 H  2.319516   0.193643   -1.352921
 H  3.280881   0.453762   0.093371
 H  2.398212   -1.885427  -0.010724
 H  1.785838   -1.036560  1.392994
 H  0.283462   -1.450436  -1.245014
 H  -0.051921  -2.287905  0.266534
 O  -1.878998  -0.514603  -0.373770
 O  -2.863109  0.438170   0.110524
 H  -3.414631  -0.142565  0.651480
 H  -0.771779  -0.247569  1.339654
  }
 basis={
                                                                            ! oxygen               (10s,5p,4d,2f) -&gt; [10s,5p,4d,2f]
 s, O , 0.1533000000E+05, 0.2299000000E+04, 0.5224000000E+03, 0.1473000000E+03, 0.4755000000E+02, 0.1676000000E+02, 0.6207000000E+01, 0.1752000000E+01, 0.6882000000E+00, 0.2384000000E+00
 c, 1.1, 0.1000000000E+01
 c, 2.2, 0.1000000000E+01
 c, 3.3, 0.1000000000E+01
 c, 4.4, 0.1000000000E+01
 c, 5.5, 0.1000000000E+01
 c, 6.6, 0.1000000000E+01
 c, 7.7, 0.1000000000E+01
 c, 8.8, 0.1000000000E+01
 c, 9.9, 0.1000000000E+01
 c, 10.10, 0.1000000000E+01
 p, O , 0.3446000000E+02, 0.7749000000E+01, 0.2280000000E+01, 0.7156000000E+00, 0.2140000000E+00
 c, 1.1, 0.1000000000E+01
 c, 2.2, 0.1000000000E+01
 c, 3.3, 0.1000000000E+01
 c, 4.4, 0.1000000000E+01
 c, 5.5, 0.1000000000E+01
 d, O , 0.2100000000E+02, 0.7000000000E+01, 0.2314000000E+01, 0.6450000000E+00
 c, 1.1, 0.1000000000E+01
 c, 2.2, 0.1000000000E+01
 c, 3.3, 0.1000000000E+01
 c, 4.4, 0.1000000000E+01
 f, O , 0.4300000000E+01, 0.1428000000E+01
 c, 1.1, 0.1000000000E+01
 c, 2.2, 0.1000000000E+01
                                                                                 ! hydrogen             (5s,2p,1d) -&gt; [5s,2p,1d]
 s, H , 0.3387000000E+02, 0.5095000000E+01, 0.1159000000E+01, 0.3258000000E+00, 0.1027000000E+00
 c, 1.1, 0.1000000000E+01
 c, 2.2, 0.1000000000E+01
 c, 3.3, 0.1000000000E+01
 c, 4.4, 0.1000000000E+01
 c, 5.5, 0.1000000000E+01
 p, H , 0.1407000000E+01, 0.3880000000E+00
 c, 1.1, 0.1000000000E+01
 c, 2.2, 0.1000000000E+01
 d, H , 0.1057000000E+01
 c, 1.1, 0.1000000000E+01
                                                                            ! carbon               (10s,5p,4d,2f) -&gt; [10s,5p,4d,2f]
 s, C , 0.8236000000E+04, 0.1235000000E+04, 0.2808000000E+03, 0.7927000000E+02, 0.2559000000E+02, 0.8997000000E+01, 0.3319000000E+01, 0.9059000000E+00, 0.3643000000E+00, 0.1285000000E+00
 c, 1.1, 0.1000000000E+01
 c, 2.2, 0.1000000000E+01
 c, 3.3, 0.1000000000E+01
 c, 4.4, 0.1000000000E+01
 c, 5.5, 0.1000000000E+01
 c, 6.6, 0.1000000000E+01
 c, 7.7, 0.1000000000E+01
 c, 8.8, 0.1000000000E+01
 c, 9.9, 0.1000000000E+01
 c, 10.10, 0.1000000000E+01
 p, C , 0.1871000000E+02, 0.4133000000E+01, 0.1200000000E+01, 0.3827000000E+00, 0.1209000000E+00
 c, 1.1, 0.1000000000E+01
 c, 2.2, 0.1000000000E+01
 c, 3.3, 0.1000000000E+01
 c, 4.4, 0.1000000000E+01
 c, 5.5, 0.1000000000E+01
 d, C , 0.1000000000E+02, 0.3300000000E+01, 0.1097000000E+01, 0.3180000000E+00
 c, 1.1, 0.1000000000E+01
 c, 2.2, 0.1000000000E+01
 c, 3.3, 0.1000000000E+01
 c, 4.4, 0.1000000000E+01
 f, C , 0.2300000000E+01, 0.7610000000E+00
 c, 1.1, 0.1000000000E+01
 c, 2.2, 0.1000000000E+01
 }
 DKROLL=1
 DKHO=2
 {rhf
 wf,63,1,1
 }
 {uccsd(t)
 core}
 

 Fortran compiler diagnostic
 ***************************

 integer size                  8
 double precision size         8
 logical size                  8

 diagnostic completed successfully

 Variables initialized (889), CPU time= 0.01 sec
 Commands  initialized (702), CPU time= 0.02 sec, 572 directives.
 Default parameters read. Elapsed time= 0.11 sec

 Using DEFAULT tuning parameter for mpplat   :       3
 Using DEFAULT tuning parameter for mppspeed :    1600
 Checking input...
 Passed
1


                                         ***  PROGRAM SYSTEM MOLPRO  ***
                                       Copyright, TTI GmbH Stuttgart, 2015
                                    Version 2015.1 linked Jun  9 2019 06:55:40


 **********************************************************************************************************************************
 LABEL *   Mol_03                                                                        
  64 bit mpp version                                                                     DATE: 06-Apr-22          TIME: 17:05:35  
 **********************************************************************************************************************************

 SHA1:             f6387f0c468d0184d0b38d85973bdb066f718752
 **********************************************************************************************************************************

Geometry recognized as XYZ


 Variable memory set to ********** words,  buffer space   230000 words

 SETTING BASIS          =    USERDEF
 SETTING DKROLL         =         1.00000000                                  
 SETTING DKHO           =         2.00000000                                  


 Recomputing integrals since basis changed


 Using spherical harmonics



 PROGRAM * SEWARD (Integral evaluation for generally contracted gaussian basis sets)     Author: Roland Lindh, 1990

 Geometry written to block  1 of record 700


 Point group  C1  



 ATOMIC COORDINATES

 NR  ATOM    CHARGE       X              Y              Z

   1  C       6.00   -1.180483564   -0.392932643    0.464262245
   2  C       6.00    0.593311642   -2.554354141   -0.297193448
   3  C       6.00    3.304499823   -2.011483068    0.564629379
   4  C       6.00    4.283583936    0.493970630   -0.496771204
   5  C       6.00    2.538937755    2.703319362    0.234981774
   6  C       6.00   -0.164704750    2.119038721   -0.288283389
   7  H       1.00   -1.488754587    3.590245311   -0.786751567
   8  H       1.00    3.106161728    4.432037041   -0.735995413
   9  H       1.00    2.805687715    3.087876738    2.267178131
  10  H       1.00    4.383249982    0.365932236   -2.556650158
  11  H       1.00    6.199966537    0.857485906    0.176445618
  12  H       1.00    4.531963869   -3.562940658   -0.020265423
  13  H       1.00    3.374744723   -1.958814512    2.632377153
  14  H       1.00    0.535665547   -2.740926801   -2.352735481
  15  H       1.00   -0.098116470   -4.323513849    0.503676263
  16  O       8.00   -3.550791609   -0.972458733   -0.706322934
  17  O       8.00   -5.410491875    0.828021296    0.208860090
  18  H       1.00   -6.452717406   -0.269408805    1.231118776
  19  H       1.00   -1.458450939   -0.467837607    2.531579162

 Bond lengths in Bohr (Angstrom)

  1- 2  2.897914267   1- 6  2.812140050   1-16  2.706377722   1-19  2.087265160   2- 3  2.896202503
       ( 1.533510189)       ( 1.488120429)       ( 1.432153415)       ( 1.104533156)       ( 1.532604363)

  2-14  2.064796716   2-15  2.061405152   3- 4  2.891794448   3-12  2.062956753   3-13  2.069610877
       ( 1.092643367)       ( 1.090848629)       ( 1.530271721)       ( 1.091669701)       ( 1.095190911)

  4- 5  2.908689488   4-10  2.066259533   4-11  2.063464688   5- 6  2.815115112   5- 8  2.062281394
       ( 1.539212191)       ( 1.093417457)       ( 1.091938489)       ( 1.489694763)       ( 1.091312316)

  5- 9  2.085392517   6- 7  2.041084841  16-17  2.745500570  17-18  1.826362424
       ( 1.103542196)       ( 1.080095583)       ( 1.452856334)       ( 0.966469374)

 Bond angles

  1- 2- 3  110.79332365   1- 2-14  108.17304435   1- 2-15  109.43422240   1- 6- 5  118.85300501

  1- 6- 7  118.35247944   1-16-17  107.97753993   2- 1- 6  112.01378917   2- 1-16  105.23165831

  2- 1-19  108.36062271   2- 3- 4  111.72333539   2- 3-12  109.36942387   2- 3-13  109.50232444

  3- 2-14  109.83473932   3- 2-15  111.05412672   3- 4- 5  111.26458770   3- 4-10  109.18071534

  3- 4-11  110.32367716   4- 3-12  110.24687551   4- 3-13  109.46118172   4- 5- 6  111.81695277

  4- 5- 8  110.68864577   4- 5- 9  107.96901611   5- 4-10  109.07449082   5- 4-11  109.94770879

  5- 6- 7  121.25207012   6- 1-16  113.07199223   6- 1-19  110.19451052   6- 5- 8  110.52527656

  6- 5- 9  110.01447092   8- 5- 9  105.60807554  10- 4-11  106.93985402  12- 3-13  106.39220851

 14- 2-15  107.44873610  16- 1-19  107.70247015  16-17-18  100.31528057

 NUCLEAR CHARGE:                   63
 NUMBER OF PRIMITIVE AOS:         739
 NUMBER OF SYMMETRY AOS:          648
 NUMBER OF CONTRACTIONS:          648   ( 648A   )
 NUMBER OF CORE ORBITALS:           8   (   8A   )
 NUMBER OF VALENCE ORBITALS:       43   (  43A   )


 NUCLEAR REPULSION ENERGY  395.00313494

 One-electron integrals computed with SEWARD

 2nd-order Douglas-Kroll-Hess method activated. Optimal DKH parametrization is used.

 Computing Douglas-Kroll / X2C integrals

 AO integral compression algorithm  1   Integral accuracy      1.0D-11

     28540.142 MB (compressed) written to integral file ( 16.2%)

     Node minimum: 3393.978 MB, node maximum: 3783.000 MB


 NUMBER OF SORTED TWO-ELECTRON INTEGRALS: 2763499760.     BUFFER LENGTH:  32768
 NUMBER OF SEGMENTS:  87  SEGMENT LENGTH:   31996888      RECORD LENGTH: 262144

 Memory used in sort:      32.29 MW

 SORT1 READ 22072864885. AND WROTE   943908336. INTEGRALS IN   5443 RECORDS. CPU TIME:   195.46 SEC, REAL TIME:   206.35 SEC
 SORT2 READ  7545635914. AND WROTE 22108103226. INTEGRALS IN 107496 RECORDS. CPU TIME:    30.76 SEC, REAL TIME:    91.55 SEC

 Node minimum:  2763420908.  Node maximum:  2763604900. integrals

 OPERATOR DM      FOR CENTER  0  COORDINATES:    0.000000    0.000000    0.000000


 Eigenvalues of metric

         1 0.259E-03 0.283E-03 0.404E-03 0.499E-03 0.631E-03 0.801E-03 0.821E-03 0.897E-03


 **********************************************************************************************************************************
 DATASETS  * FILE   NREC   LENGTH (MB)   RECORD NAMES
              1      22       47.30       500      610      700      900      950      970     1000      129      960     1700   
                                          VAR    BASINP    GEOM    SYMINP    ZMAT    AOBASIS   BASIS     P2S    ABASIS    OPER   
                                         1101     1401     1411     1412     1650     1100     1400     1410     1200     1210   
                                          SR      EKINR    POTR     PVPR    MOLCAS      S      EKIN      POT      H0       H01  
                                         1080     1600   
                                         AOSYM     SMH  

 PROGRAMS   *        TOTAL       INT
 CPU TIMES  *       292.97    292.80
 REAL TIME  *       387.35 SEC
 DISK USED  *       118.39 GB      
 GA USED    *         0.02 MB       (max)       0.00 MB       (current)
 **********************************************************************************************************************************


 PROGRAM * RHF-SCF (OPEN SHELL)       Authors: W. Meyer, H.-J. Werner


 NUMBER OF ELECTRONS:      32+   31-    SPACE SYMMETRY=1    SPIN SYMMETRY: Doublet 
 CONVERGENCE THRESHOLDS:    1.00E-05 (Density)    1.26E-07 (Energy)
 MAX. NUMBER OF ITERATIONS:       60
 INTERPOLATION TYPE:            DIIS
 INTERPOLATION STEPS:              2 (START)      1 (STEP)
 LEVEL SHIFTS:                 -0.60 (CLOSED) -0.30 (OPEN) 



 Orbital guess generated from atomic densities. Full valence occupancy:   32

 Molecular orbital dump at record        2100.2

 Initial alpha occupancy:  32
 Initial beta  occupancy:  31
 Wave function symmetry:    1

 ITERATION    DDIFF          GRAD             ENERGY        2-EL.EN.            DIPOLE MOMENTS         DIIS   ORB.
    1      0.000D+00      0.000D+00      -383.40040935   1057.960727    0.44782   -0.47927    1.06596    0    start
    2      0.000D+00      0.202D-02      -383.49014067   1055.838543    0.44787   -0.27285    0.72405    1    diag,B
    3      0.483D-03      0.732D-03      -383.51035680   1055.979864    0.41840   -0.26074    0.68435    2    diag,B
    4      0.264D-03      0.326D-03      -383.51668434   1055.942996    0.40211   -0.23649    0.66624    3    diag,B
    5      0.217D-03      0.104D-03      -383.51743523   1055.910156    0.39955   -0.23784    0.65861    4    diag,B
    6      0.958D-04      0.418D-04      -383.51757296   1055.891544    0.39848   -0.23446    0.65784    5    diag,B
    7      0.556D-04      0.152D-04      -383.51759378   1055.877165    0.39836   -0.23375    0.65650    6    fixocc
    8      0.273D-04      0.504D-05      -383.51759625   1055.873260    0.39819   -0.23341    0.65592    7    diag,B
    9      0.959D-05      0.185D-05      -383.51759666   1055.872476    0.39815   -0.23341    0.65573    8    diag,B
   10      0.370D-05      0.767D-06      -383.51759674   1055.872269    0.39815   -0.23344    0.65566    9    orth
   11      0.167D-05      0.308D-06      -383.51759675   1055.872353    0.39818   -0.23347    0.65563    0    orth

 Final alpha occupancy:  32
 Final beta  occupancy:  31

 !RHF STATE 1.1 Energy               -383.517596747695
 Nuclear energy                       395.00313494
 One-electron energy                -1306.45690836
 Two-electron energy                  527.93617667
 Virial quotient                       -0.99755874
 !RHF STATE 1.1 Dipole moment           0.39817653    -0.23346581     0.65563106
 Dipole moment /Debye                   1.01199750    -0.59337202     1.66633878

 Orbital energies:

         1.1          2.1          3.1          4.1          5.1          6.1          7.1          8.1          9.1         10.1
    -20.628553   -20.628184   -11.287656   -11.229083   -11.228076   -11.227047   -11.225028   -11.217371    -1.464685    -1.226990

        11.1         12.1         13.1         14.1         15.1         16.1         17.1         18.1         19.1         20.1
     -1.107249    -1.005842    -0.983603    -0.840918    -0.822424    -0.748021    -0.696005    -0.672088    -0.650864    -0.622276

        21.1         22.1         23.1         24.1         25.1         26.1         27.1         28.1         29.1         30.1
     -0.594475    -0.584471    -0.561076    -0.541892    -0.522860    -0.495120    -0.488597    -0.471622    -0.461658    -0.456466

        31.1         32.1         33.1         34.1
     -0.431275    -0.341645     0.137891     0.149186

 HOMO     32.1    -0.341645 =      -9.2966eV
 LUMO     33.1     0.137891 =       3.7522eV
 LUMO-HOMO         0.479537 =      13.0489eV


 **********************************************************************************************************************************
 DATASETS  * FILE   NREC   LENGTH (MB)   RECORD NAMES
              1      22       47.30       500      610      700      900      950      970     1000      129      960     1700   
                                          VAR    BASINP    GEOM    SYMINP    ZMAT    AOBASIS   BASIS     P2S    ABASIS    OPER   
                                         1101     1401     1411     1412     1650     1100     1400     1410     1200     1210   
                                          SR      EKINR    POTR     PVPR    MOLCAS      S      EKIN      POT      H0       H01  
                                         1080     1600   
                                         AOSYM     SMH  

              2       4       14.92       700     1000      520     2100   
                                         GEOM     BASIS   MCVARS     RHF  

 PROGRAMS   *        TOTAL       RHF       INT
 CPU TIMES  *       625.46    332.49    292.80
 REAL TIME  *       736.06 SEC
 DISK USED  *       119.37 GB      
 SF USED    *         1.68 MB      
 GA USED    *         0.02 MB       (max)       0.00 MB       (current)
 **********************************************************************************************************************************


 PROGRAM * CCSD (Unrestricted open-shell coupled cluster)     Authors: C. Hampel, H.-J. Werner, 1991, M. Deegan, P.J. Knowles, 1992


 Convergence thresholds:  THRVAR = 1.00D-08  THRDEN = 1.26D-06

 CCSD(T)     terms to be evaluated (factor= 1.000)


 Number of closed-shell orbitals:  31 (  31 )
 Number of active  orbitals:        1 (   1 )
 Number of external orbitals:     616 ( 616 )

 Memory could be reduced to 10979.38 Mwords without degradation in triples

 Number of N-1 electron functions:              63
 Number of N-2 electron functions:            1953
 Number of singly external CSFs:             38871
 Number of doubly external CSFs:         560268084
 Total number of CSFs:                   560306955

 Molecular orbitals read from record     2100.2  Type=RHF/CANONICAL (state 1.1)

 Integral transformation finished. Total CPU:1906.89 sec, npass=  1  Memory used:4856.60 MW

 Starting RMP2 calculation

 ITER.      SQ.NORM     CORR.ENERGY   TOTAL ENERGY   ENERGY CHANGE        DEN1      VAR(S)    VAR(P)  DIIS     TIME
   1      1.43619069    -1.91745180  -385.43504855    -1.91745180    -0.00505314  0.15D-04  0.18D-02  1  1  2104.90
   2      1.44054045    -1.92286484  -385.44046158    -0.00541303    -0.00000570  0.33D-06  0.24D-05  2  2  2364.41
   3      1.44064249    -1.92293857  -385.44053531    -0.00007373    -0.00000003  0.13D-07  0.92D-08  3  3  3672.78
   4      1.44064362    -1.92293830  -385.44053505     0.00000027    -0.00000000  0.32D-09  0.41D-10  4  4  3883.19

 Norm of t1 vector:      0.04292036      S-energy:    -0.00289167      T1 diagnostic:  0.00027687
 Norm of t2 vector:      0.66242091      P-energy:    -1.92004663
                                         Alpha-Beta:  -1.51370409
                                         Alpha-Alpha: -0.21122486
                                         Beta-Beta:   -0.19511768

 Spin contamination <S**2-Sz**2-Sz>     0.00061428
  Reference energy                   -383.517596747701
  RHF-RMP2 correlation energy          -1.922938300763
 !RHF-RMP2 energy                    -385.440535048464

 Starting UCCSD calculation

 ITER.      SQ.NORM     CORR.ENERGY   TOTAL ENERGY   ENERGY CHANGE        DEN1      VAR(S)    VAR(P)  DIIS     TIME
   1      1.44758304    -1.93511701  -385.45271376    -1.93511701    -0.04327504  0.60D-02  0.78D-02  0  0  9766.84
   2      1.48007230    -1.97358520  -385.49118195    -0.03846819    -0.00391686  0.30D-03  0.12D-02  1  1 15662.83
   3      1.49301665    -1.98160693  -385.49920368    -0.00802173    -0.00050336  0.16D-03  0.11D-03  2  2 21365.87
   4      1.49968821    -1.98594683  -385.50354358    -0.00433990    -0.00005776  0.18D-04  0.15D-04  3  3 27651.65
   5      1.50142726    -1.98624035  -385.50383710    -0.00029352    -0.00001022  0.69D-05  0.16D-05  4  4 33757.84
   6      1.50195610    -1.98626928  -385.50386602    -0.00002893    -0.00000242  0.14D-05  0.47D-06  5  5 39013.57
   7      1.50224901    -1.98631810  -385.50391485    -0.00004883    -0.00000038  0.23D-06  0.69D-07  6  6 43819.07
   8      1.50231918    -1.98632642  -385.50392317    -0.00000832    -0.00000007  0.38D-07  0.14D-07  6  1 48638.29
   9      1.50234917    -1.98632720  -385.50392395    -0.00000078    -0.00000002  0.99D-08  0.31D-08  6  2 54784.52
  10      1.50235640    -1.98632911  -385.50392586    -0.00000191    -0.00000000  0.22D-08  0.58D-09  6  3 60412.96
  11      1.50235682    -1.98632820  -385.50392495     0.00000091    -0.00000000  0.53D-09  0.15D-09  6  4 66175.97

 Norm of t1 vector:      0.12679778      S-energy:    -0.00334279      T1 diagnostic:  0.01026852
                                                                       D1 diagnostic:  0.03377029
 Norm of t2 vector:      0.69733718      P-energy:    -1.98298541
                                         Alpha-Beta:  -1.60910039
                                         Alpha-Alpha: -0.19480984
                                         Beta-Beta:   -0.17907518

 Spin contamination <S**2-Sz**2-Sz>     0.00059168

 Memory could be reduced to 11767.74 Mwords without degradation in triples


  Correlated core orbitals:             1.1       2.1       3.1       4.1       5.1       6.1       7.1       8.1
  Orbital energies:                   -20.6286  -20.6282  -11.2877  -11.2292  -11.2281  -11.2272  -11.2252  -11.2266

  UCCSD core-core energy               -0.295906560290
  UCCSD core-valence energy            -0.117008478026
  UCCSD valence correlation energy     -1.573413159145


 RESULTS
 =======

  Reference energy                   -383.517596747701
  UCCSD singles energy                 -0.003342786399
  UCCSD pair energy                    -1.982985411063
  UCCSD correlation energy             -1.986328197461
  Triples (T) contribution             -0.071754454218
  Total correlation energy             -2.058082651679

  RHF-UCCSD energy                   -385.503924945162
  RHF-UCCSD[T] energy                -385.577798681604
  RHF-UCCSD-T energy                 -385.574749859648
 !RHF-UCCSD(T) energy                -385.575679399380

 Program statistics:

 Available memory in ccsd:             24999991388
 Min. memory needed in ccsd:            1521323948
 Max. memory used in ccsd:              2251391389
 Max. memory used in cckext:            1665945027 (11 integral passes)
 Max. memory used in cckint:            4856602780 ( 1 integral passes)



 **********************************************************************************************************************************
 DATASETS  * FILE   NREC   LENGTH (MB)   RECORD NAMES
              1      22       47.30       500      610      700      900      950      970     1000      129      960     1700   
                                          VAR    BASINP    GEOM    SYMINP    ZMAT    AOBASIS   BASIS     P2S    ABASIS    OPER   
                                         1101     1401     1411     1412     1650     1100     1400     1410     1200     1210   
                                          SR      EKINR    POTR     PVPR    MOLCAS      S      EKIN      POT      H0       H01  
                                         1080     1600   
                                         AOSYM     SMH  

              2       4       14.92       700     1000      520     2100   
                                         GEOM     BASIS   MCVARS     RHF  

 PROGRAMS   *        TOTAL  UCCSD(T)       RHF       INT
 CPU TIMES  *    261356.44 260730.98    332.49    292.80
 REAL TIME  *    294735.94 SEC
 DISK USED  *       689.92 GB      
 SF USED    *       237.77 GB      
 GA USED    *         0.02 MB       (max)       0.00 MB       (current)
 **********************************************************************************************************************************

 UCCSD(T)/USERDEF energy=   -385.575679399380

        UCCSD(T)        RHF-SCF 
   -385.57567940   -383.51759675
 **********************************************************************************************************************************
 Molpro calculation terminated
 Variable memory released

 Fortran compiler diagnostic
 ***************************

 integer size                  8
 double precision size         8
 logical size                  8

 diagnostic completed successfully
