
 Primary working directories    : /scratch/saurabh/PBS_8053899.helios
 Secondary working directories  : /scratch/saurabh/PBS_8053899.helios
 Wavefunction directory         : /scratch/saurabh/PBS_8053899.helios/
 Main file repository           : /scratch/saurabh/PBS_8053899.helios/

 SHA1      : f6387f0c468d0184d0b38d85973bdb066f718752
 NAME      : 2015.1.44
 ARCHNAME  : linux/x86_64
 FC        : /opt/may/bin/gfortran
 BLASLIB   : -Wl,-_start-group /opt/intel/mkl/lib/intel64/libmkl_gf_ilp64.a /opt/intel/mkl/lib/intel64/libmkl_gnu_thread.a /opt/intel/mkl/lib/intel64/libmkl_core.a -Wl,-_end-group
 id        : ramakrishnan

 Nodes             nprocs
 hel03.tifrh.res.in    8

 Using DEFAULT tuning parameter for ncache   :   16384
 Using DEFAULT tuning parameter for mflopdgm :   10000
 Using DEFAULT tuning parameter for mflopdgv :    4000
 Using DEFAULT tuning parameter for mflopmxm :    5000
 Using DEFAULT tuning parameter for mflopmxv :    4000
 Using DEFAULT tuning parameter for mindgm   :       1
 Using DEFAULT tuning parameter for mindgc   :       4
 Using DEFAULT tuning parameter for mindgf   :    5000
 Using DEFAULT tuning parameter for mindgl   :       4
 Using DEFAULT tuning parameter for mindgr   :       1
 Using DEFAULT tuning parameter for mindgv   :      20
 Using DEFAULT tuning parameter for mincuda  :     500
 Using DEFAULT tuning parameter for mxmblk   :      64
 Using DEFAULT tuning parameter for mxmbln   :      64
 Using DEFAULT tuning parameter for nroll    :       2
 Using custom tuning parameter for ngpus     :       0
 Using customized tuning parameters: mindgm=1; mindgv=20; mindgc=4; mindgr=1; noblas=0; minvec=7
 default implementation of scratch files=sf  

 ***,Mol_05
 memory,25,g
 geometry={
 C  1.493240   0.048413   0.109913
 C  0.662624   1.302204   0.056893
 C  -0.662622  1.302205   -0.056894
 C  -1.493241  0.048415   -0.109910
 C  -0.696924  -1.189909  0.315775
 C  0.696922   -1.189909  -0.315777
 H  1.240457   -2.098105  -0.048371
 H  0.595292   -1.193818  -1.405178
 H  -0.595293  -1.193822  1.405176
 H  -1.240459  -2.098104  0.048367
 H  -2.375187  0.166413   0.526004
 H  -1.883533  -0.086031  -1.126065
 H  -1.191963  2.247292   -0.112713
 H  1.191967   2.247290   0.112709
 H  1.883527   -0.086035  1.126070
 H  2.375190   0.166409   -0.525997
  }
 basis,O=AVDZ,C=AVDZ,H=VDZ
 hf;
 ccsd(t);
 

 Fortran compiler diagnostic
 ***************************

 integer size                  8
 double precision size         8
 logical size                  8

 diagnostic completed successfully

 Variables initialized (889), CPU time= 0.02 sec
 Commands  initialized (702), CPU time= 0.02 sec, 572 directives.
 Default parameters read. Elapsed time= 0.19 sec

 Using DEFAULT tuning parameter for mpplat   :       3
 Using DEFAULT tuning parameter for mppspeed :    1600
 Checking input...
 Passed
1


                                         ***  PROGRAM SYSTEM MOLPRO  ***
                                       Copyright, TTI GmbH Stuttgart, 2015
                                    Version 2015.1 linked Jun  9 2019 06:55:40


 **********************************************************************************************************************************
 LABEL *   Mol_05                                                                        
  64 bit mpp version                                                                     DATE: 04-Apr-22          TIME: 21:00:17  
 **********************************************************************************************************************************

 SHA1:             f6387f0c468d0184d0b38d85973bdb066f718752
 **********************************************************************************************************************************

Geometry recognized as XYZ


 Variable memory set to ********** words,  buffer space   230000 words

 SETTING BASIS          =    O=AVDZ,C=AVDZ,H=VDZ


 Recomputing integrals since basis changed


 Using spherical harmonics

 Library entry C      S aug-cc-pVDZ          selected for orbital group  1
 Library entry C      P aug-cc-pVDZ          selected for orbital group  1
 Library entry C      D aug-cc-pVDZ          selected for orbital group  1
 Library entry H      S cc-pVDZ              selected for orbital group  2
 Library entry H      P cc-pVDZ              selected for orbital group  2


 PROGRAM * SEWARD (Integral evaluation for generally contracted gaussian basis sets)     Author: Roland Lindh, 1990

 Geometry written to block  1 of record 700


 Point group  C1  



 ATOMIC COORDINATES

 NR  ATOM    CHARGE       X              Y              Z

   1  C       6.00    2.821814638    0.091487311    0.207705468
   2  C       6.00    1.252177884    2.460808918    0.107512188
   3  C       6.00   -1.252174104    2.460810808   -0.107514078
   4  C       6.00   -2.821816528    0.091491090   -0.207699798
   5  C       6.00   -1.316995490   -2.248602123    0.596728267
   6  C       6.00    1.316991710   -2.248602123   -0.596732046
   7  H       1.00    2.344123999   -3.964843831   -0.091407942
   8  H       1.00    1.124938844   -2.255989063   -2.655401576
   9  H       1.00   -1.124940734   -2.255996621    2.655397797
  10  H       1.00   -2.344127779   -3.964841941    0.091400383
  11  H       1.00   -4.488452925    0.314474994    0.994003500
  12  H       1.00   -3.559361517   -0.162575028   -2.127954448
  13  H       1.00   -2.252483621    4.246766402   -0.212996701
  14  H       1.00    2.252491180    4.246762622    0.212989142
  15  H       1.00    3.559350178   -0.162582587    2.127963897
  16  H       1.00    4.488458594    0.314467435   -0.993990272

 Bond lengths in Bohr (Angstrom)

  1- 2  2.843850051   1- 6  2.896140590   1-15  2.072655934   1-16  2.066759507   2- 3  2.513566226
       ( 1.504900638)       ( 1.532571600)       ( 1.096802287)       ( 1.093682032)       ( 1.330121965)

  2-14  2.049727472   3- 4  2.843851340   3-13  2.049727566   4- 5  2.896140038   4-11  2.066758215
       ( 1.084669067)       ( 1.504901320)       ( 1.084669117)       ( 1.532571308)       ( 1.093681348)

  4-12  2.072655332   5- 6  2.891753117   5- 9  2.067621808   5-10  2.062967794   6- 7  2.062968441
       ( 1.096801968)       ( 1.530249849)       ( 1.094138342)       ( 1.091675544)       ( 1.091675886)

 6-8  2.067621605
     ( 1.094138234)

 Bond angles

  1- 2- 3  123.56839445   1- 2-14  117.04897008   1- 6- 5  111.01697201   1- 6- 7  110.20991696

  1- 6- 8  109.12978909   2- 1- 6  112.12361910   2- 1-15  109.33991159   2- 1-16  109.55527663

  2- 3- 4  123.56841203   2- 3-13  119.38231028   3- 2-14  119.38233085   3- 4- 5  112.12365801

  3- 4-11  109.55525300   3- 4-12  109.33985356   4- 3-13  117.04897307   4- 5- 6  111.01702237

  4- 5- 9  109.12979849   4- 5-10  110.20998625   5- 4-11  110.16210854   5- 4-12  110.07109071

  5- 6- 7  110.63513690   5- 6- 8  109.04548079   6- 1-15  110.07108546   6- 1-16  110.16208692

  6- 5- 9  109.04542839   6- 5-10  110.63509737   7- 6- 8  106.68825867   9- 5-10  106.68821697

 11- 4-12  105.36466627  15- 1-16  105.36465298

 NUCLEAR CHARGE:                   46
 NUMBER OF PRIMITIVE AOS:         292
 NUMBER OF SYMMETRY AOS:          280
 NUMBER OF CONTRACTIONS:          188   ( 188A   )
 NUMBER OF CORE ORBITALS:           6   (   6A   )
 NUMBER OF VALENCE ORBITALS:       34   (  34A   )


 NUCLEAR REPULSION ENERGY  237.00567377


 Eigenvalues of metric

         1 0.386E-04 0.517E-04 0.794E-04 0.129E-03 0.145E-03 0.156E-03 0.163E-03 0.203E-03


 Contracted 2-electron integrals neglected if value below      1.0D-12
 AO integral compression algorithm  1   Integral accuracy      1.0D-12

     837.026 MB (compressed) written to integral file ( 60.4%)

     Node minimum: 96.207 MB, node maximum: 116.654 MB


 NUMBER OF SORTED TWO-ELECTRON INTEGRALS:   19722480.     BUFFER LENGTH:  32768
 NUMBER OF SEGMENTS:   2  SEGMENT LENGTH:   15992000      RECORD LENGTH: 524288

 Memory used in sort:      16.55 MW

 SORT1 READ   173149067. AND WROTE    19493535. INTEGRALS IN     57 RECORDS. CPU TIME:     2.19 SEC, REAL TIME:     2.36 SEC
 SORT2 READ   155987182. AND WROTE   157824261. INTEGRALS IN   3088 RECORDS. CPU TIME:     0.30 SEC, REAL TIME:     0.44 SEC

 Node minimum:    19720260.  Node maximum:    19735806. integrals

 OPERATOR DM      FOR CENTER  0  COORDINATES:    0.000000    0.000000    0.000000


 **********************************************************************************************************************************
 DATASETS  * FILE   NREC   LENGTH (MB)   RECORD NAMES
              1      18       21.46       500      610      700      900      950      970     1000      129      960     1100   
                                          VAR    BASINP    GEOM    SYMINP    ZMAT    AOBASIS   BASIS     P2S    ABASIS      S 
                                         1400     1410     1200     1210     1080     1600     1650     1700   
                                           T        V       H0       H01     AOSYM     SMH    MOLCAS    OPER   

 PROGRAMS   *        TOTAL       INT
 CPU TIMES  *         8.60      8.41
 REAL TIME  *        23.35 SEC
 DISK USED  *         2.71 GB      
 GA USED    *         0.01 MB       (max)       0.00 MB       (current)
 **********************************************************************************************************************************


 PROGRAM * RHF-SCF (CLOSED SHELL)       Authors: W. Meyer, H.-J. Werner


 NUMBER OF ELECTRONS:      23+   23-    SPACE SYMMETRY=1    SPIN SYMMETRY: Singlet 
 CONVERGENCE THRESHOLDS:    1.00E-05 (Density)    1.00E-07 (Energy)
 MAX. NUMBER OF ITERATIONS:       60
 INTERPOLATION TYPE:            DIIS
 INTERPOLATION STEPS:              2 (START)      1 (STEP)
 LEVEL SHIFTS:                  0.00 (CLOSED)  0.00 (OPEN) 



 Orbital guess generated from atomic densities. Full valence occupancy:   40

 Molecular orbital dump at record        2100.2

 Initial occupancy:  23

 ITERATION    DDIFF          GRAD             ENERGY        2-EL.EN.            DIPOLE MOMENTS         DIIS   ORB.
    1      0.000D+00      0.000D+00      -232.96610179    629.730568   -0.00000   -0.23651    0.00000    0    start
    2      0.000D+00      0.340D-02      -233.03238951    623.793893   -0.00000   -0.12147    0.00000    1    diag
    3      0.774D-02      0.143D-02      -233.04165583    626.784689   -0.00000   -0.14345    0.00000    2    diag
    4      0.262D-02      0.515D-03      -233.04338893    625.970117   -0.00000   -0.13934    0.00000    3    diag
    5      0.120D-02      0.578D-04      -233.04342339    625.969024   -0.00000   -0.13679    0.00000    4    diag
    6      0.264D-03      0.165D-04      -233.04342516    625.966459   -0.00000   -0.13862    0.00000    5    diag
    7      0.490D-04      0.401D-05      -233.04342531    625.967189   -0.00000   -0.13847    0.00000    6    diag
    8      0.176D-04      0.903D-06      -233.04342531    625.966956   -0.00000   -0.13858    0.00000    7    diag
    9      0.430D-05      0.207D-06      -233.04342531    625.967008   -0.00000   -0.13859    0.00000    0    orth

 Final occupancy:  23

 !RHF STATE 1.1 Energy               -233.043425314153
 Nuclear energy                       237.00567377
 One-electron energy                 -783.03260290
 Two-electron energy                  312.98350382
 Virial quotient                       -1.00083506
 !RHF STATE 1.1 Dipole moment          -0.00000066    -0.13858689     0.00000025
 Dipole moment /Debye                  -0.00000169    -0.35222967     0.00000064

 Orbital energies:

         1.1          2.1          3.1          4.1          5.1          6.1          7.1          8.1          9.1         10.1
    -11.225869   -11.225694   -11.225208   -11.223682   -11.222059   -11.221464    -1.119203    -1.005911    -1.002208    -0.846479

        11.1         12.1         13.1         14.1         15.1         16.1         17.1         18.1         19.1         20.1
     -0.816129    -0.696957    -0.666622    -0.612576    -0.581685    -0.565878    -0.537473    -0.527470    -0.522907    -0.462267

        21.1         22.1         23.1         24.1         25.1
     -0.449546    -0.435121    -0.340389     0.067475     0.069232

 HOMO     23.1    -0.340389 =      -9.2625eV
 LUMO     24.1     0.067475 =       1.8361eV
 LUMO-HOMO         0.407864 =      11.0985eV


 **********************************************************************************************************************************
 DATASETS  * FILE   NREC   LENGTH (MB)   RECORD NAMES
              1      18       21.46       500      610      700      900      950      970     1000      129      960     1100   
                                          VAR    BASINP    GEOM    SYMINP    ZMAT    AOBASIS   BASIS     P2S    ABASIS      S 
                                         1400     1410     1200     1210     1080     1600     1650     1700   
                                           T        V       H0       H01     AOSYM     SMH    MOLCAS    OPER   

              2       4        3.74       700     1000      520     2100   
                                         GEOM     BASIS   MCVARS     RHF  

 PROGRAMS   *        TOTAL        HF       INT
 CPU TIMES  *        11.26      2.66      8.41
 REAL TIME  *        27.13 SEC
 DISK USED  *         2.93 GB      
 SF USED    *         0.14 MB      
 GA USED    *         0.01 MB       (max)       0.00 MB       (current)
 **********************************************************************************************************************************


 PROGRAM * CCSD (Closed-shell coupled cluster)     Authors: C. Hampel, H.-J. Werner, 1991, M. Deegan, P.J. Knowles, 1992


 Convergence thresholds:  THRVAR = 1.00D-08  THRDEN = 1.00D-06

 CCSD(T)     terms to be evaluated (factor= 1.000)


 Number of core orbitals:           6 (   6 )
 Number of closed-shell orbitals:  17 (  17 )
 Number of external orbitals:     165 ( 165 )

 Molecular orbitals read from record     2100.2  Type=RHF/CANONICAL (state 1.1)

 Number of N-1 electron functions:              17
 Number of N-2 electron functions:             153
 Number of singly external CSFs:              2805
 Number of doubly external CSFs:           3935415
 Total number of CSFs:                     3938221

 Length of J-op  integral file:               0.00 MB
 Length of K-op  integral file:               2.44 MB
 Length of 3-ext integral record:             0.00 MB

 Memory could be reduced to 97.68 Mwords without degradation in triples

 Integral transformation finished. Total CPU:   8.21 sec, npass=  1  Memory used:  69.75 MW

 Reference energy:                   -233.04342531

 MP2 singlet pair energy:              -0.54498192
 MP2 triplet pair energy:              -0.30682625
 MP2 correlation energy:               -0.85180818
 MP2 total energy:                   -233.89523349

 SCS-MP2 correlation energy:           -0.84489242   (PS=  1.200000  PT=  0.333333)
 SCS-MP2 total energy:               -233.88831773

 ITER.      SQ.NORM     CORR.ENERGY   TOTAL ENERGY   ENERGY CHANGE        DEN1      VAR(S)    VAR(P)  DIIS     TIME  TIME/IT
   1      1.33193789    -0.91312211  -233.95654743    -0.06131394    -0.03747465  0.30D-02  0.54D-02  1  1    13.41     5.35
   2      1.35915224    -0.91856711  -233.96199242    -0.00544499    -0.02501099  0.56D-04  0.58D-03  2  2    18.77     5.55
   3      1.36601281    -0.91872526  -233.96215058    -0.00015816    -0.00357068  0.23D-04  0.45D-04  3  3    23.76     5.51
   4      1.36839731    -0.91881036  -233.96223567    -0.00008510    -0.00081127  0.16D-05  0.46D-05  4  4    28.79     5.52
   5      1.36893215    -0.91882055  -233.96224587    -0.00001019    -0.00012288  0.25D-06  0.51D-06  5  5    33.88     5.54
   6      1.36904230    -0.91881398  -233.96223929     0.00000658    -0.00001842  0.27D-07  0.38D-07  6  6    39.01     5.57
   7      1.36905489    -0.91881477  -233.96224008    -0.00000079     0.00000209  0.47D-08  0.40D-08  6  2    44.09     5.58
   8      1.36905925    -0.91881472  -233.96224004     0.00000005    -0.00000077  0.59D-09  0.38D-09  6  1    49.24     5.60

 Norm of t1 vector:      0.07782041      S-energy:    -0.00000001      T1 diagnostic:  0.00943711
                                                                       D1 diagnostic:  0.02580178


 Total CPU time for triples:     97.40 sec


 RESULTS
 =======

  Reference energy                   -233.043425314157
  CCSD singlet pair energy             -0.635580065101
  CCSD triplet pair energy             -0.283234642747
  CCSD correlation energy              -0.918814722545

  Triples (T) contribution             -0.034062269808
  Total correlation energy             -0.952876992353

  CCSD total energy                  -233.962240036702
  CCSD[T] energy                     -233.997026728682
  CCSD-T energy                      -233.995954524628
 !CCSD(T) total energy               -233.996302306510

 Timing summary (sec):

 STEP                 CPU(USER)    SYS     CPU(TOT)    WALL
 Transformation          8.26      0.94      9.20      9.19
 CCSD iterations        41.04      3.91     44.95     44.92
 Triples                97.40      2.57     99.97     99.90

 Program statistics:

 Available memory in ccsd:             24999998744
 Min. memory needed in ccsd:               9810984
 Max. memory used in ccsd:                13375170
 Max. memory used in cckext:              11294341 ( 8 integral passes)



 **********************************************************************************************************************************
 DATASETS  * FILE   NREC   LENGTH (MB)   RECORD NAMES
              1      19      394.59       500      610      700      900      950      970     1000      129      960     1100   
                                          VAR    BASINP    GEOM    SYMINP    ZMAT    AOBASIS   BASIS     P2S    ABASIS      S 
                                         1400     1410     1200     1210     1080     1600     1650     1700     1380   
                                           T        V       H0       H01     AOSYM     SMH    MOLCAS    OPER     JKOP   

              2       4        3.74       700     1000      520     2100   
                                         GEOM     BASIS   MCVARS     RHF  

 PROGRAMS   *        TOTAL   CCSD(T)        HF       INT
 CPU TIMES  *       158.01    146.75      2.66      8.41
 REAL TIME  *       181.32 SEC
 DISK USED  *         3.70 GB      
 SF USED    *       726.01 MB      
 GA USED    *         0.01 MB       (max)       0.00 MB       (current)
 **********************************************************************************************************************************

 CCSD(T)/O=AVDZ,C=AVDZ,H=VDZ energy=   -233.996302306510

        CCSD(T)         HF-SCF  
   -233.99630231   -233.04342531
 **********************************************************************************************************************************
 Molpro calculation terminated
 Variable memory released

 Fortran compiler diagnostic
 ***************************

 integer size                  8
 double precision size         8
 logical size                  8

 diagnostic completed successfully
