
 Primary working directories    : /scratch/saurabh/PBS_8053900.helios
 Secondary working directories  : /scratch/saurabh/PBS_8053900.helios
 Wavefunction directory         : /scratch/saurabh/PBS_8053900.helios/
 Main file repository           : /scratch/saurabh/PBS_8053900.helios/

 SHA1      : f6387f0c468d0184d0b38d85973bdb066f718752
 NAME      : 2015.1.44
 ARCHNAME  : linux/x86_64
 FC        : /opt/may/bin/gfortran
 BLASLIB   : -Wl,-_start-group /opt/intel/mkl/lib/intel64/libmkl_gf_ilp64.a /opt/intel/mkl/lib/intel64/libmkl_gnu_thread.a /opt/intel/mkl/lib/intel64/libmkl_core.a -Wl,-_end-group
 id        : ramakrishnan

 Nodes             nprocs
 hel01.tifrh.res.in    8

 Using DEFAULT tuning parameter for ncache   :   16384
 Using DEFAULT tuning parameter for mflopdgm :   10000
 Using DEFAULT tuning parameter for mflopdgv :    4000
 Using DEFAULT tuning parameter for mflopmxm :    5000
 Using DEFAULT tuning parameter for mflopmxv :    4000
 Using DEFAULT tuning parameter for mindgm   :       1
 Using DEFAULT tuning parameter for mindgc   :       4
 Using DEFAULT tuning parameter for mindgf   :    5000
 Using DEFAULT tuning parameter for mindgl   :       4
 Using DEFAULT tuning parameter for mindgr   :       1
 Using DEFAULT tuning parameter for mindgv   :      20
 Using DEFAULT tuning parameter for mincuda  :     500
 Using DEFAULT tuning parameter for mxmblk   :      64
 Using DEFAULT tuning parameter for mxmbln   :      64
 Using DEFAULT tuning parameter for nroll    :       2
 Using custom tuning parameter for ngpus     :       0
 Using customized tuning parameters: mindgm=1; mindgv=20; mindgc=4; mindgr=1; noblas=0; minvec=7
 default implementation of scratch files=sf  

 ***,Mol_01
 memory,25,g
 geometry={
 C  1.285611   -0.776670  0.155807
 C  -0.000018  -1.460529  -0.162801
 C  -1.285630  -0.776640  0.155807
 C  -1.264955  0.710844   -0.240619
 C  0.000017   1.408445   0.267198
 C  1.264973   0.710813   -0.240619
 H  2.156968   1.210222   0.143880
 H  1.303304   0.789616   -1.331113
 H  0.000017   1.407584   1.362970
 H  0.000030   2.456287   -0.041544
 H  -2.156938  1.210274   0.143879
 H  -1.303282  0.789647   -1.331113
 H  -1.477514  -0.834498  1.241601
 H  -2.125418  -1.287915  -0.319242
 H  -0.000036  -2.516295  -0.400319
 H  2.125386   -1.287967  -0.319240
 H  1.477492   -0.834532  1.241601
  }
 basis,O=AVTZ,C=AVTZ,H=VTZ
 {rhf
 wf,47,1,1
 }
 uccsd(t);
 

 Fortran compiler diagnostic
 ***************************

 integer size                  8
 double precision size         8
 logical size                  8

 diagnostic completed successfully

 Variables initialized (889), CPU time= 0.02 sec
 Commands  initialized (702), CPU time= 0.02 sec, 572 directives.
 Default parameters read. Elapsed time= 0.11 sec

 Using DEFAULT tuning parameter for mpplat   :       3
 Using DEFAULT tuning parameter for mppspeed :    1600
 Checking input...
 Passed
1


                                         ***  PROGRAM SYSTEM MOLPRO  ***
                                       Copyright, TTI GmbH Stuttgart, 2015
                                    Version 2015.1 linked Jun  9 2019 06:55:40


 **********************************************************************************************************************************
 LABEL *   Mol_01                                                                        
  64 bit mpp version                                                                     DATE: 04-Apr-22          TIME: 22:05:40  
 **********************************************************************************************************************************

 SHA1:             f6387f0c468d0184d0b38d85973bdb066f718752
 **********************************************************************************************************************************

Geometry recognized as XYZ


 Variable memory set to ********** words,  buffer space   230000 words

 SETTING BASIS          =    O=AVTZ,C=AVTZ,H=VTZ


 Recomputing integrals since basis changed


 Using spherical harmonics

 Library entry C      S aug-cc-pVTZ          selected for orbital group  1
 Library entry C      P aug-cc-pVTZ          selected for orbital group  1
 Library entry C      D aug-cc-pVTZ          selected for orbital group  1
 Library entry C      F aug-cc-pVTZ          selected for orbital group  1
 Library entry H      S cc-pVTZ              selected for orbital group  2
 Library entry H      P cc-pVTZ              selected for orbital group  2
 Library entry H      D cc-pVTZ              selected for orbital group  2


 PROGRAM * SEWARD (Integral evaluation for generally contracted gaussian basis sets)     Author: Roland Lindh, 1990

 Geometry written to block  1 of record 700


 Point group  C1  



 ATOMIC COORDINATES

 NR  ATOM    CHARGE       X              Y              Z

   1  C       6.00    2.429452693   -1.467693589    0.294432558
   2  C       6.00   -0.000034015   -2.759999807   -0.307649303
   3  C       6.00   -2.429488598   -1.467636897    0.294432558
   4  C       6.00   -2.390418510    1.343300477   -0.454704010
   5  C       6.00    0.000032125    2.661575312    0.504931041
   6  C       6.00    2.390452525    1.343241896   -0.454704010
   7  H       1.00    4.076078779    2.286988130    0.271893795
   8  H       1.00    2.462887617    1.492157984   -2.515439011
   9  H       1.00    0.000032125    2.659948257    2.575640016
  10  H       1.00    0.000056692    4.641709713   -0.078506782
  11  H       1.00   -4.076022088    2.287086396    0.271891905
  12  H       1.00   -2.462846043    1.492216565   -2.515439011
  13  H       1.00   -2.792096805   -1.576972671    2.346285846
  14  H       1.00   -4.016457920   -2.433806622   -0.603279947
  15  H       1.00   -0.000068030   -4.755108399   -0.756493272
  16  H       1.00    4.016397449   -2.433904887   -0.603276168
  17  H       1.00    2.792055231   -1.577036922    2.346285846

 Bond lengths in Bohr (Angstrom)

  1- 2  2.816906742   1- 6  2.909310041   1-16  2.063453147   1-17  2.086513475   2- 3  2.816905044
       ( 1.490642853)       ( 1.539540573)       ( 1.091932381)       ( 1.104135381)       ( 1.490641955)

  2-15  2.044974133   3- 4  2.909312805   3-13  2.086514064   3-14  2.063454218   4- 5  2.893614040
       ( 1.082153708)       ( 1.539542036)       ( 1.104135693)       ( 1.091932948)       ( 1.531234607)

  4-11  2.063960490   4-12  2.067377685   5- 6  2.893615751   5- 9  2.070709614   5-10  2.064299383
       ( 1.092200856)       ( 1.094009157)       ( 1.531235513)       ( 1.095772338)       ( 1.092380190)

 6-7  2.063961529  6-8  2.067377949
     ( 1.092201406)     ( 1.094009297)

 Bond angles

  1- 2- 3  119.18800755   1- 2-15  119.63732001   1- 6- 5  111.46135305   1- 6- 7  109.88853992

  1- 6- 8  109.01374402   2- 1- 6  112.12674217   2- 1-16  110.82369955   2- 1-17  109.63513873

  2- 3- 4  112.12668265   2- 3-13  109.63520422   2- 3-14  110.82375810   3- 2-15  119.63674265

  3- 4- 5  111.46138988   3- 4-11  109.88850810   3- 4-12  109.01368257   4- 3-13  107.82927139

  4- 3-14  110.53015931   4- 5- 6  111.40177008   4- 5- 9  109.34653644   4- 5-10  110.07707264

  5- 4-11  110.46283248   5- 4-12  109.06853158   5- 6- 7  110.46279327   5- 6- 8  109.06858984

  6- 1-16  110.53025146   6- 1-17  107.82924915   6- 5- 9  109.34652357   6- 5-10  110.07704545

  7- 6- 8  106.81953505   9- 5-10  106.46239568  11- 4-12  106.81961024  13- 3-14  105.64248943

 16- 1-17  105.64247881

 NUCLEAR CHARGE:                   47
 NUMBER OF PRIMITIVE AOS:         589
 NUMBER OF SYMMETRY AOS:          524
 NUMBER OF CONTRACTIONS:          430   ( 430A   )
 NUMBER OF CORE ORBITALS:           6   (   6A   )
 NUMBER OF VALENCE ORBITALS:       35   (  35A   )


 NUCLEAR REPULSION ENERGY  245.13000418


 Eigenvalues of metric

         1 0.166E-04 0.182E-04 0.218E-04 0.476E-04 0.549E-04 0.571E-04 0.575E-04 0.601E-04


 Contracted 2-electron integrals neglected if value below      1.0D-12
 AO integral compression algorithm  1   Integral accuracy      1.0D-12

     17999.331 MB (compressed) written to integral file ( 49.7%)

     Node minimum: 2109.211 MB, node maximum: 2371.092 MB


 NUMBER OF SORTED TWO-ELECTRON INTEGRALS:  536709888.     BUFFER LENGTH:  32768
 NUMBER OF SEGMENTS:  17  SEGMENT LENGTH:   31996696      RECORD LENGTH: 524288

 Memory used in sort:      32.55 MW

 SORT1 READ  4529927479. AND WROTE   503081640. INTEGRALS IN   1449 RECORDS. CPU TIME:   163.82 SEC, REAL TIME:   191.10 SEC
 SORT2 READ  4020923512. AND WROTE  4293447445. INTEGRALS IN  67776 RECORDS. CPU TIME:    14.91 SEC, REAL TIME:   197.19 SEC

 Node minimum:   536640390.  Node maximum:   536721472. integrals

 OPERATOR DM      FOR CENTER  0  COORDINATES:    0.000000    0.000000    0.000000


 **********************************************************************************************************************************
 DATASETS  * FILE   NREC   LENGTH (MB)   RECORD NAMES
              1      18       26.95       500      610      700      900      950      970     1000      129      960     1100   
                                          VAR    BASINP    GEOM    SYMINP    ZMAT    AOBASIS   BASIS     P2S    ABASIS      S 
                                         1400     1410     1200     1210     1080     1600     1650     1700   
                                           T        V       H0       H01     AOSYM     SMH    MOLCAS    OPER   

 PROGRAMS   *        TOTAL       INT
 CPU TIMES  *       203.97    203.79
 REAL TIME  *       427.25 SEC
 DISK USED  *        66.09 GB      
 GA USED    *         0.01 MB       (max)       0.00 MB       (current)
 **********************************************************************************************************************************


 PROGRAM * RHF-SCF (OPEN SHELL)       Authors: W. Meyer, H.-J. Werner


 NUMBER OF ELECTRONS:      24+   23-    SPACE SYMMETRY=1    SPIN SYMMETRY: Doublet 
 CONVERGENCE THRESHOLDS:    1.00E-05 (Density)    1.00E-07 (Energy)
 MAX. NUMBER OF ITERATIONS:       60
 INTERPOLATION TYPE:            DIIS
 INTERPOLATION STEPS:              2 (START)      1 (STEP)
 LEVEL SHIFTS:                 -0.60 (CLOSED) -0.30 (OPEN) 



 Orbital guess generated from atomic densities. Full valence occupancy:   41

 Molecular orbital dump at record        2100.2

 Initial alpha occupancy:  24
 Initial beta  occupancy:  23
 Wave function symmetry:    1

 ITERATION    DDIFF          GRAD             ENERGY        2-EL.EN.            DIPOLE MOMENTS         DIIS   ORB.
    1      0.000D+00      0.000D+00      -233.56199403    646.410334    0.00000    0.14827    0.24081    0    start
    2      0.000D+00      0.218D-02      -233.62962835    642.534381    0.00000    0.08726    0.09964    1    diag,B
    3      0.235D-02      0.918D-03      -233.64763878    642.835116    0.00000    0.06091    0.08033    2    diag,B
    4      0.923D-03      0.388D-03      -233.65256565    642.726039    0.00000    0.04478    0.06622    3    diag,B
    5      0.511D-03      0.113D-03      -233.65310831    642.715313    0.00000    0.03763    0.06215    4    diag,B
    6      0.279D-03      0.362D-04      -233.65317295    642.700024    0.00000    0.03459    0.06083    5    diag,B
    7      0.107D-03      0.109D-04      -233.65317905    642.696224    0.00000    0.03355    0.06000    6    fixocc
    8      0.491D-04      0.387D-05      -233.65318001    642.695648    0.00000    0.03329    0.05974    7    diag,B
    9      0.213D-04      0.169D-05      -233.65318024    642.695653    0.00000    0.03322    0.05953    8    diag,B
   10      0.956D-05      0.618D-06      -233.65318027    642.695663    0.00000    0.03324    0.05942    9    orth
   11      0.486D-05      0.204D-06      -233.65318027    642.695678    0.00000    0.03326    0.05940    0    orth

 Final alpha occupancy:  24
 Final beta  occupancy:  23

 !RHF STATE 1.1 Energy               -233.653180274450
 Nuclear energy                       245.13000418
 One-electron energy                 -800.13102339
 Two-electron energy                  321.34783894
 Virial quotient                       -1.00103331
 !RHF STATE 1.1 Dipole moment           0.00000092     0.03325999     0.05939625
 Dipole moment /Debye                   0.00000233     0.08453292     0.15096031

 Orbital energies:

         1.1          2.1          3.1          4.1          5.1          6.1          7.1          8.1          9.1         10.1
    -11.217058   -11.217032   -11.214223   -11.214005   -11.213187   -11.210652    -1.107798    -1.002251    -0.989812    -0.833247

        11.1         12.1         13.1         14.1         15.1         16.1         17.1         18.1         19.1         20.1
     -0.812024    -0.725346    -0.652139    -0.604214    -0.594558    -0.559939    -0.529918    -0.528068    -0.519485    -0.477965

        21.1         22.1         23.1         24.1         25.1         26.1
     -0.460215    -0.436431    -0.432922    -0.330375     0.051307     0.057405

 HOMO     24.1    -0.330375 =      -8.9900eV
 LUMO     25.1     0.051307 =       1.3961eV
 LUMO-HOMO         0.381683 =      10.3861eV


 **********************************************************************************************************************************
 DATASETS  * FILE   NREC   LENGTH (MB)   RECORD NAMES
              1      18       26.95       500      610      700      900      950      970     1000      129      960     1100   
                                          VAR    BASINP    GEOM    SYMINP    ZMAT    AOBASIS   BASIS     P2S    ABASIS      S 
                                         1400     1410     1200     1210     1080     1600     1650     1700   
                                           T        V       H0       H01     AOSYM     SMH    MOLCAS    OPER   

              2       4        8.28       700     1000      520     2100   
                                         GEOM     BASIS   MCVARS     RHF  

 PROGRAMS   *        TOTAL       RHF       INT
 CPU TIMES  *       278.14     74.17    203.79
 REAL TIME  *       816.56 SEC
 DISK USED  *        66.59 GB      
 SF USED    *         0.74 MB      
 GA USED    *         0.01 MB       (max)       0.00 MB       (current)
 **********************************************************************************************************************************


 PROGRAM * CCSD (Unrestricted open-shell coupled cluster)     Authors: C. Hampel, H.-J. Werner, 1991, M. Deegan, P.J. Knowles, 1992


 Convergence thresholds:  THRVAR = 1.00D-08  THRDEN = 1.00D-06

 CCSD(T)     terms to be evaluated (factor= 1.000)


 Number of core orbitals:           6 (   6 )
 Number of closed-shell orbitals:  17 (  17 )
 Number of active  orbitals:        1 (   1 )
 Number of external orbitals:     406 ( 406 )

 Memory could be reduced to 1899.86 Mwords without degradation in triples

 Number of N-1 electron functions:              35
 Number of N-2 electron functions:             595
 Number of singly external CSFs:             14245
 Number of doubly external CSFs:          74566063
 Total number of CSFs:                    74580308

 Molecular orbitals read from record     2100.2  Type=RHF/CANONICAL (state 1.1)

 Integral transformation finished. Total CPU: 210.74 sec, npass=  1  Memory used: 812.61 MW

 Starting RMP2 calculation

 ITER.      SQ.NORM     CORR.ENERGY   TOTAL ENERGY   ENERGY CHANGE        DEN1      VAR(S)    VAR(P)  DIIS     TIME
   1      1.31514594    -1.01614833  -234.66932861    -1.01614833    -0.00382937  0.17D-04  0.14D-02  1  1   232.42
   2      1.31858568    -1.02027289  -234.67345316    -0.00412456    -0.00000463  0.43D-06  0.19D-05  2  2   246.37
   3      1.31866112    -1.02032074  -234.67350101    -0.00004785    -0.00000003  0.17D-07  0.78D-08  3  3   261.27
   4      1.31866219    -1.02032064  -234.67350091     0.00000010    -0.00000000  0.43D-09  0.38D-10  4  4   278.25

 Norm of t1 vector:      0.04356436      S-energy:    -0.00285066      T1 diagnostic:  0.00040673
 Norm of t2 vector:      0.56281821      P-energy:    -1.01746998
                                         Alpha-Beta:  -0.78628986
                                         Alpha-Alpha: -0.12291422
                                         Beta-Beta:   -0.10826590

 Spin contamination <S**2-Sz**2-Sz>     0.00092220
  Reference energy                   -233.653180274456
  RHF-RMP2 correlation energy          -1.020320637858
 !RHF-RMP2 energy                    -234.673500912313

 Starting UCCSD calculation

 ITER.      SQ.NORM     CORR.ENERGY   TOTAL ENERGY   ENERGY CHANGE        DEN1      VAR(S)    VAR(P)  DIIS     TIME
   1      1.33924091    -1.04606809  -234.69924836    -1.04606809    -0.02729561  0.31D-02  0.66D-02  1  1   644.02
   2      1.36884646    -1.07526026  -234.72844054    -0.02919218    -0.00154762  0.15D-03  0.47D-03  2  2   992.91
   3      1.37656439    -1.07926759  -234.73244786    -0.00400733    -0.00017967  0.78D-04  0.39D-04  3  3  1347.91
   4      1.37924595    -1.08030821  -234.73348848    -0.00104062    -0.00002633  0.11D-04  0.66D-05  4  4  1784.06
   5      1.38025908    -1.08052765  -234.73370792    -0.00021944    -0.00000592  0.45D-05  0.96D-06  5  5  2191.53
   6      1.38068806    -1.08057599  -234.73375627    -0.00004835    -0.00000109  0.65D-06  0.24D-06  6  6  2585.91
   7      1.38086299    -1.08059450  -234.73377477    -0.00001851    -0.00000018  0.11D-06  0.36D-07  6  1  2975.32
   8      1.38091314    -1.08059623  -234.73377650    -0.00000173    -0.00000003  0.16D-07  0.65D-08  6  2  3393.26
   9      1.38092810    -1.08059582  -234.73377609     0.00000041    -0.00000001  0.42D-08  0.12D-08  6  3  3837.39

 Norm of t1 vector:      0.10592289      S-energy:    -0.00332799      T1 diagnostic:  0.01088940
                                                                       D1 diagnostic:  0.03518575
 Norm of t2 vector:      0.60803655      P-energy:    -1.07726783
                                         Alpha-Beta:  -0.86076876
                                         Alpha-Alpha: -0.11541370
                                         Beta-Beta:   -0.10108537

 Spin contamination <S**2-Sz**2-Sz>     0.00083339

 Memory could be reduced to 2009.95 Mwords without degradation in triples


 RESULTS
 =======

  Reference energy                   -233.653180274456
  UCCSD singles energy                 -0.003327990171
  UCCSD pair energy                    -1.077267825434
  UCCSD correlation energy             -1.080595815605
  Triples (T) contribution             -0.045070523348
  Total correlation energy             -1.125666338953

  RHF-UCCSD energy                   -234.733776090061
  RHF-UCCSD[T] energy                -234.779829355636
  RHF-UCCSD-T energy                 -234.778406361254
 !RHF-UCCSD(T) energy                -234.778846613408

 Program statistics:

 Available memory in ccsd:             24999997128
 Min. memory needed in ccsd:             206185692
 Max. memory used in ccsd:               301425559
 Max. memory used in cckext:             225983781 ( 9 integral passes)
 Max. memory used in cckint:             812605469 ( 1 integral passes)



 **********************************************************************************************************************************
 DATASETS  * FILE   NREC   LENGTH (MB)   RECORD NAMES
              1      18       26.95       500      610      700      900      950      970     1000      129      960     1100   
                                          VAR    BASINP    GEOM    SYMINP    ZMAT    AOBASIS   BASIS     P2S    ABASIS      S 
                                         1400     1410     1200     1210     1080     1600     1650     1700   
                                           T        V       H0       H01     AOSYM     SMH    MOLCAS    OPER   

              2       4        8.28       700     1000      520     2100   
                                         GEOM     BASIS   MCVARS     RHF  

 PROGRAMS   *        TOTAL  UCCSD(T)       RHF       INT
 CPU TIMES  *     13378.43  13100.21     74.17    203.79
 REAL TIME  *     14653.36 SEC
 DISK USED  *       142.08 GB      
 SF USED    *        37.08 GB      
 GA USED    *         0.01 MB       (max)       0.00 MB       (current)
 **********************************************************************************************************************************

 UCCSD(T)/O=AVTZ,C=AVTZ,H=VTZ energy=   -234.778846613408

        UCCSD(T)        RHF-SCF 
   -234.77884661   -233.65318027
 **********************************************************************************************************************************
 Molpro calculation terminated
 Variable memory released

 Fortran compiler diagnostic
 ***************************

 integer size                  8
 double precision size         8
 logical size                  8

 diagnostic completed successfully
