
 Primary working directories    : /scratch/saurabh/PBS_8053980.helios
 Secondary working directories  : /scratch/saurabh/PBS_8053980.helios
 Wavefunction directory         : /scratch/saurabh/PBS_8053980.helios/
 Main file repository           : /scratch/saurabh/PBS_8053980.helios/

 SHA1      : f6387f0c468d0184d0b38d85973bdb066f718752
 NAME      : 2015.1.44
 ARCHNAME  : linux/x86_64
 FC        : /opt/may/bin/gfortran
 BLASLIB   : -Wl,-_start-group /opt/intel/mkl/lib/intel64/libmkl_gf_ilp64.a /opt/intel/mkl/lib/intel64/libmkl_gnu_thread.a /opt/intel/mkl/lib/intel64/libmkl_core.a -Wl,-_end-group
 id        : ramakrishnan

 Nodes             nprocs
 hel05.tifrh.res.in    8

 Using DEFAULT tuning parameter for ncache   :   16384
 Using DEFAULT tuning parameter for mflopdgm :   10000
 Using DEFAULT tuning parameter for mflopdgv :    4000
 Using DEFAULT tuning parameter for mflopmxm :    5000
 Using DEFAULT tuning parameter for mflopmxv :    4000
 Using DEFAULT tuning parameter for mindgm   :       1
 Using DEFAULT tuning parameter for mindgc   :       4
 Using DEFAULT tuning parameter for mindgf   :    5000
 Using DEFAULT tuning parameter for mindgl   :       4
 Using DEFAULT tuning parameter for mindgr   :       1
 Using DEFAULT tuning parameter for mindgv   :      20
 Using DEFAULT tuning parameter for mincuda  :     500
 Using DEFAULT tuning parameter for mxmblk   :      64
 Using DEFAULT tuning parameter for mxmbln   :      64
 Using DEFAULT tuning parameter for nroll    :       2
 Using custom tuning parameter for ngpus     :       0
 Using customized tuning parameters: mindgm=1; mindgv=20; mindgc=4; mindgr=1; noblas=0; minvec=7
 default implementation of scratch files=sf  

 ***,Mol_01
 memory,25,g
 geometry={
 C  1.285611   -0.776670  0.155807
 C  -0.000018  -1.460529  -0.162801
 C  -1.285630  -0.776640  0.155807
 C  -1.264955  0.710844   -0.240619
 C  0.000017   1.408445   0.267198
 C  1.264973   0.710813   -0.240619
 H  2.156968   1.210222   0.143880
 H  1.303304   0.789616   -1.331113
 H  0.000017   1.407584   1.362970
 H  0.000030   2.456287   -0.041544
 H  -2.156938  1.210274   0.143879
 H  -1.303282  0.789647   -1.331113
 H  -1.477514  -0.834498  1.241601
 H  -2.125418  -1.287915  -0.319242
 H  -0.000036  -2.516295  -0.400319
 H  2.125386   -1.287967  -0.319240
 H  1.477492   -0.834532  1.241601
  }
 basis={
                                                                            ! oxygen               (10s,5p,4d,2f) -&gt; [10s,5p,4d,2f]
 s, O , 0.1533000000E+05, 0.2299000000E+04, 0.5224000000E+03, 0.1473000000E+03, 0.4755000000E+02, 0.1676000000E+02, 0.6207000000E+01, 0.1752000000E+01, 0.6882000000E+00, 0.2384000000E+00
 c, 1.1, 0.1000000000E+01
 c, 2.2, 0.1000000000E+01
 c, 3.3, 0.1000000000E+01
 c, 4.4, 0.1000000000E+01
 c, 5.5, 0.1000000000E+01
 c, 6.6, 0.1000000000E+01
 c, 7.7, 0.1000000000E+01
 c, 8.8, 0.1000000000E+01
 c, 9.9, 0.1000000000E+01
 c, 10.10, 0.1000000000E+01
 p, O , 0.3446000000E+02, 0.7749000000E+01, 0.2280000000E+01, 0.7156000000E+00, 0.2140000000E+00
 c, 1.1, 0.1000000000E+01
 c, 2.2, 0.1000000000E+01
 c, 3.3, 0.1000000000E+01
 c, 4.4, 0.1000000000E+01
 c, 5.5, 0.1000000000E+01
 d, O , 0.2100000000E+02, 0.7000000000E+01, 0.2314000000E+01, 0.6450000000E+00
 c, 1.1, 0.1000000000E+01
 c, 2.2, 0.1000000000E+01
 c, 3.3, 0.1000000000E+01
 c, 4.4, 0.1000000000E+01
 f, O , 0.4300000000E+01, 0.1428000000E+01
 c, 1.1, 0.1000000000E+01
 c, 2.2, 0.1000000000E+01
                                                                                 ! hydrogen             (5s,2p,1d) -&gt; [5s,2p,1d]
 s, H , 0.3387000000E+02, 0.5095000000E+01, 0.1159000000E+01, 0.3258000000E+00, 0.1027000000E+00
 c, 1.1, 0.1000000000E+01
 c, 2.2, 0.1000000000E+01
 c, 3.3, 0.1000000000E+01
 c, 4.4, 0.1000000000E+01
 c, 5.5, 0.1000000000E+01
 p, H , 0.1407000000E+01, 0.3880000000E+00
 c, 1.1, 0.1000000000E+01
 c, 2.2, 0.1000000000E+01
 d, H , 0.1057000000E+01
 c, 1.1, 0.1000000000E+01
                                                                            ! carbon               (10s,5p,4d,2f) -&gt; [10s,5p,4d,2f]
 s, C , 0.8236000000E+04, 0.1235000000E+04, 0.2808000000E+03, 0.7927000000E+02, 0.2559000000E+02, 0.8997000000E+01, 0.3319000000E+01, 0.9059000000E+00, 0.3643000000E+00, 0.1285000000E+00
 c, 1.1, 0.1000000000E+01
 c, 2.2, 0.1000000000E+01
 c, 3.3, 0.1000000000E+01
 c, 4.4, 0.1000000000E+01
 c, 5.5, 0.1000000000E+01
 c, 6.6, 0.1000000000E+01
 c, 7.7, 0.1000000000E+01
 c, 8.8, 0.1000000000E+01
 c, 9.9, 0.1000000000E+01
 c, 10.10, 0.1000000000E+01
 p, C , 0.1871000000E+02, 0.4133000000E+01, 0.1200000000E+01, 0.3827000000E+00, 0.1209000000E+00
 c, 1.1, 0.1000000000E+01
 c, 2.2, 0.1000000000E+01
 c, 3.3, 0.1000000000E+01
 c, 4.4, 0.1000000000E+01
 c, 5.5, 0.1000000000E+01
 d, C , 0.1000000000E+02, 0.3300000000E+01, 0.1097000000E+01, 0.3180000000E+00
 c, 1.1, 0.1000000000E+01
 c, 2.2, 0.1000000000E+01
 c, 3.3, 0.1000000000E+01
 c, 4.4, 0.1000000000E+01
 f, C , 0.2300000000E+01, 0.7610000000E+00
 c, 1.1, 0.1000000000E+01
 c, 2.2, 0.1000000000E+01
 }
 {rhf
 wf,47,1,1
 }
 uccsd(t);
 

 Fortran compiler diagnostic
 ***************************

 integer size                  8
 double precision size         8
 logical size                  8

 diagnostic completed successfully

 Variables initialized (889), CPU time= 0.02 sec
 Commands  initialized (702), CPU time= 0.02 sec, 572 directives.
 Default parameters read. Elapsed time= 0.09 sec

 Using DEFAULT tuning parameter for mpplat   :       3
 Using DEFAULT tuning parameter for mppspeed :    1600
 Checking input...
 Passed
1


                                         ***  PROGRAM SYSTEM MOLPRO  ***
                                       Copyright, TTI GmbH Stuttgart, 2015
                                    Version 2015.1 linked Jun  9 2019 06:55:40


 **********************************************************************************************************************************
 LABEL *   Mol_01                                                                        
  64 bit mpp version                                                                     DATE: 05-Apr-22          TIME: 18:45:42  
 **********************************************************************************************************************************

 SHA1:             f6387f0c468d0184d0b38d85973bdb066f718752
 **********************************************************************************************************************************

Geometry recognized as XYZ


 Variable memory set to ********** words,  buffer space   230000 words

 SETTING BASIS          =    USERDEF


 Recomputing integrals since basis changed


 Using spherical harmonics



 PROGRAM * SEWARD (Integral evaluation for generally contracted gaussian basis sets)     Author: Roland Lindh, 1990

 Geometry written to block  1 of record 700


 Point group  C1  



 ATOMIC COORDINATES

 NR  ATOM    CHARGE       X              Y              Z

   1  C       6.00    2.429452693   -1.467693589    0.294432558
   2  C       6.00   -0.000034015   -2.759999807   -0.307649303
   3  C       6.00   -2.429488598   -1.467636897    0.294432558
   4  C       6.00   -2.390418510    1.343300477   -0.454704010
   5  C       6.00    0.000032125    2.661575312    0.504931041
   6  C       6.00    2.390452525    1.343241896   -0.454704010
   7  H       1.00    4.076078779    2.286988130    0.271893795
   8  H       1.00    2.462887617    1.492157984   -2.515439011
   9  H       1.00    0.000032125    2.659948257    2.575640016
  10  H       1.00    0.000056692    4.641709713   -0.078506782
  11  H       1.00   -4.076022088    2.287086396    0.271891905
  12  H       1.00   -2.462846043    1.492216565   -2.515439011
  13  H       1.00   -2.792096805   -1.576972671    2.346285846
  14  H       1.00   -4.016457920   -2.433806622   -0.603279947
  15  H       1.00   -0.000068030   -4.755108399   -0.756493272
  16  H       1.00    4.016397449   -2.433904887   -0.603276168
  17  H       1.00    2.792055231   -1.577036922    2.346285846

 Bond lengths in Bohr (Angstrom)

  1- 2  2.816906742   1- 6  2.909310041   1-16  2.063453147   1-17  2.086513475   2- 3  2.816905044
       ( 1.490642853)       ( 1.539540573)       ( 1.091932381)       ( 1.104135381)       ( 1.490641955)

  2-15  2.044974133   3- 4  2.909312805   3-13  2.086514064   3-14  2.063454218   4- 5  2.893614040
       ( 1.082153708)       ( 1.539542036)       ( 1.104135693)       ( 1.091932948)       ( 1.531234607)

  4-11  2.063960490   4-12  2.067377685   5- 6  2.893615751   5- 9  2.070709614   5-10  2.064299383
       ( 1.092200856)       ( 1.094009157)       ( 1.531235513)       ( 1.095772338)       ( 1.092380190)

 6-7  2.063961529  6-8  2.067377949
     ( 1.092201406)     ( 1.094009297)

 Bond angles

  1- 2- 3  119.18800755   1- 2-15  119.63732001   1- 6- 5  111.46135305   1- 6- 7  109.88853992

  1- 6- 8  109.01374402   2- 1- 6  112.12674217   2- 1-16  110.82369955   2- 1-17  109.63513873

  2- 3- 4  112.12668265   2- 3-13  109.63520422   2- 3-14  110.82375810   3- 2-15  119.63674265

  3- 4- 5  111.46138988   3- 4-11  109.88850810   3- 4-12  109.01368257   4- 3-13  107.82927139

  4- 3-14  110.53015931   4- 5- 6  111.40177008   4- 5- 9  109.34653644   4- 5-10  110.07707264

  5- 4-11  110.46283248   5- 4-12  109.06853158   5- 6- 7  110.46279327   5- 6- 8  109.06858984

  6- 1-16  110.53025146   6- 1-17  107.82924915   6- 5- 9  109.34652357   6- 5-10  110.07704545

  7- 6- 8  106.81953505   9- 5-10  106.46239568  11- 4-12  106.81961024  13- 3-14  105.64248943

 16- 1-17  105.64247881

 NUCLEAR CHARGE:                   47
 NUMBER OF PRIMITIVE AOS:         601
 NUMBER OF SYMMETRY AOS:          530
 NUMBER OF CONTRACTIONS:          530   ( 530A   )
 NUMBER OF CORE ORBITALS:           6   (   6A   )
 NUMBER OF VALENCE ORBITALS:       35   (  35A   )


 NUCLEAR REPULSION ENERGY  245.13000418


 Eigenvalues of metric

         1 0.304E-03 0.321E-03 0.408E-03 0.563E-03 0.668E-03 0.830E-03 0.872E-03 0.941E-03


 Contracted 2-electron integrals neglected if value below      1.0D-11
 AO integral compression algorithm  1   Integral accuracy      1.0D-11

     17725.915 MB (compressed) written to integral file ( 21.2%)

     Node minimum: 2034.762 MB, node maximum: 2372.665 MB


 NUMBER OF SORTED TWO-ELECTRON INTEGRALS: 1237562040.     BUFFER LENGTH:  32768
 NUMBER OF SEGMENTS:  39  SEGMENT LENGTH:   31996696      RECORD LENGTH: 524288

 Memory used in sort:      32.55 MW

 SORT1 READ 10443689305. AND WROTE   601149046. INTEGRALS IN   1739 RECORDS. CPU TIME:   105.74 SEC, REAL TIME:   111.16 SEC
 SORT2 READ  4800753273. AND WROTE  9900425970. INTEGRALS IN  68952 RECORDS. CPU TIME:    19.83 SEC, REAL TIME:    42.11 SEC

 Node minimum:  1237491684.  Node maximum:  1237614810. integrals

 OPERATOR DM      FOR CENTER  0  COORDINATES:    0.000000    0.000000    0.000000


 **********************************************************************************************************************************
 DATASETS  * FILE   NREC   LENGTH (MB)   RECORD NAMES
              1      18       30.44       500      610      700      900      950      970     1000      129      960     1100   
                                          VAR    BASINP    GEOM    SYMINP    ZMAT    AOBASIS   BASIS     P2S    ABASIS      S 
                                         1400     1410     1200     1210     1080     1600     1650     1700   
                                           T        V       H0       H01     AOSYM     SMH    MOLCAS    OPER   

 PROGRAMS   *        TOTAL       INT
 CPU TIMES  *       187.54    187.38
 REAL TIME  *       228.62 SEC
 DISK USED  *        74.75 GB      
 GA USED    *         0.01 MB       (max)       0.00 MB       (current)
 **********************************************************************************************************************************


 PROGRAM * RHF-SCF (OPEN SHELL)       Authors: W. Meyer, H.-J. Werner


 NUMBER OF ELECTRONS:      24+   23-    SPACE SYMMETRY=1    SPIN SYMMETRY: Doublet 
 CONVERGENCE THRESHOLDS:    1.00E-05 (Density)    1.00E-07 (Energy)
 MAX. NUMBER OF ITERATIONS:       60
 INTERPOLATION TYPE:            DIIS
 INTERPOLATION STEPS:              2 (START)      1 (STEP)
 LEVEL SHIFTS:                 -0.60 (CLOSED) -0.30 (OPEN) 



 Orbital guess generated from atomic densities. Full valence occupancy:   24

 Molecular orbital dump at record        2100.2

 Initial alpha occupancy:  24
 Initial beta  occupancy:  23
 Wave function symmetry:    1

 ITERATION    DDIFF          GRAD             ENERGY        2-EL.EN.            DIPOLE MOMENTS         DIIS   ORB.
    1      0.000D+00      0.000D+00      -233.56300262    646.474272    0.00000    0.14119    0.23607    0    start
    2      0.000D+00      0.196D-02      -233.63090826    642.592904    0.00000    0.07758    0.09316    1    diag,B
    3      0.471D-03      0.825D-03      -233.64895577    642.885117    0.00000    0.05140    0.07223    2    diag,B
    4      0.298D-03      0.349D-03      -233.65384852    642.772012    0.00000    0.03613    0.05635    3    diag,B
    5      0.235D-03      0.101D-03      -233.65437387    642.754988    0.00000    0.03003    0.05140    4    diag,B
    6      0.122D-03      0.327D-04      -233.65443494    642.735540    0.00000    0.02771    0.04987    5    diag,B
    7      0.598D-04      0.965D-05      -233.65444026    642.728482    0.00000    0.02700    0.04927    6    fixocc
    8      0.193D-04      0.323D-05      -233.65444100    642.726749    0.00000    0.02689    0.04919    7    diag,B
    9      0.684D-05      0.135D-05      -233.65444117    642.726340    0.00000    0.02690    0.04915    8    diag,B
   10      0.333D-05      0.537D-06      -233.65444120    642.726327    0.00000    0.02696    0.04912    9    orth
   11      0.162D-05      0.183D-06      -233.65444120    642.726370    0.00000    0.02697    0.04910    0    orth

 Final alpha occupancy:  24
 Final beta  occupancy:  23

 !RHF STATE 1.1 Energy               -233.654441203257
 Nuclear energy                       245.13000418
 One-electron energy                 -800.14763043
 Two-electron energy                  321.36318505
 Virial quotient                       -1.00077212
 !RHF STATE 1.1 Dipole moment           0.00000084     0.02697468     0.04910002
 Dipole moment /Debye                   0.00000213     0.06855831     0.12479163

 Orbital energies:

         1.1          2.1          3.1          4.1          5.1          6.1          7.1          8.1          9.1         10.1
    -11.216254   -11.216233   -11.213553   -11.213332   -11.212527   -11.209088    -1.107594    -1.002093    -0.989572    -0.833080

        11.1         12.1         13.1         14.1         15.1         16.1         17.1         18.1         19.1         20.1
     -0.811861    -0.725177    -0.651967    -0.604163    -0.594470    -0.559819    -0.529753    -0.527926    -0.519342    -0.477928

        21.1         22.1         23.1         24.1         25.1         26.1
     -0.460240    -0.436334    -0.432847    -0.330972     0.140666     0.164164

 HOMO     24.1    -0.330972 =      -9.0062eV
 LUMO     25.1     0.140666 =       3.8277eV
 LUMO-HOMO         0.471638 =      12.8339eV


 **********************************************************************************************************************************
 DATASETS  * FILE   NREC   LENGTH (MB)   RECORD NAMES
              1      18       30.44       500      610      700      900      950      970     1000      129      960     1100   
                                          VAR    BASINP    GEOM    SYMINP    ZMAT    AOBASIS   BASIS     P2S    ABASIS      S 
                                         1400     1410     1200     1210     1080     1600     1650     1700   
                                           T        V       H0       H01     AOSYM     SMH    MOLCAS    OPER   

              2       4       10.98       700     1000      520     2100   
                                         GEOM     BASIS   MCVARS     RHF  

 PROGRAMS   *        TOTAL       RHF       INT
 CPU TIMES  *       353.16    165.62    187.38
 REAL TIME  *       400.57 SEC
 DISK USED  *        75.41 GB      
 SF USED    *         1.13 MB      
 GA USED    *         0.01 MB       (max)       0.00 MB       (current)
 **********************************************************************************************************************************


 PROGRAM * CCSD (Unrestricted open-shell coupled cluster)     Authors: C. Hampel, H.-J. Werner, 1991, M. Deegan, P.J. Knowles, 1992


 Convergence thresholds:  THRVAR = 1.00D-08  THRDEN = 1.00D-06

 CCSD(T)     terms to be evaluated (factor= 1.000)


 Number of core orbitals:           6 (   6 )
 Number of closed-shell orbitals:  17 (  17 )
 Number of active  orbitals:        1 (   1 )
 Number of external orbitals:     506 ( 506 )

 Memory could be reduced to 3561.34 Mwords without degradation in triples

 Number of N-1 electron functions:              35
 Number of N-2 electron functions:             595
 Number of singly external CSFs:             17745
 Number of doubly external CSFs:         115727313
 Total number of CSFs:                   115745058

 Molecular orbitals read from record     2100.2  Type=RHF/CANONICAL (state 1.1)

 Integral transformation finished. Total CPU: 458.58 sec, npass=  1  Memory used:1501.33 MW

 Starting RMP2 calculation

 ITER.      SQ.NORM     CORR.ENERGY   TOTAL ENERGY   ENERGY CHANGE        DEN1      VAR(S)    VAR(P)  DIIS     TIME
   1      1.31413266    -1.03288645  -234.68732765    -1.03288645    -0.00384819  0.16D-04  0.14D-02  1  1   494.90
   2      1.31757249    -1.03703198  -234.69147319    -0.00414554    -0.00000449  0.33D-06  0.19D-05  2  2   517.45
   3      1.31764571    -1.03707997  -234.69152117    -0.00004798    -0.00000002  0.12D-07  0.70D-08  3  3   543.70
   4      1.31764646    -1.03707980  -234.69152100     0.00000017    -0.00000000  0.24D-09  0.30D-10  4  4   569.56

 Norm of t1 vector:      0.04320156      S-energy:    -0.00286370      T1 diagnostic:  0.00038459
 Norm of t2 vector:      0.56194314      P-energy:    -1.03421610
                                         Alpha-Beta:  -0.80084610
                                         Alpha-Alpha: -0.12403385
                                         Beta-Beta:   -0.10933615

 Spin contamination <S**2-Sz**2-Sz>     0.00086730
  Reference energy                   -233.654441203256
  RHF-RMP2 correlation energy          -1.037079799259
 !RHF-RMP2 energy                    -234.691521002516

 Starting UCCSD calculation

 ITER.      SQ.NORM     CORR.ENERGY   TOTAL ENERGY   ENERGY CHANGE        DEN1      VAR(S)    VAR(P)  DIIS     TIME
   1      1.33654995    -1.05705583  -234.71149703    -1.05705583    -0.02797069  0.33D-02  0.64D-02  1  1  1178.24
   2      1.36414764    -1.08541279  -234.73985399    -0.02835696    -0.00187689  0.16D-03  0.56D-03  2  2  1761.41
   3      1.37300506    -1.09075102  -234.74519223    -0.00533823    -0.00018811  0.62D-04  0.46D-04  3  3  2358.70
   4      1.37580433    -1.09187538  -234.74631658    -0.00112435    -0.00002579  0.93D-05  0.68D-05  4  4  2981.83
   5      1.37669202    -1.09206267  -234.74650387    -0.00018729    -0.00000598  0.44D-05  0.10D-05  5  5  3623.01
   6      1.37710331    -1.09212509  -234.74656629    -0.00006242    -0.00000109  0.62D-06  0.24D-06  6  6  4825.02
   7      1.37725780    -1.09213897  -234.74658018    -0.00001388    -0.00000017  0.11D-06  0.35D-07  6  1  5637.45
   8      1.37730401    -1.09214084  -234.74658204    -0.00000187    -0.00000003  0.14D-07  0.64D-08  6  2  6383.42
   9      1.37731873    -1.09214099  -234.74658219    -0.00000015    -0.00000001  0.33D-08  0.11D-08  6  3  7073.64

 Norm of t1 vector:      0.10347639      S-energy:    -0.00332736      T1 diagnostic:  0.01059671
                                                                       D1 diagnostic:  0.03426769
 Norm of t2 vector:      0.60548441      P-energy:    -1.08881363
                                         Alpha-Beta:  -0.87072304
                                         Alpha-Alpha: -0.11620659
                                         Beta-Beta:   -0.10188400

 Spin contamination <S**2-Sz**2-Sz>     0.00075777

 Memory could be reduced to 3731.89 Mwords without degradation in triples


 RESULTS
 =======

  Reference energy                   -233.654441203256
  UCCSD singles energy                 -0.003327357262
  UCCSD pair energy                    -1.088813628191
  UCCSD correlation energy             -1.092140985453
  Triples (T) contribution             -0.045850488132
  Total correlation energy             -1.137991473586

  RHF-UCCSD energy                   -234.746582188710
  RHF-UCCSD[T] energy                -234.793481703916
  RHF-UCCSD-T energy                 -234.791986332579
 !RHF-UCCSD(T) energy                -234.792432676842

 Program statistics:

 Available memory in ccsd:             24999997128
 Min. memory needed in ccsd:             319346392
 Max. memory used in ccsd:               467243059
 Max. memory used in cckext:             342465889 ( 9 integral passes)
 Max. memory used in cckint:            1501328435 ( 1 integral passes)



 **********************************************************************************************************************************
 DATASETS  * FILE   NREC   LENGTH (MB)   RECORD NAMES
              1      18       30.44       500      610      700      900      950      970     1000      129      960     1100   
                                          VAR    BASINP    GEOM    SYMINP    ZMAT    AOBASIS   BASIS     P2S    ABASIS      S 
                                         1400     1410     1200     1210     1080     1600     1650     1700   
                                           T        V       H0       H01     AOSYM     SMH    MOLCAS    OPER   

              2       4       10.98       700     1000      520     2100   
                                         GEOM     BASIS   MCVARS     RHF  

 PROGRAMS   *        TOTAL  UCCSD(T)       RHF       INT
 CPU TIMES  *     28231.43  27878.19    165.62    187.38
 REAL TIME  *     30374.14 SEC
 DISK USED  *       192.56 GB      
 SF USED    *        68.52 GB      
 GA USED    *         0.01 MB       (max)       0.00 MB       (current)
 **********************************************************************************************************************************

 UCCSD(T)/USERDEF energy=   -234.792432676842

        UCCSD(T)        RHF-SCF 
   -234.79243268   -233.65444120
 **********************************************************************************************************************************
 Molpro calculation terminated
 Variable memory released

 Fortran compiler diagnostic
 ***************************

 integer size                  8
 double precision size         8
 logical size                  8

 diagnostic completed successfully
