
 Primary working directories    : /scratch/saurabh/PBS_8053901.helios
 Secondary working directories  : /scratch/saurabh/PBS_8053901.helios
 Wavefunction directory         : /scratch/saurabh/PBS_8053901.helios/
 Main file repository           : /scratch/saurabh/PBS_8053901.helios/

 SHA1      : f6387f0c468d0184d0b38d85973bdb066f718752
 NAME      : 2015.1.44
 ARCHNAME  : linux/x86_64
 FC        : /opt/may/bin/gfortran
 BLASLIB   : -Wl,-_start-group /opt/intel/mkl/lib/intel64/libmkl_gf_ilp64.a /opt/intel/mkl/lib/intel64/libmkl_gnu_thread.a /opt/intel/mkl/lib/intel64/libmkl_core.a -Wl,-_end-group
 id        : ramakrishnan

 Nodes             nprocs
 hel01.tifrh.res.in    8

 Using DEFAULT tuning parameter for ncache   :   16384
 Using DEFAULT tuning parameter for mflopdgm :   10000
 Using DEFAULT tuning parameter for mflopdgv :    4000
 Using DEFAULT tuning parameter for mflopmxm :    5000
 Using DEFAULT tuning parameter for mflopmxv :    4000
 Using DEFAULT tuning parameter for mindgm   :       1
 Using DEFAULT tuning parameter for mindgc   :       4
 Using DEFAULT tuning parameter for mindgf   :    5000
 Using DEFAULT tuning parameter for mindgl   :       4
 Using DEFAULT tuning parameter for mindgr   :       1
 Using DEFAULT tuning parameter for mindgv   :      20
 Using DEFAULT tuning parameter for mincuda  :     500
 Using DEFAULT tuning parameter for mxmblk   :      64
 Using DEFAULT tuning parameter for mxmbln   :      64
 Using DEFAULT tuning parameter for nroll    :       2
 Using custom tuning parameter for ngpus     :       0
 Using customized tuning parameters: mindgm=1; mindgv=20; mindgc=4; mindgr=1; noblas=0; minvec=7
 default implementation of scratch files=sf  

 ***,Mol_02
 memory,25,g
 geometry={
 C  -0.119638  1.155889   -0.276634
 C  -0.645763  -0.178900  0.231288
 C  0.231637   -1.348214  -0.185092
 C  1.675324   -1.126332  0.284971
 C  2.231458   0.214877   -0.203477
 C  1.320679   1.379003   0.199237
 H  1.699481   2.318348   -0.207215
 H  1.330731   1.487456   1.288548
 H  2.325092   0.191081   -1.293929
 H  3.237413   0.369413   0.191726
 H  2.302704   -1.948923  -0.062342
 H  1.707338   -1.154241  1.378824
 H  0.205799   -1.435338  -1.275015
 H  -0.170493  -2.277510  0.221203
 H  -0.776089  -0.151626  1.314687
 O  -1.980637  -0.436210  -0.323281
 O  -2.906136  0.301090   0.254242
 H  -0.777207  1.955824   0.064176
 H  -0.152766  1.148533   -1.370114
  }
 basis,O=AVTZ,C=AVTZ,H=VTZ
 {rhf
 wf,63,1,1
 }
 uccsd(t);
 

 Fortran compiler diagnostic
 ***************************

 integer size                  8
 double precision size         8
 logical size                  8

 diagnostic completed successfully

 Variables initialized (889), CPU time= 0.01 sec
 Commands  initialized (702), CPU time= 0.02 sec, 572 directives.
 Default parameters read. Elapsed time= 0.09 sec

 Using DEFAULT tuning parameter for mpplat   :       3
 Using DEFAULT tuning parameter for mppspeed :    1600
 Checking input...
 Passed
1


                                         ***  PROGRAM SYSTEM MOLPRO  ***
                                       Copyright, TTI GmbH Stuttgart, 2015
                                    Version 2015.1 linked Jun  9 2019 06:55:40


 **********************************************************************************************************************************
 LABEL *   Mol_02                                                                        
  64 bit mpp version                                                                     DATE: 04-Apr-22          TIME: 22:05:41  
 **********************************************************************************************************************************

 SHA1:             f6387f0c468d0184d0b38d85973bdb066f718752
 **********************************************************************************************************************************

Geometry recognized as XYZ


 Variable memory set to ********** words,  buffer space   230000 words

 SETTING BASIS          =    O=AVTZ,C=AVTZ,H=VTZ


 Recomputing integrals since basis changed


 Using spherical harmonics

 Library entry C      S aug-cc-pVTZ          selected for orbital group  1
 Library entry C      P aug-cc-pVTZ          selected for orbital group  1
 Library entry C      D aug-cc-pVTZ          selected for orbital group  1
 Library entry C      F aug-cc-pVTZ          selected for orbital group  1
 Library entry H      S cc-pVTZ              selected for orbital group  2
 Library entry H      P cc-pVTZ              selected for orbital group  2
 Library entry H      D cc-pVTZ              selected for orbital group  2
 Library entry O      S aug-cc-pVTZ          selected for orbital group  3
 Library entry O      P aug-cc-pVTZ          selected for orbital group  3
 Library entry O      D aug-cc-pVTZ          selected for orbital group  3
 Library entry O      F aug-cc-pVTZ          selected for orbital group  3


 PROGRAM * SEWARD (Integral evaluation for generally contracted gaussian basis sets)     Author: Roland Lindh, 1990

 Geometry written to block  1 of record 700


 Point group  C1  



 ATOMIC COORDINATES

 NR  ATOM    CHARGE       X              Y              Z

   1  C       6.00   -0.226083054    2.184313640   -0.522762497
   2  C       6.00   -1.220315211   -0.338072004    0.437070976
   3  C       6.00    0.437730490   -2.547755217   -0.349773188
   4  C       6.00    3.165903530   -2.128459005    0.538517143
   5  C       6.00    4.216844478    0.406058680   -0.384515803
   6  C       6.00    2.495721608    2.605937995    0.376503364
   7  H       1.00    3.211553644    4.381042781   -0.391579599
   8  H       1.00    2.514717135    2.810884462    2.435002818
   9  H       1.00    4.393787094    0.361090758   -2.445171435
  10  H       1.00    6.117823922    0.698089397    0.362309631
  11  H       1.00    4.351479906   -3.682930708   -0.117809306
  12  H       1.00    3.226401222   -2.181199372    2.605599734
  13  H       1.00    0.388903747   -2.712395716   -2.409429155
  14  H       1.00   -0.322185076   -4.303870146    0.418013088
  15  H       1.00   -1.466595658   -0.286531613    2.484398370
  16  O       8.00   -3.742861482   -0.824317433   -0.610912551
  17  O       8.00   -5.491801121    0.568977639    0.480447749
  18  H       1.00   -1.468708372    3.695971708    0.121275064
  19  H       1.00   -0.288685901    2.170412815   -2.589140219

 Bond lengths in Bohr (Angstrom)

  1- 2  2.876144505   1- 6  2.897355140   1-18  2.060100040   1-19  2.067372546   2- 3  2.872444811
       ( 1.521990128)       ( 1.533214312)       ( 1.090157993)       ( 1.094006438)       ( 1.520032334)

  2-15  2.062731181   2-16  2.774516855   3- 4  2.899620175   3-13  2.066802663   3-14  2.061772799
       ( 1.091550333)       ( 1.468211091)       ( 1.534412917)       ( 1.093704869)       ( 1.091043180)

  4- 5  2.894865558   4-11  2.062216775   4-12  2.068640122   5- 6  2.894975493   5- 9  2.068727251
       ( 1.531896882)       ( 1.091278121)       ( 1.094677210)       ( 1.531955057)       ( 1.094723317)

  5-10  2.063190009   6- 7  2.062368528   6- 8  2.068763855  16-17  2.488197806
       ( 1.091793134)       ( 1.091358425)       ( 1.094742687)       ( 1.316697575)

 Bond angles

  1- 2- 3  112.56297186   1- 2-15  110.52339326   1- 2-16  109.99476613   1- 6- 5  111.48935656

  1- 6- 7  109.61638360   1- 6- 8  109.38272928   2- 1- 6  110.41272554   2- 1-18  109.31036812

  2- 1-19  108.49349993   2- 3- 4  110.36126401   2- 3-13  108.70068221   2- 3-14  109.90530147

  2-16-17  112.03989295   3- 2-15  111.10154815   3- 2-16  106.64962110   3- 4- 5  111.74616489

  3- 4-11  109.53678395   3- 4-12  109.26548190   4- 3-13  109.81805230   4- 3-14  110.84654960

  4- 5- 6  111.44784906   4- 5- 9  109.24618072   4- 5-10  110.05983862   5- 4-11  110.47307663

  5- 4-12  109.28796984   5- 6- 7  110.47480038   5- 6- 8  109.35336574   6- 1-18  111.27405478

  6- 1-19  109.85558028   6- 5- 9  109.22135768   6- 5-10  110.18581476   7- 6- 8  106.38704300

  9- 5-10  106.54886650  11- 4-12  106.37912217  13- 3-14  107.13033662  15- 2-16  105.70732315

 18- 1-19  107.40610822

 NUCLEAR CHARGE:                   63
 NUMBER OF PRIMITIVE AOS:         723
 NUMBER OF SYMMETRY AOS:          640
 NUMBER OF CONTRACTIONS:          522   ( 522A   )
 NUMBER OF CORE ORBITALS:           8   (   8A   )
 NUMBER OF VALENCE ORBITALS:       43   (  43A   )


 NUCLEAR REPULSION ENERGY  397.74440818


 Eigenvalues of metric

         1 0.118E-04 0.125E-04 0.164E-04 0.310E-04 0.351E-04 0.398E-04 0.452E-04 0.504E-04


 Contracted 2-electron integrals neglected if value below      1.0D-12
 AO integral compression algorithm  1   Integral accuracy      1.0D-12

     35027.419 MB (compressed) written to integral file ( 44.8%)

     Node minimum: 4215.276 MB, node maximum: 4454.089 MB


 NUMBER OF SORTED TWO-ELECTRON INTEGRALS: 1164515624.     BUFFER LENGTH:  32768
 NUMBER OF SEGMENTS:  37  SEGMENT LENGTH:   31996696      RECORD LENGTH: 524288

 Memory used in sort:      32.55 MW

 SORT1 READ  9779962557. AND WROTE  1024801172. INTEGRALS IN   2950 RECORDS. CPU TIME:   330.26 SEC, REAL TIME:   372.01 SEC
 SORT2 READ  8192337862. AND WROTE  9316602756. INTEGRALS IN 135400 RECORDS. CPU TIME:    98.99 SEC, REAL TIME:   285.47 SEC

 Node minimum:  1164515624.  Node maximum:  1164635065. integrals

 OPERATOR DM      FOR CENTER  0  COORDINATES:    0.000000    0.000000    0.000000


 **********************************************************************************************************************************
 DATASETS  * FILE   NREC   LENGTH (MB)   RECORD NAMES
              1      18       30.17       500      610      700      900      950      970     1000      129      960     1100   
                                          VAR    BASINP    GEOM    SYMINP    ZMAT    AOBASIS   BASIS     P2S    ABASIS      S 
                                         1400     1410     1200     1210     1080     1600     1650     1700   
                                           T        V       H0       H01     AOSYM     SMH    MOLCAS    OPER   

 PROGRAMS   *        TOTAL       INT
 CPU TIMES  *       479.34    479.15
 REAL TIME  *       935.29 SEC
 DISK USED  *       132.84 GB      
 GA USED    *         0.02 MB       (max)       0.00 MB       (current)
 **********************************************************************************************************************************


 PROGRAM * RHF-SCF (OPEN SHELL)       Authors: W. Meyer, H.-J. Werner


 NUMBER OF ELECTRONS:      32+   31-    SPACE SYMMETRY=1    SPIN SYMMETRY: Doublet 
 CONVERGENCE THRESHOLDS:    1.00E-05 (Density)    1.26E-07 (Energy)
 MAX. NUMBER OF ITERATIONS:       60
 INTERPOLATION TYPE:            DIIS
 INTERPOLATION STEPS:              2 (START)      1 (STEP)
 LEVEL SHIFTS:                 -0.60 (CLOSED) -0.30 (OPEN) 



 Orbital guess generated from atomic densities. Full valence occupancy:   51

 Molecular orbital dump at record        2100.2

 Initial alpha occupancy:  32
 Initial beta  occupancy:  31
 Wave function symmetry:    1

 ITERATION    DDIFF          GRAD             ENERGY        2-EL.EN.            DIPOLE MOMENTS         DIIS   ORB.
    1      0.000D+00      0.000D+00      -383.20577266   1058.945644    1.86450   -0.36247   -0.09458    0    start
    2      0.000D+00      0.258D-02      -383.31227587   1059.721361    1.60245   -0.01620    0.14124    1    diag,B
    3      0.241D-02      0.115D-02      -383.33390000   1059.450225    1.53549   -0.08702    0.07568    2    diag,B
    4      0.883D-03      0.492D-03      -383.34533177   1059.636227    1.39435   -0.02289    0.13213    3    diag,B
    5      0.598D-03      0.249D-03      -383.34972402   1059.652987    1.31976   -0.00210    0.14842    4    diag,B
    6      0.337D-03      0.159D-03      -383.35319310   1059.692419    1.24921    0.02149    0.16740    5    diag,B
    7      0.299D-03      0.128D-03      -383.35652032   1059.732668    1.17164    0.04242    0.18405    6    fixocc
    8      0.313D-03      0.724D-04      -383.35761410   1059.794308    1.12521    0.05296    0.19270    7    diag,B
    9      0.218D-03      0.295D-04      -383.35768390   1059.819881    1.11911    0.05474    0.19470    8    diag,B
   10      0.779D-04      0.174D-04      -383.35769661   1059.810806    1.11413    0.05309    0.19350    9    orth
   11      0.444D-04      0.880D-05      -383.35769964   1059.813558    1.11807    0.05293    0.19354    9    diag,B
   12      0.269D-04      0.460D-05      -383.35770075   1059.811159    1.11738    0.05254    0.19324    9    diag,B
   13      0.116D-04      0.109D-05      -383.35770081   1059.811388    1.11784    0.05256    0.19324    9    diag,B
   14      0.390D-05      0.503D-06      -383.35770082   1059.811280    1.11779    0.05257    0.19323    0    orth

 Final alpha occupancy:  32
 Final beta  occupancy:  31

 !RHF STATE 1.1 Energy               -383.357700822154
 Nuclear energy                       397.74440818
 One-electron energy                -1311.00774888
 Two-electron energy                  529.90563988
 Virial quotient                       -1.00119834
 !RHF STATE 1.1 Dipole moment           1.11779131     0.05256509     0.19323418
 Dipole moment /Debye                   2.84095605     0.13359838     0.49112012

 Orbital energies:

         1.1          2.1          3.1          4.1          5.1          6.1          7.1          8.1          9.1         10.1
    -20.648767   -20.640367   -11.291080   -11.230325   -11.229703   -11.228569   -11.226555   -11.226126    -1.524816    -1.174678

        11.1         12.1         13.1         14.1         15.1         16.1         17.1         18.1         19.1         20.1
     -1.104850    -1.018770    -0.991674    -0.850901    -0.836984    -0.775627    -0.693503    -0.672482    -0.649704    -0.632394

        21.1         22.1         23.1         24.1         25.1         26.1         27.1         28.1         29.1         30.1
     -0.608695    -0.598117    -0.568598    -0.542041    -0.517210    -0.500112    -0.498434    -0.479222    -0.466364    -0.449754

        31.1         32.1         33.1         34.1
     -0.442838    -0.557889     0.044526     0.052927

 HOMO     32.1    -0.557889 =     -15.1809eV
 LUMO     33.1     0.044526 =       1.2116eV
 LUMO-HOMO         0.602415 =      16.3925eV


 **********************************************************************************************************************************
 DATASETS  * FILE   NREC   LENGTH (MB)   RECORD NAMES
              1      18       30.17       500      610      700      900      950      970     1000      129      960     1100   
                                          VAR    BASINP    GEOM    SYMINP    ZMAT    AOBASIS   BASIS     P2S    ABASIS      S 
                                         1400     1410     1200     1210     1080     1600     1650     1700   
                                           T        V       H0       H01     AOSYM     SMH    MOLCAS    OPER   

              2       4       10.79       700     1000      520     2100   
                                         GEOM     BASIS   MCVARS     RHF  

 PROGRAMS   *        TOTAL       RHF       INT
 CPU TIMES  *       700.95    221.61    479.15
 REAL TIME  *      1233.56 SEC
 DISK USED  *       133.48 GB      
 SF USED    *         1.09 MB      
 GA USED    *         0.02 MB       (max)       0.00 MB       (current)
 **********************************************************************************************************************************


 PROGRAM * CCSD (Unrestricted open-shell coupled cluster)     Authors: C. Hampel, H.-J. Werner, 1991, M. Deegan, P.J. Knowles, 1992


 Convergence thresholds:  THRVAR = 1.00D-08  THRDEN = 1.26D-06

 CCSD(T)     terms to be evaluated (factor= 1.000)


 Number of core orbitals:           8 (   8 )
 Number of closed-shell orbitals:  23 (  23 )
 Number of active  orbitals:        1 (   1 )
 Number of external orbitals:     490 ( 490 )

 Memory could be reduced to 4285.10 Mwords without degradation in triples

 Number of N-1 electron functions:              47
 Number of N-2 electron functions:            1081
 Number of singly external CSFs:             23077
 Number of doubly external CSFs:         196712767
 Total number of CSFs:                   196735844

 Molecular orbitals read from record     2100.2  Type=RHF/CANONICAL (state 1.1)

 Integral transformation finished. Total CPU: 617.99 sec, npass=  1  Memory used:1918.45 MW

 Starting RMP2 calculation

 ITER.      SQ.NORM     CORR.ENERGY   TOTAL ENERGY   ENERGY CHANGE        DEN1      VAR(S)    VAR(P)  DIIS     TIME
   1      1.42612823    -1.48682421  -384.84452503    -1.48682421    -0.00513424  0.32D-04  0.19D-02  1  1   683.80
   2      1.43061655    -1.49235136  -384.85005218    -0.00552714    -0.00000880  0.14D-05  0.32D-05  2  2   732.10
   3      1.43073420    -1.49242674  -384.85012756    -0.00007538    -0.00000011  0.76D-07  0.18D-07  3  3   807.05
   4      1.43073672    -1.49242637  -384.85012719     0.00000037    -0.00000000  0.22D-08  0.20D-09  4  4   867.27

 Norm of t1 vector:      0.04806804      S-energy:    -0.00460292      T1 diagnostic:  0.00064498
 Norm of t2 vector:      0.65454273      P-energy:    -1.48782345
                                         Alpha-Beta:  -1.13238106
                                         Alpha-Alpha: -0.18192119
                                         Beta-Beta:   -0.17352120

 Spin contamination <S**2-Sz**2-Sz>     0.00114076
  Reference energy                   -383.357700822143
  RHF-RMP2 correlation energy          -1.492426367405
 !RHF-RMP2 energy                    -384.850127189548

 Starting UCCSD calculation

 ITER.      SQ.NORM     CORR.ENERGY   TOTAL ENERGY   ENERGY CHANGE        DEN1      VAR(S)    VAR(P)  DIIS     TIME
   1      1.44475933    -1.50282633  -384.86052715    -1.50282633    -0.04212368  0.83D-02  0.82D-02  1  1  2285.87
   2      1.48391215    -1.54208345  -384.89978427    -0.03925712    -0.00461666  0.67D-03  0.13D-02  2  2  3739.89
   3      1.50455353    -1.55108537  -384.90878620    -0.00900192    -0.00103429  0.81D-03  0.10D-03  3  3  5237.53
   4      1.51673541    -1.55421632  -384.91191715    -0.00313095    -0.00042255  0.33D-03  0.39D-04  4  4  6677.17
   5      1.53191772    -1.55637141  -384.91407223    -0.00215509    -0.00014422  0.13D-03  0.11D-04  5  5  8131.62
   6      1.54425270    -1.55748565  -384.91518647    -0.00111424    -0.00002701  0.16D-04  0.43D-05  6  6  9615.29
   7      1.54929746    -1.55781944  -384.91552026    -0.00033379    -0.00000462  0.24D-05  0.90D-06  6  1 11081.53
   8      1.55012617    -1.55788008  -384.91558090    -0.00006064    -0.00000097  0.43D-06  0.22D-06  6  2 12624.43
   9      1.55040495    -1.55788935  -384.91559017    -0.00000928    -0.00000019  0.91D-07  0.45D-07  6  3 13990.71
  10      1.55057507    -1.55790585  -384.91560667    -0.00001650    -0.00000004  0.21D-07  0.66D-08  6  6 15166.42
  11      1.55054894    -1.55790097  -384.91560179     0.00000487    -0.00000001  0.34D-08  0.19D-08  6  4 16367.85
  12      1.55057988    -1.55790201  -384.91560284    -0.00000104    -0.00000000  0.89D-09  0.29D-09  6  5 18257.98

 Norm of t1 vector:      0.24348197      S-energy:    -0.00523700      T1 diagnostic:  0.02432346
                                                                       D1 diagnostic:  0.14754655
 Norm of t2 vector:      0.70092539      P-energy:    -1.55266502
                                         Alpha-Beta:  -1.22467003
                                         Alpha-Alpha: -0.16651892
                                         Beta-Beta:   -0.16147607

 Singles amplitudes (print threshold =  0.500E-01):

         I         SYM. A    A   T(IA) [Beta-Beta]

        11         1         1     -0.07837107
        12         1         1      0.07498989
        14         1         1     -0.08933754
        15         1         1      0.07074728
        17         1         1      0.06851352
        18         1         1     -0.07999182
        23         1         1     -0.05710089

 Spin contamination <S**2-Sz**2-Sz>     0.00159720

 Memory could be reduced to 4567.49 Mwords without degradation in triples


 RESULTS
 =======

  Reference energy                   -383.357700822143
  UCCSD singles energy                 -0.005236997733
  UCCSD pair energy                    -1.552665017201
  UCCSD correlation energy             -1.557902014934
  Triples (T) contribution             -0.067755643044
  Total correlation energy             -1.625657657977

  RHF-UCCSD energy                   -384.915602837077
  RHF-UCCSD[T] energy                -384.987241632805
  RHF-UCCSD-T energy                 -384.982652790317
 !RHF-UCCSD(T) energy                -384.983358480120

 Program statistics:

 Available memory in ccsd:             24999995052
 Min. memory needed in ccsd:             537913606
 Max. memory used in ccsd:               791993591
 Max. memory used in cckext:             600840295 (12 integral passes)
 Max. memory used in cckint:            1918449938 ( 1 integral passes)



 **********************************************************************************************************************************
 DATASETS  * FILE   NREC   LENGTH (MB)   RECORD NAMES
              1      18       30.17       500      610      700      900      950      970     1000      129      960     1100   
                                          VAR    BASINP    GEOM    SYMINP    ZMAT    AOBASIS   BASIS     P2S    ABASIS      S 
                                         1400     1410     1200     1210     1080     1600     1650     1700   
                                           T        V       H0       H01     AOSYM     SMH    MOLCAS    OPER   

              2       4       10.79       700     1000      520     2100   
                                         GEOM     BASIS   MCVARS     RHF  

 PROGRAMS   *        TOTAL  UCCSD(T)       RHF       INT
 CPU TIMES  *     51771.26  51070.23    221.61    479.15
 REAL TIME  *     57502.61 SEC
 DISK USED  *       333.33 GB      
 SF USED    *        89.07 GB      
 GA USED    *         0.02 MB       (max)       0.00 MB       (current)
 **********************************************************************************************************************************

 UCCSD(T)/O=AVTZ,C=AVTZ,H=VTZ energy=   -384.983358480120

        UCCSD(T)        RHF-SCF 
   -384.98335848   -383.35770082
 **********************************************************************************************************************************
 Molpro calculation terminated
 Variable memory released

 Fortran compiler diagnostic
 ***************************

 integer size                  8
 double precision size         8
 logical size                  8

 diagnostic completed successfully
