
 Primary working directories    : /scratch/saurabh/PBS_8053981.helios
 Secondary working directories  : /scratch/saurabh/PBS_8053981.helios
 Wavefunction directory         : /scratch/saurabh/PBS_8053981.helios/
 Main file repository           : /scratch/saurabh/PBS_8053981.helios/

 SHA1      : f6387f0c468d0184d0b38d85973bdb066f718752
 NAME      : 2015.1.44
 ARCHNAME  : linux/x86_64
 FC        : /opt/may/bin/gfortran
 BLASLIB   : -Wl,-_start-group /opt/intel/mkl/lib/intel64/libmkl_gf_ilp64.a /opt/intel/mkl/lib/intel64/libmkl_gnu_thread.a /opt/intel/mkl/lib/intel64/libmkl_core.a -Wl,-_end-group
 id        : ramakrishnan

 Nodes             nprocs
 hel05.tifrh.res.in    8

 Using DEFAULT tuning parameter for ncache   :   16384
 Using DEFAULT tuning parameter for mflopdgm :   10000
 Using DEFAULT tuning parameter for mflopdgv :    4000
 Using DEFAULT tuning parameter for mflopmxm :    5000
 Using DEFAULT tuning parameter for mflopmxv :    4000
 Using DEFAULT tuning parameter for mindgm   :       1
 Using DEFAULT tuning parameter for mindgc   :       4
 Using DEFAULT tuning parameter for mindgf   :    5000
 Using DEFAULT tuning parameter for mindgl   :       4
 Using DEFAULT tuning parameter for mindgr   :       1
 Using DEFAULT tuning parameter for mindgv   :      20
 Using DEFAULT tuning parameter for mincuda  :     500
 Using DEFAULT tuning parameter for mxmblk   :      64
 Using DEFAULT tuning parameter for mxmbln   :      64
 Using DEFAULT tuning parameter for nroll    :       2
 Using custom tuning parameter for ngpus     :       0
 Using customized tuning parameters: mindgm=1; mindgv=20; mindgc=4; mindgr=1; noblas=0; minvec=7
 default implementation of scratch files=sf  

 ***,Mol_02
 memory,25,g
 geometry={
 C  -0.119638  1.155889   -0.276634
 C  -0.645763  -0.178900  0.231288
 C  0.231637   -1.348214  -0.185092
 C  1.675324   -1.126332  0.284971
 C  2.231458   0.214877   -0.203477
 C  1.320679   1.379003   0.199237
 H  1.699481   2.318348   -0.207215
 H  1.330731   1.487456   1.288548
 H  2.325092   0.191081   -1.293929
 H  3.237413   0.369413   0.191726
 H  2.302704   -1.948923  -0.062342
 H  1.707338   -1.154241  1.378824
 H  0.205799   -1.435338  -1.275015
 H  -0.170493  -2.277510  0.221203
 H  -0.776089  -0.151626  1.314687
 O  -1.980637  -0.436210  -0.323281
 O  -2.906136  0.301090   0.254242
 H  -0.777207  1.955824   0.064176
 H  -0.152766  1.148533   -1.370114
  }
 basis={
                                                                            ! oxygen               (10s,5p,4d,2f) -&gt; [10s,5p,4d,2f]
 s, O , 0.1533000000E+05, 0.2299000000E+04, 0.5224000000E+03, 0.1473000000E+03, 0.4755000000E+02, 0.1676000000E+02, 0.6207000000E+01, 0.1752000000E+01, 0.6882000000E+00, 0.2384000000E+00
 c, 1.1, 0.1000000000E+01
 c, 2.2, 0.1000000000E+01
 c, 3.3, 0.1000000000E+01
 c, 4.4, 0.1000000000E+01
 c, 5.5, 0.1000000000E+01
 c, 6.6, 0.1000000000E+01
 c, 7.7, 0.1000000000E+01
 c, 8.8, 0.1000000000E+01
 c, 9.9, 0.1000000000E+01
 c, 10.10, 0.1000000000E+01
 p, O , 0.3446000000E+02, 0.7749000000E+01, 0.2280000000E+01, 0.7156000000E+00, 0.2140000000E+00
 c, 1.1, 0.1000000000E+01
 c, 2.2, 0.1000000000E+01
 c, 3.3, 0.1000000000E+01
 c, 4.4, 0.1000000000E+01
 c, 5.5, 0.1000000000E+01
 d, O , 0.2100000000E+02, 0.7000000000E+01, 0.2314000000E+01, 0.6450000000E+00
 c, 1.1, 0.1000000000E+01
 c, 2.2, 0.1000000000E+01
 c, 3.3, 0.1000000000E+01
 c, 4.4, 0.1000000000E+01
 f, O , 0.4300000000E+01, 0.1428000000E+01
 c, 1.1, 0.1000000000E+01
 c, 2.2, 0.1000000000E+01
                                                                                 ! hydrogen             (5s,2p,1d) -&gt; [5s,2p,1d]
 s, H , 0.3387000000E+02, 0.5095000000E+01, 0.1159000000E+01, 0.3258000000E+00, 0.1027000000E+00
 c, 1.1, 0.1000000000E+01
 c, 2.2, 0.1000000000E+01
 c, 3.3, 0.1000000000E+01
 c, 4.4, 0.1000000000E+01
 c, 5.5, 0.1000000000E+01
 p, H , 0.1407000000E+01, 0.3880000000E+00
 c, 1.1, 0.1000000000E+01
 c, 2.2, 0.1000000000E+01
 d, H , 0.1057000000E+01
 c, 1.1, 0.1000000000E+01
                                                                            ! carbon               (10s,5p,4d,2f) -&gt; [10s,5p,4d,2f]
 s, C , 0.8236000000E+04, 0.1235000000E+04, 0.2808000000E+03, 0.7927000000E+02, 0.2559000000E+02, 0.8997000000E+01, 0.3319000000E+01, 0.9059000000E+00, 0.3643000000E+00, 0.1285000000E+00
 c, 1.1, 0.1000000000E+01
 c, 2.2, 0.1000000000E+01
 c, 3.3, 0.1000000000E+01
 c, 4.4, 0.1000000000E+01
 c, 5.5, 0.1000000000E+01
 c, 6.6, 0.1000000000E+01
 c, 7.7, 0.1000000000E+01
 c, 8.8, 0.1000000000E+01
 c, 9.9, 0.1000000000E+01
 c, 10.10, 0.1000000000E+01
 p, C , 0.1871000000E+02, 0.4133000000E+01, 0.1200000000E+01, 0.3827000000E+00, 0.1209000000E+00
 c, 1.1, 0.1000000000E+01
 c, 2.2, 0.1000000000E+01
 c, 3.3, 0.1000000000E+01
 c, 4.4, 0.1000000000E+01
 c, 5.5, 0.1000000000E+01
 d, C , 0.1000000000E+02, 0.3300000000E+01, 0.1097000000E+01, 0.3180000000E+00
 c, 1.1, 0.1000000000E+01
 c, 2.2, 0.1000000000E+01
 c, 3.3, 0.1000000000E+01
 c, 4.4, 0.1000000000E+01
 f, C , 0.2300000000E+01, 0.7610000000E+00
 c, 1.1, 0.1000000000E+01
 c, 2.2, 0.1000000000E+01
 }
 {rhf
 wf,63,1,1
 }
 uccsd(t);
 

 Fortran compiler diagnostic
 ***************************

 integer size                  8
 double precision size         8
 logical size                  8

 diagnostic completed successfully

 Variables initialized (889), CPU time= 0.02 sec
 Commands  initialized (702), CPU time= 0.01 sec, 572 directives.
 Default parameters read. Elapsed time= 0.09 sec

 Using DEFAULT tuning parameter for mpplat   :       3
 Using DEFAULT tuning parameter for mppspeed :    1600
 Checking input...
 Passed
1


                                         ***  PROGRAM SYSTEM MOLPRO  ***
                                       Copyright, TTI GmbH Stuttgart, 2015
                                    Version 2015.1 linked Jun  9 2019 06:55:40


 **********************************************************************************************************************************
 LABEL *   Mol_02                                                                        
  64 bit mpp version                                                                     DATE: 05-Apr-22          TIME: 19:21:45  
 **********************************************************************************************************************************

 SHA1:             f6387f0c468d0184d0b38d85973bdb066f718752
 **********************************************************************************************************************************

Geometry recognized as XYZ


 Variable memory set to ********** words,  buffer space   230000 words

 SETTING BASIS          =    USERDEF


 Recomputing integrals since basis changed


 Using spherical harmonics



 PROGRAM * SEWARD (Integral evaluation for generally contracted gaussian basis sets)     Author: Roland Lindh, 1990

 Geometry written to block  1 of record 700


 Point group  C1  



 ATOMIC COORDINATES

 NR  ATOM    CHARGE       X              Y              Z

   1  C       6.00   -0.226083054    2.184313640   -0.522762497
   2  C       6.00   -1.220315211   -0.338072004    0.437070976
   3  C       6.00    0.437730490   -2.547755217   -0.349773188
   4  C       6.00    3.165903530   -2.128459005    0.538517143
   5  C       6.00    4.216844478    0.406058680   -0.384515803
   6  C       6.00    2.495721608    2.605937995    0.376503364
   7  H       1.00    3.211553644    4.381042781   -0.391579599
   8  H       1.00    2.514717135    2.810884462    2.435002818
   9  H       1.00    4.393787094    0.361090758   -2.445171435
  10  H       1.00    6.117823922    0.698089397    0.362309631
  11  H       1.00    4.351479906   -3.682930708   -0.117809306
  12  H       1.00    3.226401222   -2.181199372    2.605599734
  13  H       1.00    0.388903747   -2.712395716   -2.409429155
  14  H       1.00   -0.322185076   -4.303870146    0.418013088
  15  H       1.00   -1.466595658   -0.286531613    2.484398370
  16  O       8.00   -3.742861482   -0.824317433   -0.610912551
  17  O       8.00   -5.491801121    0.568977639    0.480447749
  18  H       1.00   -1.468708372    3.695971708    0.121275064
  19  H       1.00   -0.288685901    2.170412815   -2.589140219

 Bond lengths in Bohr (Angstrom)

  1- 2  2.876144505   1- 6  2.897355140   1-18  2.060100040   1-19  2.067372546   2- 3  2.872444811
       ( 1.521990128)       ( 1.533214312)       ( 1.090157993)       ( 1.094006438)       ( 1.520032334)

  2-15  2.062731181   2-16  2.774516855   3- 4  2.899620175   3-13  2.066802663   3-14  2.061772799
       ( 1.091550333)       ( 1.468211091)       ( 1.534412917)       ( 1.093704869)       ( 1.091043180)

  4- 5  2.894865558   4-11  2.062216775   4-12  2.068640122   5- 6  2.894975493   5- 9  2.068727251
       ( 1.531896882)       ( 1.091278121)       ( 1.094677210)       ( 1.531955057)       ( 1.094723317)

  5-10  2.063190009   6- 7  2.062368528   6- 8  2.068763855  16-17  2.488197806
       ( 1.091793134)       ( 1.091358425)       ( 1.094742687)       ( 1.316697575)

 Bond angles

  1- 2- 3  112.56297186   1- 2-15  110.52339326   1- 2-16  109.99476613   1- 6- 5  111.48935656

  1- 6- 7  109.61638360   1- 6- 8  109.38272928   2- 1- 6  110.41272554   2- 1-18  109.31036812

  2- 1-19  108.49349993   2- 3- 4  110.36126401   2- 3-13  108.70068221   2- 3-14  109.90530147

  2-16-17  112.03989295   3- 2-15  111.10154815   3- 2-16  106.64962110   3- 4- 5  111.74616489

  3- 4-11  109.53678395   3- 4-12  109.26548190   4- 3-13  109.81805230   4- 3-14  110.84654960

  4- 5- 6  111.44784906   4- 5- 9  109.24618072   4- 5-10  110.05983862   5- 4-11  110.47307663

  5- 4-12  109.28796984   5- 6- 7  110.47480038   5- 6- 8  109.35336574   6- 1-18  111.27405478

  6- 1-19  109.85558028   6- 5- 9  109.22135768   6- 5-10  110.18581476   7- 6- 8  106.38704300

  9- 5-10  106.54886650  11- 4-12  106.37912217  13- 3-14  107.13033662  15- 2-16  105.70732315

 18- 1-19  107.40610822

 NUCLEAR CHARGE:                   63
 NUMBER OF PRIMITIVE AOS:         739
 NUMBER OF SYMMETRY AOS:          648
 NUMBER OF CONTRACTIONS:          648   ( 648A   )
 NUMBER OF CORE ORBITALS:           8   (   8A   )
 NUMBER OF VALENCE ORBITALS:       43   (  43A   )


 NUCLEAR REPULSION ENERGY  397.74440818


 Eigenvalues of metric

         1 0.272E-03 0.305E-03 0.396E-03 0.535E-03 0.597E-03 0.750E-03 0.803E-03 0.831E-03


 Contracted 2-electron integrals neglected if value below      1.0D-11
 AO integral compression algorithm  1   Integral accuracy      1.0D-11

     29485.433 MB (compressed) written to integral file ( 16.5%)

     Node minimum: 3338.666 MB, node maximum: 3884.188 MB


 NUMBER OF SORTED TWO-ELECTRON INTEGRALS: 2763499760.     BUFFER LENGTH:  32768
 NUMBER OF SEGMENTS:  87  SEGMENT LENGTH:   31996888      RECORD LENGTH: 262144

 Memory used in sort:      32.29 MW

 SORT1 READ 22312019529. AND WROTE   982572740. INTEGRALS IN   5662 RECORDS. CPU TIME:   363.77 SEC, REAL TIME:   376.53 SEC
 SORT2 READ  7856336748. AND WROTE 22108103226. INTEGRALS IN 101888 RECORDS. CPU TIME:    29.17 SEC, REAL TIME:    35.58 SEC

 Node minimum:  2763420908.  Node maximum:  2763604900. integrals

 OPERATOR DM      FOR CENTER  0  COORDINATES:    0.000000    0.000000    0.000000


 **********************************************************************************************************************************
 DATASETS  * FILE   NREC   LENGTH (MB)   RECORD NAMES
              1      18       35.52       500      610      700      900      950      970     1000      129      960     1100   
                                          VAR    BASINP    GEOM    SYMINP    ZMAT    AOBASIS   BASIS     P2S    ABASIS      S 
                                         1400     1410     1200     1210     1080     1600     1650     1700   
                                           T        V       H0       H01     AOSYM     SMH    MOLCAS    OPER   

 PROGRAMS   *        TOTAL       INT
 CPU TIMES  *       454.77    454.58
 REAL TIME  *       501.93 SEC
 DISK USED  *       123.09 GB      
 GA USED    *         0.02 MB       (max)       0.00 MB       (current)
 **********************************************************************************************************************************


 PROGRAM * RHF-SCF (OPEN SHELL)       Authors: W. Meyer, H.-J. Werner


 NUMBER OF ELECTRONS:      32+   31-    SPACE SYMMETRY=1    SPIN SYMMETRY: Doublet 
 CONVERGENCE THRESHOLDS:    1.00E-05 (Density)    1.26E-07 (Energy)
 MAX. NUMBER OF ITERATIONS:       60
 INTERPOLATION TYPE:            DIIS
 INTERPOLATION STEPS:              2 (START)      1 (STEP)
 LEVEL SHIFTS:                 -0.60 (CLOSED) -0.30 (OPEN) 



 Orbital guess generated from atomic densities. Full valence occupancy:   32

 Molecular orbital dump at record        2100.2

 Initial alpha occupancy:  32
 Initial beta  occupancy:  31
 Wave function symmetry:    1

 ITERATION    DDIFF          GRAD             ENERGY        2-EL.EN.            DIPOLE MOMENTS         DIIS   ORB.
    1      0.000D+00      0.000D+00      -383.20551536   1059.174450    1.83488   -0.36373   -0.09840    0    start
    2      0.000D+00      0.233D-02      -383.31205223   1059.891870    1.56730   -0.01721    0.13898    1    diag,B
    3      0.598D-03      0.103D-02      -383.33374374   1059.614054    1.50062   -0.08613    0.07568    2    diag,B
    4      0.236D-03      0.440D-03      -383.34522828   1059.794238    1.35966   -0.02091    0.13356    3    diag,B
    5      0.219D-03      0.225D-03      -383.34965659   1059.801957    1.28526    0.00063    0.15058    4    diag,B
    6      0.145D-03      0.143D-03      -383.35311853   1059.832705    1.21575    0.02407    0.16945    5    diag,B
    7      0.134D-03      0.115D-03      -383.35643319   1059.861084    1.13917    0.04372    0.18499    6    fixocc
    8      0.162D-03      0.622D-04      -383.35738915   1059.915157    1.09900    0.05226    0.19200    7    diag,B
    9      0.903D-04      0.255D-04      -383.35746228   1059.936992    1.09254    0.05347    0.19346    8    diag,B
   10      0.314D-04      0.119D-04      -383.35746903   1059.930300    1.08983    0.05195    0.19237    9    orth
   11      0.139D-04      0.644D-05      -383.35747075   1059.933454    1.09315    0.05197    0.19252    9    diag,B
   12      0.112D-04      0.372D-05      -383.35747163   1059.931323    1.09251    0.05165    0.19226    9    diag,B
   13      0.409D-05      0.104D-05      -383.35747170   1059.931656    1.09293    0.05171    0.19230    9    diag,B
   14      0.142D-05      0.450D-06      -383.35747172   1059.931539    1.09286    0.05172    0.19230    0    orth

 Final alpha occupancy:  32
 Final beta  occupancy:  31

 !RHF STATE 1.1 Energy               -383.357471722268
 Nuclear energy                       397.74440818
 One-electron energy                -1311.06764924
 Two-electron energy                  529.96576933
 Virial quotient                       -1.00085528
 !RHF STATE 1.1 Dipole moment           1.09285947     0.05172260     0.19229903
 Dipole moment /Debye                   2.77758976     0.13145713     0.48874338

 Orbital energies:

         1.1          2.1          3.1          4.1          5.1          6.1          7.1          8.1          9.1         10.1
    -20.644651   -20.636192   -11.289698   -11.229399   -11.228801   -11.227726   -11.225565   -11.225335    -1.522682    -1.173359

        11.1         12.1         13.1         14.1         15.1         16.1         17.1         18.1         19.1         20.1
     -1.104168    -1.018478    -0.991102    -0.850574    -0.836378    -0.775246    -0.692387    -0.671416    -0.648627    -0.631865

        21.1         22.1         23.1         24.1         25.1         26.1         27.1         28.1         29.1         30.1
     -0.608363    -0.597508    -0.568072    -0.541854    -0.516704    -0.499631    -0.498269    -0.478629    -0.465863    -0.449146

        31.1         32.1         33.1         34.1
     -0.442357    -0.555960     0.133171     0.146833

 HOMO     32.1    -0.555960 =     -15.1284eV
 LUMO     33.1     0.133171 =       3.6238eV
 LUMO-HOMO         0.689131 =      18.7522eV


 **********************************************************************************************************************************
 DATASETS  * FILE   NREC   LENGTH (MB)   RECORD NAMES
              1      18       35.52       500      610      700      900      950      970     1000      129      960     1100   
                                          VAR    BASINP    GEOM    SYMINP    ZMAT    AOBASIS   BASIS     P2S    ABASIS      S 
                                         1400     1410     1200     1210     1080     1600     1650     1700   
                                           T        V       H0       H01     AOSYM     SMH    MOLCAS    OPER   

              2       4       14.92       700     1000      520     2100   
                                         GEOM     BASIS   MCVARS     RHF  

 PROGRAMS   *        TOTAL       RHF       INT
 CPU TIMES  *       923.79    469.01    454.58
 REAL TIME  *      1038.74 SEC
 DISK USED  *       123.98 GB      
 SF USED    *         1.68 MB      
 GA USED    *         0.02 MB       (max)       0.00 MB       (current)
 **********************************************************************************************************************************


 PROGRAM * CCSD (Unrestricted open-shell coupled cluster)     Authors: C. Hampel, H.-J. Werner, 1991, M. Deegan, P.J. Knowles, 1992


 Convergence thresholds:  THRVAR = 1.00D-08  THRDEN = 1.26D-06

 CCSD(T)     terms to be evaluated (factor= 1.000)


 Number of core orbitals:           8 (   8 )
 Number of closed-shell orbitals:  23 (  23 )
 Number of active  orbitals:        1 (   1 )
 Number of external orbitals:     616 ( 616 )

 Memory could be reduced to 8194.09 Mwords without degradation in triples

 Number of N-1 electron functions:              47
 Number of N-2 electron functions:            1081
 Number of singly external CSFs:             28999
 Number of doubly external CSFs:         310669372
 Total number of CSFs:                   310698371

 Molecular orbitals read from record     2100.2  Type=RHF/CANONICAL (state 1.1)

 Integral transformation finished. Total CPU:1361.68 sec, npass=  1  Memory used:3617.65 MW

 Starting RMP2 calculation

 ITER.      SQ.NORM     CORR.ENERGY   TOTAL ENERGY   ENERGY CHANGE        DEN1      VAR(S)    VAR(P)  DIIS     TIME
   1      1.42268287    -1.51177520  -384.86924692    -1.51177520    -0.00509092  0.27D-04  0.18D-02  1  1  1474.65
   2      1.42708899    -1.51725375  -384.87472547    -0.00547855    -0.00000806  0.11D-05  0.29D-05  2  2  1682.04
   3      1.42719750    -1.51732635  -384.87479807    -0.00007260    -0.00000009  0.60D-07  0.14D-07  3  3  1804.68
   4      1.42719898    -1.51732572  -384.87479744     0.00000064    -0.00000000  0.18D-08  0.13D-09  4  4  1949.11

 Norm of t1 vector:      0.04641446      S-energy:    -0.00454486      T1 diagnostic:  0.00061225
 Norm of t2 vector:      0.65195450      P-energy:    -1.51278086
                                         Alpha-Beta:  -1.15424189
                                         Alpha-Alpha: -0.18363729
                                         Beta-Beta:   -0.17490167

 Spin contamination <S**2-Sz**2-Sz>     0.00093635
  Reference energy                   -383.357471722260
  RHF-RMP2 correlation energy          -1.517325716189
 !RHF-RMP2 energy                    -384.874797438449

 Starting UCCSD calculation

 ITER.      SQ.NORM     CORR.ENERGY   TOTAL ENERGY   ENERGY CHANGE        DEN1      VAR(S)    VAR(P)  DIIS     TIME
   1      1.43916649    -1.51966199  -384.87713371    -1.51966199    -0.04280920  0.82D-02  0.80D-02  1  1  4549.74
   2      1.47538144    -1.55796688  -384.91543860    -0.03830489    -0.00487565  0.70D-03  0.13D-02  2  2  7173.52
   3      1.49640296    -1.56818759  -384.92565931    -0.01022071    -0.00098689  0.75D-03  0.10D-03  3  3  9781.30
   4      1.50696134    -1.57114278  -384.92861451    -0.00295519    -0.00042455  0.33D-03  0.39D-04  4  4 12536.40
   5      1.52122945    -1.57321605  -384.93068777    -0.00207326    -0.00014466  0.13D-03  0.10D-04  5  5 15254.90
   6      1.53291265    -1.57431522  -384.93178694    -0.00109917    -0.00002711  0.16D-04  0.40D-05  6  6 18426.93
   7      1.53806232    -1.57467331  -384.93214503    -0.00035809    -0.00000473  0.23D-05  0.93D-06  6  2 21245.13
   8      1.53879054    -1.57472398  -384.93219571    -0.00005068    -0.00000095  0.40D-06  0.21D-06  6  1 24122.64
   9      1.53911313    -1.57474588  -384.93221760    -0.00002189    -0.00000018  0.86D-07  0.40D-07  6  3 26948.05
  10      1.53924924    -1.57475943  -384.93223115    -0.00001356    -0.00000004  0.20D-07  0.67D-08  6  4 29739.06
  11      1.53922849    -1.57475209  -384.93222381     0.00000734    -0.00000001  0.33D-08  0.20D-08  6  6 32548.02
  12      1.53925004    -1.57475065  -384.93222237     0.00000144    -0.00000000  0.10D-08  0.26D-09  6  5 35267.87
  13      1.53923856    -1.57474859  -384.93222032     0.00000206    -0.00000000  0.36D-09  0.74D-10  6  1 38085.24
  14      1.53923833    -1.57474817  -384.93221990     0.00000042    -0.00000000  0.21D-09  0.20D-10  6  2 40805.22

 Norm of t1 vector:      0.23497228      S-energy:    -0.00505177      T1 diagnostic:  0.02354023
                                                                       D1 diagnostic:  0.14363690
 Norm of t2 vector:      0.69572003      P-energy:    -1.56969641
                                         Alpha-Beta:  -1.23954869
                                         Alpha-Alpha: -0.16781828
                                         Beta-Beta:   -0.16232944

 Singles amplitudes (print threshold =  0.500E-01):

         I         SYM. A    A   T(IA) [Beta-Beta]

        11         1         1     -0.07451513
        12         1         1      0.07311109
        14         1         1     -0.08758541
        15         1         1      0.06938182
        17         1         1      0.06624088
        18         1         1     -0.07834150
        23         1         1     -0.05466252

 Spin contamination <S**2-Sz**2-Sz>     0.00118442

 Memory could be reduced to 8639.35 Mwords without degradation in triples


 RESULTS
 =======

  Reference energy                   -383.357471722260
  UCCSD singles energy                 -0.005051768170
  UCCSD pair energy                    -1.569696405078
  UCCSD correlation energy             -1.574748173248
  Triples (T) contribution             -0.068291895914
  Total correlation energy             -1.643040069162

  RHF-UCCSD energy                   -384.932219895508
  RHF-UCCSD[T] energy                -385.004330258602
  RHF-UCCSD-T energy                 -384.999790743779
 !RHF-UCCSD(T) energy                -385.000511791422

 Program statistics:

 Available memory in ccsd:             24999995052
 Min. memory needed in ccsd:             847805944
 Max. memory used in ccsd:              1249267121
 Max. memory used in cckext:             923731023 (14 integral passes)
 Max. memory used in cckint:            3617646204 ( 1 integral passes)



 **********************************************************************************************************************************
 DATASETS  * FILE   NREC   LENGTH (MB)   RECORD NAMES
              1      18       35.52       500      610      700      900      950      970     1000      129      960     1100   
                                          VAR    BASINP    GEOM    SYMINP    ZMAT    AOBASIS   BASIS     P2S    ABASIS      S 
                                         1400     1410     1200     1210     1080     1600     1650     1700   
                                           T        V       H0       H01     AOSYM     SMH    MOLCAS    OPER   

              2       4       14.92       700     1000      520     2100   
                                         GEOM     BASIS   MCVARS     RHF  

 PROGRAMS   *        TOTAL  UCCSD(T)       RHF       INT
 CPU TIMES  *    135106.85 134183.03    469.01    454.58
 REAL TIME  *    175372.87 SEC
 DISK USED  *       439.57 GB      
 SF USED    *       167.90 GB      
 GA USED    *         0.02 MB       (max)       0.00 MB       (current)
 **********************************************************************************************************************************

 UCCSD(T)/USERDEF energy=   -385.000511791422

        UCCSD(T)        RHF-SCF 
   -385.00051179   -383.35747172
 **********************************************************************************************************************************
 Molpro calculation terminated
 Variable memory released

 Fortran compiler diagnostic
 ***************************

 integer size                  8
 double precision size         8
 logical size                  8

 diagnostic completed successfully
