
 Primary working directories    : /scratch/saurabh/PBS_8053991.helios
 Secondary working directories  : /scratch/saurabh/PBS_8053991.helios
 Wavefunction directory         : /scratch/saurabh/PBS_8053991.helios/
 Main file repository           : /scratch/saurabh/PBS_8053991.helios/

 SHA1      : f6387f0c468d0184d0b38d85973bdb066f718752
 NAME      : 2015.1.44
 ARCHNAME  : linux/x86_64
 FC        : /opt/may/bin/gfortran
 BLASLIB   : -Wl,-_start-group /opt/intel/mkl/lib/intel64/libmkl_gf_ilp64.a /opt/intel/mkl/lib/intel64/libmkl_gnu_thread.a /opt/intel/mkl/lib/intel64/libmkl_core.a -Wl,-_end-group
 id        : ramakrishnan

 Nodes             nprocs
 hel04.tifrh.res.in    8

 Using DEFAULT tuning parameter for ncache   :   16384
 Using DEFAULT tuning parameter for mflopdgm :   10000
 Using DEFAULT tuning parameter for mflopdgv :    4000
 Using DEFAULT tuning parameter for mflopmxm :    5000
 Using DEFAULT tuning parameter for mflopmxv :    4000
 Using DEFAULT tuning parameter for mindgm   :       1
 Using DEFAULT tuning parameter for mindgc   :       4
 Using DEFAULT tuning parameter for mindgf   :    5000
 Using DEFAULT tuning parameter for mindgl   :       4
 Using DEFAULT tuning parameter for mindgr   :       1
 Using DEFAULT tuning parameter for mindgv   :      20
 Using DEFAULT tuning parameter for mincuda  :     500
 Using DEFAULT tuning parameter for mxmblk   :      64
 Using DEFAULT tuning parameter for mxmbln   :      64
 Using DEFAULT tuning parameter for nroll    :       2
 Using custom tuning parameter for ngpus     :       0
 Using customized tuning parameters: mindgm=1; mindgv=20; mindgc=4; mindgr=1; noblas=0; minvec=7
 default implementation of scratch files=sf  

 ***,Mol_02
 memory,25,g
 geometry={
 C  -0.119638  1.155889   -0.276634
 C  -0.645763  -0.178900  0.231288
 C  0.231637   -1.348214  -0.185092
 C  1.675324   -1.126332  0.284971
 C  2.231458   0.214877   -0.203477
 C  1.320679   1.379003   0.199237
 H  1.699481   2.318348   -0.207215
 H  1.330731   1.487456   1.288548
 H  2.325092   0.191081   -1.293929
 H  3.237413   0.369413   0.191726
 H  2.302704   -1.948923  -0.062342
 H  1.707338   -1.154241  1.378824
 H  0.205799   -1.435338  -1.275015
 H  -0.170493  -2.277510  0.221203
 H  -0.776089  -0.151626  1.314687
 O  -1.980637  -0.436210  -0.323281
 O  -2.906136  0.301090   0.254242
 H  -0.777207  1.955824   0.064176
 H  -0.152766  1.148533   -1.370114
  }
 basis={
                                                                            ! oxygen               (10s,5p,4d,2f) -&gt; [10s,5p,4d,2f]
 s, O , 0.1533000000E+05, 0.2299000000E+04, 0.5224000000E+03, 0.1473000000E+03, 0.4755000000E+02, 0.1676000000E+02, 0.6207000000E+01, 0.1752000000E+01, 0.6882000000E+00, 0.2384000000E+00
 c, 1.1, 0.1000000000E+01
 c, 2.2, 0.1000000000E+01
 c, 3.3, 0.1000000000E+01
 c, 4.4, 0.1000000000E+01
 c, 5.5, 0.1000000000E+01
 c, 6.6, 0.1000000000E+01
 c, 7.7, 0.1000000000E+01
 c, 8.8, 0.1000000000E+01
 c, 9.9, 0.1000000000E+01
 c, 10.10, 0.1000000000E+01
 p, O , 0.3446000000E+02, 0.7749000000E+01, 0.2280000000E+01, 0.7156000000E+00, 0.2140000000E+00
 c, 1.1, 0.1000000000E+01
 c, 2.2, 0.1000000000E+01
 c, 3.3, 0.1000000000E+01
 c, 4.4, 0.1000000000E+01
 c, 5.5, 0.1000000000E+01
 d, O , 0.2100000000E+02, 0.7000000000E+01, 0.2314000000E+01, 0.6450000000E+00
 c, 1.1, 0.1000000000E+01
 c, 2.2, 0.1000000000E+01
 c, 3.3, 0.1000000000E+01
 c, 4.4, 0.1000000000E+01
 f, O , 0.4300000000E+01, 0.1428000000E+01
 c, 1.1, 0.1000000000E+01
 c, 2.2, 0.1000000000E+01
                                                                                 ! hydrogen             (5s,2p,1d) -&gt; [5s,2p,1d]
 s, H , 0.3387000000E+02, 0.5095000000E+01, 0.1159000000E+01, 0.3258000000E+00, 0.1027000000E+00
 c, 1.1, 0.1000000000E+01
 c, 2.2, 0.1000000000E+01
 c, 3.3, 0.1000000000E+01
 c, 4.4, 0.1000000000E+01
 c, 5.5, 0.1000000000E+01
 p, H , 0.1407000000E+01, 0.3880000000E+00
 c, 1.1, 0.1000000000E+01
 c, 2.2, 0.1000000000E+01
 d, H , 0.1057000000E+01
 c, 1.1, 0.1000000000E+01
                                                                            ! carbon               (10s,5p,4d,2f) -&gt; [10s,5p,4d,2f]
 s, C , 0.8236000000E+04, 0.1235000000E+04, 0.2808000000E+03, 0.7927000000E+02, 0.2559000000E+02, 0.8997000000E+01, 0.3319000000E+01, 0.9059000000E+00, 0.3643000000E+00, 0.1285000000E+00
 c, 1.1, 0.1000000000E+01
 c, 2.2, 0.1000000000E+01
 c, 3.3, 0.1000000000E+01
 c, 4.4, 0.1000000000E+01
 c, 5.5, 0.1000000000E+01
 c, 6.6, 0.1000000000E+01
 c, 7.7, 0.1000000000E+01
 c, 8.8, 0.1000000000E+01
 c, 9.9, 0.1000000000E+01
 c, 10.10, 0.1000000000E+01
 p, C , 0.1871000000E+02, 0.4133000000E+01, 0.1200000000E+01, 0.3827000000E+00, 0.1209000000E+00
 c, 1.1, 0.1000000000E+01
 c, 2.2, 0.1000000000E+01
 c, 3.3, 0.1000000000E+01
 c, 4.4, 0.1000000000E+01
 c, 5.5, 0.1000000000E+01
 d, C , 0.1000000000E+02, 0.3300000000E+01, 0.1097000000E+01, 0.3180000000E+00
 c, 1.1, 0.1000000000E+01
 c, 2.2, 0.1000000000E+01
 c, 3.3, 0.1000000000E+01
 c, 4.4, 0.1000000000E+01
 f, C , 0.2300000000E+01, 0.7610000000E+00
 c, 1.1, 0.1000000000E+01
 c, 2.2, 0.1000000000E+01
 }
 DKROLL=1
 DKHO=2
 {rhf
 wf,63,1,1
 }
 {uccsd(t)
 core}
 

 Fortran compiler diagnostic
 ***************************

 integer size                  8
 double precision size         8
 logical size                  8

 diagnostic completed successfully

 Variables initialized (889), CPU time= 0.01 sec
 Commands  initialized (702), CPU time= 0.02 sec, 572 directives.
 Default parameters read. Elapsed time= 0.11 sec

 Using DEFAULT tuning parameter for mpplat   :       3
 Using DEFAULT tuning parameter for mppspeed :    1600
 Checking input...
 Passed
1


                                         ***  PROGRAM SYSTEM MOLPRO  ***
                                       Copyright, TTI GmbH Stuttgart, 2015
                                    Version 2015.1 linked Jun  9 2019 06:55:40


 **********************************************************************************************************************************
 LABEL *   Mol_02                                                                        
  64 bit mpp version                                                                     DATE: 06-Apr-22          TIME: 12:43:52  
 **********************************************************************************************************************************

 SHA1:             f6387f0c468d0184d0b38d85973bdb066f718752
 **********************************************************************************************************************************

Geometry recognized as XYZ


 Variable memory set to ********** words,  buffer space   230000 words

 SETTING BASIS          =    USERDEF
 SETTING DKROLL         =         1.00000000                                  
 SETTING DKHO           =         2.00000000                                  


 Recomputing integrals since basis changed


 Using spherical harmonics



 PROGRAM * SEWARD (Integral evaluation for generally contracted gaussian basis sets)     Author: Roland Lindh, 1990

 Geometry written to block  1 of record 700


 Point group  C1  



 ATOMIC COORDINATES

 NR  ATOM    CHARGE       X              Y              Z

   1  C       6.00   -0.226083054    2.184313640   -0.522762497
   2  C       6.00   -1.220315211   -0.338072004    0.437070976
   3  C       6.00    0.437730490   -2.547755217   -0.349773188
   4  C       6.00    3.165903530   -2.128459005    0.538517143
   5  C       6.00    4.216844478    0.406058680   -0.384515803
   6  C       6.00    2.495721608    2.605937995    0.376503364
   7  H       1.00    3.211553644    4.381042781   -0.391579599
   8  H       1.00    2.514717135    2.810884462    2.435002818
   9  H       1.00    4.393787094    0.361090758   -2.445171435
  10  H       1.00    6.117823922    0.698089397    0.362309631
  11  H       1.00    4.351479906   -3.682930708   -0.117809306
  12  H       1.00    3.226401222   -2.181199372    2.605599734
  13  H       1.00    0.388903747   -2.712395716   -2.409429155
  14  H       1.00   -0.322185076   -4.303870146    0.418013088
  15  H       1.00   -1.466595658   -0.286531613    2.484398370
  16  O       8.00   -3.742861482   -0.824317433   -0.610912551
  17  O       8.00   -5.491801121    0.568977639    0.480447749
  18  H       1.00   -1.468708372    3.695971708    0.121275064
  19  H       1.00   -0.288685901    2.170412815   -2.589140219

 Bond lengths in Bohr (Angstrom)

  1- 2  2.876144505   1- 6  2.897355140   1-18  2.060100040   1-19  2.067372546   2- 3  2.872444811
       ( 1.521990128)       ( 1.533214312)       ( 1.090157993)       ( 1.094006438)       ( 1.520032334)

  2-15  2.062731181   2-16  2.774516855   3- 4  2.899620175   3-13  2.066802663   3-14  2.061772799
       ( 1.091550333)       ( 1.468211091)       ( 1.534412917)       ( 1.093704869)       ( 1.091043180)

  4- 5  2.894865558   4-11  2.062216775   4-12  2.068640122   5- 6  2.894975493   5- 9  2.068727251
       ( 1.531896882)       ( 1.091278121)       ( 1.094677210)       ( 1.531955057)       ( 1.094723317)

  5-10  2.063190009   6- 7  2.062368528   6- 8  2.068763855  16-17  2.488197806
       ( 1.091793134)       ( 1.091358425)       ( 1.094742687)       ( 1.316697575)

 Bond angles

  1- 2- 3  112.56297186   1- 2-15  110.52339326   1- 2-16  109.99476613   1- 6- 5  111.48935656

  1- 6- 7  109.61638360   1- 6- 8  109.38272928   2- 1- 6  110.41272554   2- 1-18  109.31036812

  2- 1-19  108.49349993   2- 3- 4  110.36126401   2- 3-13  108.70068221   2- 3-14  109.90530147

  2-16-17  112.03989295   3- 2-15  111.10154815   3- 2-16  106.64962110   3- 4- 5  111.74616489

  3- 4-11  109.53678395   3- 4-12  109.26548190   4- 3-13  109.81805230   4- 3-14  110.84654960

  4- 5- 6  111.44784906   4- 5- 9  109.24618072   4- 5-10  110.05983862   5- 4-11  110.47307663

  5- 4-12  109.28796984   5- 6- 7  110.47480038   5- 6- 8  109.35336574   6- 1-18  111.27405478

  6- 1-19  109.85558028   6- 5- 9  109.22135768   6- 5-10  110.18581476   7- 6- 8  106.38704300

  9- 5-10  106.54886650  11- 4-12  106.37912217  13- 3-14  107.13033662  15- 2-16  105.70732315

 18- 1-19  107.40610822

 NUCLEAR CHARGE:                   63
 NUMBER OF PRIMITIVE AOS:         739
 NUMBER OF SYMMETRY AOS:          648
 NUMBER OF CONTRACTIONS:          648   ( 648A   )
 NUMBER OF CORE ORBITALS:           8   (   8A   )
 NUMBER OF VALENCE ORBITALS:       43   (  43A   )


 NUCLEAR REPULSION ENERGY  397.74440818

 One-electron integrals computed with SEWARD

 2nd-order Douglas-Kroll-Hess method activated. Optimal DKH parametrization is used.

 Computing Douglas-Kroll / X2C integrals

 AO integral compression algorithm  1   Integral accuracy      1.0D-11

     29484.646 MB (compressed) written to integral file ( 16.5%)

     Node minimum: 3559.653 MB, node maximum: 3818.914 MB


 NUMBER OF SORTED TWO-ELECTRON INTEGRALS: 2763499760.     BUFFER LENGTH:  32768
 NUMBER OF SEGMENTS:  87  SEGMENT LENGTH:   31996888      RECORD LENGTH: 262144

 Memory used in sort:      32.29 MW

 SORT1 READ 22312019529. AND WROTE   982572740. INTEGRALS IN   5662 RECORDS. CPU TIME:   464.95 SEC, REAL TIME:   517.91 SEC
 SORT2 READ  7856336748. AND WROTE 22108103226. INTEGRALS IN 115464 RECORDS. CPU TIME:    39.71 SEC, REAL TIME:    47.44 SEC

 Node minimum:  2763420908.  Node maximum:  2763604900. integrals

 OPERATOR DM      FOR CENTER  0  COORDINATES:    0.000000    0.000000    0.000000


 Eigenvalues of metric

         1 0.272E-03 0.305E-03 0.396E-03 0.535E-03 0.597E-03 0.750E-03 0.803E-03 0.831E-03


 **********************************************************************************************************************************
 DATASETS  * FILE   NREC   LENGTH (MB)   RECORD NAMES
              1      22       47.30       500      610      700      900      950      970     1000      129      960     1700   
                                          VAR    BASINP    GEOM    SYMINP    ZMAT    AOBASIS   BASIS     P2S    ABASIS    OPER   
                                         1101     1401     1411     1412     1650     1100     1400     1410     1200     1210   
                                          SR      EKINR    POTR     PVPR    MOLCAS      S      EKIN      POT      H0       H01  
                                         1080     1600   
                                         AOSYM     SMH  

 PROGRAMS   *        TOTAL       INT
 CPU TIMES  *       566.95    566.77
 REAL TIME  *       642.84 SEC
 DISK USED  *       123.09 GB      
 GA USED    *         0.02 MB       (max)       0.00 MB       (current)
 **********************************************************************************************************************************


 PROGRAM * RHF-SCF (OPEN SHELL)       Authors: W. Meyer, H.-J. Werner


 NUMBER OF ELECTRONS:      32+   31-    SPACE SYMMETRY=1    SPIN SYMMETRY: Doublet 
 CONVERGENCE THRESHOLDS:    1.00E-05 (Density)    1.26E-07 (Energy)
 MAX. NUMBER OF ITERATIONS:       60
 INTERPOLATION TYPE:            DIIS
 INTERPOLATION STEPS:              2 (START)      1 (STEP)
 LEVEL SHIFTS:                 -0.60 (CLOSED) -0.30 (OPEN) 



 Orbital guess generated from atomic densities. Full valence occupancy:   32

 Molecular orbital dump at record        2100.2

 Initial alpha occupancy:  32
 Initial beta  occupancy:  31
 Wave function symmetry:    1

 ITERATION    DDIFF          GRAD             ENERGY        2-EL.EN.            DIPOLE MOMENTS         DIIS   ORB.
    1      0.000D+00      0.000D+00      -383.39695458   1059.387794    1.83802   -0.36328   -0.09781    0    start
    2      0.000D+00      0.233D-02      -383.50344631   1060.046977    1.56685   -0.01690    0.13901    1    diag,B
    3      0.597D-03      0.104D-02      -383.52516640   1059.769111    1.49989   -0.08603    0.07561    2    diag,B
    4      0.236D-03      0.440D-03      -383.53665780   1059.948642    1.35849   -0.02074    0.13357    3    diag,B
    5      0.219D-03      0.225D-03      -383.54109358   1059.955562    1.28380    0.00084    0.15061    4    diag,B
    6      0.145D-03      0.143D-03      -383.54455693   1059.986308    1.21427    0.02425    0.16945    5    diag,B
    7      0.134D-03      0.115D-03      -383.54788166   1060.014624    1.13759    0.04387    0.18498    6    fixocc
    8      0.162D-03      0.623D-04      -383.54883915   1060.068744    1.09752    0.05236    0.19194    7    diag,B
    9      0.903D-04      0.256D-04      -383.54891313   1060.090587    1.09104    0.05356    0.19339    8    diag,B
   10      0.315D-04      0.119D-04      -383.54891989   1060.083895    1.08836    0.05202    0.19230    9    orth
   11      0.139D-04      0.644D-05      -383.54892160   1060.087056    1.09169    0.05205    0.19245    9    diag,B
   12      0.112D-04      0.374D-05      -383.54892249   1060.084902    1.09105    0.05172    0.19219    9    diag,B
   13      0.413D-05      0.105D-05      -383.54892256   1060.085244    1.09147    0.05178    0.19223    9    diag,B
   14      0.144D-05      0.456D-06      -383.54892258   1060.085124    1.09140    0.05180    0.19223    0    orth

 Final alpha occupancy:  32
 Final beta  occupancy:  31

 !RHF STATE 1.1 Energy               -383.548922583825
 Nuclear energy                       397.74440818
 One-electron energy                -1311.33589285
 Two-electron energy                  530.04256209
 Virial quotient                       -0.99739665
 !RHF STATE 1.1 Dipole moment           1.09139768     0.05179520     0.19222712
 Dipole moment /Debye                   2.77387452     0.13164164     0.48856061

 Orbital energies:

         1.1          2.1          3.1          4.1          5.1          6.1          7.1          8.1          9.1         10.1
    -20.659579   -20.651129   -11.293888   -11.233694   -11.233098   -11.232012   -11.229837   -11.229630    -1.524044    -1.174396

        11.1         12.1         13.1         14.1         15.1         16.1         17.1         18.1         19.1         20.1
     -1.104925    -1.018831    -0.991722    -0.850811    -0.836644    -0.775330    -0.692107    -0.671190    -0.648337    -0.631685

        21.1         22.1         23.1         24.1         25.1         26.1         27.1         28.1         29.1         30.1
     -0.608210    -0.597334    -0.567916    -0.541730    -0.516478    -0.499457    -0.498155    -0.478489    -0.465729    -0.448928

        31.1         32.1         33.1         34.1
     -0.442176    -0.555721     0.133136     0.146843

 HOMO     32.1    -0.555721 =     -15.1219eV
 LUMO     33.1     0.133136 =       3.6228eV
 LUMO-HOMO         0.688857 =      18.7448eV


 **********************************************************************************************************************************
 DATASETS  * FILE   NREC   LENGTH (MB)   RECORD NAMES
              1      22       47.30       500      610      700      900      950      970     1000      129      960     1700   
                                          VAR    BASINP    GEOM    SYMINP    ZMAT    AOBASIS   BASIS     P2S    ABASIS    OPER   
                                         1101     1401     1411     1412     1650     1100     1400     1410     1200     1210   
                                          SR      EKINR    POTR     PVPR    MOLCAS      S      EKIN      POT      H0       H01  
                                         1080     1600   
                                         AOSYM     SMH  

              2       4       14.92       700     1000      520     2100   
                                         GEOM     BASIS   MCVARS     RHF  

 PROGRAMS   *        TOTAL       RHF       INT
 CPU TIMES  *      1006.70    439.74    566.77
 REAL TIME  *      1098.55 SEC
 DISK USED  *       124.07 GB      
 SF USED    *         1.68 MB      
 GA USED    *         0.02 MB       (max)       0.00 MB       (current)
 **********************************************************************************************************************************


 PROGRAM * CCSD (Unrestricted open-shell coupled cluster)     Authors: C. Hampel, H.-J. Werner, 1991, M. Deegan, P.J. Knowles, 1992


 Convergence thresholds:  THRVAR = 1.00D-08  THRDEN = 1.26D-06

 CCSD(T)     terms to be evaluated (factor= 1.000)


 Number of closed-shell orbitals:  31 (  31 )
 Number of active  orbitals:        1 (   1 )
 Number of external orbitals:     616 ( 616 )

 Memory could be reduced to 10979.38 Mwords without degradation in triples

 Number of N-1 electron functions:              63
 Number of N-2 electron functions:            1953
 Number of singly external CSFs:             38871
 Number of doubly external CSFs:         560268084
 Total number of CSFs:                   560306955

 Molecular orbitals read from record     2100.2  Type=RHF/CANONICAL (state 1.1)

 Integral transformation finished. Total CPU:1931.65 sec, npass=  1  Memory used:4856.60 MW

 Starting RMP2 calculation

 ITER.      SQ.NORM     CORR.ENERGY   TOTAL ENERGY   ENERGY CHANGE        DEN1      VAR(S)    VAR(P)  DIIS     TIME
   1      1.43102543    -1.90591463  -385.45483721    -1.90591463    -0.00510520  0.27D-04  0.18D-02  1  1  2130.11
   2      1.43543120    -1.91140102  -385.46032360    -0.00548639    -0.00000827  0.11D-05  0.30D-05  2  2  2314.13
   3      1.43554584    -1.91148082  -385.46040340    -0.00007980    -0.00000010  0.63D-07  0.15D-07  3  3  2782.65
   4      1.43554747    -1.91148003  -385.46040261     0.00000079    -0.00000000  0.19D-08  0.13D-09  4  4  2979.51

 Norm of t1 vector:      0.04641765      S-energy:    -0.00459887      T1 diagnostic:  0.00052904
 Norm of t2 vector:      0.65832581      P-energy:    -1.90688116
                                         Alpha-Beta:  -1.50457165
                                         Alpha-Alpha: -0.20617971
                                         Beta-Beta:   -0.19612981

 Spin contamination <S**2-Sz**2-Sz>     0.00091811
  Reference energy                   -383.548922583817
  RHF-RMP2 correlation energy          -1.911480030544
 !RHF-RMP2 energy                    -385.460402614360

 Starting UCCSD calculation

 ITER.      SQ.NORM     CORR.ENERGY   TOTAL ENERGY   ENERGY CHANGE        DEN1      VAR(S)    VAR(P)  DIIS     TIME
   1      1.44585168    -1.92582119  -385.47474378    -1.92582119    -0.04552925  0.88D-02  0.78D-02  0  0  9784.08
   2      1.48153232    -1.96628915  -385.51521173    -0.04046795    -0.00499728  0.70D-03  0.13D-02  1  1 16219.85
   3      1.49887347    -1.97378970  -385.52271228    -0.00750055    -0.00128856  0.92D-03  0.14D-03  2  2 22175.97
   4      1.51152679    -1.97930510  -385.52822768    -0.00551540    -0.00045973  0.36D-03  0.41D-04  3  3 28357.56
   5      1.52613992    -1.98175060  -385.53067318    -0.00244550    -0.00016070  0.15D-03  0.99D-05  4  4 34574.05
   6      1.53722997    -1.98256540  -385.53148799    -0.00081480    -0.00003724  0.23D-04  0.51D-05  5  5 40821.34
   7      1.54369151    -1.98312542  -385.53204800    -0.00056002    -0.00000503  0.25D-05  0.95D-06  6  6 46917.80
   8      1.54436537    -1.98319104  -385.53211363    -0.00006562    -0.00000104  0.45D-06  0.22D-06  6  1 52565.49
   9      1.54485231    -1.98322283  -385.53214542    -0.00003179    -0.00000026  0.12D-06  0.52D-07  6  3 58247.82
  10      1.54487863    -1.98323026  -385.53215284    -0.00000743    -0.00000004  0.21D-07  0.73D-08  6  2 64154.92
  11      1.54491148    -1.98322960  -385.53215218     0.00000066    -0.00000001  0.39D-08  0.20D-08  6  4 70702.64

 Norm of t1 vector:      0.23532416      S-energy:    -0.00508846      T1 diagnostic:  0.02036758
                                                                       D1 diagnostic:  0.14279372
 Norm of t2 vector:      0.69966708      P-energy:    -1.97814114
                                         Alpha-Beta:  -1.60397312
                                         Alpha-Alpha: -0.19053234
                                         Beta-Beta:   -0.18363567

 Singles amplitudes (print threshold =  0.500E-01):

         I         SYM. A    A   T(IA) [Beta-Beta]

        19         1         1     -0.07375178
        20         1         1     -0.07272270
        22         1         1     -0.08720551
        23         1         1      0.06917074
        25         1         1      0.06561352
        26         1         1     -0.07804492
        31         1         1     -0.05417653

 Spin contamination <S**2-Sz**2-Sz>     0.00117693

 Memory could be reduced to 11767.74 Mwords without degradation in triples


  Correlated core orbitals:             1.1       2.1       3.1       4.1       5.1       6.1       7.1       8.1
  Orbital energies:                   -20.6762  -20.6539  -11.2939  -11.2337  -11.2331  -11.2320  -11.2299  -11.2296

  UCCSD core-core energy               -0.295895490369
  UCCSD core-valence energy            -0.117001625874
  UCCSD valence correlation energy     -1.570332480268


 RESULTS
 =======

  Reference energy                   -383.548922583817
  UCCSD singles energy                 -0.005088460949
  UCCSD pair energy                    -1.978141135561
  UCCSD correlation energy             -1.983229596510
  Triples (T) contribution             -0.071998945995
  Total correlation energy             -2.055228542505

  RHF-UCCSD energy                   -385.532152180327
  RHF-UCCSD[T] energy                -385.608178284798
  RHF-UCCSD-T energy                 -385.603369110219
 !RHF-UCCSD(T) energy                -385.604151126322

 Program statistics:

 Available memory in ccsd:             24999991388
 Min. memory needed in ccsd:            1521323948
 Max. memory used in ccsd:              2251391389
 Max. memory used in cckext:            1665945027 (11 integral passes)
 Max. memory used in cckint:            4856602780 ( 1 integral passes)



 **********************************************************************************************************************************
 DATASETS  * FILE   NREC   LENGTH (MB)   RECORD NAMES
              1      22       47.30       500      610      700      900      950      970     1000      129      960     1700   
                                          VAR    BASINP    GEOM    SYMINP    ZMAT    AOBASIS   BASIS     P2S    ABASIS    OPER   
                                         1101     1401     1411     1412     1650     1100     1400     1410     1200     1210   
                                          SR      EKINR    POTR     PVPR    MOLCAS      S      EKIN      POT      H0       H01  
                                         1080     1600   
                                         AOSYM     SMH  

              2       4       14.92       700     1000      520     2100   
                                         GEOM     BASIS   MCVARS     RHF  

 PROGRAMS   *        TOTAL  UCCSD(T)       RHF       INT
 CPU TIMES  *    295859.78 294852.99    439.74    566.77
 REAL TIME  *    345390.43 SEC
 DISK USED  *       694.61 GB      
 SF USED    *       237.77 GB      
 GA USED    *         0.02 MB       (max)       0.00 MB       (current)
 **********************************************************************************************************************************

 UCCSD(T)/USERDEF energy=   -385.604151126322

        UCCSD(T)        RHF-SCF 
   -385.60415113   -383.54892258
 **********************************************************************************************************************************
 Molpro calculation terminated
 Variable memory released

 Fortran compiler diagnostic
 ***************************

 integer size                  8
 double precision size         8
 logical size                  8

 diagnostic completed successfully
