
 Primary working directories    : /scratch/saurabh/PBS_8053995.helios
 Secondary working directories  : /scratch/saurabh/PBS_8053995.helios
 Wavefunction directory         : /scratch/saurabh/PBS_8053995.helios/
 Main file repository           : /scratch/saurabh/PBS_8053995.helios/

 SHA1      : f6387f0c468d0184d0b38d85973bdb066f718752
 NAME      : 2015.1.44
 ARCHNAME  : linux/x86_64
 FC        : /opt/may/bin/gfortran
 BLASLIB   : -Wl,-_start-group /opt/intel/mkl/lib/intel64/libmkl_gf_ilp64.a /opt/intel/mkl/lib/intel64/libmkl_gnu_thread.a /opt/intel/mkl/lib/intel64/libmkl_core.a -Wl,-_end-group
 id        : ramakrishnan

 Nodes             nprocs
 hel09.tifrh.res.in    8

 Using DEFAULT tuning parameter for ncache   :   16384
 Using DEFAULT tuning parameter for mflopdgm :   10000
 Using DEFAULT tuning parameter for mflopdgv :    4000
 Using DEFAULT tuning parameter for mflopmxm :    5000
 Using DEFAULT tuning parameter for mflopmxv :    4000
 Using DEFAULT tuning parameter for mindgm   :       1
 Using DEFAULT tuning parameter for mindgc   :       4
 Using DEFAULT tuning parameter for mindgf   :    5000
 Using DEFAULT tuning parameter for mindgl   :       4
 Using DEFAULT tuning parameter for mindgr   :       1
 Using DEFAULT tuning parameter for mindgv   :      20
 Using DEFAULT tuning parameter for mincuda  :     500
 Using DEFAULT tuning parameter for mxmblk   :      64
 Using DEFAULT tuning parameter for mxmbln   :      64
 Using DEFAULT tuning parameter for nroll    :       2
 Using custom tuning parameter for ngpus     :       0
 Using customized tuning parameters: mindgm=1; mindgv=20; mindgc=4; mindgr=1; noblas=0; minvec=7
 default implementation of scratch files=sf  

 ***,Mol_04
 memory,25,g
 geometry={
 C  -0.987865  0.830017   -0.295546
 C  0.338182   1.513787   -0.029632
 C  1.547150   0.577683   -0.171576
 C  1.284886   -0.801403  0.436723
 C  0.132646   -1.506742  -0.286444
 C  -1.089957  -0.632089  -0.413301
 H  -1.903971  -1.044883  -1.004487
 O  -1.522839  0.034823   0.777730
 H  -0.139107  -2.431682  0.228912
 H  0.446924   -1.792508  -1.295933
 H  1.039678   -0.697354  1.495598
 H  2.183409   -1.417868  0.376827
 H  2.423439   1.038355   0.287912
 H  1.783634   0.453531   -1.233188
 H  0.299624   1.930038   0.980625
 H  0.442356   2.361959   -0.709699
 H  -1.743528  1.434301   -0.789754
  }
 basis={
                                                                            ! oxygen               (10s,5p,4d,2f) -&gt; [10s,5p,4d,2f]
 s, O , 0.1533000000E+05, 0.2299000000E+04, 0.5224000000E+03, 0.1473000000E+03, 0.4755000000E+02, 0.1676000000E+02, 0.6207000000E+01, 0.1752000000E+01, 0.6882000000E+00, 0.2384000000E+00
 c, 1.1, 0.1000000000E+01
 c, 2.2, 0.1000000000E+01
 c, 3.3, 0.1000000000E+01
 c, 4.4, 0.1000000000E+01
 c, 5.5, 0.1000000000E+01
 c, 6.6, 0.1000000000E+01
 c, 7.7, 0.1000000000E+01
 c, 8.8, 0.1000000000E+01
 c, 9.9, 0.1000000000E+01
 c, 10.10, 0.1000000000E+01
 p, O , 0.3446000000E+02, 0.7749000000E+01, 0.2280000000E+01, 0.7156000000E+00, 0.2140000000E+00
 c, 1.1, 0.1000000000E+01
 c, 2.2, 0.1000000000E+01
 c, 3.3, 0.1000000000E+01
 c, 4.4, 0.1000000000E+01
 c, 5.5, 0.1000000000E+01
 d, O , 0.2100000000E+02, 0.7000000000E+01, 0.2314000000E+01, 0.6450000000E+00
 c, 1.1, 0.1000000000E+01
 c, 2.2, 0.1000000000E+01
 c, 3.3, 0.1000000000E+01
 c, 4.4, 0.1000000000E+01
 f, O , 0.4300000000E+01, 0.1428000000E+01
 c, 1.1, 0.1000000000E+01
 c, 2.2, 0.1000000000E+01
                                                                                 ! hydrogen             (5s,2p,1d) -&gt; [5s,2p,1d]
 s, H , 0.3387000000E+02, 0.5095000000E+01, 0.1159000000E+01, 0.3258000000E+00, 0.1027000000E+00
 c, 1.1, 0.1000000000E+01
 c, 2.2, 0.1000000000E+01
 c, 3.3, 0.1000000000E+01
 c, 4.4, 0.1000000000E+01
 c, 5.5, 0.1000000000E+01
 p, H , 0.1407000000E+01, 0.3880000000E+00
 c, 1.1, 0.1000000000E+01
 c, 2.2, 0.1000000000E+01
 d, H , 0.1057000000E+01
 c, 1.1, 0.1000000000E+01
                                                                            ! carbon               (10s,5p,4d,2f) -&gt; [10s,5p,4d,2f]
 s, C , 0.8236000000E+04, 0.1235000000E+04, 0.2808000000E+03, 0.7927000000E+02, 0.2559000000E+02, 0.8997000000E+01, 0.3319000000E+01, 0.9059000000E+00, 0.3643000000E+00, 0.1285000000E+00
 c, 1.1, 0.1000000000E+01
 c, 2.2, 0.1000000000E+01
 c, 3.3, 0.1000000000E+01
 c, 4.4, 0.1000000000E+01
 c, 5.5, 0.1000000000E+01
 c, 6.6, 0.1000000000E+01
 c, 7.7, 0.1000000000E+01
 c, 8.8, 0.1000000000E+01
 c, 9.9, 0.1000000000E+01
 c, 10.10, 0.1000000000E+01
 p, C , 0.1871000000E+02, 0.4133000000E+01, 0.1200000000E+01, 0.3827000000E+00, 0.1209000000E+00
 c, 1.1, 0.1000000000E+01
 c, 2.2, 0.1000000000E+01
 c, 3.3, 0.1000000000E+01
 c, 4.4, 0.1000000000E+01
 c, 5.5, 0.1000000000E+01
 d, C , 0.1000000000E+02, 0.3300000000E+01, 0.1097000000E+01, 0.3180000000E+00
 c, 1.1, 0.1000000000E+01
 c, 2.2, 0.1000000000E+01
 c, 3.3, 0.1000000000E+01
 c, 4.4, 0.1000000000E+01
 f, C , 0.2300000000E+01, 0.7610000000E+00
 c, 1.1, 0.1000000000E+01
 c, 2.2, 0.1000000000E+01
 }
 hf;
 ccsd(t);
 

 Fortran compiler diagnostic
 ***************************

 integer size                  8
 double precision size         8
 logical size                  8

 diagnostic completed successfully

 Variables initialized (889), CPU time= 0.02 sec
 Commands  initialized (702), CPU time= 0.02 sec, 572 directives.
 Default parameters read. Elapsed time= 0.11 sec

 Using DEFAULT tuning parameter for mpplat   :       3
 Using DEFAULT tuning parameter for mppspeed :    1600
 Checking input...
 Passed
1


                                         ***  PROGRAM SYSTEM MOLPRO  ***
                                       Copyright, TTI GmbH Stuttgart, 2015
                                    Version 2015.1 linked Jun  9 2019 06:55:40


 **********************************************************************************************************************************
 LABEL *   Mol_04                                                                        
  64 bit mpp version                                                                     DATE: 07-Apr-22          TIME: 00:34:31  
 **********************************************************************************************************************************

 SHA1:             f6387f0c468d0184d0b38d85973bdb066f718752
 **********************************************************************************************************************************

Geometry recognized as XYZ


 Variable memory set to ********** words,  buffer space   230000 words

 SETTING BASIS          =    USERDEF


 Recomputing integrals since basis changed


 Using spherical harmonics



 PROGRAM * SEWARD (Integral evaluation for generally contracted gaussian basis sets)     Author: Roland Lindh, 1990

 Geometry written to block  1 of record 700


 Point group  C1  



 ATOMIC COORDINATES

 NR  ATOM    CHARGE       X              Y              Z

   1  C       6.00   -1.866794298    1.568504809   -0.558500997
   2  C       6.00    0.639071360    2.860642841   -0.055996365
   3  C       6.00    2.923689774    1.091662657   -0.324231650
   4  C       6.00    2.428082641   -1.514432185    0.825286862
   5  C       6.00    0.250664612   -2.847329720   -0.541300710
   6  C       6.00   -2.059720218   -1.194475096   -0.781025697
   7  H       1.00   -3.597983739   -1.974542702   -1.898205326
   8  O       8.00   -2.877748642    0.065805933    1.469696699
   9  H       1.00   -0.262874132   -4.595213002    0.432580987
  10  H       1.00    0.844563958   -3.387349196   -2.448958446
  11  H       1.00    1.964706678   -1.317808072    2.826270612
  12  H       1.00    4.126045028   -2.679382201    0.712099826
  13  H       1.00    4.579635990    1.962206570    0.544074828
  14  H       1.00    3.370579766    0.857049379   -2.330387580
  15  H       1.00    0.566207300    3.647243230    1.853112681
  16  H       1.00    0.835931690    4.463455627   -1.341136741
  17  H       1.00   -3.294790411    2.710436070   -1.492418766

 Bond lengths in Bohr (Angstrom)

  1- 2  2.863825116   1- 6  2.778631967   1- 8  2.719139292   1-17  2.053139621   2- 3  2.901848093
       ( 1.515470988)       ( 1.470388714)       ( 1.438906547)       ( 1.086474698)       ( 1.535591880)

  2-15  2.066094550   2-16  2.063818937   3- 4  2.891150215   3-13  2.062513203   3-14  2.068674859
       ( 1.093330152)       ( 1.092125949)       ( 1.529930807)       ( 1.091434984)       ( 1.094695592)

  4- 5  2.895742859   4-11  2.063326027   4-12  2.062279348   5- 6  2.850837515   5- 9  2.065735599
       ( 1.532361130)       ( 1.091865112)       ( 1.091311234)       ( 1.508598245)       ( 1.093140203)

  5-10  2.069660722   6- 7  2.054957531   6- 8  2.706146722
       ( 1.095217289)       ( 1.087436695)       ( 1.432031174)

 Bond angles

  1- 2- 3  113.42959232   1- 2-15  107.64107043   1- 2-16  108.94186258   1- 6- 5  120.89785963

  1-6-7  118.22768325   1-6-8   59.42235173   1-8-6   61.61550618   2-1-6  121.56442794

  2- 1- 8  116.34575885   2- 1-17  115.94128037   2- 3- 4  112.19670080   2- 3-13  109.62651103

  2- 3-14  109.19940559   3- 2-15  110.19801142   3- 2-16  109.92419664   3- 4- 5  110.86530364

  3- 4-11  109.76628518   3- 4-12  110.25679188   4- 3-13  110.53062707   4- 3-14  108.68617165

  4- 5- 6  112.47017395   4- 5- 9  110.72676346   4- 5-10  109.83535294   5- 4-11  109.43069975

  5- 4-12  109.46231335   5- 6- 7  115.61245775   5- 6- 8  116.42655859   6- 1- 8   58.96214209

  6- 1-17  117.92630009   6- 5- 9  109.19245653   6- 5-10  107.83787021   7- 6- 8  113.74483689

  8- 1-17  112.83449852   9- 5-10  106.56515828  11- 4-12  106.97537270  13- 3-14  106.42122186

 15- 2-16  106.44380858

 NUCLEAR CHARGE:                   54
 NUMBER OF PRIMITIVE AOS:         653
 NUMBER OF SYMMETRY AOS:          573
 NUMBER OF CONTRACTIONS:          573   ( 573A   )
 NUMBER OF CORE ORBITALS:           7   (   7A   )
 NUMBER OF VALENCE ORBITALS:       38   (  38A   )


 NUCLEAR REPULSION ENERGY  320.47941096


 Eigenvalues of metric

         1 0.132E-03 0.352E-03 0.445E-03 0.607E-03 0.681E-03 0.761E-03 0.840E-03 0.894E-03


 Contracted 2-electron integrals neglected if value below      1.0D-11
 AO integral compression algorithm  1   Integral accuracy      1.0D-11

     23004.971 MB (compressed) written to integral file ( 20.2%)

     Node minimum: 2561.933 MB, node maximum: 3076.784 MB


 NUMBER OF SORTED TWO-ELECTRON INTEGRALS: 1690278768.     BUFFER LENGTH:  32768
 NUMBER OF SEGMENTS:  53  SEGMENT LENGTH:   31996696      RECORD LENGTH: 524288

 Memory used in sort:      32.55 MW

 SORT1 READ 14238984992. AND WROTE   774132884. INTEGRALS IN   2241 RECORDS. CPU TIME:   220.48 SEC, REAL TIME:   230.99 SEC
 SORT2 READ  6186864441. AND WROTE 13522147926. INTEGRALS IN  78184 RECORDS. CPU TIME:    25.98 SEC, REAL TIME:    32.14 SEC

 Node minimum:  1690196544.  Node maximum:  1690340439. integrals

 OPERATOR DM      FOR CENTER  0  COORDINATES:    0.000000    0.000000    0.000000


 **********************************************************************************************************************************
 DATASETS  * FILE   NREC   LENGTH (MB)   RECORD NAMES
              1      18       32.16       500      610      700      900      950      970     1000      129      960     1100   
                                          VAR    BASINP    GEOM    SYMINP    ZMAT    AOBASIS   BASIS     P2S    ABASIS      S 
                                         1400     1410     1200     1210     1080     1600     1650     1700   
                                           T        V       H0       H01     AOSYM     SMH    MOLCAS    OPER   

 PROGRAMS   *        TOTAL       INT
 CPU TIMES  *       301.19    301.02
 REAL TIME  *       341.37 SEC
 DISK USED  *        96.52 GB      
 GA USED    *         0.01 MB       (max)       0.00 MB       (current)
 **********************************************************************************************************************************


 PROGRAM * RHF-SCF (CLOSED SHELL)       Authors: W. Meyer, H.-J. Werner


 NUMBER OF ELECTRONS:      27+   27-    SPACE SYMMETRY=1    SPIN SYMMETRY: Singlet 
 CONVERGENCE THRESHOLDS:    1.00E-05 (Density)    1.08E-07 (Energy)
 MAX. NUMBER OF ITERATIONS:       60
 INTERPOLATION TYPE:            DIIS
 INTERPOLATION STEPS:              2 (START)      1 (STEP)
 LEVEL SHIFTS:                  0.00 (CLOSED)  0.00 (OPEN) 



 Orbital guess generated from atomic densities. Full valence occupancy:   27

 Molecular orbital dump at record        2100.2

 Initial occupancy:  27

 ITERATION    DDIFF          GRAD             ENERGY        2-EL.EN.            DIPOLE MOMENTS         DIIS   ORB.
    1      0.000D+00      0.000D+00      -307.87479368    852.195907    0.66234    0.04473   -1.13362    0    start
    2      0.000D+00      0.217D-02      -307.95122880    847.856453    0.48243    0.01018   -0.46112    1    diag
    3      0.841D-03      0.105D-02      -307.96437754    850.006859    0.50059    0.03694   -0.80218    2    diag
    4      0.336D-03      0.363D-03      -307.96653728    849.645571    0.47615    0.03057   -0.70426    3    diag
    5      0.146D-03      0.869D-04      -307.96666730    849.543172    0.48692    0.03137   -0.72047    4    diag
    6      0.439D-04      0.249D-04      -307.96667958    849.574238    0.48375    0.03129   -0.71694    5    diag
    7      0.167D-04      0.487D-05      -307.96668018    849.559289    0.48409    0.03126   -0.71678    6    diag
    8      0.488D-05      0.129D-05      -307.96668022    849.563263    0.48424    0.03125   -0.71686    7    diag
    9      0.108D-05      0.429D-06      -307.96668023    849.561947    0.48421    0.03125   -0.71685    0    orth

 Final occupancy:  27

 !RHF STATE 1.1 Energy               -307.966680225869
 Nuclear energy                       320.47941096
 One-electron energy                -1053.22706445
 Two-electron energy                  424.78097326
 Virial quotient                       -1.00105991
 !RHF STATE 1.1 Dipole moment           0.48420696     0.03125296    -0.71684522
 Dipole moment /Debye                   1.23065073     0.07943189    -1.82191947

 Orbital energies:

         1.1          2.1          3.1          4.1          5.1          6.1          7.1          8.1          9.1         10.1
    -20.553313   -11.278321   -11.277393   -11.224644   -11.224341   -11.221575   -11.218228    -1.399856    -1.092928    -1.018077

        11.1         12.1         13.1         14.1         15.1         16.1         17.1         18.1         19.1         20.1
     -0.950830    -0.844448    -0.837158    -0.736200    -0.703941    -0.626143    -0.620066    -0.605833    -0.573992    -0.544982

        21.1         22.1         23.1         24.1         25.1         26.1         27.1         28.1         29.1
     -0.528469    -0.515962    -0.479388    -0.462787    -0.452893    -0.430711    -0.410080     0.136034     0.161774

 HOMO     27.1    -0.410080 =     -11.1588eV
 LUMO     28.1     0.136034 =       3.7017eV
 LUMO-HOMO         0.546114 =      14.8605eV


 **********************************************************************************************************************************
 DATASETS  * FILE   NREC   LENGTH (MB)   RECORD NAMES
              1      18       32.16       500      610      700      900      950      970     1000      129      960     1100   
                                          VAR    BASINP    GEOM    SYMINP    ZMAT    AOBASIS   BASIS     P2S    ABASIS      S 
                                         1400     1410     1200     1210     1080     1600     1650     1700   
                                           T        V       H0       H01     AOSYM     SMH    MOLCAS    OPER   

              2       4        9.68       700     1000      520     2100   
                                         GEOM     BASIS   MCVARS     RHF  

 PROGRAMS   *        TOTAL        HF       INT
 CPU TIMES  *       468.03    166.84    301.02
 REAL TIME  *       517.80 SEC
 DISK USED  *        97.02 GB      
 SF USED    *         1.32 MB      
 GA USED    *         0.01 MB       (max)       0.00 MB       (current)
 **********************************************************************************************************************************


 PROGRAM * CCSD (Closed-shell coupled cluster)     Authors: C. Hampel, H.-J. Werner, 1991, M. Deegan, P.J. Knowles, 1992


 Convergence thresholds:  THRVAR = 1.00D-08  THRDEN = 1.08D-06

 CCSD(T)     terms to be evaluated (factor= 1.000)


 Number of core orbitals:           7 (   7 )
 Number of closed-shell orbitals:  20 (  20 )
 Number of external orbitals:     546 ( 546 )

 Molecular orbitals read from record     2100.2  Type=RHF/CANONICAL (state 1.1)

 Number of N-1 electron functions:              20
 Number of N-2 electron functions:             210
 Number of singly external CSFs:             10920
 Number of doubly external CSFs:          59628660
 Total number of CSFs:                    59639581

 Length of J-op  integral file:               0.00 MB
 Length of K-op  integral file:              22.54 MB
 Length of 3-ext integral record:             0.00 MB

 Memory could be reduced to 3805.49 Mwords without degradation in triples

 Integral transformation finished. Total CPU: 840.71 sec, npass=  1  Memory used:2097.48 MW

 Reference energy:                   -307.96668023

 MP2 singlet pair energy:              -0.82962978
 MP2 triplet pair energy:              -0.45716567
 MP2 correlation energy:               -1.28679545
 MP2 total energy:                   -309.25347568

 SCS-MP2 correlation energy:           -1.28001437   (PS=  1.200000  PT=  0.333333)
 SCS-MP2 total energy:               -309.24669460

 ITER.      SQ.NORM     CORR.ENERGY   TOTAL ENERGY   ENERGY CHANGE        DEN1      VAR(S)    VAR(P)  DIIS     TIME  TIME/IT
   1      1.38619136    -1.32356563  -309.29024585    -0.03677018    -0.00227986  0.55D-02  0.65D-02  1  1  1171.40   329.93
   2      1.41090666    -1.32627098  -309.29295120    -0.00270535    -0.02930228  0.91D-04  0.83D-03  2  2  1513.42   367.98
   3      1.42070517    -1.32637545  -309.29305567    -0.00010447    -0.00650346  0.52D-04  0.45D-04  3  3  1862.49   377.12
   4      1.42314494    -1.32629619  -309.29297641     0.00007926    -0.00121260  0.24D-05  0.58D-05  4  4  2204.30   384.46
   5      1.42380439    -1.32633120  -309.29301143    -0.00003502    -0.00017755  0.86D-06  0.34D-06  5  5  2534.26   403.89
   6      1.42395644    -1.32632063  -309.29300086     0.00001057    -0.00004279  0.85D-07  0.43D-07  6  6  2894.27   401.22
   7      1.42398111    -1.32631755  -309.29299778     0.00000308    -0.00000163  0.21D-07  0.56D-08  6  2  3262.65   400.59
   8      1.42399013    -1.32631645  -309.29299667     0.00000111    -0.00000117  0.33D-08  0.11D-08  6  1  3635.87   399.85
   9      1.42399436    -1.32631610  -309.29299633     0.00000034    -0.00000025  0.42D-09  0.16D-09  6  3  4010.25   400.46
  10      1.42399494    -1.32631614  -309.29299637    -0.00000004     0.00000030  0.74D-10  0.25D-10  6  4  4424.06   404.13

 Norm of t1 vector:      0.09378827      S-energy:    -0.00000039      T1 diagnostic:  0.01048585
                                                                       D1 diagnostic:  0.02916337

   CPU time for triples:   2079.34 sec for i =  1 - 11 / 20 (~  18.1 % done)
   CPU time for triples:   1920.65 sec for i = 12 - 14 / 20 (~  35.9 % done)
   CPU time for triples:   2197.91 sec for i = 15 - 16 / 20 (~  52.6 % done)
   CPU time for triples:   2614.75 sec for i = 17 - 18 / 20 (~  73.8 % done)
   CPU time for triples:   2925.23 sec for i = 19 - 20 / 20 (  100.0 % done)

 Total CPU time for triples:  11764.40 sec


 RESULTS
 =======

  Reference energy                   -307.966680225874
  CCSD singlet pair energy             -0.910833318355
  CCSD triplet pair energy             -0.415482433436
  CCSD correlation energy              -1.326316143308

  Triples (T) contribution             -0.059016284772
  Total correlation energy             -1.385332428080

  CCSD total energy                  -309.292996369183
  CCSD[T] energy                     -309.353758276178
  CCSD-T energy                      -309.351226402066
 !CCSD(T) total energy               -309.352012653954

 Timing summary (sec):

 STEP                 CPU(USER)    SYS     CPU(TOT)    WALL
 Transformation        847.00     27.98    874.98    874.37
 CCSD iterations      3578.03    125.37   3703.40   4043.13
 Triples             11764.40    171.93  11936.33  12162.85

 Program statistics:

 Available memory in ccsd:             24999998300
 Min. memory needed in ccsd:             138237496
 Max. memory used in ccsd:               194400856
 Max. memory used in cckext:             140926818 (10 integral passes)



 **********************************************************************************************************************************
 DATASETS  * FILE   NREC   LENGTH (MB)   RECORD NAMES
              1      19    13910.85       500      610      700      900      950      970     1000      129      960     1100   
                                          VAR    BASINP    GEOM    SYMINP    ZMAT    AOBASIS   BASIS     P2S    ABASIS      S 
                                         1400     1410     1200     1210     1080     1600     1650     1700     1380   
                                           T        V       H0       H01     AOSYM     SMH    MOLCAS    OPER     JKOP   

              2       4        9.68       700     1000      520     2100   
                                         GEOM     BASIS   MCVARS     RHF  

 PROGRAMS   *        TOTAL   CCSD(T)        HF       INT
 CPU TIMES  *     16657.60  16189.48    166.84    301.02
 REAL TIME  *     17598.63 SEC
 DISK USED  *       116.90 GB      
 SF USED    *        18.99 GB      
 GA USED    *         0.01 MB       (max)       0.00 MB       (current)
 **********************************************************************************************************************************

 CCSD(T)/USERDEF energy=   -309.352012653954

        CCSD(T)         HF-SCF  
   -309.35201265   -307.96668023
 **********************************************************************************************************************************
 Molpro calculation terminated
 Variable memory released

 Fortran compiler diagnostic
 ***************************

 integer size                  8
 double precision size         8
 logical size                  8

 diagnostic completed successfully
